-- Time: 2024/04/11 13:51:30
-- Database: janusgraph_database509
-- Database version: composite
-- seed value: 1712812407033
CREATE (n0 {id : 0});
CREATE (n0 :L3{k17 : false, k19 : -1875945715, k18 : true, k20 : false, k22 : -583721130, id : 1, k21 : 1036996614});
CREATE (n0 {id : 2});
CREATE (n0 {id : 3});
MATCH (n0 {id : 1}), (n1 {id : 3}) MERGE(n0)-[r :T0{k29 : 'D', k31 : '2erE', k30 : false, k33 : '9q', id : 4, k32 : 'xZvZ2hci', k34 : false}]->(n1);
MATCH (n0 {id : 2}), (n1 {id : 2}) MERGE(n0)-[r :T5{k60 : true, k62 : -1774917363, k63 : 1482773515, id : 5, k59 : 'KaQ'}]->(n1);
MATCH (n0 {id : 1}), (n1 {id : 1}) MERGE(n0)-[r :T1{k39 : 'Q', k38 : 2143011123, k40 : false, k41 : 451664018, id : 6, k35 : 'uVSkx7', k37 : -850248339, k36 : -757083840}]->(n1);
MATCH (n0 {id : 1}), (n1 {id : 0}) MERGE(n0)-[r :T6{k70 : -1669528518, k64 : '0EvK1v3DO', k66 : 1909923198, id : 7, k65 : 'ig', k68 : true, k67 : -961320784, k69 : 'q'}]->(n1);
MATCH (n0 {id : 0}), (n1 {id : 0}) MERGE(n0)-[r :T5{k60 : true, k62 : -1355723000, k61 : 'D', k63 : -2051786588, id : 8, k59 : 'KaQ'}]->(n1);
MATCH (n0 {id : 2}), (n1 {id : 1}) MERGE(n0)-[r :T5{k60 : true, k61 : 'T', k63 : 731728934, id : 9, k59 : 'JJ'}]->(n1);
MATCH (n0 {id : 1}), (n1 {id : 0}) MERGE(n0)-[r :T1{k39 : 'hX4V', k38 : -107039271, k40 : true, k41 : 522379094, id : 10, k35 : 'v', k37 : -220097223, k36 : 331354092}]->(n1);
WITH * UNWIND reverse(relationships(NULL)) AS a0 CREATE (n3{k21:CASE WHEN true THEN NULL END, id:11})<-[ :T5{id:12}]-({id:13})-[r0 :T5{k61:('HeOEtbhMo'+(type(relationships(NULL)[toIntegerOrNull(abs(1473142473))])+(toStringList([])[toIntegerOrNull(abs(205325633))]+'d'))), id:14}]->({id:15}) RETURN DISTINCT a0 AS a1 ORDER BY 'G', a1 SKIP 1 LIMIT 0;
WITH * UNWIND 1 as l0 UNWIND reverse ( (relationships ( NULL ) +[]) ) AS a0 WITH * CREATE ( n3 { k21 : CASE WHEN true THEN NULL END , id : 11 } ) < - [ : T5 { id : 12 } ] - ( { id : 13 } ) - [ r0 : T5 { k61 : ( 'HeOEtbhMo' + ( (''+type ( relationships ( NULL ) [ toIntegerOrNull ( abs ( 1473142473 ) ) ] ) )+ ( toStringList ( [ ] ) [ toIntegerOrNull ( abs ( 205325633 ) ) ] + 'd' ) ) ) , id : 14 } ] - > ( { id : 15 } ) RETURN DISTINCT a0 AS a1 ORDER BY 'G', a1 SKIP 1 LIMIT 0 ;
MATCH (a) RETURN count(a);
MATCH (b)-[a]->(c) RETURN count(a);
MATCH (b)-[a]->(c) RETURN count(a);
OPTIONAL MATCH ({k17:('F' >= reverse(NULL))}), (n0{k17:false}) DETACH DELETE n0  MERGE (n1{id:16})-[r0 :T1{k40:true, id:17}]-(n2 :L3{id:18}) RETURN 1 AS a0, (n2.k21) AS a1;
OPTIONAL MATCH ( { k17 : ( 'F' >= reverse ( NULL ) ) } ) ,( n0 { k17 : false } ) DETACH DELETE CASE WHEN FALSE THEN NULL ELSE n0 END MERGE ( n1 { id : 16 } ) - [ r0 : T1 { k40 : true , id : CASE WHEN TRUE THEN 17 END } ] - ( n2 : L3 { id : 18 } ) RETURN 1 AS a0 , ( n2 . k21 ) AS a1 ;
MATCH (a) RETURN count(a);
MATCH (a) RETURN count(a);
MATCH (b)-[a]->(c) RETURN count(a);
MATCH (b)-[a]->(c) RETURN count(a);
MATCH (n0 :L3)-[r0]->(n1) MATCH (n2)-[]-() WHERE (n0.k18) SET n2.k=NULL RETURN *;
MATCH ( n0 : L3 ) - [ r0 ] - > ( n1 ) MATCH ( n2 ) - [ ] - ( ) WHERE ( n0 . k18 ) WITH * SET n2 . k = NULL RETURN * ;
