-- Time: 2024/04/11 13:52:23
-- Database: janusgraph_database521
-- Database version: composite
-- seed value: 1712812407045
CREATE (n0 :L2{k17 : 'f6', k16 : 'F0kEKAXea', k19 : 180694290, k18 : false, k20 : true, id : 0, k15 : -1916090888});
CREATE (n0 :L2{k17 : 'Kvagmi943', k16 : 'JaZK1v', id : 1, k15 : -1452453946, k14 : 'U5'});
CREATE (n0 :L1{k11 : -1213341650, id : 2, k10 : 'ZA', k13 : 79491308, k8 : 890300348, k9 : 610808833});
CREATE (n0 {id : 3});
MATCH (n0 {id : 2}), (n1 {id : 2}) MERGE(n0)-[r :T0{k38 : 'RB', k33 : false, id : 4, k32 : true, k35 : false, k34 : 1751381618, k37 : 'S', k36 : -643749752}]->(n1);
MATCH (n0 {id : 2}), (n1 {id : 3}) MERGE(n0)-[r :T0{k38 : 'k', k33 : true, id : 5, k32 : true, k35 : false, k34 : 859155509, k37 : 'V7as', k36 : -836136444}]->(n1);
MATCH (n0 {id : 1}), (n1 {id : 0}) MERGE(n0)-[r :T2{k50 : 329300470, id : 6, k46 : true, k48 : 'F', k47 : -1603592108}]->(n1);
MATCH (n0 {id : 1}), (n1 {id : 0}) MERGE(n0)-[r :T3{k51 : false, k53 : 808493971, k52 : true, k55 : 938321516, id : 7, k54 : true, k57 : true, k56 : 1060342801}]->(n1);
MATCH (n0 {id : 1}), (n1 {id : 2}) MERGE(n0)-[r :T4{k60 : false, k62 : -1822528518, k61 : true, k64 : 'm', k63 : 'sN', id : 8, k59 : 1410031848, k58 : 'c4Z'}]->(n1);
MATCH (n0 {id : 0}), (n1 {id : 1}) MERGE(n0)-[r :T2{k49 : 'gUnkxvw', k50 : -1639277815, id : 9, k46 : false, k45 : false, k48 : 'JjH2', k47 : 146835779}]->(n1);
MATCH () WHERE NULL CREATE (n0{id:10})-[r0 :T4{k63:NULL, id:11}]->(n1{id:12})-[ :T0{id:13}]->({id:14}) MERGE ( :L2{id:15})-[r1 :T3{id:16}]->(n2{id:17}) RETURN n2 AS a0;
MATCH () WITH * WHERE NULL CREATE ( n0 { id : 10 } ) - [ r0 : T4 { k63 : NULL , id : 11 } ] - > ( n1 { id : 12 } ) - [ : T0 { id : 13 } ] - > ( { id : 14 } ) WITH * OPTIONAL MATCH ()-[:TYPE]-() MERGE pp0=( : L2 { id : 15 } ) - [ r1 : T3 { id : 16 } ] - > ( n2 { id : 17 } ) WITH * UNWIND 1 as l0 RETURN DISTINCT n2 AS a0 ;
MATCH (a) RETURN count(a);
MATCH (b)-[a]->(c) RETURN count(a);
MATCH (b)-[a]->(c) RETURN count(a);
MATCH (n0)-[r0 :T0{k33:NULL}]-(n1) MATCH (n2)-[*0..0]-( :L2) CREATE ({id:18})<-[r1 :T0{id:19}]-(n3{id:20}) RETURN n1 AS a0, (r0.k34) AS a1;
MATCH ( n0 ) - [ r0 : T0 { k33 : NULL } ] - ( n1 ) WITH * WHERE TRUE MATCH (n2),()<-[*0..0]-(),(nn0:L2) WHERE exists((n2)-[*0..0]-(nn0)) UNWIND 1 as l0 CREATE ( { id : 18 } ) < - [ r1 : T0 { id : 19 } ] - ( n3 { id : 20 } ) WITH * RETURN DISTINCT n1 AS a0 , ( r0 . k34 ) AS a1 ;
