-- Time: 2024/04/11 14:00:23
-- Database: janusgraph_database629
-- Database version: composite
-- seed value: 1712812407153
CREATE (n0 :L3{k17 : 'Dx0', k19 : true, k18 : 3158140, k20 : -2018930051, k22 : '32m', id : 0, k21 : 'VR6m'});
CREATE (n0 :L4{k28 : -1937377668, k27 : false, id : 1, k24 : -2064250519, k23 : 2100125670, k26 : false, k25 : -288513532});
CREATE (n0 :L4{k28 : -1103393331, k27 : true, id : 2, k24 : -2046533235, k23 : 2100125670, k26 : false, k25 : -1083715735});
CREATE (n0 :L0{k0 : 'e7aGvAgP', k1 : 'by', k2 : 479293867, k3 : 'U', k4 : false, id : 3});
MATCH (n0 {id : 1}), (n1 {id : 3}) MERGE(n0)-[r :T1{k39 : -1874042219, k38 : true, k40 : 'kvshivVbR', k42 : true, k41 : false, id : 4, k37 : 'NS187C', k36 : -1041554904}]->(n1);
MATCH (n0 {id : 3}), (n1 {id : 1}) MERGE(n0)-[r :T0{k29 : -446609963, k31 : 'wI', k30 : -1068842163, k33 : true, id : 5, k32 : 258777824, k35 : false, k34 : 'OY2z'}]->(n1);
MATCH (n0 {id : 2}), (n1 {id : 2}) MERGE(n0)-[r :T2{k44 : 795766365, id : 6, k46 : -1019723870, k48 : -558935099, k47 : false}]->(n1);
MATCH (n0 {id : 2}), (n1 {id : 3}) MERGE(n0)-[r :T4{k60 : true, k62 : -40700475, k61 : true, id : 7, k57 : -1155714091, k56 : false, k59 : 1957478173, k58 : true}]->(n1);
MATCH (n0 {id : 0}), (n1 {id : 2}) MERGE(n0)-[r :T0{k29 : 1069133719, k31 : '1', k30 : -1068842163, k33 : false, id : 8, k32 : -902208523, k35 : true, k34 : 'gRl79'}]->(n1);
CREATE ({k1:'w', id:9})<-[r0 :T1{id:10}]-({id:11})<-[r1 :T0{k31:reverse(type(relationships(NULL)[toIntegerOrNull(abs(956549975))])), id:12}]-( :L0{id:13}) CREATE ( :L0{id:14})<-[r2 :T4{id:15}]-( :L4{id:16})<-[r3 :T0{id:17}]-({k21:'WEj', id:18}), p0=({k19:false, id:19}) CREATE (n0{id:20})<-[ :T4{id:21}]-(n1{id:22}) RETURN 1 AS a0;
CREATE ( { k1 : 'w' , id : 9 } ) < - [ r0 : T1 { id : 10 } ] - ( { id : 11 } ) < - [ r1 : T0 { k31 : reverse ( type ( relationships ( CASE WHEN TRUE THEN NULL END ) [ toIntegerOrNull ( abs ( CASE WHEN FALSE THEN NULL ELSE 956549975 END ) ) ] ) ) , id : 12 } ] - ( : L0 { id : 13 } ) WITH * OPTIONAL MATCH ()-[:TYPE]-() CREATE ( : L0 { id : 14 } ) < - [ r2 : T4 { id : 15 } ] - ( : L4 { id : 16 } ) < - [ r3 : T0 { id : 17 } ] - ( { k21 : 'WEj' , id : 18 } ) CREATE p0 = ( { k19 : false , id : 19 } ) CREATE ( n0 { id : 20 } ) < - [ : T4 { id : 21 } ] - ( n1 { id : 22 } ) WITH * RETURN 1 AS a0 ORDER BY NULL ;
MATCH (a) RETURN count(a);
MATCH (b)-[a]->(c) RETURN count(a);
MATCH (b)-[a]->(c) RETURN count(a);
MERGE (n0{id:23})<-[r0 :T1{k39:1694645464, id:24}]-(n1{id:25}) MERGE (n2{id:26})<-[r1 :T0{k31:'Slj', id:27}]-(n3{id:28}) SET n0.k=substring('N', toIntegerOrNull(abs((r1.k29))), toIntegerOrNull(abs((r0.k36)))) RETURN n3 AS a0;
MERGE ( n0 { id : 23 } ) < - [ r0 : T1 { k39 : 1694645464 , id : 24 } ] - ( n1 { id : 25 } ) WITH * OPTIONAL MATCH ()-[:TYPE]-() MERGE pp0=( n2 { id : 26 } ) < - [ r1 : T0 { k31 : 'Slj' , id : 27 } ] - ( n3 { id : 28 } ) SET n0 . k = substring ( 'N' , toIntegerOrNull ( CASE WHEN TRUE THEN abs ( ( r1 . k29 ) ) END ) , toIntegerOrNull ( CASE WHEN TRUE THEN abs ( ( r0 . k36 ) ) END ) ) WITH * UNWIND [1] as l0 RETURN n3 AS a0 ;
MATCH (a) RETURN count(a);
MATCH (a) RETURN count(a);
MATCH (b)-[a]->(c) RETURN count(a);
MATCH (b)-[a]->(c) RETURN count(a);
MATCH p0=(n0)-[ :T4{k60:(NULL AND true)}]-()-[]->(n1), (n2{k24:(-1072235233--2037014723)})-[r0 :T2{k44:-1319740372}]-( :L4)<-[r1]-(n3) WHERE ((r0.k47) OR false) MATCH p1=(), ()-[r2]-(n4 :L0) SET n1.k=816351658 RETURN r0 AS a0;
MATCH p0 = ( n0 ) - [ : T4 { k60 : ( NULL AND true ) } ] - ( ) - [ ] - > ( n1 ) ,( n2 { k24 : ( -1072235233 - -2037014723 ) } ) - [ r0 : T2 { k44 : -1319740372 } ] - ( : L4 ) < - [ r1 ] - ( n3 ) WITH * WHERE ( ( CASE WHEN TRUE THEN r0 . k47 END ) OR false ) MATCH p1 = ()-[*0..0]-( ) ,()-[*0..0]-( ) - [ r2 ] - ( n4 : L0 ) SET n1 . k = CASE WHEN TRUE THEN 816351658 END RETURN r0 AS a0 ;
