-- Time: 2024/04/11 13:35:13
-- Database: janusgraph_database289
-- Database version: composite
-- seed value: 1712812406812
CREATE (n0 :L3{k17 : false, k19 : 'HY9', k18 : 'vKSxJ', k20 : 1062072462, k22 : true, id : 0, k21 : false, k23 : -361416525});
CREATE (n0 :L3{k17 : true, k19 : 'w', k18 : 'Jg2x3ecJ', k20 : -417571741, k22 : false, id : 1, k21 : false, k23 : -1353116911});
CREATE (n0 :L2{id : 2, k13 : 2080996156, k12 : 338615945, k15 : 'v', k14 : false});
CREATE (n0 :L3{k17 : true, k19 : 'Z', k18 : '1', k20 : 1230776625, k22 : false, id : 3, k21 : false, k23 : 1269224443});
MATCH (n0 {id : 3}), (n1 {id : 1}) MERGE(n0)-[r :T1{k39 : 'O', k38 : 'X', k40 : true, k41 : 220858282, id : 4, k37 : -1700605126, k36 : 'l57'}]->(n1);
MATCH (n0 {id : 1}), (n1 {id : 1}) MERGE(n0)-[r :T5{k60 : 637181226, k62 : true, k61 : 1056461299, k64 : -954867578, k63 : 1976142720, id : 5, k65 : -1932059233}]->(n1);
MATCH (n0 {id : 1}), (n1 {id : 0}) MERGE(n0)-[r :T2{k42 : 932274949, k44 : 'R', id : 6, k46 : 1582301396, k45 : -1656262787}]->(n1);
WITH 'wLv' AS a3 ORDER BY startNode(NULL), a3 MATCH ()-[]-(n5{k23:length(NULL)}), (n6 :L3)-[]->() WHERE true DETACH DELETE n5  RETURN DISTINCT 1 AS a4, (n6.k23) AS a5;
WITH ('wLv' +'') AS a3 ORDER BY startNode ( NULL ) , a3 MATCH ( ) - [ ] - ( n5 { k23 : length ( CASE WHEN TRUE THEN NULL END ) } ) ,( n6 : L3 ) - [ ] - > ( ) WHERE true DETACH DELETE n5 WITH * RETURN DISTINCT 1 AS a4 , ( n6 . k23 ) AS a5 SKIP 1 ;
MATCH (a) RETURN count(a);
MATCH (b)-[a]->(c) RETURN count(a);
MATCH (b)-[a]->(c) RETURN count(a);
MATCH (n0)-[]->(n1)-[ :T2{k45:round(-1952180751)}]->(n2), ({k23:NULL})-[*0..]-(n0) CREATE ( :L3{id:7})-[r0 :T5{id:8}]->(n3{id:9}) DETACH DELETE n2  RETURN 1 AS a0;
MATCH (n0)-[]->(n1)-[ :T2{k45:round(-1952180751)}]->(n2),(nn0),()<-[*0..]-(),(n0) WITH * WHERE exists((nn0{k23:NULL})-[*0..]-(n0)) UNWIND [NULL] as l0 CREATE ( : L3 { id : 7 } ) - [ r0 : T5 { id : 8 } ] - > ( n3 { id : 9 } ) WITH * CALL{WITH *DETACH DELETE n2 } WITH * RETURN 1 AS a0 ;
MATCH (a) RETURN count(a);
MATCH (a) RETURN count(a);
MATCH (b)-[a]->(c) RETURN count(a);
MATCH (b)-[a]->(c) RETURN count(a);
OPTIONAL MATCH (), () WHERE false CREATE (n0{id:10}), p0=({k16:-1198923942, id:11}) MERGE ({id:12})-[r0 :T2{id:13}]-(n1{id:14}) RETURN DISTINCT 1 AS a3, r0 AS a4;
OPTIONAL MATCH ()-[*0..0]-( ) ,( ) WHERE false CREATE ( n0 { id : CASE WHEN FALSE THEN NULL ELSE 10 END } ) CREATE p0 = ( { k16 : -1198923942 , id : 11 } ) MERGE ( { id : 12 } ) - [ r0 : T2 { id : 13 } ] - ( n1 { id : 14 } ) WITH * RETURN DISTINCT 1 AS a3 , r0 AS a4 ;
MATCH (a) RETURN count(a);
MATCH (a) RETURN count(a);
MATCH (b)-[a]->(c) RETURN count(a);
MATCH (b)-[a]->(c) RETURN count(a);
CREATE ({id:15}), (n0 :L2{k13:-1310340079, id:16}) MERGE ( :L2{k13:87612030, id:17}) MERGE p0=(n1{k12:-872048570, id:18}) RETURN DISTINCT * ORDER BY labels(nodes(CASE WHEN false THEN NULL END)[toIntegerOrNull(abs(1155718255))]) DESC;
CREATE ( { id : 15 } ) CREATE ( n0 : L2 { k13 : -1310340079 , id : 16 } ) MERGE ( : L2 { k13 : 87612030 , id : 17 } ) WITH * UNWIND 1 as l0 MERGE p0 = ( n1 { k12 : -872048570 , id : 18 } ) RETURN DISTINCT * ORDER BY labels(nodes(CASE WHEN false THEN NULL END)[toIntegerOrNull(abs(1155718255))]) DESC ;
MATCH (a) RETURN count(a);
MATCH (a) RETURN count(a);
MATCH (b)-[a]->(c) RETURN count(a);
MATCH (b)-[a]->(c) RETURN count(a);
OPTIONAL MATCH ( :L2), () UNWIND NULL AS a0 CREATE ( :L2{k13:NULL, id:19}), (n0{id:20}) RETURN 1 AS a1;
OPTIONAL MATCH ( : L2 ) ,( ) UNWIND NULL AS a0 WITH * CREATE ( : L2 { k13 : NULL , id : 19 } ) CREATE ( n0 { id : 20 } ) RETURN 1 AS a1 ;
