-- Time: 2024/04/11 14:35:58
-- Database: janusgraph_database1109
-- Database version: composite
-- seed value: 1712812407634
CREATE (n0 :L3{k19 : true, k20 : false, id : 0, k21 : 'T', k24 : false, k23 : false});
CREATE (n0 :L3{k19 : true, k20 : false, k22 : '27uMfBg', id : 1, k21 : '1', k24 : true, k23 : false});
CREATE (n0 :L0{k0 : true, k1 : false, k2 : -2096562016, k4 : false, k5 : 'ILp', id : 2});
CREATE (n0 :L1{k11 : '1S', id : 3, k10 : 903367363, k7 : 1342935640});
MATCH (n0 {id : 3}), (n1 {id : 1}) MERGE(n0)-[r :T4{k60 : true, k62 : 213811068, k64 : -318485520, k63 : 534591273, id : 4, k65 : 'YAVf'}]->(n1);
MATCH (n0 {id : 3}), (n1 {id : 2}) MERGE(n0)-[r :T4{k60 : true, k62 : 942389303, k61 : true, k64 : -318485520, k63 : 1000871907, k66 : -1240692240, id : 5, k65 : 'YkGvlNY'}]->(n1);
MATCH (n0 {id : 2}), (n1 {id : 3}) MERGE(n0)-[r :T0{k38 : false, id : 6, k35 : '5HSQ', k37 : 'C1P'}]->(n1);
MERGE ({id:7})<-[r0 :T0{id:8}]-(n0 :L1{id:9}) MERGE (n1{id:10})-[r1 :T4{k64:-169904163, id:11}]-({k9:1073908500, id:12})-[r2 :T4{id:13}]-(n2{id:14}) REMOVE n1.k2 RETURN (n0.k7) AS a0;
MERGE ( { id : 7 } ) < - [ r0 : T0 { id : 8 } ] - ( n0 : L1 { id : 9 } ) WITH * MERGE ( n1 { id : 10 } ) - [ r1 : T4 { k64 : -169904163 , id : 11 } ] - ( { k9 : 1073908500 , id : 12 } ) - [ r2 : T4 { id : CASE WHEN TRUE THEN 13 END } ] - ( n2 { id : 14 } ) WITH * WITH * CALL{WITH *REMOVE n1 . k2 } WITH * UNWIND 1 as l0 RETURN CASE WHEN FALSE THEN NULL ELSE ( n0 . k7 ) END AS a0 ;
MATCH (a) RETURN count(a);
MATCH (b)-[a]->(c) RETURN count(a);
MATCH (b)-[a]->(c) RETURN count(a);
WITH relationships(NULL)[toIntegerOrNull(abs((-1434000406/1728789221)))] AS a1 OPTIONAL MATCH (n3)-[r1]-() REMOVE n3.k2 RETURN ('OMMj'+NULL) AS a2;
WITH relationships ( NULL ) [ toIntegerOrNull ( abs ( ( -1434000406 / 1728789221 ) ) ) ] AS a1 WHERE TRUE OPTIONAL MATCH (n3),()<-[r1]-(),(nn0) WHERE exists((n3)-[r1]-(nn0)) REMOVE n3 . k2 WITH * RETURN CASE WHEN TRUE THEN ( (''+'OMMj' )+ NULL ) END AS a2 SKIP 1 ;
MATCH (a) RETURN count(a);
MATCH (a) RETURN count(a);
MATCH (b)-[a]->(c) RETURN count(a);
MATCH (b)-[a]->(c) RETURN count(a);
MATCH ()<-[r0]-(n0), ( :L1) SET n0.k=-1990386313 REMOVE n0.k2 RETURN r0 AS a0;
MATCH (nn0),()<-[r0]-(),(n0),( :L1) WHERE exists((nn0)<-[r0]-(n0)) SET n0 . k = -1990386313 REMOVE n0 . k2 RETURN r0 AS a0 ;
