-- Time: 2024/04/11 14:21:03
-- Database: janusgraph_database908
-- Database version: composite
-- seed value: 1712812407433
CREATE (n0 :L4{k28 : false, k27 : false, id : 0, k24 : true, k25 : 951456554});
CREATE (n0 :L3{k19 : 504069073, k18 : 'J', k20 : -899360147, id : 1, k21 : false});
CREATE (n0 :L0{k0 : 'WZ', k1 : 'a', k2 : 'ELUNQ5qCB', k3 : true, k4 : '8', id : 2});
CREATE (n0 :L2{k17 : 'lCWuN', k11 : 'Rq', id : 3, k13 : 'FSt', k12 : 1313392593, k15 : -1497813551});
MATCH (n0 {id : 0}), (n1 {id : 2}) MERGE(n0)-[r :T2{k55 : -2108237108, id : 4, k57 : false, k56 : '9', k59 : 'GXXFNY', k58 : false}]->(n1);
MATCH (n0 {id : 1}), (n1 {id : 0}) MERGE(n0)-[r :T1{k49 : 1593558596, k51 : true, k50 : -1102029369, k53 : 'Zy', k52 : 738844997, id : 5}]->(n1);
MATCH (n0 {id : 2}), (n1 {id : 1}) MERGE(n0)-[r :T3{k60 : -220563772, k62 : '5', k61 : 363216488, k64 : true, k63 : 1199203858, k66 : 840818215, id : 6, k65 : 'gf4'}]->(n1);
MATCH (n0 {id : 2}), (n1 {id : 3}) MERGE(n0)-[r :T1{k49 : 636386078, k51 : true, k50 : 1856287368, k53 : 'H0Poq', k52 : -1857193175, id : 7, k54 : -1210672099}]->(n1);
CREATE (n5{id:8})<-[r2 :T1{k50:85221253, id:9}]-({k1:'e', id:10}) MERGE ( :L4{k26:1543612652, id:11}) CREATE ({k15:-1561739989, id:12}) RETURN DISTINCT 1 AS a1, 1 AS a2;
CREATE (n5{ id : 8 } )CREATE (n5)< - [ r2 : T1 { k50 : 85221253 , id : 9 } ] - ( { k1 : 'e' , id : 10 } ) MERGE ( : L4 { k26 : 1543612652 , id : 11 } ) WITH * CREATE ( { k15 : -1561739989 , id : 12 } ) WITH * RETURN DISTINCT 1 AS a1 , 1 AS a2 ;
MATCH (a) RETURN count(a);
MATCH (b)-[a]->(c) RETURN count(a);
MATCH (b)-[a]->(c) RETURN count(a);
UNWIND toStringList(NULL) AS a0 CREATE ({id:13})-[r0 :T2{id:14}]->( :L0{id:15})-[ :T3{id:16}]->(n0{id:17}), ({id:18})<-[r1 :T2{k55:1280124561, id:19}]-({id:20}) MERGE ( :L3{id:21})<-[r2 :T3{id:22}]-({k1:'3I', id:23})-[r3 :T2{id:24}]-(n1{id:25}) RETURN a0 AS a1, {k1: NULL, k2: false} AS a2;
UNWIND toStringList ( NULL ) AS a0 CREATE ( { id : 13 } ) - [ r0 : T2 { id : 14 } ] - > ( : L0 { id : 15 } ) - [ : T3 { id : 16 } ] - > ( n0 { id : 17 } ) CREATE ( { id : 18 } ) < - [ r1 : T2 { k55 : 1280124561 , id : 19 } ] - ( { id : 20 } ) WITH * OPTIONAL MATCH ()-[:TYPE]-() MERGE ( : L3 { id : 21 } ) < - [ r2 : T3 { id : 22 } ] - ( { k1 : ('3I' +'') , id : 23 } ) - [ r3 : T2 { id : 24 } ] - ( n1 { id : 25 } ) RETURN DISTINCT a0 AS a1 , { k1 : NULL , k2 : false } AS a2 SKIP 1 LIMIT 1 ;
MATCH (a) RETURN count(a);
MATCH (a) RETURN count(a);
MATCH (b)-[a]->(c) RETURN count(a);
MATCH (b)-[a]->(c) RETURN count(a);
CREATE (n0 :L0{k3:true, id:26})<-[r0 :T2{id:27}]-(n1 :L4{id:28})<-[ :T1{id:29}]-(n2{id:30}) MERGE ({id:31})-[r1 :T2{id:32}]-(n3{id:33})-[r2 :T1{id:34}]-(n4{id:35}) DETACH DELETE r2  RETURN 1 AS a0, 1 AS a1;
CREATE ( n0 : L0 { k3 : true , id : 26 } ) < - [ r0 : T2 { id : 27 } ] - ( n1 : L4 { id : 28 } ) < - [ : T1 { id : 29 } ] - ( n2 { id : 30 } ) MERGE ( { id : 31 } ) - [ r1 : T2 { id : 32 } ] - ( n3 { id : 33 } ) - [ r2 : T1 { id : 34 } ] - ( n4 { id : 35 } ) DETACH DELETE r2 WITH * OPTIONAL MATCH ()-[:TYPE]-() RETURN 1 AS a0 , 1 AS a1 ;
