-- Time: 2024/04/11 14:21:21
-- Database: janusgraph_database912
-- Database version: composite
-- seed value: 1712812407437
CREATE (n0 :L2{k17 : 'K', id : 0, k13 : -735024626, k15 : -650742575, k14 : 'RSPB78'});
CREATE (n0 :L0{k0 : -455363058, k1 : -341296240, k2 : -1652319431, k3 : true, k4 : false, k5 : 'nw', id : 1});
CREATE (n0 {id : 2});
CREATE (n0 :L3{k19 : 1646465694, k18 : 'M', k20 : true, k22 : -517884554, id : 3, k21 : 'ShZzdW4B3'});
MATCH (n0 {id : 2}), (n1 {id : 3}) MERGE(n0)-[r :T3{k55 : -796892427, id : 4, k54 : true, k56 : '5SHS', k59 : 'Bhe9B9', k58 : 'C8'}]->(n1);
MATCH (n0 {id : 2}), (n1 {id : 0}) MERGE(n0)-[r :T4{k60 : -2067382474, k62 : 'Vpp', k61 : true, k64 : 'a0eiH', id : 5}]->(n1);
MATCH (n0 {id : 0}), (n1 {id : 2}) MERGE(n0)-[r :T0{k39 : -1876828168, k38 : 'UvJ0lMo', k40 : -1147410407, id : 6, k37 : false, k36 : true}]->(n1);
MATCH (n0 {id : 2}), (n1 {id : 0}) MERGE(n0)-[r :T1{k42 : 'dTol1I', k41 : 1710649979, k44 : true, id : 7, k43 : 766247786, k46 : 686380714, k45 : true}]->(n1);
MATCH (n0 {id : 0}), (n1 {id : 0}) MERGE(n0)-[r :T1{k42 : '6', k41 : -1055681508, k44 : false, id : 8, k43 : 678898080, k46 : 896829064, k45 : true}]->(n1);
MATCH (n0)<-[ :T1{k41:toIntegerList(NULL)[toIntegerOrNull(abs(1110938288))]}]-() WHERE NULL CREATE ({k2:(891069703*-657662836), id:9}), (n1{id:10}) CREATE ( :L0{id:11}), (n2{k5:'CgNuq', id:12}) RETURN 1 AS a0, 1 AS a1;
MATCH ( n0 ) < - [ : T1 { k41 : toIntegerList ( NULL ) [ CASE WHEN FALSE THEN NULL ELSE toIntegerOrNull ( abs ( 1110938288 ) ) END ] } ] - ( ) WHERE NULL UNWIND 1 as l0 CREATE ( { k2 : ( 891069703 * -657662836 ) , id : 9 } ) CREATE ( n1 { id : 10 } ) WITH * UNWIND 1 as l1 CREATE ( : L0 { id : 11 } ) CREATE ( n2 { k5 : 'CgNuq' , id : 12 } ) WITH * UNWIND [1] as l2 RETURN CASE WHEN TRUE THEN 1 END AS a0 , 1 AS a1 ;
MATCH (a) RETURN count(a);
MATCH (b)-[a]->(c) RETURN count(a);
MATCH (b)-[a]->(c) RETURN count(a);
UNWIND NULL AS a0 OPTIONAL MATCH ()-[r0 :T4{k64:'Qel58s'}]-(n0)-[r1 :T1{k43:(r0.k60)}]-(n1) SET n1.k=('cxKF'+(r0.k64)) RETURN 1 AS a1;
UNWIND CASE WHEN FALSE THEN NULL ELSE NULL END AS a0 OPTIONAL MATCH ( ) - [ r0 : T4 { k64 : 'Qel58s' } ] - ( n0 ) - [ r1 : T1 { k43 : ( r0 . k60 ) } ] - ( n1 ) WITH * SET n1 . k = ( 'cxKF' + ( r0 . k64 ) ) WITH * OPTIONAL MATCH ()-[:TYPE]-() RETURN 1 AS a1 ;
