-- Time: 2024/04/11 13:38:16
-- Database: janusgraph_database330
-- Database version: composite
-- seed value: 1712812406853
CREATE (n0 :L5{k28 : true, k27 : '6', k29 : 'r', k31 : -1603826844, k30 : '3dR', k33 : '7v', id : 0});
CREATE (n0 {id : 1});
CREATE (n0 :L3{k19 : -721235940, k18 : false, id : 2, k15 : 'XxGDK'});
CREATE (n0 :L3{k17 : false, k19 : 1838091406, k18 : true, id : 3, k15 : 'z0t'});
MATCH (n0 {id : 0}), (n1 {id : 2}) MERGE(n0)-[r :T3{k60 : -988813114, id : 4, k57 : false, k59 : true, k58 : 'qNoU'}]->(n1);
MATCH (n0 {id : 3}), (n1 {id : 2}) MERGE(n0)-[r :T2{k53 : true, k52 : '1uPNIDUCe', k55 : 'BLPM', id : 5, k54 : 'GMNRytc8o'}]->(n1);
MATCH (n0 {id : 2}), (n1 {id : 0}) MERGE(n0)-[r :T0{k40 : false, k42 : false, k44 : false, id : 6, k43 : '3In', k45 : false}]->(n1);
MATCH ()-[r0]->()<-[*..2]-(n0), () WHERE NULL REMOVE n0.k2 SET n0.k=NULL RETURN NULL AS a2;
MATCH ( ) - [ r0 ] - > ( ) < - [ * .. 2 ] - ( n0 ) ,( ) WHERE NULL OPTIONAL MATCH ()-[:TYPE]-() REMOVE n0 . k2 SET n0 . k = CASE WHEN TRUE THEN NULL END WITH * UNWIND 1 as l0 RETURN NULL AS a2 SKIP 1 LIMIT 1 ;
MATCH (a) RETURN count(a);
MATCH (b)-[a]->(c) RETURN count(a);
MATCH (b)-[a]->(c) RETURN count(a);
MERGE (n0{id:7}) CREATE (n1{id:8}) REMOVE n0.k2 RETURN 1 AS a2, (739941590*(round(1041350567)+-893069670)) AS a3 ORDER BY endNode(relationships(NULL)[toIntegerOrNull(abs(-1290060877))]), a2 DESC;
MERGE ( n0 { id : 7 } ) CREATE ( n1 { id : 8 } ) REMOVE n0 . k2 WITH * UNWIND 1 as l0 RETURN 1 AS a2 , CASE WHEN TRUE THEN ( CASE WHEN FALSE THEN NULL ELSE 739941590 * ( round ( 1041350567 ) + -893069670 ) END ) END AS a3 ORDER BY endNode(relationships(NULL)[toIntegerOrNull(abs(-1290060877))]), a2 DESC ;
MATCH (a) RETURN count(a);
MATCH (a) RETURN count(a);
MATCH (b)-[a]->(c) RETURN count(a);
MATCH (b)-[a]->(c) RETURN count(a);
CREATE ({id:9}), ({id:10}) CREATE ({id:11}), (n1{id:12}) CREATE ({id:13}), p0=(n2{id:14}) RETURN 1 AS a1;
CREATE ( { id : 9 } ) CREATE ( { id : CASE WHEN FALSE THEN NULL ELSE 10 END } ) CREATE ( { id : 11 } ) CREATE ( n1 { id : 12 } ) WITH * CREATE ( { id : 13 } ) CREATE p0 = ( n2 { id : 14 } ) WITH * RETURN 1 AS a1 ORDER BY FALSE ;
