-- Time: 2024/04/11 13:50:05
-- Database: janusgraph_database490
-- Database version: composite
-- seed value: 1712812407013
CREATE (n0 :L5{k31 : true, k30 : 'p', k33 : false, id : 0, k32 : 'BeMW8Vn2F', k35 : -852389263, k36 : 187676643});
CREATE (n0 :L1{k5 : 536192413, id : 1, k6 : 'pdxhetuV', k10 : true, k7 : -124335796, k8 : true});
CREATE (n0 :L1{k5 : -334276321, id : 2, k6 : '4', k10 : false, k7 : -1424839449, k8 : false, k9 : false});
CREATE (n0 :L6{k38 : -1264221535, k40 : 393087793, id : 3});
MATCH (n0 {id : 1}), (n1 {id : 1}) MERGE(n0)-[r :T1{k49 : 1384640628, k51 : 86890567, k52 : -1280727823, id : 4}]->(n1);
MATCH (n0 {id : 1}), (n1 {id : 2}) MERGE(n0)-[r :T5{k73 : 'rCr5fST', k77 : true, id : 5, k76 : -338272628}]->(n1);
MATCH (n0 {id : 0}), (n1 {id : 3}) MERGE(n0)-[r :T5{k73 : '6IrAjm', k75 : true, k74 : 337966395, k77 : false, id : 6}]->(n1);
MATCH (n0 {id : 1}), (n1 {id : 0}) MERGE(n0)-[r :T3{k60 : true, k62 : false, k64 : false, k63 : true, id : 7, k65 : true}]->(n1);
MATCH (n0 {id : 0}), (n1 {id : 1}) MERGE(n0)-[r :T5{k75 : true, k74 : -721587200, k77 : false, id : 8, k76 : 914541160}]->(n1);
MATCH (n0 {id : 1}), (n1 {id : 2}) MERGE(n0)-[r :T5{k73 : 'hWEQW0G', k75 : false, k74 : -2018645607, k77 : false, id : 9, k76 : 914541160}]->(n1);
MATCH (n0 {id : 3}), (n1 {id : 0}) MERGE(n0)-[r :T5{k73 : 'QJ', k75 : true, k74 : 925453669, k77 : true, id : 10, k76 : -536158817}]->(n1);
WITH * MATCH p0=( :L1)-[r0]-(), (n0)-[ :T3{k60:true}]-() DETACH DELETE n0  RETURN 1 AS a0;
WITH * OPTIONAL MATCH ()-[:TYPE]-() MATCH p0 = ( : L1 ) - [ r0 ] - ( ) ,( n0 ) - [ : T3 { k60 : true } ] - ( ) OPTIONAL MATCH ()-[:TYPE]-() WITH * CALL{WITH *DETACH DELETE n0 } RETURN 1 AS a0 ORDER BY TRUE ;
MATCH (a) RETURN count(a);
MATCH (b)-[a]->(c) RETURN count(a);
MATCH (b)-[a]->(c) RETURN count(a);
CREATE ( :L1{id:11})<-[ :T5{k76:-300716526, id:12}]-( :L5{k34:'t', id:13})-[ :T5{id:14}]->({id:15}) CREATE ({id:16}), ({id:17})-[ :T3{id:18}]->({k31:('ao' > NULL), id:19})-[ :T5{id:20}]->({k9:false, id:21}) CREATE p0=(n0{id:22})<-[ :T5{k73:reverse(NULL), id:23}]-(n1{k9:NULL, id:24}) RETURN [isEmpty(reverse('m')), exists(()<-[ :T5]-()-[]->( :L1))] AS a0 UNION CREATE ({id:25})<-[r0 :T3{id:26}]-(n0{k10:((NULL IS NOT NULL) IS NOT NULL), id:27}) MERGE (n1{id:28})-[r1 :T5{id:29}]->({id:30})-[r2 :T5{id:31}]-({k5:436089976, id:32}) SET n1.k=('2'+((r2.k73)+'r')) RETURN n1 AS a0;
CREATE ({id:15})<-[ : T5 { id : 14 } ] -( :L5{k34:'t', id:13})-[ : T5 { k76 : -300716526 , id : 12 } ] ->( : L1 { id : 11 } ) CREATE ( { id : 16 } ) CREATE ( { id : 17 } ) - [ : T3 { id : 18 } ] - > ( { k31 : ( CASE WHEN FALSE THEN NULL ELSE 'ao' > NULL END ) , id : 19 } ) - [ : T5 { id : 20 } ] - > ( { k9 : false , id : 21 } ) WITH * OPTIONAL MATCH ()-[:TYPE]-() CREATE p0 = ( n0 { id : CASE WHEN FALSE THEN NULL ELSE 22 END } ) < - [ : T5 { k73 : reverse ( NULL ) , id : 23 } ] - ( n1 { k9 : NULL , id : 24 } ) WITH * OPTIONAL MATCH ()-[:TYPE]-() RETURN CASE WHEN TRUE THEN [ isEmpty ( reverse ( 'm' ) ) , exists ( ( ) < - [ : T5 ] - ( ) - [ ] - > ( : L1 ) ) ] END AS a0 LIMIT 1 UNION CREATE ( { id : 25 } ) < - [ r0 : T3 { id : 26 } ] - ( n0 { k10 : ( ( NULL IS NOT NULL ) IS NOT NULL ) , id : 27 } ) WITH * OPTIONAL MATCH ()-[:TYPE]-() MERGE ( n1 { id : 28 } ) - [ r1 : T5 { id : CASE WHEN TRUE THEN 29 END } ] - > ( { id : 30 } ) - [ r2 : T5 { id : 31 } ] - ( { k5 : 436089976 , id : 32 } ) WITH * SET n1 . k = ( '2' + ( ( r2 . k73 ) + 'r' ) ) WITH * UNWIND [1] as l0 RETURN DISTINCT n1 AS a0 ;
MATCH (a) RETURN count(a);
MATCH (a) RETURN count(a);
MATCH (b)-[a]->(c) RETURN count(a);
MATCH (b)-[a]->(c) RETURN count(a);
OPTIONAL MATCH ()<-[]-( :L5)-[r1]-(n4 :L1), ({k5:1326759857})-[]-() SET n4.k=1164862752 DETACH DELETE n4  RETURN relationships(NULL)[toIntegerOrNull(abs(NULL))] AS a0;
OPTIONAL MATCH (nn0),()<-[m1]-(),(nn2:L5),()<-[r1]-(),(n4:L1),({k5:1326759857})-[]-() WHERE exists((nn0)<-[m1]-(nn2)-[r1]-(n4)) UNWIND [NULL] as l0 SET n4 . k = 1164862752 DETACH DELETE n4 WITH * UNWIND [NULL] as l1 RETURN relationships ( NULL ) [ toIntegerOrNull ( abs ( NULL ) ) ] AS a0 ORDER BY NULL ;
MATCH (a) RETURN count(a);
MATCH (a) RETURN count(a);
MATCH (b)-[a]->(c) RETURN count(a);
MATCH (b)-[a]->(c) RETURN count(a);
OPTIONAL MATCH (n0)-[r0]-(n1), p0=() SET n0.k=NULL SET n0.k='y' RETURN n0 AS a0;
OPTIONAL MATCH ( n0 ) - [ r0 ] - ( n1 ) ,p0 = ( ) SET n0 . k = NULL SET n0 . k = 'y' RETURN DISTINCT n0 AS a0 ;
