-- Time: 2024/04/11 13:28:17
-- Database: janusgraph_database195
-- Database version: composite
-- seed value: 1712812406718
CREATE (n0 :L6{k33 : -893019635, id : 0, k35 : 1647484349, k34 : '1', k37 : false, k36 : false});
CREATE (n0 :L6{k33 : 999246137, id : 1, k32 : -1159074650, k35 : 1372660729, k34 : '4rYVdZp', k37 : true, k36 : true});
CREATE (n0 {id : 2});
CREATE (n0 :L2{k11 : 'ylJ7B', id : 3, k13 : false, k15 : 'Y', k14 : false});
MATCH (n0 {id : 3}), (n1 {id : 3}) MERGE(n0)-[r :T2{k51 : false, k50 : false, k53 : false, k52 : true, id : 4, k54 : 'cVKO'}]->(n1);
MATCH (n0 {id : 1}), (n1 {id : 1}) MERGE(n0)-[r :T2{k51 : true, k50 : false, k53 : true, k52 : false, id : 5, k54 : 'rMQ9gY'}]->(n1);
OPTIONAL MATCH (n0) CREATE (n1{id:6}) CREATE ({id:7})-[r0 :T2{k54:elementId(NULL), id:8}]->(n4{id:9}) RETURN n0 AS a0, n0 AS a1;
OPTIONAL MATCH ( n0 ) CREATE ( n1 { id : 6 } ) CREATE (n4{id:9})<-[ r0 : T2 { k54 : CASE WHEN FALSE THEN NULL ELSE elementId ( NULL ) END , id : 8 } ] -( { id : 7 } ) RETURN n0 AS a0 , n0 AS a1 ;
MATCH (a) RETURN count(a);
MATCH (b)-[a]->(c) RETURN count(a);
MATCH (b)-[a]->(c) RETURN count(a);
UNWIND [NULL, NULL] AS a0 MERGE (n0{id:10})<-[r0 :T2{id:11}]-(n1{id:12}) CREATE (n2 :L6{id:13})<-[r1 :T2{k54:toStringList([(r0.k50)])[toIntegerOrNull(abs(NULL))], id:14}]-({id:15}), ({id:16}) RETURN *, 1 AS a1;
UNWIND [ CASE WHEN TRUE THEN NULL END , CASE WHEN FALSE THEN NULL ELSE NULL END ] AS a0 MERGE ( n0 { id : 10 } ) < - [ r0 : T2 { id : 11 } ] - ( n1 { id : 12 } ) CREATE ( n2 : L6 { id : 13 } ) < - [ r1 : T2 { k54 : (toStringList ( [ ( r0 . k50 ) ] ) +[]) [ toIntegerOrNull ( abs ( NULL ) ) ] , id : 14 } ] - ( { id : 15 } ) CREATE ( { id : 16 } ) RETURN * , CASE WHEN TRUE THEN 1 END AS a1 ;
MATCH (a) RETURN count(a);
MATCH (a) RETURN count(a);
MATCH (b)-[a]->(c) RETURN count(a);
MATCH (b)-[a]->(c) RETURN count(a);
OPTIONAL MATCH (n0)-[r0 :T2{k51:true}]-(n1), p0=(n2{k14:(r0.k52)})-[r0]->(n0) WHERE false MERGE (n3{id:17})-[ :T2{id:18}]->({id:19}) CREATE (n4{id:20}), (n5{id:21}) RETURN 1 AS a0, 1 AS a1;
OPTIONAL MATCH (n0)-[*0..0]-( n0 ) - [ r0 : T2 { k51 : true } ] - ( n1 ) ,p0 = ( n2 { k14 : ( r0 . k52 ) } ) - [ r0 ] - > ( n0 ) WHERE false MERGE pp0=( n3 { id : 17 } ) - [ : T2 { id : 18 } ] - > ( { id : 19 } ) WITH * UNWIND 1 as l0 CREATE ( n4 { id : CASE WHEN FALSE THEN NULL ELSE 20 END } ) CREATE ( n5 { id : 21 } ) RETURN 1 AS a0 , 1 AS a1 SKIP 1 ;
MATCH (a) RETURN count(a);
MATCH (a) RETURN count(a);
MATCH (b)-[a]->(c) RETURN count(a);
MATCH (b)-[a]->(c) RETURN count(a);
MATCH (), () WHERE true CREATE (n0{id:22}) CREATE ({id:23}), ({id:24}) RETURN 1 AS a0;
MATCH ( ) ,( ) WHERE true CREATE ( n0 { id : CASE WHEN FALSE THEN NULL ELSE 22 END } ) CREATE ( { id : 23 } ) CREATE ( { id : 24 } ) WITH * OPTIONAL MATCH ()-[:TYPE]-() RETURN 1 AS a0 ORDER BY TRUE ;
