-- Time: 2024/04/11 14:33:25
-- Database: janusgraph_database1075
-- Database version: composite
-- seed value: 1712812407600
CREATE (n0 :L5{k31 : 'Ple', k30 : 'Uw', k33 : -885742917, id : 0, k32 : true, k35 : '9HWZ', k34 : 853690326});
CREATE (n0 {id : 1});
CREATE (n0 {id : 2});
CREATE (n0 :L5{k31 : 'e', k30 : 'Uw', k33 : 1458848769, id : 3, k32 : true, k34 : 2010896405});
MATCH (n0 {id : 1}), (n1 {id : 0}) MERGE(n0)-[r :T0{k39 : 'EMjQmntK', k38 : -193699501, k41 : false, id : 4, k36 : false}]->(n1);
MATCH (n0 {id : 1}), (n1 {id : 2}) MERGE(n0)-[r :T4{k62 : -1665762599, k61 : 'O5g', k64 : -771512611, k63 : -1064098375, k66 : true, id : 5, k65 : -583502932}]->(n1);
MATCH (n0 {id : 3}), (n1 {id : 0}) MERGE(n0)-[r :T1{k42 : 'r3', k44 : true, id : 6, k43 : false, k46 : 1138792858, k45 : 'bU7Fzj46D', k47 : -563736452}]->(n1);
MATCH (n0 {id : 3}), (n1 {id : 1}) MERGE(n0)-[r :T4{k60 : false, k62 : 1029191202, k61 : 'jJY2', k64 : -870451933, k63 : -327434612, k66 : false, id : 7, k65 : 929831514}]->(n1);
MATCH (n0 {id : 0}), (n1 {id : 1}) MERGE(n0)-[r :T4{k60 : false, k62 : 2101093272, k61 : 'v', k64 : -1091835860, k63 : 773261329, k66 : true, id : 8, k65 : 1566018275}]->(n1);
OPTIONAL MATCH ()<-[*..2]-(n1) UNWIND [true] AS a1 CREATE ({id:9})<-[ :T4{id:10}]-({id:11}) RETURN toIntegerList([x IN [NULL, 1839294888]|NULL])[toIntegerOrNull(abs(-1382035200))] AS a2;
OPTIONAL MATCH ( ) < - [ * .. 2 ] - ( n1 ) UNWIND ([ true ] +[]) AS a1 CREATE ( { id : 9 } ) < - [ : T4 { id : 10 } ] - ( { id : 11 } ) WITH * UNWIND [1] as l0 RETURN (toIntegerList ( [ x IN [ NULL , 1839294888 ] | NULL ] ) +[]) [ toIntegerOrNull ( abs ( -1382035200 ) ) ] AS a2 ;
MATCH (a) RETURN count(a);
MATCH (b)-[a]->(c) RETURN count(a);
MATCH (b)-[a]->(c) RETURN count(a);
WITH 'wwG8CaL1' AS a2 LIMIT 1 CREATE (n5{id:12})<-[r0 :T0{k36:exists(( :L5)-[]->()<-[]-()), id:13}]-({id:14}), (n6{id:15}) MERGE (n7 :L5{id:16}) RETURN 1 AS a3, 1 AS a4;
WITH 'wwG8CaL1' AS a2 LIMIT CASE WHEN FALSE THEN NULL ELSE 1 END CREATE (n5{ id : 12 } )CREATE (n5)< - [ r0 : T0 { k36 : CASE WHEN TRUE THEN exists ( ( : L5 ) - [ ] - > ( ) < - [ ] - ( ) ) END , id : 13 } ] - ( { id : CASE WHEN TRUE THEN 14 END } ) CREATE ( n6 { id : 15 } ) MERGE ( n7 : L5 { id : 16 } ) RETURN 1 AS a3 , 1 AS a4 ;
MATCH (a) RETURN count(a);
MATCH (a) RETURN count(a);
MATCH (b)-[a]->(c) RETURN count(a);
MATCH (b)-[a]->(c) RETURN count(a);
OPTIONAL MATCH ()-[]-(), () UNWIND [NULL, true] AS a0 MERGE ({id:17})<-[r0 :T4{k62:-2138698551, id:18}]-({k35:'vh', id:19})-[r1 :T1{k42:'q', id:20}]->(n0{k34:755957494, id:21}) RETURN n0 AS a1;
OPTIONAL MATCH ( ) - [ ] - ( ) ,( ) UNWIND [ NULL , true ] AS a0 WITH * MERGE ( { id : 17 } ) < - [ r0 : T4 { k62 : -2138698551 , id : 18 } ] - ( { k35 : 'vh' , id : 19 } ) - [ r1 : T1 { k42 : 'q' , id : 20 } ] - > ( n0 { k34 : 755957494 , id : 21 } ) WITH * OPTIONAL MATCH ()-[:TYPE]-() RETURN n0 AS a1 SKIP 1 ;
