-- Time: 2024/04/11 14:35:13
-- Database: janusgraph_database1099
-- Database version: composite
-- seed value: 1712812407624
CREATE (n0 :L2{k17 : -496603630, k16 : 413508093, k19 : 1971942865, k18 : false, k20 : true, id : 0, k15 : -834053642, k14 : 'VG'});
CREATE (n0 :L0{k0 : 819609037, k1 : 'K2bU', k2 : 19964488, k3 : 'o', k4 : 'W', k5 : 1566736948, id : 1, k6 : 13123196});
CREATE (n0 :L4{k28 : false, k27 : true, k29 : 'uDSMWh', k31 : true, k30 : true, id : 2, k32 : false, k26 : -169469118});
CREATE (n0 :L5{k39 : 'Df', k38 : 2076846314, id : 3, k34 : 'm', k36 : false});
MATCH (n0 {id : 2}), (n1 {id : 3}) MERGE(n0)-[r :T1{k51 : true, k50 : false, id : 4, k46 : '9', k45 : 1931833131, k48 : 'h', k47 : true}]->(n1);
MATCH (n0 {id : 0}), (n1 {id : 3}) MERGE(n0)-[r :T3{k60 : false, k61 : 's', id : 5, k57 : 121362397, k59 : true}]->(n1);
MATCH (n0 {id : 2}), (n1 {id : 0}) MERGE(n0)-[r :T2{k53 : false, k52 : 'sl', k55 : 'JVS', id : 6, k54 : true, k56 : -1040822263}]->(n1);
MATCH (n0 {id : 3}), (n1 {id : 2}) MERGE(n0)-[r :T1{k49 : true, k51 : true, id : 7, k46 : 'X', k45 : -788858418, k48 : 'h', k47 : false}]->(n1);
MATCH (n0 {id : 0}), (n1 {id : 1}) MERGE(n0)-[r :T1{k49 : true, k51 : false, k50 : false, id : 8, k46 : '6BLMa', k45 : 473211437, k48 : 'b', k47 : false}]->(n1);
UNWIND toBooleanList([NULL]) AS a0 MERGE p0=( :L5{id:9})<-[r0 :T1{k46:'7', id:10}]-( :L4{k28:false, id:11}) DETACH DELETE p0  RETURN 1 AS a1 ORDER BY 0 DESC;
UNWIND toBooleanList ( [ CASE WHEN TRUE THEN NULL END ] ) AS a0 MERGE p0 = ( : L5 { id : 9 } ) < - [ r0 : T1 { k46 : '7' , id : 10 } ] - ( : L4 { k28 : false , id : 11 } ) DETACH DELETE p0 RETURN 1 AS a1 ORDER BY 0 DESC ;
MATCH (a) RETURN count(a);
MATCH (b)-[a]->(c) RETURN count(a);
MATCH (b)-[a]->(c) RETURN count(a);
WITH * MERGE p0=(n4{id:12})-[ :T1{k45:-399715044, id:13}]->(n5 :L5{id:14})<-[r0 :T3{k57:-1472296116, id:15}]-({id:16}) MERGE ({k0:-132533947, id:17})-[r1 :T1{k48:'x', id:18}]-(n6{id:19}) RETURN DISTINCT properties(n5) AS a1;
WITH * MERGE p0 = ( n4 { id : 12 } ) - [ : T1 { k45 : CASE WHEN FALSE THEN NULL ELSE -399715044 END , id : 13 } ] - > ( n5 : L5 { id : 14 } ) < - [ r0 : T3 { k57 : -1472296116 , id : 15 } ] - ( { id : 16 } ) WITH * MERGE ( { k0 : -132533947 , id : 17 } ) - [ r1 : T1 { k48 : 'x' , id : 18 } ] - ( n6 { id : CASE WHEN FALSE THEN NULL ELSE 19 END } ) RETURN DISTINCT properties ( n5 ) AS a1 ORDER BY TRUE LIMIT 1 ;
