-- Time: 2024/04/11 13:23:37
-- Database: janusgraph_database132
-- Database version: composite
-- seed value: 1712812406614
CREATE (n0 {id : 0});
CREATE (n0 {id : 1});
CREATE (n0 :L1{k5 : 'Jzt7jyFUT', id : 2, k6 : 'jK5r', k10 : 'OA', k7 : '4', k8 : true, k9 : 798165993});
CREATE (n0 :L4{k28 : 13414836, k27 : -1251399892, id : 3, k24 : 1958306250, k26 : false, k25 : 'IH9C6e0'});
MATCH (n0 {id : 0}), (n1 {id : 0}) MERGE(n0)-[r :T0{k29 : true, k31 : 'C', k30 : '1o', k33 : true, id : 4, k32 : 'q', k34 : 'qUc'}]->(n1);
MATCH (n0 {id : 0}), (n1 {id : 2}) MERGE(n0)-[r :T2{k42 : -1017577087, k44 : true, id : 5, k46 : 'z'}]->(n1);
MATCH (n0 {id : 0}), (n1 {id : 1}) MERGE(n0)-[r :T3{k49 : 'p5A4FlzN', k51 : 'F', k50 : 'L', k52 : 626354516, id : 6, k48 : 1588759691, k47 : -1353401180}]->(n1);
MATCH (n0 {id : 2}), (n1 {id : 0}) MERGE(n0)-[r :T4{k60 : -1187860719, id : 7, k54 : 'OdBF', k57 : true, k56 : true, k58 : 1872824998}]->(n1);
MATCH (n0 {id : 0}), (n1 {id : 3}) MERGE(n0)-[r :T5{k62 : 'W', k61 : 'G', k64 : 'DEBG1r38', k63 : 'N', id : 8, k65 : -1953311891}]->(n1);
MATCH ()-[r0]-( :L1{k8:true}), () UNWIND [NULL, NULL] AS a0 MERGE ({id:9})-[r1 :T0{k31:'1', id:10}]-(n0{id:11}) RETURN CASE WHEN isEmpty(properties(NULL)) THEN toIntegerOrNull((r1.k30)) END AS a1, n0 AS a2;
MATCH ( ) - [ r0 ] - ( : L1 { k8 : true } ) ,( ) UNWIND [ NULL , NULL ] AS a0 MERGE ( { id : 9 } ) - [ r1 : T0 { k31 : '1' , id : 10 } ] - ( n0 { id : CASE WHEN FALSE THEN NULL ELSE 11 END } ) WITH * OPTIONAL MATCH ()-[:TYPE]-() RETURN CASE WHEN isEmpty ( properties ( CASE WHEN FALSE THEN NULL ELSE NULL END ) ) THEN toIntegerOrNull ( ( r1 . k30 ) ) END AS a1 , n0 AS a2 ;
MATCH (a) RETURN count(a);
MATCH (b)-[a]->(c) RETURN count(a);
MATCH (b)-[a]->(c) RETURN count(a);
CREATE ({id:12})<-[ :T5{id:13}]-(n0{id:14}) MERGE (n1{id:15})<-[r0 :T4{id:16}]-(n2{k6:'y5', id:17})<-[r1 :T2{id:18}]-({id:19}) REMOVE n2.k2 RETURN (r0.k60) AS a0, 1 AS a1 ORDER BY false, a0 DESC SKIP 0 UNION MERGE (n0{k25:'p', id:20})<-[r0 :T5{id:21}]-(n1{id:22}) REMOVE n0.k2 DETACH DELETE n0  RETURN 1 AS a0, 1 AS a1 SKIP 0;
CREATE ( { id : CASE WHEN TRUE THEN 12 END } ) < - [ : T5 { id : CASE WHEN TRUE THEN 13 END } ] - ( n0 { id : 14 } ) WITH * MERGE ( n1 { id : 15 } ) < - [ r0 : T4 { id : 16 } ] - ( n2 { k6 : ('y5' +'') , id : 17 } ) < - [ r1 : T2 { id : 18 } ] - ( { id : 19 } ) REMOVE n2 . k2 WITH * RETURN DISTINCT ( r0 . k60 ) AS a0 , 1 AS a1 ORDER BY false, a0 DESC SKIP 0 UNION MERGE ( n0 { k25 : 'p' , id : 20 } ) < - [ r0 : T5 { id : 21 } ] - ( n1 { id : 22 } ) WITH * REMOVE n0 . k2 DETACH DELETE n0 RETURN 1 AS a0 , 1 AS a1 SKIP 0 ;
MATCH (a) RETURN count(a);
MATCH (a) RETURN count(a);
MATCH (b)-[a]->(c) RETURN count(a);
MATCH (b)-[a]->(c) RETURN count(a);
CREATE ({id:23})<-[ :T5{k62:toStringList(relationships(NULL))[toIntegerOrNull(abs(-102136281))], id:24}]-({id:25})-[r0 :T0{id:26}]->({id:27}), (n0{id:28}) MERGE p0=({id:29})<-[r1 :T4{id:30}]-({k7:'Q', id:31})-[r2 :T2{k42:1306385933, id:32}]-(n1{id:33}) SET n1.k='tvjqqUkGf' RETURN DISTINCT n1 AS a0, 1 AS a1;
CREATE ({id:27})<-[ r0 : T0 { id : 26 } ] -({id:25})-[ : T5 { k62 : toStringList ( relationships ( NULL ) ) [ toIntegerOrNull ( abs ( -102136281 ) ) ] , id : 24 } ] ->( { id : CASE WHEN TRUE THEN 23 END } ) CREATE ( n0 { id : CASE WHEN FALSE THEN NULL ELSE 28 END } ) MERGE p0 = ( { id : 29 } ) < - [ r1 : T4 { id : 30 } ] - ( { k7 : 'Q' , id : CASE WHEN TRUE THEN 31 END } ) - [ r2 : T2 { k42 : 1306385933 , id : 32 } ] - ( n1 { id : CASE WHEN TRUE THEN 33 END } ) SET n1 . k = ('tvjqqUkGf' +'') RETURN DISTINCT n1 AS a0 , 1 AS a1 ;
MATCH (a) RETURN count(a);
MATCH (a) RETURN count(a);
MATCH (b)-[a]->(c) RETURN count(a);
MATCH (b)-[a]->(c) RETURN count(a);
UNWIND NULL AS a0 OPTIONAL MATCH p0=()-[r0 :T2{k45:'Na'}]-(n0)-[r1 :T3{k47:1717534438}]->() MERGE p1=( :L1{id:34}) RETURN n0 AS a1;
UNWIND NULL AS a0 OPTIONAL MATCH p0 = ()-[*0..0]-( ) - [ r0 : T2 { k45 : CASE WHEN FALSE THEN NULL ELSE (''+'Na' )END } ] - ( n0 ) - [ r1 : T3 { k47 : 1717534438 } ] - > ( ) MERGE p1 = ( : L1 { id : 34 } ) WITH * OPTIONAL MATCH ()-[:TYPE]-() RETURN DISTINCT n0 AS a1 ;
MATCH (a) RETURN count(a);
MATCH (a) RETURN count(a);
MATCH (b)-[a]->(c) RETURN count(a);
MATCH (b)-[a]->(c) RETURN count(a);
MERGE ({id:35}) MERGE ({k25:'9', id:36})-[ :T5{k64:reverse('g'), id:37}]-(n1{id:38}) REMOVE n1.k2 RETURN 1 AS a1 ORDER BY false, a1 DESC LIMIT 0;
MERGE ( { id : CASE WHEN TRUE THEN 35 END } ) MERGE ( { k25 : '9' , id : 36 } ) - [ : T5 { k64 : reverse ( 'g' ) , id : 37 } ] - ( n1 { id : 38 } ) WITH * OPTIONAL MATCH ()-[:TYPE]-() WITH * CALL{WITH *REMOVE n1 . k2 } WITH * UNWIND [NULL] as l0 RETURN 1 AS a1 ORDER BY false, a1 DESC LIMIT 0 ;
MATCH (a) RETURN count(a);
MATCH (a) RETURN count(a);
MATCH (b)-[a]->(c) RETURN count(a);
MATCH (b)-[a]->(c) RETURN count(a);
WITH avg(NULL) AS a0 MERGE ({id:39})-[r0 :T2{id:40}]-(n0{id:41}) MERGE ({id:42}) RETURN (r0.k44) AS a1;
WITH avg ( CASE WHEN FALSE THEN NULL ELSE NULL END ) AS a0 MERGE pp0=( { id : 39 } ) - [ r0 : T2 { id : 40 } ] - ( n0 { id : 41 } ) MERGE ( { id : 42 } ) RETURN ( r0 . k44 ) AS a1 ;
