-- Time: 2024/04/11 13:14:55
-- Database: janusgraph_database18
-- Database version: composite
-- seed value: 1712812406499
CREATE (n0 :L4{k28 : false, k27 : true, k29 : 'x8ZGPrW6A', k30 : false, id : 0, k26 : false});
CREATE (n0 :L0{k0 : 1445661896, k1 : 'H1gbeyy3C', k2 : 'k', k3 : false, k4 : true, k5 : true, id : 1});
CREATE (n0 :L1{id : 2, k7 : 654615798, k8 : 'nbnMgYmZg', k9 : 1165686350});
CREATE (n0 :L4{k27 : true, k29 : 'lN6', k30 : true, id : 3, k26 : true, k25 : 333061278});
MATCH (n0 {id : 0}), (n1 {id : 2}) MERGE(n0)-[r :T1{k39 : 841842928, k38 : 90709998, k40 : true, k41 : 'E', id : 4, k37 : 1120641662, k36 : 1716772280}]->(n1);
MATCH (n0 {id : 1}), (n1 {id : 2}) MERGE(n0)-[r :T5{k60 : 'X', k62 : false, k61 : true, k64 : -452659622, k63 : -239576853, id : 5}]->(n1);
MATCH (n0 {id : 3}), (n1 {id : 2}) MERGE(n0)-[r :T3{k49 : false, k51 : '0NG77CSB', k50 : 958271536, k53 : 'mBWhJ5', k52 : false, id : 6, k54 : 789283595, k48 : -2101767181}]->(n1);
MATCH (n0 {id : 1}), (n1 {id : 2}) MERGE(n0)-[r :T3{k49 : true, k51 : '0NG77CSB', k50 : 1598706053, k53 : 'mBWhJ5', k52 : false, id : 7, k54 : 581270208, k48 : 2139764985}]->(n1);
CREATE (n0{k28:false, id:8}) CREATE p0=( :L0{k5:false, id:9})-[ :T5{id:10}]->({id:11})<-[r0 :T3{id:12}]-({id:13}) MERGE ( :L0{id:14})-[r1 :T3{id:15}]->( :L1{id:16})<-[r2 :T3{k50:1917402039, id:17}]-(n1{id:18}) RETURN n1 AS a0, NULL AS a1;
CREATE ( n0 { k28 : false , id : 8 } ) WITH * OPTIONAL MATCH ()-[:TYPE]-() CREATE (m0: L0 { k5 : false , id : 9 } )CREATE (m0)- [ : T5 { id : 10 } ] - > ( { id : 11 } ) < - [ r0 : T3 { id : 12 } ] - ( { id : 13 } ) MERGE ( : L0 { id : 14 } ) - [ r1 : T3 { id : 15 } ] - > ( : L1 { id : 16 } ) < - [ r2 : T3 { k50 : 1917402039 , id : 17 } ] - ( n1 { id : 18 } ) WITH * RETURN n1 AS a0 , NULL AS a1 ;
MATCH (a) RETURN count(a);
MATCH (b)-[a]->(c) RETURN count(a);
MATCH (b)-[a]->(c) RETURN count(a);
MATCH (n0)-[r0]->(n1), (n1)-[]-( :L0)-[*0..0]->( :L1{k8:toStringOrNull(CASE WHEN NULL THEN [(n2 :L1)<-[r1]-(n3 :L0) WHERE false|NULL] END)}) WHERE true CREATE ( :L1{id:19})<-[r2 :T3{k51:reverse(((NULL+'9TnkP')+'IM')), id:20}]-({id:21}), (n4{id:22})-[ :T3{k49:NULL, id:23}]->({id:24}) DETACH DELETE r0  RETURN 1 AS a0, 1 AS a1;
MATCH ( n0 ) - [ r0 ] - > ( n1 ) ,( n1 ) - [ ] - ( : L0 ) - [ * 0 .. 0 ] - > ( : L1 { k8 : toStringOrNull ( CASE WHEN NULL THEN [ ( n2 : L1 ) < - [ r1 ] - ( n3 : L0 ) WHERE false | NULL ] END ) } ) WHERE true CREATE ( : L1 { id : 19 } ) < - [ r2 : T3 { k51 : reverse ( ( ( NULL + '9TnkP' ) + 'IM' ) ) , id : 20 } ] - ( { id : 21 } ) CREATE ({id:24})<-[ : T3 { k49 : NULL , id : 23 } ] -( n4 { id : 22 } ) WITH * UNWIND [1] as l0 DETACH DELETE CASE WHEN FALSE THEN NULL ELSE r0 END WITH * OPTIONAL MATCH ()-[:TYPE]-() RETURN 1 AS a0 , 1 AS a1 ;
MATCH (a) RETURN count(a);
MATCH (a) RETURN count(a);
MATCH (b)-[a]->(c) RETURN count(a);
MATCH (b)-[a]->(c) RETURN count(a);
MERGE ({k5:false, id:25})-[r2 :T5{k63:932372318, id:26}]->(n3{id:27}) CREATE ( :L0{id:28})-[ :T5{k62:false, id:29}]->(n4 :L1{id:30})<-[ :T3{k53:(r2.k60), id:31}]-({id:32}) CREATE ({k1:'WX', id:33}), (n5 :L4{k27:false, id:34}) RETURN n3 AS a0, n3 AS a1;
MERGE ( { k5 : false , id : 25 } ) - [ r2 : T5 { k63 : 932372318 , id : 26 } ] - > ( n3 { id : 27 } ) CREATE ( : L0 { id : 28 } ) - [ : T5 { k62 : CASE WHEN TRUE THEN false END , id : 29 } ] - > ( n4 : L1 { id : 30 } ) < - [ : T3 { k53 : ( r2 . k60 ) , id : 31 } ] - ( { id : 32 } ) CREATE ( { k1 : CASE WHEN FALSE THEN NULL ELSE 'WX' END , id : 33 } ) CREATE ( n5 : L4 { k27 : false , id : 34 } ) RETURN CASE WHEN FALSE THEN NULL ELSE n3 END AS a0 , n3 AS a1 ;
MATCH (a) RETURN count(a);
MATCH (a) RETURN count(a);
MATCH (b)-[a]->(c) RETURN count(a);
MATCH (b)-[a]->(c) RETURN count(a);
MERGE ({id:35})-[r0 :T3{id:36}]->(n0 :L1{id:37}) SET n0.k=true MERGE (n1{id:38}) RETURN n1 AS a0, 1 AS a1 ORDER BY a0 UNION OPTIONAL MATCH (), p0=(n0)-[r0]-(n1) REMOVE n0.k2 REMOVE n1.k2 RETURN p0 AS a0, n0 AS a1 SKIP 0;
MERGE ( { id : 35 } ) - [ r0 : T3 { id : 36 } ] - > ( n0 : L1 { id : 37 } ) WITH * UNWIND [NULL] as l0 SET n0 . k = CASE WHEN FALSE THEN NULL ELSE true END WITH * UNWIND 1 as l1 MERGE ( n1 { id : 38 } ) RETURN n1 AS a0 , 1 AS a1 ORDER BY a0 LIMIT 1 UNION OPTIONAL MATCH ( ) ,p0 = ( n0 ) - [ r0 ] - ( n1 ) UNWIND [NULL] as l2 REMOVE n0 . k2 REMOVE n1 . k2 WITH * UNWIND 1 as l3 RETURN p0 AS a0 , n0 AS a1 SKIP 0 ;
MATCH (a) RETURN count(a);
MATCH (a) RETURN count(a);
MATCH (b)-[a]->(c) RETURN count(a);
MATCH (b)-[a]->(c) RETURN count(a);
WITH * CREATE p0=( :L0{id:39})-[ :T3{k52:false, id:40}]->(n0 :L1{k8:NULL, id:41}) MERGE (n1{id:42})-[r0 :T3{id:43}]->(n2{id:44})-[r1 :T5{id:45}]-( :L0{id:46}) RETURN n2 AS a0 LIMIT 0;
WITH * CREATE p0 = ( : L0 { id : 39 } ) - [ : T3 { k52 : false , id : 40 } ] - > ( n0 : L1 { k8 : CASE WHEN TRUE THEN NULL END , id : 41 } ) WITH * MERGE pp0=( n1 { id : 42 } ) - [ r0 : T3 { id : 43 } ] - > ( n2 { id : 44 } ) - [ r1 : T5 { id : 45 } ] - ( : L0 { id : 46 } ) RETURN n2 AS a0 LIMIT 0 ;
