-- Time: 2024/04/11 13:13:43
-- Database: janusgraph_database3
-- Database version: composite
-- seed value: 1712812406484
CREATE (n0 :L4{k28 : true, k27 : 'r5tI21o', k29 : true, id : 0, k24 : true, k23 : '8', k26 : true, k25 : false});
CREATE (n0 :L1{k11 : 1369658198, id : 1, k6 : 'Myu', k10 : 'O', k7 : 'sGF5H37aa', k8 : -257108047, k12 : true, k9 : 'hLfs2RXg'});
CREATE (n0 :L3{k19 : 1585391625, k18 : 'WdXcw', k20 : 612489969, id : 2, k21 : 'Uq'});
CREATE (n0 :L3{k19 : -723722252, k18 : 'eEY', k22 : -1787643148, id : 3, k21 : 'FpPL'});
MATCH (n0 {id : 1}), (n1 {id : 0}) MERGE(n0)-[r :T1{k49 : 'G', k50 : true, k53 : false, k52 : true, id : 4, k54 : 723572167, k48 : true}]->(n1);
MATCH (n0 {id : 3}), (n1 {id : 0}) MERGE(n0)-[r :T0{k42 : false, k41 : 1291974608, k44 : 'MPo', id : 5, k43 : 'X', k46 : -1262131291, k45 : 'b', k47 : 1889976555}]->(n1);
MATCH (n0 {id : 1}), (n1 {id : 1}) MERGE(n0)-[r :T4{k71 : 'R8e38YyLB', k70 : false, k72 : 'TSN5OZgLe', id : 6, k68 : true, k69 : 'AzuGiyI'}]->(n1);
MATCH (n0), (n0) SET n0.k=NULL SET n0.k=(NULL >= [NULL, NULL]) RETURN n0 AS a0;
MATCH ( n0 ) ,(n0)-[*0..0]-( n0 ) SET n0 . k = CASE WHEN TRUE THEN NULL END WITH * SET n0 . k = ( NULL >= ([]+[ CASE WHEN TRUE THEN NULL END , NULL ] )) WITH * RETURN n0 AS a0 ;
MATCH (a) RETURN count(a);
MATCH (b)-[a]->(c) RETURN count(a);
MATCH (b)-[a]->(c) RETURN count(a);
OPTIONAL MATCH (n0)-[r0]-(n1)-[r1]->() WHERE true MERGE (n2{id:7}) DETACH DELETE r0  RETURN n1 AS a0 UNION ALL UNWIND [x IN [toStringList(toStringList([]))[toIntegerOrNull(abs(2038302393))], NULL]] AS a0 UNWIND a0 AS a1 MERGE (n0{id:8}) RETURN 1 AS a0 SKIP 0 LIMIT 1;
OPTIONAL MATCH ( n0 ) - [ r0 ] - ( n1 ) - [ r1 ] - > ( ) WHERE true OPTIONAL MATCH ()-[:TYPE]-() MERGE ( n2 { id : 7 } ) DETACH DELETE CASE WHEN FALSE THEN NULL ELSE r0 END RETURN n1 AS a0 UNION ALL UNWIND [ x IN [ toStringList ( toStringList ( [ ] ) ) [ toIntegerOrNull ( abs ( CASE WHEN TRUE THEN 2038302393 END ) ) ] , NULL ] ] AS a0 WITH * UNWIND a0 AS a1 MERGE ( n0 { id : 8 } ) WITH * UNWIND [1] as l0 RETURN 1 AS a0 SKIP 0 LIMIT 1 ;
MATCH (a) RETURN count(a);
MATCH (a) RETURN count(a);
MATCH (b)-[a]->(c) RETURN count(a);
MATCH (b)-[a]->(c) RETURN count(a);
WITH NULL AS a0 CREATE (n0 :L4{id:9})<-[ :T1{id:10}]-( :L1{k10:substring(NULL, toIntegerOrNull(abs(round(-780562343))), toIntegerOrNull(abs(2064472654))), id:11})-[ :T4{k69:('c'+'U'), id:12}]->(n1{id:13}) CREATE (n2{id:14})<-[ :T1{id:15}]-({id:16})-[r0 :T4{id:17}]->(n3 :L1{id:18}), (n4 :L4{k25:((1527979331 <> (round(1870218274)+NULL)) OR false), id:19})<-[r1 :T4{id:20}]-( :L3{id:21}) RETURN *;
WITH NULL AS a0 WITH * CREATE (n0: L4 { id : 9 } )CREATE (n0)< - [ : T1 { id : 10 } ] - ( : L1 { k10 : substring ( NULL , toIntegerOrNull ( abs ( round ( -780562343 ) ) ) , toIntegerOrNull ( CASE WHEN FALSE THEN NULL ELSE abs ( 2064472654 ) END ) ) , id : 11 } ) - [ : T4 { k69 : ( 'c' + 'U' ) , id : CASE WHEN TRUE THEN 12 END } ] - > ( n1 { id : 13 } ) CREATE (n2{ id : 14 } )CREATE (n2)< - [ : T1 { id : 15 } ] - ( { id : 16 } ) - [ r0 : T4 { id : 17 } ] - > ( n3 : L1 { id : 18 } ) CREATE ( n4 : L4 { k25 : ( ( 1527979331 <> ( round ( 1870218274 ) + NULL ) ) OR false ) , id : 19 } ) < - [ r1 : T4 { id : CASE WHEN TRUE THEN 20 END } ] - ( : L3 { id : 21 } ) WITH * OPTIONAL MATCH ()-[:TYPE]-() RETURN * ;
MATCH (a) RETURN count(a);
MATCH (a) RETURN count(a);
MATCH (b)-[a]->(c) RETURN count(a);
MATCH (b)-[a]->(c) RETURN count(a);
MERGE ( :L1{k9:'xU7nNp', id:22})-[r1 :T1{id:23}]-(n4{id:24}) MERGE ({id:25})-[ :T4{id:26}]->( :L1{k9:'G', id:27})-[r2 :T1{k50:true, id:28}]->(n5{id:29}) CREATE (n6 :L4{id:30})<-[r3 :T1{k51:662308239, id:31}]-(n7{id:32}), (n8{id:33})<-[r4 :T1{k52:(r1.k52), id:34}]-({k7:substring((r1.k49), toIntegerOrNull(abs(round(357800699))), toIntegerOrNull(abs((r1.k51)))), id:35}) RETURN true AS a2;
MERGE ( : L1 { k9 : 'xU7nNp' , id : CASE WHEN TRUE THEN 22 END } ) - [ r1 : T1 { id : 23 } ] - ( n4 { id : 24 } ) MERGE ( { id : 25 } ) - [ : T4 { id : 26 } ] - > ( : L1 { k9 : 'G' , id : 27 } ) - [ r2 : T1 { k50 : true , id : CASE WHEN FALSE THEN NULL ELSE 28 END } ] - > ( n5 { id : 29 } ) CREATE ( n6 : L4 { id : 30 } ) < - [ r3 : T1 { k51 : 662308239 , id : 31 } ] - ( n7 { id : 32 } ) CREATE ( n8 { id : 33 } ) < - [ r4 : T1 { k52 : ( r1 . k52 ) , id : 34 } ] - ( { k7 : substring ( ( r1 . k49 ) , CASE WHEN TRUE THEN toIntegerOrNull ( abs ( round ( 357800699 ) ) ) END , toIntegerOrNull ( abs ( ( r1 . k51 ) ) ) ) , id : 35 } ) RETURN true AS a2 ;
MATCH (a) RETURN count(a);
MATCH (a) RETURN count(a);
MATCH (b)-[a]->(c) RETURN count(a);
MATCH (b)-[a]->(c) RETURN count(a);
MERGE ({id:36}) CREATE ({k21:toStringList(toStringList(NULL))[toIntegerOrNull(abs(NULL))], id:37}), p0=(n0{id:38})<-[ :T1{k53:true, id:39}]-({id:40}) MERGE (n1 :L1{k12:true, id:41})-[r0 :T4{id:42}]-(n2{k8:84016692, id:43})-[r1 :T1{id:44}]-({id:45}) RETURN 1 AS a0 LIMIT 1;
MERGE ( { id : 36 } ) CREATE ( { k21 : toStringList ( (toStringList ( NULL ) +[]) ) [ CASE WHEN FALSE THEN NULL ELSE toIntegerOrNull ( abs ( NULL ) ) END ] , id : 37 } ) CREATE p0 = ( n0 { id : 38 } ) < - [ : T1 { k53 : true , id : 39 } ] - ( { id : CASE WHEN TRUE THEN 40 END } ) MERGE ( n1 : L1 { k12 : true , id : 41 } ) - [ r0 : T4 { id : 42 } ] - ( n2 { k8 : CASE WHEN TRUE THEN 84016692 END , id : 43 } ) - [ r1 : T1 { id : 44 } ] - ( { id : 45 } ) RETURN 1 AS a0 LIMIT CASE WHEN TRUE THEN 1 END ;
MATCH (a) RETURN count(a);
MATCH (a) RETURN count(a);
MATCH (b)-[a]->(c) RETURN count(a);
MATCH (b)-[a]->(c) RETURN count(a);
WITH toStringOrNull(NULL) AS a2 LIMIT 1 WHERE NULL OPTIONAL MATCH (n0) WHERE true MERGE ({k19:1437563368, id:46}) RETURN n0 AS a3, a2 AS a4;
WITH toStringOrNull ( NULL ) AS a2 LIMIT 1 WHERE NULL OPTIONAL MATCH ( n0 ) WHERE true MERGE ( { k19 : CASE WHEN TRUE THEN 1437563368 END , id : 46 } ) WITH * OPTIONAL MATCH ()-[:TYPE]-() RETURN n0 AS a3 , a2 AS a4 ;
MATCH (a) RETURN count(a);
MATCH (a) RETURN count(a);
MATCH (b)-[a]->(c) RETURN count(a);
MATCH (b)-[a]->(c) RETURN count(a);
WITH NULL AS a0 LIMIT 1 WHERE CASE WHEN true THEN NULL END CREATE ({k11:round(-2030247952), id:47}) CREATE (n0{k8:-1045784328, id:48})-[ :T4{id:49}]->({id:50})-[ :T1{id:51}]->(n1{id:52}), (n2{id:53}) RETURN *, 1 AS a1 SKIP 0;
WITH NULL AS a0 LIMIT 1 WHERE CASE WHEN true THEN NULL END UNWIND [NULL] as l0 CREATE ( { k11 : round ( -2030247952 ) , id : 47 } ) WITH * UNWIND 1 as l1 CREATE ( n0 { k8 : -1045784328 , id : 48 } ) - [ : T4 { id : 49 } ] - > ( { id : 50 } ) - [ : T1 { id : 51 } ] - > ( n1 { id : 52 } ) CREATE ( n2 { id : 53 } ) WITH * UNWIND [NULL] as l2 RETURN DISTINCT * , 1 AS a1 SKIP 0 LIMIT 1 ;
MATCH (a) RETURN count(a);
MATCH (a) RETURN count(a);
MATCH (b)-[a]->(c) RETURN count(a);
MATCH (b)-[a]->(c) RETURN count(a);
MERGE ( :L4{id:54})<-[r0 :T1{id:55}]-(n0{id:56})-[r1 :T4{id:57}]-(n1 :L1{id:58}) DETACH DELETE n1  MERGE (n2{id:59}) RETURN 1 AS a0, 1 AS a1;
MERGE ( : L4 { id : 54 } ) < - [ r0 : T1 { id : CASE WHEN TRUE THEN 55 END } ] - ( n0 { id : 56 } ) - [ r1 : T4 { id : 57 } ] - ( n1 : L1 { id : 58 } ) DETACH DELETE n1 WITH * OPTIONAL MATCH ()-[:TYPE]-() MERGE ( n2 { id : 59 } ) RETURN 1 AS a0 , 1 AS a1 ;
