-- Time: 2024/04/11 14:31:26
-- Database: janusgraph_database1048
-- Database version: composite
-- seed value: 1712812407573
CREATE (n0 :L4{k28 : 'm9X', k27 : -1740112014, id : 0, k24 : 1645319831, k23 : false, k26 : 'Lw', k25 : 1035040222});
CREATE (n0 {id : 1});
CREATE (n0 :L2{k11 : -1045139112, id : 2, k13 : true, k12 : false, k15 : -1363742998, k14 : true});
CREATE (n0 :L2{k11 : 1894897775, id : 3, k13 : true, k15 : 1987286110, k14 : true});
MATCH (n0 {id : 1}), (n1 {id : 1}) MERGE(n0)-[r :T4{k53 : '77cLPE2', k52 : -590516695, k55 : 1455294131, id : 4, k54 : 'Ex4m', k57 : false, k56 : false}]->(n1);
MATCH (n0 {id : 3}), (n1 {id : 2}) MERGE(n0)-[r :T3{k49 : -191375553, k51 : true, k50 : -209924682, id : 5, k48 : -1510561703, k47 : false}]->(n1);
MATCH (n0 {id : 0}), (n1 {id : 1}) MERGE(n0)-[r :T6{k66 : true, id : 6, k65 : -2061363311, k68 : 'v', k67 : true, k69 : false}]->(n1);
MATCH (n0 {id : 0}), (n1 {id : 2}) MERGE(n0)-[r :T5{k60 : true, k62 : 'l', id : 7, k58 : false}]->(n1);
MATCH (n0 {id : 3}), (n1 {id : 3}) MERGE(n0)-[r :T6{k64 : -113246564, k66 : false, id : 8, k65 : 44659596, k68 : 'Rw5DNb', k67 : false, k69 : true}]->(n1);
MATCH (n0 {id : 0}), (n1 {id : 2}) MERGE(n0)-[r :T2{k40 : 'g', k42 : false, k41 : true, k44 : 'EF1s1hynz', id : 9, k43 : true, k46 : 'M1', k45 : true}]->(n1);
MATCH (n0 {id : 0}), (n1 {id : 2}) MERGE(n0)-[r :T1{k39 : '44Zb', id : 10, k35 : true, k37 : '4c1qFeyb', k36 : 'CmDoUH'}]->(n1);
WITH false AS a0 WHERE false MERGE ({id:11})-[r0 :T1{k36:'N7', id:12}]->({id:13}) MERGE (n2{id:14})-[r2 :T3{id:15}]->({k13:true, id:16})<-[r3 :T2{k40:'ws2UY', id:17}]-(n3 :L4{id:18}) RETURN collect(n2)[toIntegerOrNull(abs(-729486288))] AS a1, a0 AS a2;
WITH false AS a0 WHERE CASE WHEN TRUE THEN false END MERGE ( { id : 11 } ) - [ r0 : T1 { k36 : 'N7' , id : 12 } ] - > ( { id : CASE WHEN FALSE THEN NULL ELSE 13 END } ) MERGE ( n2 { id : 14 } ) - [ r2 : T3 { id : CASE WHEN FALSE THEN NULL ELSE 15 END } ] - > ( { k13 : true , id : 16 } ) < - [ r3 : T2 { k40 : 'ws2UY' , id : 17 } ] - ( n3 : L4 { id : 18 } ) WITH * RETURN DISTINCT collect ( n2 ) [ toIntegerOrNull ( abs ( -729486288 ) ) ] AS a1 , a0 AS a2 ;
MATCH (a) RETURN count(a);
MATCH (b)-[a]->(c) RETURN count(a);
MATCH (b)-[a]->(c) RETURN count(a);
CREATE p0=(n0{id:19})-[ :T5{k59:NULL, id:20}]->(n1 :L2{id:21})<-[r0 :T1{id:22}]-( :L4{id:23}) CREATE (n2{id:24})-[r1 :T5{k61:'MHk', id:25}]->( :L2{k13:true, id:26}), ({k24:NULL, id:27})-[r2 :T6{id:28}]->(n3{id:29})-[ :T4{k55:(length(NULL)*-1671408145), id:30}]->(n4{id:31}) CREATE ({id:32})-[r3 :T6{id:33}]->(n5{id:34}), ( :L4{id:35})-[r4 :T5{k60:NULL, id:36}]->(n6{k12:isEmpty(NULL), id:37})<-[r5 :T1{id:38}]-( :L4{id:39}) RETURN 1 AS a0, 1 AS a1 ORDER BY a1 SKIP 1;
CREATE p0 = ( n0 { id : 19 } ) - [ : T5 { k59 : NULL , id : 20 } ] - > ( n1 : L2 { id : 21 } ) < - [ r0 : T1 { id : 22 } ] - ( : L4 { id : 23 } ) CREATE ( n2 { id : 24 } ) - [ r1 : T5 { k61 : 'MHk' , id : 25 } ] - > ( : L2 { k13 : true , id : 26 } ) CREATE ( { k24 : NULL , id : 27 } ) - [ r2 : T6 { id : 28 } ] - > ( n3 { id : 29 } ) - [ : T4 { k55 : ( length ( NULL ) * -1671408145 ) , id : 30 } ] - > ( n4 { id : 31 } ) WITH * OPTIONAL MATCH ()-[:TYPE]-() CREATE ( { id : 32 } ) - [ r3 : T6 { id : 33 } ] - > ( n5 { id : 34 } ) CREATE ( : L4 { id : 35 } ) - [ r4 : T5 { k60 : NULL , id : 36 } ] - > ( n6 { k12 : isEmpty ( NULL ) , id : CASE WHEN TRUE THEN 37 END } ) < - [ r5 : T1 { id : 38 } ] - ( : L4 { id : 39 } ) RETURN 1 AS a0 , 1 AS a1 ORDER BY a1 SKIP 1 ;
MATCH (a) RETURN count(a);
MATCH (a) RETURN count(a);
MATCH (b)-[a]->(c) RETURN count(a);
MATCH (b)-[a]->(c) RETURN count(a);
MERGE ({id:40})<-[r0 :T6{k64:-334003145, id:41}]-(n0 :L4{id:42})-[r1 :T2{id:43}]-(n1{k11:1876155920, id:44}) MERGE ({k12:true, id:45}) SET n0.k=(r1.k41) RETURN n1 AS a0, 1 AS a1;
MERGE ( { id : 40 } ) < - [ r0 : T6 { k64 : -334003145 , id : 41 } ] - ( n0 : L4 { id : 42 } ) - [ r1 : T2 { id : 43 } ] - ( n1 { k11 : 1876155920 , id : 44 } ) MERGE ( { k12 : true , id : 45 } ) WITH * OPTIONAL MATCH ()-[:TYPE]-() SET n0 . k = ( r1 . k41 ) RETURN CASE WHEN FALSE THEN NULL ELSE n1 END AS a0 , 1 AS a1 ;
MATCH (a) RETURN count(a);
MATCH (a) RETURN count(a);
MATCH (b)-[a]->(c) RETURN count(a);
MATCH (b)-[a]->(c) RETURN count(a);
MATCH (n0)<-[]-()-[]->(), () DETACH DELETE n0  MERGE (n1{id:46}) RETURN 1 AS a0;
MATCH ( n0 ) < - [ ] - ( ) - [ ] - > ( ) ,( ) DETACH DELETE n0 WITH * OPTIONAL MATCH ()-[:TYPE]-() MERGE pp0=( n1 { id : 46 } ) RETURN 1 AS a0 ;
