-- Time: 2024/04/11 14:14:35
-- Database: janusgraph_database821
-- Database version: composite
-- seed value: 1712812407345
CREATE (n0 {id : 0});
CREATE (n0 :L3{k17 : -1292153084, k18 : false, k20 : false, k22 : 131824666, id : 1});
CREATE (n0 :L3{k17 : 763608081, k19 : false, k18 : false, k20 : true, id : 2, k21 : -1262966177, k23 : 1299009446});
CREATE (n0 :L3{k17 : 540194075, k19 : true, k18 : true, k22 : 131824666, id : 3, k21 : -460205407, k23 : 53800274});
MATCH (n0 {id : 2}), (n1 {id : 0}) MERGE(n0)-[r :T0{k44 : -344245427, id : 4, k43 : -1549730123, k46 : -277684422, k48 : 1710755967, k47 : true}]->(n1);
MATCH (n0 {id : 2}), (n1 {id : 2}) MERGE(n0)-[r :T2{id : 5, k57 : 'G', k56 : 'Dq', k59 : true, k58 : 831355861}]->(n1);
MATCH (n0 {id : 0}), (n1 {id : 0}) MERGE(n0)-[r :T4{k71 : -1102405156, k70 : -1681696354, k72 : true, id : 6, k68 : 'f', k69 : -1173011102}]->(n1);
MATCH (n0 {id : 3}), (n1 {id : 3}) MERGE(n0)-[r :T6{k80 : '2', k84 : -409804221, k83 : 'XnGiqW', k86 : -87049226, k85 : -1701688323, id : 7}]->(n1);
MATCH (n0 {id : 1}), (n1 {id : 1}) MERGE(n0)-[r :T5{k73 : 'C', k75 : false, k74 : 'Rto', k77 : 'FD6F', id : 8, k76 : 'E', k79 : true}]->(n1);
MATCH (n0 {id : 2}), (n1 {id : 0}) MERGE(n0)-[r :T3{k60 : true, k62 : 1370597330, k61 : false, k64 : -959468087, k63 : -1938522640, id : 9, k65 : 'Opaqph4n'}]->(n1);
UNWIND NULL AS a0 MERGE p0=({id:10})-[r0 :T2{id:11}]-( :L3{id:12}) MERGE p1=({id:13})-[r1 :T0{id:14}]-( :L3{id:15}) RETURN (r0.k56) AS a1;
UNWIND NULL AS a0 OPTIONAL MATCH ()-[:TYPE]-() MERGE p0 = ( { id : 10 } ) - [ r0 : T2 { id : 11 } ] - ( : L3 { id : 12 } ) WITH * OPTIONAL MATCH ()-[:TYPE]-() MERGE p1 = ( { id : CASE WHEN FALSE THEN NULL ELSE 13 END } ) - [ r1 : T0 { id : CASE WHEN FALSE THEN NULL ELSE 14 END } ] - ( : L3 { id : 15 } ) RETURN ( r0 . k56 ) AS a1 SKIP 1 ;
MATCH (a) RETURN count(a);
MATCH (b)-[a]->(c) RETURN count(a);
MATCH (b)-[a]->(c) RETURN count(a);
UNWIND toStringList([p0=(n4{k19:NULL})<-[]-(n5) WHERE NULL|{k1: {}, k2: []}]) AS a1 OPTIONAL MATCH (n4), ({k22:-535667479})-[]-(n4) MERGE (n6{k23:-1670128865, id:16})-[ :T0{id:17}]-({k23:-483053076, id:18}) RETURN n4 AS a2;
UNWIND toStringList ( [ p0 = ( n4 { k19 : NULL } ) < - [ ] - ( n5 ) WHERE NULL | { k1 : { } , k2 : [ ] } ] ) AS a1 OPTIONAL MATCH (n4)-[*0..0]-( n4 ) ,( { k22 : -535667479 } ) - [ ] - ( n4 ) WHERE TRUE MERGE ( n6 { k23 : CASE WHEN TRUE THEN -1670128865 END , id : 16 } ) - [ : T0 { id : 17 } ] - ( { k23 : -483053076 , id : 18 } ) RETURN DISTINCT n4 AS a2 ;
MATCH (a) RETURN count(a);
MATCH (a) RETURN count(a);
MATCH (b)-[a]->(c) RETURN count(a);
MATCH (b)-[a]->(c) RETURN count(a);
OPTIONAL MATCH () WHERE (NULL OR false) UNWIND [NULL, (-1778851406/2112365397)] AS a0 MERGE (n0 :L3{k22:508385854, id:19})-[r0 :T2{id:20}]-( :L3{id:21}) RETURN 1 AS a1;
OPTIONAL MATCH ( ) WHERE ( NULL OR false ) UNWIND [ NULL , ( -1778851406 / 2112365397 ) ] AS a0 MERGE ( n0 : L3 { k22 : 508385854 , id : CASE WHEN TRUE THEN 19 END } ) - [ r0 : T2 { id : 20 } ] - ( : L3 { id : 21 } ) RETURN 1 AS a1 ;
MATCH (a) RETURN count(a);
MATCH (a) RETURN count(a);
MATCH (b)-[a]->(c) RETURN count(a);
MATCH (b)-[a]->(c) RETURN count(a);
WITH * WHERE isEmpty([NULL, NULL]) CREATE p0=( :L3{id:22}), (n0 :L3{id:23}) MERGE ({id:24})<-[r0 :T0{k44:1022281910, id:25}]-({id:26}) RETURN (r0.k46) AS a0 ORDER BY (((r0.k47) OR true) AND true), a0 DESC;
WITH * WHERE isEmpty ( [ NULL , CASE WHEN FALSE THEN NULL ELSE NULL END ] ) CREATE p0 = ( : L3 { id : 22 } ) CREATE ( n0 : L3 { id : 23 } ) WITH * OPTIONAL MATCH ()-[:TYPE]-() MERGE ( { id : 24 } ) < - [ r0 : T0 { k44 : 1022281910 , id : 25 } ] - ( { id : CASE WHEN FALSE THEN NULL ELSE 26 END } ) WITH * UNWIND [NULL] as l0 RETURN CASE WHEN FALSE THEN NULL ELSE ( r0 . k46 ) END AS a0 ORDER BY (((r0.k47) OR true) AND true), a0 DESC ;
MATCH (a) RETURN count(a);
MATCH (a) RETURN count(a);
MATCH (b)-[a]->(c) RETURN count(a);
MATCH (b)-[a]->(c) RETURN count(a);
MERGE ( :L3{id:27}) CREATE ({id:28})<-[r0 :T0{k47:true, id:29}]-(n0 :L3{id:30}) CREATE ({id:31}) RETURN 1 AS a0;
MERGE ( : L3 { id : 27 } ) WITH * UNWIND [NULL] as l0 CREATE (m0{ id : 28 } )CREATE (m0)< - [ r0 : T0 { k47 : true , id : 29 } ] - ( n0 : L3 { id : 30 } ) WITH * CREATE ( { id : 31 } ) WITH * RETURN 1 AS a0 ;
MATCH (a) RETURN count(a);
MATCH (a) RETURN count(a);
MATCH (b)-[a]->(c) RETURN count(a);
MATCH (b)-[a]->(c) RETURN count(a);
OPTIONAL MATCH ()-[]-()-[*0..]-(n0) WHERE false SET n0.k=reverse('rRm4MwwEy') CREATE (n1{id:32})<-[ :T3{id:33}]-( :L3{id:34}) RETURN n0 AS a0 LIMIT 1;
OPTIONAL MATCH ( ) - [ ] - ( ) - [ * 0 .. ] - ( n0 ) WHERE false FOREACH(f in [1]|SET n0 . k = reverse ( (''+'rRm4MwwEy' )) ) CREATE ( n1 { id : 32 } ) < - [ : T3 { id : 33 } ] - ( : L3 { id : 34 } ) WITH * RETURN DISTINCT n0 AS a0 LIMIT 1 ;
MATCH (a) RETURN count(a);
MATCH (a) RETURN count(a);
MATCH (b)-[a]->(c) RETURN count(a);
MATCH (b)-[a]->(c) RETURN count(a);
OPTIONAL MATCH ({k18:true})<-[]-({k20:isEmpty(properties(relationships(NULL)[toIntegerOrNull(abs(-1998481073))]))}), (n0)-[]->(n1) UNWIND ['CAJRhetlQ'] AS a0 MERGE (n2 :L3{k19:true, id:35}) RETURN a0 AS a1 SKIP 1;
OPTIONAL MATCH (nn0),()<-[m1]-(),(nn2),(n0)-[]->(n1) WHERE exists((nn0{k18:true})<-[m1]-(nn2{k20:isEmpty(properties(relationships(NULL)[toIntegerOrNull(abs(-1998481073))]))})) UNWIND [ 'CAJRhetlQ' ] AS a0 MERGE ( n2 : L3 { k19 : true , id : 35 } ) RETURN DISTINCT a0 AS a1 ORDER BY FALSE SKIP 1 LIMIT 1 ;
MATCH (a) RETURN count(a);
MATCH (a) RETURN count(a);
MATCH (b)-[a]->(c) RETURN count(a);
MATCH (b)-[a]->(c) RETURN count(a);
OPTIONAL MATCH p0=()<-[ :T3{k63:-2143329487}]-(n0)-[*..2]->(), (n1) WHERE CASE WHEN exists(()-[ :T3]-(n0 :L3)-[]-()) THEN false END REMOVE n0.k2 SET n0.k='C' RETURN (n0.k23) AS a0, CASE WHEN (false AND (n0.k20)) THEN ((n0.k17)-((1473369587/-468018608)+(2104238584*1))) END AS a1 UNION MATCH (n0)-[r0 :T4{k68:toStringOrNull(-525440877)}]->(n1)-[*..2]-(n2) REMOVE n0.k2 SET n1.k=-683737710 RETURN (r0.k71) AS a0, (r0.k67) AS a1 ORDER BY NULL, a1;
OPTIONAL MATCH p0 = ( ) < - [ : T3 { k63 : -2143329487 } ] - ( n0 ) - [ * .. 2 ] - > ( ) ,( n1 ) WHERE CASE WHEN exists ( ( ) - [ : T3 ] - ( n0 : L3 ) - [ ] - ( ) ) THEN false END REMOVE n0 . k2 WITH * CALL{WITH *SET n0 . k = 'C' } WITH * RETURN ( n0 . k23 ) AS a0 , CASE WHEN ( false AND ( n0 . k20 ) ) THEN CASE WHEN FALSE THEN NULL ELSE ( CASE WHEN TRUE THEN ( n0 . k17 ) - ( ( 1473369587 / -468018608 ) + ( 2104238584 * 1 ) ) END ) END END AS a1 UNION MATCH ( n0 ) - [ r0 : T4 { k68 : toStringOrNull ( -525440877 ) } ] - > ( n1 ) - [ * .. 2 ] - ( n2 ) WHERE TRUE WITH * REMOVE n0 . k2 SET n1 . k = -683737710 RETURN ( r0 . k71 ) AS a0 , ( r0 . k67 ) AS a1 ORDER BY NULL, a1 ;
MATCH (a) RETURN count(a);
MATCH (a) RETURN count(a);
MATCH (b)-[a]->(c) RETURN count(a);
MATCH (b)-[a]->(c) RETURN count(a);
WITH NULL AS a3 ORDER BY NULL DESC OPTIONAL MATCH (n0)-[r0]-() DETACH DELETE r0  RETURN n0 AS a4, 1 AS a5 SKIP 0;
WITH NULL AS a3 ORDER BY NULL DESC OPTIONAL MATCH ( n0 ) - [ r0 ] - ( ) WHERE TRUE WITH * FOREACH(f in [1]|DETACH DELETE r0 ) WITH * UNWIND 1 as l0 RETURN n0 AS a4 , 1 AS a5 SKIP 0 ;
