-- Time: 2024/04/11 13:28:21
-- Database: janusgraph_database196
-- Database version: composite
-- seed value: 1712812406719
CREATE (n0 :L4{k28 : 832149743, k27 : 't', k29 : 'F489', id : 0, k26 : -327520825, k25 : '7'});
CREATE (n0 :L4{k28 : 832149743, k27 : 'J', k29 : 'JO2KEys0', id : 1, k26 : 1962788123, k25 : 'EG0'});
CREATE (n0 {id : 2});
CREATE (n0 :L1{k11 : false, id : 3, k6 : true, k10 : 'XKINJvHcB', k7 : true, k8 : true});
MATCH (n0 {id : 1}), (n1 {id : 0}) MERGE(n0)-[r :T0{k39 : 'Abq', k38 : -503998117, k40 : '8qosC', k41 : 's', id : 4, k35 : 284288176, k37 : false, k36 : false}]->(n1);
MATCH (n0 {id : 3}), (n1 {id : 0}) MERGE(n0)-[r :T4{k60 : -1903184530, k62 : 'iA2T', k61 : -1600810050, k64 : 'm', k63 : true, id : 5, k59 : '1'}]->(n1);
MATCH (n0 {id : 2}), (n1 {id : 1}) MERGE(n0)-[r :T0{k39 : 'yr5C', k38 : -926300151, k40 : 'M', k41 : 'k', id : 6, k35 : 782293093, k37 : true, k36 : true}]->(n1);
MERGE (n0{k28:-1557137154, id:7})<-[r0 :T0{id:8}]-({id:9}) MERGE (n1{id:10})-[ :T0{k37:true, id:11}]-(n2 :L4{id:12}) REMOVE n1.k2 RETURN n0 AS a0, n0 AS a1;
MERGE ( n0 { k28 : -1557137154 , id : 7 } ) < - [ r0 : T0 { id : 8 } ] - ( { id : 9 } ) WITH * UNWIND 1 as l0 MERGE ( n1 { id : 10 } ) - [ : T0 { k37 : true , id : 11 } ] - ( n2 : L4 { id : 12 } ) REMOVE n1 . k2 WITH * UNWIND 1 as l1 RETURN n0 AS a0 , n0 AS a1 ORDER BY NULL ;
MATCH (a) RETURN count(a);
MATCH (b)-[a]->(c) RETURN count(a);
MATCH (b)-[a]->(c) RETURN count(a);
WITH NULL AS a0 OPTIONAL MATCH ()-[r0 :T4{k59:NULL}]->(), (n0)-[r1]->(n1) WHERE (r0.k63) REMOVE n1.k2 RETURN 1 AS a1;
WITH NULL AS a0 OPTIONAL MATCH ( ) - [ r0 : T4 { k59 : NULL } ] - > ( ) ,( n0 ) - [ r1 ] - > ( n1 ) WHERE ( r0 . k63 ) WITH * REMOVE n1 . k2 RETURN 1 AS a1 LIMIT 1 ;
MATCH (a) RETURN count(a);
MATCH (a) RETURN count(a);
MATCH (b)-[a]->(c) RETURN count(a);
MATCH (b)-[a]->(c) RETURN count(a);
WITH -1313680449 AS a0 CREATE p0=({id:13}), ( :L1{id:14}) MERGE (n0{k25:'i1T2hk0', id:15})-[r0 :T0{id:16}]-(n1{id:17})<-[r1 :T0{k39:'RaopxMtq', id:18}]-({id:19}) RETURN 1 AS a1;
WITH -1313680449 AS a0 CREATE p0 = ( { id : 13 } ) CREATE ( : L1 { id : 14 } ) MERGE ( n0 { k25 : 'i1T2hk0' , id : 15 } ) - [ r0 : T0 { id : 16 } ] - ( n1 { id : CASE WHEN TRUE THEN 17 END } ) < - [ r1 : T0 { k39 : (''+'RaopxMtq' ), id : 18 } ] - ( { id : 19 } ) RETURN 1 AS a1 ;
MATCH (a) RETURN count(a);
MATCH (a) RETURN count(a);
MATCH (b)-[a]->(c) RETURN count(a);
MATCH (b)-[a]->(c) RETURN count(a);
MATCH ()<-[*0..1]-(n5)-[]-() DETACH DELETE n5  MERGE p0=(n6{id:20}) RETURN p0 AS a2, NULL AS a3;
MATCH ( ) < - [ * 0 .. 1 ] - ( n5 ) - [ ] - ( ) OPTIONAL MATCH ()-[:TYPE]-() DETACH DELETE n5 MERGE p0 = ( n6 { id : CASE WHEN FALSE THEN NULL ELSE 20 END } ) WITH * OPTIONAL MATCH ()-[:TYPE]-() RETURN p0 AS a2 , NULL AS a3 ORDER BY NULL ;
