-- Time: 2024/04/11 13:24:48
-- Database: janusgraph_database148
-- Database version: composite
-- seed value: 1712812406630
CREATE (n0 :L6{k39 : true, k38 : '4S', k40 : -514055957, k41 : 'H', id : 0, k37 : false, k36 : false});
CREATE (n0 :L4{k28 : 70798758, k27 : true, k29 : 'jqbxmH', k30 : 1914576551, id : 1});
CREATE (n0 :L4{k28 : -303793109, k27 : false, k29 : 't35f6zT', k30 : 1287890405, id : 2, k26 : true});
CREATE (n0 {id : 3});
MATCH (n0 {id : 0}), (n1 {id : 3}) MERGE(n0)-[r :T3{k60 : -76951583, k62 : 544810434, k61 : true, k64 : false, id : 4}]->(n1);
MATCH (n0 {id : 3}), (n1 {id : 3}) MERGE(n0)-[r :T1{k52 : 1701592166, id : 5, k48 : true}]->(n1);
MATCH (n0 {id : 0}), (n1 {id : 3}) MERGE(n0)-[r :T6{k80 : '3', k81 : 'Z', k77 : -1427787405, id : 6, k79 : 'GhPPR', k78 : 564308196}]->(n1);
MATCH (n0 {id : 2}), (n1 {id : 1}) MERGE(n0)-[r :T2{k53 : true, k55 : true, id : 7, k54 : false, k56 : -227398835, k59 : 'BKt', k58 : false}]->(n1);
MATCH (n0 {id : 2}), (n1 {id : 3}) MERGE(n0)-[r :T0{k42 : true, k44 : 1105689173, id : 8, k43 : -96079912, k46 : true, k45 : 'f', k47 : '07'}]->(n1);
MATCH (n0 {id : 0}), (n1 {id : 1}) MERGE(n0)-[r :T2{k53 : true, k55 : true, id : 9, k57 : 'e', k56 : 630244999, k59 : 'K', k58 : false}]->(n1);
MATCH (n0 {id : 0}), (n1 {id : 2}) MERGE(n0)-[r :T0{k42 : true, k44 : 457717690, id : 10, k43 : 1876851931, k46 : true, k45 : 'IIWFCwK', k47 : 'I'}]->(n1);
CREATE p0=(n0{id:11})-[r0 :T1{id:12}]->({id:13})<-[r1 :T3{k62:(-89564431*-545442799), id:14}]-(n1{k39:NULL, id:15}), (n2{id:16})<-[r2 :T0{id:17}]-(n3 :L4{id:18}) CREATE (n4{id:19}), (n5 :L4{id:20})-[ :T0{id:21}]->(n6{id:22}) CREATE ({id:23})-[ :T6{id:24}]->({id:25})-[r3 :T1{id:26}]->({id:27}), ({id:28})<-[r4 :T0{k43:round(-487535276), id:29}]-(n7 :L4{id:30}) RETURN NULL AS a0;
CREATE p0 = ( n0 { id : 11 } ) - [ r0 : T1 { id : 12 } ] - > ( { id : 13 } ) < - [ r1 : T3 { k62 : ( -89564431 * -545442799 ) , id : 14 } ] - ( n1 { k39 : CASE WHEN FALSE THEN NULL ELSE NULL END , id : 15 } ) CREATE (n3 :L4{id:18})-[ r2 : T0 { id : 17 } ] ->( n2 { id : 16 } ) CREATE ( n4 { id : 19 } ) CREATE ( n5 : L4 { id : 20 } ) - [ : T0 { id : 21 } ] - > ( n6 { id : 22 } ) WITH * OPTIONAL MATCH ()-[:TYPE]-() CREATE ( { id : 23 } ) - [ : T6 { id : 24 } ] - > ( { id : 25 } ) - [ r3 : T1 { id : 26 } ] - > ( { id : 27 } ) CREATE ( { id : 28 } ) < - [ r4 : T0 { k43 : round ( -487535276 ) , id : 29 } ] - ( n7 : L4 { id : 30 } ) RETURN NULL AS a0 SKIP 1 LIMIT 1 ;
MATCH (a) RETURN count(a);
MATCH (b)-[a]->(c) RETURN count(a);
MATCH (b)-[a]->(c) RETURN count(a);
MERGE p0=(n0{id:31})-[r0 :T1{id:32}]-(n1{id:33}) REMOVE n0.k2 DETACH DELETE r0  RETURN n0 AS a0, 1 AS a1;
MERGE p0 = ( n0 { id : 31 } ) - [ r0 : T1 { id : 32 } ] - ( n1 { id : 33 } ) REMOVE n0 . k2 DETACH DELETE CASE WHEN FALSE THEN NULL ELSE r0 END WITH * RETURN n0 AS a0 , 1 AS a1 ;
