-- Time: 2024/04/11 14:18:23
-- Database: janusgraph_database872
-- Database version: composite
-- seed value: 1712812407397
CREATE (n0 :L3{k18 : -656005466, k22 : 1677321338, id : 0, k24 : true, k23 : -2018698475});
CREATE (n0 :L3{k19 : '3', k20 : 'p', k22 : -1319974219, id : 1, k21 : 'y', k24 : true, k23 : -1854558604});
CREATE (n0 {id : 2});
CREATE (n0 :L1{k11 : -1887881574, id : 3, k10 : true, k7 : false, k8 : -1049425476, k12 : 2024146334, k9 : true});
MATCH (n0 {id : 0}), (n1 {id : 1}) MERGE(n0)-[r :T4{k60 : 'ixD', k55 : 'rQVWdMu1Z', id : 4, k54 : -495102030, k57 : 'sVo0PntA', k56 : -465481801, k59 : false, k58 : false}]->(n1);
MATCH (n0 {id : 1}), (n1 {id : 1}) MERGE(n0)-[r :T1{k39 : false, k38 : 'G', k40 : '0', k41 : false, id : 5, k37 : true}]->(n1);
MATCH (n0 {id : 3}), (n1 {id : 1}) MERGE(n0)-[r :T0{k33 : '4', id : 6, k32 : false, k35 : true, k36 : false}]->(n1);
MATCH (n0 {id : 1}), (n1 {id : 1}) MERGE(n0)-[r :T2{k42 : true, k44 : false, id : 7, k43 : 'r', k48 : true, k47 : false}]->(n1);
OPTIONAL MATCH (n0), (n0) DETACH DELETE n0  MERGE (n1{id:8}) RETURN 1 AS a0 UNION MERGE (n2{k21:'Y', id:9}) DETACH DELETE n2  CREATE (n3 :L3{k18:NULL, id:10}) RETURN 1 AS a0;
OPTIONAL MATCH ( n0 ) ,( n0 ) DETACH DELETE n0 MERGE ( n1 { id : 8 } ) RETURN 1 AS a0 LIMIT 1 UNION MERGE ( n2 { k21 : 'Y' , id : 9 } ) WITH * UNWIND 1 as l0 DETACH DELETE n2 CREATE ( n3 : L3 { k18 : NULL , id : 10 } ) WITH * UNWIND [1] as l1 RETURN CASE WHEN FALSE THEN NULL ELSE 1 END AS a0 ;
MATCH (a) RETURN count(a);
MATCH (b)-[a]->(c) RETURN count(a);
MATCH (b)-[a]->(c) RETURN count(a);
OPTIONAL MATCH ({k20:NULL})-[r0]->()<-[r1 :T0{k33:NULL}]-(n0) DETACH DELETE n0  MERGE ({id:11}) RETURN DISTINCT -57297677 AS a0 LIMIT 0 UNION ALL CREATE (n0 :L3{id:12})-[r0 :T1{id:13}]->( :L3{id:14}), p0=(n1{id:15}) MERGE p1=( :L3{id:16})-[r1 :T2{k46:-515535604, id:17}]-( :L3{k22:1806733456, id:18})-[r2 :T1{id:19}]-({id:20}) DETACH DELETE r1  RETURN p1 AS a0;
OPTIONAL MATCH (nn0),()-[r0]->(),(nn1),()<-[r1:T0{k33:NULL}]-(),(n0) WHERE exists((nn0{k20:NULL})-[r0]->(nn1)<-[r1]-(n0)) OPTIONAL MATCH ()-[:TYPE]-() DETACH DELETE n0 MERGE ( { id : 11 } ) RETURN DISTINCT -57297677 AS a0 LIMIT 0 UNION ALL CREATE ( n0 : L3 { id : 12 } ) - [ r0 : T1 { id : 13 } ] - > ( : L3 { id : 14 } ) CREATE p0 = ( n1 { id : CASE WHEN TRUE THEN 15 END } ) MERGE p1 = ( : L3 { id : 16 } ) - [ r1 : T2 { k46 : -515535604 , id : 17 } ] - ( : L3 { k22 : 1806733456 , id : 18 } ) - [ r2 : T1 { id : 19 } ] - ( { id : 20 } ) DETACH DELETE r1 RETURN p1 AS a0 ;
MATCH (a) RETURN count(a);
MATCH (a) RETURN count(a);
MATCH (b)-[a]->(c) RETURN count(a);
MATCH (b)-[a]->(c) RETURN count(a);
OPTIONAL MATCH p0=()-[r0]-(n0)-[]-(), () WHERE NULL MERGE (n1{k18:938849280, id:21}) DETACH DELETE n1  RETURN *, 1 AS a0;
OPTIONAL MATCH p0 = ( ) - [ r0 ] - ( n0 ) - [ ] - ( ) ,()-[*0..0]-( ) WHERE NULL MERGE ( n1 { k18 : 938849280 , id : 21 } ) WITH * UNWIND [NULL] as l0 DETACH DELETE n1 RETURN * , 1 AS a0 ;
