-- Time: 2024/04/11 13:20:04
-- Database: janusgraph_database84
-- Database version: composite
-- seed value: 1712812406565
CREATE (n0 :L0{k0 : 'b', k1 : 738966092, k2 : false, k3 : 'KLWjbivm', k4 : false, id : 0});
CREATE (n0 :L2{k16 : true, k11 : false, id : 1, k13 : 1118632343, k12 : true, k15 : 1380022268, k14 : 'vRu'});
CREATE (n0 :L3{k17 : 'jKRaBd932', k19 : 'a6nI', k18 : false, k20 : -1469541479, k22 : true, id : 2, k21 : 1095175453});
CREATE (n0 :L4{k28 : 'EyGn5', k27 : 431055288, id : 3, k24 : -827709432, k23 : -1966338336, k26 : false, k25 : true});
MATCH (n0 {id : 2}), (n1 {id : 0}) MERGE(n0)-[r :T5{k60 : 'Pkh7ae9', k61 : -1710283058, id : 4, k57 : true, k59 : false, k58 : 'o'}]->(n1);
MATCH (n0 {id : 0}), (n1 {id : 3}) MERGE(n0)-[r :T3{k49 : 'p', k51 : false, id : 5, k46 : '9', k48 : true, k47 : 2081005336}]->(n1);
MATCH (n0 {id : 3}), (n1 {id : 3}) MERGE(n0)-[r :T0{k29 : false, k31 : true, k30 : 1191201310, k33 : 'JfM', id : 6, k32 : 'X4xBqDzq5'}]->(n1);
MATCH (n0 {id : 1}), (n1 {id : 1}) MERGE(n0)-[r :T3{k49 : 'TgR1Leu1o', k51 : false, k50 : false, id : 7, k46 : '7yj4NSlN', k48 : false, k47 : -1812396521}]->(n1);
OPTIONAL MATCH (n0)-[r0]-(n1) WHERE NULL DETACH DELETE r0  CREATE (n2 :L2{id:8})<-[ :T5{id:9}]-(n3{id:10}), (n4 :L2{k15:-2072049042, id:11})<-[r1 :T5{id:12}]-( :L2{id:13}) RETURN 1 AS a0;
OPTIONAL MATCH ( n0 ) - [ r0 ] - ( n1 ) WHERE NULL OPTIONAL MATCH ()-[:TYPE]-() DETACH DELETE r0 WITH * CREATE ( n2 : L2 { id : 8 } ) < - [ : T5 { id : 9 } ] - ( n3 { id : 10 } ) CREATE ( :L2{id:13})-[ r1 : T5 { id : 12 } ] ->( n4 : L2 { k15 : CASE WHEN FALSE THEN NULL ELSE -2072049042 END , id : 11 } ) WITH * RETURN 1 AS a0 LIMIT 1 ;
MATCH (a) RETURN count(a);
MATCH (b)-[a]->(c) RETURN count(a);
MATCH (b)-[a]->(c) RETURN count(a);
MERGE (n0 :L0{id:14}) SET n0.k=-876977345 CREATE ( :L0{id:15}), (n1{id:16}) RETURN n0 AS a0, 1 AS a1;
MERGE ( n0 : L0 { id : 14 } ) WITH * SET n0 . k = -876977345 CREATE ( : L0 { id : 15 } ) CREATE ( n1 { id : CASE WHEN TRUE THEN 16 END } ) WITH * OPTIONAL MATCH ()-[:TYPE]-() RETURN CASE WHEN TRUE THEN n0 END AS a0 , 1 AS a1 ;
MATCH (a) RETURN count(a);
MATCH (a) RETURN count(a);
MATCH (b)-[a]->(c) RETURN count(a);
MATCH (b)-[a]->(c) RETURN count(a);
MERGE ( :L0{id:17})-[r0 :T3{k50:false, id:18}]->({id:19}) MERGE ({id:20})-[r1 :T3{id:21}]-(n0{k24:1922861735, id:22})-[r2 :T0{k31:false, id:23}]->({id:24}) REMOVE n0.k2 RETURN n0 AS a0;
MERGE ( : L0 { id : 17 } ) - [ r0 : T3 { k50 : false , id : 18 } ] - > ( { id : 19 } ) MERGE ( { id : 20 } ) - [ r1 : T3 { id : 21 } ] - ( n0 { k24 : 1922861735 , id : 22 } ) - [ r2 : T0 { k31 : false , id : 23 } ] - > ( { id : 24 } ) REMOVE n0 . k2 WITH * RETURN n0 AS a0 LIMIT 1 ;
