-- Time: 2024/04/11 14:15:15
-- Database: janusgraph_database830
-- Database version: composite
-- seed value: 1712812407354
CREATE (n0 {id : 0});
CREATE (n0 :L4{k28 : -846296956, k27 : -81879496, k22 : true, id : 1, k24 : false, k23 : true, k26 : 'e', k25 : false});
CREATE (n0 {id : 2});
CREATE (n0 :L1{k5 : 1087555263, id : 3, k6 : -1695515143, k7 : '9', k8 : 1827296081, k9 : -166056362});
MATCH (n0 {id : 2}), (n1 {id : 1}) MERGE(n0)-[r :T4{k51 : false, k50 : false, k52 : -733926344, id : 4, k54 : -448324800}]->(n1);
MATCH (n0 {id : 3}), (n1 {id : 0}) MERGE(n0)-[r :T2{k40 : -761636910, k42 : false, k41 : 811662500, id : 5, k43 : 923669299}]->(n1);
MATCH (n0 {id : 3}), (n1 {id : 1}) MERGE(n0)-[r :T2{k39 : 1145713593, k40 : -431726711, k42 : true, k41 : 610788676, id : 6, k43 : -451937766}]->(n1);
MATCH (n0 {id : 1}), (n1 {id : 0}) MERGE(n0)-[r :T5{k55 : -293846582, id : 7, k57 : true, k56 : -1174178313, k59 : true, k58 : 118744624}]->(n1);
MATCH (n0 {id : 3}), (n1 {id : 0}) MERGE(n0)-[r :T3{k49 : 'D5TcAv', k44 : 'l', id : 8, k46 : false, k45 : false, k48 : -96047303, k47 : -989588641}]->(n1);
MATCH (n0 {id : 3}), (n1 {id : 3}) MERGE(n0)-[r :T4{k51 : true, k50 : false, k53 : -1702082061, k52 : -733926344, id : 9, k54 : -1488514014}]->(n1);
MATCH (n0 {id : 3}), (n1 {id : 3}) MERGE(n0)-[r :T5{k55 : -1201949847, id : 10, k57 : false, k56 : -1694585488, k59 : false, k58 : -1571323998}]->(n1);
OPTIONAL MATCH (n0) DETACH DELETE n0  CREATE (n1{k9:1532867074, id:11}), (n2{id:12})-[ :T4{id:13}]->(n3 :L1{id:14}) RETURN 1 AS a0, 1 AS a1;
OPTIONAL MATCH (n0) UNWIND 1 as l0 DETACH DELETE n0 CREATE ( n1 { k9 : 1532867074 , id : 11 } ) CREATE ( n2 { id : 12 } ) - [ : T4 { id : 13 } ] - > ( n3 : L1 { id : 14 } ) RETURN DISTINCT 1 AS a0 , 1 AS a1 LIMIT 1 ;
MATCH (a) RETURN count(a);
MATCH (b)-[a]->(c) RETURN count(a);
MATCH (b)-[a]->(c) RETURN count(a);
OPTIONAL MATCH (), ()-[r0]->()-[ :T2{k39:NULL}]-() WHERE ('fv' CONTAINS '1') OPTIONAL MATCH p0=( :L1)<-[*0..1]-(n0) MERGE p1=( :L1{k6:-1829262718, id:15}) RETURN n0 AS a0;
OPTIONAL MATCH (),(nn0),()-[r0]->(),(nn1),()<-[m2:T2{k39:NULL}]-(),(nn3) WHERE exists((nn0)-[r0]->(nn1)-[m2]-(nn3)) AND (( ('fv' +'') CONTAINS '1' ) )WITH * OPTIONAL MATCH p0 = ( : L1 ) < - [ * 0 .. 1 ] - ( n0 ) MERGE p1 = ( : L1 { k6 : -1829262718 , id : 15 } ) WITH * RETURN DISTINCT n0 AS a0 ;
