-- Time: 2024/04/11 14:14:40
-- Database: janusgraph_database822
-- Database version: composite
-- seed value: 1712812407346
CREATE (n0 :L0{k0 : false, k1 : 'Bj', k2 : 'AZlz', k3 : true, k4 : true, id : 0});
CREATE (n0 :L1{k5 : 'f', id : 1, k6 : 'g', k10 : 'VcV', k7 : -966333169, k8 : -1034095244, k9 : false});
CREATE (n0 :L3{k19 : '6nYtZUS', k18 : false, k20 : '5Rf', k22 : -624148811, id : 2, k21 : 'q'});
CREATE (n0 :L0{k0 : true, k1 : 'w', k2 : 'DVZqw', k4 : true, id : 3});
MATCH (n0 {id : 1}), (n1 {id : 1}) MERGE(n0)-[r :T0{k38 : 's', id : 4, k35 : -694864704, k34 : 'Rt4EhYH', k37 : true, k36 : false}]->(n1);
MATCH (n0 {id : 2}), (n1 {id : 0}) MERGE(n0)-[r :T5{k64 : 'VuxpTleu', k63 : false, k66 : 'g', id : 5, k68 : -1815550373, k67 : 'ki', k69 : false}]->(n1);
MATCH (n0 {id : 0}), (n1 {id : 2}) MERGE(n0)-[r :T4{k60 : -804153649, k62 : '9', k61 : 'y', id : 6, k57 : 2145261409, k59 : 493909559, k58 : false}]->(n1);
MERGE (n2{id:7})<-[r1 :T5{k64:'B', id:8}]-(n3{id:9})<-[r2 :T4{id:10}]-(n4{id:11}) SET n2.k=(r1.k69) REMOVE n3.k2 RETURN 1 AS a2, 1 AS a3 UNION ALL OPTIONAL MATCH (), () WHERE NULL MERGE p0=(n0 :L0{id:12}) MERGE (n1{id:13}) RETURN n1 AS a2, n0 AS a3 LIMIT 0;
MERGE ( n2 { id : CASE WHEN FALSE THEN NULL ELSE 7 END } ) < - [ r1 : T5 { k64 : 'B' , id : 8 } ] - ( n3 { id : CASE WHEN FALSE THEN NULL ELSE 9 END } ) < - [ r2 : T4 { id : 10 } ] - ( n4 { id : 11 } ) WITH * OPTIONAL MATCH ()-[:TYPE]-() SET n2 . k = ( r1 . k69 ) WITH * REMOVE n3 . k2 RETURN 1 AS a2 , 1 AS a3 SKIP 1 UNION ALL OPTIONAL MATCH (),() WHERE NULL MERGE p0 = ( n0 : L0 { id : 12 } ) WITH * MERGE ( n1 { id : 13 } ) WITH * RETURN n1 AS a2 , n0 AS a3 LIMIT 0 ;
MATCH (a) RETURN count(a);
MATCH (b)-[a]->(c) RETURN count(a);
MATCH (b)-[a]->(c) RETURN count(a);
WITH * WHERE isEmpty([startNode(NULL)]) MERGE (n0{k6:'hVzs', id:14}) SET n0.k=CASE WHEN false THEN 1546278782 END RETURN 1 AS a0;
WITH * WHERE isEmpty ( [ startNode ( NULL ) ] ) MERGE ( n0 { k6 : CASE WHEN FALSE THEN NULL ELSE 'hVzs' END , id : 14 } ) SET n0 . k = CASE WHEN false THEN CASE WHEN FALSE THEN NULL ELSE 1546278782 END END RETURN 1 AS a0 LIMIT 1 ;
MATCH (a) RETURN count(a);
MATCH (a) RETURN count(a);
MATCH (b)-[a]->(c) RETURN count(a);
MATCH (b)-[a]->(c) RETURN count(a);
UNWIND NULL AS a0 UNWIND NULL AS a1 MERGE ({id:15}) RETURN DISTINCT a1 AS a2;
UNWIND CASE WHEN FALSE THEN NULL ELSE NULL END AS a0 UNWIND NULL AS a1 WITH * MERGE ( { id : 15 } ) RETURN DISTINCT a1 AS a2 LIMIT 1 ;
