-- Time: 2024/04/11 13:59:52
-- Database: janusgraph_database622
-- Database version: composite
-- seed value: 1712812407146
CREATE (n0 :L2{k11 : '3', id : 0, k13 : true, k12 : 'Yr', k15 : false, k14 : false});
CREATE (n0 {id : 1});
CREATE (n0 {id : 2});
CREATE (n0 :L3{k17 : true, k16 : -2117170214, k19 : true, k18 : -24114247, k20 : false, id : 3});
MATCH (n0 {id : 0}), (n1 {id : 0}) MERGE(n0)-[r :T3{k49 : true, id : 4, k46 : 1337844873, k45 : true, k48 : 2052083615, k47 : 1207215084}]->(n1);
MATCH (n0 {id : 2}), (n1 {id : 3}) MERGE(n0)-[r :T3{k49 : true, k51 : false, k50 : 's', id : 5, k46 : 1337844873, k45 : true, k48 : -936971702, k47 : -1981843}]->(n1);
MATCH (n0 {id : 1}), (n1 {id : 0}) MERGE(n0)-[r :T0{k28 : -1531688166, k27 : false, k29 : 'E', k31 : 'QsplvN', k30 : -727695085, k33 : false, id : 6, k32 : 'dQ'}]->(n1);
MATCH (n0 {id : 3}), (n1 {id : 3}) MERGE(n0)-[r :T4{k53 : '0sAv2h9fC', k52 : '1QrgtW', k55 : -1328032587, id : 7, k56 : 1888829340}]->(n1);
MATCH (n0 {id : 2}), (n1 {id : 0}) MERGE(n0)-[r :T1{k39 : -1287653565, k38 : 1006835990, id : 8, k35 : 'V3z8', k34 : 'L', k37 : 911381435, k36 : '9'}]->(n1);
MATCH (n0 {id : 0}), (n1 {id : 2}) MERGE(n0)-[r :T0{k28 : -351068687, k27 : true, k29 : 'E', k31 : 'PhjH', k30 : -246664907, k33 : true, id : 9, k32 : 'TY61yKlR'}]->(n1);
WITH * CREATE ({id:10})<-[r1 :T0{k33:isEmpty(NULL), id:11}]-(n4{id:12})<-[ :T0{id:13}]-(n5{id:14}), p0=(n6{id:15})<-[r2 :T1{k39:-184892943, id:16}]-({id:17})-[ :T3{k51:toBooleanList([NULL, NULL])[toIntegerOrNull(abs(-1868817539))], id:18}]->(n9{id:19}) CREATE ({id:20}), ({id:21})-[r4 :T4{id:22}]->({id:23}) RETURN 1 AS a1, 1 AS a2;
WITH * CREATE ( { id : 10 } ) < - [ r1 : T0 { k33 : isEmpty ( NULL ) , id : 11 } ] - ( n4 { id : 12 } ) < - [ : T0 { id : 13 } ] - ( n5 { id : 14 } ) CREATE p0 = ( n6 { id : 15 } ) < - [ r2 : T1 { k39 : -184892943 , id : CASE WHEN TRUE THEN 16 END } ] - ( { id : 17 } ) - [ : T3 { k51 : (toBooleanList ( [ NULL , NULL ] ) +[]) [ toIntegerOrNull ( abs ( -1868817539 ) ) ] , id : 18 } ] - > ( n9 { id : 19 } ) CREATE ( { id : 20 } ) CREATE ( { id : 21 } ) - [ r4 : T4 { id : 22 } ] - > ( { id : CASE WHEN TRUE THEN 23 END } ) WITH * OPTIONAL MATCH ()-[:TYPE]-() RETURN CASE WHEN FALSE THEN NULL ELSE 1 END AS a1 , 1 AS a2 ORDER BY 1 ;
MATCH (a) RETURN count(a);
MATCH (b)-[a]->(c) RETURN count(a);
MATCH (b)-[a]->(c) RETURN count(a);
OPTIONAL MATCH (n0), () MERGE ({id:24})-[r0 :T1{id:25}]->(n1 :L2{id:26})-[r1 :T0{id:27}]->({id:28}) MERGE ({id:29})-[r2 :T0{id:30}]->({id:31}) RETURN n0 AS a0;
OPTIONAL MATCH ( n0 ) ,( ) MERGE ( { id : 24 } ) - [ r0 : T1 { id : 25 } ] - > ( n1 : L2 { id : 26 } ) - [ r1 : T0 { id : 27 } ] - > ( { id : 28 } ) WITH * UNWIND [NULL] as l0 MERGE ( { id : CASE WHEN TRUE THEN 29 END } ) - [ r2 : T0 { id : 30 } ] - > ( { id : 31 } ) WITH * OPTIONAL MATCH ()-[:TYPE]-() RETURN n0 AS a0 ;
