-- Time: 2024/04/11 14:22:44
-- Database: janusgraph_database931
-- Database version: composite
-- seed value: 1712812407456
CREATE (n0 {id : 0});
CREATE (n0 :L1{k5 : 'tYmt', k11 : 'wh', id : 1, k6 : 1964908262, k10 : false, k7 : true, k8 : 1130047817, k9 : false});
CREATE (n0 :L2{k17 : 'jLD', k16 : 'OUFbx10', id : 2, k13 : true, k12 : -908548227, k15 : -1907024074, k14 : 1166055964});
CREATE (n0 :L2{k17 : 'rjIt8L', k16 : 'vO', id : 3, k13 : false, k12 : 173225566, k15 : -1084993945, k14 : 1392066580});
MATCH (n0 {id : 2}), (n1 {id : 2}) MERGE(n0)-[r :T3{k60 : false, k61 : 'a', id : 4, k57 : 783764631, k56 : true, k59 : 'I'}]->(n1);
MATCH (n0 {id : 2}), (n1 {id : 3}) MERGE(n0)-[r :T4{k64 : 1265685508, k63 : true, k66 : 't', id : 5, k65 : -32767307, k68 : true, k69 : 2039948048}]->(n1);
MATCH (n0 {id : 3}), (n1 {id : 0}) MERGE(n0)-[r :T6{k80 : 372996131, k81 : 'fK3V1wOz', k75 : 'MMPgR7w', k77 : false, id : 6, k76 : 'qG7i2woB', k78 : -366740733}]->(n1);
OPTIONAL MATCH ()-[r0 :T3{k61:toStringList(keys(endNode(NULL)))[toIntegerOrNull(abs(NULL))]}]-(n0) WHERE (r0.k56) SET n0.k=(NOT ((r0.k60) IS NOT NULL)) SET n0.k=-377945257 RETURN *;
OPTIONAL MATCH ( ) - [ r0 : T3 { k61 : toStringList ( keys ( endNode ( NULL ) ) ) [ toIntegerOrNull ( abs ( NULL ) ) ] } ] - ( n0 ) WHERE ( r0 . k56 ) WITH * SET n0 . k = ( NOT ( ( r0 . k60 ) IS NOT NULL ) ) SET n0 . k = -377945257 WITH * OPTIONAL MATCH ()-[:TYPE]-() RETURN DISTINCT * ORDER BY NULL DESC ;
MATCH (a) RETURN count(a);
MATCH (b)-[a]->(c) RETURN count(a);
MATCH (b)-[a]->(c) RETURN count(a);
OPTIONAL MATCH ()<-[]-(n0) MERGE (n4{id:7})-[ :T6{id:8}]-({k17:'QSoH', id:9}) MERGE (n5 :L2{k14:-1503501583, id:10})<-[ :T4{id:11}]-(n6 :L2{k16:'ui', id:12}) RETURN n6 AS a1;
OPTIONAL MATCH ( ) < - [ ] - ( n0 ) OPTIONAL MATCH ()-[:TYPE]-() MERGE ( n4 { id : 7 } ) - [ : T6 { id : 8 } ] - ( { k17 : 'QSoH' , id : CASE WHEN FALSE THEN NULL ELSE 9 END } ) MERGE ( n5 : L2 { k14 : -1503501583 , id : CASE WHEN TRUE THEN 10 END } ) < - [ : T4 { id : 11 } ] - ( n6 : L2 { k16 : 'ui' , id : CASE WHEN TRUE THEN 12 END } ) RETURN n6 AS a1 ;
MATCH (a) RETURN count(a);
MATCH (a) RETURN count(a);
MATCH (b)-[a]->(c) RETURN count(a);
MATCH (b)-[a]->(c) RETURN count(a);
WITH NULL AS a0 MERGE ({k5:'K', id:13}) MERGE ({id:14})<-[r0 :T6{id:15}]-( :L2{id:16})-[r1 :T4{k66:reverse('zsMcH'), id:17}]-( :L2{k14:-421514695, id:18}) RETURN r1 AS a1, 1 AS a2;
WITH CASE WHEN TRUE THEN NULL END AS a0 WITH * MERGE pp0=( { k5 : 'K' , id : 13 } ) WITH * OPTIONAL MATCH ()-[:TYPE]-() MERGE ( { id : 14 } ) < - [ r0 : T6 { id : 15 } ] - ( : L2 { id : 16 } ) - [ r1 : T4 { k66 : reverse ( 'zsMcH' ) , id : 17 } ] - ( : L2 { k14 : -421514695 , id : 18 } ) RETURN r1 AS a1 , 1 AS a2 ;
MATCH (a) RETURN count(a);
MATCH (a) RETURN count(a);
MATCH (b)-[a]->(c) RETURN count(a);
MATCH (b)-[a]->(c) RETURN count(a);
CREATE ({id:19}) MERGE (n0 :L1{id:20}) DETACH DELETE n0  RETURN DISTINCT max(NULL) AS a0;
CREATE ( { id : 19 } ) WITH * UNWIND 1 as l0 MERGE ( n0 : L1 { id : 20 } ) DETACH DELETE n0 RETURN DISTINCT max ( NULL ) AS a0 ;
