-- Time: 2024/04/11 14:12:48
-- Database: janusgraph_database797
-- Database version: composite
-- seed value: 1712812407321
CREATE (n0 :L3{k17 : true, k18 : 817037908, k20 : 433694327, k22 : true, id : 0, k21 : false});
CREATE (n0 :L2{k16 : true, id : 1, k13 : false, k12 : '4Cxk', k14 : true});
CREATE (n0 :L2{k16 : false, id : 2, k13 : false, k12 : '3E', k15 : 1716113392, k14 : true});
CREATE (n0 :L2{id : 3, k13 : false, k12 : 'yd8Iy8D', k15 : 1716113392, k14 : false});
MATCH (n0 {id : 0}), (n1 {id : 0}) MERGE(n0)-[r :T1{k38 : true, id : 4, k34 : 'O', k36 : false}]->(n1);
MATCH (n0 {id : 3}), (n1 {id : 0}) MERGE(n0)-[r :T2{k39 : 'Q', k40 : false, k42 : 'sb8I', k41 : -1145835385, k44 : 1081942821, id : 5, k43 : 1992921406}]->(n1);
MATCH (n0 {id : 0}), (n1 {id : 0}) MERGE(n0)-[r :T5{k60 : -2014441448, k62 : true, k61 : false, k64 : true, k63 : -1649800448, id : 6, k59 : -866794519, k58 : 168178241}]->(n1);
MERGE (n0 :L2{id:7})-[r0 :T2{id:8}]-(n1{id:9})-[r1 :T5{k64:true, id:10}]-({id:11}) DETACH DELETE n0  MERGE ({id:12})-[ :T5{k63:-631027174, id:13}]-( :L3{id:14}) RETURN n1 AS a0, NULL AS a1;
MERGE ( n0 : L2 { id : 7 } ) - [ r0 : T2 { id : 8 } ] - ( n1 { id : 9 } ) - [ r1 : T5 { k64 : CASE WHEN FALSE THEN NULL ELSE true END , id : 10 } ] - ( { id : 11 } ) WITH * OPTIONAL MATCH ()-[:TYPE]-() WITH * CALL{WITH *DETACH DELETE n0 } MERGE ( { id : 12 } ) - [ : T5 { k63 : -631027174 , id : 13 } ] - ( : L3 { id : 14 } ) WITH * OPTIONAL MATCH ()-[:TYPE]-() RETURN n1 AS a0 , CASE WHEN FALSE THEN NULL ELSE NULL END AS a1 LIMIT 1 ;
MATCH (a) RETURN count(a);
MATCH (b)-[a]->(c) RETURN count(a);
MATCH (b)-[a]->(c) RETURN count(a);
MERGE (n0 :L3{id:15}) DETACH DELETE n0  MERGE (n1 :L3{id:16})-[r0 :T5{id:17}]->(n2{k17:false, id:18}) RETURN 1 AS a0, n2 AS a1;
MERGE ( n0 : L3 { id : 15 } ) DETACH DELETE n0 WITH * MERGE pp0=( n1 : L3 { id : 16 } ) - [ r0 : T5 { id : 17 } ] - > ( n2 { k17 : false , id : 18 } ) WITH * UNWIND [NULL] as l0 RETURN DISTINCT 1 AS a0 , n2 AS a1 ;
MATCH (a) RETURN count(a);
MATCH (a) RETURN count(a);
MATCH (b)-[a]->(c) RETURN count(a);
MATCH (b)-[a]->(c) RETURN count(a);
MATCH p0=() WHERE exists(( :L2)-[]-()) CREATE ({id:19}) DETACH DELETE p0  RETURN 1 AS a0;
MATCH p0 = ( ) WHERE exists ( ( : L2 ) - [ ] - ( ) ) OPTIONAL MATCH ()-[:TYPE]-() CREATE ( { id : 19 } ) DETACH DELETE p0 RETURN 1 AS a0 ;
