-- Time: 2024/04/11 14:04:48
-- Database: janusgraph_database689
-- Database version: composite
-- seed value: 1712812407213
CREATE (n0 :L0{k0 : false, k1 : 'H', k3 : -274788368, k4 : false, k5 : true, id : 0, k6 : 'o'});
CREATE (n0 :L1{k11 : 'i', id : 1, k10 : 501444741, k7 : false, k13 : false, k8 : 'J1J', k12 : -1916129060, k9 : 'ONI'});
CREATE (n0 :L1{k11 : 'K', id : 2, k10 : 826871940, k7 : false, k13 : false, k8 : 'iQxJdjTR', k12 : -825687373, k9 : 'E'});
CREATE (n0 :L1{k11 : 'cntD6k4sp', id : 3, k10 : 968203426, k13 : false, k8 : 'KncaHXdMw', k12 : 1289496681, k9 : 'x'});
MATCH (n0 {id : 1}), (n1 {id : 3}) MERGE(n0)-[r :T5{k62 : 1203516287, k64 : false, k63 : 'r', k66 : 'M', id : 4, k65 : 1948704503, k67 : -798738876}]->(n1);
MATCH (n0 {id : 2}), (n1 {id : 0}) MERGE(n0)-[r :T2{k44 : -1901404144, id : 5, k43 : 2022591983, k48 : 'Y', k47 : 1452739504}]->(n1);
MATCH (n0 {id : 1}), (n1 {id : 0}) MERGE(n0)-[r :T1{k39 : '2', k38 : -685735890, k40 : 'B', k42 : false, k41 : 1586947429, id : 6, k37 : -237602276, k36 : -1469041125}]->(n1);
MATCH (n0 {id : 3}), (n1 {id : 2}) MERGE(n0)-[r :T4{k60 : 'a', k55 : 'd', id : 7, k57 : false, k56 : 'y', k59 : '8hKdBVIM', k58 : 'DfZcQ'}]->(n1);
MATCH (n0 {id : 0}), (n1 {id : 2}) MERGE(n0)-[r :T3{k49 : false, k50 : 'zIN8tu3u', k53 : 'UJ2EDU', k52 : true, id : 8, k54 : false}]->(n1);
MERGE (n2{id:9})-[r1 :T1{id:10}]-(n3{k9:'2hgVkic', id:11}) SET n2.k=toStringOrNull('ELgRD1UcX') DETACH DELETE n3  RETURN DISTINCT n2 AS a1;
MERGE pp0=( n2 { id : 9 } ) - [ r1 : T1 { id : 10 } ] - ( n3 { k9 : '2hgVkic' , id : 11 } ) WITH * OPTIONAL MATCH ()-[:TYPE]-() SET n2 . k = toStringOrNull ( 'ELgRD1UcX' ) DETACH DELETE n3 RETURN DISTINCT n2 AS a1 ;
MATCH (a) RETURN count(a);
MATCH (b)-[a]->(c) RETURN count(a);
MATCH (b)-[a]->(c) RETURN count(a);
UNWIND [x IN [NULL, CASE WHEN NULL THEN NULL END]|NULL] AS a0 CREATE ({k11:'3x', id:12})-[r0 :T4{id:13}]->({id:14})<-[ :T3{k53:elementId(NULL), id:15}]-(n0 :L0{k3:toIntegerOrNull([a0, [NULL]]), id:16}) MERGE (n1{k13:true, id:17})-[r1 :T2{k46:'lRK2a2e', id:18}]-(n2{id:19})<-[r2 :T1{id:20}]-(n3{id:21}) RETURN (r2.k38) AS a1;
UNWIND [ x IN [ NULL , CASE WHEN NULL THEN NULL END ] | NULL ] AS a0 UNWIND [1] as l0 CREATE (n0 :L0{k3:toIntegerOrNull([a0, [NULL]]), id:16})-[ : T3 { k53 : elementId ( NULL ) , id : 15 } ] ->({id:14})<-[ r0 : T4 { id : 13 } ] -( { k11 : '3x' , id : CASE WHEN TRUE THEN 12 END } ) MERGE ( n1 { k13 : true , id : CASE WHEN TRUE THEN 17 END } ) - [ r1 : T2 { k46 : 'lRK2a2e' , id : CASE WHEN FALSE THEN NULL ELSE 18 END } ] - ( n2 { id : 19 } ) < - [ r2 : T1 { id : 20 } ] - ( n3 { id : 21 } ) WITH * UNWIND 1 as l1 RETURN ( r2 . k38 ) AS a1 ;
MATCH (a) RETURN count(a);
MATCH (a) RETURN count(a);
MATCH (b)-[a]->(c) RETURN count(a);
MATCH (b)-[a]->(c) RETURN count(a);
MERGE ({k8:'oh', id:22}) MERGE p0=(n0{id:23})-[r0 :T5{id:24}]-(n1 :L1{id:25}) REMOVE n1.k2 RETURN NULL AS a0;
MERGE ( { k8 : 'oh' , id : 22 } ) MERGE p0 = ( n0 { id : 23 } ) - [ r0 : T5 { id : 24 } ] - ( n1 : L1 { id : 25 } ) WITH * REMOVE n1 . k2 RETURN NULL AS a0 ;
