-- Time: 2024/04/11 13:50:14
-- Database: janusgraph_database492
-- Database version: composite
-- seed value: 1712812407015
CREATE (n0 :L5{k33 : true, id : 0, k32 : false, k35 : true, k34 : -1986636561, k37 : 'MXJp', k36 : true});
CREATE (n0 {id : 1});
CREATE (n0 :L4{k28 : 'Ztts', k27 : true, k29 : 250035018, k31 : false, k30 : false, id : 2, k25 : 'w'});
CREATE (n0 :L3{k19 : 769300603, k18 : -940281839, k20 : -1810102749, k22 : true, id : 3, k21 : 1331887766, k24 : 476832376});
MATCH (n0 {id : 2}), (n1 {id : 0}) MERGE(n0)-[r :T5{k64 : true, k66 : 722183991, id : 4, k65 : 1265675599, k68 : true, k67 : true}]->(n1);
MATCH (n0 {id : 0}), (n1 {id : 1}) MERGE(n0)-[r :T0{k39 : 'bJtmqh', k38 : -655356513, k40 : 'v', k42 : false, k41 : false, id : 5}]->(n1);
MATCH (n0 {id : 0}), (n1 {id : 3}) MERGE(n0)-[r :T1{k44 : true, id : 6, k43 : false, k46 : true, k45 : 1761381185, k47 : -1876638676}]->(n1);
MATCH (n0 {id : 0}), (n1 {id : 2}) MERGE(n0)-[r :T1{k44 : true, id : 7, k43 : true, k46 : true, k45 : -1540267777, k47 : -2064124966}]->(n1);
MATCH (n0 {id : 1}), (n1 {id : 0}) MERGE(n0)-[r :T5{k64 : false, k66 : -2089363252, id : 8, k65 : -1133886875, k68 : false, k67 : true}]->(n1);
MATCH (n0 {id : 0}), (n1 {id : 0}) MERGE(n0)-[r :T3{k53 : true, k55 : false, id : 9, k54 : 'u', k57 : true, k56 : -1025602599, k58 : 1955831883}]->(n1);
WITH * UNWIND NULL AS a0 CREATE p0=({id:10})-[ :T3{id:11}]->(n0{id:12})-[ :T0{k39:toStringOrNull(NULL), id:13}]->({id:14}), (n1{id:15}) RETURN 1 AS a1 ORDER BY NULL, a1;
WITH * OPTIONAL MATCH ()-[:TYPE]-() UNWIND NULL AS a0 CREATE p0=({id:14})<-[ : T0 { k39 : toStringOrNull ( NULL ) , id : 13 } ] -(n0{id:12})<-[ : T3 { id : 11 } ] -( { id : 10 } ) CREATE ( n1 { id : 15 } ) WITH * UNWIND 1 as l0 RETURN 1 AS a1 ORDER BY NULL, a1 ;
MATCH (a) RETURN count(a);
MATCH (b)-[a]->(c) RETURN count(a);
MATCH (b)-[a]->(c) RETURN count(a);
UNWIND NULL AS a0 UNWIND NULL AS a1 CREATE (n0{id:16})-[ :T3{id:17}]->({id:18}) RETURN 1 AS a2;
UNWIND NULL AS a0 UNWIND NULL AS a1 CREATE (n0{ id : 16 } )CREATE (n0)- [ : T3 { id : 17 } ] - > ( { id : 18 } ) RETURN DISTINCT 1 AS a2 ;
MATCH (a) RETURN count(a);
MATCH (a) RETURN count(a);
MATCH (b)-[a]->(c) RETURN count(a);
MATCH (b)-[a]->(c) RETURN count(a);
WITH * CREATE p0=(n0{k32:(false IS NULL), id:19})<-[ :T5{k68:true, id:20}]-(n1{k19:round(-650600098), id:21}) CREATE ({id:22}) RETURN 1 AS a0, 1 AS a1 UNION MATCH (n0) WHERE true DETACH DELETE n0  CREATE ({k35:CASE WHEN NULL THEN NULL END, id:23})-[r0 :T0{k39:'x', id:24}]->(n1{id:25})-[ :T5{id:26}]->({k37:NULL, id:27}), (n2 :L5{id:28})<-[ :T5{id:29}]-(n3{id:30})<-[ :T1{k43:false, id:31}]-(n4 :L5{id:32}) RETURN DISTINCT collect(NULL) AS a0, 1 AS a1;
WITH * WHERE TRUE WITH * CREATE p0 = ( n0 { k32 : ( false IS NULL ) , id : 19 } ) < - [ : T5 { k68 : CASE WHEN TRUE THEN true END , id : CASE WHEN TRUE THEN 20 END } ] - ( n1 { k19 : round ( -650600098 ) , id : 21 } ) CREATE ( { id : 22 } ) WITH * OPTIONAL MATCH ()-[:TYPE]-() RETURN 1 AS a0 , 1 AS a1 UNION MATCH ( n0 ) WHERE true FOREACH(f in [1]|DETACH DELETE n0 ) WITH * CREATE ( { k35 : CASE WHEN NULL THEN NULL END , id : 23 } ) - [ r0 : T0 { k39 : 'x' , id : 24 } ] - > ( n1 { id : CASE WHEN FALSE THEN NULL ELSE 25 END } ) - [ : T5 { id : 26 } ] - > ( { k37 : NULL , id : 27 } ) CREATE (n2: L5 { id : 28 } )CREATE (n2)< - [ : T5 { id : 29 } ] - ( n3 { id : 30 } ) < - [ : T1 { k43 : false , id : 31 } ] - ( n4 : L5 { id : 32 } ) RETURN DISTINCT collect ( NULL ) AS a0 , 1 AS a1 ;
MATCH (a) RETURN count(a);
MATCH (a) RETURN count(a);
MATCH (b)-[a]->(c) RETURN count(a);
MATCH (b)-[a]->(c) RETURN count(a);
MERGE ( :L5{id:33}) CREATE p0=({id:34}) MERGE (n0{k35:false, id:35})-[r0 :T5{id:36}]-({id:37})-[r1 :T0{id:38}]-({id:39}) RETURN n0 AS a0;
MERGE ( : L5 { id : 33 } ) WITH * CREATE p0 = ( { id : 34 } ) WITH * MERGE ( n0 { k35 : false , id : 35 } ) - [ r0 : T5 { id : 36 } ] - ( { id : 37 } ) - [ r1 : T0 { id : 38 } ] - ( { id : 39 } ) WITH * RETURN n0 AS a0 LIMIT 1 ;
