-- Time: 2024/04/11 14:09:24
-- Database: janusgraph_database751
-- Database version: composite
-- seed value: 1712812407275
CREATE (n0 :L2{k11 : 428931748, id : 0, k10 : '09yuP9Wd1', k13 : 'j', k12 : 1605579285, k14 : -113701545});
CREATE (n0 :L5{k28 : false, k27 : 'NR', k29 : -1121836003, k31 : 'uuD', k30 : false, id : 1, k32 : true});
CREATE (n0 :L0{k0 : 'ERAqobwX', k1 : true, k2 : false, k3 : -199625142, k4 : 'ipFMTVdN', id : 2});
CREATE (n0 :L1{id : 3, k6 : 'nP', k7 : -1632566907, k8 : -701343698});
MATCH (n0 {id : 0}), (n1 {id : 0}) MERGE(n0)-[r :T2{k49 : -2132603858, id : 4, k46 : true, k45 : 'E1'}]->(n1);
MATCH (n0 {id : 2}), (n1 {id : 1}) MERGE(n0)-[r :T4{k60 : -942040607, k62 : -330163926, k61 : 1350110538, id : 5, k59 : 's', k58 : 1108877855}]->(n1);
MATCH (n0 {id : 2}), (n1 {id : 0}) MERGE(n0)-[r :T2{k49 : -1711602207, k50 : false, id : 6, k46 : true, k45 : 'E1', k47 : true}]->(n1);
MATCH (n0 {id : 1}), (n1 {id : 2}) MERGE(n0)-[r :T0{k33 : true, id : 7, k35 : true, k34 : true, k37 : 1981357240, k36 : 'GL7T1'}]->(n1);
MATCH (n0 {id : 1}), (n1 {id : 0}) MERGE(n0)-[r :T3{k51 : true, k53 : false, id : 8, k54 : 1405776172, k57 : '9', k56 : 'qcUX0'}]->(n1);
MATCH (n0 {id : 2}), (n1 {id : 3}) MERGE(n0)-[r :T1{k39 : true, k38 : '1Om', k40 : false, k42 : false, k41 : 958649509, k44 : 'D4Ix5tO', id : 9, k43 : -1934312085}]->(n1);
MATCH (n0 {id : 2}), (n1 {id : 2}) MERGE(n0)-[r :T4{k60 : -16234861, k61 : 1732672698, id : 10, k59 : 'wNBk0', k58 : -97679883}]->(n1);
OPTIONAL MATCH p0=(n0 :L0{k0:NULL}), ()<-[ :T2{k48:type(NULL)}]-(n1{k0:(n0.k4)}) WHERE false MERGE (n2{k4:'C6', id:11}) SET n2.k=false RETURN p0 AS a0, 1 AS a1;
OPTIONAL MATCH p0 = ( n0 : L0 { k0 : NULL } ) ,( ) < - [ : T2 { k48 : type ( NULL ) } ] - ( n1 { k0 : ( n0 . k4 ) } ) WHERE false UNWIND [NULL] as l0 MERGE pp0=( n2 { k4 : ('C6' +'') , id : 11 } ) SET n2 . k = false WITH * RETURN p0 AS a0 , 1 AS a1 ;
MATCH (a) RETURN count(a);
MATCH (b)-[a]->(c) RETURN count(a);
MATCH (b)-[a]->(c) RETURN count(a);
WITH * CREATE ({id:12})-[ :T0{id:13}]->(n0{id:14})-[ :T4{k59:elementId(relationships(NULL)[toIntegerOrNull(abs(NULL))]), id:15}]->( :L0{id:16}) CREATE ({k14:NULL, id:17})<-[r0 :T3{id:18}]-(n1{id:19})<-[ :T4{id:20}]-(n2{id:21}), ({id:22})-[r1 :T2{k50:NULL, id:23}]->(n3{k12:1179382013, id:24})-[r2 :T2{id:25}]->(n4 :L2{id:26}) RETURN 1 AS a0, 1 AS a1 SKIP 0;
WITH * WITH * CREATE ( { id : 12 } ) - [ : T0 { id : 13 } ] - > ( n0 { id : 14 } ) - [ : T4 { k59 : elementId ( relationships ( NULL ) [ toIntegerOrNull ( abs ( NULL ) ) ] ) , id : 15 } ] - > ( : L0 { id : 16 } ) WITH * UNWIND [NULL] as l0 CREATE (m0{ k14 : NULL , id : 17 } )CREATE (m0)< - [ r0 : T3 { id : 18 } ] - ( n1 { id : 19 } ) < - [ : T4 { id : 20 } ] - ( n2 { id : 21 } ) CREATE ( { id : 22 } ) - [ r1 : T2 { k50 : CASE WHEN TRUE THEN NULL END , id : 23 } ] - > ( n3 { k12 : 1179382013 , id : CASE WHEN TRUE THEN 24 END } ) - [ r2 : T2 { id : CASE WHEN FALSE THEN NULL ELSE 25 END } ] - > ( n4 : L2 { id : 26 } ) RETURN 1 AS a0 , 1 AS a1 SKIP CASE WHEN TRUE THEN 0 END ;
MATCH (a) RETURN count(a);
MATCH (a) RETURN count(a);
MATCH (b)-[a]->(c) RETURN count(a);
MATCH (b)-[a]->(c) RETURN count(a);
MATCH ()-[*0..]->(n0)-[]->(n1 :L5) WHERE (false AND ((n1.k28) AND (n1.k28))) SET n0.k='2' MERGE ({id:27})-[r0 :T0{id:28}]-(n2 :L0{id:29}) RETURN (n2.k0) AS a0, r0 AS a1;
MATCH ( ) - [ * 0 .. ] - > ( n0 ) - [ ] - > ( n1 : L5 ) WHERE ( false AND ( ( n1 . k28 ) AND ( n1 . k28 ) ) ) SET n0 . k = '2' WITH * UNWIND 1 as l0 MERGE ( { id : 27 } ) - [ r0 : T0 { id : CASE WHEN FALSE THEN NULL ELSE 28 END } ] - ( n2 : L0 { id : 29 } ) RETURN DISTINCT ( n2 . k0 ) AS a0 , r0 AS a1 ;
