-- Time: 2024/04/11 14:28:54
-- Database: janusgraph_database1014
-- Database version: composite
-- seed value: 1712812407539
CREATE (n0 :L1{k11 : 643605215, id : 0, k10 : 'J', k7 : true, k8 : true, k9 : true});
CREATE (n0 :L0{k0 : true, k1 : 805225459, k2 : true, k3 : -338830222, k4 : -1691995922, k5 : 'OC9m', id : 1, k6 : true});
CREATE (n0 {id : 2});
CREATE (n0 {id : 3});
MATCH (n0 {id : 3}), (n1 {id : 2}) MERGE(n0)-[r :T0{k39 : true, k38 : true, k40 : -557322736, k41 : 'uCIZ3', id : 4, k35 : false, k37 : 'i', k36 : 'e'}]->(n1);
MATCH (n0 {id : 2}), (n1 {id : 3}) MERGE(n0)-[r :T0{k39 : false, k38 : false, k40 : -2059740360, k41 : 'LROVjaFr', id : 5, k35 : false, k37 : 'lQs3drAt', k36 : 'W'}]->(n1);
MATCH (n0 {id : 1}), (n1 {id : 2}) MERGE(n0)-[r :T0{k39 : false, k38 : false, k40 : -61477785, k41 : 'P', id : 6, k37 : 'i', k36 : 's'}]->(n1);
MATCH (n0 {id : 2}), (n1 {id : 1}) MERGE(n0)-[r :T0{k39 : true, k40 : -903346969, k41 : 'qw3', id : 7, k37 : 'iB', k36 : 'Ew'}]->(n1);
MATCH (n0 {id : 1}), (n1 {id : 3}) MERGE(n0)-[r :T3{k60 : -2115641781, k55 : true, id : 8, k54 : false, k57 : false, k56 : 'T8p', k59 : 'AOn', k58 : true}]->(n1);
MATCH (n0 {id : 1}), (n1 {id : 3}) MERGE(n0)-[r :T0{k39 : true, k38 : false, k40 : 1164003479, k41 : 'W007', id : 9, k35 : false, k37 : 'lQs3drAt', k36 : 'Yy'}]->(n1);
MERGE (n0{id:10})-[r0 :T0{id:11}]-(n1{id:12}) SET n0.k=-216246323 MERGE ({id:13})-[r1 :T0{k38:isEmpty([-264577892]), id:14}]-(n2{id:15}) RETURN DISTINCT *;
MERGE ( n0 { id : 10 } ) - [ r0 : T0 { id : 11 } ] - ( n1 { id : 12 } ) SET n0 . k = -216246323 MERGE ( { id : 13 } ) - [ r1 : T0 { k38 : isEmpty ( [ -264577892 ] ) , id : CASE WHEN TRUE THEN 14 END } ] - ( n2 { id : 15 } ) WITH * OPTIONAL MATCH ()-[:TYPE]-() RETURN DISTINCT * ;
MATCH (a) RETURN count(a);
MATCH (b)-[a]->(c) RETURN count(a);
MATCH (b)-[a]->(c) RETURN count(a);
MATCH p0=(), () MERGE ({id:16}) CREATE ({id:17})-[ :T0{id:18}]->(n1{id:19})<-[r1 :T0{id:20}]-(n2{id:21}) RETURN p0 AS a5;
MATCH p0 = ( ) ,( ) MERGE ( { id : CASE WHEN FALSE THEN NULL ELSE 16 END } ) CREATE ( { id : 17 } ) - [ : T0 { id : 18 } ] - > ( n1 { id : 19 } ) < - [ r1 : T0 { id : CASE WHEN FALSE THEN NULL ELSE 20 END } ] - ( n2 { id : 21 } ) RETURN p0 AS a5 ;
