-- Time: 2024/04/11 13:16:25
-- Database: janusgraph_database35
-- Database version: composite
-- seed value: 1712812406516
CREATE (n0 :L3{k18 : false, k20 : true, k22 : 'NBOK0O', id : 0, k21 : false});
CREATE (n0 :L2{k17 : -786426688, k16 : 1880378479, id : 1, k13 : 'FjJK', k12 : 'd', k15 : false, k14 : -1556988618});
CREATE (n0 :L5{k29 : true, k31 : false, k30 : true, k33 : false, id : 2, k32 : -356929387, k34 : 'mpYJq1RU'});
CREATE (n0 {id : 3});
MATCH (n0 {id : 2}), (n1 {id : 2}) MERGE(n0)-[r :T4{k64 : 'F', k66 : true, id : 4, k65 : -854421019, k68 : 'g', k67 : -786704252}]->(n1);
MATCH (n0 {id : 2}), (n1 {id : 3}) MERGE(n0)-[r :T5{k71 : false, k70 : -809759554, k73 : true, k72 : 'lg6vHxU', k74 : false, id : 5, k69 : -1479623171}]->(n1);
MATCH (n0 {id : 3}), (n1 {id : 2}) MERGE(n0)-[r :T3{k60 : 'p', k62 : 461693407, k61 : 'NRW0w', k63 : 'ytyJlfAmk', id : 6, k59 : true}]->(n1);
MATCH (n0 {id : 2}), (n1 {id : 2}) MERGE(n0)-[r :T2{k55 : 'TmbCppE', id : 7, k54 : false, k57 : -1660808946, k56 : 'sU7Jc', k58 : 'g'}]->(n1);
MATCH (n0 {id : 3}), (n1 {id : 0}) MERGE(n0)-[r :T6{k75 : false, k77 : -654442484, id : 8, k76 : 'I', k79 : true, k78 : true}]->(n1);
MATCH (n0 {id : 3}), (n1 {id : 3}) MERGE(n0)-[r :T0{k42 : 671243241, id : 9, k46 : -1499726278, k45 : 2025457306, k47 : true}]->(n1);
OPTIONAL MATCH (n0{k20:true})<-[r0]-(), ()<-[r1 :T3{k61:'v'}]-(n1)-[r2]->() WHERE (r1.k59) SET n1.k=false MERGE (n2{id:10})-[r3 :T4{id:11}]->(n3{id:12}) RETURN 1 AS a0 UNION WITH ('srze' CONTAINS ('O'+'2a')) AS a0 CREATE ({k29:a0, id:13})-[r0 :T2{id:14}]->({id:15}), (n0{id:16})-[r1 :T0{id:17}]->({id:18})-[r2 :T6{k78:(false OR (-1080346951 <= -1918824478)), id:19}]->(n1 :L3{id:20}) CREATE (n2{id:21}), (n3 :L5{id:22})-[ :T2{id:23}]->({id:24})-[ :T4{id:25}]->(n4 :L5{id:26}) RETURN 1 AS a0;
OPTIONAL MATCH (n0),()<-[r0]-(),(nn0),()<-[r1 :T3{k61:'v'}]-(n1)-[r2]->() WHERE exists((n0{k20:true})<-[r0]-(nn0)) AND (( r1 . k59 ) )WITH * SET n1 . k = CASE WHEN TRUE THEN false END MERGE ( n2 { id : 10 } ) - [ r3 : T4 { id : 11 } ] - > ( n3 { id : 12 } ) WITH * OPTIONAL MATCH ()-[:TYPE]-() RETURN 1 AS a0 UNION WITH ( 'srze' CONTAINS ( 'O' + '2a' ) ) AS a0 UNWIND 1 as l0 CREATE ( { k29 : CASE WHEN TRUE THEN a0 END , id : 13 } ) - [ r0 : T2 { id : 14 } ] - > ( { id : 15 } ) CREATE (n0{ id : CASE WHEN FALSE THEN NULL ELSE 16 END } )CREATE (n0)- [ r1 : T0 { id : 17 } ] - > ( { id : 18 } ) - [ r2 : T6 { k78 : ( false OR ( -1080346951 <= -1918824478 ) ) , id : 19 } ] - > ( n1 : L3 { id : CASE WHEN FALSE THEN NULL ELSE 20 END } ) CREATE ( n2 { id : 21 } ) CREATE ( n3 : L5 { id : 22 } ) - [ : T2 { id : 23 } ] - > ( { id : CASE WHEN TRUE THEN 24 END } ) - [ : T4 { id : 25 } ] - > ( n4 : L5 { id : 26 } ) WITH * RETURN 1 AS a0 ;
MATCH (a) RETURN count(a);
MATCH (b)-[a]->(c) RETURN count(a);
MATCH (b)-[a]->(c) RETURN count(a);
CREATE ({id:27})-[ :T0{id:28}]->({id:29})-[ :T6{k75:NULL, id:30}]->(n0 :L3{id:31}), (n1{id:32})<-[ :T5{id:33}]-(n2{id:34})-[ :T4{id:35}]->(n3 :L5{id:36}) MERGE (n4{id:37})-[r0 :T4{id:38}]-({k33:false, id:39}) CREATE ({id:40})-[ :T2{id:41}]->({id:42}), ({id:43}) RETURN *;
CREATE ( { id : 27 } ) - [ : T0 { id : 28 } ] - > ( { id : CASE WHEN TRUE THEN 29 END } ) - [ : T6 { k75 : NULL , id : CASE WHEN FALSE THEN NULL ELSE 30 END } ] - > ( n0 : L3 { id : 31 } ) CREATE (n3 :L5{id:36})<-[ : T4 { id : 35 } ] -(n2{id:34})-[ : T5 { id : 33 } ] ->( n1 { id : 32 } ) WITH * OPTIONAL MATCH ()-[:TYPE]-() MERGE ( n4 { id : 37 } ) - [ r0 : T4 { id : 38 } ] - ( { k33 : false , id : 39 } ) WITH * CREATE ( { id : 40 } ) - [ : T2 { id : 41 } ] - > ( { id : 42 } ) CREATE ( { id : 43 } ) WITH * OPTIONAL MATCH ()-[:TYPE]-() RETURN * LIMIT 1 ;
MATCH (a) RETURN count(a);
MATCH (a) RETURN count(a);
MATCH (b)-[a]->(c) RETURN count(a);
MATCH (b)-[a]->(c) RETURN count(a);
UNWIND toIntegerList(NULL) AS a0 CREATE (n0{id:44}) CREATE (n1{id:45})<-[r0 :T5{id:46}]-(n2{id:47})-[r1 :T2{id:48}]->(n3{k30:(-716234915 >= -922185906), id:49}), (n4{id:50})-[r2 :T4{id:51}]->( :L5{id:52})<-[r3 :T3{id:53}]-(n5{id:54}) RETURN a0 AS a1, 1 AS a2;
UNWIND toIntegerList ( NULL ) AS a0 CREATE ( n0 { id : CASE WHEN FALSE THEN NULL ELSE 44 END } ) WITH * OPTIONAL MATCH ()-[:TYPE]-() CREATE ( n1 { id : 45 } ) < - [ r0 : T5 { id : 46 } ] - ( n2 { id : 47 } ) - [ r1 : T2 { id : 48 } ] - > ( n3 { k30 : ( -716234915 >= -922185906 ) , id : CASE WHEN TRUE THEN 49 END } ) CREATE ( n4 { id : CASE WHEN FALSE THEN NULL ELSE 50 END } ) - [ r2 : T4 { id : 51 } ] - > ( : L5 { id : 52 } ) < - [ r3 : T3 { id : 53 } ] - ( n5 { id : 54 } ) WITH * UNWIND [NULL] as l0 RETURN a0 AS a1 , 1 AS a2 ;
MATCH (a) RETURN count(a);
MATCH (a) RETURN count(a);
MATCH (b)-[a]->(c) RETURN count(a);
MATCH (b)-[a]->(c) RETURN count(a);
OPTIONAL MATCH (n0 :L5)<-[r0]-()-[ :T5{k70:852469337}]-(n1 :L5) WHERE (n0.k33) DETACH DELETE r0  SET n1.k=(n0.k33) RETURN (n1.k34) AS a0 ORDER BY NULL DESC SKIP 0;
OPTIONAL MATCH ( n0 : L5 ) < - [ r0 ] - ( ) - [ : T5 { k70 : 852469337 } ] - ( n1 : L5 ) WHERE ( n0 . k33 ) DETACH DELETE r0 SET n1 . k = ( n0 . k33 ) WITH * RETURN ( n1 . k34 ) AS a0 ORDER BY NULL DESC ,FALSE SKIP 0 ;
MATCH (a) RETURN count(a);
MATCH (a) RETURN count(a);
MATCH (b)-[a]->(c) RETURN count(a);
MATCH (b)-[a]->(c) RETURN count(a);
MERGE ({id:55})-[r0 :T2{id:56}]->(n0{k33:false, id:57}) DETACH DELETE r0  CREATE p0=(n1{id:58})-[ :T2{id:59}]->(n2{id:60})-[ :T4{id:61}]->(n3{k30:NULL, id:62}), ( :L2{k15:NULL, id:63}) RETURN n0 AS a0;
MERGE ( { id : 55 } ) - [ r0 : T2 { id : 56 } ] - > ( n0 { k33 : false , id : 57 } ) WITH * UNWIND [1] as l0 DETACH DELETE r0 CREATE p0 = ( n1 { id : 58 } ) - [ : T2 { id : 59 } ] - > ( n2 { id : 60 } ) - [ : T4 { id : 61 } ] - > ( n3 { k30 : NULL , id : 62 } ) CREATE ( : L2 { k15 : CASE WHEN TRUE THEN NULL END , id : 63 } ) WITH * RETURN n0 AS a0 LIMIT 1 ;
