-- Time: 2024/04/11 13:32:47
-- Database: janusgraph_database256
-- Database version: composite
-- seed value: 1712812406779
CREATE (n0 :L2{k17 : 1222001226, k16 : true, id : 0, k13 : true, k12 : '6', k15 : -1738216877, k14 : false});
CREATE (n0 {id : 1});
CREATE (n0 {id : 2});
CREATE (n0 :L5{k31 : 'Z3uI9', k33 : 332020024, id : 3, k32 : 165500338, k35 : false, k34 : 93272584, k36 : 'KissulTv'});
MATCH (n0 {id : 0}), (n1 {id : 0}) MERGE(n0)-[r :T0{k39 : -1456674727, k38 : 386388797, k40 : 998352554, k42 : -1588392971, k41 : false, id : 4, k37 : 'T'}]->(n1);
MATCH (n0 {id : 0}), (n1 {id : 2}) MERGE(n0)-[r :T3{k55 : false, id : 5, k54 : true, k57 : true, k58 : 'M'}]->(n1);
MATCH (n0 {id : 1}), (n1 {id : 1}) MERGE(n0)-[r :T3{k55 : true, id : 6, k54 : true, k57 : false, k56 : 'A'}]->(n1);
UNWIND reverse(NULL) AS a0 UNWIND [relationships(NULL)[toIntegerOrNull(abs(1524692019))], relationships(NULL)[toIntegerOrNull(abs(NULL))]] AS a1 CREATE (n0 :L5{id:7}) RETURN 1 AS a2;
UNWIND CASE WHEN FALSE THEN NULL ELSE reverse ( NULL ) END AS a0 UNWIND 1 as l0 UNWIND [ relationships ( NULL ) [ CASE WHEN TRUE THEN toIntegerOrNull ( abs ( 1524692019 ) ) END ] , relationships ( NULL ) [ toIntegerOrNull ( abs ( NULL ) ) ] ] AS a1 UNWIND [1] as l1 CREATE ( n0 : L5 { id : CASE WHEN TRUE THEN 7 END } ) WITH * OPTIONAL MATCH ()-[:TYPE]-() RETURN 1 AS a2 LIMIT 1 ;
MATCH (a) RETURN count(a);
MATCH (b)-[a]->(c) RETURN count(a);
MATCH (b)-[a]->(c) RETURN count(a);
OPTIONAL MATCH p0=(), () DETACH DELETE p0  MERGE (n0{k33:-902925024, id:8}) RETURN 1 AS a0;
OPTIONAL MATCH p0=(),() WHERE TRUE FOREACH(f in [1]|DETACH DELETE CASE WHEN FALSE THEN NULL ELSE p0 END ) WITH * UNWIND [NULL] as l0 MERGE ( n0 { k33 : -902925024 , id : 8 } ) WITH * RETURN 1 AS a0 ;
MATCH (a) RETURN count(a);
MATCH (a) RETURN count(a);
MATCH (b)-[a]->(c) RETURN count(a);
MATCH (b)-[a]->(c) RETURN count(a);
MERGE ({id:9}) CREATE p0=(n0{id:10})<-[ :T0{id:11}]-(n1{id:12}) CREATE ({id:13})<-[r0 :T0{k40:-1211847027, id:14}]-(n2{id:15}) RETURN 1 AS a0;
MERGE ( { id : 9 } ) WITH * OPTIONAL MATCH ()-[:TYPE]-() CREATE (n0{ id : CASE WHEN TRUE THEN 10 END } )CREATE (n0)< - [ : T0 { id : 11 } ] - ( n1 { id : CASE WHEN FALSE THEN NULL ELSE 12 END } ) WITH * OPTIONAL MATCH ()-[:TYPE]-() CREATE ( { id : 13 } ) < - [ r0 : T0 { k40 : -1211847027 , id : 14 } ] - ( n2 { id : 15 } ) RETURN 1 AS a0 ;
