-- Time: 2024/04/11 14:16:04
-- Database: janusgraph_database841
-- Database version: composite
-- seed value: 1712812407365
CREATE (n0 :L5{k31 : 'sX', k30 : false, k33 : 'ATLS', id : 0, k32 : '8', k34 : true});
CREATE (n0 :L3{k19 : false, k20 : false, k22 : true, id : 1, k21 : 112477230, k24 : false, k23 : 'ex'});
CREATE (n0 :L4{k28 : false, k29 : -1825231931, id : 2, k25 : false});
CREATE (n0 :L1{k11 : 1886795563, id : 3, k6 : 'm', k7 : false, k9 : -1004801869});
MATCH (n0 {id : 1}), (n1 {id : 1}) MERGE(n0)-[r :T0{k42 : 'I', k41 : 1557202305, id : 4, k43 : -820345746, k46 : false, k45 : false}]->(n1);
MATCH (n0 {id : 3}), (n1 {id : 1}) MERGE(n0)-[r :T5{k71 : 'P', k70 : false, k75 : -879775164, k74 : -1109275896, id : 5}]->(n1);
MATCH (n0 {id : 1}), (n1 {id : 2}) MERGE(n0)-[r :T1{k49 : true, k51 : false, k50 : -669444334, id : 6, k47 : true}]->(n1);
MATCH (n0 {id : 1}), (n1 {id : 1}) MERGE(n0)-[r :T0{k42 : 'i', k41 : -467196675, id : 7, k46 : true, k45 : true}]->(n1);
MATCH (n0 {id : 3}), (n1 {id : 0}) MERGE(n0)-[r :T0{k42 : 'do', k41 : 1557202305, k44 : -495507093, id : 8, k43 : -1605520312, k46 : false, k45 : false}]->(n1);
MATCH (n0 {id : 1}), (n1 {id : 0}) MERGE(n0)-[r :T5{k70 : true, k73 : 341403927, k72 : -481558083, k75 : -525176134, k74 : -285978260, id : 9, k76 : -465832463}]->(n1);
MATCH (n0 {id : 3}), (n1 {id : 3}) MERGE(n0)-[r :T6{k80 : true, k82 : '2', k83 : 1978355977, id : 10, k79 : true, k78 : false}]->(n1);
UNWIND nodes(NULL) AS a0 SET a0.k=NULL REMOVE a0.k2 RETURN 1 AS a1, a0 AS a2;
UNWIND nodes ( NULL ) AS a0 SET a0 . k = NULL WITH * REMOVE a0 . k2 WITH * UNWIND [1] as l0 RETURN 1 AS a1 , a0 AS a2 ;
MATCH (a) RETURN count(a);
MATCH (b)-[a]->(c) RETURN count(a);
MATCH (b)-[a]->(c) RETURN count(a);
MERGE p0=( :L1{id:11}) CREATE (n0 :L5{id:12})<-[ :T0{k44:NULL, id:13}]-({k11:1565804353, id:14}), ( :L1{id:15})-[ :T6{id:16}]->(n1{k9:-1815048356, id:17}) CREATE p1=(n2{id:18})<-[r0 :T0{k43:-1768132915, id:19}]-({id:20}), ( :L5{k34:(NULL <> size(NULL)), id:21})<-[ :T0{k41:586002036, id:22}]-({id:23}) RETURN DISTINCT p0 AS a0;
MERGE p0 = ( : L1 { id : 11 } ) CREATE ( n0 : L5 { id : 12 } ) < - [ : T0 { k44 : NULL , id : 13 } ] - ( { k11 : 1565804353 , id : 14 } ) CREATE ( : L1 { id : 15 } ) - [ : T6 { id : 16 } ] - > ( n1 { k9 : -1815048356 , id : 17 } ) CREATE p1 = ( n2 { id : 18 } ) < - [ r0 : T0 { k43 : -1768132915 , id : 19 } ] - ( { id : 20 } ) CREATE ( : L5 { k34 : ( NULL <> size ( NULL ) ) , id : 21 } ) < - [ : T0 { k41 : 586002036 , id : 22 } ] - ( { id : 23 } ) RETURN DISTINCT p0 AS a0 ;
