-- Time: 2024/04/11 13:30:12
-- Database: janusgraph_database221
-- Database version: composite
-- seed value: 1712812406744
CREATE (n0 :L4{k28 : false, k27 : 'f', k29 : false, k30 : -290594951, id : 0, k26 : '4', k25 : 'r'});
CREATE (n0 {id : 1});
CREATE (n0 :L2{k17 : true, k19 : -1206958740, id : 2, k15 : -1577047488, k14 : 'QyiKel6Ws'});
CREATE (n0 :L3{k20 : 786338960, k22 : 'AsqGq6', id : 3, k21 : -559761634, k24 : 'aS', k23 : 1326710180});
MATCH (n0 {id : 2}), (n1 {id : 3}) MERGE(n0)-[r :T1{k39 : 's', k38 : false, k40 : true, id : 4, k37 : -1508210326, k36 : 'GUAcao'}]->(n1);
MATCH (n0 {id : 3}), (n1 {id : 2}) MERGE(n0)-[r :T2{k41 : 'lO', k44 : -923958477, id : 5, k43 : true, k46 : -186529459, k45 : 839242385, k47 : -390610545}]->(n1);
MATCH (n0 {id : 0}), (n1 {id : 0}) MERGE(n0)-[r :T3{k49 : 2001642683, k51 : 'Z2Db', k50 : 1502582627, k53 : true, k52 : 2064543822, id : 6, k54 : false}]->(n1);
MATCH (n0 {id : 0}), (n1 {id : 3}) MERGE(n0)-[r :T4{k60 : 1273124694, k61 : 'I', k55 : -1788409902, id : 7, k57 : true}]->(n1);
MATCH (n0 {id : 3}), (n1 {id : 3}) MERGE(n0)-[r :T5{k62 : '4', k64 : false, k63 : false, k66 : -1885536815, id : 8, k65 : true}]->(n1);
CREATE p0=({k29:false, id:9})-[ :T3{k48:'w', id:10}]->( :L4{id:11})-[r0 :T4{id:12}]->({id:13}) CREATE (n0{id:14}), ({id:15})<-[ :T1{id:16}]-(n1{k15:-1583778642, id:17}) CREATE (n2 :L4{id:18}) RETURN 1 AS a0, 1 AS a1;
CREATE (m0{ k29 : false , id : 9 } )CREATE (m0)- [ : T3 { k48 : 'w' , id : 10 } ] - > ( : L4 { id : 11 } ) - [ r0 : T4 { id : CASE WHEN TRUE THEN 12 END } ] - > ( { id : 13 } ) WITH * UNWIND [1] as l0 CREATE ( n0 { id : 14 } ) CREATE ( { id : 15 } ) < - [ : T1 { id : 16 } ] - ( n1 { k15 : -1583778642 , id : 17 } ) CREATE ( n2 : L4 { id : 18 } ) WITH * UNWIND [NULL] as l1 RETURN 1 AS a0 , 1 AS a1 ;
MATCH (a) RETURN count(a);
MATCH (b)-[a]->(c) RETURN count(a);
MATCH (b)-[a]->(c) RETURN count(a);
WITH DISTINCT NULL AS a0 WHERE NULL CREATE p0=(n0{id:19}), ({id:20}) CREATE (n1 :L3{k23:NULL, id:21}), (n2{id:22}) RETURN 1 AS a1;
WITH DISTINCT NULL AS a0 WHERE NULL CREATE p0 = ( n0 { id : 19 } ) CREATE ( { id : 20 } ) CREATE ( n1 : L3 { k23 : NULL , id : 21 } ) CREATE ( n2 { id : 22 } ) RETURN DISTINCT 1 AS a1 ;
