-- Time: 2024/04/11 13:48:00
-- Database: janusgraph_database462
-- Database version: composite
-- seed value: 1712812406985
CREATE (n0 :L4{k22 : 'fX', id : 0, k24 : 'HN', k23 : true, k26 : false, k25 : 1482167141});
CREATE (n0 :L1{k5 : true, id : 1, k6 : true, k10 : 2093555514, k7 : 'b', k8 : 'B', k9 : -178914101});
CREATE (n0 :L3{k17 : -1090645019, k19 : 'Ao', k18 : 1831214437, k20 : 'JiFc', id : 2, k21 : -68795476});
CREATE (n0 :L2{k16 : 'Y', k11 : 180435402, id : 3, k13 : true, k12 : 'sfN62', k15 : 'e', k14 : true});
MATCH (n0 {id : 0}), (n1 {id : 3}) MERGE(n0)-[r :T4{k55 : 'Z', id : 4, k57 : true, k56 : 1791558031, k59 : true}]->(n1);
MATCH (n0 {id : 0}), (n1 {id : 0}) MERGE(n0)-[r :T2{k49 : 'nb', k44 : 1989251310, id : 5, k46 : 'QPw3ds5', k45 : 6053331, k47 : false}]->(n1);
MATCH (n0 {id : 3}), (n1 {id : 2}) MERGE(n0)-[r :T5{k60 : true, k62 : 'V', k61 : -1810858283, k64 : 'r', k63 : false, k66 : 2085585388, id : 6, k65 : true}]->(n1);
MATCH (n0 {id : 3}), (n1 {id : 2}) MERGE(n0)-[r :T0{k33 : -888278879, id : 7, k32 : false, k35 : true, k34 : false, k36 : -1826365681}]->(n1);
MATCH (n0 {id : 2}), (n1 {id : 0}) MERGE(n0)-[r :T0{k33 : 847909769, id : 8, k32 : true, k35 : false, k34 : false, k36 : 1638606507}]->(n1);
MATCH (n0 {id : 3}), (n1 {id : 2}) MERGE(n0)-[r :T4{k55 : 'Uygfx', id : 9, k56 : -889370645, k59 : true, k58 : -1527552130}]->(n1);
MATCH (n0 {id : 2}), (n1 {id : 1}) MERGE(n0)-[r :T3{k51 : true, k52 : 359266737, id : 10, k54 : true}]->(n1);
WITH properties(endNode(NULL)) AS a0 WHERE isEmpty([x IN [toStringList([])[toIntegerOrNull(abs(-662402423))], toStringOrNull(NULL)]]) MATCH (n0)-[]-(n1)<-[]-(n2), (n0)-[]->(n3) MERGE (n4{k13:true, id:11}) RETURN n2 AS a1, NULL AS a2 UNION ALL MATCH p0=()-[r0]-(n0 :L4{k25:NULL}), ()-[]-() WHERE (725553364 <> 1043699409) CREATE (n1 :L3{id:12}) REMOVE n0.k2 RETURN 1 AS a1, n0 AS a2;
WITH properties ( CASE WHEN TRUE THEN endNode ( NULL ) END ) AS a0 WHERE isEmpty ( [ x IN [ CASE WHEN TRUE THEN toStringList ( [ ] ) [ toIntegerOrNull ( abs ( -662402423 ) ) ] END , (toStringOrNull ( NULL ) +'') ] ] ) MATCH (n0),()<-[m0]-(),(n1),()<-[m1]-(),(n2),(n0)-[]->(n3) WHERE exists((n0)-[m0]-(n1)<-[m1]-(n2)) MERGE ( n4 { k13 : true , id : 11 } ) WITH * UNWIND [1] as l0 RETURN n2 AS a1 , NULL AS a2 UNION ALL MATCH p0 = ( ) - [ r0 ] - ( n0 : L4 { k25 : NULL } ) ,( ) - [ ] - ( ) WHERE ( 725553364 <> 1043699409 ) CREATE ( n1 : L3 { id : 12 } ) REMOVE n0 . k2 RETURN DISTINCT 1 AS a1 , n0 AS a2 ;
MATCH (a) RETURN count(a);
MATCH (b)-[a]->(c) RETURN count(a);
MATCH (b)-[a]->(c) RETURN count(a);
CREATE ({id:13})<-[r0 :T5{k61:817300445, id:14}]-({id:15})-[ :T0{k36:2041731327, id:16}]->(n0{k20:'7Y', id:17}), (n1 :L4{k24:NULL, id:18}) CREATE p0=(n2{id:19}), (n3 :L4{id:20}) CREATE ( :L4{k24:'hCQB', id:21})-[r1 :T4{id:22}]->(n4{id:23})-[r2 :T4{id:24}]->(n5{k20:reverse('ov'), id:25}) RETURN 1 AS a0 UNION UNWIND [1629382677] AS a0 MERGE p0=(n0 :L2{k12:'q8G6i', id:26})-[r0 :T0{id:27}]-(n1{id:28}) MERGE ( :L3{id:29})<-[r1 :T5{id:30}]-({id:31})-[r2 :T0{k35:true, id:32}]->(n2{id:33}) RETURN n1 AS a0;
CREATE ( { id : 13 } ) < - [ r0 : T5 { k61 : CASE WHEN FALSE THEN NULL ELSE 817300445 END , id : 14 } ] - ( { id : 15 } ) - [ : T0 { k36 : 2041731327 , id : 16 } ] - > ( n0 { k20 : '7Y' , id : 17 } ) CREATE ( n1 : L4 { k24 : NULL , id : 18 } ) WITH * CREATE p0 = ( n2 { id : 19 } ) CREATE ( n3 : L4 { id : 20 } ) WITH * OPTIONAL MATCH ()-[:TYPE]-() CREATE ( : L4 { k24 : 'hCQB' , id : 21 } ) - [ r1 : T4 { id : 22 } ] - > ( n4 { id : 23 } ) - [ r2 : T4 { id : 24 } ] - > ( n5 { k20 : reverse ( ('ov' +'') ) , id : CASE WHEN FALSE THEN NULL ELSE 25 END } ) RETURN 1 AS a0 UNION UNWIND CASE WHEN FALSE THEN NULL ELSE [ 1629382677 ] END AS a0 WITH * MERGE p0 = ( n0 : L2 { k12 : ('q8G6i' +'') , id : 26 } ) - [ r0 : T0 { id : 27 } ] - ( n1 { id : 28 } ) WITH * MERGE ( : L3 { id : 29 } ) < - [ r1 : T5 { id : 30 } ] - ( { id : CASE WHEN TRUE THEN 31 END } ) - [ r2 : T0 { k35 : true , id : 32 } ] - > ( n2 { id : CASE WHEN FALSE THEN NULL ELSE 33 END } ) WITH * UNWIND [1] as l0 RETURN n1 AS a0 LIMIT 1 ;
MATCH (a) RETURN count(a);
MATCH (a) RETURN count(a);
MATCH (b)-[a]->(c) RETURN count(a);
MATCH (b)-[a]->(c) RETURN count(a);
MATCH ({k23:NULL}), p0=(n0) WHERE false UNWIND [endNode(relationships(NULL)[toIntegerOrNull(abs(-405560127))]), nodes(NULL)[toIntegerOrNull(abs(-755056876))]] AS a0 MERGE ({id:34}) RETURN *;
MATCH ()-[*0..0]-( { k23 : NULL } ) ,p0 = ( n0 ) WHERE false WITH * UNWIND [ endNode ( relationships ( NULL ) [ toIntegerOrNull ( abs ( -405560127 ) ) ] ) , nodes ( NULL ) [ toIntegerOrNull ( abs ( -755056876 ) ) ] ] AS a0 MERGE ( { id : 34 } ) WITH * UNWIND 1 as l0 RETURN DISTINCT * ;
MATCH (a) RETURN count(a);
MATCH (a) RETURN count(a);
MATCH (b)-[a]->(c) RETURN count(a);
MATCH (b)-[a]->(c) RETURN count(a);
CREATE ( :L2{k11:-411262829, id:35})-[ :T4{id:36}]->(n0 :L3{id:37}) CREATE ( :L2{id:38}) MERGE (n1{id:39})-[r0 :T0{k33:-1199816383, id:40}]-(n5{k22:'hHhRV7S', id:41})-[r2 :T2{k44:1969807956, id:42}]->( :L4{id:43}) RETURN n5 AS a0;
CREATE ( : L2 { k11 : CASE WHEN FALSE THEN NULL ELSE -411262829 END , id : 35 } ) - [ : T4 { id : 36 } ] - > ( n0 : L3 { id : 37 } ) WITH * OPTIONAL MATCH ()-[:TYPE]-() CREATE ( : L2 { id : 38 } ) MERGE ( n1 { id : CASE WHEN FALSE THEN NULL ELSE 39 END } ) - [ r0 : T0 { k33 : -1199816383 , id : 40 } ] - ( n5 { k22 : 'hHhRV7S' , id : 41 } ) - [ r2 : T2 { k44 : 1969807956 , id : 42 } ] - > ( : L4 { id : 43 } ) WITH * OPTIONAL MATCH ()-[:TYPE]-() RETURN n5 AS a0 ;
MATCH (a) RETURN count(a);
MATCH (a) RETURN count(a);
MATCH (b)-[a]->(c) RETURN count(a);
MATCH (b)-[a]->(c) RETURN count(a);
CREATE ( :L3{id:44}) MERGE ( :L3{id:45})-[r0 :T0{id:46}]->(n0{id:47})-[r1 :T2{id:48}]->( :L4{id:49}) MERGE (n1{id:50})-[r2 :T3{k52:2043718580, id:51}]-( :L3{id:52}) RETURN 1 AS a0 SKIP 1 LIMIT 1;
CREATE ( : L3 { id : 44 } ) MERGE ( : L3 { id : 45 } ) - [ r0 : T0 { id : 46 } ] - > ( n0 { id : CASE WHEN TRUE THEN 47 END } ) - [ r1 : T2 { id : 48 } ] - > ( : L4 { id : 49 } ) MERGE pp0=( n1 { id : 50 } ) - [ r2 : T3 { k52 : CASE WHEN FALSE THEN NULL ELSE 2043718580 END , id : 51 } ] - ( : L3 { id : 52 } ) RETURN 1 AS a0 SKIP 1 LIMIT 1 ;
