-- Time: 2024/04/11 13:56:39
-- Database: janusgraph_database579
-- Database version: composite
-- seed value: 1712812407103
CREATE (n0 {id : 0});
CREATE (n0 {id : 1});
CREATE (n0 :L4{k28 : 'XDf', k27 : 1366989895, k22 : true, id : 2, k24 : 575883123, k26 : false, k25 : 'WWMm'});
CREATE (n0 {id : 3});
MATCH (n0 {id : 1}), (n1 {id : 1}) MERGE(n0)-[r :T3{k53 : 'LC', k52 : -1151346961, k55 : true, id : 4, k54 : 'HwHvAP', k56 : 71574291}]->(n1);
MATCH (n0 {id : 1}), (n1 {id : 1}) MERGE(n0)-[r :T3{k53 : 'LC', k52 : 1298124641, k55 : false, id : 5, k54 : 'HwHvAP', k56 : -1075190524}]->(n1);
MATCH (n0 {id : 1}), (n1 {id : 0}) MERGE(n0)-[r :T4{k60 : 1982713469, k62 : 101907488, k61 : 1095834, k63 : false, id : 6, k57 : false, k59 : 1486787651, k58 : -1490286598}]->(n1);
MATCH (n0 {id : 0}), (n1 {id : 3}) MERGE(n0)-[r :T5{k70 : 2022010110, k64 : -1622231566, k66 : 1001168783, id : 7, k68 : 'J', k67 : false, k69 : -43972042}]->(n1);
MATCH (n0 {id : 1}), (n1 {id : 3}) MERGE(n0)-[r :T3{k53 : 'e', k55 : false, id : 8, k54 : '1'}]->(n1);
MATCH (n1) SET n1.k=NULL DETACH DELETE n1  RETURN 1 AS a2, NULL AS a3;
MATCH ( n1 ) WHERE TRUE UNWIND [NULL] as l0 SET n1 . k = NULL FOREACH(f in [1]|DETACH DELETE n1 ) RETURN DISTINCT 1 AS a2 , NULL AS a3 ;
MATCH (a) RETURN count(a);
MATCH (b)-[a]->(c) RETURN count(a);
MATCH (b)-[a]->(c) RETURN count(a);
MATCH (), (n0) WHERE true DETACH DELETE n0  MERGE (n1{id:9})-[r0 :T5{k70:-739158009, id:10}]->(n2{id:11}) RETURN 1 AS a0, n1 AS a1 ORDER BY (r0.k66);
MATCH ( ) ,( n0 ) WITH * WHERE true DETACH DELETE n0 MERGE ( n1 { id : 9 } ) - [ r0 : T5 { k70 : -739158009 , id : 10 } ] - > ( n2 { id : 11 } ) RETURN 1 AS a0 , n1 AS a1 ORDER BY (r0.k66) SKIP 1 ;
MATCH (a) RETURN count(a);
MATCH (a) RETURN count(a);
MATCH (b)-[a]->(c) RETURN count(a);
MATCH (b)-[a]->(c) RETURN count(a);
MATCH (), ()-[ :T3{k52:229869633}]-(n0)-[r0 :T4{k60:1303327557}]-(n1) SET n1.k=NULL SET n0.k=1586584676 RETURN * LIMIT 1;
MATCH ( ) ,( ) - [ : T3 { k52 : 229869633 } ] - ( n0 ) - [ r0 : T4 { k60 : 1303327557 } ] - ( n1 ) WHERE TRUE SET n1 . k = CASE WHEN TRUE THEN NULL END WITH * UNWIND [NULL] as l0 SET n0 . k = 1586584676 RETURN * LIMIT 1 ;
