-- Time: 2024/04/11 14:09:10
-- Database: janusgraph_database748
-- Database version: composite
-- seed value: 1712812407272
CREATE (n0 {id : 0});
CREATE (n0 :L3{k20 : 'h34d5VQ', k22 : true, id : 1, k21 : true, k24 : 753550016, k23 : 1160955906});
CREATE (n0 :L6{k39 : true, k40 : true, k42 : '3', k41 : false, id : 2, k43 : true});
CREATE (n0 :L3{k20 : 'f', id : 3, k21 : true, k24 : 1109923778, k23 : -1435327258, k25 : 1034624707});
MATCH (n0 {id : 0}), (n1 {id : 3}) MERGE(n0)-[r :T1{k49 : 1515842532, k51 : false, k50 : 'uCtT', k53 : 714577010, k52 : 'bXxOuqz', id : 4}]->(n1);
MATCH (n0 {id : 2}), (n1 {id : 3}) MERGE(n0)-[r :T0{k44 : 1259940446, id : 5, k46 : -181566536, k45 : false, k47 : 'eL5uq'}]->(n1);
MATCH (n0 {id : 3}), (n1 {id : 2}) MERGE(n0)-[r :T2{k60 : 'PwX', k55 : 'RCXnqfB', id : 6, k54 : false, k57 : false, k56 : -1206977888, k59 : false, k58 : -1150103270}]->(n1);
MATCH (n0 {id : 1}), (n1 {id : 1}) MERGE(n0)-[r :T0{k44 : 108685541, id : 7, k46 : -832793877, k48 : false, k47 : 'WcEo'}]->(n1);
MATCH (n0 {id : 1}), (n1 {id : 2}) MERGE(n0)-[r :T0{id : 8, k46 : 1617147034, k45 : false, k48 : false, k47 : 'k'}]->(n1);
MATCH (n0 {id : 0}), (n1 {id : 3}) MERGE(n0)-[r :T2{k60 : 'g', k55 : 'G', id : 9, k57 : false, k56 : -1928862720, k59 : false, k58 : 1519500636}]->(n1);
MATCH (n0 {id : 1}), (n1 {id : 0}) MERGE(n0)-[r :T1{k49 : 1472594044, k51 : true, k50 : 'uCtT', k53 : 1940961621, k52 : 'Y', id : 10}]->(n1);
MERGE (n0{id:11}) MERGE (n1{id:12})<-[r0 :T1{id:13}]-(n2 :L3{k23:-1537641130, id:14})-[r1 :T0{id:15}]-({k42:'H', id:16}) SET n0.k=((n2.k21) AND (n2.k21)) RETURN *, n1 AS a0;
MERGE ( n0 { id : 11 } ) MERGE ( n1 { id : 12 } ) < - [ r0 : T1 { id : 13 } ] - ( n2 : L3 { k23 : -1537641130 , id : 14 } ) - [ r1 : T0 { id : 15 } ] - ( { k42 : 'H' , id : 16 } ) WITH * OPTIONAL MATCH ()-[:TYPE]-() SET n0 . k = ( ( n2 . k21 ) AND ( n2 . k21 ) ) RETURN * , n1 AS a0 ORDER BY NULL ;
MATCH (a) RETURN count(a);
MATCH (b)-[a]->(c) RETURN count(a);
MATCH (b)-[a]->(c) RETURN count(a);
MERGE (n0 :L6{k39:false, id:17})-[r0 :T2{id:18}]-(n1 :L3{id:19})-[r1 :T2{id:20}]-({id:21}) REMOVE n0.k2 REMOVE n1.k2 RETURN 1 AS a0, (n1.k25) AS a1;
MERGE ( n0 : L6 { k39 : false , id : 17 } ) - [ r0 : T2 { id : 18 } ] - ( n1 : L3 { id : 19 } ) - [ r1 : T2 { id : 20 } ] - ( { id : 21 } ) WITH * UNWIND [1] as l0 REMOVE n0 . k2 WITH * OPTIONAL MATCH ()-[:TYPE]-() REMOVE n1 . k2 WITH * UNWIND 1 as l1 RETURN 1 AS a0 , ( n1 . k25 ) AS a1 SKIP 1 LIMIT 1 ;
