-- Time: 2024/04/11 14:08:52
-- Database: janusgraph_database744
-- Database version: composite
-- seed value: 1712812407268
CREATE (n0 :L0{k0 : true, k1 : false, k2 : -425658102, k4 : -1176874839, k5 : 'b77zlcC', id : 0});
CREATE (n0 {id : 1});
CREATE (n0 :L1{k11 : '8V27GF', id : 2, k6 : 'T', k10 : 705775269, k7 : 'm', k8 : '0Bj', k9 : 'Mqi7EltUg'});
CREATE (n0 :L1{k11 : 'C6Gp', id : 3, k6 : 'DTG', k10 : 1408133789, k7 : '5u', k8 : 'T', k9 : 'cf53'});
MATCH (n0 {id : 2}), (n1 {id : 2}) MERGE(n0)-[r :T1{k39 : true, k38 : -291609128, id : 4, k35 : -454012752, k37 : true, k36 : true}]->(n1);
MATCH (n0 {id : 1}), (n1 {id : 3}) MERGE(n0)-[r :T1{k39 : false, k38 : 775780635, k40 : false, id : 5, k35 : -454012752, k37 : true, k36 : false}]->(n1);
MATCH (n0 {id : 1}), (n1 {id : 2}) MERGE(n0)-[r :T0{k29 : true, k31 : false, k30 : 'K4tG', k33 : '30qBw4C', id : 6, k32 : true, k34 : -466647472}]->(n1);
MATCH (n0 {id : 3}), (n1 {id : 1}) MERGE(n0)-[r :T2{k42 : false, k41 : false, k44 : 'C', id : 7, k46 : false, k45 : false, k47 : 'giL'}]->(n1);
MATCH (n0 {id : 1}), (n1 {id : 1}) MERGE(n0)-[r :T1{k39 : false, k38 : -466030387, k40 : false, id : 8, k35 : -1945843079, k37 : false, k36 : false}]->(n1);
MATCH (n0 {id : 0}), (n1 {id : 0}) MERGE(n0)-[r :T2{k44 : '2Uw', id : 9, k46 : false, k45 : true}]->(n1);
MERGE (n0{id:10}) DETACH DELETE n0  CREATE ({id:11})<-[r0 :T2{id:12}]-({id:13}) RETURN 1 AS a0, 1 AS a1 UNION ALL UNWIND NULL AS a0 CREATE (n0 :L1{id:14})<-[ :T1{k35:994036708, id:15}]-({id:16})<-[ :T2{k46:true, id:17}]-(n1{id:18}), ({id:19}) CREATE (n2 :L1{id:20}) RETURN DISTINCT 1 AS a0, 1 AS a1;
MERGE ( n0 { id : 10 } ) DETACH DELETE n0 WITH * CREATE ({id:13})-[ r0 : T2 { id : 12 } ] ->( { id : 11 } ) WITH * OPTIONAL MATCH ()-[:TYPE]-() RETURN 1 AS a0 , 1 AS a1 UNION ALL UNWIND NULL AS a0 CREATE (n1{id:18})-[ : T2 { k46 : true , id : 17 } ] ->({id:16})-[ : T1 { k35 : 994036708 , id : 15 } ] ->( n0 : L1 { id : CASE WHEN FALSE THEN NULL ELSE 14 END } ) CREATE ( { id : 19 } ) CREATE ( n2 : L1 { id : 20 } ) WITH * RETURN DISTINCT CASE WHEN FALSE THEN NULL ELSE 1 END AS a0 , 1 AS a1 ;
MATCH (a) RETURN count(a);
MATCH (b)-[a]->(c) RETURN count(a);
MATCH (b)-[a]->(c) RETURN count(a);
CREATE ({k0:NULL, id:21})<-[r0 :T1{id:22}]-({id:23}), p0=({id:24})<-[ :T1{id:25}]-({id:26}) MERGE ({id:27})<-[r1 :T1{id:28}]-(n0{id:29})-[r2 :T2{k46:false, id:30}]-(n1{id:31}) REMOVE n1.k2 RETURN (r2.k42) AS a0 LIMIT 0;
CREATE ( { k0 : NULL , id : 21 } ) < - [ r0 : T1 { id : 22 } ] - ( { id : 23 } ) CREATE p0 = ( { id : 24 } ) < - [ : T1 { id : 25 } ] - ( { id : 26 } ) MERGE ( { id : 27 } ) < - [ r1 : T1 { id : 28 } ] - ( n0 { id : 29 } ) - [ r2 : T2 { k46 : false , id : 30 } ] - ( n1 { id : 31 } ) WITH * REMOVE n1 . k2 RETURN ( CASE WHEN TRUE THEN r2 . k42 END ) AS a0 ORDER BY TRUE SKIP 1 LIMIT 0 ;
