-- Time: 2024/04/11 13:34:07
-- Database: janusgraph_database274
-- Database version: composite
-- seed value: 1712812406797
CREATE (n0 :L5{k31 : 'mC', k33 : -1926269365, id : 0, k32 : 1547433934, k35 : false, k34 : -2069386407});
CREATE (n0 :L5{k31 : 'MIy', k33 : 1603474366, id : 1, k32 : 1328088548, k35 : true, k34 : 1780485784});
CREATE (n0 :L4{k28 : false, k27 : 1580046264, k29 : '6Fex55Lde', k30 : -455050101, id : 2, k25 : true});
CREATE (n0 {id : 3});
MATCH (n0 {id : 1}), (n1 {id : 0}) MERGE(n0)-[r :T0{k44 : 1492651695, id : 4, k43 : -1673285883, k46 : true, k45 : 401646974, k47 : 'blbpGut6v'}]->(n1);
MATCH (n0 {id : 3}), (n1 {id : 1}) MERGE(n0)-[r :T1{k49 : 'ED', k51 : true, k50 : 'uQX', k52 : 1846015250, id : 5}]->(n1);
MATCH (n0 {id : 0}), (n1 {id : 2}) MERGE(n0)-[r :T4{k64 : 'AM', k63 : false, k66 : -324094252, id : 6, k65 : false, k68 : 'i', k67 : true}]->(n1);
MATCH (n0 {id : 1}), (n1 {id : 2}) MERGE(n0)-[r :T3{k60 : 1684389060, k62 : 541207460, k61 : true, id : 7, k59 : false, k58 : 'h'}]->(n1);
MATCH (n0 {id : 0}), (n1 {id : 3}) MERGE(n0)-[r :T2{k53 : -2111276632, id : 8, k54 : false, k57 : -852557614, k56 : -1871559234}]->(n1);
UNWIND [(n0)-[r0]-(n1 :L5{k34:NULL})-[]-(n2)|[-2133977013]] AS a0 UNWIND ['o', toStringOrNull(NULL)] AS a1 CREATE (n3{id:9})<-[r1 :T0{id:10}]-({id:11})-[r2 :T3{id:12}]->(n4{id:13}), ({id:14})-[r3 :T2{id:15}]->(n5{id:16}) RETURN DISTINCT min(NULL) AS a2, 1 AS a3;
UNWIND [ ( n0 ) - [ r0 ] - ( n1 : L5 { k34 : NULL } ) - [ ] - ( n2 ) | [ -2133977013 ] ] AS a0 UNWIND [1] as l0 UNWIND ([ 'o' , toStringOrNull ( NULL ) ] +[]) AS a1 OPTIONAL MATCH ()-[:TYPE]-() CREATE ( n3 { id : 9 } ) < - [ r1 : T0 { id : 10 } ] - ( { id : 11 } ) - [ r2 : T3 { id : CASE WHEN FALSE THEN NULL ELSE 12 END } ] - > ( n4 { id : 13 } ) CREATE ( { id : 14 } ) - [ r3 : T2 { id : 15 } ] - > ( n5 { id : 16 } ) RETURN DISTINCT min ( NULL ) AS a2 , 1 AS a3 ORDER BY FALSE SKIP 1 ;
MATCH (a) RETURN count(a);
MATCH (b)-[a]->(c) RETURN count(a);
MATCH (b)-[a]->(c) RETURN count(a);
MATCH (), ()-[r0]-() OPTIONAL MATCH p0=()<-[r0]-(), (n0{k32:1573414601})-[r1]-(n1 :L5)<-[r2]-(n2) WHERE ('W' > 'K') SET n0.k=NULL RETURN *, (n1.k32) AS a0 ORDER BY -540923965 DESC;
MATCH ( ) ,()-[*0..0]-( ) - [ r0 ] - ( ) OPTIONAL MATCH p0=()<-[r0]-(),(n0{k32:1573414601})-[r1]-(n1 :L5)<-[r2]-(n2) WHERE CASE WHEN FALSE THEN NULL ELSE ( 'W' > 'K' ) END UNWIND [1] as l0 SET n0 . k = NULL RETURN * , CASE WHEN FALSE THEN NULL ELSE ( n1 . k32 ) END AS a0 ORDER BY -540923965 DESC ;
