-- Time: 2024/04/11 13:18:40
-- Database: janusgraph_database65
-- Database version: composite
-- seed value: 1712812406546
CREATE (n0 :L3{k17 : 'BROkqf', k18 : 'kPbl', k20 : 'kT7DkD', k22 : true, id : 0, k21 : -825678194});
CREATE (n0 :L5{k28 : true, k29 : false, k31 : true, k30 : true, id : 1, k32 : true});
CREATE (n0 :L4{k27 : 'fD8', id : 2, k24 : 'iWjp2Ph', k23 : true, k26 : 'Kg8i6F', k25 : -1252150304});
CREATE (n0 :L5{k28 : false, k29 : false, k31 : false, k30 : true, id : 3, k32 : true});
MATCH (n0 {id : 1}), (n1 {id : 0}) MERGE(n0)-[r :T3{k51 : 'EMqa', k53 : false, k52 : 2097217951, k55 : false, id : 4, k54 : true, k56 : 1562014538}]->(n1);
MATCH (n0 {id : 2}), (n1 {id : 3}) MERGE(n0)-[r :T1{k40 : -1954966397, k42 : 'oB', k41 : 'h8wPO', id : 5, k43 : false}]->(n1);
MATCH (n0 {id : 1}), (n1 {id : 3}) MERGE(n0)-[r :T4{k60 : -289754201, k62 : true, k61 : true, k64 : true, k63 : -1501258552, id : 6, k59 : false, k58 : true}]->(n1);
MATCH (n0 {id : 0}), (n1 {id : 1}) MERGE(n0)-[r :T1{k39 : false, k40 : -1800968966, k42 : '8', k41 : 'l', id : 7, k43 : false}]->(n1);
MATCH (n0 {id : 1}), (n1 {id : 1}) MERGE(n0)-[r :T4{k60 : -1908800254, k61 : false, k64 : false, k63 : 866742421, id : 8, k59 : false, k58 : true}]->(n1);
MATCH (n0 {id : 2}), (n1 {id : 0}) MERGE(n0)-[r :T0{k33 : false, id : 9, k35 : true, k34 : 'AuZ7B', k37 : false, k36 : 'w'}]->(n1);
WITH * CREATE p0=({id:10})<-[ :T1{id:11}]-( :L3{k17:'g', id:12})<-[ :T0{id:13}]-(n0{id:14}), (n1 :L5{k29:false, id:15})-[ :T4{id:16}]->(n2{id:17}) MERGE p1=(n3{id:18})-[r0 :T4{id:19}]->(n4{k29:true, id:20}) RETURN 'Z' AS a0 UNION ALL WITH 's' AS a0 CREATE ({k32:NULL, id:21}), p0=( :L4{id:22})-[r0 :T0{id:23}]->({id:24}) CREATE p1=({k28:toBooleanList(NULL)[toIntegerOrNull(abs(-167701124))], id:25}), p2=( :L4{k24:type(relationships(NULL)[toIntegerOrNull(abs(round(538025605)))]), id:26})-[r1 :T0{id:27}]->( :L3{k21:-900974252, id:28}) RETURN DISTINCT 1 AS a0;
WITH * CREATE (m0{ id : CASE WHEN TRUE THEN 10 END } )CREATE (m0)< - [ : T1 { id : 11 } ] - ( : L3 { k17 : 'g' , id : 12 } ) < - [ : T0 { id : 13 } ] - ( n0 { id : 14 } ) CREATE ( n1 : L5 { k29 : false , id : 15 } ) - [ : T4 { id : 16 } ] - > ( n2 { id : 17 } ) MERGE p1 = ( n3 { id : CASE WHEN TRUE THEN 18 END } ) - [ r0 : T4 { id : CASE WHEN TRUE THEN 19 END } ] - > ( n4 { k29 : true , id : 20 } ) RETURN 'Z' AS a0 ORDER BY NULL SKIP 1 UNION ALL WITH 's' AS a0 CREATE ( { k32 : CASE WHEN FALSE THEN NULL ELSE NULL END , id : 21 } ) CREATE (m1: L4 { id : 22 } )CREATE (m1)- [ r0 : T0 { id : 23 } ] - > ( { id : 24 } ) CREATE p1 = ( { k28 : toBooleanList ( NULL ) [ CASE WHEN FALSE THEN NULL ELSE toIntegerOrNull ( abs ( -167701124 ) ) END ] , id : 25 } ) CREATE p2 = ( : L4 { k24 : (''+type ( relationships ( NULL ) [ toIntegerOrNull ( abs ( CASE WHEN TRUE THEN round ( 538025605 ) END ) ) ] ) ), id : 26 } ) - [ r1 : T0 { id : 27 } ] - > ( : L3 { k21 : CASE WHEN FALSE THEN NULL ELSE -900974252 END , id : 28 } ) WITH * OPTIONAL MATCH ()-[:TYPE]-() RETURN DISTINCT 1 AS a0 ;
MATCH (a) RETURN count(a);
MATCH (b)-[a]->(c) RETURN count(a);
MATCH (b)-[a]->(c) RETURN count(a);
MATCH ()<-[*0..1]-({k32:NULL})-[r0]-(n0), (n1) WHERE NULL UNWIND NULL AS a0 DETACH DELETE n1  RETURN 1 AS a1, NULL AS a2 UNION WITH * MATCH (n0 :L5)-[r0 :T4{k63:337765896}]-( :L5)-[]->(n1) CREATE ({id:29}), (n2{id:30}) RETURN ('T'+NULL) AS a1, [(r0.k63)] AS a2;
MATCH ( ) < - [ * 0 .. 1 ] - ( { k32 : NULL } ) - [ r0 ] - ( n0 ) ,( n1 ) WHERE CASE WHEN TRUE THEN NULL END UNWIND CASE WHEN FALSE THEN NULL ELSE NULL END AS a0 DETACH DELETE CASE WHEN TRUE THEN n1 END WITH * UNWIND [NULL] as l0 RETURN 1 AS a1 , NULL AS a2 UNION WITH * OPTIONAL MATCH ()-[:TYPE]-() MATCH ( n0 : L5 ) - [ r0 : T4 { k63 : 337765896 } ] - ( : L5 ) - [ ] - > ( n1 ) CREATE ( { id : 29 } ) CREATE ( n2 { id : 30 } ) RETURN ( 'T' + NULL ) AS a1 , [ ( r0 . k63 ) ] AS a2 SKIP 1 ;
