-- Time: 2024/04/11 13:56:57
-- Database: janusgraph_database583
-- Database version: composite
-- seed value: 1712812407107
CREATE (n0 :L2{k17 : false, k16 : true, k18 : 'VEdHX5e', id : 0, k13 : 1081563368, k15 : true, k14 : 'z'});
CREATE (n0 :L3{k19 : true, k20 : 'RsE', id : 1, k21 : 216730285, k24 : 229172728, k23 : 294833704, k25 : 'a'});
CREATE (n0 {id : 2});
CREATE (n0 {id : 3});
MATCH (n0 {id : 3}), (n1 {id : 2}) MERGE(n0)-[r :T1{k39 : true, k40 : true, k42 : true, k41 : 'lJjETIn', k44 : -43091466, id : 4, k43 : 'f'}]->(n1);
MATCH (n0 {id : 0}), (n1 {id : 1}) MERGE(n0)-[r :T0{id : 5, k35 : false, k34 : 'm', k37 : true, k36 : false}]->(n1);
MATCH (n0 {id : 0}), (n1 {id : 2}) MERGE(n0)-[r :T3{k51 : 'I', k50 : false, k53 : 'tgl69', k55 : -138546284, id : 6, k54 : -962598996}]->(n1);
MATCH (n0 {id : 0}), (n1 {id : 2}) MERGE(n0)-[r :T5{k62 : -202779754, k64 : -243948334, k63 : 'vH0x', k66 : 'n', id : 7, k65 : false, k68 : 'BZh6u3', k67 : 'o'}]->(n1);
MATCH (n0 {id : 0}), (n1 {id : 0}) MERGE(n0)-[r :T0{k33 : 1927760575, id : 8, k34 : 'ud7', k37 : true, k36 : true}]->(n1);
MATCH (n0 {id : 3}), (n1 {id : 0}) MERGE(n0)-[r :T0{k33 : -1507598261, id : 9, k35 : true, k37 : false, k36 : false}]->(n1);
MATCH (n0 {id : 0}), (n1 {id : 2}) MERGE(n0)-[r :T3{k51 : '5qX', k50 : false, k53 : '0niCrI', k52 : 'o', k55 : -491306604, id : 10, k54 : -962598996}]->(n1);
MERGE ( :L2{id:11}) CREATE ({id:12})<-[ :T1{k44:NULL, id:13}]-(n0{id:14}) CREATE (n1{id:15}), ({id:16}) RETURN 1 AS a0, 1 AS a1;
MERGE ( : L2 { id : 11 } ) CREATE ( { id : 12 } ) < - [ : T1 { k44 : NULL , id : 13 } ] - ( n0 { id : 14 } ) WITH * CREATE ( n1 { id : 15 } ) CREATE ( { id : 16 } ) WITH * UNWIND 1 as l0 RETURN 1 AS a0 , 1 AS a1 ;
MATCH (a) RETURN count(a);
MATCH (b)-[a]->(c) RETURN count(a);
MATCH (b)-[a]->(c) RETURN count(a);
MERGE p0=({id:17}) DETACH DELETE p0  CREATE ({id:18}) RETURN false AS a0, 1 AS a1;
MERGE p0 = ( { id : 17 } ) DETACH DELETE p0 CREATE ( { id : 18 } ) WITH * UNWIND 1 as l0 RETURN false AS a0 , 1 AS a1 ORDER BY 1 ;
MATCH (a) RETURN count(a);
MATCH (a) RETURN count(a);
MATCH (b)-[a]->(c) RETURN count(a);
MATCH (b)-[a]->(c) RETURN count(a);
OPTIONAL MATCH (n0)-[]->() REMOVE n0.k2 REMOVE n0.k2 RETURN 1 AS a0, 1 AS a1;
OPTIONAL MATCH ( n0 ) - [ ] - > ( ) REMOVE n0 . k2 WITH * OPTIONAL MATCH ()-[:TYPE]-() REMOVE n0 . k2 RETURN 1 AS a0 , 1 AS a1 ;
