-- Time: 2024/04/11 13:39:53
-- Database: janusgraph_database352
-- Database version: composite
-- seed value: 1712812406875
CREATE (n0 :L2{k11 : false, id : 0, k10 : 'M', k13 : -611146541, k12 : false, k15 : true, k14 : false});
CREATE (n0 :L0{k0 : true, k1 : true, k2 : true, k3 : '9', k4 : 'E', id : 1});
CREATE (n0 {id : 2});
CREATE (n0 {id : 3});
MATCH (n0 {id : 2}), (n1 {id : 3}) MERGE(n0)-[r :T2{k53 : 'k1Vb66S', k52 : true, k55 : 'UI', id : 4, k54 : 1030577367, k56 : 'AOBYF1Pr'}]->(n1);
MATCH (n0 {id : 1}), (n1 {id : 3}) MERGE(n0)-[r :T4{k63 : 193067047, k66 : 'Twa', id : 5, k65 : 'l', k67 : false}]->(n1);
MATCH (n0 {id : 1}), (n1 {id : 0}) MERGE(n0)-[r :T2{k53 : 'Q', k52 : false, id : 6, k56 : 'A'}]->(n1);
MATCH (n0 {id : 2}), (n1 {id : 3}) MERGE(n0)-[r :T5{k71 : true, k70 : false, k73 : false, k72 : false, id : 7, k68 : 'X', k69 : 'X'}]->(n1);
MATCH (n0 {id : 1}), (n1 {id : 1}) MERGE(n0)-[r :T5{k71 : false, k70 : true, k73 : true, k72 : true, id : 8, k68 : 'np7p6N', k69 : 'l'}]->(n1);
CREATE (n0{id:9}) MERGE p0=(n1{id:10})<-[r0 :T2{k54:1156544915, id:11}]-(n2{id:12}) SET n2.k=CASE WHEN true THEN true END RETURN DISTINCT n2 AS a0;
CREATE ( n0 { id : CASE WHEN TRUE THEN 9 END } ) WITH * OPTIONAL MATCH ()-[:TYPE]-() MERGE p0 = ( n1 { id : 10 } ) < - [ r0 : T2 { k54 : CASE WHEN FALSE THEN NULL ELSE 1156544915 END , id : 11 } ] - ( n2 { id : 12 } ) WITH * UNWIND 1 as l0 SET n2 . k = CASE WHEN true THEN true END WITH * UNWIND [NULL] as l1 RETURN DISTINCT n2 AS a0 ORDER BY 1 DESC LIMIT 1 ;
MATCH (a) RETURN count(a);
MATCH (b)-[a]->(c) RETURN count(a);
MATCH (b)-[a]->(c) RETURN count(a);
MERGE (n0{id:13})-[r0 :T2{k52:false, id:14}]-(n1{id:15})<-[r1 :T5{id:16}]-({id:17}) SET n0.k=NULL CREATE ({k1:(r1.k70), id:18})-[r2 :T5{id:19}]->(n2{id:20}), ({id:21}) RETURN 1 AS a0;
MERGE ( n0 { id : 13 } ) - [ r0 : T2 { k52 : false , id : CASE WHEN TRUE THEN 14 END } ] - ( n1 { id : 15 } ) < - [ r1 : T5 { id : 16 } ] - ( { id : 17 } ) WITH * UNWIND [NULL] as l0 SET n0 . k = NULL WITH * UNWIND 1 as l1 CREATE (m0{ k1 : CASE WHEN FALSE THEN NULL ELSE ( r1 . k70 ) END , id : 18 } )CREATE (m0)- [ r2 : T5 { id : 19 } ] - > ( n2 { id : 20 } ) CREATE ( { id : 21 } ) WITH * UNWIND 1 as l2 RETURN 1 AS a0 ;
MATCH (a) RETURN count(a);
MATCH (a) RETURN count(a);
MATCH (b)-[a]->(c) RETURN count(a);
MATCH (b)-[a]->(c) RETURN count(a);
MATCH (n0)-[r0]-(), (n1{k0:false})-[]->()-[r0]->(n0) SET n1.k=NULL CREATE ({id:22})-[r1 :T5{id:23}]->(n2{id:24}), p0=({id:25})<-[ :T4{id:26}]-({id:27}) RETURN DISTINCT r0 AS a0, n0 AS a1;
MATCH ( n0 ) - [ r0 ] - ( ) ,( n1 { k0 : false } ) - [ ] - > ( ) - [ r0 ] - > ( n0 ) WHERE TRUE SET n1 . k = NULL CREATE ( { id : 22 } ) - [ r1 : T5 { id : 23 } ] - > ( n2 { id : 24 } ) CREATE (m0{ id : 25 } )CREATE (m0)< - [ : T4 { id : 26 } ] - ( { id : 27 } ) RETURN DISTINCT r0 AS a0 , CASE WHEN TRUE THEN n0 END AS a1 ;
MATCH (a) RETURN count(a);
MATCH (a) RETURN count(a);
MATCH (b)-[a]->(c) RETURN count(a);
MATCH (b)-[a]->(c) RETURN count(a);
CREATE (n0{id:28})<-[r0 :T2{id:29}]-({id:30})-[r1 :T5{id:31}]->(n1{id:32}) MERGE (n2{id:33})-[r2 :T5{id:34}]-({id:35})-[r3 :T2{k54:-576115111, id:36}]-(n3{id:37}) SET n2.k=(r3.k54) RETURN 1 AS a0, n2 AS a1 LIMIT 0;
CREATE (n1{id:32})<-[ r1 : T5 { id : 31 } ] -({id:30})-[ r0 : T2 { id : 29 } ] ->( n0 { id : 28 } ) WITH * MERGE pp0=( n2 { id : 33 } ) - [ r2 : T5 { id : 34 } ] - ( { id : 35 } ) - [ r3 : T2 { k54 : -576115111 , id : 36 } ] - ( n3 { id : 37 } ) WITH * UNWIND 1 as l0 SET n2 . k = ( r3 . k54 ) RETURN 1 AS a0 , n2 AS a1 SKIP 1 LIMIT 0 ;
