-- Time: 2024/04/11 13:36:38
-- Database: janusgraph_database308
-- Database version: composite
-- seed value: 1712812406831
CREATE (n0 :L5{k33 : 'hk5B1', id : 0, k32 : true, k35 : 'XjQAwpP6O', k34 : true, k36 : -1254670345});
CREATE (n0 {id : 1});
CREATE (n0 :L3{k19 : -533333641, k20 : 'Apjl', id : 2, k21 : true, k24 : '1', k23 : '5Es'});
CREATE (n0 :L4{k27 : false, k29 : 914473844, k31 : 'h', k30 : -1388193282, id : 3, k26 : false, k25 : false});
MATCH (n0 {id : 2}), (n1 {id : 0}) MERGE(n0)-[r :T2{k49 : 'Ndj', k51 : 684236818, k53 : -292453333, k52 : 'FCUL', id : 4, k54 : false}]->(n1);
MATCH (n0 {id : 3}), (n1 {id : 2}) MERGE(n0)-[r :T2{k49 : 'McPJoqK', k51 : -1225633116, k50 : 946942615, k53 : 1321592919, k52 : 'YYTFD', k55 : 'pW1o', id : 5, k54 : true}]->(n1);
MATCH (n0 {id : 3}), (n1 {id : 3}) MERGE(n0)-[r :T0{k39 : 416454205, k38 : 1503526679, k40 : false, k42 : -1121747367, id : 6, k43 : true, k37 : -1037001139}]->(n1);
MATCH (n0 {id : 3}), (n1 {id : 1}) MERGE(n0)-[r :T4{k64 : 1220187773, k63 : false, k66 : '6', id : 7, k65 : true, k68 : 'k', k67 : '5QRu6', k69 : false}]->(n1);
MATCH (n0 {id : 3}), (n1 {id : 0}) MERGE(n0)-[r :T5{k71 : 'bh', k73 : '4', k72 : 1100929795, k74 : -1286061491, id : 8}]->(n1);
MATCH (n0 {id : 3}), (n1 {id : 1}) MERGE(n0)-[r :T0{k39 : -1164767101, k38 : 833538038, k40 : true, k41 : 'B', id : 9, k43 : true, k37 : -202962068}]->(n1);
MERGE (n0{id:10})-[r0 :T0{id:11}]->({id:12})-[r1 :T2{id:13}]->(n1{id:14}) CREATE p0=({id:15}), ({id:16}) REMOVE n0.k2 RETURN (r0.k41) AS a0, 1 AS a1;
MERGE ( n0 { id : 10 } ) - [ r0 : T0 { id : 11 } ] - > ( { id : 12 } ) - [ r1 : T2 { id : 13 } ] - > ( n1 { id : 14 } ) WITH * CREATE p0 = ( { id : 15 } ) CREATE ( { id : CASE WHEN FALSE THEN NULL ELSE 16 END } ) WITH * WITH * CALL{WITH *REMOVE n0 . k2 } RETURN ( r0 . k41 ) AS a0 , 1 AS a1 ;
MATCH (a) RETURN count(a);
MATCH (b)-[a]->(c) RETURN count(a);
MATCH (b)-[a]->(c) RETURN count(a);
WITH max(NULL) AS a0 WHERE false MERGE p0=(n0{k34:false, id:17}) REMOVE n0.k2 RETURN 1 AS a1, p0 AS a2;
WITH max ( NULL ) AS a0 WHERE false MERGE p0 = ( n0 { k34 : false , id : 17 } ) WITH * OPTIONAL MATCH ()-[:TYPE]-() REMOVE n0 . k2 WITH * OPTIONAL MATCH ()-[:TYPE]-() RETURN 1 AS a1 , p0 AS a2 SKIP 1 ;
MATCH (a) RETURN count(a);
MATCH (a) RETURN count(a);
MATCH (b)-[a]->(c) RETURN count(a);
MATCH (b)-[a]->(c) RETURN count(a);
MATCH (n0), (n1 :L5)-[r0]-(n2) REMOVE n2.k2 SET n1.k=type(relationships(NULL)[toIntegerOrNull(abs((n1.k36)))]) RETURN 1 AS a0, n0 AS a1;
MATCH ( n0 ) ,( n1 : L5 ) - [ r0 ] - ( n2 ) FOREACH(f in [1]|REMOVE n2 . k2 ) SET n1 . k = type ( relationships ( NULL ) [ toIntegerOrNull ( abs ( ( n1 . k36 ) ) ) ] ) WITH * RETURN 1 AS a0 , n0 AS a1 ;
MATCH (a) RETURN count(a);
MATCH (a) RETURN count(a);
MATCH (b)-[a]->(c) RETURN count(a);
MATCH (b)-[a]->(c) RETURN count(a);
MATCH (n0)-[]-(), ({k34:NULL})-[ :T5{k71:'h'}]-(n1 :L4{k25:NULL})-[r0]-( :L3) DETACH DELETE r0  REMOVE n1.k2 RETURN nodes(NULL)[toIntegerOrNull(abs(756084334))] AS a0;
MATCH (n0)-[]-(),(nn0),()<-[m1:T5{k71:'h'}]-(),(n1:L4),()<-[r0]-(),(nn2:L3) WHERE exists((nn0{k34:NULL})-[m1]-(n1{k25:NULL})-[r0]-(nn2)) WITH * DETACH DELETE r0 REMOVE n1 . k2 WITH * OPTIONAL MATCH ()-[:TYPE]-() RETURN (nodes ( NULL ) +[]) [ toIntegerOrNull ( CASE WHEN FALSE THEN NULL ELSE abs ( 756084334 ) END ) ] AS a0 ;
MATCH (a) RETURN count(a);
MATCH (a) RETURN count(a);
MATCH (b)-[a]->(c) RETURN count(a);
MATCH (b)-[a]->(c) RETURN count(a);
OPTIONAL MATCH ()-[r0]-()<-[r1]-() DETACH DELETE r0  CREATE ({id:18})-[r2 :T4{id:19}]->(n0{id:20})<-[r3 :T0{k37:NULL, id:21}]-(n1{k29:NULL, id:22}), p0=({id:23})<-[r4 :T5{id:24}]-({id:25})-[ :T0{k41:(NULL+'f4m'), id:26}]->({id:27}) RETURN 1 AS a0 LIMIT 0;
OPTIONAL MATCH ( ) - [ r0 ] - ( ) < - [ r1 ] - ( ) FOREACH(f in [1]|DETACH DELETE r0 ) CREATE ( { id : 18 } ) - [ r2 : T4 { id : 19 } ] - > ( n0 { id : 20 } ) < - [ r3 : T0 { k37 : NULL , id : 21 } ] - ( n1 { k29 : NULL , id : 22 } ) CREATE p0 = ( { id : 23 } ) < - [ r4 : T5 { id : 24 } ] - ( { id : 25 } ) - [ : T0 { k41 : ( NULL + 'f4m' ) , id : 26 } ] - > ( { id : 27 } ) RETURN 1 AS a0 LIMIT 0 ;
