-- Time: 2024/04/11 14:30:59
-- Database: janusgraph_database1042
-- Database version: composite
-- seed value: 1712812407567
CREATE (n0 {id : 0});
CREATE (n0 :L5{id : 1, k32 : 'x', k35 : 'e', k34 : 'HB6', k37 : 'AOIRf8o', k36 : 1416283829});
CREATE (n0 :L4{k28 : 'sO', k27 : true, k29 : 'Y4kUF35V', k31 : 1154663853, k30 : false, id : 2});
CREATE (n0 :L6{k39 : false, k38 : true, k40 : false, k42 : 'vOJmNb', k41 : true, id : 3});
MATCH (n0 {id : 1}), (n1 {id : 2}) MERGE(n0)-[r :T5{k73 : 'BISVz0qm0', k72 : 'NeNOS', k75 : true, k74 : '4t', k77 : false, id : 4, k76 : 'E'}]->(n1);
MATCH (n0 {id : 3}), (n1 {id : 3}) MERGE(n0)-[r :T0{k49 : 'iB1', k44 : false, id : 5, k43 : 'W', k46 : 'Sp', k45 : -1269971342}]->(n1);
MATCH (n0 {id : 0}), (n1 {id : 3}) MERGE(n0)-[r :T5{k73 : 'J', k72 : 'c', k75 : true, k77 : false, id : 6, k76 : 'M'}]->(n1);
MATCH (n0 {id : 3}), (n1 {id : 1}) MERGE(n0)-[r :T6{k80 : true, k82 : false, k81 : true, id : 7, k79 : true, k78 : false}]->(n1);
MATCH (n0 {id : 1}), (n1 {id : 3}) MERGE(n0)-[r :T0{k49 : 'b', k44 : false, id : 8, k43 : 'zV', k46 : 'E', k45 : -1414372913, k48 : -293302927, k47 : 'Z8eohC1'}]->(n1);
MATCH (n0 {id : 0}), (n1 {id : 0}) MERGE(n0)-[r :T2{k60 : false, k55 : '1', id : 9, k57 : false, k56 : 'T', k59 : 606766312, k58 : '4Px7AO'}]->(n1);
MATCH () WHERE toBooleanOrNull(-267829092) UNWIND nodes(NULL) AS a0 CREATE ( :L5{id:10})<-[ :T6{id:11}]-(n1{id:12}) RETURN 1 AS a1, 1 AS a2;
MATCH ( ) WHERE CASE WHEN TRUE THEN toBooleanOrNull ( -267829092 ) END UNWIND 1 as l0 UNWIND CASE WHEN FALSE THEN NULL ELSE nodes ( NULL ) END AS a0 OPTIONAL MATCH ()-[:TYPE]-() CREATE (n1{id:12})-[ : T6 { id : 11 } ] ->( : L5 { id : 10 } ) RETURN 1 AS a1 , 1 AS a2 SKIP 1 ;
MATCH (a) RETURN count(a);
MATCH (b)-[a]->(c) RETURN count(a);
MATCH (b)-[a]->(c) RETURN count(a);
OPTIONAL MATCH (n0)-[r0]->(n1), ({k41:(('ifS'+substring('HkJjiBUOT', toIntegerOrNull(abs(NULL)), toIntegerOrNull(abs((-1171105431--1328497075))))) < 'a5MTXL0X')})-[r0]-(n0)<-[]-(n2) MERGE (n3{id:13})-[r1 :T0{id:14}]->(n4{id:15}) DETACH DELETE n0  RETURN toIntegerList([x IN [nodes(NULL)[toIntegerOrNull(abs(1412942003))], n3]|NULL]) AS a0, 1 AS a1 SKIP 1;
OPTIONAL MATCH ( n0 ) - [ r0 ] - > ( n1 ) ,( { k41 : ( ( 'ifS' + substring ( 'HkJjiBUOT' , toIntegerOrNull ( abs ( NULL ) ) , toIntegerOrNull ( abs ( ( -1171105431 - -1328497075 ) ) ) ) ) < 'a5MTXL0X' ) } ) - [ r0 ] - ( n0 ) < - [ ] - ( n2 ) MERGE ( n3 { id : 13 } ) - [ r1 : T0 { id : 14 } ] - > ( n4 { id : 15 } ) DETACH DELETE n0 WITH * UNWIND [NULL] as l0 RETURN CASE WHEN FALSE THEN NULL ELSE toIntegerList ( [ x IN [ (nodes ( NULL ) +[]) [ toIntegerOrNull ( abs ( 1412942003 ) ) ] , n3 ] | NULL ] ) END AS a0 , 1 AS a1 SKIP 1 ;
MATCH (a) RETURN count(a);
MATCH (a) RETURN count(a);
MATCH (b)-[a]->(c) RETURN count(a);
MATCH (b)-[a]->(c) RETURN count(a);
UNWIND [x IN [{k1: [NULL], k2: 'VOgk9j'}, properties(NULL)]] AS a0 OPTIONAL MATCH ( :L6) MERGE ( :L6{id:16}) RETURN 1 AS a1, 1 AS a2;
UNWIND CASE WHEN FALSE THEN NULL ELSE [ x IN [ { k1 : CASE WHEN TRUE THEN [ NULL ] END , k2 : 'VOgk9j' } , properties ( NULL ) ] ] END AS a0 OPTIONAL MATCH ()-[:TYPE]-() OPTIONAL MATCH ( : L6 ) MERGE ( : L6 { id : 16 } ) RETURN 1 AS a1 , 1 AS a2 ;
MATCH (a) RETURN count(a);
MATCH (a) RETURN count(a);
MATCH (b)-[a]->(c) RETURN count(a);
MATCH (b)-[a]->(c) RETURN count(a);
MERGE ({id:17})-[r0 :T0{k47:'5', id:18}]->(n0 :L6{id:19}) CREATE ({k32:reverse(substring((r0.k49), toIntegerOrNull(abs(385993792)), toIntegerOrNull(abs(-1914796074)))), id:20}) CREATE ( :L5{k37:'u', id:21})-[r1 :T0{id:22}]->( :L6{id:23}), ( :L6{id:24})<-[ :T0{id:25}]-(n1{id:26})<-[r2 :T6{k80:true, id:27}]-(n2 :L6{id:28}) RETURN (n0.k41) AS a0, (n0.k40) AS a1 ORDER BY NULL, a1 DESC;
MERGE ( { id : 17 } ) - [ r0 : T0 { k47 : '5' , id : 18 } ] - > ( n0 : L6 { id : 19 } ) WITH * OPTIONAL MATCH ()-[:TYPE]-() CREATE ( { k32 : reverse ( (''+substring ( ( CASE WHEN TRUE THEN r0 . k49 END ) , toIntegerOrNull ( abs ( 385993792 ) ) , toIntegerOrNull ( abs ( -1914796074 ) ) ) )) , id : 20 } ) CREATE ( : L5 { k37 : 'u' , id : 21 } ) - [ r1 : T0 { id : 22 } ] - > ( : L6 { id : 23 } ) CREATE ( : L6 { id : CASE WHEN TRUE THEN 24 END } ) < - [ : T0 { id : 25 } ] - ( n1 { id : 26 } ) < - [ r2 : T6 { k80 : true , id : 27 } ] - ( n2 : L6 { id : 28 } ) RETURN ( n0 . k41 ) AS a0 , ( n0 . k40 ) AS a1 ORDER BY NULL, a1 DESC ;
MATCH (a) RETURN count(a);
MATCH (a) RETURN count(a);
MATCH (b)-[a]->(c) RETURN count(a);
MATCH (b)-[a]->(c) RETURN count(a);
MERGE ({id:29}) CREATE p0=(n0{id:30})-[r0 :T5{id:31}]->({id:32})-[ :T0{id:33}]->( :L6{k42:NULL, id:34}) MERGE (n1{id:35})-[r1 :T5{k76:'KREUSDQ', id:36}]->( :L6{k38:false, id:37}) RETURN n1 AS a0 UNION ALL OPTIONAL MATCH ()-[r1]-() DETACH DELETE r1  MERGE (n2{id:38}) RETURN DISTINCT NULL AS a0;
MERGE ( { id : 29 } ) CREATE p0=( :L6{k42:NULL, id:34})<-[ : T0 { id : 33 } ] -({id:32})<-[ r0 : T5 { id : 31 } ] -( n0 { id : CASE WHEN TRUE THEN 30 END } ) WITH * MERGE ( n1 { id : 35 } ) - [ r1 : T5 { k76 : 'KREUSDQ' , id : CASE WHEN FALSE THEN NULL ELSE 36 END } ] - > ( : L6 { k38 : false , id : 37 } ) WITH * UNWIND [1] as l0 RETURN n1 AS a0 UNION ALL OPTIONAL MATCH (nn0),()<-[r1]-(),(nn1) WHERE exists((nn0)-[r1]-(nn1)) WITH * FOREACH(f in [1]|DETACH DELETE r1 ) WITH * OPTIONAL MATCH ()-[:TYPE]-() MERGE ( n2 { id : CASE WHEN TRUE THEN 38 END } ) RETURN DISTINCT NULL AS a0 SKIP 1 LIMIT 1 ;
