-- Time: 2024/04/11 14:20:14
-- Database: janusgraph_database897
-- Database version: composite
-- seed value: 1712812407422
CREATE (n0 :L2{k16 : true, id : 0, k12 : 347792651, k15 : 'aqjR', k14 : 1878350045});
CREATE (n0 :L3{k17 : false, k19 : false, k20 : 473850372, k22 : 'K', id : 1, k21 : 'd', k23 : 'TDg'});
CREATE (n0 :L0{k0 : 'L9', k2 : 'jrgjazK', k3 : -1503690615, k4 : true, k5 : -413476146, id : 2, k6 : 'HW'});
CREATE (n0 :L1{k11 : 'jrvU9', id : 3, k9 : true});
MATCH (n0 {id : 0}), (n1 {id : 3}) MERGE(n0)-[r :T1{k44 : 980141917, id : 4, k43 : false, k45 : true, k48 : -2004700106}]->(n1);
MATCH (n0 {id : 3}), (n1 {id : 3}) MERGE(n0)-[r :T1{id : 5, k43 : true, k46 : false, k45 : true, k48 : 343145795, k47 : false}]->(n1);
MATCH (n0 {id : 1}), (n1 {id : 0}) MERGE(n0)-[r :T2{k49 : 'KS', k51 : true, k50 : true, k53 : true, k52 : true, id : 6, k54 : 1873324093}]->(n1);
MATCH (n0 {id : 0}), (n1 {id : 2}) MERGE(n0)-[r :T4{k63 : 'WL', k66 : true, id : 7, k65 : 2092519875}]->(n1);
MATCH (n0 {id : 3}), (n1 {id : 3}) MERGE(n0)-[r :T4{k62 : 'tnmUhVQYu', k64 : 'mv', k63 : '7', k66 : true, id : 8, k65 : -1949110601}]->(n1);
MATCH (n0 {id : 1}), (n1 {id : 2}) MERGE(n0)-[r :T3{k60 : 1838396199, k61 : 'W', k55 : true, id : 9, k57 : '8Re5gnB', k56 : 'z3q', k59 : 'gyFC', k58 : false}]->(n1);
MATCH (n0 {id : 0}), (n1 {id : 0}) MERGE(n0)-[r :T3{k60 : -768402744, k61 : 'UNO', k55 : false, id : 10, k57 : 'n', k56 : 'SP', k59 : 'q', k58 : false}]->(n1);
UNWIND NULL AS a0 CREATE ( :L3{id:11})-[ :T3{id:12}]->({id:13}) CREATE ({id:14})<-[r0 :T1{k48:NULL, id:15}]-({id:16}), (n0{id:17}) RETURN 1 AS a1, 1 AS a2;
UNWIND NULL AS a0 CREATE (m0: L3 { id : 11 } )CREATE (m0)- [ : T3 { id : 12 } ] - > ( { id : 13 } ) CREATE ( { id : CASE WHEN TRUE THEN 14 END } ) < - [ r0 : T1 { k48 : NULL , id : 15 } ] - ( { id : 16 } ) CREATE ( n0 { id : 17 } ) RETURN 1 AS a1 , CASE WHEN TRUE THEN 1 END AS a2 ;
MATCH (a) RETURN count(a);
MATCH (b)-[a]->(c) RETURN count(a);
MATCH (b)-[a]->(c) RETURN count(a);
MERGE ( :L2{id:18})-[r0 :T4{k62:'U307Ur', id:19}]-(n0 :L0{k4:false, id:20})-[r1 :T3{id:21}]-(n1 :L3{id:22}) MERGE (n2 :L2{k14:493432612, id:23}) SET n0.k=true RETURN DISTINCT (634051824+-1161715228) AS a0;
MERGE pp0=( : L2 { id : 18 } ) - [ r0 : T4 { k62 : 'U307Ur' , id : CASE WHEN FALSE THEN NULL ELSE 19 END } ] - ( n0 : L0 { k4 : CASE WHEN FALSE THEN NULL ELSE false END , id : 20 } ) - [ r1 : T3 { id : 21 } ] - ( n1 : L3 { id : 22 } ) MERGE pp1=( n2 : L2 { k14 : 493432612 , id : 23 } ) SET n0 . k = true RETURN DISTINCT ( 634051824 + -1161715228 ) AS a0 ;
