-- Time: 2024/04/11 13:33:23
-- Database: janusgraph_database264
-- Database version: composite
-- seed value: 1712812406787
CREATE (n0 :L5{k31 : 44307852, k33 : true, id : 0, k32 : false, k35 : 'R', k34 : true, k36 : true});
CREATE (n0 :L0{k0 : 'O', k1 : false, k2 : 'wbAW', k5 : 2089244474, id : 1});
CREATE (n0 :L3{k17 : -1830641666, k19 : true, k18 : '0fKf', k20 : 'A', k22 : 'Fh', id : 2, k21 : -1958749931, k23 : 'y'});
CREATE (n0 :L0{k0 : 'f', k1 : true, k2 : 'RLu', k3 : 367590504, k4 : '1JVOh', k5 : -509570427, id : 3});
MATCH (n0 {id : 2}), (n1 {id : 2}) MERGE(n0)-[r :T0{id : 4, k43 : 'V', k46 : -1258107272, k47 : 'xiU'}]->(n1);
MATCH (n0 {id : 3}), (n1 {id : 0}) MERGE(n0)-[r :T6{k80 : 1458642910, k75 : 'AXI7Cs', k77 : 944462002, id : 5, k76 : 'D', k79 : -1594854632}]->(n1);
MATCH (n0 {id : 0}), (n1 {id : 2}) MERGE(n0)-[r :T2{k53 : true, id : 6, k54 : false, k57 : -2040970022, k56 : 'u'}]->(n1);
MATCH (n0 {id : 0}), (n1 {id : 1}) MERGE(n0)-[r :T1{k49 : 'fS', k51 : -49707898, k52 : 'B', id : 7, k48 : 'L'}]->(n1);
MATCH (n0 {id : 3}), (n1 {id : 1}) MERGE(n0)-[r :T2{k53 : true, k55 : 1242748540, id : 8, k54 : false, k56 : '8'}]->(n1);
CREATE (n3{id:9})<-[r0 :T2{k55:1136571334, id:10}]-( :L0{k2:CASE WHEN (NULL ENDS WITH reverse('Nd')) THEN toStringOrNull(('JRgl' ENDS WITH 'CM')) END, id:11})-[ :T6{id:12}]->({id:13}), (n4{id:14})-[r1 :T0{id:15}]->({id:16}) CREATE ( :L3{id:17})-[ :T0{k45:847584581, id:18}]->(n5 :L3{k23:NULL, id:19})<-[ :T2{id:20}]-(n6 :L5{id:21}), p1=(n7{id:22}) CREATE p2=(n8{id:23})-[r2 :T0{id:24}]->(n9{id:25}), p3=(n10{k21:-1227192847, id:26})<-[ :T2{id:27}]-( :L5{id:28})-[ :T1{id:29}]->(n11{id:30}) RETURN 1 AS a0, 1 AS a1;
CREATE (n3{ id : 9 } )CREATE (n3)< - [ r0 : T2 { k55 : CASE WHEN FALSE THEN NULL ELSE 1136571334 END , id : 10 } ] - ( : L0 { k2 : CASE WHEN ( NULL ENDS WITH reverse ( CASE WHEN FALSE THEN NULL ELSE 'Nd' END ) ) THEN toStringOrNull ( ( 'JRgl' ENDS WITH (''+'CM' )) ) END , id : CASE WHEN TRUE THEN 11 END } ) - [ : T6 { id : 12 } ] - > ( { id : 13 } ) CREATE ( n4 { id : 14 } ) - [ r1 : T0 { id : 15 } ] - > ( { id : CASE WHEN TRUE THEN 16 END } ) CREATE ( : L3 { id : 17 } ) - [ : T0 { k45 : 847584581 , id : 18 } ] - > ( n5 : L3 { k23 : NULL , id : 19 } ) < - [ : T2 { id : 20 } ] - ( n6 : L5 { id : 21 } ) CREATE p1 = ( n7 { id : 22 } ) WITH * OPTIONAL MATCH ()-[:TYPE]-() CREATE p2 = ( n8 { id : 23 } ) - [ r2 : T0 { id : 24 } ] - > ( n9 { id : 25 } ) CREATE p3 = ( n10 { k21 : -1227192847 , id : 26 } ) < - [ : T2 { id : 27 } ] - ( : L5 { id : CASE WHEN TRUE THEN 28 END } ) - [ : T1 { id : 29 } ] - > ( n11 { id : 30 } ) WITH * UNWIND [NULL] as l0 RETURN 1 AS a0 , 1 AS a1 SKIP 1 ;
MATCH (a) RETURN count(a);
MATCH (b)-[a]->(c) RETURN count(a);
MATCH (b)-[a]->(c) RETURN count(a);
UNWIND NULL AS a0 MERGE (n0{k17:1726578093, id:31}) CREATE (n1{id:32})<-[r0 :T6{k75:NULL, id:33}]-( :L0{id:34})-[r1 :T2{id:35}]->(n2{id:36}), (n3{id:37}) RETURN n0 AS a1;
UNWIND NULL AS a0 MERGE ( n0 { k17 : 1726578093 , id : 31 } ) CREATE ( n1 { id : 32 } ) < - [ r0 : T6 { k75 : CASE WHEN TRUE THEN NULL END , id : 33 } ] - ( : L0 { id : 34 } ) - [ r1 : T2 { id : 35 } ] - > ( n2 { id : 36 } ) CREATE ( n3 { id : 37 } ) WITH * OPTIONAL MATCH ()-[:TYPE]-() RETURN n0 AS a1 ORDER BY NULL ;
MATCH (a) RETURN count(a);
MATCH (a) RETURN count(a);
MATCH (b)-[a]->(c) RETURN count(a);
MATCH (b)-[a]->(c) RETURN count(a);
WITH -1441709244 AS a0 WHERE NULL CREATE p0=( :L5{k35:NULL, id:38}) CREATE p1=({k34:(NULL IS NOT NULL), id:39}) RETURN 1 AS a1;
WITH -1441709244 AS a0 WHERE NULL WITH * CREATE p0 = ( : L5 { k35 : NULL , id : 38 } ) WITH * UNWIND [1] as l0 CREATE p1 = ( { k34 : ( NULL IS NOT NULL ) , id : 39 } ) RETURN 1 AS a1 ;
MATCH (a) RETURN count(a);
MATCH (a) RETURN count(a);
MATCH (b)-[a]->(c) RETURN count(a);
MATCH (b)-[a]->(c) RETURN count(a);
MERGE ({id:40})-[r0 :T2{id:41}]->(n0{id:42}) DETACH DELETE n0  CREATE ({k22:type(CASE WHEN (false AND true) THEN relationships(NULL)[toIntegerOrNull(abs(-1834179483))] END), id:43}), (n1{id:44})<-[r1 :T2{k54:true, id:45}]-(n2{k0:toStringOrNull(NULL), id:46}) RETURN NULL AS a0 ORDER BY 1161981429, a0;
MERGE ( { id : 40 } ) - [ r0 : T2 { id : CASE WHEN FALSE THEN NULL ELSE 41 END } ] - > ( n0 { id : 42 } ) WITH * OPTIONAL MATCH ()-[:TYPE]-() FOREACH(f in [1]|DETACH DELETE n0 ) CREATE ( { k22 : (''+type ( CASE WHEN ( false AND true ) THEN relationships ( NULL ) [ toIntegerOrNull ( abs ( CASE WHEN TRUE THEN -1834179483 END ) ) ] END ) ), id : 43 } ) CREATE ( n1 { id : 44 } ) < - [ r1 : T2 { k54 : true , id : 45 } ] - ( n2 { k0 : toStringOrNull ( NULL ) , id : 46 } ) WITH * RETURN NULL AS a0 ORDER BY 1161981429, a0 ;
MATCH (a) RETURN count(a);
MATCH (a) RETURN count(a);
MATCH (b)-[a]->(c) RETURN count(a);
MATCH (b)-[a]->(c) RETURN count(a);
MERGE p0=({id:47})-[r0 :T1{id:48}]-(n0{k35:'1Rwn', id:49}) REMOVE n0.k2 SET n0.k=true RETURN DISTINCT n0 AS a0, true AS a1;
MERGE p0 = ( { id : 47 } ) - [ r0 : T1 { id : 48 } ] - ( n0 { k35 : '1Rwn' , id : 49 } ) WITH * REMOVE n0 . k2 WITH * UNWIND 1 as l0 SET n0 . k = true RETURN DISTINCT CASE WHEN FALSE THEN NULL ELSE n0 END AS a0 , true AS a1 ;
