-- Time: 2024/04/11 13:48:40
-- Database: janusgraph_database471
-- Database version: composite
-- seed value: 1712812406994
CREATE (n0 :L2{k17 : 'V', k16 : 'Z', k19 : false, k18 : 255027985, k20 : 'pZS', id : 0, k15 : true, k14 : 'm'});
CREATE (n0 :L3{k22 : 'cRo', id : 1, k21 : '0', k24 : false, k23 : false, k26 : '8KqvM9', k25 : true});
CREATE (n0 :L2{k17 : '7zJYUkk3K', k16 : 'e', k19 : true, k18 : 1171047391, k20 : 'c', id : 2, k15 : true, k14 : 'm'});
CREATE (n0 :L5{k39 : 580799360, k38 : 'WMV0', id : 3, k35 : true, k34 : 'P', k37 : -1713545350, k36 : true});
MATCH (n0 {id : 0}), (n1 {id : 3}) MERGE(n0)-[r :T5{k71 : -299547733, k70 : 's', id : 4, k68 : 'D06f', k67 : false}]->(n1);
MATCH (n0 {id : 1}), (n1 {id : 0}) MERGE(n0)-[r :T0{k40 : '1', k42 : 'YJ', k41 : 'foyz', k44 : false, id : 5, k43 : 'YM1ANX', k45 : 'wEtA52'}]->(n1);
MATCH (n0 {id : 2}), (n1 {id : 1}) MERGE(n0)-[r :T5{k71 : -385321285, id : 6, k68 : 'tI', k69 : 330640285}]->(n1);
MATCH (n0 {id : 2}), (n1 {id : 2}) MERGE(n0)-[r :T1{k49 : false, k50 : -154729159, id : 7, k46 : false, k48 : -1347631691, k47 : 'm'}]->(n1);
MATCH (n0 {id : 0}), (n1 {id : 0}) MERGE(n0)-[r :T1{k49 : true, k50 : -1503513520, id : 8, k46 : true, k48 : 1333561549, k47 : 'n'}]->(n1);
UNWIND NULL AS a0 MERGE ({id:9})-[r0 :T0{id:10}]-({id:11})-[r1 :T1{id:12}]-(n0 :L2{id:13}) MERGE ({k17:'Q', id:14}) RETURN 1 AS a1, ((r1.k50)*-1735546165) AS a2;
UNWIND NULL AS a0 MERGE ( { id : 9 } ) - [ r0 : T0 { id : 10 } ] - ( { id : CASE WHEN FALSE THEN NULL ELSE 11 END } ) - [ r1 : T1 { id : 12 } ] - ( n0 : L2 { id : 13 } ) MERGE ( { k17 : 'Q' , id : CASE WHEN FALSE THEN NULL ELSE 14 END } ) RETURN 1 AS a1 , ( ( r1 . k50 ) * -1735546165 ) AS a2 ORDER BY NULL ;
MATCH (a) RETURN count(a);
MATCH (b)-[a]->(c) RETURN count(a);
MATCH (b)-[a]->(c) RETURN count(a);
CREATE (n0{k14:elementId(NULL), id:15}), ({id:16})-[ :T5{id:17}]->(n1{id:18})-[r0 :T0{id:19}]->(n2{id:20}) MERGE ( :L2{id:21}) MERGE ( :L2{id:22}) RETURN 1 AS a0;
CREATE ( n0 { k14 : elementId ( CASE WHEN FALSE THEN NULL ELSE NULL END ) , id : 15 } ) CREATE ( { id : 16 } ) - [ : T5 { id : 17 } ] - > ( n1 { id : 18 } ) - [ r0 : T0 { id : 19 } ] - > ( n2 { id : 20 } ) MERGE ( : L2 { id : 21 } ) MERGE ( : L2 { id : 22 } ) RETURN 1 AS a0 SKIP 1 ;
MATCH (a) RETURN count(a);
MATCH (a) RETURN count(a);
MATCH (b)-[a]->(c) RETURN count(a);
MATCH (b)-[a]->(c) RETURN count(a);
MATCH (n0) DETACH DELETE n0  CREATE (n1{id:23})-[r0 :T1{id:24}]->({k20:(NULL+reverse('AJQWPK5oo')), id:25}), (n2 :L5{k37:NULL, id:26})<-[r1 :T5{id:27}]-( :L2{id:28}) RETURN 1 AS a0, 1 AS a1 UNION ALL MATCH (), ({k25:true})-[*0..]-()-[ :T1{k46:NULL}]-() OPTIONAL MATCH (), () CREATE (n0 :L3{k21:'7', id:29})-[r0 :T0{id:30}]->(n1{id:31})-[ :T1{k50:NULL, id:32}]->(n2{id:33}), ( :L3{id:34}) RETURN 1 AS a0, 1 AS a1;
MATCH ( n0 ) WITH * CALL{WITH *DETACH DELETE CASE WHEN FALSE THEN NULL ELSE n0 END } CREATE (n1{ id : 23 } )CREATE (n1)- [ r0 : T1 { id : 24 } ] - > ( { k20 : ( NULL + reverse ( 'AJQWPK5oo' ) ) , id : 25 } ) CREATE ( n2 : L5 { k37 : NULL , id : CASE WHEN FALSE THEN NULL ELSE 26 END } ) < - [ r1 : T5 { id : 27 } ] - ( : L2 { id : 28 } ) RETURN 1 AS a0 , 1 AS a1 SKIP 1 UNION ALL MATCH ( ) ,()-[*0..0]-( { k25 : true } ) - [ * 0 .. ] - ( ) - [ : T1 { k46 : NULL } ] - ( ) WITH * WITH * OPTIONAL MATCH ( ) ,( ) CREATE (n0: L3 { k21 : '7' , id : 29 } )CREATE (n0)- [ r0 : T0 { id : 30 } ] - > ( n1 { id : 31 } ) - [ : T1 { k50 : NULL , id : CASE WHEN FALSE THEN NULL ELSE 32 END } ] - > ( n2 { id : 33 } ) CREATE ( : L3 { id : 34 } ) WITH * RETURN 1 AS a0 , 1 AS a1 ;
MATCH (a) RETURN count(a);
MATCH (a) RETURN count(a);
MATCH (b)-[a]->(c) RETURN count(a);
MATCH (b)-[a]->(c) RETURN count(a);
MATCH ( :L2{k16:'QL'}), (n0 :L2)-[]-(n1) CREATE ({id:35})-[ :T5{k70:(n0.k16), id:36}]->({k38:toStringList(NULL)[toIntegerOrNull(abs((n0.k18)))], id:37}), ({id:38})-[r0 :T5{id:39}]->(n2{id:40}) MERGE p0=( :L2{id:41}) RETURN p0 AS a0, n1 AS a1;
MATCH ( :L2{k16:'QL'}),(n0 :L2)-[]-(n1) CREATE (m0{ id : 35 } )CREATE (m0)- [ : T5 { k70 : ( CASE WHEN TRUE THEN n0 . k16 END ) , id : 36 } ] - > ( { k38 : toStringList ( NULL ) [ toIntegerOrNull ( abs ( ( n0 . k18 ) ) ) ] , id : 37 } ) CREATE ( { id : 38 } ) - [ r0 : T5 { id : CASE WHEN FALSE THEN NULL ELSE 39 END } ] - > ( n2 { id : 40 } ) MERGE p0 = ( : L2 { id : 41 } ) RETURN CASE WHEN FALSE THEN NULL ELSE p0 END AS a0 , n1 AS a1 ;
MATCH (a) RETURN count(a);
MATCH (a) RETURN count(a);
MATCH (b)-[a]->(c) RETURN count(a);
MATCH (b)-[a]->(c) RETURN count(a);
MERGE ({id:42})<-[r0 :T5{k68:'tu7ZNDK', id:43}]-(n0{id:44}) SET n0.k=CASE WHEN (r0.k67) THEN (r0.k67) END DETACH DELETE n0  RETURN 1 AS a0, NULL AS a1;
MERGE ( { id : 42 } ) < - [ r0 : T5 { k68 : 'tu7ZNDK' , id : 43 } ] - ( n0 { id : 44 } ) WITH * UNWIND [1] as l0 SET n0 . k = CASE WHEN ( r0 . k67 ) THEN ( r0 . k67 ) END DETACH DELETE n0 RETURN 1 AS a0 , NULL AS a1 ;
MATCH (a) RETURN count(a);
MATCH (a) RETURN count(a);
MATCH (b)-[a]->(c) RETURN count(a);
MATCH (b)-[a]->(c) RETURN count(a);
UNWIND [properties(relationships(NULL)[toIntegerOrNull(abs(795950691))])] AS a0 CREATE (n0{id:45})-[ :T0{id:46}]->(n1 :L2{id:47}) MERGE ( :L2{k20:'S', id:48})-[r0 :T1{id:49}]-({k20:'ngROWO', id:50}) RETURN a0 AS a1;
UNWIND CASE WHEN FALSE THEN NULL ELSE [ properties ( relationships ( NULL ) [ toIntegerOrNull ( abs ( 795950691 ) ) ] ) ] END AS a0 UNWIND [NULL] as l0 CREATE (n0{ id : 45 } )CREATE (n0)- [ : T0 { id : 46 } ] - > ( n1 : L2 { id : 47 } ) MERGE ( : L2 { k20 : 'S' , id : 48 } ) - [ r0 : T1 { id : 49 } ] - ( { k20 : 'ngROWO' , id : 50 } ) RETURN CASE WHEN FALSE THEN NULL ELSE a0 END AS a1 ;
MATCH (a) RETURN count(a);
MATCH (a) RETURN count(a);
MATCH (b)-[a]->(c) RETURN count(a);
MATCH (b)-[a]->(c) RETURN count(a);
CREATE (n0 :L3{k25:NULL, id:51}) MERGE (n1{k39:-623466267, id:52})<-[r0 :T5{id:53}]-(n2 :L2{id:54}) CREATE p0=(n3{k17:reverse('O6Eda'), id:55}) RETURN 1 AS a0, 1 AS a1;
CREATE ( n0 : L3 { k25 : NULL , id : 51 } ) MERGE ( n1 { k39 : -623466267 , id : 52 } ) < - [ r0 : T5 { id : 53 } ] - ( n2 : L2 { id : 54 } ) WITH * CREATE p0 = ( n3 { k17 : reverse ( 'O6Eda' ) , id : 55 } ) RETURN 1 AS a0 , 1 AS a1 SKIP 1 ;
MATCH (a) RETURN count(a);
MATCH (a) RETURN count(a);
MATCH (b)-[a]->(c) RETURN count(a);
MATCH (b)-[a]->(c) RETURN count(a);
MATCH () MATCH (n0{k18:NULL}) REMOVE n0.k2 RETURN DISTINCT [[false, NULL]] AS a0 UNION ALL MERGE p0=(n0 :L3{k26:'xx1lUi6', id:56})<-[r0 :T5{id:57}]-(n1{id:58}) DETACH DELETE r0  CREATE p1=({id:59}) RETURN false AS a0;
MATCH ( ) MATCH (n0) WHERE n0.k18=NULL WITH * REMOVE n0 . k2 RETURN DISTINCT [ [ false , NULL ] ] AS a0 UNION ALL MERGE p0 = ( n0 : L3 { k26 : ('xx1lUi6' +'') , id : 56 } ) < - [ r0 : T5 { id : 57 } ] - ( n1 { id : 58 } ) DETACH DELETE r0 WITH * CREATE p1 = ( { id : 59 } ) WITH * OPTIONAL MATCH ()-[:TYPE]-() RETURN false AS a0 ;
