-- Time: 2024/04/11 13:40:29
-- Database: janusgraph_database360
-- Database version: composite
-- seed value: 1712812406883
CREATE (n0 :L0{k0 : true, k1 : 'z', k2 : 'c', k3 : false, k4 : '8', id : 0});
CREATE (n0 :L0{k0 : false, k2 : 'l', k3 : false, k4 : 'IAH2qY', k5 : true, id : 1});
CREATE (n0 :L5{k31 : -1712919462, k33 : false, id : 2, k35 : -740586560, k37 : 'Xr'});
CREATE (n0 :L1{k11 : true, id : 3, k10 : 512477162, k7 : 'Dp', k9 : -1360942355});
MATCH (n0 {id : 3}), (n1 {id : 3}) MERGE(n0)-[r :T4{k71 : -951794537, k70 : 'G', k73 : -407746994, k72 : 'z', k75 : 'tUKX', k74 : 'kSHw8RJ9a', id : 4, k76 : '2c'}]->(n1);
MATCH (n0 {id : 1}), (n1 {id : 2}) MERGE(n0)-[r :T6{k82 : false, k84 : '7rzd0Ry4t', k83 : -818766436, k86 : -1196169929, k85 : 'V', id : 5}]->(n1);
MATCH (n0 {id : 1}), (n1 {id : 3}) MERGE(n0)-[r :T1{k51 : 464196165, k53 : false, k52 : 53737015, k55 : -1128710945, id : 6, k54 : 'V0ge', k57 : -797332078, k56 : 'P'}]->(n1);
MATCH (n0 {id : 2}), (n1 {id : 1}) MERGE(n0)-[r :T0{k49 : 1260316641, k50 : 1843988166, id : 7, k46 : true, k45 : 'G', k48 : false}]->(n1);
MATCH (n0 {id : 3}), (n1 {id : 1}) MERGE(n0)-[r :T3{k66 : true, id : 8, k65 : 'GyxT9qWw', k68 : false, k67 : -1779232495, k69 : 'A'}]->(n1);
MATCH (n0 {id : 3}), (n1 {id : 1}) MERGE(n0)-[r :T2{k60 : 'h', k62 : -1227308161, k61 : true, k64 : 'p3ozmiB', k63 : 'LS5', id : 9, k59 : -1075658072, k58 : 'Wt'}]->(n1);
MATCH (n0 {id : 0}), (n1 {id : 2}) MERGE(n0)-[r :T6{k82 : true, k84 : 'O62F', k83 : 1322534140, id : 10}]->(n1);
OPTIONAL MATCH p0=() OPTIONAL MATCH (n0), (n0)-[r0 :T6{k85:substring(NULL, toIntegerOrNull(abs(NULL)), toIntegerOrNull(abs(1069607547)))}]-(n1) WHERE ('gJvVA' < ('q2U9hF'+(r0.k85))) MERGE ({id:11}) RETURN n0 AS a0, 1 AS a1;
OPTIONAL MATCH p0 = ( ) WITH * OPTIONAL MATCH ( n0 ) ,( n0 ) - [ r0 : T6 { k85 : (substring ( NULL , toIntegerOrNull ( abs ( NULL ) ) , toIntegerOrNull ( abs ( 1069607547 ) ) ) +'') } ] - ( n1 ) WHERE ( 'gJvVA' < ( 'q2U9hF' + ( r0 . k85 ) ) ) MERGE ( { id : 11 } ) WITH * OPTIONAL MATCH ()-[:TYPE]-() RETURN DISTINCT n0 AS a0 , 1 AS a1 LIMIT 1 ;
MATCH (a) RETURN count(a);
MATCH (b)-[a]->(c) RETURN count(a);
MATCH (b)-[a]->(c) RETURN count(a);
MERGE ({id:12})-[r0 :T4{k72:'qXm', id:13}]-(n0{k9:2125675724, id:14}) REMOVE n0.k2 MERGE p0=(n1{id:15}) RETURN p0 AS a0 UNION MATCH ()<-[]-(), (n0 :L0)<-[]-() WHERE (n0.k0) CREATE (n1{id:16})-[ :T4{k73:round(1688464919), id:17}]->(n2{id:18}), ( :L5{id:19})-[ :T0{id:20}]->({id:21}) DETACH DELETE n0  RETURN 1 AS a0;
MERGE ( { id : 12 } ) - [ r0 : T4 { k72 : 'qXm' , id : 13 } ] - ( n0 { k9 : 2125675724 , id : 14 } ) WITH * OPTIONAL MATCH ()-[:TYPE]-() REMOVE n0 . k2 MERGE p0 = ( n1 { id : 15 } ) WITH * RETURN p0 AS a0 UNION MATCH ( ) < - [ ] - ( ) ,( n0 : L0 ) < - [ ] - ( ) WHERE ( n0 . k0 ) CREATE ( n1 { id : 16 } ) - [ : T4 { k73 : round ( 1688464919 ) , id : CASE WHEN TRUE THEN 17 END } ] - > ( n2 { id : 18 } ) CREATE (m0: L5 { id : CASE WHEN FALSE THEN NULL ELSE 19 END } )CREATE (m0)- [ : T0 { id : 20 } ] - > ( { id : 21 } ) DETACH DELETE n0 RETURN 1 AS a0 SKIP 1 ;
MATCH (a) RETURN count(a);
MATCH (a) RETURN count(a);
MATCH (b)-[a]->(c) RETURN count(a);
MATCH (b)-[a]->(c) RETURN count(a);
MERGE (n0{id:22})-[r0 :T6{k85:'v', id:23}]->(n1{k31:-935137548, id:24})-[r1 :T0{id:25}]-(n2{id:26}) CREATE ({id:27})-[ :T4{id:28}]->(n3 :L1{id:29}), ({k7:'H', id:30}) SET n2.k=false RETURN DISTINCT n2 AS a0 ORDER BY [NULL, NULL] DESC;
MERGE ( n0 { id : 22 } ) - [ r0 : T6 { k85 : 'v' , id : 23 } ] - > ( n1 { k31 : -935137548 , id : 24 } ) - [ r1 : T0 { id : 25 } ] - ( n2 { id : 26 } ) WITH * CREATE ( { id : CASE WHEN TRUE THEN 27 END } ) - [ : T4 { id : 28 } ] - > ( n3 : L1 { id : CASE WHEN FALSE THEN NULL ELSE 29 END } ) CREATE ( { k7 : 'H' , id : CASE WHEN FALSE THEN NULL ELSE 30 END } ) SET n2 . k = false RETURN DISTINCT CASE WHEN TRUE THEN n2 END AS a0 ORDER BY [NULL, NULL] DESC SKIP 1 ;
MATCH (a) RETURN count(a);
MATCH (a) RETURN count(a);
MATCH (b)-[a]->(c) RETURN count(a);
MATCH (b)-[a]->(c) RETURN count(a);
CREATE p0=( :L1{k11:false, id:31})<-[r0 :T1{id:32}]-({id:33}), ({id:34})-[r1 :T3{id:35}]->({id:36})-[ :T6{id:37}]->( :L5{id:38}) MERGE ({id:39})-[r2 :T1{id:40}]->({id:41}) DETACH DELETE r2  RETURN 1 AS a0;
CREATE p0 = ( : L1 { k11 : false , id : 31 } ) < - [ r0 : T1 { id : 32 } ] - ( { id : CASE WHEN FALSE THEN NULL ELSE 33 END } ) CREATE ( { id : 34 } ) - [ r1 : T3 { id : 35 } ] - > ( { id : 36 } ) - [ : T6 { id : 37 } ] - > ( : L5 { id : 38 } ) WITH * MERGE ( { id : CASE WHEN FALSE THEN NULL ELSE 39 END } ) - [ r2 : T1 { id : 40 } ] - > ( { id : 41 } ) WITH * DETACH DELETE r2 RETURN 1 AS a0 ;
