-- Time: 2024/04/11 14:15:46
-- Database: janusgraph_database837
-- Database version: composite
-- seed value: 1712812407361
CREATE (n0 {id : 0});
CREATE (n0 :L0{k0 : false, k1 : -444946411, k2 : '3hD7', k3 : 'xvU', k4 : -214699083, k5 : true, id : 1, k6 : '8Fv'});
CREATE (n0 :L0{k0 : false, k1 : -803414039, k2 : 'bY', k3 : 'j', k4 : 613995911, k5 : false, id : 2, k6 : '8Fv'});
CREATE (n0 :L2{k17 : '3', k16 : '5', id : 3, k13 : 'DGP', k12 : 'VOw67SpvD', k15 : 'gm', k14 : '9'});
MATCH (n0 {id : 2}), (n1 {id : 0}) MERGE(n0)-[r :T0{k28 : 1523960593, k29 : -1236582820, k31 : true, k30 : 'a', k33 : 'F', id : 4, k32 : false}]->(n1);
MATCH (n0 {id : 3}), (n1 {id : 0}) MERGE(n0)-[r :T4{k51 : true, k50 : true, k53 : true, k52 : 56451917, k55 : 'FH', id : 5, k54 : false, k56 : 'd'}]->(n1);
MATCH (n0 {id : 1}), (n1 {id : 2}) MERGE(n0)-[r :T1{k38 : 540802862, id : 6, k35 : false, k34 : 807239745, k37 : false}]->(n1);
MATCH (n0 {id : 2}), (n1 {id : 3}) MERGE(n0)-[r :T4{k51 : false, k50 : false, k53 : true, k52 : -717402601, k55 : 'X', id : 7, k54 : true, k56 : 'qcKTK'}]->(n1);
MATCH (n0 {id : 0}), (n1 {id : 2}) MERGE(n0)-[r :T2{k40 : -420763550, k42 : 'rwE3Ay', id : 8, k43 : true}]->(n1);
OPTIONAL MATCH (n0), () DETACH DELETE n0  CREATE ({k0:exists(()-[ :T4]-( :L0)), id:9})-[r0 :T0{k29:-1591121625, id:10}]->({id:11})-[ :T2{id:12}]->(n1{k1:NULL, id:13}) RETURN 1 AS a0 ORDER BY a0 DESC SKIP 1;
OPTIONAL MATCH ( n0 ) ,( ) DETACH DELETE n0 WITH * CREATE (m0{ k0 : exists ( ( ) - [ : T4 ] - ( : L0 ) ) , id : CASE WHEN FALSE THEN NULL ELSE 9 END } )CREATE (m0)- [ r0 : T0 { k29 : CASE WHEN FALSE THEN NULL ELSE -1591121625 END , id : 10 } ] - > ( { id : CASE WHEN TRUE THEN 11 END } ) - [ : T2 { id : 12 } ] - > ( n1 { k1 : NULL , id : 13 } ) WITH * UNWIND [1] as l0 RETURN 1 AS a0 ORDER BY a0 DESC SKIP 1 ;
MATCH (a) RETURN count(a);
MATCH (b)-[a]->(c) RETURN count(a);
MATCH (b)-[a]->(c) RETURN count(a);
UNWIND keys(relationships(NULL)[toIntegerOrNull(abs(NULL))]) AS a0 CREATE ( :L2{id:14})<-[r0 :T4{k51:NULL, id:15}]-({k6:'jBKgcPBsM', id:16}) MERGE p0=( :L2{id:17})-[r1 :T4{id:18}]-(n0 :L0{k0:false, id:19}) RETURN 1 AS a1, n0 AS a2;
UNWIND keys ( relationships ( NULL ) [ toIntegerOrNull ( CASE WHEN FALSE THEN NULL ELSE abs ( NULL ) END ) ] ) AS a0 CREATE (m0: L2 { id : 14 } )CREATE (m0)< - [ r0 : T4 { k51 : NULL , id : 15 } ] - ( { k6 : 'jBKgcPBsM' , id : 16 } ) MERGE p0 = ( : L2 { id : 17 } ) - [ r1 : T4 { id : 18 } ] - ( n0 : L0 { k0 : false , id : 19 } ) RETURN 1 AS a1 , n0 AS a2 ;
MATCH (a) RETURN count(a);
MATCH (a) RETURN count(a);
MATCH (b)-[a]->(c) RETURN count(a);
MATCH (b)-[a]->(c) RETURN count(a);
MERGE ({id:20}) CREATE ({id:21})<-[ :T0{id:22}]-(n0{id:23}), ({id:24})<-[ :T4{id:25}]-(n1 :L0{k4:size(reverse(NULL)), id:26})<-[r0 :T1{id:27}]-(n2{id:28}) CREATE p0=({k15:CASE WHEN NULL THEN NULL END, id:29})<-[ :T4{k53:isEmpty([x IN [CASE WHEN false THEN NULL END, NULL]|x]), id:30}]-({id:31})<-[ :T1{k38:1610180893, id:32}]-(n3{k4:NULL, id:33}) RETURN 1 AS a0, 1 AS a1;
MERGE ( { id : 20 } ) WITH * UNWIND [NULL] as l0 CREATE ( { id : 21 } ) < - [ : T0 { id : 22 } ] - ( n0 { id : 23 } ) CREATE ( { id : 24 } ) < - [ : T4 { id : 25 } ] - ( n1 : L0 { k4 : size ( reverse ( NULL ) ) , id : 26 } ) < - [ r0 : T1 { id : 27 } ] - ( n2 { id : 28 } ) WITH * CREATE p0 = ( { k15 : CASE WHEN NULL THEN CASE WHEN FALSE THEN NULL ELSE NULL END END , id : 29 } ) < - [ : T4 { k53 : isEmpty ( [ x IN ([]+[ CASE WHEN false THEN NULL END , NULL ] )| CASE WHEN TRUE THEN x END ] ) , id : 30 } ] - ( { id : 31 } ) < - [ : T1 { k38 : 1610180893 , id : 32 } ] - ( n3 { k4 : NULL , id : 33 } ) WITH * RETURN 1 AS a0 , 1 AS a1 ;
MATCH (a) RETURN count(a);
MATCH (a) RETURN count(a);
MATCH (b)-[a]->(c) RETURN count(a);
MATCH (b)-[a]->(c) RETURN count(a);
MERGE ({id:34})<-[r0 :T0{id:35}]-(n0{id:36})-[r1 :T4{id:37}]-(n1 :L2{id:38}) REMOVE n1.k2 SET n1.k=(r1.k52) RETURN NULL AS a0, 1 AS a1;
MERGE ( { id : 34 } ) < - [ r0 : T0 { id : 35 } ] - ( n0 { id : 36 } ) - [ r1 : T4 { id : 37 } ] - ( n1 : L2 { id : 38 } ) WITH * UNWIND [NULL] as l0 REMOVE n1 . k2 FOREACH(f in [1]|SET n1 . k = ( r1 . k52 ) ) RETURN NULL AS a0 , 1 AS a1 LIMIT 1 ;
