-- Time: 2024/04/11 14:28:05
-- Database: janusgraph_database1003
-- Database version: composite
-- seed value: 1712812407528
CREATE (n0 :L4{k28 : true, k27 : true, k29 : 1170674566, k31 : 'gigDJ', k30 : -1313605765, id : 0, k26 : 'aq', k25 : 'z9n'});
CREATE (n0 :L5{k38 : 'm', k33 : -1628088707, id : 1, k32 : 'KS', k35 : false, k34 : true, k37 : 'c0'});
CREATE (n0 {id : 2});
CREATE (n0 :L4{k28 : true, k27 : true, k29 : 1055962744, k31 : 'R', k30 : -2105473897, id : 3, k26 : 'ORR4RfZH', k25 : 's'});
MATCH (n0 {id : 0}), (n1 {id : 2}) MERGE(n0)-[r :T1{k51 : true, k50 : false, k53 : false, k52 : false, id : 4, k54 : true}]->(n1);
MATCH (n0 {id : 1}), (n1 {id : 3}) MERGE(n0)-[r :T3{k60 : 'p1Sc', k62 : '2', k61 : -1120893183, k64 : -459510011, k63 : true, k66 : 'A', id : 5, k65 : false}]->(n1);
MATCH (n0 {id : 3}), (n1 {id : 2}) MERGE(n0)-[r :T5{k74 : -1487288031, k77 : 'k', id : 6, k76 : true}]->(n1);
MATCH (n0 {id : 2}), (n1 {id : 2}) MERGE(n0)-[r :T4{k71 : 'PTWPitLw', k70 : '1Vdvz1gx', k72 : -2120595652, id : 7, k68 : 'F', k67 : 'r', k69 : true}]->(n1);
MATCH (n0 {id : 2}), (n1 {id : 2}) MERGE(n0)-[r :T4{k70 : '43hZFCPZ', k72 : 1525780332, id : 8, k68 : '7', k67 : 'i0q8', k69 : false}]->(n1);
UNWIND [properties(NULL)] AS a0 MATCH p0=(n0) WHERE NULL DETACH DELETE n0  RETURN 1 AS a1, p0 AS a2;
UNWIND ([ properties ( NULL ) ] +[]) AS a0 MATCH p0 = ( n0 ) WHERE NULL OPTIONAL MATCH ()-[:TYPE]-() DETACH DELETE n0 RETURN 1 AS a1 , p0 AS a2 ;
MATCH (a) RETURN count(a);
MATCH (b)-[a]->(c) RETURN count(a);
MATCH (b)-[a]->(c) RETURN count(a);
MATCH (n0)-[*..2]->(n1)-[*0..0]->() SET n0.k=((392458209/-627954567)/1845563785) DETACH DELETE n0  RETURN 1 AS a0;
MATCH (n0),()-[*..2]->(),(n1),()-[*0..0]->(),(nn0) WHERE exists((n0)-[*..2]->(n1)-[*0..0]->(nn0)) SET n0 . k = ( ( 392458209 / -627954567 ) / 1845563785 ) WITH * OPTIONAL MATCH ()-[:TYPE]-() DETACH DELETE n0 WITH * UNWIND 1 as l0 RETURN 1 AS a0 ;
