-- Time: 2024/04/11 13:37:40
-- Database: janusgraph_database322
-- Database version: composite
-- seed value: 1712812406845
CREATE (n0 :L6{k39 : 'q', k38 : 'rGWE6', k40 : -2052732976, id : 0, k37 : true, k36 : false});
CREATE (n0 {id : 1});
CREATE (n0 :L4{k28 : 'k', k27 : -431276513, k29 : 'XqIEvha', id : 2, k24 : 'z', k26 : false, k25 : false});
CREATE (n0 :L6{k38 : 'iYK', id : 3, k36 : true});
MATCH (n0 {id : 2}), (n1 {id : 3}) MERGE(n0)-[r :T0{k42 : 'b', k41 : -1363273517, id : 4, k43 : true, k46 : 'r6', k45 : false}]->(n1);
MATCH (n0 {id : 2}), (n1 {id : 3}) MERGE(n0)-[r :T1{k49 : 'U', k51 : 1333104325, k50 : 'i', id : 5, k47 : -1691650381}]->(n1);
MATCH (n0 {id : 3}), (n1 {id : 3}) MERGE(n0)-[r :T0{k42 : 'W5e54ViY', k41 : -855894497, id : 6, k43 : false, k46 : '8', k45 : true}]->(n1);
MATCH (n0 {id : 0}), (n1 {id : 3}) MERGE(n0)-[r :T3{k60 : true, k61 : -1680438420, k63 : true, id : 7, k59 : 'QqB338Y4', k58 : true}]->(n1);
MATCH (n0 {id : 3}), (n1 {id : 3}) MERGE(n0)-[r :T5{k71 : 1983023579, k73 : true, k75 : -942438783, k74 : 'P', id : 8, k76 : true}]->(n1);
MATCH (n0 {id : 0}), (n1 {id : 3}) MERGE(n0)-[r :T1{k49 : 'p', k51 : -424905259, k50 : 'U5KHJ8nn6', id : 9, k48 : 'k1GaU', k47 : 104409772}]->(n1);
CREATE ({id:10}), (n3{k29:NULL, id:11})-[r0 :T1{id:12}]->({id:13}) CREATE ({id:14})-[ :T1{k47:((NULL+((round(1237752759)/NULL)+-1292312351))+1469898570), id:15}]->({id:16}), ({k26:NULL, id:17})-[ :T1{k48:'B', id:18}]->(n4{k39:'632E9ZW2c', id:19}) MERGE ( :L4{k28:'rM3Fvglw3', id:20})-[r1 :T1{id:21}]-(n5 :L6{k40:1891626031, id:22}) RETURN r1 AS a1;
CREATE ( { id : CASE WHEN FALSE THEN NULL ELSE 10 END } ) CREATE ( n3 { k29 : NULL , id : 11 } ) - [ r0 : T1 { id : 12 } ] - > ( { id : 13 } ) CREATE ( { id : 14 } ) - [ : T1 { k47 : ( ( NULL + ( ( round ( CASE WHEN FALSE THEN NULL ELSE 1237752759 END ) / NULL ) + -1292312351 ) ) + 1469898570 ) , id : 15 } ] - > ( { id : 16 } ) CREATE ( { k26 : NULL , id : 17 } ) - [ : T1 { k48 : 'B' , id : 18 } ] - > ( n4 { k39 : '632E9ZW2c' , id : 19 } ) MERGE ( : L4 { k28 : ('rM3Fvglw3' +'') , id : 20 } ) - [ r1 : T1 { id : 21 } ] - ( n5 : L6 { k40 : 1891626031 , id : 22 } ) RETURN DISTINCT r1 AS a1 ;
MATCH (a) RETURN count(a);
MATCH (b)-[a]->(c) RETURN count(a);
MATCH (b)-[a]->(c) RETURN count(a);
CREATE p0=(n0 :L6{id:23})<-[ :T1{id:24}]-(n1{k40:((NULL*-549645025)-985687170), id:25})-[ :T3{id:26}]->({k39:toStringList(relationships(NULL))[toIntegerOrNull(abs(-865990602))], id:27}) CREATE (n2 :L6{k40:NULL, id:28})-[r0 :T3{id:29}]->({id:30}), (n3{id:31})-[ :T3{k59:toStringList(NULL)[toIntegerOrNull(abs(-281920915))], id:32}]->( :L6{k39:NULL, id:33}) CREATE (n4{id:34}), ({id:35})-[r1 :T3{id:36}]->( :L6{id:37})-[ :T5{id:38}]->({id:39}) RETURN 1 AS a0, true AS a1;
CREATE p0 = ( n0 : L6 { id : CASE WHEN FALSE THEN NULL ELSE 23 END } ) < - [ : T1 { id : 24 } ] - ( n1 { k40 : ( ( NULL * -549645025 ) -985687170 ) , id : 25 } ) - [ : T3 { id : 26 } ] - > ( { k39 : toStringList ( relationships ( NULL ) ) [ toIntegerOrNull ( CASE WHEN TRUE THEN abs ( -865990602 ) END ) ] , id : 27 } ) CREATE ( n2 : L6 { k40 : NULL , id : 28 } ) - [ r0 : T3 { id : 29 } ] - > ( { id : 30 } ) CREATE ( n3 { id : CASE WHEN FALSE THEN NULL ELSE 31 END } ) - [ : T3 { k59 : toStringList ( NULL ) [ toIntegerOrNull ( CASE WHEN TRUE THEN abs ( -281920915 ) END ) ] , id : 32 } ] - > ( : L6 { k39 : NULL , id : 33 } ) CREATE ( n4 { id : 34 } ) CREATE ( { id : 35 } ) - [ r1 : T3 { id : 36 } ] - > ( : L6 { id : 37 } ) - [ : T5 { id : 38 } ] - > ( { id : CASE WHEN TRUE THEN 39 END } ) WITH * RETURN DISTINCT 1 AS a0 , true AS a1 ;
MATCH (a) RETURN count(a);
MATCH (a) RETURN count(a);
MATCH (b)-[a]->(c) RETURN count(a);
MATCH (b)-[a]->(c) RETURN count(a);
OPTIONAL MATCH ( :L4)-[ :T0{k44:true}]-() OPTIONAL MATCH ()-[]-(n0)-[r0]-(), () WHERE (NULL CONTAINS 'mmsdC') MERGE (n1 :L4{id:40})-[r1 :T1{id:41}]-({k38:reverse('ipOwIS'), id:42}) RETURN 1 AS a0, n0 AS a1;
OPTIONAL MATCH (nn0:L4),()<-[m1:T0{k44:true}]-(),(nn2) WHERE exists((nn0)-[m1]-(nn2)) UNWIND [1] as l0 OPTIONAL MATCH ( ) - [ ] - ( n0 ) - [ r0 ] - ( ) ,()-[*0..0]-( ) WHERE CASE WHEN TRUE THEN ( NULL CONTAINS (''+'mmsdC' )) END MERGE ( n1 : L4 { id : CASE WHEN TRUE THEN 40 END } ) - [ r1 : T1 { id : 41 } ] - ( { k38 : reverse ( (''+'ipOwIS' )) , id : 42 } ) WITH * RETURN 1 AS a0 , n0 AS a1 ;
MATCH (a) RETURN count(a);
MATCH (a) RETURN count(a);
MATCH (b)-[a]->(c) RETURN count(a);
MATCH (b)-[a]->(c) RETURN count(a);
MERGE (n0{id:43}) CREATE ( :L6{id:44})-[r0 :T0{id:45}]->( :L6{id:46}), p0=( :L6{k38:'Gb', id:47}) DETACH DELETE n0  RETURN 1 AS a0, 1 AS a1 LIMIT 0;
MERGE ( n0 { id : 43 } ) WITH * UNWIND [NULL] as l0 CREATE (m0: L6 { id : CASE WHEN TRUE THEN 44 END } )CREATE (m0)- [ r0 : T0 { id : 45 } ] - > ( : L6 { id : CASE WHEN TRUE THEN 46 END } ) CREATE p0 = ( : L6 { k38 : 'Gb' , id : 47 } ) WITH * OPTIONAL MATCH ()-[:TYPE]-() WITH * CALL{WITH *DETACH DELETE n0 } WITH * UNWIND 1 as l1 RETURN 1 AS a0 , 1 AS a1 ORDER BY TRUE LIMIT 0 ;
