-- Time: 2024/04/11 13:50:59
-- Database: janusgraph_database502
-- Database version: composite
-- seed value: 1712812407026
CREATE (n0 :L4{k28 : 1633100416, k27 : -1497393144, k29 : false, id : 0, k26 : false, k25 : 'B'});
CREATE (n0 :L2{k16 : true, k11 : 1503255530, id : 1, k13 : 'X', k15 : -393945755, k14 : true});
CREATE (n0 :L3{k17 : true, k19 : -325307633, k18 : '1JxiAoXkm', k20 : -310906583, k22 : 'Bca', id : 2, k21 : 'vy5', k23 : false});
CREATE (n0 :L3{k17 : true, k19 : -1809787361, k18 : '6TEh5ivb', k20 : 1802080917, k22 : 'X', id : 3, k21 : 'pGP5xK', k23 : false});
MATCH (n0 {id : 1}), (n1 {id : 0}) MERGE(n0)-[r :T0{k40 : 'a', k42 : 123725915, id : 4, k43 : -778584474, k46 : true, k45 : 'KH2E00MtG'}]->(n1);
MATCH (n0 {id : 0}), (n1 {id : 3}) MERGE(n0)-[r :T3{k60 : 1501929771, k62 : 978594620, k61 : 'y', k63 : -620701640, id : 5, k59 : 769791807, k58 : -549006358}]->(n1);
MATCH (n0 {id : 2}), (n1 {id : 3}) MERGE(n0)-[r :T4{k64 : -1443026041, id : 6, k65 : 'T', k68 : 1373585477, k67 : 'zZ'}]->(n1);
MATCH (n0 {id : 1}), (n1 {id : 1}) MERGE(n0)-[r :T3{k60 : 411482762, k62 : 816558284, k61 : '0X9A9', k63 : -1103810996, id : 7, k59 : -2031290025, k58 : 1582661293}]->(n1);
MATCH (n0 {id : 1}), (n1 {id : 0}) MERGE(n0)-[r :T5{k71 : 572689121, k70 : -1722283512, k73 : 'p', k72 : 'uNNx', k74 : false, id : 8}]->(n1);
MERGE ( :L3{k17:false, id:9})-[r0 :T3{id:10}]-( :L4{k26:false, id:11}) DETACH DELETE r0  CREATE ( :L3{id:12})-[ :T4{id:13}]->(n0 :L3{id:14}) RETURN DISTINCT 1 AS a0 ORDER BY a0 DESC LIMIT 1;
MERGE pp0=( : L3 { k17 : false , id : 9 } ) - [ r0 : T3 { id : 10 } ] - ( : L4 { k26 : false , id : 11 } ) WITH * DETACH DELETE r0 WITH * OPTIONAL MATCH ()-[:TYPE]-() CREATE ( : L3 { id : 12 } ) - [ : T4 { id : 13 } ] - > ( n0 : L3 { id : 14 } ) WITH * OPTIONAL MATCH ()-[:TYPE]-() RETURN DISTINCT 1 AS a0 ORDER BY a0 DESC LIMIT 1 ;
MATCH (a) RETURN count(a);
MATCH (b)-[a]->(c) RETURN count(a);
MATCH (b)-[a]->(c) RETURN count(a);
UNWIND toStringList([relationships(NULL), NULL]) AS a0 CREATE ({k27:NULL, id:15})-[r0 :T3{id:16}]->({id:17}), p0=({id:18})<-[ :T5{id:19}]-(n0 :L3{k21:reverse(a0), id:20}) CREATE (n1{id:21})<-[ :T0{id:22}]-(n2{k12:395333264, id:23})-[ :T3{id:24}]->( :L2{id:25}) RETURN 1 AS a1;
UNWIND (toStringList ( ([ ([]+relationships ( NULL ) ), NULL ] +[]) ) +[]) AS a0 CREATE ( { k27 : NULL , id : 15 } ) - [ r0 : T3 { id : 16 } ] - > ( { id : 17 } ) CREATE p0 = ( { id : 18 } ) < - [ : T5 { id : 19 } ] - ( n0 : L3 { k21 : reverse ( CASE WHEN FALSE THEN NULL ELSE a0 END ) , id : 20 } ) CREATE ( n1 { id : 21 } ) < - [ : T0 { id : 22 } ] - ( n2 { k12 : 395333264 , id : 23 } ) - [ : T3 { id : 24 } ] - > ( : L2 { id : 25 } ) RETURN CASE WHEN FALSE THEN NULL ELSE 1 END AS a1 ;
MATCH (a) RETURN count(a);
MATCH (a) RETURN count(a);
MATCH (b)-[a]->(c) RETURN count(a);
MATCH (b)-[a]->(c) RETURN count(a);
MATCH (n0)<-[r0]-(n1 :L2) WHERE (n1.k14) DETACH DELETE n1  MERGE (n2{id:26}) RETURN 1 AS a0;
MATCH ( n0 ) < - [ r0 ] - ( n1 : L2 ) WHERE ( n1 . k14 ) DETACH DELETE n1 WITH * UNWIND [NULL] as l0 MERGE ( n2 { id : 26 } ) RETURN 1 AS a0 ;
