-- Time: 2024/04/11 14:17:52
-- Database: janusgraph_database865
-- Database version: composite
-- seed value: 1712812407390
CREATE (n0 :L1{id : 0, k6 : 1832670005, k10 : 2056364204, k7 : 1209415347, k8 : 998626211, k9 : -2051095487});
CREATE (n0 {id : 1});
CREATE (n0 :L0{k0 : -738401579, k1 : 'Kn', k2 : 'Rk', k3 : false, k4 : 'zBD8o4d', k5 : 'K', id : 2});
CREATE (n0 :L0{k1 : 'rqEsbbO', k2 : '4', k3 : false, k4 : 'izIPYP5xj', k5 : 'K', id : 3});
MATCH (n0 {id : 0}), (n1 {id : 1}) MERGE(n0)-[r :T4{k51 : 't', k53 : 1163496392, k52 : 'j9', k55 : 'i', id : 4, k54 : false, k56 : -1030243112}]->(n1);
MATCH (n0 {id : 2}), (n1 {id : 2}) MERGE(n0)-[r :T3{k49 : 'OSE5nyoY', k50 : 'K', k44 : false, id : 5, k46 : 'A1v', k45 : 'i', k48 : -2208252, k47 : 'N'}]->(n1);
MATCH (n0 {id : 2}), (n1 {id : 2}) MERGE(n0)-[r :T2{k39 : true, k40 : 'ebt', k42 : -488151503, id : 6, k43 : false}]->(n1);
MERGE p0=(n0{id:7})<-[r0 :T2{id:8}]-(n1{id:9}) REMOVE n1.k2 CREATE ({id:10})<-[r1 :T2{id:11}]-(n2 :L1{id:12}) RETURN *;
MERGE p0 = ( n0 { id : 7 } ) < - [ r0 : T2 { id : 8 } ] - ( n1 { id : 9 } ) WITH * FOREACH(f in [1]|REMOVE n1 . k2 ) WITH * CREATE ( { id : 10 } ) < - [ r1 : T2 { id : 11 } ] - ( n2 : L1 { id : 12 } ) RETURN DISTINCT * ;
MATCH (a) RETURN count(a);
MATCH (b)-[a]->(c) RETURN count(a);
MATCH (b)-[a]->(c) RETURN count(a);
WITH *, collect(NULL)[toIntegerOrNull(abs(-1246994749))] AS a0 MERGE ( :L0{id:13}) CREATE (n0 :L0{id:14})-[ :T2{id:15}]->( :L0{k2:'Q', id:16}), (n1{id:17}) RETURN NULL AS a1, 1 AS a2 ORDER BY a2 DESC LIMIT 0;
WITH * , collect ( NULL ) [ CASE WHEN TRUE THEN toIntegerOrNull ( abs ( -1246994749 ) ) END ] AS a0 WITH * MERGE ( : L0 { id : 13 } ) CREATE ( n0 : L0 { id : 14 } ) - [ : T2 { id : 15 } ] - > ( : L0 { k2 : CASE WHEN FALSE THEN NULL ELSE 'Q' END , id : 16 } ) CREATE ( n1 { id : 17 } ) RETURN DISTINCT NULL AS a1 , CASE WHEN FALSE THEN NULL ELSE 1 END AS a2 ORDER BY a2 DESC LIMIT 0 ;
MATCH (a) RETURN count(a);
MATCH (a) RETURN count(a);
MATCH (b)-[a]->(c) RETURN count(a);
MATCH (b)-[a]->(c) RETURN count(a);
CREATE (n0{k10:-171637708, id:18})<-[r0 :T2{id:19}]-({id:20}) CREATE p0=( :L1{id:21})<-[ :T2{k39:true, id:22}]-(n1{id:23}) CREATE ({id:24})<-[r1 :T2{id:25}]-({id:26}) RETURN round(-1346896123) AS a0, keys(NULL) AS a1;
CREATE (n0{ k10 : -171637708 , id : 18 } )CREATE (n0)< - [ r0 : T2 { id : 19 } ] - ( { id : 20 } ) CREATE (m0: L1 { id : 21 } )CREATE (m0)< - [ : T2 { k39 : true , id : 22 } ] - ( n1 { id : 23 } ) CREATE (m1{ id : 24 } )CREATE (m1)< - [ r1 : T2 { id : 25 } ] - ( { id : 26 } ) WITH * OPTIONAL MATCH ()-[:TYPE]-() RETURN CASE WHEN TRUE THEN round ( -1346896123 ) END AS a0 , keys ( NULL ) AS a1 ;
MATCH (a) RETURN count(a);
MATCH (a) RETURN count(a);
MATCH (b)-[a]->(c) RETURN count(a);
MATCH (b)-[a]->(c) RETURN count(a);
UNWIND NULL AS a0 MERGE p0=(n0{id:27})-[r0 :T4{id:28}]-(n1{id:29}) SET n0.k=toStringList(toStringList([false, true]))[toIntegerOrNull(abs(183663640))] RETURN *, r0 AS a1;
UNWIND NULL AS a0 WITH * MERGE p0 = ( n0 { id : 27 } ) - [ r0 : T4 { id : 28 } ] - ( n1 { id : 29 } ) SET n0 . k = toStringList ( toStringList ( ([]+[ false , true ] )) ) [ toIntegerOrNull ( abs ( 183663640 ) ) ] WITH * RETURN * , CASE WHEN FALSE THEN NULL ELSE r0 END AS a1 ;
MATCH (a) RETURN count(a);
MATCH (a) RETURN count(a);
MATCH (b)-[a]->(c) RETURN count(a);
MATCH (b)-[a]->(c) RETURN count(a);
WITH * CREATE (n0 :L0{k3:NULL, id:30}), (n1 :L0{k1:'0', id:31}) CREATE (n2{id:32})<-[ :T2{id:33}]-(n3{id:34}) RETURN 1 AS a2;
WITH * CREATE ( n0 : L0 { k3 : NULL , id : 30 } ) CREATE ( n1 : L0 { k1 : '0' , id : 31 } ) WITH * CREATE (n3{id:34})-[ : T2 { id : 33 } ] ->( n2 { id : 32 } ) RETURN 1 AS a2 SKIP 1 LIMIT 1 ;
