-- Time: 2024/04/11 14:13:10
-- Database: janusgraph_database802
-- Database version: composite
-- seed value: 1712812407326
CREATE (n0 :L2{k17 : -518506485, k16 : 1482390195, k18 : -1402478752, id : 0, k12 : -1000142912, k15 : -1023036045, k14 : -1935607961});
CREATE (n0 {id : 1});
CREATE (n0 :L3{k19 : 160200935, k20 : 794821712, k22 : 'H', id : 2, k21 : -1995282499, k23 : 1377464650});
CREATE (n0 :L5{k31 : 'GXeVCTS', k30 : 'tt', k33 : '4ijSn', id : 3, k32 : '1', k34 : 'Pxf'});
MATCH (n0 {id : 2}), (n1 {id : 1}) MERGE(n0)-[r :T1{k42 : false, k44 : true, id : 4, k43 : -1925780663, k46 : false, k45 : -790801505, k47 : -1681930684}]->(n1);
MATCH (n0 {id : 0}), (n1 {id : 2}) MERGE(n0)-[r :T4{k62 : -304702840, k61 : true, k64 : 'zPiUbHLX', k63 : '86', id : 5, k65 : '4bFt'}]->(n1);
MATCH (n0 {id : 1}), (n1 {id : 0}) MERGE(n0)-[r :T4{k62 : 1591085566, k61 : false, k64 : 'U', k63 : 'QwqouBl', k66 : -758963285, id : 6, k65 : '7ud2l'}]->(n1);
MATCH (n0 {id : 1}), (n1 {id : 1}) MERGE(n0)-[r :T0{k39 : -303655024, k40 : false, k41 : 2021283782, id : 7, k35 : 127224590, k37 : 1449681564, k36 : 'rfsj'}]->(n1);
UNWIND ['fENL3', NULL] AS a0 CREATE (n1{id:8})-[r0 :T1{id:9}]->({id:10}), p0=(n2 :L5{id:11}) MERGE ({id:12})<-[ :T4{k66:-1545443139, id:13}]-({id:14}) RETURN 1 AS a1 UNION ALL MERGE p0=({k14:-461714370, id:15})-[r0 :T4{k62:498630261, id:16}]->( :L3{id:17})-[r1 :T1{id:18}]-({id:19}) DETACH DELETE r0  MERGE ({id:20})-[r2 :T4{k64:'Q', id:21}]-(n0{id:22})-[r3 :T1{id:23}]-(n1{id:24}) RETURN 1 AS a1;
UNWIND ([]+[ 'fENL3' , NULL ] )AS a0 WITH * CREATE ( n1 { id : 8 } ) - [ r0 : T1 { id : CASE WHEN TRUE THEN 9 END } ] - > ( { id : 10 } ) CREATE p0 = ( n2 : L5 { id : 11 } ) WITH * MERGE ( { id : 12 } ) < - [ : T4 { k66 : -1545443139 , id : 13 } ] - ( { id : 14 } ) WITH * OPTIONAL MATCH ()-[:TYPE]-() RETURN 1 AS a1 UNION ALL MERGE p0 = ( { k14 : -461714370 , id : 15 } ) - [ r0 : T4 { k62 : 498630261 , id : 16 } ] - > ( : L3 { id : 17 } ) - [ r1 : T1 { id : 18 } ] - ( { id : 19 } ) WITH * CALL{WITH *DETACH DELETE r0 } MERGE ( { id : 20 } ) - [ r2 : T4 { k64 : 'Q' , id : CASE WHEN TRUE THEN 21 END } ] - ( n0 { id : 22 } ) - [ r3 : T1 { id : 23 } ] - ( n1 { id : 24 } ) RETURN 1 AS a1 ;
MATCH (a) RETURN count(a);
MATCH (b)-[a]->(c) RETURN count(a);
MATCH (b)-[a]->(c) RETURN count(a);
UNWIND [['Y']] AS a0 MERGE (n0 :L2{id:25})-[r0 :T4{id:26}]-({k22:'5', id:27})-[r1 :T1{id:28}]-({id:29}) MERGE (n1{id:30})-[r2 :T0{id:31}]->(n2{id:32}) RETURN *;
UNWIND [ [ 'Y' ] ] AS a0 MERGE ( n0 : L2 { id : 25 } ) - [ r0 : T4 { id : 26 } ] - ( { k22 : '5' , id : 27 } ) - [ r1 : T1 { id : CASE WHEN FALSE THEN NULL ELSE 28 END } ] - ( { id : CASE WHEN FALSE THEN NULL ELSE 29 END } ) MERGE ( n1 { id : CASE WHEN FALSE THEN NULL ELSE 30 END } ) - [ r2 : T0 { id : 31 } ] - > ( n2 { id : 32 } ) WITH * OPTIONAL MATCH ()-[:TYPE]-() RETURN * ;
MATCH (a) RETURN count(a);
MATCH (a) RETURN count(a);
MATCH (b)-[a]->(c) RETURN count(a);
MATCH (b)-[a]->(c) RETURN count(a);
MATCH p0=(n0)-[]->()-[r0]-({k20:CASE WHEN NULL THEN NULL END}) MERGE ( :L2{id:33}) REMOVE n0.k2 RETURN * SKIP 1;
MATCH p0 = ( n0 ) - [ ] - > ( ) - [ r0 ] - ( { k20 : CASE WHEN NULL THEN NULL END } ) MERGE ( : L2 { id : 33 } ) REMOVE n0 . k2 WITH * OPTIONAL MATCH ()-[:TYPE]-() RETURN * SKIP 1 ;
