-- Time: 2024/04/11 14:16:31
-- Database: janusgraph_database847
-- Database version: composite
-- seed value: 1712812407371
CREATE (n0 :L5{k38 : 'v', k33 : false, id : 0, k35 : 1886523725, k34 : 'm89wNi', k37 : 'bV', k36 : false});
CREATE (n0 :L3{k22 : 1957562271, id : 1, k21 : true, k24 : true, k23 : 'Wp7SDlobh', k26 : true, k25 : 'DQttK3VI8'});
CREATE (n0 :L5{k38 : 'Us', k33 : false, id : 2, k35 : 2085907272, k34 : 'JYy4', k37 : 'K', k36 : true});
CREATE (n0 {id : 3});
MATCH (n0 {id : 2}), (n1 {id : 1}) MERGE(n0)-[r :T0{k39 : true, k40 : true, k42 : 895716815, k41 : false, k44 : 473669594, id : 4, k43 : -920314651}]->(n1);
MATCH (n0 {id : 0}), (n1 {id : 0}) MERGE(n0)-[r :T5{k71 : true, k70 : true, k73 : 't', k72 : true, id : 5, k68 : 1396254011, k69 : false}]->(n1);
MATCH (n0 {id : 2}), (n1 {id : 1}) MERGE(n0)-[r :T4{k64 : 'IHXmu2f', k63 : -1312908287, k66 : false, id : 6, k67 : -1430702593}]->(n1);
MATCH (n0 {id : 0}), (n1 {id : 3}) MERGE(n0)-[r :T1{k49 : 'Sw', k50 : '9', id : 7, k46 : -2000519739, k45 : false, k48 : false, k47 : 1713471924}]->(n1);
MATCH (n0 {id : 0}), (n1 {id : 1}) MERGE(n0)-[r :T1{k49 : 't', k50 : 'bLAT', id : 8, k46 : 1285845081, k45 : true, k48 : false}]->(n1);
MATCH (n0 {id : 2}), (n1 {id : 0}) MERGE(n0)-[r :T0{k39 : false, k40 : false, k42 : -364518843, k41 : false, k44 : -1399286921, id : 9, k43 : 1876929284}]->(n1);
MATCH (n0 {id : 1}), (n1 {id : 1}) MERGE(n0)-[r :T5{k71 : false, k70 : true, k73 : 'GWF', id : 10, k68 : -1867184607, k69 : false}]->(n1);
OPTIONAL MATCH (n0), (n1)-[r0]->( :L3)-[r1]-() CREATE p0=({id:11})<-[r2 :T1{k49:toStringList([NULL])[toIntegerOrNull(abs((round(1138126753)+NULL)))], id:12}]-(n2 :L5{id:13})-[r3 :T5{id:14}]->({id:15}), p1=({id:16}) CREATE p2=({id:17})-[ :T0{id:18}]->(n3{k36:true, id:19}), (n4 :L3{id:20})<-[ :T4{id:21}]-( :L5{id:22}) RETURN n0 AS a0;
OPTIONAL MATCH ( n0 ) ,( n1 ) - [ r0 ] - > ( : L3 ) - [ r1 ] - ( ) CREATE p0=({id:15})<-[ r3 : T5 { id : 14 } ] -(n2 :L5{id:13})-[ r2 : T1 { k49 : toStringList ( [ NULL ] ) [ toIntegerOrNull ( abs ( ( CASE WHEN TRUE THEN round ( 1138126753 ) + NULL END ) ) ) ] , id : 12 } ] ->( { id : 11 } ) CREATE p1 = ( { id : 16 } ) CREATE p2 = ( { id : CASE WHEN FALSE THEN NULL ELSE 17 END } ) - [ : T0 { id : 18 } ] - > ( n3 { k36 : CASE WHEN TRUE THEN true END , id : 19 } ) CREATE ( n4 : L3 { id : 20 } ) < - [ : T4 { id : 21 } ] - ( : L5 { id : 22 } ) WITH * OPTIONAL MATCH ()-[:TYPE]-() RETURN n0 AS a0 LIMIT 1 ;
MATCH (a) RETURN count(a);
MATCH (b)-[a]->(c) RETURN count(a);
MATCH (b)-[a]->(c) RETURN count(a);
OPTIONAL MATCH (), ()<-[r0]-(n0 :L5{k36:toBooleanOrNull([p0=(n1{k24:false})-[r1 :T5{k71:true}]->(n2)|NULL])}) DETACH DELETE n0  CREATE (n3{id:23})<-[ :T0{k41:NULL, id:24}]-(n4{id:25}) RETURN NULL AS a0, NULL AS a1;
OPTIONAL MATCH ( ) ,( ) < - [ r0 ] - ( n0 : L5 { k36 : toBooleanOrNull ( CASE WHEN FALSE THEN NULL ELSE [ p0 = ( n1 { k24 : CASE WHEN FALSE THEN NULL ELSE false END } ) - [ r1 : T5 { k71 : true } ] - > ( n2 ) | NULL ] END ) } ) DETACH DELETE n0 CREATE ( n3 { id : 23 } ) < - [ : T0 { k41 : NULL , id : 24 } ] - ( n4 { id : 25 } ) RETURN NULL AS a0 , NULL AS a1 ;
MATCH (a) RETURN count(a);
MATCH (a) RETURN count(a);
MATCH (b)-[a]->(c) RETURN count(a);
MATCH (b)-[a]->(c) RETURN count(a);
MATCH ({k36:isEmpty([NULL, [NULL]])})-[r0]-()-[r1]->( :L3), (n0) DETACH DELETE r0  CREATE ( :L5{k37:'Z', id:26}), (n1{id:27})-[r2 :T1{k47:-2014095013, id:28}]->({id:29})<-[r3 :T4{k64:CASE WHEN ((toIntegerOrNull(NULL)/NULL) >= (round(-1029459481)+NULL)) THEN NULL END, id:30}]-(n2{id:31}) RETURN n0 AS a0, 1 AS a1;
MATCH ( { k36 : isEmpty ( ([ NULL , [ NULL ] ] +[]) ) } ) - [ r0 ] - ( ) - [ r1 ] - > ( : L3 ) ,( n0 ) UNWIND [NULL] as l0 DETACH DELETE r0 WITH * OPTIONAL MATCH ()-[:TYPE]-() CREATE ( : L5 { k37 : 'Z' , id : 26 } ) CREATE ( n1 { id : 27 } ) - [ r2 : T1 { k47 : -2014095013 , id : 28 } ] - > ( { id : 29 } ) < - [ r3 : T4 { k64 : CASE WHEN ( ( toIntegerOrNull ( NULL ) / NULL ) >= ( round ( CASE WHEN TRUE THEN -1029459481 END ) + NULL ) ) THEN NULL END , id : 30 } ] - ( n2 { id : 31 } ) WITH * RETURN n0 AS a0 , 1 AS a1 ;
MATCH (a) RETURN count(a);
MATCH (a) RETURN count(a);
MATCH (b)-[a]->(c) RETURN count(a);
MATCH (b)-[a]->(c) RETURN count(a);
CREATE ( :L5{id:32}), ( :L5{id:33})<-[ :T0{k39:NULL, id:34}]-( :L5{id:35})-[r0 :T0{id:36}]->(n0 :L3{id:37}) CREATE ({id:38})-[r1 :T5{id:39}]->({id:40}), (n1{id:41}) MERGE ( :L5{id:42})-[r2 :T5{k70:true, id:43}]->(n2{id:44})-[r3 :T1{id:45}]-({k22:1637357574, id:46}) RETURN DISTINCT n2 AS a0, n2 AS a1;
CREATE ( : L5 { id : 32 } ) CREATE ( : L5 { id : CASE WHEN TRUE THEN 33 END } ) < - [ : T0 { k39 : NULL , id : CASE WHEN TRUE THEN 34 END } ] - ( : L5 { id : 35 } ) - [ r0 : T0 { id : 36 } ] - > ( n0 : L3 { id : 37 } ) CREATE ( { id : 38 } ) - [ r1 : T5 { id : 39 } ] - > ( { id : 40 } ) CREATE ( n1 { id : 41 } ) MERGE ( : L5 { id : 42 } ) - [ r2 : T5 { k70 : true , id : 43 } ] - > ( n2 { id : 44 } ) - [ r3 : T1 { id : CASE WHEN FALSE THEN NULL ELSE 45 END } ] - ( { k22 : 1637357574 , id : 46 } ) RETURN DISTINCT n2 AS a0 , n2 AS a1 ;
MATCH (a) RETURN count(a);
MATCH (a) RETURN count(a);
MATCH (b)-[a]->(c) RETURN count(a);
MATCH (b)-[a]->(c) RETURN count(a);
MERGE ({id:47})-[r0 :T5{id:48}]->({id:49}) DETACH DELETE r0  MERGE p0=(n0{k35:581073016, id:50}) RETURN 1 AS a0, 1 AS a1 SKIP 1;
MERGE ( { id : 47 } ) - [ r0 : T5 { id : 48 } ] - > ( { id : 49 } ) WITH * DETACH DELETE r0 WITH * OPTIONAL MATCH ()-[:TYPE]-() MERGE p0 = ( n0 { k35 : 581073016 , id : CASE WHEN FALSE THEN NULL ELSE 50 END } ) WITH * RETURN 1 AS a0 , 1 AS a1 SKIP CASE WHEN FALSE THEN NULL ELSE 1 END ;
MATCH (a) RETURN count(a);
MATCH (a) RETURN count(a);
MATCH (b)-[a]->(c) RETURN count(a);
MATCH (b)-[a]->(c) RETURN count(a);
OPTIONAL MATCH ()-[r0]->(n0{k23:toStringList(CASE WHEN (-2072266706 >= -1524407940) THEN [true, false] END)[toIntegerOrNull(abs(-16254339))]}), () SET n0.k=substring(type(relationships(NULL)[toIntegerOrNull(abs(458324921))]), toIntegerOrNull(abs(round(111029030))), toIntegerOrNull(abs(NULL))) DETACH DELETE n0  RETURN 1 AS a0, 1 AS a1;
OPTIONAL MATCH (nn0),()-[r0]->(),(n0),() WHERE exists((nn0)-[r0]->(n0{k23:toStringList(CASE WHEN (-2072266706 >= -1524407940) THEN [true, false] END)[toIntegerOrNull(abs(-16254339))]})) UNWIND 1 as l0 SET n0 . k = substring ( CASE WHEN TRUE THEN type ( (relationships ( NULL ) +[]) [ toIntegerOrNull ( abs ( 458324921 ) ) ] ) END , toIntegerOrNull ( abs ( round ( 111029030 ) ) ) , toIntegerOrNull ( abs ( NULL ) ) ) WITH * FOREACH(f in [1]|DETACH DELETE n0 ) WITH * RETURN 1 AS a0 , 1 AS a1 ;
MATCH (a) RETURN count(a);
MATCH (a) RETURN count(a);
MATCH (b)-[a]->(c) RETURN count(a);
MATCH (b)-[a]->(c) RETURN count(a);
UNWIND [[NULL, NULL]] AS a0 CREATE ( :L3{k21:true, id:51}) CREATE (n0{id:52})<-[ :T0{k41:NULL, id:53}]-( :L5{k38:'5', id:54}) RETURN NULL AS a1 SKIP 0;
UNWIND [ [ NULL , NULL ] ] AS a0 CREATE ( : L3 { k21 : CASE WHEN FALSE THEN NULL ELSE true END , id : 51 } ) WITH * OPTIONAL MATCH ()-[:TYPE]-() CREATE (n0{ id : 52 } )CREATE (n0)< - [ : T0 { k41 : NULL , id : 53 } ] - ( : L5 { k38 : '5' , id : CASE WHEN FALSE THEN NULL ELSE 54 END } ) WITH * RETURN DISTINCT NULL AS a1 SKIP 0 ;
MATCH (a) RETURN count(a);
MATCH (a) RETURN count(a);
MATCH (b)-[a]->(c) RETURN count(a);
MATCH (b)-[a]->(c) RETURN count(a);
CREATE ({id:55}), (n0{id:56}) MERGE ({k21:false, id:57})<-[r0 :T1{id:58}]-({id:59})-[r1 :T5{id:60}]-(n1{id:61}) SET n1.k=(r1.k68) RETURN n1 AS a0, 1 AS a1 SKIP 0;
CREATE ( { id : 55 } ) CREATE ( n0 { id : 56 } ) MERGE ( { k21 : false , id : 57 } ) < - [ r0 : T1 { id : 58 } ] - ( { id : 59 } ) - [ r1 : T5 { id : 60 } ] - ( n1 { id : 61 } ) WITH * SET n1 . k = ( r1 . k68 ) RETURN DISTINCT n1 AS a0 , 1 AS a1 SKIP 0 ;
MATCH (a) RETURN count(a);
MATCH (a) RETURN count(a);
MATCH (b)-[a]->(c) RETURN count(a);
MATCH (b)-[a]->(c) RETURN count(a);
MATCH (n0)-[ :T1{k46:(toIntegerList([x IN [[], []]|[]])[toIntegerOrNull(abs(-1678448202))]/-174212800)}]-()-[*0..0]->(n1 :L3) MERGE ({id:62}) DETACH DELETE n1  RETURN n0 AS a0;
MATCH (n0),()<-[m0:T1{k46:(toIntegerList([x IN [[], []]|[]])[toIntegerOrNull(abs(-1678448202))]/-174212800)}]-(),(nn1),()-[*0..0]->(),(n1:L3) WHERE exists((n0)-[m0]-(nn1)-[*0..0]->(n1)) OPTIONAL MATCH ()-[:TYPE]-() MERGE pp0=( { id : 62 } ) WITH * DETACH DELETE n1 RETURN n0 AS a0 ;
MATCH (a) RETURN count(a);
MATCH (a) RETURN count(a);
MATCH (b)-[a]->(c) RETURN count(a);
MATCH (b)-[a]->(c) RETURN count(a);
MERGE ( :L5{id:63}) CREATE (n0 :L3{id:64}), (n1 :L5{id:65}) MERGE ( :L3{id:66})-[r0 :T4{id:67}]-( :L5{id:68})-[r1 :T0{id:69}]-(n2{id:70}) RETURN n2 AS a0, 1 AS a1 LIMIT 1;
MERGE ( : L5 { id : 63 } ) CREATE ( n0 : L3 { id : 64 } ) CREATE ( n1 : L5 { id : 65 } ) WITH * MERGE ( : L3 { id : 66 } ) - [ r0 : T4 { id : 67 } ] - ( : L5 { id : 68 } ) - [ r1 : T0 { id : 69 } ] - ( n2 { id : 70 } ) RETURN n2 AS a0 , 1 AS a1 LIMIT 1 ;
