-- Time: 2024/04/11 14:17:25
-- Database: janusgraph_database859
-- Database version: composite
-- seed value: 1712812407383
CREATE (n0 :L4{k27 : false, k22 : -670960900, id : 0, k24 : '2B', k23 : false, k26 : -1008539531, k25 : -882013532});
CREATE (n0 :L0{k0 : false, k1 : 1555107161, k2 : 1636776619, k3 : false, k4 : 2115962521, k5 : '8', id : 1});
CREATE (n0 :L0{k0 : true, k1 : 1783728729, k2 : -171468318, k3 : true, k4 : -2018441595, k5 : '9', id : 2});
CREATE (n0 :L4{k27 : true, k22 : 23319352, id : 3, k24 : 'bxMH', k23 : false, k25 : 1800953187});
MATCH (n0 {id : 0}), (n1 {id : 1}) MERGE(n0)-[r :T1{k33 : false, id : 4, k35 : true, k34 : 'E', k37 : -1687969857, k36 : 'tR'}]->(n1);
MATCH (n0 {id : 0}), (n1 {id : 0}) MERGE(n0)-[r :T4{k49 : 'jSah9PSL', k51 : 1836021553, k50 : -2054030642, id : 5}]->(n1);
MATCH (n0 {id : 0}), (n1 {id : 3}) MERGE(n0)-[r :T2{k39 : true, k38 : true, k40 : -1114791658, k41 : true, id : 6, k43 : 1438823336}]->(n1);
MATCH (n0 {id : 1}), (n1 {id : 2}) MERGE(n0)-[r :T4{k49 : 'xP', k50 : -432392164, k53 : false, id : 7}]->(n1);
MATCH (n0 {id : 0}), (n1 {id : 2}) MERGE(n0)-[r :T2{k39 : true, k38 : true, k40 : -1493427187, k42 : 1485834073, id : 8, k43 : 1764523481}]->(n1);
OPTIONAL MATCH (n0)<-[*0..1]-(n1{k24:NULL}) MERGE p0=(n2{id:9}) REMOVE n2.k2 RETURN n1 AS a0 UNION CREATE ({k22:NULL, id:10}), (n3{id:11})-[r0 :T2{id:12}]->(n4{id:13})<-[r1 :T4{k52:-1273348294, id:14}]-({id:15}) CREATE (n5{k22:233802244, id:16})-[ :T2{k40:NULL, id:17}]->( :L0{id:18})<-[r2 :T4{k50:1615201910, id:19}]-({id:20}), ( :L4{k26:NULL, id:21}) CREATE ({id:22}) RETURN collect('P')[toIntegerOrNull(abs(638766603))] AS a0;
OPTIONAL MATCH ( n0 ) < - [ * 0 .. 1 ] - ( n1 { k24 : NULL } ) MERGE p0 = ( n2 { id : 9 } ) WITH * WITH * CALL{WITH *REMOVE n2 . k2 } RETURN n1 AS a0 UNION CREATE ( { k22 : NULL , id : 10 } ) CREATE ( n3 { id : 11 } ) - [ r0 : T2 { id : 12 } ] - > ( n4 { id : CASE WHEN FALSE THEN NULL ELSE 13 END } ) < - [ r1 : T4 { k52 : -1273348294 , id : 14 } ] - ( { id : 15 } ) CREATE ( n5 { k22 : 233802244 , id : 16 } ) - [ : T2 { k40 : NULL , id : 17 } ] - > ( : L0 { id : 18 } ) < - [ r2 : T4 { k50 : 1615201910 , id : 19 } ] - ( { id : CASE WHEN TRUE THEN 20 END } ) CREATE ( : L4 { k26 : NULL , id : 21 } ) WITH * UNWIND [NULL] as l0 CREATE ( { id : CASE WHEN FALSE THEN NULL ELSE 22 END } ) WITH * UNWIND [1] as l1 RETURN DISTINCT collect ( 'P' ) [ toIntegerOrNull ( abs ( 638766603 ) ) ] AS a0 LIMIT 1 ;
MATCH (a) RETURN count(a);
MATCH (b)-[a]->(c) RETURN count(a);
MATCH (b)-[a]->(c) RETURN count(a);
UNWIND NULL AS a0 CREATE ( :L4{id:23})-[r0 :T4{k50:(NULL+455777500), id:24}]->(n0{id:25})-[ :T2{k43:NULL, id:26}]->({id:27}) MERGE ({id:28})-[r1 :T2{id:29}]-({id:30}) RETURN r1 AS a1, 1 AS a2 UNION ALL CREATE (n8{k24:'1', id:31})-[ :T4{id:32}]->(n9{id:33}) CREATE p0=(n10 :L0{id:34})<-[ :T2{id:35}]-(n11{id:36})-[r5 :T1{id:37}]->(n12{id:38}), p1=({id:39})-[r6 :T1{id:40}]->({id:41})-[r7 :T4{id:42}]->(n13{id:43}) MERGE p2=(n14{k1:-915778076, id:44})<-[ :T1{id:45}]-({id:46}) RETURN 1 AS a1, n14 AS a2;
UNWIND NULL AS a0 CREATE ( : L4 { id : 23 } ) - [ r0 : T4 { k50 : ( NULL + 455777500 ) , id : 24 } ] - > ( n0 { id : 25 } ) - [ : T2 { k43 : NULL , id : 26 } ] - > ( { id : 27 } ) MERGE ( { id : 28 } ) - [ r1 : T2 { id : 29 } ] - ( { id : 30 } ) RETURN r1 AS a1 , 1 AS a2 UNION ALL CREATE ( n8 { k24 : '1' , id : 31 } ) - [ : T4 { id : 32 } ] - > ( n9 { id : 33 } ) CREATE p0 = ( n10 : L0 { id : 34 } ) < - [ : T2 { id : 35 } ] - ( n11 { id : 36 } ) - [ r5 : T1 { id : 37 } ] - > ( n12 { id : CASE WHEN TRUE THEN 38 END } ) CREATE p1 = ( { id : 39 } ) - [ r6 : T1 { id : 40 } ] - > ( { id : 41 } ) - [ r7 : T4 { id : 42 } ] - > ( n13 { id : 43 } ) WITH * MERGE p2 = ( n14 { k1 : -915778076 , id : 44 } ) < - [ : T1 { id : CASE WHEN TRUE THEN 45 END } ] - ( { id : 46 } ) RETURN 1 AS a1 , n14 AS a2 ;
MATCH (a) RETURN count(a);
MATCH (a) RETURN count(a);
MATCH (b)-[a]->(c) RETURN count(a);
MATCH (b)-[a]->(c) RETURN count(a);
WITH NULL AS a0 MATCH (n0)-[r0]-() REMOVE n0.k2 RETURN 1 AS a1, n0 AS a2;
WITH NULL AS a0 MATCH (n0)-[*0..0]-( n0 ) - [ r0 ] - ( ) OPTIONAL MATCH ()-[:TYPE]-() REMOVE n0 . k2 RETURN 1 AS a1 , n0 AS a2 ;
