-- Time: 2024/04/11 13:58:58
-- Database: janusgraph_database610
-- Database version: composite
-- seed value: 1712812407134
CREATE (n0 :L3{id : 0, k21 : true, k23 : 1313803038, k25 : -1016903976});
CREATE (n0 {id : 1});
CREATE (n0 :L1{k11 : 'V', id : 2, k10 : 320931937, k7 : 'Op', k13 : -854338301, k8 : '6XdE', k12 : 'jX', k9 : -735428748});
CREATE (n0 :L2{k17 : 95794309, k16 : -493921502, k19 : 'MmIznhEVj', k18 : -1362131650, k20 : -906338566, id : 3, k15 : false, k14 : -1212521352});
MATCH (n0 {id : 1}), (n1 {id : 0}) MERGE(n0)-[r :T2{k53 : -198004002, k55 : 't', id : 4, k54 : 754058745, k57 : -2036571796, k56 : 'h'}]->(n1);
MATCH (n0 {id : 1}), (n1 {id : 1}) MERGE(n0)-[r :T1{k49 : 494000661, k51 : false, k50 : '0rYv', k52 : 1473012406, id : 5, k48 : 1449647974, k47 : -956309542}]->(n1);
MATCH (n0 {id : 2}), (n1 {id : 1}) MERGE(n0)-[r :T3{k60 : 817531636, k62 : false, k64 : 'rK0', k63 : true, id : 6, k59 : 910446023, k58 : false}]->(n1);
MATCH (n0 {id : 3}), (n1 {id : 3}) MERGE(n0)-[r :T6{k80 : true, k77 : -1877705464, id : 7, k76 : -454993689, k79 : -2126415146, k78 : 'K1'}]->(n1);
MATCH (n0 {id : 0}), (n1 {id : 2}) MERGE(n0)-[r :T3{k62 : true, k61 : 1998846737, k64 : 'ra', k63 : true, id : 8, k58 : false}]->(n1);
MATCH (n0 {id : 2}), (n1 {id : 3}) MERGE(n0)-[r :T0{k40 : 61729789, k42 : -186366942, k41 : 'OaV', id : 9, k43 : false, k46 : 'D8PxnBO', k45 : false}]->(n1);
MERGE (n0 :L1{k7:'8', id:10})-[r0 :T3{id:11}]->({id:12})-[r1 :T1{id:13}]->({id:14}) SET n0.k=true SET n0.k=1411766820 RETURN 1 AS a0, r0 AS a1;
MERGE ( n0 : L1 { k7 : CASE WHEN FALSE THEN NULL ELSE '8' END , id : 10 } ) - [ r0 : T3 { id : 11 } ] - > ( { id : CASE WHEN FALSE THEN NULL ELSE 12 END } ) - [ r1 : T1 { id : 13 } ] - > ( { id : 14 } ) WITH * OPTIONAL MATCH ()-[:TYPE]-() SET n0 . k = true FOREACH(f in [1]|SET n0 . k = 1411766820 ) WITH * RETURN 1 AS a0 , r0 AS a1 ;
MATCH (a) RETURN count(a);
MATCH (b)-[a]->(c) RETURN count(a);
MATCH (b)-[a]->(c) RETURN count(a);
CREATE p1=(n0{id:15})<-[ :T2{id:16}]-({id:17}) CREATE (n1{id:18})-[r1 :T1{k50:substring(reverse('zGAJrFh'), toIntegerOrNull(abs(NULL)), toIntegerOrNull(abs(1526993578))), id:19}]->(n2{id:20})<-[ :T3{id:21}]-(n3{k7:NULL, id:22}), (n4{id:23})<-[ :T2{k57:167011637, id:24}]-({id:25})-[ :T1{k49:1, id:26}]->({id:27}) CREATE p2=(n5{id:28})-[r2 :T3{k62:(type(NULL) <> CASE WHEN NULL THEN 'desLje' END), id:29}]->({k11:NULL, id:30}) RETURN 1 AS a2, true AS a3;
CREATE p1 = ( n0 { id : 15 } ) < - [ : T2 { id : CASE WHEN TRUE THEN 16 END } ] - ( { id : 17 } ) WITH * CREATE (n1{ id : CASE WHEN TRUE THEN 18 END } )CREATE (n1)- [ r1 : T1 { k50 : CASE WHEN FALSE THEN NULL ELSE (''+substring ( reverse ( 'zGAJrFh' ) , toIntegerOrNull ( abs ( NULL ) ) , toIntegerOrNull ( abs ( 1526993578 ) ) ) )END , id : 19 } ] - > ( n2 { id : 20 } ) < - [ : T3 { id : 21 } ] - ( n3 { k7 : NULL , id : 22 } ) CREATE (n4{ id : 23 } )CREATE (n4)< - [ : T2 { k57 : 167011637 , id : 24 } ] - ( { id : 25 } ) - [ : T1 { k49 : 1 , id : 26 } ] - > ( { id : 27 } ) WITH * OPTIONAL MATCH ()-[:TYPE]-() CREATE (n5{ id : 28 } )CREATE (n5)- [ r2 : T3 { k62 : ( type ( NULL ) <> CASE WHEN NULL THEN ('desLje' +'') END ) , id : 29 } ] - > ( { k11 : NULL , id : 30 } ) RETURN 1 AS a2 , true AS a3 ;
MATCH (a) RETURN count(a);
MATCH (a) RETURN count(a);
MATCH (b)-[a]->(c) RETURN count(a);
MATCH (b)-[a]->(c) RETURN count(a);
MATCH ()-[ :T3{k63:NULL}]->()-[r0]-(n0), (n1)-[]-(n2)-[r1 :T2{k57:NULL}]-(n3 :L3) WHERE CASE WHEN false THEN true END DETACH DELETE n2  REMOVE n3.k2 RETURN * ORDER BY properties(n3) DESC;
MATCH (nn0),()-[m1:T3{k63:NULL}]->(),(nn2),()<-[r0]-(),(n0),(n1)-[]-(n2)-[r1 :T2{k57:NULL}]-(n3 :L3) WHERE exists((nn0)-[m1]->(nn2)-[r0]-(n0)) AND (CASE WHEN false THEN true END )WITH * DETACH DELETE n2 REMOVE n3 . k2 RETURN * ORDER BY properties(n3) DESC ;
