-- Time: 2024/04/11 14:00:45
-- Database: janusgraph_database634
-- Database version: composite
-- seed value: 1712812407158
CREATE (n0 :L5{k33 : 'DtNLQP', id : 0, k35 : '0ekxAWrR4', k34 : 'H', k37 : 'oWpi4Lnk', k36 : 1919203847});
CREATE (n0 :L2{k17 : 'o', k16 : -1488093828, k18 : false, id : 1, k13 : true, k12 : false, k15 : true});
CREATE (n0 :L5{k33 : 'Y', id : 2, k35 : 'LyWaX4P0a', k34 : 'HUph', k37 : '75dgxaCYD', k36 : -1658821184});
CREATE (n0 {id : 3});
MATCH (n0 {id : 3}), (n1 {id : 1}) MERGE(n0)-[r :T5{k71 : true, k66 : false, id : 4, k68 : 'bTX8G', k67 : false, k69 : 163550187}]->(n1);
MATCH (n0 {id : 0}), (n1 {id : 2}) MERGE(n0)-[r :T4{k62 : 'j', k61 : true, k64 : '3LR', k63 : false, id : 5, k65 : 'oF799Bk9'}]->(n1);
MATCH (n0 {id : 2}), (n1 {id : 0}) MERGE(n0)-[r :T0{k39 : false, k38 : 'O', k40 : 'uIrKrYn', k42 : false, k41 : false, k44 : false, id : 6, k43 : 'y'}]->(n1);
MATCH (n0 {id : 3}), (n1 {id : 3}) MERGE(n0)-[r :T4{k62 : 'c', k64 : 'y', id : 7}]->(n1);
MATCH (n0 {id : 1}), (n1 {id : 1}) MERGE(n0)-[r :T5{k71 : false, id : 8, k68 : 'nG', k67 : false, k69 : 163550187}]->(n1);
MATCH (n0 {id : 0}), (n1 {id : 1}) MERGE(n0)-[r :T6{k73 : false, k72 : true, k75 : true, k74 : 'B', k77 : 883643685, id : 9, k76 : '095M'}]->(n1);
CREATE (n0{id:10}), (n1{id:11})-[ :T4{id:12}]->(n2{id:13}) CREATE ( :L5{id:14})-[r0 :T4{id:15}]->({k34:NULL, id:16}), (n3{id:17})-[ :T5{k66:((1727664366 <> NULL) AND (CASE WHEN false THEN NULL END STARTS WITH NULL)), id:18}]->(n4 :L2{k18:false, id:19}) CREATE p0=({id:20}) RETURN 1 AS a0;
CREATE ( n0 { id : 10 } ) CREATE ( n1 { id : 11 } ) - [ : T4 { id : CASE WHEN FALSE THEN NULL ELSE 12 END } ] - > ( n2 { id : CASE WHEN FALSE THEN NULL ELSE 13 END } ) CREATE ({k34:NULL, id:16})<-[ r0 : T4 { id : 15 } ] -( : L5 { id : 14 } ) CREATE ( n3 { id : 17 } ) - [ : T5 { k66 : ( ( 1727664366 <> NULL ) AND ( CASE WHEN false THEN NULL END STARTS WITH NULL ) ) , id : 18 } ] - > ( n4 : L2 { k18 : false , id : 19 } ) CREATE p0 = ( { id : 20 } ) RETURN 1 AS a0 ;
MATCH (a) RETURN count(a);
MATCH (b)-[a]->(c) RETURN count(a);
MATCH (b)-[a]->(c) RETURN count(a);
CREATE (n0{id:21})-[ :T5{k69:-1503987141, id:22}]->( :L2{k18:NULL, id:23}) MERGE (n1{id:24})<-[r0 :T4{id:25}]-(n2{k34:'m', id:26}) SET n1.k=(r0.k61) RETURN * ORDER BY round(NULL) DESC;
CREATE ( n0 { id : 21 } ) - [ : T5 { k69 : -1503987141 , id : 22 } ] - > ( : L2 { k18 : NULL , id : 23 } ) MERGE pp0=( n1 { id : 24 } ) < - [ r0 : T4 { id : CASE WHEN FALSE THEN NULL ELSE 25 END } ] - ( n2 { k34 : 'm' , id : 26 } ) SET n1 . k = CASE WHEN TRUE THEN ( r0 . k61 ) END RETURN * ORDER BY round(NULL) DESC ,NULL SKIP 1 ;
MATCH (a) RETURN count(a);
MATCH (a) RETURN count(a);
MATCH (b)-[a]->(c) RETURN count(a);
MATCH (b)-[a]->(c) RETURN count(a);
WITH * CREATE ({id:27}) CREATE ({id:28})-[r0 :T6{id:29}]->({id:30}), ({k15:NULL, id:31})-[r1 :T5{id:32}]->( :L2{id:33})<-[ :T6{k73:((false OR (833526408 > 405587248)) IS NOT NULL), id:34}]-({id:35}) RETURN 1 AS a0, 1 AS a1 SKIP 1;
WITH * CREATE ( { id : 27 } ) CREATE ( { id : 28 } ) - [ r0 : T6 { id : 29 } ] - > ( { id : 30 } ) CREATE ({id:35})-[ : T6 { k73 : ( ( false OR ( 833526408 > 405587248 ) ) IS NOT NULL ) , id : CASE WHEN FALSE THEN NULL ELSE 34 END } ] ->( :L2{id:33})<-[ r1 : T5 { id : 32 } ] -( { k15 : CASE WHEN FALSE THEN NULL ELSE NULL END , id : 31 } ) WITH * OPTIONAL MATCH ()-[:TYPE]-() RETURN 1 AS a0 , 1 AS a1 SKIP 1 ;
