-- Time: 2024/04/11 13:20:31
-- Database: janusgraph_database90
-- Database version: composite
-- seed value: 1712812406571
CREATE (n0 {id : 0});
CREATE (n0 {id : 1});
CREATE (n0 :L1{k5 : 1821009853, id : 2, k6 : '7CJCeUv', k7 : '7P', k8 : 'kfB', k9 : 'o'});
CREATE (n0 :L4{k28 : 1057327316, k29 : false, id : 3, k24 : -807444718, k26 : 839681736, k25 : false});
MATCH (n0 {id : 1}), (n1 {id : 2}) MERGE(n0)-[r :T2{k49 : true, k50 : true, k53 : false, k52 : 'wG', id : 4, k48 : 'Rbz', k47 : 'j'}]->(n1);
MATCH (n0 {id : 2}), (n1 {id : 1}) MERGE(n0)-[r :T2{k49 : false, k51 : '7Ec', k53 : false, k52 : 'E', id : 5, k48 : 'F', k47 : 'BH'}]->(n1);
MATCH (n0 {id : 0}), (n1 {id : 2}) MERGE(n0)-[r :T0{k39 : 'w', k38 : false, id : 6, k35 : 'V2F', k37 : 'AGb', k36 : 'e9LfA9C'}]->(n1);
MATCH (n0 {id : 3}), (n1 {id : 3}) MERGE(n0)-[r :T5{k70 : false, id : 7, k68 : true, k67 : 'S', k69 : 1752287652}]->(n1);
MATCH (n0 {id : 1}), (n1 {id : 1}) MERGE(n0)-[r :T1{k40 : true, k42 : 90328705, k41 : 'KOfUd', k44 : 'V', id : 8, k43 : false, k46 : 1513356835, k45 : 277531344}]->(n1);
MATCH (n0 {id : 2}), (n1 {id : 3}) MERGE(n0)-[r :T1{k42 : 1618094166, k41 : 'bGb2zn', k44 : 'RMu', id : 9, k43 : true, k46 : -839460713, k45 : 1686242114}]->(n1);
UNWIND NULL AS a0 UNWIND [NULL] AS a1 CREATE p0=( :L4{id:10}), (n0 :L1{id:11})<-[ :T2{id:12}]-({id:13})-[r0 :T1{id:14}]->(n1{id:15}) RETURN 1 AS a2 LIMIT 1;
UNWIND NULL AS a0 WITH * UNWIND [ NULL ] AS a1 CREATE p0 = ( : L4 { id : 10 } ) CREATE (n0: L1 { id : 11 } )CREATE (n0)< - [ : T2 { id : 12 } ] - ( { id : 13 } ) - [ r0 : T1 { id : 14 } ] - > ( n1 { id : 15 } ) WITH * RETURN 1 AS a2 LIMIT 1 ;
MATCH (a) RETURN count(a);
MATCH (b)-[a]->(c) RETURN count(a);
MATCH (b)-[a]->(c) RETURN count(a);
WITH NULL AS a0 MERGE (n0{id:16}) MERGE (n1{id:17})-[r0 :T2{k51:'V', id:18}]-(n2{id:19})<-[r1 :T0{k39:'Q', id:20}]-({id:21}) RETURN n0 AS a1;
WITH NULL AS a0 MERGE ( n0 { id : CASE WHEN TRUE THEN 16 END } ) MERGE pp0=( n1 { id : 17 } ) - [ r0 : T2 { k51 : 'V' , id : 18 } ] - ( n2 { id : 19 } ) < - [ r1 : T0 { k39 : 'Q' , id : 20 } ] - ( { id : 21 } ) WITH * OPTIONAL MATCH ()-[:TYPE]-() RETURN n0 AS a1 ;
