-- Time: 2024/04/11 13:56:17
-- Database: janusgraph_database574
-- Database version: composite
-- seed value: 1712812407098
CREATE (n0 :L0{k0 : 'O', k1 : true, k2 : 'K7ihKmu', k3 : 'I', k4 : false, id : 0});
CREATE (n0 {id : 1});
CREATE (n0 :L5{k31 : 89979315, k33 : 'W', id : 2, k32 : true, k35 : -1392826891, k34 : true, k36 : -1234751114});
CREATE (n0 :L1{k11 : 1283216379, id : 3, k7 : 'x', k8 : 'WX', k9 : 335929583});
MATCH (n0 {id : 2}), (n1 {id : 3}) MERGE(n0)-[r :T2{k49 : 'Vdyh6', k51 : false, k50 : 'Pn', k52 : true, id : 4, k48 : false, k47 : true}]->(n1);
MATCH (n0 {id : 3}), (n1 {id : 0}) MERGE(n0)-[r :T1{k42 : 'z', k44 : true, id : 5, k43 : 'zR', k46 : true, k45 : '3crDZdB'}]->(n1);
MATCH (n0 {id : 0}), (n1 {id : 1}) MERGE(n0)-[r :T4{k60 : 1889187160, k61 : 1668186672, k64 : true, k63 : -350651733, id : 6, k59 : -1876725467}]->(n1);
MATCH (n0 {id : 3}), (n1 {id : 2}) MERGE(n0)-[r :T2{k49 : 'um', k51 : true, k50 : 'Y', k52 : false, id : 7, k48 : false}]->(n1);
WITH [((-796128204+974230648)/(NULL/272347389)), NULL] AS a0 ORDER BY toBooleanList([NULL])[toIntegerOrNull(abs(round(-128502559)))], a0 DESC WHERE NULL CREATE p0=(n0{id:8})<-[r0 :T2{id:9}]-(n1 :L0{k1:false, id:10}), (n2{id:11})<-[r1 :T2{id:12}]-(n3 :L1{id:13}) MERGE ({id:14})-[r2 :T2{k50:'1', id:15}]-( :L0{id:16}) RETURN 1 AS a1, NULL AS a2;
WITH [ ( ( -796128204 + 974230648 ) / ( NULL / 272347389 ) ) , NULL ] AS a0 ORDER BY toBooleanList ( CASE WHEN TRUE THEN [ NULL ] END ) [ toIntegerOrNull ( abs ( round ( -128502559 ) ) ) ] , a0 DESC WHERE NULL CREATE p0 = ( n0 { id : 8 } ) < - [ r0 : T2 { id : 9 } ] - ( n1 : L0 { k1 : false , id : 10 } ) CREATE (n2{ id : 11 } )CREATE (n2)< - [ r1 : T2 { id : 12 } ] - ( n3 : L1 { id : 13 } ) MERGE ( { id : 14 } ) - [ r2 : T2 { k50 : '1' , id : 15 } ] - ( : L0 { id : 16 } ) RETURN 1 AS a1 , CASE WHEN TRUE THEN NULL END AS a2 ;
MATCH (a) RETURN count(a);
MATCH (b)-[a]->(c) RETURN count(a);
MATCH (b)-[a]->(c) RETURN count(a);
OPTIONAL MATCH () MERGE p0=({id:17}) DETACH DELETE p0  RETURN 1 AS a0, 1 AS a1;
OPTIONAL MATCH ( ) WITH * MERGE p0 = ( { id : 17 } ) FOREACH(f in [1]|DETACH DELETE p0 ) RETURN 1 AS a0 , 1 AS a1 ;
MATCH (a) RETURN count(a);
MATCH (a) RETURN count(a);
MATCH (b)-[a]->(c) RETURN count(a);
MATCH (b)-[a]->(c) RETURN count(a);
WITH NULL AS a0 MATCH (), (n0)<-[]-() CREATE p0=(n1{id:18})-[ :T2{id:19}]->( :L5{id:20})-[ :T2{k51:false, id:21}]->({id:22}) RETURN n0 AS a1, n0 AS a2 LIMIT 0 UNION ALL UNWIND NULL AS a0 MERGE ({id:23})<-[r0 :T4{id:24}]-({id:25}) MERGE (n0{id:26})<-[r1 :T2{id:27}]-({id:28})-[r2 :T2{id:29}]-({k6:'jf', id:30}) RETURN 1 AS a1, a0 AS a2;
WITH NULL AS a0 MATCH ( ) ,( n0 ) < - [ ] - ( ) UNWIND 1 as l0 CREATE p0 = ( n1 { id : 18 } ) - [ : T2 { id : 19 } ] - > ( : L5 { id : 20 } ) - [ : T2 { k51 : false , id : 21 } ] - > ( { id : CASE WHEN TRUE THEN 22 END } ) RETURN n0 AS a1 , n0 AS a2 LIMIT 0 UNION ALL UNWIND NULL AS a0 MERGE ( { id : CASE WHEN TRUE THEN 23 END } ) < - [ r0 : T4 { id : 24 } ] - ( { id : 25 } ) WITH * MERGE ( n0 { id : 26 } ) < - [ r1 : T2 { id : 27 } ] - ( { id : 28 } ) - [ r2 : T2 { id : 29 } ] - ( { k6 : (''+'jf' ), id : 30 } ) RETURN 1 AS a1 , a0 AS a2 ;
MATCH (a) RETURN count(a);
MATCH (a) RETURN count(a);
MATCH (b)-[a]->(c) RETURN count(a);
MATCH (b)-[a]->(c) RETURN count(a);
OPTIONAL MATCH (n0{k32:NULL}) MERGE (n1{id:31})-[r0 :T4{id:32}]-({k0:'WF', id:33})<-[r1 :T1{id:34}]-(n2 :L1{id:35}) SET n2.k=('ed3ZNR' ENDS WITH (elementId(relationships(NULL)[toIntegerOrNull(abs(254761523))])+(r1.k45))) RETURN 1 AS a0 ORDER BY a0 DESC;
OPTIONAL MATCH ( n0 { k32 : NULL } ) MERGE ( n1 { id : 31 } ) - [ r0 : T4 { id : 32 } ] - ( { k0 : 'WF' , id : 33 } ) < - [ r1 : T1 { id : 34 } ] - ( n2 : L1 { id : 35 } ) SET n2 . k = ( 'ed3ZNR' ENDS WITH ( elementId ( relationships ( NULL ) [ toIntegerOrNull ( abs ( 254761523 ) ) ] ) + ( r1 . k45 ) ) ) WITH * OPTIONAL MATCH ()-[:TYPE]-() RETURN 1 AS a0 ORDER BY a0 DESC ;
MATCH (a) RETURN count(a);
MATCH (a) RETURN count(a);
MATCH (b)-[a]->(c) RETURN count(a);
MATCH (b)-[a]->(c) RETURN count(a);
MERGE p0=({id:36}) CREATE ({id:37})<-[ :T1{k44:CASE WHEN false THEN true END, id:38}]-({id:39}), p1=({k1:exists(( :L5)-[]->()), id:40})<-[ :T1{id:41}]-({id:42}) CREATE (n0{id:43})<-[r0 :T4{id:44}]-(n1 :L0{id:45}) RETURN 1 AS a0;
MERGE p0 = ( { id : 36 } ) CREATE ( { id : 37 } ) < - [ : T1 { k44 : CASE WHEN false THEN true END , id : 38 } ] - ( { id : 39 } ) CREATE p1 = ( { k1 : exists ( ( : L5 ) - [ ] - > ( ) ) , id : 40 } ) < - [ : T1 { id : 41 } ] - ( { id : 42 } ) CREATE (n1 :L0{id:45})-[ r0 : T4 { id : 44 } ] ->( n0 { id : 43 } ) RETURN 1 AS a0 LIMIT 1 ;
MATCH (a) RETURN count(a);
MATCH (a) RETURN count(a);
MATCH (b)-[a]->(c) RETURN count(a);
MATCH (b)-[a]->(c) RETURN count(a);
MERGE (n0 :L1{id:46})-[r0 :T1{id:47}]->({id:48})-[r1 :T4{k65:-1357385737, id:49}]->({id:50}) CREATE (n1{id:51})<-[r2 :T2{id:52}]-({id:53}), (n2{k33:'mdnJ', id:54})<-[r3 :T2{k49:type(relationships(NULL)[toIntegerOrNull(abs((n0.k10)))]), id:55}]-(n3{k6:(n0.k7), id:56}) DETACH DELETE n0  RETURN 1 AS a0, 1 AS a1;
MERGE ( n0 : L1 { id : 46 } ) - [ r0 : T1 { id : 47 } ] - > ( { id : 48 } ) - [ r1 : T4 { k65 : -1357385737 , id : CASE WHEN FALSE THEN NULL ELSE 49 END } ] - > ( { id : 50 } ) WITH * UNWIND [1] as l0 CREATE ({id:53})-[ r2 : T2 { id : 52 } ] ->( n1 { id : 51 } ) CREATE ( n2 { k33 : 'mdnJ' , id : 54 } ) < - [ r3 : T2 { k49 : type ( relationships ( NULL ) [ toIntegerOrNull ( abs ( ( CASE WHEN TRUE THEN n0 . k10 END ) ) ) ] ) , id : 55 } ] - ( n3 { k6 : ( n0 . k7 ) , id : 56 } ) WITH * OPTIONAL MATCH ()-[:TYPE]-() DETACH DELETE n0 WITH * RETURN 1 AS a0 , 1 AS a1 ;
MATCH (a) RETURN count(a);
MATCH (a) RETURN count(a);
MATCH (b)-[a]->(c) RETURN count(a);
MATCH (b)-[a]->(c) RETURN count(a);
MERGE ({id:57})-[r0 :T2{id:58}]-({id:59})-[r1 :T2{id:60}]-(n0{k6:'I', id:61}) MERGE (n1{id:62})<-[ :T2{k47:false, id:63}]-(n2 :L5{id:64})-[ :T2{id:65}]-(n3 :L1{id:66}) SET n2.k=toBooleanOrNull(NULL) RETURN 858396751 AS a0;
MERGE ( { id : CASE WHEN TRUE THEN 57 END } ) - [ r0 : T2 { id : 58 } ] - ( { id : 59 } ) - [ r1 : T2 { id : CASE WHEN TRUE THEN 60 END } ] - ( n0 { k6 : 'I' , id : 61 } ) WITH * OPTIONAL MATCH ()-[:TYPE]-() MERGE ( n1 { id : 62 } ) < - [ : T2 { k47 : false , id : CASE WHEN TRUE THEN 63 END } ] - ( n2 : L5 { id : 64 } ) - [ : T2 { id : CASE WHEN TRUE THEN 65 END } ] - ( n3 : L1 { id : 66 } ) WITH * OPTIONAL MATCH ()-[:TYPE]-() SET n2 . k = toBooleanOrNull ( NULL ) WITH * RETURN 858396751 AS a0 SKIP 1 ;
MATCH (a) RETURN count(a);
MATCH (a) RETURN count(a);
MATCH (b)-[a]->(c) RETURN count(a);
MATCH (b)-[a]->(c) RETURN count(a);
CREATE ({id:67})<-[r0 :T4{k65:NULL, id:68}]-({k3:NULL, id:69})<-[ :T1{id:70}]-({id:71}) CREATE (n0 :L0{id:72})<-[ :T1{id:73}]-(n1{id:74})-[ :T2{k48:exists(()-[]->( :L5{k33:'5'})), id:75}]->({id:76}) MERGE ( :L1{k7:'Z4xMx9', id:77}) RETURN 1 AS a0;
CREATE ( { id : CASE WHEN FALSE THEN NULL ELSE 67 END } ) < - [ r0 : T4 { k65 : NULL , id : 68 } ] - ( { k3 : NULL , id : 69 } ) < - [ : T1 { id : 70 } ] - ( { id : CASE WHEN FALSE THEN NULL ELSE 71 END } ) CREATE ( n0 : L0 { id : 72 } ) < - [ : T1 { id : 73 } ] - ( n1 { id : 74 } ) - [ : T2 { k48 : exists ( ( ) - [ ] - > ( : L5 { k33 : '5' } ) ) , id : 75 } ] - > ( { id : 76 } ) MERGE ( : L1 { k7 : 'Z4xMx9' , id : CASE WHEN FALSE THEN NULL ELSE 77 END } ) RETURN 1 AS a0 SKIP 1 ;
MATCH (a) RETURN count(a);
MATCH (a) RETURN count(a);
MATCH (b)-[a]->(c) RETURN count(a);
MATCH (b)-[a]->(c) RETURN count(a);
MERGE ({id:78})-[ :T2{id:79}]->({k33:'Bf', id:80})-[r1 :T2{id:81}]->(n4 :L1{id:82}) SET n4.k=(n4.k7) CREATE p1=({id:83})-[ :T2{id:84}]->(n5 :L5{id:85}), (n6 :L0{id:86})<-[ :T2{id:87}]-(n7{id:88}) RETURN (n4.k11) AS a2 ORDER BY (n4.k11), a2 UNION ALL OPTIONAL MATCH (), (n0{k35:NULL})-[ :T2{k48:false}]-(n1) SET n1.k=NULL SET n1.k=NULL RETURN 1 AS a2;
MERGE ( { id : CASE WHEN TRUE THEN 78 END } ) - [ : T2 { id : 79 } ] - > ( { k33 : 'Bf' , id : 80 } ) - [ r1 : T2 { id : 81 } ] - > ( n4 : L1 { id : 82 } ) SET n4 . k = ( n4 . k7 ) CREATE (m0{ id : 83 } )CREATE (m0)- [ : T2 { id : 84 } ] - > ( n5 : L5 { id : 85 } ) CREATE (n6: L0 { id : 86 } )CREATE (n6)< - [ : T2 { id : 87 } ] - ( n7 { id : 88 } ) WITH * OPTIONAL MATCH ()-[:TYPE]-() RETURN ( n4 . k11 ) AS a2 ORDER BY (n4.k11), a2 UNION ALL OPTIONAL MATCH ( ) ,( n0 { k35 : NULL } ) - [ : T2 { k48 : false } ] - ( n1 ) UNWIND [1] as l0 SET n1 . k = NULL WITH * WITH * CALL{WITH *SET n1 . k = NULL } WITH * RETURN 1 AS a2 ORDER BY 1 ;
