-- Time: 2024/04/11 13:30:56
-- Database: janusgraph_database231
-- Database version: composite
-- seed value: 1712812406754
CREATE (n0 :L3{k19 : false, k18 : true, k20 : false, k22 : true, id : 0, k21 : 'apM7', k23 : 'qJJY'});
CREATE (n0 :L0{k0 : 'v7', k1 : 1786297399, k2 : -2064630422, k3 : 'aq4RBNFbH', k4 : '8', id : 1});
CREATE (n0 {id : 2});
CREATE (n0 :L0{k0 : 'A', k1 : -157381725, k2 : 896724306, k3 : 'Wsp', k4 : '3Sdn5KWF7', k5 : 1867507568, id : 3});
MATCH (n0 {id : 1}), (n1 {id : 2}) MERGE(n0)-[r :T1{k42 : 'O', k44 : true, id : 4, k43 : -1028798639, k46 : -1543254075, k45 : true, k47 : 1055296911}]->(n1);
MATCH (n0 {id : 2}), (n1 {id : 2}) MERGE(n0)-[r :T2{k49 : -1725273332, k51 : false, k50 : true, k52 : '5', id : 5, k48 : 'woAJyDv'}]->(n1);
MATCH (n0 {id : 3}), (n1 {id : 0}) MERGE(n0)-[r :T1{k42 : 'Y', k44 : true, id : 6, k43 : 1926007894, k46 : 89669724, k45 : false, k47 : -529374072}]->(n1);
MATCH (n0 {id : 2}), (n1 {id : 0}) MERGE(n0)-[r :T0{k39 : true, k41 : -1088021202, id : 7}]->(n1);
MATCH (n0 {id : 2}), (n1 {id : 0}) MERGE(n0)-[r :T3{k53 : 252735598, k55 : false, id : 8, k54 : 'F', k56 : 'T3BQ'}]->(n1);
MATCH (n0 {id : 0}), (n1 {id : 1}) MERGE(n0)-[r :T3{k53 : 1079043415, k55 : false, id : 9, k54 : 'xqCOlsi', k57 : -1799920990, k56 : 'b', k58 : false}]->(n1);
MATCH (n0 {id : 0}), (n1 {id : 2}) MERGE(n0)-[r :T1{k42 : 's', k44 : false, id : 10, k43 : -246916637, k45 : true, k47 : -78739844}]->(n1);
WITH NULL AS a0 SKIP 0 CREATE ( :L3{k19:NULL, id:11})-[ :T1{id:12}]->(n0{id:13})<-[r0 :T1{k43:(-218148291-2338287), id:14}]-({id:15}), (n1{id:16})-[r1 :T2{k51:NULL, id:17}]->({id:18}) CREATE ({id:19})-[ :T0{id:20}]->(n2{k21:toStringList(NULL)[toIntegerOrNull(abs(((-1943574358/NULL)+-1862577038)))], id:21})<-[ :T3{id:22}]-(n3{id:23}) RETURN 1 AS a1;
WITH CASE WHEN TRUE THEN NULL END AS a0 SKIP 0 WHERE TRUE CREATE ( : L3 { k19 : NULL , id : 11 } ) - [ : T1 { id : 12 } ] - > ( n0 { id : 13 } ) < - [ r0 : T1 { k43 : CASE WHEN FALSE THEN NULL ELSE ( -218148291 -2338287 ) END , id : 14 } ] - ( { id : CASE WHEN TRUE THEN 15 END } ) CREATE ({id:18})<-[ r1 : T2 { k51 : NULL , id : 17 } ] -( n1 { id : 16 } ) WITH * UNWIND [NULL] as l0 CREATE (m0{ id : 19 } )CREATE (m0)- [ : T0 { id : CASE WHEN TRUE THEN 20 END } ] - > ( n2 { k21 : toStringList ( NULL ) [ toIntegerOrNull ( CASE WHEN FALSE THEN NULL ELSE abs ( ( ( -1943574358 / NULL ) + -1862577038 ) ) END ) ] , id : 21 } ) < - [ : T3 { id : 22 } ] - ( n3 { id : 23 } ) RETURN 1 AS a1 ORDER BY TRUE DESC ;
MATCH (a) RETURN count(a);
MATCH (b)-[a]->(c) RETURN count(a);
MATCH (b)-[a]->(c) RETURN count(a);
UNWIND toStringList([NULL, '5T']) AS a0 MERGE ({k2:378288426, id:24})-[r0 :T1{id:25}]->(n0{id:26}) REMOVE n0.k2 RETURN collect((r0.k45)) AS a1 UNION ALL OPTIONAL MATCH (n0), (n0)-[r0]-(n1)-[r1]-(n2) CREATE (n3{id:27})-[r2 :T3{id:28}]->(n4{id:29})-[ :T1{k47:NULL, id:30}]->(n5{id:31}) SET n1.k=false RETURN r0 AS a1;
UNWIND CASE WHEN TRUE THEN toStringList ( [ NULL , '5T' ] ) END AS a0 WITH * MERGE ( { k2 : 378288426 , id : 24 } ) - [ r0 : T1 { id : 25 } ] - > ( n0 { id : 26 } ) WITH * OPTIONAL MATCH ()-[:TYPE]-() REMOVE n0 . k2 RETURN collect ( ( r0 . k45 ) ) AS a1 UNION ALL OPTIONAL MATCH ( n0 ) ,( n0 ) - [ r0 ] - ( n1 ) - [ r1 ] - ( n2 ) CREATE (n5{id:31})<-[ : T1 { k47 : NULL , id : CASE WHEN TRUE THEN 30 END } ] -(n4{id:29})<-[ r2 : T3 { id : 28 } ] -( n3 { id : 27 } ) SET n1 . k = false WITH * OPTIONAL MATCH ()-[:TYPE]-() RETURN r0 AS a1 ORDER BY NULL ;
MATCH (a) RETURN count(a);
MATCH (a) RETURN count(a);
MATCH (b)-[a]->(c) RETURN count(a);
MATCH (b)-[a]->(c) RETURN count(a);
WITH DISTINCT * UNWIND NULL AS a0 CREATE (n0{id:32}) RETURN '6' AS a1 SKIP 1;
WITH DISTINCT * WHERE TRUE UNWIND CASE WHEN TRUE THEN NULL END AS a0 CREATE ( n0 { id : 32 } ) WITH * RETURN '6' AS a1 SKIP 1 ;
