-- Time: 2024/04/11 13:22:08
-- Database: janusgraph_database112
-- Database version: composite
-- seed value: 1712812406594
CREATE (n0 :L3{k17 : 'TZlv0iu', k19 : 'vts1uE4t', k18 : -291380731, k20 : -795825742, id : 0, k21 : true});
CREATE (n0 :L3{k19 : 'gTcHGj', k18 : 855925643, k20 : 1774480014, id : 1, k21 : false});
CREATE (n0 :L1{k11 : -1753690300, id : 2, k7 : 697672558, k8 : 1755939515, k9 : 1444827154});
CREATE (n0 :L2{k16 : false, id : 3, k13 : 1062401103, k12 : 'K', k15 : false, k14 : 'K'});
MATCH (n0 {id : 3}), (n1 {id : 2}) MERGE(n0)-[r :T5{k55 : false, id : 4, k54 : false, k57 : 1963778339, k56 : 'NyMz', k58 : false}]->(n1);
MATCH (n0 {id : 0}), (n1 {id : 1}) MERGE(n0)-[r :T4{k49 : 908213307, k51 : false, k50 : -1633774468, k53 : -958881733, k52 : true, id : 5, k48 : true}]->(n1);
MATCH (n0 {id : 1}), (n1 {id : 1}) MERGE(n0)-[r :T4{k50 : -605809906, k53 : -188328076, id : 6, k48 : false}]->(n1);
MATCH (n0 {id : 1}), (n1 {id : 1}) MERGE(n0)-[r :T5{k55 : true, id : 7, k54 : true, k57 : -636030340, k56 : 'EfpvJze'}]->(n1);
MATCH (n0 {id : 3}), (n1 {id : 1}) MERGE(n0)-[r :T2{k39 : 436911172, k38 : -1675377687, k40 : 'A', k42 : 285772350, k41 : true, id : 8, k37 : false}]->(n1);
UNWIND [(-1899367538/(length(NULL)/(862826112*-284039530)))] AS a0 MATCH ()-[r0 :T5{k55:(NULL AND NULL)}]-(n0), ()<-[*0..1]-()-[ :T5{k54:(-1008317886 <= ((r0.k57)-1093310799))}]->(n1) SET n0.k=-1118464221 RETURN n1 AS a1, 1 AS a2 UNION ALL MATCH ()-[ :T2{k41:false}]-()<-[]-( :L3), ()-[r0 :T4{k52:NULL}]-() MERGE ( :L3{id:9})-[ :T4{id:10}]->(n0 :L3{k19:'7', id:11}) REMOVE n0.k2 RETURN (n0.k18) AS a1, 1 AS a2;
UNWIND [ ( -1899367538 / ( length ( NULL ) / ( 862826112 * -284039530 ) ) ) ] AS a0 MATCH ( ) - [ r0 : T5 { k55 : ( CASE WHEN FALSE THEN NULL ELSE NULL AND NULL END ) } ] - ( n0 ) ,( ) < - [ * 0 .. 1 ] - ( ) - [ : T5 { k54 : ( -1008317886 <= ( ( r0 . k57 ) -1093310799 ) ) } ] - > ( n1 ) WHERE TRUE FOREACH(f in [1]|SET n0 . k = -1118464221 ) WITH * OPTIONAL MATCH ()-[:TYPE]-() RETURN n1 AS a1 , 1 AS a2 UNION ALL MATCH ()-[*0..0]-( ) - [ : T2 { k41 : false } ] - ( ) < - [ ] - ( : L3 ) ,( ) - [ r0 : T4 { k52 : NULL } ] - ( ) WITH * MERGE pp0=( : L3 { id : 9 } ) - [ : T4 { id : 10 } ] - > ( n0 : L3 { k19 : '7' , id : CASE WHEN TRUE THEN 11 END } ) REMOVE n0 . k2 WITH * UNWIND [NULL] as l0 RETURN ( n0 . k18 ) AS a1 , 1 AS a2 ;
MATCH (a) RETURN count(a);
MATCH (b)-[a]->(c) RETURN count(a);
MATCH (b)-[a]->(c) RETURN count(a);
CREATE (n3{k9:round(NULL), id:12}), (n4 :L3{id:13})-[ :T4{id:14}]->({k21:true, id:15})-[ :T5{k54:NULL, id:16}]->( :L3{id:17}) MERGE ({id:18})-[ :T5{id:19}]-( :L3{k21:true, id:20})-[ :T4{id:21}]->(n5{id:22}) REMOVE n5.k2 RETURN 1 AS a0, n5 AS a1 UNION ALL UNWIND NULL AS a0 UNWIND NULL AS a1 CREATE (n0{id:23}) RETURN DISTINCT 1 AS a0, NULL AS a1;
CREATE ( n3 { k9 : round ( NULL ) , id : 12 } ) CREATE (n4: L3 { id : 13 } )CREATE (n4)- [ : T4 { id : 14 } ] - > ( { k21 : true , id : 15 } ) - [ : T5 { k54 : NULL , id : 16 } ] - > ( : L3 { id : 17 } ) MERGE ( { id : 18 } ) - [ : T5 { id : 19 } ] - ( : L3 { k21 : true , id : 20 } ) - [ : T4 { id : 21 } ] - > ( n5 { id : 22 } ) REMOVE n5 . k2 RETURN 1 AS a0 , n5 AS a1 UNION ALL UNWIND NULL AS a0 UNWIND NULL AS a1 CREATE ( n0 { id : 23 } ) RETURN DISTINCT 1 AS a0 , CASE WHEN TRUE THEN NULL END AS a1 ;
MATCH (a) RETURN count(a);
MATCH (a) RETURN count(a);
MATCH (b)-[a]->(c) RETURN count(a);
MATCH (b)-[a]->(c) RETURN count(a);
OPTIONAL MATCH p0=(n1)-[*0..0]-(n2)-[*..2]-(n3) MERGE ({id:24})-[ :T2{id:25}]->( :L3{id:26})-[ :T4{k53:-93855086, id:27}]-(n4{k19:'P6khbl7Z', id:28}) MERGE (n5{id:29})-[ :T4{id:30}]->(n6{k21:(-1110610708 > 1210150917), id:31}) RETURN 1 AS a2;
OPTIONAL MATCH p0 = ( n1 ) - [ * 0 .. 0 ] - ( n2 ) - [ * .. 2 ] - ( n3 ) MERGE ( { id : 24 } ) - [ : T2 { id : 25 } ] - > ( : L3 { id : 26 } ) - [ : T4 { k53 : -93855086 , id : 27 } ] - ( n4 { k19 : 'P6khbl7Z' , id : 28 } ) WITH * OPTIONAL MATCH ()-[:TYPE]-() MERGE ( n5 { id : 29 } ) - [ : T4 { id : 30 } ] - > ( n6 { k21 : ( -1110610708 > 1210150917 ) , id : 31 } ) WITH * OPTIONAL MATCH ()-[:TYPE]-() RETURN 1 AS a2 LIMIT 1 ;
MATCH (a) RETURN count(a);
MATCH (a) RETURN count(a);
MATCH (b)-[a]->(c) RETURN count(a);
MATCH (b)-[a]->(c) RETURN count(a);
MERGE (n0 :L3{id:32}) DETACH DELETE n0  MERGE p0=({k15:true, id:33}) RETURN 1 AS a0, 1 AS a1 UNION MERGE (n0{k17:'0', id:34}) REMOVE n0.k2 REMOVE n0.k2 RETURN 1 AS a0, n0 AS a1;
MERGE pp0=( n0 : L3 { id : 32 } ) DETACH DELETE n0 WITH * MERGE p0 = ( { k15 : true , id : 33 } ) WITH * UNWIND 1 as l0 RETURN 1 AS a0 , 1 AS a1 LIMIT 1 UNION MERGE ( n0 { k17 : '0' , id : CASE WHEN FALSE THEN NULL ELSE 34 END } ) REMOVE n0 . k2 WITH * UNWIND 1 as l1 REMOVE n0 . k2 WITH * RETURN 1 AS a0 , n0 AS a1 ;
MATCH (a) RETURN count(a);
MATCH (a) RETURN count(a);
MATCH (b)-[a]->(c) RETURN count(a);
MATCH (b)-[a]->(c) RETURN count(a);
MERGE p0=({k17:'liv', id:35}) MERGE ({id:36})-[r0 :T4{id:37}]->(n0{k18:672158411, id:38}) DETACH DELETE n0  RETURN p0 AS a0;
MERGE p0 = ( { k17 : 'liv' , id : 35 } ) MERGE ( { id : 36 } ) - [ r0 : T4 { id : 37 } ] - > ( n0 { k18 : 672158411 , id : 38 } ) WITH * UNWIND 1 as l0 WITH * CALL{WITH *DETACH DELETE n0 } WITH * OPTIONAL MATCH ()-[:TYPE]-() RETURN p0 AS a0 ;
MATCH (a) RETURN count(a);
MATCH (a) RETURN count(a);
MATCH (b)-[a]->(c) RETURN count(a);
MATCH (b)-[a]->(c) RETURN count(a);
MATCH ()-[r0 :T4{k53:NULL}]-(n0), p0=() DETACH DELETE r0  CREATE p1=({id:39})-[ :T5{k58:true, id:40}]->({k8:NULL, id:41}) RETURN DISTINCT 1 AS a0, n0 AS a1;
MATCH ( ) - [ r0 : T4 { k53 : NULL } ] - ( n0 ) ,p0 = ( ) DETACH DELETE r0 WITH * UNWIND [NULL] as l0 CREATE p1 = ( { id : CASE WHEN TRUE THEN 39 END } ) - [ : T5 { k58 : true , id : CASE WHEN FALSE THEN NULL ELSE 40 END } ] - > ( { k8 : NULL , id : 41 } ) RETURN DISTINCT 1 AS a0 , n0 AS a1 SKIP 1 LIMIT 1 ;
MATCH (a) RETURN count(a);
MATCH (a) RETURN count(a);
MATCH (b)-[a]->(c) RETURN count(a);
MATCH (b)-[a]->(c) RETURN count(a);
MATCH (n0{k9:-1027386145})<-[r0]-(n1), (n2) WHERE false REMOVE n1.k2 CREATE (n3{k20:NULL, id:42})-[r1 :T5{id:43}]->({k19:NULL, id:44}), ({id:45}) RETURN DISTINCT n2 AS a0 SKIP 1;
MATCH (n0),()<-[r0]-(),(n1),(n2) WHERE exists((n0{k9:-1027386145})<-[r0]-(n1)) AND (false )WITH * REMOVE n1 . k2 CREATE ( n3 { k20 : NULL , id : 42 } ) - [ r1 : T5 { id : CASE WHEN TRUE THEN 43 END } ] - > ( { k19 : NULL , id : 44 } ) CREATE ( { id : 45 } ) RETURN DISTINCT n2 AS a0 SKIP CASE WHEN TRUE THEN 1 END ;
