-- Time: 2024/04/11 13:33:01
-- Database: janusgraph_database259
-- Database version: composite
-- seed value: 1712812406782
CREATE (n0 :L2{k16 : true, k11 : 'C', id : 0, k13 : -565342785, k12 : 'C', k14 : false});
CREATE (n0 :L0{k0 : 'b', k1 : 9463537, k2 : true, k3 : 'kW', id : 1});
CREATE (n0 {id : 2});
CREATE (n0 :L0{k0 : 'ha', k2 : true, k3 : 'McR', k4 : 1381857639, k5 : 1050092584, id : 3});
MATCH (n0 {id : 2}), (n1 {id : 2}) MERGE(n0)-[r :T4{k71 : -1151861455, k70 : 'rHQ', k72 : 'albHd1Lt', k66 : -966357274, id : 4, k67 : false, k69 : true}]->(n1);
MATCH (n0 {id : 2}), (n1 {id : 0}) MERGE(n0)-[r :T3{k62 : true, k61 : 'J', k64 : false, k63 : 'X', id : 5, k65 : 452220776}]->(n1);
MATCH (n0 {id : 0}), (n1 {id : 3}) MERGE(n0)-[r :T4{k71 : -309762840, k70 : 'R', k72 : 'albHd1Lt', k66 : 446692213, id : 6, k68 : -1178231852, k67 : true, k69 : true}]->(n1);
MATCH (n0 {id : 1}), (n1 {id : 1}) MERGE(n0)-[r :T1{k49 : false, k51 : 568433570, k50 : true, k53 : false, k52 : 'CaKPJMka', id : 7, k48 : true}]->(n1);
MATCH (n0 {id : 1}), (n1 {id : 1}) MERGE(n0)-[r :T1{k49 : true, k51 : 818816218, k50 : true, k53 : false, k52 : 'y6HM', id : 8, k48 : false, k47 : false}]->(n1);
MATCH (n0 {id : 2}), (n1 {id : 0}) MERGE(n0)-[r :T2{k60 : false, id : 9, k54 : 'wVMb', k57 : -703412874, k56 : false, k59 : true, k58 : 'R'}]->(n1);
OPTIONAL MATCH (n0)-[ :T4{k71:(((696949973+1937571516)-1571531119)*-808260300)}]-(n1), (n0) CREATE (n2{id:10})-[ :T4{k72:'TYrtop1', id:11}]->({id:12}), ({id:13}) DETACH DELETE n1  RETURN 1 AS a0;
OPTIONAL MATCH ( n0 ) - [ : T4 { k71 : ( ( ( 696949973 + 1937571516 ) -1571531119 ) * -808260300 ) } ] - ( n1 ) ,( n0 ) WITH * CREATE ( n2 { id : 10 } ) - [ : T4 { k72 : 'TYrtop1' , id : 11 } ] - > ( { id : 12 } ) CREATE ( { id : 13 } ) FOREACH(f in [1]|DETACH DELETE n1 ) WITH * UNWIND [1] as l0 RETURN 1 AS a0 ;
MATCH (a) RETURN count(a);
MATCH (b)-[a]->(c) RETURN count(a);
MATCH (b)-[a]->(c) RETURN count(a);
UNWIND keys(nodes(CASE WHEN true THEN NULL END)[toIntegerOrNull(abs(NULL))]) AS a0 MATCH (n0), p0=() MERGE (n1 :L2{id:14})<-[r0 :T2{id:15}]-({id:16})-[r1 :T4{id:17}]-(n2{id:18}) RETURN (r1.k71) AS a1;
UNWIND keys ( (nodes ( CASE WHEN FALSE THEN NULL ELSE CASE WHEN true THEN NULL END END ) +[]) [ toIntegerOrNull ( abs ( NULL ) ) ] ) AS a0 MATCH ( n0 ) ,p0 = ()-[*0..0]-( ) WITH * MERGE ( n1 : L2 { id : 14 } ) < - [ r0 : T2 { id : 15 } ] - ( { id : 16 } ) - [ r1 : T4 { id : 17 } ] - ( n2 { id : 18 } ) RETURN ( r1 . k71 ) AS a1 LIMIT 1 ;
MATCH (a) RETURN count(a);
MATCH (a) RETURN count(a);
MATCH (b)-[a]->(c) RETURN count(a);
MATCH (b)-[a]->(c) RETURN count(a);
UNWIND [('d'+'qfGZMfq'), '2'] AS a0 MATCH (n0)-[r0 :T1{k49:(-1025411324 <> -93611265)}]->()-[ :T1{k49:((false AND (reverse('x') CONTAINS (r0.k52))) AND true)}]-(n1), (n0) WHERE true DETACH DELETE r0  RETURN 1 AS a1, a0 AS a2;
UNWIND [ ( 'd' + 'qfGZMfq' ) , CASE WHEN FALSE THEN NULL ELSE '2' END ] AS a0 MATCH (n0)-[r0 :T1{k49:(-1025411324 <> -93611265)}]->()-[ :T1{k49:((false AND (reverse('x') CONTAINS (r0.k52))) AND true)}]-(n1),(n0) WHERE true DETACH DELETE r0 RETURN CASE WHEN FALSE THEN NULL ELSE 1 END AS a1 , a0 AS a2 ;
MATCH (a) RETURN count(a);
MATCH (a) RETURN count(a);
MATCH (b)-[a]->(c) RETURN count(a);
MATCH (b)-[a]->(c) RETURN count(a);
MATCH ()-[r0]->(n0)-[ :T4{k67:('HWVwa' STARTS WITH 'F')}]-(), (n0)-[]-()-[]->() CREATE ({k5:-533608912, id:19}) MERGE ({id:20}) RETURN *, NULL AS a2 ORDER BY NULL;
MATCH (nn0),()-[r0]->(),(n0),()<-[m1:T4{k67:('HWVwa' STARTS WITH 'F')}]-(),(nn2),(n0)-[]-()-[]->() WHERE exists((nn0)-[r0]->(n0)-[m1]-(nn2)) OPTIONAL MATCH ()-[:TYPE]-() CREATE ( { k5 : -533608912 , id : 19 } ) MERGE ( { id : CASE WHEN TRUE THEN 20 END } ) RETURN * , NULL AS a2 ORDER BY NULL ,TRUE ;
