-- Time: 2024/04/11 13:42:06
-- Database: janusgraph_database382
-- Database version: composite
-- seed value: 1712812406905
CREATE (n0 {id : 0});
CREATE (n0 :L2{k17 : '3', k16 : true, id : 1, k13 : 'k', k15 : false, k14 : '5b08g'});
CREATE (n0 {id : 2});
CREATE (n0 :L3{k18 : 'b3CF1X8', k22 : -51548865, id : 3, k21 : -2145128724});
MATCH (n0 {id : 2}), (n1 {id : 1}) MERGE(n0)-[r :T5{k70 : -674092719, k64 : 'p9E', k66 : 'l', id : 4, k65 : -2068194234, k68 : true, k67 : 'q', k69 : true}]->(n1);
MATCH (n0 {id : 0}), (n1 {id : 1}) MERGE(n0)-[r :T4{k60 : -23978747, k61 : 252439578, k63 : true, id : 5, k57 : true, k58 : 985412063}]->(n1);
MATCH (n0 {id : 3}), (n1 {id : 1}) MERGE(n0)-[r :T0{k39 : 1104074478, k38 : false, id : 6, k35 : 646233528, k37 : false}]->(n1);
MATCH (n0 {id : 3}), (n1 {id : 2}) MERGE(n0)-[r :T0{k39 : -621592292, k38 : false, id : 7, k35 : 1297140586, k37 : false}]->(n1);
MATCH (n0 {id : 0}), (n1 {id : 0}) MERGE(n0)-[r :T6{k71 : 1804755881, k73 : 'LGTXr0I', k72 : 'ea', k74 : -1066685648, id : 8}]->(n1);
MATCH (n0 {id : 2}), (n1 {id : 0}) MERGE(n0)-[r :T6{k71 : -1513431514, k73 : '4L', k72 : '9', k75 : -1715538845, k74 : 1599919555, id : 9}]->(n1);
MATCH (n0 {id : 2}), (n1 {id : 1}) MERGE(n0)-[r :T5{k70 : 864172408, k64 : 'hHF', k66 : 'o', id : 10, k65 : -1243197384, k68 : true, k67 : 'zI31xQy', k69 : false}]->(n1);
MATCH (n0)-[*0..1]-(n1) WHERE true UNWIND [NULL] AS a0 DETACH DELETE n0  RETURN 1 AS a1 ORDER BY startNode(relationships(NULL)[toIntegerOrNull(abs(2079946385))]), a1 DESC;
MATCH (n0)-[*0..0]-( n0 ) - [ * 0 .. 1 ] - ( n1 ) WHERE true UNWIND ([ NULL ] +[]) AS a0 WITH * DETACH DELETE n0 RETURN 1 AS a1 ORDER BY startNode(relationships(NULL)[toIntegerOrNull(abs(2079946385))]), a1 DESC ;
MATCH (a) RETURN count(a);
MATCH (b)-[a]->(c) RETURN count(a);
MATCH (b)-[a]->(c) RETURN count(a);
WITH * OPTIONAL MATCH () WHERE NULL CREATE ({id:11})<-[ :T5{k67:NULL, id:12}]-({id:13}), (n5{id:14}) RETURN -1780954803 AS a0;
WITH * WHERE TRUE OPTIONAL MATCH ( ) WHERE NULL CREATE ({id:13})-[ : T5 { k67 : NULL , id : 12 } ] ->( { id : 11 } ) CREATE ( n5 { id : 14 } ) WITH * RETURN DISTINCT -1780954803 AS a0 ;
