-- Time: 2024/04/11 13:46:18
-- Database: janusgraph_database439
-- Database version: composite
-- seed value: 1712812406962
CREATE (n0 :L3{k19 : 'pR91ApvFd', k20 : 'G8kyY', k22 : 'kz3', id : 0, k21 : true, k23 : '61qnM7bnW'});
CREATE (n0 :L4{k28 : false, k27 : -1283288153, id : 1, k24 : 'X', k26 : true, k25 : -1571107745});
CREATE (n0 {id : 2});
CREATE (n0 {id : 3});
MATCH (n0 {id : 0}), (n1 {id : 0}) MERGE(n0)-[r :T1{k39 : 344274181, k38 : false, id : 4, k35 : 'e', k34 : true, k37 : 1753200171, k36 : 'Es'}]->(n1);
MATCH (n0 {id : 1}), (n1 {id : 3}) MERGE(n0)-[r :T1{k38 : true, id : 5, k35 : 'Ym', k34 : true, k37 : -1790637015, k36 : 'vZ3Ni'}]->(n1);
MATCH (n0 {id : 3}), (n1 {id : 3}) MERGE(n0)-[r :T3{k49 : 'bGv5', k50 : 805580605, id : 6, k46 : 'H', k48 : 'icwDKBOa', k47 : 'm'}]->(n1);
MATCH (n0 {id : 2}), (n1 {id : 1}) MERGE(n0)-[r :T0{k29 : 711037523, k31 : 'pB', k30 : 'E', k33 : 239640047, id : 7, k32 : true}]->(n1);
MATCH (n0 {id : 3}), (n1 {id : 3}) MERGE(n0)-[r :T5{k60 : 'X', id : 8, k57 : -1976971826, k56 : false, k59 : true}]->(n1);
MATCH (n0 {id : 3}), (n1 {id : 0}) MERGE(n0)-[r :T3{k49 : 'E', k50 : 1957346558, id : 9, k46 : '6L', k48 : 'Z', k47 : 'TrmBLFYZe'}]->(n1);
MATCH (n0 {id : 0}), (n1 {id : 1}) MERGE(n0)-[r :T4{k51 : 'j', k53 : 'w', k52 : 'zJMaXHxe5', k55 : -82912802, id : 10, k54 : 784758832}]->(n1);
WITH * ORDER BY nodes(CASE WHEN NULL THEN NULL END)[toIntegerOrNull(abs(102904809))] MATCH (n0)-[r0]-(n1)-[*0..1]-(n2) WHERE NULL REMOVE n1.k2 RETURN DISTINCT 'iafZFQ' AS a0;
WITH * ORDER BY nodes ( CASE WHEN NULL THEN NULL END ) [ toIntegerOrNull ( abs ( 102904809 ) ) ] MATCH ( n0 ) - [ r0 ] - ( n1 ) - [ * 0 .. 1 ] - ( n2 ) WHERE NULL OPTIONAL MATCH ()-[:TYPE]-() WITH * CALL{WITH *REMOVE n1 . k2 } WITH * OPTIONAL MATCH ()-[:TYPE]-() RETURN DISTINCT 'iafZFQ' AS a0 ORDER BY NULL ;
MATCH (a) RETURN count(a);
MATCH (b)-[a]->(c) RETURN count(a);
MATCH (b)-[a]->(c) RETURN count(a);
WITH * WHERE ('preze88' STARTS WITH NULL) OPTIONAL MATCH (n2) WHERE exists(()-[ :T5]->()) CREATE ({id:11})-[r1 :T5{k57:-1874198988, id:12}]->(n3{id:13}) RETURN 1 AS a3;
WITH * WHERE ( 'preze88' STARTS WITH NULL ) OPTIONAL MATCH ( n2 ) WHERE exists ( ( ) - [ : T5 ] - > ( ) ) CREATE (m0{ id : 11 } )CREATE (m0)- [ r1 : T5 { k57 : -1874198988 , id : 12 } ] - > ( n3 { id : 13 } ) RETURN 1 AS a3 ;
MATCH (a) RETURN count(a);
MATCH (a) RETURN count(a);
MATCH (b)-[a]->(c) RETURN count(a);
MATCH (b)-[a]->(c) RETURN count(a);
MATCH (n0)<-[r0]-(n1), (n2 :L3)-[r0]-(n3)-[ :T5{k57:round(NULL)}]-(n1) REMOVE n0.k2 SET n3.k=(n2.k23) RETURN 1 AS a0;
MATCH ( n0 ) < - [ r0 ] - ( n1 ) ,( n2 : L3 ) - [ r0 ] - ( n3 ) - [ : T5 { k57 : round ( NULL ) } ] - ( n1 ) WITH * WITH * CALL{WITH *REMOVE n0 . k2 } WITH * UNWIND 1 as l0 SET n3 . k = ( n2 . k23 ) RETURN 1 AS a0 ;
MATCH (a) RETURN count(a);
MATCH (a) RETURN count(a);
MATCH (b)-[a]->(c) RETURN count(a);
MATCH (b)-[a]->(c) RETURN count(a);
UNWIND NULL AS a0 MERGE ({id:14})-[r0 :T1{k37:-269388754, id:15}]-(n0{id:16})-[r1 :T4{k51:'xXcd', id:17}]-(n1{id:18}) DETACH DELETE n0  RETURN *, NULL AS a1;
UNWIND NULL AS a0 MERGE ( { id : 14 } ) - [ r0 : T1 { k37 : -269388754 , id : 15 } ] - ( n0 { id : 16 } ) - [ r1 : T4 { k51 : CASE WHEN FALSE THEN NULL ELSE 'xXcd' END , id : 17 } ] - ( n1 { id : CASE WHEN TRUE THEN 18 END } ) WITH * OPTIONAL MATCH ()-[:TYPE]-() DETACH DELETE n0 RETURN * , NULL AS a1 ;
MATCH (a) RETURN count(a);
MATCH (a) RETURN count(a);
MATCH (b)-[a]->(c) RETURN count(a);
MATCH (b)-[a]->(c) RETURN count(a);
UNWIND NULL AS a0 MATCH (n0), ()-[]->(n1) SET n0.k=NULL RETURN DISTINCT *;
UNWIND NULL AS a0 WITH * MATCH ( n0 ) ,( ) - [ ] - > ( n1 ) WITH * CALL{WITH *SET n0 . k = NULL } RETURN DISTINCT * ;
