-- Time: 2024/04/11 13:20:08
-- Database: janusgraph_database85
-- Database version: composite
-- seed value: 1712812406566
CREATE (n0 :L3{k17 : -1502034336, k19 : 'n', k18 : 'wgR', k20 : true, k22 : false, id : 0, k21 : 1979696615});
CREATE (n0 :L2{k16 : true, k11 : '1', id : 1, k12 : 'g1Q9gs9bH', k14 : 'QYmE8eo6'});
CREATE (n0 {id : 2});
CREATE (n0 :L3{k17 : -1112238324, k19 : 'Mlyv', k18 : 'w', k20 : false, k22 : false, id : 3, k21 : -670022961});
MATCH (n0 {id : 3}), (n1 {id : 2}) MERGE(n0)-[r :T3{id : 4, k54 : 'c6NXS', k57 : false, k59 : 'v', k58 : true}]->(n1);
MATCH (n0 {id : 3}), (n1 {id : 0}) MERGE(n0)-[r :T3{k55 : false, id : 5, k54 : 'sKFj67w', k57 : true, k56 : false, k59 : '7ePgj6', k58 : true}]->(n1);
MATCH (n0 {id : 1}), (n1 {id : 3}) MERGE(n0)-[r :T5{k66 : true, id : 6, k65 : false, k68 : -1709993803, k67 : 1984390247, k69 : -1375467769}]->(n1);
MERGE ( :L3{k22:true, id:7})-[r0 :T3{id:8}]-(n0{id:9})<-[r1 :T5{id:10}]-(n1{id:11}) MERGE ({id:12}) MERGE (n2 :L3{id:13})<-[ :T3{id:14}]-({id:15})<-[ :T5{k66:false, id:16}]-(n3{id:17}) RETURN 1 AS a2 ORDER BY (n2.k19);
MERGE ( : L3 { k22 : true , id : 7 } ) - [ r0 : T3 { id : 8 } ] - ( n0 { id : 9 } ) < - [ r1 : T5 { id : CASE WHEN TRUE THEN 10 END } ] - ( n1 { id : 11 } ) WITH * MERGE ( { id : 12 } ) MERGE ( n2 : L3 { id : 13 } ) < - [ : T3 { id : 14 } ] - ( { id : 15 } ) < - [ : T5 { k66 : false , id : 16 } ] - ( n3 { id : 17 } ) RETURN DISTINCT 1 AS a2 ORDER BY (n2.k19) ;
MATCH (a) RETURN count(a);
MATCH (b)-[a]->(c) RETURN count(a);
MATCH (b)-[a]->(c) RETURN count(a);
MATCH (n0)-[r0]-(), ( :L3)-[r0]-(n1) MATCH (n0)<-[r0]-(n2 :L3) REMOVE n2.k2 RETURN n0 AS a0, n2 AS a1 UNION UNWIND [x IN [NULL, NULL]|toStringOrNull(NULL)] AS a0 MATCH (n0)-[]-(n1) REMOVE n1.k2 RETURN a0 AS a0, 1 AS a1;
MATCH ( n0 ) - [ r0 ] - ( ) ,( : L3 ) - [ r0 ] - ( n1 ) WITH * MATCH ( n0 ) < - [ r0 ] - ( n2 : L3 ) UNWIND [NULL] as l0 REMOVE n2 . k2 WITH * RETURN n0 AS a0 , n2 AS a1 ORDER BY FALSE SKIP 1 UNION UNWIND [ x IN CASE WHEN TRUE THEN [ NULL , NULL ] END | toStringOrNull ( CASE WHEN FALSE THEN NULL ELSE NULL END ) ] AS a0 WITH * MATCH ( n0 ) - [ ] - ( n1 ) REMOVE n1 . k2 WITH * RETURN a0 AS a0 , 1 AS a1 ;
MATCH (a) RETURN count(a);
MATCH (a) RETURN count(a);
MATCH (b)-[a]->(c) RETURN count(a);
MATCH (b)-[a]->(c) RETURN count(a);
WITH NULL AS a0, (substring('ldHX8OA8b', toIntegerOrNull(abs(-1154616455)), toIntegerOrNull(abs(386459164))) CONTAINS (NULL+NULL)) AS a1 MATCH (n0 :L3)-[]-() DETACH DELETE n0  RETURN 1 AS a2, a1 AS a3 LIMIT 1;
WITH NULL AS a0 , CASE WHEN TRUE THEN ( substring ( 'ldHX8OA8b' , toIntegerOrNull ( abs ( -1154616455 ) ) , toIntegerOrNull ( abs ( 386459164 ) ) ) CONTAINS ( NULL + NULL ) ) END AS a1 MATCH ( n0 : L3 ) - [ ] - ( ) WITH * CALL{WITH *DETACH DELETE n0 } RETURN 1 AS a2 , a1 AS a3 LIMIT 1 ;
MATCH (a) RETURN count(a);
MATCH (a) RETURN count(a);
MATCH (b)-[a]->(c) RETURN count(a);
MATCH (b)-[a]->(c) RETURN count(a);
UNWIND [relationships(NULL)] AS a0 MATCH ({k19:NULL}) CREATE (n2{id:18})-[r0 :T5{id:19}]->(n3{id:20}), (n4 :L3{id:21})<-[r1 :T5{k65:NULL, id:22}]-({k17:NULL, id:23}) RETURN DISTINCT 1 AS a1;
UNWIND [ relationships ( NULL ) ] AS a0 OPTIONAL MATCH ()-[:TYPE]-() MATCH ( { k19 : NULL } ) WITH * CREATE ( n2 { id : 18 } ) - [ r0 : T5 { id : 19 } ] - > ( n3 { id : 20 } ) CREATE ( n4 : L3 { id : 21 } ) < - [ r1 : T5 { k65 : NULL , id : 22 } ] - ( { k17 : NULL , id : 23 } ) WITH * UNWIND [1] as l0 RETURN DISTINCT 1 AS a1 ;
MATCH (a) RETURN count(a);
MATCH (a) RETURN count(a);
MATCH (b)-[a]->(c) RETURN count(a);
MATCH (b)-[a]->(c) RETURN count(a);
UNWIND [NULL] AS a0 MATCH (n0)-[r0 :T5{k69:(NULL/-1857563888)}]-(), (n1) DETACH DELETE n1  RETURN r0 AS a1 UNION OPTIONAL MATCH p0=(n0)<-[r0 :T3{k56:CASE WHEN (NULL < true) THEN NULL END}]-(n1 :L3) REMOVE n1.k2 SET n0.k=323060807 RETURN 1 AS a1;
UNWIND [ NULL ] AS a0 MATCH ( n0 ) - [ r0 : T5 { k69 : ( NULL / -1857563888 ) } ] - ( ) ,( n1 ) DETACH DELETE n1 WITH * OPTIONAL MATCH ()-[:TYPE]-() RETURN r0 AS a1 UNION OPTIONAL MATCH p0 = ( n0 ) < - [ r0 : T3 { k56 : CASE WHEN ( NULL < true ) THEN NULL END } ] - ( n1 : L3 ) WHERE TRUE WITH * REMOVE n1 . k2 WITH * UNWIND [NULL] as l0 SET n0 . k = 323060807 RETURN 1 AS a1 ;
MATCH (a) RETURN count(a);
MATCH (a) RETURN count(a);
MATCH (b)-[a]->(c) RETURN count(a);
MATCH (b)-[a]->(c) RETURN count(a);
CREATE ({k20:(NULL OR NULL), id:24}), p0=(n0{id:25}) CREATE ({id:26})-[r0 :T5{k65:((CASE WHEN NULL THEN NULL END+NULL) < -33831985), id:27}]->({id:28})-[ :T3{k55:true, id:29}]->(n1 :L3{id:30}), ({id:31}) MERGE (n2{k22:true, id:32}) RETURN 1211942550 AS a0 SKIP 1 UNION MERGE (n0{id:33})<-[r0 :T3{id:34}]-({id:35}) DETACH DELETE n0  MERGE ({id:36}) RETURN 1 AS a0;
CREATE ( { k20 : ( NULL OR NULL ) , id : 24 } ) CREATE p0 = ( n0 { id : 25 } ) WITH * UNWIND [NULL] as l0 CREATE ( { id : CASE WHEN TRUE THEN 26 END } ) - [ r0 : T5 { k65 : CASE WHEN FALSE THEN NULL ELSE ( ( CASE WHEN TRUE THEN CASE WHEN NULL THEN NULL END + NULL END ) < -33831985 ) END , id : 27 } ] - > ( { id : 28 } ) - [ : T3 { k55 : true , id : 29 } ] - > ( n1 : L3 { id : 30 } ) CREATE ( { id : 31 } ) WITH * MERGE pp0=( n2 { k22 : true , id : 32 } ) RETURN 1211942550 AS a0 SKIP 1 UNION MERGE ( n0 { id : 33 } ) < - [ r0 : T3 { id : 34 } ] - ( { id : 35 } ) DETACH DELETE n0 WITH * OPTIONAL MATCH ()-[:TYPE]-() MERGE ( { id : 36 } ) RETURN 1 AS a0 ;
