-- Time: 2024/04/11 13:20:17
-- Database: janusgraph_database87
-- Database version: composite
-- seed value: 1712812406568
CREATE (n0 :L2{k17 : true, k16 : -2091183027, k18 : '5', id : 0, k13 : false, k15 : false, k14 : '8A'});
CREATE (n0 :L2{k17 : false, k16 : -2012382106, k18 : 'A', id : 1, k13 : false, k15 : true, k14 : '8A'});
CREATE (n0 :L4{k28 : 'sP', k27 : '0tdO', k29 : 1322359457, k31 : -2034345876, id : 2, k26 : '1'});
CREATE (n0 :L3{k19 : false, k20 : 'GeBNT', k22 : 'b3', id : 3, k21 : 226769876, k24 : -1228323498, k23 : '6', k25 : -122738201});
MATCH (n0 {id : 3}), (n1 {id : 0}) MERGE(n0)-[r :T3{k62 : false, k64 : 1908875115, k66 : true, id : 4, k65 : true, k68 : -1020344056, k67 : true}]->(n1);
MATCH (n0 {id : 0}), (n1 {id : 2}) MERGE(n0)-[r :T5{k75 : '1GvJBZ', k77 : 1055656328, id : 5, k76 : false, k79 : -1362300468, k78 : true}]->(n1);
MATCH (n0 {id : 1}), (n1 {id : 2}) MERGE(n0)-[r :T3{k62 : false, k64 : 528458409, k63 : 737111366, id : 6, k65 : true, k68 : -1681692067, k67 : true}]->(n1);
MERGE (n0{k26:'J', id:7})<-[r0 :T5{k76:true, id:8}]-({id:9}) DETACH DELETE r0  CREATE ({k31:toIntegerList([((1577829142+-1312314008)/(1882962247+-240565986)), (-600022208+-948483720)])[toIntegerOrNull(abs(-1551198651))], id:10}) RETURN 1 AS a0;
MERGE ( n0 { k26 : 'J' , id : 7 } ) < - [ r0 : T5 { k76 : true , id : CASE WHEN FALSE THEN NULL ELSE 8 END } ] - ( { id : 9 } ) WITH * OPTIONAL MATCH ()-[:TYPE]-() DETACH DELETE r0 CREATE ( { k31 : toIntegerList ( ([]+[ ( ( 1577829142 + -1312314008 ) / ( 1882962247 + -240565986 ) ) , ( -600022208 + -948483720 ) ] )) [ toIntegerOrNull ( abs ( -1551198651 ) ) ] , id : 10 } ) WITH * UNWIND [NULL] as l0 RETURN 1 AS a0 ;
MATCH (a) RETURN count(a);
MATCH (b)-[a]->(c) RETURN count(a);
MATCH (b)-[a]->(c) RETURN count(a);
OPTIONAL MATCH ()-[r0 :T3{k66:('s7' > (NULL+NULL))}]-(), ()-[r1 :T5{k76:(r0.k62)}]->(n0)<-[r2 :T3{k66:true}]-() DETACH DELETE r1  MERGE (n1 :L2{id:11})-[ :T5{id:12}]-({k28:'KKzL1', id:13})<-[ :T3{k68:268377323, id:14}]-({id:15}) RETURN *, n1 AS a0 LIMIT 0;
OPTIONAL MATCH ( ) - [ r0 : T3 { k66 : ( 's7' > ( NULL + NULL ) ) } ] - ( ) ,( ) - [ r1 : T5 { k76 : ( r0 . k62 ) } ] - > ( n0 ) < - [ r2 : T3 { k66 : true } ] - ( ) DETACH DELETE r1 MERGE ( n1 : L2 { id : CASE WHEN TRUE THEN 11 END } ) - [ : T5 { id : 12 } ] - ( { k28 : ('KKzL1' +'') , id : CASE WHEN TRUE THEN 13 END } ) < - [ : T3 { k68 : 268377323 , id : 14 } ] - ( { id : 15 } ) WITH * UNWIND 1 as l0 RETURN * , n1 AS a0 SKIP 1 LIMIT 0 ;
MATCH (a) RETURN count(a);
MATCH (a) RETURN count(a);
MATCH (b)-[a]->(c) RETURN count(a);
MATCH (b)-[a]->(c) RETURN count(a);
WITH DISTINCT relationships(NULL)[toIntegerOrNull(abs(-1129062783))] AS a0 WHERE true UNWIND [x IN ['lcn', NULL]] AS a1 CREATE p0=( :L2{id:16})<-[ :T3{k63:NULL, id:17}]-(n0 :L4{id:18}), (n1{id:19}) RETURN 1 AS a2;
WITH DISTINCT (relationships ( NULL ) +[]) [ CASE WHEN FALSE THEN NULL ELSE toIntegerOrNull ( abs ( CASE WHEN TRUE THEN -1129062783 END ) ) END ] AS a0 WHERE true UNWIND [ x IN ([]+[ 'lcn' , NULL ] )] AS a1 UNWIND [NULL] as l0 CREATE p0 = ( : L2 { id : 16 } ) < - [ : T3 { k63 : NULL , id : 17 } ] - ( n0 : L4 { id : 18 } ) CREATE ( n1 { id : 19 } ) RETURN 1 AS a2 LIMIT 1 ;
MATCH (a) RETURN count(a);
MATCH (a) RETURN count(a);
MATCH (b)-[a]->(c) RETURN count(a);
MATCH (b)-[a]->(c) RETURN count(a);
WITH [x IN [true, ((684513918 <= toIntegerList([])[toIntegerOrNull(abs(-835719697))]) IS NOT NULL)]] AS a0 SKIP 1 WHERE ((NOT isEmpty(NULL)) OR (round(1374358064) >= 1008729297)) MERGE ({id:20})-[r0 :T3{k63:-473424634, id:21}]-( :L4{id:22}) MERGE p0=(n0{id:23}) RETURN n0 AS a1;
WITH [ x IN CASE WHEN TRUE THEN [ true , ( ( 684513918 <= toIntegerList ( [ ] ) [ toIntegerOrNull ( abs ( -835719697 ) ) ] ) IS NOT NULL ) ] END ] AS a0 SKIP 1 WHERE ( ( NOT isEmpty ( NULL ) ) OR ( round ( 1374358064 ) >= 1008729297 ) ) MERGE ( { id : 20 } ) - [ r0 : T3 { k63 : CASE WHEN FALSE THEN NULL ELSE -473424634 END , id : 21 } ] - ( : L4 { id : 22 } ) MERGE p0 = ( n0 { id : CASE WHEN TRUE THEN 23 END } ) RETURN n0 AS a1 ;
MATCH (a) RETURN count(a);
MATCH (a) RETURN count(a);
MATCH (b)-[a]->(c) RETURN count(a);
MATCH (b)-[a]->(c) RETURN count(a);
CREATE (n0{k14:NULL, id:24})-[r0 :T3{k68:NULL, id:25}]->( :L4{k30:NULL, id:26}), (n1 :L3{id:27})-[r1 :T3{k65:(false IS NOT NULL), id:28}]->(n2{id:29})-[r2 :T5{id:30}]->(n3{k26:'1', id:31}) CREATE ( :L2{id:32})-[r3 :T3{id:33}]->({k30:false, id:34})<-[ :T5{k75:NULL, id:35}]-({id:36}) CREATE (n4{id:37}) RETURN DISTINCT 1 AS a0 ORDER BY {k1: length(CASE WHEN true THEN NULL END), k2: endNode(relationships(NULL)[toIntegerOrNull(abs(-276739856))])} DESC;
CREATE ( n0 { k14 : NULL , id : CASE WHEN TRUE THEN 24 END } ) - [ r0 : T3 { k68 : NULL , id : 25 } ] - > ( : L4 { k30 : CASE WHEN FALSE THEN NULL ELSE NULL END , id : 26 } ) CREATE (n3{k26:'1', id:31})<-[ r2 : T5 { id : 30 } ] -(n2{id:29})<-[ r1 : T3 { k65 : ( false IS NOT NULL ) , id : 28 } ] -( n1 : L3 { id : 27 } ) WITH * CREATE ( : L2 { id : 32 } ) - [ r3 : T3 { id : 33 } ] - > ( { k30 : false , id : 34 } ) < - [ : T5 { k75 : CASE WHEN FALSE THEN NULL ELSE NULL END , id : 35 } ] - ( { id : CASE WHEN FALSE THEN NULL ELSE 36 END } ) WITH * CREATE ( n4 { id : 37 } ) WITH * RETURN DISTINCT 1 AS a0 ORDER BY {k1: length(CASE WHEN true THEN NULL END), k2: endNode(relationships(NULL)[toIntegerOrNull(abs(-276739856))])} DESC ;
MATCH (a) RETURN count(a);
MATCH (a) RETURN count(a);
MATCH (b)-[a]->(c) RETURN count(a);
MATCH (b)-[a]->(c) RETURN count(a);
CREATE (n0 :L4{id:38})<-[ :T3{id:39}]-( :L2{k15:false, id:40}) CREATE ({k21:(-239919194*1718695189), id:41}) CREATE ({id:42}) RETURN 1 AS a0, 1 AS a1;
CREATE (n0: L4 { id : 38 } )CREATE (n0)< - [ : T3 { id : 39 } ] - ( : L2 { k15 : false , id : 40 } ) WITH * OPTIONAL MATCH ()-[:TYPE]-() CREATE ( { k21 : ( -239919194 * 1718695189 ) , id : 41 } ) CREATE ( { id : CASE WHEN TRUE THEN 42 END } ) RETURN DISTINCT 1 AS a0 , 1 AS a1 ORDER BY 1 ;
MATCH (a) RETURN count(a);
MATCH (a) RETURN count(a);
MATCH (b)-[a]->(c) RETURN count(a);
MATCH (b)-[a]->(c) RETURN count(a);
OPTIONAL MATCH ()-[]-(), (n0)<-[ :T3{k66:NULL}]-(n1{k17:NULL}) REMOVE n0.k2 CREATE ({id:43}), ({k16:-216774415, id:44})-[r0 :T5{id:45}]->( :L4{id:46}) RETURN 1 AS a0, n1 AS a1;
OPTIONAL MATCH ( ) - [ ] - ( ) ,( n0 ) < - [ : T3 { k66 : NULL } ] - ( n1 { k17 : NULL } ) REMOVE n0 . k2 WITH * UNWIND [1] as l0 CREATE ( { id : 43 } ) CREATE ( :L4{id:46})<-[ r0 : T5 { id : 45 } ] -( { k16 : CASE WHEN FALSE THEN NULL ELSE -216774415 END , id : 44 } ) RETURN 1 AS a0 , n1 AS a1 ORDER BY NULL ;
