-- Time: 2024/04/11 13:49:12
-- Database: janusgraph_database478
-- Database version: composite
-- seed value: 1712812407001
CREATE (n0 :L5{k29 : true, k31 : -856379742, k30 : 'JbDCKx', k33 : 'e2P', id : 0, k32 : false, k34 : true});
CREATE (n0 :L2{k11 : 'bc', id : 1, k10 : 596017616, k12 : true, k15 : false, k14 : 1706866750});
CREATE (n0 :L0{k0 : -1253988120, k1 : 1782689342, k2 : 164589805, k3 : 618027738, k4 : true, id : 2});
CREATE (n0 {id : 3});
MATCH (n0 {id : 2}), (n1 {id : 3}) MERGE(n0)-[r :T0{k42 : false, k44 : 1101163554, id : 4, k43 : 'c6', k46 : 749040380, k45 : 1580253711, k47 : 'SzmQVyzkm'}]->(n1);
MATCH (n0 {id : 3}), (n1 {id : 0}) MERGE(n0)-[r :T1{k49 : false, k51 : -1108315465, k50 : 'b', k53 : -1436469333, k52 : false, id : 5, k48 : false}]->(n1);
MATCH (n0 {id : 1}), (n1 {id : 2}) MERGE(n0)-[r :T1{k49 : false, k51 : -1802723714, k50 : 'bh', k53 : -69233038, k52 : true, id : 6, k48 : false}]->(n1);
MATCH (n0)<-[ :T0{k42:isEmpty(NULL)}]-(n1) MERGE ({id:7}) REMOVE n1.k2 RETURN n1 AS a0, n0 AS a1;
MATCH (n0),()<-[m0:T0{k42:isEmpty(NULL)}]-(),(n1) WHERE exists((n0)<-[m0]-(n1)) OPTIONAL MATCH ()-[:TYPE]-() MERGE pp0=( { id : 7 } ) WITH * CALL{WITH *REMOVE n1 . k2 } WITH * UNWIND [NULL] as l0 RETURN n1 AS a0 , n0 AS a1 ;
MATCH (a) RETURN count(a);
MATCH (b)-[a]->(c) RETURN count(a);
MATCH (b)-[a]->(c) RETURN count(a);
WITH * MATCH (n0 :L2) WHERE (false OR true) SET n0.k=(((n0.k11)+(n0.k11))+((n0.k11)+(n0.k11))) RETURN 1 AS a0 ORDER BY a0;
WITH * MATCH (n0 :L2) WHERE ( false OR true ) SET n0 . k = ( ( ( n0 . k11 ) + ( n0 . k11 ) ) + ( ( CASE WHEN TRUE THEN n0 . k11 END ) + ( n0 . k11 ) ) ) RETURN CASE WHEN FALSE THEN NULL ELSE 1 END AS a0 ORDER BY a0 ;
MATCH (a) RETURN count(a);
MATCH (a) RETURN count(a);
MATCH (b)-[a]->(c) RETURN count(a);
MATCH (b)-[a]->(c) RETURN count(a);
OPTIONAL MATCH (n0 :L5)<-[r0]-() REMOVE n0.k2 CREATE p0=({k29:(n0.k34), id:8}), p1=( :L0{k4:true, id:9}) RETURN (n0.k29) AS a0, NULL AS a1;
OPTIONAL MATCH ( n0 : L5 ) < - [ r0 ] - ( ) WITH * CALL{WITH *REMOVE n0 . k2 } WITH * UNWIND [1] as l0 CREATE p0 = ( { k29 : ( n0 . k34 ) , id : 8 } ) CREATE p1 = ( : L0 { k4 : true , id : 9 } ) RETURN ( n0 . k29 ) AS a0 , CASE WHEN TRUE THEN NULL END AS a1 ;
MATCH (a) RETURN count(a);
MATCH (a) RETURN count(a);
MATCH (b)-[a]->(c) RETURN count(a);
MATCH (b)-[a]->(c) RETURN count(a);
WITH (substring('CA', toIntegerOrNull(abs(((-70313259/347547865)--1502087987))), toIntegerOrNull(abs(NULL)))+NULL) AS a0 WHERE NULL OPTIONAL MATCH ()<-[r0]-(), (n0)-[r0]-(n1) WHERE NULL SET n1.k=CASE WHEN ((NULL+NULL) > (208122266/-31457886)) THEN false END RETURN 1 AS a1;
WITH ( substring ( 'CA' , toIntegerOrNull ( abs ( ( ( -70313259 / 347547865 ) - -1502087987 ) ) ) , CASE WHEN TRUE THEN toIntegerOrNull ( CASE WHEN TRUE THEN abs ( NULL ) END ) END ) + NULL ) AS a0 WHERE NULL OPTIONAL MATCH (nn0),()<-[r0]-(),(nn1),(n0)-[r0]-(n1) WHERE exists((nn0)<-[r0]-(nn1)) AND (NULL )SET n1 . k = CASE WHEN ( ( NULL + NULL ) > ( CASE WHEN FALSE THEN NULL ELSE 208122266 / -31457886 END ) ) THEN false END WITH * OPTIONAL MATCH ()-[:TYPE]-() RETURN 1 AS a1 ;
MATCH (a) RETURN count(a);
MATCH (a) RETURN count(a);
MATCH (b)-[a]->(c) RETURN count(a);
MATCH (b)-[a]->(c) RETURN count(a);
CREATE (n0 :L0{k2:NULL, id:10})-[r0 :T0{id:11}]->({id:12})-[ :T1{k48:NULL, id:13}]->(n1{id:14}) CREATE p0=({k33:NULL, id:15})<-[ :T1{k52:(true OR (((NULL+NULL)-1242396823) <> 1928640216)), id:16}]-({id:17}), ({k15:NULL, id:18})<-[ :T0{id:19}]-(n2 :L0{id:20}) MERGE ({id:21})<-[r1 :T0{k45:-794730297, id:22}]-({id:23}) RETURN 1 AS a3, 1 AS a4 SKIP 1;
CREATE ( n0 : L0 { k2 : NULL , id : 10 } ) - [ r0 : T0 { id : 11 } ] - > ( { id : 12 } ) - [ : T1 { k48 : NULL , id : CASE WHEN TRUE THEN 13 END } ] - > ( n1 { id : 14 } ) CREATE p0 = ( { k33 : NULL , id : 15 } ) < - [ : T1 { k52 : ( true OR ( ( ( NULL + NULL ) -1242396823 ) <> 1928640216 ) ) , id : 16 } ] - ( { id : 17 } ) CREATE ( { k15 : NULL , id : 18 } ) < - [ : T0 { id : 19 } ] - ( n2 : L0 { id : 20 } ) MERGE ( { id : 21 } ) < - [ r1 : T0 { k45 : -794730297 , id : 22 } ] - ( { id : 23 } ) RETURN 1 AS a3 , 1 AS a4 SKIP 1 ;
