-- Time: 2024/04/11 13:49:56
-- Database: janusgraph_database488
-- Database version: composite
-- seed value: 1712812407011
CREATE (n0 {id : 0});
CREATE (n0 :L5{k28 : -388315452, k29 : -908759669, k31 : true, k30 : 'E', id : 1});
CREATE (n0 {id : 2});
CREATE (n0 :L5{k28 : 1383252418, k29 : 364348621, k31 : true, k30 : 'N', id : 3, k32 : -486319235});
MATCH (n0 {id : 0}), (n1 {id : 0}) MERGE(n0)-[r :T5{k71 : 152164187, k70 : false, id : 4, k68 : -851480351, k67 : 710504571, k69 : 'gt'}]->(n1);
MATCH (n0 {id : 2}), (n1 {id : 2}) MERGE(n0)-[r :T5{k71 : -573137509, k70 : true, id : 5, k67 : 1716722658, k69 : '4bUKJQ'}]->(n1);
MATCH (n0 {id : 2}), (n1 {id : 2}) MERGE(n0)-[r :T0{k39 : -2030313795, k38 : 'Z7', k33 : true, id : 6, k35 : 'Q1', k34 : false, k37 : false, k36 : false}]->(n1);
MATCH (n0 {id : 3}), (n1 {id : 1}) MERGE(n0)-[r :T1{k40 : 673025108, k42 : -1233914768, k41 : true, k44 : 'nIPiW7q', id : 7, k43 : 2068828877, k46 : 'Eny0', k45 : false}]->(n1);
MATCH (n0 {id : 0}), (n1 {id : 3}) MERGE(n0)-[r :T1{k40 : 2060401001, k42 : -208920982, k41 : true, k44 : 'gy8zRKunq', id : 8, k43 : -1538939392, k46 : 'u', k45 : true}]->(n1);
UNWIND NULL AS a0 MERGE p0=({id:9})-[r0 :T1{id:10}]-(n0 :L5{k28:949664813, id:11}) SET n0.k=1562370383 RETURN NULL AS a1;
UNWIND NULL AS a0 OPTIONAL MATCH ()-[:TYPE]-() MERGE p0 = ( { id : 9 } ) - [ r0 : T1 { id : 10 } ] - ( n0 : L5 { k28 : CASE WHEN FALSE THEN NULL ELSE 949664813 END , id : 11 } ) WITH * SET n0 . k = 1562370383 RETURN NULL AS a1 ;
MATCH (a) RETURN count(a);
MATCH (b)-[a]->(c) RETURN count(a);
MATCH (b)-[a]->(c) RETURN count(a);
MERGE ({id:12}) MERGE ({id:13})-[r0 :T0{id:14}]-(n0{id:15})-[r1 :T5{k69:'733', id:16}]-(n1{id:17}) CREATE (n2{id:18})-[ :T5{id:19}]->(n3{id:20})-[ :T0{id:21}]->({id:22}) RETURN n0 AS a0 LIMIT 1;
MERGE ( { id : CASE WHEN TRUE THEN 12 END } ) WITH * MERGE ( { id : 13 } ) - [ r0 : T0 { id : CASE WHEN FALSE THEN NULL ELSE 14 END } ] - ( n0 { id : 15 } ) - [ r1 : T5 { k69 : '733' , id : 16 } ] - ( n1 { id : 17 } ) WITH * UNWIND [1] as l0 CREATE ( n2 { id : CASE WHEN TRUE THEN 18 END } ) - [ : T5 { id : 19 } ] - > ( n3 { id : 20 } ) - [ : T0 { id : 21 } ] - > ( { id : 22 } ) RETURN n0 AS a0 SKIP 1 LIMIT 1 ;
