-- Time: 2024/04/11 14:35:00
-- Database: janusgraph_database1096
-- Database version: composite
-- seed value: 1712812407621
CREATE (n0 {id : 0});
CREATE (n0 {id : 1});
CREATE (n0 :L3{k20 : 'Ri1bLKjCw', k22 : false, id : 2, k23 : 'w', k26 : 'X', k25 : 'B'});
CREATE (n0 :L2{k17 : 'fK1', k19 : 'T', id : 3, k13 : '41', k14 : -1112834198});
MATCH (n0 {id : 1}), (n1 {id : 0}) MERGE(n0)-[r :T4{k73 : false, k72 : 'p6', k74 : 118073316, id : 4, k76 : 'gI6Mh'}]->(n1);
MATCH (n0 {id : 2}), (n1 {id : 2}) MERGE(n0)-[r :T0{k49 : 1777806541, k51 : true, k50 : 1545124611, k52 : false, id : 5, k48 : 'A', k47 : 'u'}]->(n1);
MATCH (n0 {id : 0}), (n1 {id : 1}) MERGE(n0)-[r :T2{k60 : true, k62 : '9F', k61 : 'x', k64 : true, k63 : 1299735198, id : 6, k65 : false, k59 : '1H'}]->(n1);
MATCH (n0 {id : 3}), (n1 {id : 3}) MERGE(n0)-[r :T2{k60 : true, k62 : 'mlfh', k61 : '2hRN', k63 : -2016243437, id : 7, k59 : 'mUy'}]->(n1);
MATCH (n0 {id : 1}), (n1 {id : 0}) MERGE(n0)-[r :T2{k60 : true, k62 : 'I', k61 : 'W', k64 : true, k63 : 870749944, id : 8, k65 : true, k59 : 'ClR'}]->(n1);
MATCH (n0 {id : 3}), (n1 {id : 2}) MERGE(n0)-[r :T3{k71 : 'zdQE97ya3', k70 : false, k66 : 923830514, id : 9, k67 : true, k69 : false}]->(n1);
MATCH (n0 {id : 3}), (n1 {id : 0}) MERGE(n0)-[r :T3{k70 : false, k66 : 1403384821, id : 10, k68 : true, k67 : false, k69 : true}]->(n1);
OPTIONAL MATCH ({k24:NULL}), (n0)<-[*..2]-(n1) UNWIND [endNode(relationships(NULL)[toIntegerOrNull(abs(659797639))]), n0] AS a0 SET n0.k=NULL RETURN n1 AS a1, a0 AS a2;
OPTIONAL MATCH ( { k24 : NULL } ) ,( n0 ) < - [ * .. 2 ] - ( n1 ) UNWIND [ endNode ( relationships ( NULL ) [ toIntegerOrNull ( abs ( 659797639 ) ) ] ) , n0 ] AS a0 SET n0 . k = NULL RETURN n1 AS a1 , a0 AS a2 LIMIT 1 ;
MATCH (a) RETURN count(a);
MATCH (b)-[a]->(c) RETURN count(a);
MATCH (b)-[a]->(c) RETURN count(a);
OPTIONAL MATCH p2=() WHERE true UNWIND NULL AS a3 MERGE ({id:11}) RETURN 1 AS a4;
OPTIONAL MATCH p2 = ( ) WHERE true UNWIND NULL AS a3 WITH * MERGE ( { id : 11 } ) RETURN 1 AS a4 ORDER BY 1 ;
