-- Time: 2024/04/11 13:16:52
-- Database: janusgraph_database41
-- Database version: composite
-- seed value: 1712812406522
CREATE (n0 {id : 0});
CREATE (n0 :L5{k33 : 928705463, id : 1, k32 : -1290107451, k36 : '0C'});
CREATE (n0 :L4{k27 : true, k29 : false, k30 : true, id : 2, k24 : 1772722751, k26 : 1462299772, k25 : false});
CREATE (n0 :L2{k17 : false, k16 : false, id : 3, k13 : 656478268, k12 : 'd', k14 : 'Q'});
MATCH (n0 {id : 2}), (n1 {id : 2}) MERGE(n0)-[r :T2{k51 : 'p7s1Vo', k53 : 'DPjC2BZW', k52 : -78060773, id : 4, k54 : false}]->(n1);
MATCH (n0 {id : 2}), (n1 {id : 2}) MERGE(n0)-[r :T4{k64 : 'EB', k63 : true, k66 : 'g', id : 5, k65 : '0', k68 : true, k67 : 'ZXAX'}]->(n1);
MATCH (n0 {id : 3}), (n1 {id : 2}) MERGE(n0)-[r :T2{k51 : 'J', k50 : 1895704155, k53 : 'W3', k52 : 1267463322, k55 : '7O', id : 6, k54 : false}]->(n1);
MATCH (n0 {id : 1}), (n1 {id : 0}) MERGE(n0)-[r :T1{k49 : 78913813, k44 : 'Hr', id : 7, k43 : 'I', k46 : false, k45 : false, k47 : -1639622970}]->(n1);
MATCH (n0 {id : 0}), (n1 {id : 1}) MERGE(n0)-[r :T3{k60 : 'pn', k62 : false, k61 : -864137432, id : 8, k57 : 'oivi', k56 : 'kwjHOcqj', k59 : -1473953308, k58 : 'qH'}]->(n1);
MATCH ()-[r0 :T1{k49:((875187118-NULL)-196591182)}]-(n0), ()<-[*0..]-(n0)-[*..2]->(n1) WHERE (r0 <= 't') DETACH DELETE n0  MERGE ({k17:('hEU' STARTS WITH 'GO'), id:9})-[r1 :T2{id:10}]-( :L4{id:11})-[r2 :T2{id:12}]-( :L4{id:13}) RETURN 1 AS a0, n1 AS a1 UNION ALL MATCH (n0)<-[]-(n1), p0=(n2)-[]-(n3{k25:NULL}) SET n1.k=(NULL CONTAINS NULL) CREATE ( :L5{k31:false, id:14})<-[r0 :T3{k61:CASE WHEN isEmpty(NULL) THEN NULL END, id:15}]-(n5{id:16}), (n6{id:17})-[r2 :T2{id:18}]->(n7 :L4{k24:1267726231, id:19}) RETURN 1 AS a0, p0 AS a1;
MATCH ( ) - [ r0 : T1 { k49 : CASE WHEN FALSE THEN NULL ELSE ( ( 875187118 - NULL ) -196591182 ) END } ] - ( n0 ) ,( ) < - [ * 0 .. ] - ( n0 ) - [ * .. 2 ] - > ( n1 ) WHERE ( r0 <= 't' ) UNWIND [1] as l0 DETACH DELETE n0 MERGE ( { k17 : ( ('hEU' +'') STARTS WITH (''+'GO' )) , id : 9 } ) - [ r1 : T2 { id : 10 } ] - ( : L4 { id : 11 } ) - [ r2 : T2 { id : 12 } ] - ( : L4 { id : 13 } ) RETURN CASE WHEN TRUE THEN 1 END AS a0 , n1 AS a1 UNION ALL MATCH ( n0 ) < - [ ] - ( n1 ) ,p0 = ( n2 ) - [ ] - ( n3 { k25 : NULL } ) SET n1 . k = ( CASE WHEN FALSE THEN NULL ELSE NULL CONTAINS NULL END ) WITH * UNWIND 1 as l1 CREATE ( : L5 { k31 : false , id : 14 } ) < - [ r0 : T3 { k61 : CASE WHEN isEmpty ( NULL ) THEN NULL END , id : 15 } ] - ( n5 { id : 16 } ) CREATE ( n6 { id : 17 } ) - [ r2 : T2 { id : 18 } ] - > ( n7 : L4 { k24 : 1267726231 , id : 19 } ) RETURN 1 AS a0 , p0 AS a1 ;
MATCH (a) RETURN count(a);
MATCH (b)-[a]->(c) RETURN count(a);
MATCH (b)-[a]->(c) RETURN count(a);
MATCH ()<-[ :T1{k43:reverse(NULL)}]-(n3 :L5), (n0) WHERE (n3.k35) REMOVE n0.k2 MERGE p0=(n4{k32:-754505440, id:20})-[ :T1{id:21}]->(n5{id:22}) RETURN 1 AS a0;
MATCH ()<-[ :T1{k43:reverse(NULL)}]-(n3 :L5),(n0) WHERE ( n3 . k35 ) REMOVE n0 . k2 WITH * OPTIONAL MATCH ()-[:TYPE]-() MERGE p0 = ( n4 { k32 : -754505440 , id : 20 } ) - [ : T1 { id : 21 } ] - > ( n5 { id : 22 } ) RETURN 1 AS a0 ;
MATCH (a) RETURN count(a);
MATCH (a) RETURN count(a);
MATCH (b)-[a]->(c) RETURN count(a);
MATCH (b)-[a]->(c) RETURN count(a);
MATCH (n2 :L4) WHERE true REMOVE n2.k2 REMOVE n2.k2 RETURN (n2.k26) AS a1, n2 AS a2;
MATCH ( n2 : L4 ) WITH * WHERE true REMOVE n2 . k2 REMOVE n2 . k2 RETURN ( n2 . k26 ) AS a1 , n2 AS a2 ;
