-- Time: 2024/04/11 14:17:47
-- Database: janusgraph_database864
-- Database version: composite
-- seed value: 1712812407388
CREATE (n0 {id : 0});
CREATE (n0 :L3{k17 : -2122586931, k19 : false, k20 : -147806910, k22 : true, id : 1, k21 : -646954199});
CREATE (n0 {id : 2});
CREATE (n0 {id : 3});
MATCH (n0 {id : 3}), (n1 {id : 1}) MERGE(n0)-[r :T3{k62 : true, k61 : -2036710279, k64 : -1366032225, k63 : 'u7bCAC', k66 : 'yY', id : 4, k65 : -119864231}]->(n1);
MATCH (n0 {id : 1}), (n1 {id : 2}) MERGE(n0)-[r :T3{k62 : true, k61 : -2096679470, k64 : -70511510, k63 : 'XCaR', k66 : '43oBoQ3z', id : 5, k65 : -198176979, k67 : -186203083}]->(n1);
MATCH (n0 {id : 3}), (n1 {id : 0}) MERGE(n0)-[r :T1{k49 : true, k51 : false, k50 : 'r', k53 : 'bO', k52 : -1583955598, id : 6}]->(n1);
MATCH (n0{k17:NULL}), ()<-[r0]-() DETACH DELETE r0  MERGE ({id:7})-[r1 :T3{k62:false, id:8}]-(n1{k19:true, id:9})<-[r2 :T3{id:10}]-({id:11}) RETURN NULL AS a0, 1 AS a1;
MATCH ( n0 { k17 : NULL } ) ,( ) < - [ r0 ] - ( ) WITH * DETACH DELETE r0 WITH * MERGE ( { id : CASE WHEN TRUE THEN 7 END } ) - [ r1 : T3 { k62 : false , id : 8 } ] - ( n1 { k19 : true , id : CASE WHEN FALSE THEN NULL ELSE 9 END } ) < - [ r2 : T3 { id : 10 } ] - ( { id : 11 } ) RETURN NULL AS a0 , 1 AS a1 ;
MATCH (a) RETURN count(a);
MATCH (b)-[a]->(c) RETURN count(a);
MATCH (b)-[a]->(c) RETURN count(a);
MATCH ()-[*0..1]->( :L3), ()<-[*0..]-() CREATE ({id:12})<-[r0 :T1{id:13}]-({id:14})-[ :T3{k63:'CZ', id:15}]->(n0{k18:(false AND (true OR false)), id:16}), (n1{id:17})-[r1 :T3{id:18}]->({id:19}) MERGE (n2{id:20})<-[ :T1{k54:round((32995236+-1401530907)), id:21}]-(n3 :L3{id:22}) RETURN 1 AS a0, CASE WHEN (n3.k18) THEN relationships(NULL)[toIntegerOrNull(abs(-1819612860))] END AS a1;
MATCH ()-[*0..0]-( ) - [ * 0 .. 1 ] - > ( : L3 ) ,( ) < - [ * 0 .. ] - ( ) WITH * CREATE (m0{ id : 12 } )CREATE (m0)< - [ r0 : T1 { id : 13 } ] - ( { id : 14 } ) - [ : T3 { k63 : 'CZ' , id : 15 } ] - > ( n0 { k18 : ( false AND ( true OR false ) ) , id : 16 } ) CREATE (n1{ id : 17 } )CREATE (n1)- [ r1 : T3 { id : 18 } ] - > ( { id : 19 } ) WITH * MERGE ( n2 { id : 20 } ) < - [ : T1 { k54 : round ( ( 32995236 + -1401530907 ) ) , id : 21 } ] - ( n3 : L3 { id : 22 } ) RETURN 1 AS a0 , CASE WHEN ( n3 . k18 ) THEN relationships ( CASE WHEN TRUE THEN NULL END ) [ toIntegerOrNull ( abs ( -1819612860 ) ) ] END AS a1 ;
MATCH (a) RETURN count(a);
MATCH (a) RETURN count(a);
MATCH (b)-[a]->(c) RETURN count(a);
MATCH (b)-[a]->(c) RETURN count(a);
WITH * CREATE (n0{k21:-1319697476, id:23}) CREATE ({id:24}) RETURN 1 AS a0, NULL AS a1 UNION ALL OPTIONAL MATCH (n0 :L3{k19:NULL})<-[*0..1]-()-[r0]-(), p0=(n1) WHERE (('t' = CASE WHEN false THEN 'l' END) OR (706171939 <> length(NULL))) CREATE ({id:25})<-[r1 :T3{id:26}]-( :L3{id:27})<-[r2 :T3{id:28}]-(n2{id:29}) CREATE p1=(n3{id:30})<-[ :T3{k66:'V2Ic', id:31}]-( :L3{id:32}) RETURN 1 AS a0, n1 AS a1;
WITH * WITH * CREATE ( n0 { k21 : -1319697476 , id : 23 } ) CREATE ( { id : 24 } ) RETURN CASE WHEN TRUE THEN 1 END AS a0 , NULL AS a1 UNION ALL OPTIONAL MATCH ( n0 : L3 { k19 : NULL } ) < - [ * 0 .. 1 ] - ( ) - [ r0 ] - ( ) ,p0 = ( n1 ) WHERE ( ( 't' = CASE WHEN false THEN 'l' END ) OR ( 706171939 <> length ( NULL ) ) ) UNWIND 1 as l0 CREATE (n2{id:29})-[ r2 : T3 { id : 28 } ] ->( :L3{id:27})-[ r1 : T3 { id : 26 } ] ->( { id : 25 } ) WITH * CREATE p1=( :L3{id:32})-[ : T3 { k66 : 'V2Ic' , id : 31 } ] ->( n3 { id : 30 } ) RETURN CASE WHEN FALSE THEN NULL ELSE 1 END AS a0 , n1 AS a1 ;
MATCH (a) RETURN count(a);
MATCH (a) RETURN count(a);
MATCH (b)-[a]->(c) RETURN count(a);
MATCH (b)-[a]->(c) RETURN count(a);
MATCH (n0)-[]-( :L3{k18:exists(()-[{k62:NULL}]-())}) MERGE ({id:33})<-[r0 :T3{id:34}]-({id:35})-[r1 :T1{id:36}]-({id:37}) CREATE (n1{id:38})<-[ :T3{id:39}]-(n2 :L3{id:40}) RETURN -432836890 AS a0 SKIP 0;
MATCH ( n0 ) - [ ] - ( : L3 { k18 : exists ( ( ) - [ { k62 : NULL } ] - ( ) ) } ) MERGE ( { id : 33 } ) < - [ r0 : T3 { id : 34 } ] - ( { id : 35 } ) - [ r1 : T1 { id : 36 } ] - ( { id : 37 } ) WITH * CREATE ( n1 { id : 38 } ) < - [ : T3 { id : 39 } ] - ( n2 : L3 { id : 40 } ) RETURN -432836890 AS a0 SKIP 0 ;
MATCH (a) RETURN count(a);
MATCH (a) RETURN count(a);
MATCH (b)-[a]->(c) RETURN count(a);
MATCH (b)-[a]->(c) RETURN count(a);
WITH DISTINCT {k1: NULL, k2: type(NULL)} AS a2 MATCH ()-[*0..1]-(n0) WHERE false SET n0.k=NULL RETURN a2 AS a3 SKIP 0;
WITH DISTINCT { k1 : NULL , k2 : type ( NULL ) } AS a2 WHERE TRUE MATCH ( ) - [ * 0 .. 1 ] - ( n0 ) WITH * WHERE false SET n0 . k = NULL RETURN a2 AS a3 SKIP CASE WHEN FALSE THEN NULL ELSE 0 END ;
