-- Time: 2024/04/11 13:29:19
-- Database: janusgraph_database209
-- Database version: composite
-- seed value: 1712812406732
CREATE (n0 :L0{k0 : 666255, k1 : 943572966, k2 : 'p6', k3 : true, k4 : 'ghhj8TIY', k5 : true, id : 0, k6 : 984113939});
CREATE (n0 :L0{k0 : 659966620, k1 : 943572966, k2 : 'v', k3 : false, k5 : true, id : 1, k6 : -1775950608});
CREATE (n0 :L1{k11 : false, id : 2, k10 : false, k7 : 1641067649, k8 : 'xzO5mlaoM', k12 : false, k9 : '7'});
CREATE (n0 :L0{k0 : -628658892, k1 : 1143634474, k3 : true, k5 : true, id : 3, k6 : 984113939});
MATCH (n0 {id : 0}), (n1 {id : 1}) MERGE(n0)-[r :T1{k49 : 'g', id : 4, k46 : 8341899, k45 : 'C', k48 : 1206549033, k47 : true}]->(n1);
MATCH (n0 {id : 0}), (n1 {id : 0}) MERGE(n0)-[r :T2{k50 : 871303029, k53 : 'o', k52 : 'a', id : 5, k54 : -1177554761}]->(n1);
MATCH (n0 {id : 1}), (n1 {id : 0}) MERGE(n0)-[r :T3{k60 : true, k61 : 'T', k55 : 2130672796, id : 6, k57 : 'yjwl', k56 : true, k59 : 'bXG', k58 : 1566618554}]->(n1);
MATCH (n0 {id : 0}), (n1 {id : 0}) MERGE(n0)-[r :T2{k51 : true, k50 : -1157149677, k53 : 'na4drWl5R', k52 : 'u', id : 7, k54 : 1859151195}]->(n1);
MATCH (n0 {id : 0}), (n1 {id : 2}) MERGE(n0)-[r :T0{k39 : 'E', k40 : true, k42 : 'x5', k41 : 'S', id : 8, k43 : 'N', k37 : '6'}]->(n1);
MATCH (n0 {id : 1}), (n1 {id : 3}) MERGE(n0)-[r :T2{k51 : false, k50 : -1157149677, k53 : 'G', k52 : 'eo', id : 9}]->(n1);
MATCH (n0 {id : 0}), (n1 {id : 3}) MERGE(n0)-[r :T3{k60 : true, k61 : 'f', k55 : 342232996, id : 10, k57 : 'XL', k56 : false, k59 : 'yTf', k58 : -1174121414}]->(n1);
OPTIONAL MATCH (n0), p0=(n1{k5:NULL}) CREATE (n2{k1:NULL, id:11}), (n3{id:12})<-[r0 :T3{id:13}]-(n4{id:14}) CREATE (n5{id:15})-[ :T1{k49:NULL, id:16}]->( :L0{id:17}), p1=( :L0{id:18})<-[ :T3{k57:reverse(NULL), id:19}]-(n6 :L0{k2:'Tf', id:20}) RETURN p0 AS a3, n1 AS a4;
OPTIONAL MATCH ( n0 ) ,p0 = ( n1 { k5 : NULL } ) WHERE TRUE CREATE ( n2 { k1 : NULL , id : 11 } ) CREATE (n3{ id : 12 } )CREATE (n3)< - [ r0 : T3 { id : 13 } ] - ( n4 { id : CASE WHEN FALSE THEN NULL ELSE 14 END } ) CREATE ( n5 { id : 15 } ) - [ : T1 { k49 : NULL , id : 16 } ] - > ( : L0 { id : 17 } ) CREATE p1 = ( : L0 { id : 18 } ) < - [ : T3 { k57 : reverse ( NULL ) , id : CASE WHEN FALSE THEN NULL ELSE 19 END } ] - ( n6 : L0 { k2 : 'Tf' , id : 20 } ) WITH * RETURN p0 AS a3 , n1 AS a4 ORDER BY NULL ;
MATCH (a) RETURN count(a);
MATCH (b)-[a]->(c) RETURN count(a);
MATCH (b)-[a]->(c) RETURN count(a);
OPTIONAL MATCH (n0{k5:false}), ( :L0)-[r0]-(n1 :L0)<-[*0..]-(n2 :L0) MERGE p0=(n3{k3:true, id:21})-[r1 :T3{id:22}]-(n4 :L0{id:23}) REMOVE n2.k2 RETURN p0 AS a0;
OPTIONAL MATCH ( n0 { k5 : false } ) ,( : L0 ) - [ r0 ] - ( n1 : L0 ) < - [ * 0 .. ] - ( n2 : L0 ) MERGE p0 = ( n3 { k3 : CASE WHEN TRUE THEN true END , id : 21 } ) - [ r1 : T3 { id : 22 } ] - ( n4 : L0 { id : 23 } ) REMOVE n2 . k2 WITH * UNWIND 1 as l0 RETURN CASE WHEN FALSE THEN NULL ELSE p0 END AS a0 ORDER BY NULL LIMIT 1 ;
MATCH (a) RETURN count(a);
MATCH (a) RETURN count(a);
MATCH (b)-[a]->(c) RETURN count(a);
MATCH (b)-[a]->(c) RETURN count(a);
MERGE (n1{id:24})<-[r1 :T3{k59:'X', id:25}]-(n2 :L0{id:26}) MERGE (n3 :L0{id:27})-[r2 :T1{id:28}]-({k1:1259419293, id:29})-[ :T3{id:30}]->({id:31}) CREATE (n4{id:32})-[r3 :T3{id:33}]->(n5{k5:(((n3.k0) > -42173366) OR CASE WHEN false THEN (n2.k5) END), id:34}), ({id:35})<-[ :T3{k60:(n3.k5), id:36}]-(n6{k2:'s', id:37}) RETURN (r2.k47) AS a2;
MERGE ( n1 { id : CASE WHEN FALSE THEN NULL ELSE 24 END } ) < - [ r1 : T3 { k59 : 'X' , id : 25 } ] - ( n2 : L0 { id : CASE WHEN TRUE THEN 26 END } ) MERGE pp0=( n3 : L0 { id : 27 } ) - [ r2 : T1 { id : 28 } ] - ( { k1 : 1259419293 , id : 29 } ) - [ : T3 { id : 30 } ] - > ( { id : CASE WHEN FALSE THEN NULL ELSE 31 END } ) CREATE ( n4 { id : 32 } ) - [ r3 : T3 { id : CASE WHEN FALSE THEN NULL ELSE 33 END } ] - > ( n5 { k5 : ( ( ( n3 . k0 ) > -42173366 ) OR CASE WHEN false THEN ( n2 . k5 ) END ) , id : 34 } ) CREATE ( { id : 35 } ) < - [ : T3 { k60 : ( n3 . k5 ) , id : 36 } ] - ( n6 { k2 : 's' , id : 37 } ) RETURN ( r2 . k47 ) AS a2 ;
MATCH (a) RETURN count(a);
MATCH (a) RETURN count(a);
MATCH (b)-[a]->(c) RETURN count(a);
MATCH (b)-[a]->(c) RETURN count(a);
UNWIND CASE WHEN false THEN NULL END AS a0 OPTIONAL MATCH ()-[r0]->() WHERE false DETACH DELETE r0  RETURN *, NULL AS a1;
UNWIND CASE WHEN CASE WHEN FALSE THEN NULL ELSE false END THEN NULL END AS a0 OPTIONAL MATCH ()-[:TYPE]-() OPTIONAL MATCH ()-[*0..0]-( ) - [ r0 ] - > ( ) WHERE false DETACH DELETE CASE WHEN TRUE THEN r0 END WITH * RETURN DISTINCT * , NULL AS a1 SKIP 1 ;
