-- Time: 2024/04/11 13:43:04
-- Database: janusgraph_database395
-- Database version: composite
-- seed value: 1712812406918
CREATE (n0 :L1{k5 : 'G', id : 0, k6 : -493304623, k10 : -1060767270, k7 : 1984458154, k8 : 'M7f', k9 : 'c'});
CREATE (n0 :L0{k0 : -1832502854, k1 : -300668059, k2 : 'J', k3 : 'lKySVfA', k4 : 'L', id : 1});
CREATE (n0 :L0{k0 : -1832502854, k1 : -2079831144, k2 : '9', k3 : '1', k4 : 'bnZSK', id : 2});
CREATE (n0 :L4{k28 : 988042375, k29 : 1582935863, k30 : 'LqB', id : 3, k26 : -1013903284, k25 : 'J'});
MATCH (n0 {id : 3}), (n1 {id : 0}) MERGE(n0)-[r :T1{k44 : false, id : 4, k46 : 'i', k45 : false, k48 : 'L', k47 : true}]->(n1);
MATCH (n0 {id : 3}), (n1 {id : 0}) MERGE(n0)-[r :T5{k71 : 't', k70 : 1471409940, k73 : 'MKn', k72 : -713505954, k74 : 825479778, id : 5, k69 : true}]->(n1);
MATCH (n0 {id : 1}), (n1 {id : 2}) MERGE(n0)-[r :T1{k44 : false, id : 6, k45 : false, k48 : 'c', k47 : false}]->(n1);
MATCH (n0 {id : 0}), (n1 {id : 3}) MERGE(n0)-[r :T4{k62 : -1341198282, k64 : 'B', k63 : -530756190, k66 : false, id : 7, k65 : -535966719, k68 : 'fplqWt', k67 : 'r'}]->(n1);
MATCH (n0 {id : 3}), (n1 {id : 0}) MERGE(n0)-[r :T3{k60 : -1284130340, k61 : 1968515324, k55 : 1871192130, id : 8, k56 : '3', k59 : true, k58 : -892538102}]->(n1);
MATCH (n0 {id : 0}), (n1 {id : 2}) MERGE(n0)-[r :T3{k60 : 499152460, k61 : 1968515324, k55 : 1550649128, id : 9, k57 : 'AhYy', k56 : '3', k59 : true, k58 : -1555644118}]->(n1);
MATCH (n0 {id : 3}), (n1 {id : 2}) MERGE(n0)-[r :T0{k39 : true, k38 : -687982515, k40 : -535120743, k42 : false, k41 : false, id : 10, k43 : 'B', k37 : 1440451704}]->(n1);
MERGE p0=(n0{id:11}) REMOVE n0.k2 MERGE (n1 :L0{id:12})-[r0 :T1{id:13}]-(n2 :L0{id:14}) RETURN n0 AS a0, 1 AS a1 SKIP 1;
MERGE p0 = ( n0 { id : 11 } ) WITH * REMOVE n0 . k2 MERGE pp0=( n1 : L0 { id : 12 } ) - [ r0 : T1 { id : 13 } ] - ( n2 : L0 { id : 14 } ) WITH * UNWIND 1 as l0 RETURN DISTINCT n0 AS a0 , 1 AS a1 SKIP 1 ;
MATCH (a) RETURN count(a);
MATCH (b)-[a]->(c) RETURN count(a);
MATCH (b)-[a]->(c) RETURN count(a);
CREATE (n2{id:15})-[r0 :T0{id:16}]->(n3{id:17}), ({k9:'3UHdu7', id:18}) MERGE p0=({k29:722699248, id:19})-[ :T4{id:20}]-(n4{id:21}) MERGE ({k8:'7s', id:22}) RETURN n4 AS a1 ORDER BY false, a1 LIMIT 0;
CREATE ( n2 { id : 15 } ) - [ r0 : T0 { id : 16 } ] - > ( n3 { id : 17 } ) CREATE ( { k9 : '3UHdu7' , id : 18 } ) WITH * UNWIND [NULL] as l0 MERGE p0 = ( { k29 : 722699248 , id : CASE WHEN TRUE THEN 19 END } ) - [ : T4 { id : 20 } ] - ( n4 { id : 21 } ) MERGE ( { k8 : '7s' , id : CASE WHEN FALSE THEN NULL ELSE 22 END } ) WITH * RETURN DISTINCT n4 AS a1 ORDER BY false, a1 LIMIT 0 ;
MATCH (a) RETURN count(a);
MATCH (a) RETURN count(a);
MATCH (b)-[a]->(c) RETURN count(a);
MATCH (b)-[a]->(c) RETURN count(a);
MERGE (n3 :L1{id:23}) DETACH DELETE n3  MERGE (n4{id:24})-[r0 :T0{id:25}]-({id:26}) RETURN n4 AS a0 ORDER BY [NULL], a0;
MERGE ( n3 : L1 { id : 23 } ) WITH * OPTIONAL MATCH ()-[:TYPE]-() DETACH DELETE n3 WITH * MERGE ( n4 { id : 24 } ) - [ r0 : T0 { id : 25 } ] - ( { id : 26 } ) RETURN n4 AS a0 ORDER BY [NULL], a0 ,FALSE ;
