-- Time: 2024/04/11 14:08:08
-- Database: janusgraph_database734
-- Database version: composite
-- seed value: 1712812407258
CREATE (n0 :L1{id : 0, k6 : 'iyI', k10 : '77il8lMJ5', k7 : -588814682, k8 : true, k9 : -1960986305});
CREATE (n0 :L0{k0 : 230744973, k1 : 375349984, k2 : false, k3 : false, k4 : false, k5 : false, id : 1});
CREATE (n0 :L2{k11 : 'gYiK', id : 2, k13 : 'cEHce6', k12 : false, k15 : 'kdTz', k14 : true});
CREATE (n0 :L4{k28 : 166204303, k27 : 2031498075, id : 3, k24 : true, k23 : 'E', k26 : true, k25 : true});
MATCH (n0 {id : 0}), (n1 {id : 1}) MERGE(n0)-[r :T3{k60 : '2M', k61 : 'qGoDN', id : 4, k57 : '80Bm', k59 : '84l', k58 : 'qeB'}]->(n1);
MATCH (n0 {id : 0}), (n1 {id : 3}) MERGE(n0)-[r :T3{k60 : 'M9UxM0', k62 : false, k61 : 'whEuF', id : 5, k57 : 'cv', k59 : 'Ko7H7it', k58 : '3RfO'}]->(n1);
OPTIONAL MATCH ()<-[*0..]-(n0{k7:-1786385142}), ()-[r0 :T3{k58:'w'}]-( :L1) WHERE (r0.k62) MERGE (n1{id:6})-[ :T3{k57:'ednb', id:7}]-(n2{id:8})-[r1 :T3{k62:true, id:9}]->({id:10}) CREATE ({k28:NULL, id:11}) RETURN n0 AS a0, 1 AS a1 ORDER BY 'J', a0 SKIP 1;
OPTIONAL MATCH ( ) < - [ * 0 .. ] - ( n0 { k7 : -1786385142 } ) ,( ) - [ r0 : T3 { k58 : 'w' } ] - ( : L1 ) WHERE ( r0 . k62 ) OPTIONAL MATCH ()-[:TYPE]-() MERGE ( n1 { id : 6 } ) - [ : T3 { k57 : 'ednb' , id : 7 } ] - ( n2 { id : 8 } ) - [ r1 : T3 { k62 : true , id : 9 } ] - > ( { id : 10 } ) CREATE ( { k28 : NULL , id : 11 } ) RETURN n0 AS a0 , 1 AS a1 ORDER BY 'J', a0 SKIP 1 ;
MATCH (a) RETURN count(a);
MATCH (b)-[a]->(c) RETURN count(a);
MATCH (b)-[a]->(c) RETURN count(a);
CREATE ( :L0{id:12})<-[ :T3{k60:NULL, id:13}]-(n0 :L1{id:14})-[r0 :T3{id:15}]->(n1{k23:'PwzBxuXo', id:16}) MERGE (n2{id:17}) DETACH DELETE n2  RETURN 1 AS a0 UNION MERGE ({k13:'Aepnui87l', id:18}) CREATE ({k4:(NOT false), id:19}), p0=({id:20}) MERGE (n0{id:21})-[r0 :T3{id:22}]-( :L1{id:23}) RETURN DISTINCT n0 AS a0 SKIP 0;
CREATE ( : L0 { id : CASE WHEN FALSE THEN NULL ELSE 12 END } ) < - [ : T3 { k60 : NULL , id : 13 } ] - ( n0 : L1 { id : 14 } ) - [ r0 : T3 { id : CASE WHEN FALSE THEN NULL ELSE 15 END } ] - > ( n1 { k23 : 'PwzBxuXo' , id : 16 } ) WITH * MERGE ( n2 { id : 17 } ) WITH * UNWIND 1 as l0 DETACH DELETE n2 WITH * RETURN DISTINCT 1 AS a0 ORDER BY FALSE DESC UNION MERGE ( { k13 : 'Aepnui87l' , id : 18 } ) WITH * UNWIND [NULL] as l1 CREATE ( { k4 : ( NOT false ) , id : 19 } ) CREATE p0 = ( { id : 20 } ) MERGE ( n0 { id : 21 } ) - [ r0 : T3 { id : 22 } ] - ( : L1 { id : 23 } ) WITH * RETURN DISTINCT n0 AS a0 ORDER BY 1 SKIP CASE WHEN FALSE THEN NULL ELSE 0 END ;
MATCH (a) RETURN count(a);
MATCH (a) RETURN count(a);
MATCH (b)-[a]->(c) RETURN count(a);
MATCH (b)-[a]->(c) RETURN count(a);
OPTIONAL MATCH ( :L2) CREATE (n0 :L2{id:24}), ({id:25}) CREATE p0=( :L2{id:26}), p1=(n1 :L2{id:27}) RETURN 1 AS a0;
OPTIONAL MATCH ( : L2 ) WHERE TRUE CREATE ( n0 : L2 { id : 24 } ) CREATE ( { id : 25 } ) WITH * OPTIONAL MATCH ()-[:TYPE]-() CREATE p0 = ( : L2 { id : CASE WHEN TRUE THEN 26 END } ) CREATE p1 = ( n1 : L2 { id : 27 } ) WITH * RETURN 1 AS a0 ;
