-- Time: 2024/04/11 13:46:27
-- Database: janusgraph_database441
-- Database version: composite
-- seed value: 1712812406964
CREATE (n0 {id : 0});
CREATE (n0 :L2{k17 : 1441126430, k19 : 'kP', k18 : 156955062, id : 1, k13 : 'F', k15 : true, k14 : 'u'});
CREATE (n0 :L0{k0 : false, k1 : 1850782507, k2 : -1944824299, k3 : false, k4 : true, k5 : 'MakjlVB', id : 2, k6 : '4UHZEwb'});
CREATE (n0 :L2{k17 : -2080001628, k16 : true, k19 : 'd', id : 3, k13 : 'SC', k15 : false, k14 : 'Kf1D'});
MATCH (n0 {id : 1}), (n1 {id : 1}) MERGE(n0)-[r :T2{k44 : true, id : 4, k46 : 998475904, k45 : 'Jmjtfvdx', k48 : false, k47 : false}]->(n1);
MATCH (n0 {id : 1}), (n1 {id : 2}) MERGE(n0)-[r :T2{k44 : true, id : 5, k43 : 'j', k46 : 1035945427, k45 : 'VnXkND', k48 : false, k47 : true}]->(n1);
MATCH (n0 {id : 2}), (n1 {id : 1}) MERGE(n0)-[r :T5{k62 : 'iE', k61 : false, k64 : 'A', k66 : 'T31Bdk', id : 6, k65 : 1192249897}]->(n1);
MATCH (n0 {id : 0}), (n1 {id : 1}) MERGE(n0)-[r :T4{k60 : true, id : 7, k57 : -778952048, k56 : 622830789, k59 : 'u', k58 : 93004037}]->(n1);
CREATE (n0{id:8})<-[ :T2{k43:toStringOrNull(nodes(NULL)[toIntegerOrNull(abs(NULL))]), id:9}]-(n1{k13:NULL, id:10}) MERGE (n2 :L2{id:11}) CREATE p0=(n3{id:12}) RETURN 1 AS a0, 1 AS a1;
CREATE ( n0 { id : 8 } ) < - [ : T2 { k43 : toStringOrNull ( nodes ( NULL ) [ toIntegerOrNull ( abs ( NULL ) ) ] ) , id : CASE WHEN TRUE THEN 9 END } ] - ( n1 { k13 : NULL , id : 10 } ) MERGE ( n2 : L2 { id : 11 } ) CREATE p0 = ( n3 { id : 12 } ) RETURN 1 AS a0 , 1 AS a1 ;
MATCH (a) RETURN count(a);
MATCH (b)-[a]->(c) RETURN count(a);
MATCH (b)-[a]->(c) RETURN count(a);
MATCH p1=(n1 :L2) MATCH p2=(n2), () WHERE ((n1.k18) > NULL) REMOVE n2.k2 RETURN n2 AS a2, 1 AS a3 SKIP 1;
MATCH p1=(n1 :L2) MATCH p2 = ( n2 ) ,( ) WHERE ( ( n1 . k18 ) > NULL ) WITH * REMOVE n2 . k2 WITH * RETURN n2 AS a2 , 1 AS a3 SKIP 1 LIMIT 1 ;
MATCH (a) RETURN count(a);
MATCH (a) RETURN count(a);
MATCH (b)-[a]->(c) RETURN count(a);
MATCH (b)-[a]->(c) RETURN count(a);
UNWIND NULL AS a0 CREATE (n0{id:13}), (n1{id:14}) MERGE ({id:15}) RETURN *;
UNWIND NULL AS a0 CREATE ( n0 { id : 13 } ) CREATE ( n1 { id : 14 } ) MERGE ( { id : 15 } ) WITH * RETURN * ;
MATCH (a) RETURN count(a);
MATCH (a) RETURN count(a);
MATCH (b)-[a]->(c) RETURN count(a);
MATCH (b)-[a]->(c) RETURN count(a);
MERGE (n0 :L2{id:16}) MERGE ({k19:'dg', id:17}) REMOVE n0.k2 RETURN (n0.k19) AS a0, (n0.k14) AS a1 LIMIT 0;
MERGE ( n0 : L2 { id : 16 } ) MERGE ( { k19 : 'dg' , id : 17 } ) REMOVE n0 . k2 RETURN ( CASE WHEN TRUE THEN n0 . k19 END ) AS a0 , ( CASE WHEN TRUE THEN n0 . k14 END ) AS a1 LIMIT 0 ;
MATCH (a) RETURN count(a);
MATCH (a) RETURN count(a);
MATCH (b)-[a]->(c) RETURN count(a);
MATCH (b)-[a]->(c) RETURN count(a);
MATCH (n0{k15:false})-[]-()-[r0]-(n1), (n2)-[ :T4{k59:'JM4PM'}]-(n0)-[]-(n3) REMOVE n0.k2 REMOVE n2.k2 RETURN DISTINCT r0 AS a0, NULL AS a1;
MATCH ( n0 { k15 : false } ) - [ ] - ( ) - [ r0 ] - ( n1 ) ,( n2 ) - [ : T4 { k59 : 'JM4PM' } ] - ( n0 ) - [ ] - ( n3 ) UNWIND 1 as l0 WITH * CALL{WITH *REMOVE n0 . k2 } REMOVE n2 . k2 RETURN DISTINCT CASE WHEN FALSE THEN NULL ELSE r0 END AS a0 , NULL AS a1 ;
