-- Time: 2024/04/11 14:12:16
-- Database: janusgraph_database790
-- Database version: composite
-- seed value: 1712812407314
CREATE (n0 {id : 0});
CREATE (n0 :L2{k16 : 'W', id : 1, k13 : false, k12 : '6', k15 : false, k14 : 'l'});
CREATE (n0 :L2{k16 : 'T', k11 : false, id : 2, k13 : true, k12 : 'V', k15 : false, k14 : 'L'});
CREATE (n0 :L0{k0 : 250950339, k1 : '5oQICS', k2 : 'UrNdOiRs', k3 : false, k4 : 'b0', k5 : 1896078868, id : 3});
MATCH (n0 {id : 0}), (n1 {id : 2}) MERGE(n0)-[r :T5{k71 : false, k73 : false, k72 : '8Z', k75 : -631926074, k74 : 1050017472, id : 4, k76 : 'K'}]->(n1);
MATCH (n0 {id : 0}), (n1 {id : 2}) MERGE(n0)-[r :T6{k80 : 'uI', k82 : 92682882, k81 : 1680432582, k83 : true, k77 : '5bs', id : 5, k78 : 'ntA'}]->(n1);
MATCH (n0 {id : 3}), (n1 {id : 1}) MERGE(n0)-[r :T4{k70 : 29225738, k66 : false, id : 6, k68 : 1278248479, k67 : '9', k69 : 448559793}]->(n1);
MATCH (n0 {id : 2}), (n1 {id : 3}) MERGE(n0)-[r :T6{k80 : 'VK', k82 : 1328331665, k83 : false, k77 : 'e5', id : 7, k78 : 'lWjU4HbhN'}]->(n1);
MATCH (n0 {id : 3}), (n1 {id : 0}) MERGE(n0)-[r :T5{k71 : false, k73 : true, k72 : 'Eqggg7gfr', k75 : 1563147987, k74 : 1050017472, id : 8, k76 : 'koU'}]->(n1);
MATCH (n0 {id : 2}), (n1 {id : 0}) MERGE(n0)-[r :T3{k62 : -846287188, k61 : 903489966, k64 : 'VVUZh', id : 9, k65 : 1813240160}]->(n1);
MATCH (n0 {id : 2}), (n1 {id : 0}) MERGE(n0)-[r :T2{k55 : 'GeE', id : 10, k56 : false, k59 : 'BqfR4yS', k58 : -954765173}]->(n1);
UNWIND NULL AS a0 CREATE ({id:11})-[r0 :T3{id:12}]->({id:13}), (n0{k0:-143793101, id:14})<-[ :T6{id:15}]-(n1{k11:false, id:16})-[ :T3{id:17}]->(n2{id:18}) MERGE p0=(n3 :L2{id:19})-[r1 :T3{k65:-1311959989, id:20}]->(n4{id:21})<-[r2 :T2{id:22}]-({k12:'YK3', id:23}) RETURN *, a0 AS a1;
UNWIND NULL AS a0 UNWIND [1] as l0 CREATE ( { id : 11 } ) - [ r0 : T3 { id : 12 } ] - > ( { id : 13 } ) CREATE ( n0 { k0 : CASE WHEN TRUE THEN -143793101 END , id : 14 } ) < - [ : T6 { id : 15 } ] - ( n1 { k11 : false , id : 16 } ) - [ : T3 { id : CASE WHEN TRUE THEN 17 END } ] - > ( n2 { id : 18 } ) WITH * MERGE p0 = ( n3 : L2 { id : 19 } ) - [ r1 : T3 { k65 : -1311959989 , id : 20 } ] - > ( n4 { id : 21 } ) < - [ r2 : T2 { id : CASE WHEN TRUE THEN 22 END } ] - ( { k12 : 'YK3' , id : 23 } ) RETURN * , a0 AS a1 ;
MATCH (a) RETURN count(a);
MATCH (b)-[a]->(c) RETURN count(a);
MATCH (b)-[a]->(c) RETURN count(a);
MERGE (n0{id:24})<-[r0 :T6{k77:'n0UDQ', id:25}]-( :L2{id:26}) MERGE ({id:27})-[r1 :T5{id:28}]-({id:29}) SET n0.k=(r1.k72) RETURN n0 AS a0 UNION ALL OPTIONAL MATCH (), (n0)-[r0]-() SET n0.k=NULL SET n0.k=NULL RETURN 1 AS a0;
MERGE ( n0 { id : 24 } ) < - [ r0 : T6 { k77 : ('n0UDQ' +'') , id : 25 } ] - ( : L2 { id : 26 } ) WITH * MERGE ( { id : CASE WHEN FALSE THEN NULL ELSE 27 END } ) - [ r1 : T5 { id : 28 } ] - ( { id : CASE WHEN TRUE THEN 29 END } ) SET n0 . k = ( r1 . k72 ) RETURN n0 AS a0 UNION ALL OPTIONAL MATCH (),(n0),()<-[r0]-(),(nn0) WHERE exists((n0)-[r0]-(nn0)) SET n0 . k = NULL WITH * UNWIND 1 as l0 SET n0 . k = NULL WITH * RETURN 1 AS a0 ORDER BY TRUE ;
MATCH (a) RETURN count(a);
MATCH (a) RETURN count(a);
MATCH (b)-[a]->(c) RETURN count(a);
MATCH (b)-[a]->(c) RETURN count(a);
OPTIONAL MATCH (n2)-[r0]->()-[r1 :T5{k71:(NULL ENDS WITH toStringList([()<-[r2]-(n3 :L0)<-[]-(n1 :L2)|'j'])[toIntegerOrNull(abs(NULL))])}]->(n1), ( :L2{k16:'p'}) WHERE false CREATE ({id:30}), ({k15:(r1.k73), id:31})<-[ :T4{id:32}]-({id:33})-[ :T5{id:34}]->(n4{id:35}) DETACH DELETE n2  RETURN NULL AS a1;
OPTIONAL MATCH ( n2 ) - [ r0 ] - > ( ) - [ r1 : T5 { k71 : ( NULL ENDS WITH toStringList ( [ ( ) < - [ r2 ] - ( n3 : L0 ) < - [ ] - ( n1 : L2 ) | 'j' ] ) [ toIntegerOrNull ( abs ( NULL ) ) ] ) } ] - > ( n1 ) ,( : L2 { k16 : CASE WHEN TRUE THEN 'p' END } ) WHERE false CREATE ( { id : 30 } ) CREATE ( { k15 : ( r1 . k73 ) , id : 31 } ) < - [ : T4 { id : 32 } ] - ( { id : 33 } ) - [ : T5 { id : 34 } ] - > ( n4 { id : 35 } ) WITH * UNWIND 1 as l0 DETACH DELETE n2 WITH * UNWIND [1] as l1 RETURN DISTINCT NULL AS a1 ;
MATCH (a) RETURN count(a);
MATCH (a) RETURN count(a);
MATCH (b)-[a]->(c) RETURN count(a);
MATCH (b)-[a]->(c) RETURN count(a);
OPTIONAL MATCH p0=(), p1=()<-[]-(n3 :L0) SET n3.k=1524655716 REMOVE n3.k2 RETURN (n3.k3) AS a0;
OPTIONAL MATCH p0 = ( ) ,p1 = ( ) < - [ ] - ( n3 : L0 ) SET n3 . k = 1524655716 REMOVE n3 . k2 RETURN ( n3 . k3 ) AS a0 LIMIT 1 ;
