-- Time: 2024/04/11 13:55:42
-- Database: janusgraph_database566
-- Database version: composite
-- seed value: 1712812407090
CREATE (n0 :L0{k0 : 2053266178, k2 : 'Hh', k3 : -1908082929, k4 : '0', id : 0});
CREATE (n0 :L6{id : 1, k34 : 'G1pc7MR', k37 : true, k36 : 'L'});
CREATE (n0 {id : 2});
CREATE (n0 :L2{k16 : 'dK5', id : 3, k13 : 'g', k15 : false, k14 : -541885457});
MATCH (n0 {id : 0}), (n1 {id : 1}) MERGE(n0)-[r :T0{k39 : 'a0mqIxy', k40 : true, k42 : false, k41 : false, k44 : true, id : 4}]->(n1);
MATCH (n0 {id : 0}), (n1 {id : 2}) MERGE(n0)-[r :T0{k38 : 'J', k40 : true, k42 : true, k41 : false, k44 : true, id : 5, k43 : 'Zy'}]->(n1);
MATCH (n0 {id : 2}), (n1 {id : 0}) MERGE(n0)-[r :T2{k53 : 'mO0', k52 : -1830496888, id : 6, k54 : 1707889649, k56 : true}]->(n1);
MATCH (n0 {id : 3}), (n1 {id : 1}) MERGE(n0)-[r :T3{k60 : true, k62 : '8KQukpk', k61 : false, k63 : -1409041823, id : 7, k59 : 1422891453, k58 : true}]->(n1);
MATCH (n0 {id : 3}), (n1 {id : 3}) MERGE(n0)-[r :T0{k39 : 'MqPDI', k38 : 'E', k40 : false, k41 : true, k44 : true, id : 8, k43 : 'Zy'}]->(n1);
MATCH (n0 {id : 2}), (n1 {id : 0}) MERGE(n0)-[r :T0{k39 : 'D', k38 : 'r', k40 : false, k42 : true, k41 : true, k44 : false, id : 9, k43 : '6O2Ouazv'}]->(n1);
MATCH (n0 {id : 2}), (n1 {id : 3}) MERGE(n0)-[r :T2{k53 : 'F', k52 : 356415578, k55 : true, id : 10, k57 : 2114587857, k56 : false}]->(n1);
WITH nodes(NULL)[toIntegerOrNull(abs(788589588))] AS a0 SKIP 1 WHERE NULL CREATE p0=(n0 :L6{k36:NULL, id:11}) CREATE ({id:12}) RETURN 1 AS a1;
WITH nodes ( CASE WHEN TRUE THEN NULL END ) [ toIntegerOrNull ( abs ( 788589588 ) ) ] AS a0 SKIP 1 WHERE NULL CREATE p0 = ( n0 : L6 { k36 : NULL , id : 11 } ) CREATE ( { id : 12 } ) RETURN 1 AS a1 ;
MATCH (a) RETURN count(a);
MATCH (b)-[a]->(c) RETURN count(a);
MATCH (b)-[a]->(c) RETURN count(a);
MATCH (n0)-[ :T3{k61:(NULL OR false)}]-(), () MATCH () CREATE (n1{id:13})-[r0 :T0{id:14}]->(n2{k0:toIntegerOrNull([[NULL, NULL]]), id:15})-[r1 :T0{id:16}]->({id:17}), (n3{id:18})-[r2 :T2{id:19}]->(n4{k13:NULL, id:20})-[r3 :T0{k40:true, id:21}]->({id:22}) RETURN DISTINCT *;
MATCH (n0)-[*0..0]-( n0 ) - [ : T3 { k61 : ( NULL OR false ) } ] - ( ) ,( ) WHERE TRUE MATCH () WITH * CREATE ({id:17})<-[ r1 : T0 { id : CASE WHEN FALSE THEN NULL ELSE 16 END } ] -(n2{k0:toIntegerOrNull([[NULL, NULL]]), id:15})<-[ r0 : T0 { id : 14 } ] -( n1 { id : 13 } ) CREATE (n3{ id : 18 } )CREATE (n3)- [ r2 : T2 { id : 19 } ] - > ( n4 { k13 : NULL , id : 20 } ) - [ r3 : T0 { k40 : true , id : 21 } ] - > ( { id : 22 } ) RETURN DISTINCT * ;
MATCH (a) RETURN count(a);
MATCH (a) RETURN count(a);
MATCH (b)-[a]->(c) RETURN count(a);
MATCH (b)-[a]->(c) RETURN count(a);
WITH CASE WHEN false THEN [x IN [round(144649506), NULL]|endNode(NULL)] END AS a0 MERGE p0=({k0:(-2072389513+-976416622), id:23}) CREATE (n0{id:24})<-[r0 :T2{id:25}]-(n1{id:26})-[ :T2{id:27}]->({k15:true, id:28}) RETURN 1 AS a1, a0 AS a2 SKIP 0;
WITH CASE WHEN false THEN [ x IN [ round ( 144649506 ) , NULL ] | endNode ( CASE WHEN TRUE THEN NULL END ) ] END AS a0 MERGE p0 = ( { k0 : ( -2072389513 + -976416622 ) , id : 23 } ) CREATE ( n0 { id : 24 } ) < - [ r0 : T2 { id : 25 } ] - ( n1 { id : CASE WHEN FALSE THEN NULL ELSE 26 END } ) - [ : T2 { id : 27 } ] - > ( { k15 : true , id : 28 } ) RETURN 1 AS a1 , a0 AS a2 SKIP 0 ;
MATCH (a) RETURN count(a);
MATCH (a) RETURN count(a);
MATCH (b)-[a]->(c) RETURN count(a);
MATCH (b)-[a]->(c) RETURN count(a);
WITH NULL AS a0, [CASE WHEN true THEN NULL END] AS a1 WHERE NULL CREATE ({id:29}) CREATE (n0{id:30})-[ :T0{id:31}]->(n1{id:32}), ({id:33})-[ :T0{id:34}]->({id:35}) RETURN 1 AS a2, 1 AS a3 LIMIT 1;
WITH NULL AS a0 , [ CASE WHEN true THEN NULL END ] AS a1 WHERE NULL CREATE ( { id : 29 } ) CREATE ( n0 { id : 30 } ) - [ : T0 { id : 31 } ] - > ( n1 { id : 32 } ) CREATE ( { id : 33 } ) - [ : T0 { id : 34 } ] - > ( { id : 35 } ) RETURN 1 AS a2 , 1 AS a3 LIMIT 1 ;
