-- Time: 2024/04/11 14:08:22
-- Database: janusgraph_database737
-- Database version: composite
-- seed value: 1712812407261
CREATE (n0 :L0{k0 : false, k1 : -728057434, k2 : -56397679, k3 : true, k4 : 'zQa', id : 0});
CREATE (n0 :L2{k17 : false, k16 : 967677953, k18 : -233847274, id : 1, k13 : 'g', k12 : 'Xn', k15 : -144160409, k14 : -1467962638});
CREATE (n0 :L5{k31 : 'GHn', k30 : 1988259376, k33 : false, id : 2, k32 : false, k34 : '0', k36 : false});
CREATE (n0 :L1{k5 : 2014976820, k11 : 'L', id : 3, k6 : -1183564789, k10 : false, k8 : 'Pe', k9 : '7'});
MATCH (n0 {id : 3}), (n1 {id : 0}) MERGE(n0)-[r :T1{k42 : true, k44 : 'T', id : 4, k43 : 'C', k46 : 1990882424, k45 : 'VlW'}]->(n1);
MATCH (n0 {id : 3}), (n1 {id : 2}) MERGE(n0)-[r :T1{k42 : false, id : 5, k43 : 'OQ', k46 : 1734132923, k45 : 'eW8s'}]->(n1);
MATCH (n0 {id : 2}), (n1 {id : 1}) MERGE(n0)-[r :T6{k71 : false, k73 : 'G', k72 : 'z2', k75 : 1807199387, k74 : 1827398197, id : 6, k76 : -53335360}]->(n1);
MATCH (n0 {id : 0}), (n1 {id : 0}) MERGE(n0)-[r :T5{k70 : -177803483, k66 : false, id : 7, k65 : true, k67 : 'dHQ', k69 : -1398266793}]->(n1);
MATCH (n0 {id : 3}), (n1 {id : 0}) MERGE(n0)-[r :T3{k55 : 1002046706, id : 8, k54 : 'TzdT86VT', k57 : -253230153, k56 : 'AvNjswz', k58 : '9E'}]->(n1);
MERGE ({id:9}) MERGE (n0{id:10}) CREATE ({id:11})-[r0 :T3{id:12}]->({id:13})-[ :T5{id:14}]->({id:15}), (n1 :L1{id:16})-[r1 :T3{id:17}]->(n2{id:18}) RETURN 1 AS a0, n0 AS a1 SKIP 0;
MERGE pp0=( { id : 9 } ) WITH * UNWIND [1] as l0 MERGE ( n0 { id : 10 } ) WITH * UNWIND 1 as l1 CREATE ( { id : 11 } ) - [ r0 : T3 { id : 12 } ] - > ( { id : 13 } ) - [ : T5 { id : 14 } ] - > ( { id : 15 } ) CREATE ( n1 : L1 { id : 16 } ) - [ r1 : T3 { id : CASE WHEN TRUE THEN 17 END } ] - > ( n2 { id : 18 } ) WITH * RETURN 1 AS a0 , n0 AS a1 SKIP CASE WHEN FALSE THEN NULL ELSE 0 END ;
MATCH (a) RETURN count(a);
MATCH (b)-[a]->(c) RETURN count(a);
MATCH (b)-[a]->(c) RETURN count(a);
OPTIONAL MATCH (), (n0)-[]-(n1)-[r0]-(n2{k9:NULL}) REMOVE n2.k2 SET n1.k=NULL RETURN n1 AS a0;
OPTIONAL MATCH (),(n0)-[]-(n1)-[r0]-(n2{k9:NULL}) REMOVE n2 . k2 WITH * SET n1 . k = NULL WITH * OPTIONAL MATCH ()-[:TYPE]-() RETURN n1 AS a0 LIMIT 1 ;
