-- Time: 2024/04/11 13:29:05
-- Database: janusgraph_database206
-- Database version: composite
-- seed value: 1712812406729
CREATE (n0 :L3{k19 : -1079652042, k18 : false, k20 : false, id : 0, k21 : false});
CREATE (n0 :L1{k11 : -1399463088, id : 1, k10 : 'd', k7 : 1093935267, k8 : 'br1d', k9 : '3hqoef'});
CREATE (n0 {id : 2});
CREATE (n0 {id : 3});
MATCH (n0 {id : 2}), (n1 {id : 3}) MERGE(n0)-[r :T4{k53 : 911465078, k55 : 'H', id : 4, k54 : 'q'}]->(n1);
MATCH (n0 {id : 3}), (n1 {id : 2}) MERGE(n0)-[r :T0{k31 : false, id : 5, k32 : true, k34 : -1418281217}]->(n1);
MATCH (n0 {id : 0}), (n1 {id : 1}) MERGE(n0)-[r :T2{k42 : 885304312, k41 : 'S', k44 : true, id : 6, k43 : -1424095767, k46 : 665628892}]->(n1);
MATCH (n0 {id : 1}), (n1 {id : 2}) MERGE(n0)-[r :T4{k53 : -842916441, k52 : -300178828, k55 : 'C', id : 7, k54 : 'S', k56 : 'y'}]->(n1);
MATCH (n0 {id : 3}), (n1 {id : 1}) MERGE(n0)-[r :T4{k53 : 2133479204, k52 : 1473554520, k55 : '2rSqd', id : 8, k54 : 'BGs', k56 : 'k'}]->(n1);
MATCH (n0 {id : 2}), (n1 {id : 3}) MERGE(n0)-[r :T1{k39 : true, k38 : false, k40 : '6Ei', id : 9, k35 : false, k37 : -1411495772, k36 : true}]->(n1);
MATCH (n0 {id : 1}), (n1 {id : 1}) MERGE(n0)-[r :T3{k50 : 'lvoOL', id : 10, k48 : 'nsLM', k47 : false}]->(n1);
UNWIND [NULL, NULL] AS a0 UNWIND [-1800447467] AS a1 CREATE ({id:11})<-[r0 :T0{k33:false, id:12}]-(n0{id:13})<-[r1 :T4{k54:NULL, id:14}]-(n1{id:15}) RETURN 1 AS a2, 1 AS a3 SKIP 0;
UNWIND [ NULL , NULL ] AS a0 UNWIND 1 as l0 UNWIND [ -1800447467 ] AS a1 UNWIND 1 as l1 CREATE (n1{id:15})-[ r1 : T4 { k54 : NULL , id : 14 } ] ->(n0{id:13})-[ r0 : T0 { k33 : false , id : 12 } ] ->( { id : 11 } ) WITH * UNWIND [1] as l2 RETURN CASE WHEN TRUE THEN 1 END AS a2 , 1 AS a3 SKIP 0 ;
MATCH (a) RETURN count(a);
MATCH (b)-[a]->(c) RETURN count(a);
MATCH (b)-[a]->(c) RETURN count(a);
MERGE (n0{id:16})-[r0 :T4{id:17}]-(n1{id:18})-[r1 :T3{id:19}]-({id:20}) DETACH DELETE r1  SET n1.k=594372457 RETURN n1 AS a0, 1 AS a1;
MERGE ( n0 { id : 16 } ) - [ r0 : T4 { id : 17 } ] - ( n1 { id : 18 } ) - [ r1 : T3 { id : 19 } ] - ( { id : 20 } ) WITH * CALL{WITH *DETACH DELETE CASE WHEN TRUE THEN r1 END } SET n1 . k = 594372457 WITH * OPTIONAL MATCH ()-[:TYPE]-() RETURN CASE WHEN TRUE THEN n1 END AS a0 , 1 AS a1 ;
MATCH (a) RETURN count(a);
MATCH (a) RETURN count(a);
MATCH (b)-[a]->(c) RETURN count(a);
MATCH (b)-[a]->(c) RETURN count(a);
WITH NULL AS a4 SKIP 0 LIMIT 0 CREATE (n3{id:21})<-[r2 :T0{id:22}]-({id:23})-[ :T4{k55:'6Z1', id:24}]->( :L1{id:25}) MERGE (n4{k8:'UUZJZuc', id:26})-[r3 :T4{id:27}]-(n5{id:28}) RETURN 1 AS a5, [{k1: NULL, k2: 603543829}, {k1: (r3.k56), k2: true}] AS a6 ORDER BY a5 DESC;
WITH NULL AS a4 SKIP 0 LIMIT CASE WHEN FALSE THEN NULL ELSE 0 END CREATE ( n3 { id : 21 } ) < - [ r2 : T0 { id : 22 } ] - ( { id : 23 } ) - [ : T4 { k55 : '6Z1' , id : 24 } ] - > ( : L1 { id : 25 } ) MERGE ( n4 { k8 : 'UUZJZuc' , id : 26 } ) - [ r3 : T4 { id : 27 } ] - ( n5 { id : CASE WHEN FALSE THEN NULL ELSE 28 END } ) RETURN 1 AS a5 , [ { k1 : NULL , k2 : 603543829 } , { k1 : ( r3 . k56 ) , k2 : true } ] AS a6 ORDER BY a5 DESC LIMIT 1 ;
