-- Time: 2024/04/11 13:20:40
-- Database: janusgraph_database92
-- Database version: composite
-- seed value: 1712812406573
CREATE (n0 {id : 0});
CREATE (n0 :L2{k16 : 637271976, id : 1, k13 : 'GQ', k12 : false, k15 : true, k14 : false});
CREATE (n0 :L3{k17 : true, k19 : 'v', k18 : true, k22 : true, id : 2, k21 : false});
CREATE (n0 :L2{k16 : 1900871674, id : 3, k13 : 's', k12 : false, k15 : true, k14 : false});
MATCH (n0 {id : 2}), (n1 {id : 2}) MERGE(n0)-[r :T0{k40 : 1571348286, k42 : 131125588, k41 : -2091153724, k44 : false, id : 4, k43 : true, k45 : 'q'}]->(n1);
MATCH (n0 {id : 2}), (n1 {id : 3}) MERGE(n0)-[r :T1{k50 : 1756994602, id : 5, k46 : '1xlY', k48 : -1547726801, k47 : 'lBAS0Rng'}]->(n1);
MATCH (n0 {id : 1}), (n1 {id : 3}) MERGE(n0)-[r :T0{k40 : 1818201349, k42 : 1827655349, k41 : 2140310922, k44 : true, id : 6, k43 : true, k45 : '3UdgzS'}]->(n1);
MATCH (n0 {id : 3}), (n1 {id : 0}) MERGE(n0)-[r :T5{k71 : true, k70 : 1747472068, k73 : 536025663, k72 : false, id : 7, k68 : 1896730192, k69 : false}]->(n1);
MATCH (n0 {id : 0}), (n1 {id : 1}) MERGE(n0)-[r :T5{k71 : true, k70 : -1047993351, id : 8, k68 : -1038444053, k69 : true}]->(n1);
MATCH (n0 {id : 2}), (n1 {id : 0}) MERGE(n0)-[r :T0{k40 : 227683612, k42 : -669179114, k41 : -785497515, k44 : false, id : 9, k43 : true}]->(n1);
MATCH (n0 {id : 1}), (n1 {id : 2}) MERGE(n0)-[r :T3{k60 : true, k61 : 'T', id : 10, k57 : 'r', k56 : 793636709, k58 : 'n'}]->(n1);
CREATE ({id:11})<-[r0 :T5{k71:true, id:12}]-(n0{id:13})<-[r1 :T0{id:14}]-({k21:NULL, id:15}) MERGE ({id:16})-[r2 :T3{id:17}]-(n1{id:18})-[r3 :T0{id:19}]-(n2{id:20}) CREATE (n3{id:21})-[ :T5{k71:((679195591-(r3.k42)) < (CASE WHEN (r3.k43) THEN (r3.k42) END*1915411123)), id:22}]->(n4{id:23}) RETURN n2 AS a0, relationships(NULL)[toIntegerOrNull(abs((r3.k42)))] AS a1;
CREATE ( { id : CASE WHEN TRUE THEN 11 END } ) < - [ r0 : T5 { k71 : true , id : 12 } ] - ( n0 { id : 13 } ) < - [ r1 : T0 { id : 14 } ] - ( { k21 : NULL , id : 15 } ) MERGE ( { id : 16 } ) - [ r2 : T3 { id : 17 } ] - ( n1 { id : 18 } ) - [ r3 : T0 { id : CASE WHEN TRUE THEN 19 END } ] - ( n2 { id : 20 } ) WITH * UNWIND 1 as l0 CREATE ( n3 { id : 21 } ) - [ : T5 { k71 : CASE WHEN TRUE THEN ( ( 679195591 - ( r3 . k42 ) ) < ( CASE WHEN ( r3 . k43 ) THEN ( r3 . k42 ) END * 1915411123 ) ) END , id : 22 } ] - > ( n4 { id : CASE WHEN FALSE THEN NULL ELSE 23 END } ) RETURN n2 AS a0 , relationships ( NULL ) [ toIntegerOrNull ( abs ( ( r3 . k42 ) ) ) ] AS a1 ;
MATCH (a) RETURN count(a);
MATCH (b)-[a]->(c) RETURN count(a);
MATCH (b)-[a]->(c) RETURN count(a);
MATCH (n0) SET n0.k=true SET n0.k=NULL RETURN 1 AS a0;
MATCH ( n0 ) WITH * SET n0 . k = true WITH * OPTIONAL MATCH ()-[:TYPE]-() SET n0 . k = NULL RETURN DISTINCT CASE WHEN TRUE THEN 1 END AS a0 ;
