-- Time: 2024/04/11 14:12:39
-- Database: janusgraph_database795
-- Database version: composite
-- seed value: 1712812407319
CREATE (n0 :L4{k28 : false, k27 : -1028587075, k29 : 'pkVT', id : 0, k24 : false, k25 : false});
CREATE (n0 :L2{k17 : 'ljLXeXLlH', k16 : true, k11 : true, id : 1, k12 : 'e', k15 : 'X', k14 : 206881544});
CREATE (n0 :L3{k19 : -1522695902, k18 : false, k20 : 'K1iJcI6T', k22 : 'l4q', id : 2, k21 : false});
CREATE (n0 :L4{k28 : true, k27 : 842176120, k29 : 'x', id : 3, k24 : false, k26 : false});
MATCH (n0 {id : 3}), (n1 {id : 2}) MERGE(n0)-[r :T0{k39 : 'H', k38 : false, k40 : 'U', k41 : false, id : 4, k35 : '6', k37 : 'oBBsAnWz', k36 : -1090888614}]->(n1);
MATCH (n0 {id : 1}), (n1 {id : 3}) MERGE(n0)-[r :T4{k60 : false, k62 : false, k61 : -1783302295, k64 : true, k63 : '7', id : 5, k59 : 'gv'}]->(n1);
MATCH (n0 {id : 3}), (n1 {id : 2}) MERGE(n0)-[r :T4{k60 : false, k62 : false, k64 : true, k63 : 'fM', id : 6, k59 : '4'}]->(n1);
MATCH (n0 {id : 0}), (n1 {id : 2}) MERGE(n0)-[r :T3{k53 : false, k52 : '1ZO', k55 : false, id : 7, k54 : 'K', k57 : 571807188, k56 : '2M'}]->(n1);
MATCH (n0 {id : 2}), (n1 {id : 3}) MERGE(n0)-[r :T5{k71 : true, k70 : 'zFPg', k66 : -257102099, id : 8, k65 : 'e9', k68 : 'i', k67 : true, k69 : 'P78R'}]->(n1);
UNWIND ['fA', NULL] AS a0 MERGE p0=({k23:'L', id:9}) MERGE ({id:10})-[r0 :T5{id:11}]-(n0 :L2{id:12}) RETURN a0 AS a1;
UNWIND [ 'fA' , NULL ] AS a0 WITH * MERGE p0 = ( { k23 : CASE WHEN FALSE THEN NULL ELSE 'L' END , id : 9 } ) WITH * OPTIONAL MATCH ()-[:TYPE]-() MERGE ( { id : 10 } ) - [ r0 : T5 { id : 11 } ] - ( n0 : L2 { id : CASE WHEN TRUE THEN 12 END } ) RETURN a0 AS a1 ;
MATCH (a) RETURN count(a);
MATCH (b)-[a]->(c) RETURN count(a);
MATCH (b)-[a]->(c) RETURN count(a);
CREATE (n2 :L4{id:13})<-[ :T5{id:14}]-(n3{id:15}) MERGE (n4 :L3{id:16})-[ :T4{k63:'F', id:17}]-(n5{id:18}) CREATE (n6{k20:(n4.k20), id:19}), ({id:20})-[r3 :T0{id:21}]->(n7 :L2{id:22}) RETURN 1 AS a0;
CREATE ( n2 : L4 { id : CASE WHEN TRUE THEN 13 END } ) < - [ : T5 { id : CASE WHEN TRUE THEN 14 END } ] - ( n3 { id : 15 } ) WITH * MERGE ( n4 : L3 { id : 16 } ) - [ : T4 { k63 : 'F' , id : CASE WHEN FALSE THEN NULL ELSE 17 END } ] - ( n5 { id : 18 } ) WITH * CREATE ( n6 { k20 : ( n4 . k20 ) , id : 19 } ) CREATE ( { id : 20 } ) - [ r3 : T0 { id : 21 } ] - > ( n7 : L2 { id : 22 } ) WITH * OPTIONAL MATCH ()-[:TYPE]-() RETURN 1 AS a0 ;
