-- Time: 2024/04/11 13:37:05
-- Database: janusgraph_database314
-- Database version: composite
-- seed value: 1712812406837
CREATE (n0 {id : 0});
CREATE (n0 {id : 1});
CREATE (n0 {id : 2});
CREATE (n0 :L6{k40 : 1591323350, k42 : 907836654, k41 : 't2u', k44 : true, id : 3, k43 : 1719930599});
MATCH (n0 {id : 1}), (n1 {id : 1}) MERGE(n0)-[r :T0{k51 : 1483945978, k50 : 358318977, id : 4, k46 : true, k45 : 'OMzOKx', k48 : -632034276, k47 : false}]->(n1);
MATCH (n0 {id : 0}), (n1 {id : 3}) MERGE(n0)-[r :T2{k60 : 1020871615, k62 : false, k61 : -287995512, k64 : true, k63 : false, id : 5, k59 : 'E8LiGLQ', k58 : 1533173947}]->(n1);
MATCH (n0 {id : 0}), (n1 {id : 2}) MERGE(n0)-[r :T4{k71 : 'o', k70 : false, k73 : 1995962807, k72 : true, k75 : true, k74 : -520840605, id : 6}]->(n1);
MATCH (n0 {id : 0}), (n1 {id : 1}) MERGE(n0)-[r :T0{k49 : 958018606, k51 : 130973096, k50 : 1603096116, id : 7, k46 : true, k48 : 983697896, k47 : false}]->(n1);
WITH * WHERE (NULL AND NULL) CREATE p0=(n0{id:8}) MERGE (n1{id:9})-[r0 :T0{id:10}]-( :L6{id:11}) RETURN 1 AS a0;
WITH * WHERE ( NULL AND NULL ) CREATE p0 = ( n0 { id : CASE WHEN FALSE THEN NULL ELSE 8 END } ) MERGE ( n1 { id : 9 } ) - [ r0 : T0 { id : CASE WHEN TRUE THEN 10 END } ] - ( : L6 { id : 11 } ) RETURN 1 AS a0 ;
MATCH (a) RETURN count(a);
MATCH (b)-[a]->(c) RETURN count(a);
MATCH (b)-[a]->(c) RETURN count(a);
MERGE ( :L6{id:12}) CREATE ({id:13}) CREATE (n0{id:14}), (n1{id:15})-[r0 :T0{id:16}]->({id:17})-[r1 :T0{k46:toBooleanOrNull(NULL), id:18}]->(n2{id:19}) RETURN NULL AS a0, 1 AS a1;
MERGE ( : L6 { id : 12 } ) WITH * UNWIND 1 as l0 CREATE ( { id : 13 } ) WITH * OPTIONAL MATCH ()-[:TYPE]-() CREATE ( n0 { id : CASE WHEN FALSE THEN NULL ELSE 14 END } ) CREATE ( n1 { id : 15 } ) - [ r0 : T0 { id : 16 } ] - > ( { id : 17 } ) - [ r1 : T0 { k46 : toBooleanOrNull ( NULL ) , id : 18 } ] - > ( n2 { id : CASE WHEN FALSE THEN NULL ELSE 19 END } ) RETURN NULL AS a0 , 1 AS a1 ;
MATCH (a) RETURN count(a);
MATCH (a) RETURN count(a);
MATCH (b)-[a]->(c) RETURN count(a);
MATCH (b)-[a]->(c) RETURN count(a);
UNWIND NULL AS a0 MERGE (n0{id:20}) MERGE ({id:21}) RETURN n0 AS a1;
UNWIND NULL AS a0 MERGE ( n0 { id : 20 } ) MERGE ( { id : CASE WHEN TRUE THEN 21 END } ) WITH * UNWIND [NULL] as l0 RETURN n0 AS a1 LIMIT 1 ;
MATCH (a) RETURN count(a);
MATCH (a) RETURN count(a);
MATCH (b)-[a]->(c) RETURN count(a);
MATCH (b)-[a]->(c) RETURN count(a);
UNWIND [NULL] AS a0 OPTIONAL MATCH (n0) REMOVE n0.k2 RETURN 1 AS a1;
UNWIND [ NULL ] AS a0 WITH * OPTIONAL MATCH ( n0 ) REMOVE n0 . k2 RETURN CASE WHEN FALSE THEN NULL ELSE 1 END AS a1 ;
