-- Time: 2024/04/11 13:35:44
-- Database: janusgraph_database296
-- Database version: composite
-- seed value: 1712812406819
CREATE (n0 :L1{k5 : -256806800, id : 0, k6 : true, k7 : false, k8 : 150273235, k9 : false});
CREATE (n0 :L4{k27 : 572811399, k22 : false, id : 1, k21 : 256224332, k24 : 'Nbn', k23 : false, k26 : 'sw', k25 : 'dhXh'});
CREATE (n0 {id : 2});
CREATE (n0 :L1{k5 : -23416993, id : 3, k6 : false, k7 : false, k8 : -2002872298, k9 : true});
MATCH (n0 {id : 3}), (n1 {id : 2}) MERGE(n0)-[r :T3{k60 : -1794751736, k62 : 'C', k61 : 'P3SCS4', k64 : true, k63 : -1876313717, id : 4, k59 : -1023195260, k58 : 'J'}]->(n1);
MATCH (n0 {id : 2}), (n1 {id : 2}) MERGE(n0)-[r :T0{k42 : -265903769, k44 : false, id : 5, k43 : false, k46 : 787921301, k45 : 'm07G'}]->(n1);
MATCH (n0 {id : 2}), (n1 {id : 3}) MERGE(n0)-[r :T4{k66 : -1265202082, id : 6, k65 : true, k68 : -2088583531, k69 : -412072038}]->(n1);
MATCH (n0 {id : 1}), (n1 {id : 0}) MERGE(n0)-[r :T1{k51 : 'CzM', k50 : true, k52 : '1Tfp61ywd', id : 7, k48 : -1748453618, k47 : -583086491}]->(n1);
MATCH (n0 {id : 1}), (n1 {id : 2}) MERGE(n0)-[r :T3{k60 : 201117112, k62 : 'WVXdVL1W', k61 : 'r', id : 8, k59 : 1106548583, k58 : 'iKU46'}]->(n1);
MATCH (n0 {id : 1}), (n1 {id : 1}) MERGE(n0)-[r :T3{k60 : 1435578475, k62 : 'CMmo', k61 : '2', k64 : false, k63 : -820144835, id : 9, k59 : 208899601, k58 : '8'}]->(n1);
OPTIONAL MATCH p0=()<-[r0]-(n0)-[]-(n1) MERGE ( :L4{k25:reverse('Y1FUBI'), id:10})-[r1 :T3{id:11}]-( :L4{id:12}) SET n0.k='X7' RETURN 1 AS a0 UNION CREATE ({id:13}), (n0{id:14}) CREATE (n1{id:15}) CREATE (n2{id:16}) RETURN 1 AS a0;
OPTIONAL MATCH p0 = ( ) < - [ r0 ] - ( n0 ) - [ ] - ( n1 ) UNWIND 1 as l0 MERGE ( : L4 { k25 : reverse ( CASE WHEN FALSE THEN NULL ELSE 'Y1FUBI' END ) , id : CASE WHEN TRUE THEN 10 END } ) - [ r1 : T3 { id : 11 } ] - ( : L4 { id : 12 } ) WITH * FOREACH(f in [1]|SET n0 . k = 'X7' ) RETURN 1 AS a0 UNION CREATE ( { id : 13 } ) CREATE ( n0 { id : CASE WHEN TRUE THEN 14 END } ) WITH * UNWIND [1] as l1 CREATE ( n1 { id : 15 } ) WITH * CREATE ( n2 { id : 16 } ) RETURN CASE WHEN FALSE THEN NULL ELSE 1 END AS a0 SKIP 1 ;
MATCH (a) RETURN count(a);
MATCH (b)-[a]->(c) RETURN count(a);
MATCH (b)-[a]->(c) RETURN count(a);
MERGE ({id:17})<-[r0 :T4{id:18}]-({id:19})-[r1 :T3{id:20}]-( :L4{k25:'R', id:21}) DETACH DELETE r1  CREATE ( :L1{id:22})-[r2 :T3{k58:NULL, id:23}]->({id:24}), ({id:25})<-[r3 :T4{k66:-2018055940, id:26}]-(n0{id:27}) RETURN (r0.k66) AS a0, [x IN [true, (r0.k65)]] AS a1;
MERGE ( { id : 17 } ) < - [ r0 : T4 { id : 18 } ] - ( { id : 19 } ) - [ r1 : T3 { id : 20 } ] - ( : L4 { k25 : 'R' , id : 21 } ) DETACH DELETE r1 WITH * CREATE ( : L1 { id : 22 } ) - [ r2 : T3 { k58 : NULL , id : 23 } ] - > ( { id : 24 } ) CREATE ( { id : CASE WHEN FALSE THEN NULL ELSE 25 END } ) < - [ r3 : T4 { k66 : -2018055940 , id : 26 } ] - ( n0 { id : 27 } ) RETURN DISTINCT ( r0 . k66 ) AS a0 , [ x IN [ true , ( r0 . k65 ) ] ] AS a1 LIMIT 1 ;
MATCH (a) RETURN count(a);
MATCH (a) RETURN count(a);
MATCH (b)-[a]->(c) RETURN count(a);
MATCH (b)-[a]->(c) RETURN count(a);
WITH * CREATE p0=({id:28})<-[ :T3{id:29}]-(n0{k9:NULL, id:30}) CREATE (n1{id:31}), p1=(n2{id:32}) RETURN 1 AS a0, 1 AS a1;
WITH * OPTIONAL MATCH ()-[:TYPE]-() CREATE p0 = ( { id : 28 } ) < - [ : T3 { id : 29 } ] - ( n0 { k9 : CASE WHEN TRUE THEN NULL END , id : 30 } ) CREATE ( n1 { id : 31 } ) CREATE p1 = ( n2 { id : 32 } ) WITH * OPTIONAL MATCH ()-[:TYPE]-() RETURN 1 AS a0 , 1 AS a1 SKIP 1 ;
