-- Time: 2024/04/11 13:56:30
-- Database: janusgraph_database577
-- Database version: composite
-- seed value: 1712812407101
CREATE (n0 :L4{k28 : 'z', k29 : false, id : 0, k24 : -1954551228, k23 : true, k26 : 883949754, k25 : false});
CREATE (n0 {id : 1});
CREATE (n0 :L0{k0 : false, k1 : true, k2 : true, k3 : true, id : 2});
CREATE (n0 :L5{k31 : 'nAN0MFm', k30 : false, k33 : -2008119073, id : 3, k34 : -1252926385});
MATCH (n0 {id : 0}), (n1 {id : 1}) MERGE(n0)-[r :T4{k70 : true, k66 : true, id : 4, k65 : 'e', k68 : false, k67 : true, k69 : false}]->(n1);
MATCH (n0 {id : 1}), (n1 {id : 3}) MERGE(n0)-[r :T0{k40 : 2097843843, k41 : 'C', k44 : -570787280, id : 5, k43 : true, k46 : 'y2', k45 : 1877315167}]->(n1);
MATCH (n0 {id : 0}), (n1 {id : 3}) MERGE(n0)-[r :T5{k71 : 'rd', k73 : -442514943, k72 : true, k75 : 784554029, k74 : false, id : 6}]->(n1);
MATCH (n0 {id : 2}), (n1 {id : 1}) MERGE(n0)-[r :T3{k60 : true, k62 : '7oZ', k61 : '6', id : 7, k59 : '2L0nZ'}]->(n1);
MATCH (n0 {id : 3}), (n1 {id : 2}) MERGE(n0)-[r :T0{k40 : 1464811995, k42 : false, k41 : 'hWESRT', k44 : -866109491, id : 8, k43 : true, k46 : 'rs6oQTJ', k45 : -970571259}]->(n1);
MATCH (n0 {id : 3}), (n1 {id : 0}) MERGE(n0)-[r :T3{k60 : false, k62 : 'eQ', k61 : 'p', k63 : false, id : 9, k59 : '2'}]->(n1);
MATCH (n0 {id : 0}), (n1 {id : 0}) MERGE(n0)-[r :T5{k71 : 'H', k73 : 1280554614, k72 : true, k75 : 2041218266, k74 : false, id : 10}]->(n1);
CREATE ( :L4{id:11})-[ :T4{id:12}]->(n0{id:13})-[r0 :T0{k40:NULL, id:14}]->(n1{id:15}) MERGE ({k33:-425308354, id:16})-[r1 :T3{id:17}]->(n2{id:18})-[r2 :T4{id:19}]-(n3{id:20}) DETACH DELETE n2  RETURN n3 AS a0 SKIP 0;
CREATE ( : L4 { id : 11 } ) - [ : T4 { id : 12 } ] - > ( n0 { id : 13 } ) - [ r0 : T0 { k40 : NULL , id : 14 } ] - > ( n1 { id : CASE WHEN FALSE THEN NULL ELSE 15 END } ) MERGE ( { k33 : -425308354 , id : 16 } ) - [ r1 : T3 { id : 17 } ] - > ( n2 { id : 18 } ) - [ r2 : T4 { id : 19 } ] - ( n3 { id : 20 } ) DETACH DELETE n2 WITH * UNWIND 1 as l0 RETURN n3 AS a0 SKIP 0 ;
MATCH (a) RETURN count(a);
MATCH (b)-[a]->(c) RETURN count(a);
MATCH (b)-[a]->(c) RETURN count(a);
WITH DISTINCT 1051128492 AS a0 WHERE false UNWIND [NULL, relationships(NULL)[toIntegerOrNull(abs(a0))]] AS a1 MERGE ({id:21}) RETURN a1 AS a2, a0 AS a3 LIMIT 1;
WITH DISTINCT 1051128492 AS a0 WHERE false UNWIND CASE WHEN TRUE THEN [ CASE WHEN FALSE THEN NULL ELSE NULL END , relationships ( CASE WHEN TRUE THEN NULL END ) [ toIntegerOrNull ( abs ( CASE WHEN TRUE THEN a0 END ) ) ] ] END AS a1 MERGE pp0=( { id : 21 } ) RETURN a1 AS a2 , a0 AS a3 LIMIT 1 ;
MATCH (a) RETURN count(a);
MATCH (a) RETURN count(a);
MATCH (b)-[a]->(c) RETURN count(a);
MATCH (b)-[a]->(c) RETURN count(a);
UNWIND [NULL, '0'] AS a0 CREATE ({id:22})-[ :T3{k61:NULL, id:23}]->(n0{id:24})-[ :T0{id:25}]->({id:26}), p0=(n1 :L0{id:27}) CREATE (n2{k0:false, id:28}) RETURN 1 AS a1;
UNWIND ([ NULL , '0' ] +[]) AS a0 WITH * CREATE ( { id : 22 } ) - [ : T3 { k61 : NULL , id : 23 } ] - > ( n0 { id : 24 } ) - [ : T0 { id : 25 } ] - > ( { id : 26 } ) CREATE p0 = ( n1 : L0 { id : CASE WHEN TRUE THEN 27 END } ) CREATE ( n2 { k0 : false , id : 28 } ) RETURN DISTINCT 1 AS a1 ORDER BY TRUE SKIP 1 ;
