-- Time: 2024/04/11 14:04:30
-- Database: janusgraph_database685
-- Database version: composite
-- seed value: 1712812407209
CREATE (n0 {id : 0});
CREATE (n0 :L3{k19 : 'E', k18 : false, k20 : 888398846, k22 : 'O', id : 1});
CREATE (n0 :L2{k17 : false, k16 : true, id : 2, k13 : -318545134, k12 : false, k15 : 'SYb3', k14 : true});
CREATE (n0 {id : 3});
MATCH (n0 {id : 3}), (n1 {id : 3}) MERGE(n0)-[r :T4{k60 : -427130729, k62 : 'S', k61 : 2085197621, k64 : true, k63 : false, id : 4, k65 : true}]->(n1);
MATCH (n0 {id : 1}), (n1 {id : 1}) MERGE(n0)-[r :T5{k72 : 'E', k66 : 'zSVOwt', id : 5, k68 : 'V', k67 : 246267890, k69 : -1732911925}]->(n1);
MATCH (n0)<-[r0]-(n1) MERGE ({id:6})-[ :T5{id:7}]-({id:8}) SET n0.k=NULL RETURN n1 AS a0 UNION ALL MATCH (n0)-[r0]-(), p0=(n0)-[r0]->(n1) WHERE false REMOVE n0.k2 SET n0.k=NULL RETURN r0 AS a0;
MATCH ( n0 ) < - [ r0 ] - ( n1 ) MERGE ( { id : 6 } ) - [ : T5 { id : 7 } ] - ( { id : CASE WHEN TRUE THEN 8 END } ) SET n0 . k = NULL RETURN n1 AS a0 ORDER BY TRUE DESC UNION ALL MATCH ( n0 ) - [ r0 ] - ( ) ,p0 = ( n0 ) - [ r0 ] - > ( n1 ) WHERE false REMOVE n0 . k2 WITH * SET n0 . k = NULL RETURN r0 AS a0 ;
MATCH (a) RETURN count(a);
MATCH (b)-[a]->(c) RETURN count(a);
MATCH (b)-[a]->(c) RETURN count(a);
MERGE ({id:9}) MERGE ( :L2{k14:true, id:10}) MERGE (n0{id:11}) RETURN *, 1 AS a0;
MERGE ( { id : 9 } ) MERGE ( : L2 { k14 : true , id : 10 } ) MERGE ( n0 { id : 11 } ) WITH * RETURN * , 1 AS a0 ;
MATCH (a) RETURN count(a);
MATCH (a) RETURN count(a);
MATCH (b)-[a]->(c) RETURN count(a);
MATCH (b)-[a]->(c) RETURN count(a);
WITH [NULL, NULL] AS a0 CREATE ({id:12})-[ :T4{k61:a0, id:13}]->(n0{id:14}), ({id:15}) MERGE p0=(n1{id:16}) RETURN *, n1 AS a1 SKIP 1 LIMIT 0;
WITH ([ CASE WHEN TRUE THEN NULL END , NULL ] +[]) AS a0 WITH * CREATE ( { id : 12 } ) - [ : T4 { k61 : CASE WHEN FALSE THEN NULL ELSE a0 END , id : 13 } ] - > ( n0 { id : 14 } ) CREATE ( { id : 15 } ) MERGE p0 = ( n1 { id : 16 } ) WITH * OPTIONAL MATCH ()-[:TYPE]-() RETURN DISTINCT * , n1 AS a1 SKIP 1 LIMIT 0 ;
MATCH (a) RETURN count(a);
MATCH (a) RETURN count(a);
MATCH (b)-[a]->(c) RETURN count(a);
MATCH (b)-[a]->(c) RETURN count(a);
MATCH () WHERE false OPTIONAL MATCH () CREATE (n0{id:17}), ({id:18}) RETURN 1 AS a0, 1 AS a1;
MATCH ( ) WHERE false OPTIONAL MATCH ( ) WITH * CREATE ( n0 { id : 17 } ) CREATE ( { id : 18 } ) WITH * RETURN CASE WHEN TRUE THEN 1 END AS a0 , 1 AS a1 ;
