-- Time: 2024/04/11 13:34:33
-- Database: janusgraph_database280
-- Database version: composite
-- seed value: 1712812406803
CREATE (n0 :L2{k17 : false, k16 : -1223663247, k18 : false, id : 0, k13 : false, k12 : true, k15 : 'C', k14 : 'w'});
CREATE (n0 :L4{k28 : false, k29 : -34063334, k30 : 'OTeS2SL', id : 1, k24 : 'J', k26 : -410024377});
CREATE (n0 :L2{k17 : true, k16 : -2124111975, k18 : false, id : 2, k13 : false, k12 : true});
CREATE (n0 {id : 3});
MATCH (n0 {id : 3}), (n1 {id : 2}) MERGE(n0)-[r :T0{k39 : 'j', k40 : 'NO2jnCw', id : 4, k37 : -441339379, k36 : true}]->(n1);
MATCH (n0 {id : 3}), (n1 {id : 0}) MERGE(n0)-[r :T2{k49 : 'o', k51 : 781363513, k50 : 283849025, k53 : 'x', k55 : -712520599, id : 5}]->(n1);
CREATE p0=(n0{k29:toIntegerOrNull(NULL), id:6}), p1=(n1{id:7}) CREATE ({k25:toIntegerOrNull(NULL), id:8}) MERGE (n2{id:9}) RETURN 1 AS a0, 1 AS a1 ORDER BY NULL DESC;
CREATE p0 = ( n0 { k29 : toIntegerOrNull ( NULL ) , id : 6 } ) CREATE p1 = ( n1 { id : 7 } ) WITH * UNWIND [1] as l0 CREATE ( { k25 : toIntegerOrNull ( NULL ) , id : 8 } ) MERGE ( n2 { id : 9 } ) WITH * RETURN CASE WHEN FALSE THEN NULL ELSE 1 END AS a0 , CASE WHEN TRUE THEN 1 END AS a1 ORDER BY NULL DESC ;
MATCH (a) RETURN count(a);
MATCH (b)-[a]->(c) RETURN count(a);
MATCH (b)-[a]->(c) RETURN count(a);
MERGE ({id:10}) CREATE (n0 :L4{id:11}), (n1{k27:NULL, id:12}) MERGE (n2{k29:576436478, id:13}) RETURN -1592572296 AS a0;
MERGE ( { id : 10 } ) CREATE ( n0 : L4 { id : 11 } ) CREATE ( n1 { k27 : CASE WHEN FALSE THEN NULL ELSE NULL END , id : CASE WHEN TRUE THEN 12 END } ) MERGE pp0=( n2 { k29 : 576436478 , id : 13 } ) RETURN DISTINCT -1592572296 AS a0 ;
MATCH (a) RETURN count(a);
MATCH (a) RETURN count(a);
MATCH (b)-[a]->(c) RETURN count(a);
MATCH (b)-[a]->(c) RETURN count(a);
UNWIND [1938483804] AS a0 CREATE ( :L2{id:14})<-[ :T0{id:15}]-({id:16}) CREATE ({id:17}) RETURN *, 1 AS a1 SKIP 0;
UNWIND [ 1938483804 ] AS a0 OPTIONAL MATCH ()-[:TYPE]-() CREATE ( : L2 { id : 14 } ) < - [ : T0 { id : 15 } ] - ( { id : 16 } ) CREATE ( { id : 17 } ) RETURN * , 1 AS a1 SKIP 0 ;
