-- Time: 2024/04/11 13:15:22
-- Database: janusgraph_database24
-- Database version: composite
-- seed value: 1712812406505
CREATE (n0 :L1{id : 0, k6 : -238663152, k10 : false, k7 : false, k8 : '8', k9 : 150669011});
CREATE (n0 :L3{k17 : -1291347639, k16 : true, k19 : 276811349, k18 : 'X', k20 : -1951499972, id : 1});
CREATE (n0 :L1{id : 2, k6 : -1895180529, k10 : false, k7 : false, k8 : 'R', k9 : -1551302888});
CREATE (n0 :L4{k27 : 'l', k22 : 'a4l', id : 3, k24 : true, k23 : '5', k26 : false, k25 : 'Tp6iWUj'});
MATCH (n0 {id : 1}), (n1 {id : 3}) MERGE(n0)-[r :T0{k28 : 'gkp', k29 : false, k31 : -476807241, k30 : false, id : 4, k32 : 'bS'}]->(n1);
MATCH (n0 {id : 2}), (n1 {id : 3}) MERGE(n0)-[r :T1{k39 : 'od', k38 : -28286425, k33 : -716428075, id : 5, k35 : 'n', k34 : -1605908758, k37 : 'K', k36 : false}]->(n1);
MATCH (n0 {id : 0}), (n1 {id : 0}) MERGE(n0)-[r :T0{k28 : 't', k29 : false, k31 : -220109170, k30 : true, id : 6, k32 : '0'}]->(n1);
MATCH (n0 {id : 0}), (n1 {id : 2}) MERGE(n0)-[r :T1{k39 : 'FyMA', k38 : -1229745291, k33 : 1511221869, id : 7, k35 : 'n', k34 : -2140755792, k37 : 'G', k36 : false}]->(n1);
MERGE ( :L1{id:8})-[r0 :T0{id:9}]->(n0 :L1{k10:true, id:10})-[r1 :T1{id:11}]->(n1 :L1{id:12}) CREATE (n2{id:13})-[r2 :T0{k31:(n1.k6), id:14}]->(n3{id:15}), ({id:16}) DETACH DELETE n0  RETURN (n1.k9) AS a0, 1 AS a1 ORDER BY [[(n1.k8), '74RrI6u'], NULL] DESC;
MERGE ( : L1 { id : 8 } ) - [ r0 : T0 { id : 9 } ] - > ( n0 : L1 { k10 : true , id : 10 } ) - [ r1 : T1 { id : 11 } ] - > ( n1 : L1 { id : 12 } ) WITH * CREATE (n3{id:15})<-[ r2 : T0 { k31 : ( n1 . k6 ) , id : 14 } ] -( n2 { id : 13 } ) CREATE ( { id : 16 } ) WITH * OPTIONAL MATCH ()-[:TYPE]-() WITH * CALL{WITH *DETACH DELETE CASE WHEN TRUE THEN n0 END } WITH * UNWIND 1 as l0 RETURN ( n1 . k9 ) AS a0 , 1 AS a1 ORDER BY [[(n1.k8), '74RrI6u'], NULL] DESC ;
MATCH (a) RETURN count(a);
MATCH (b)-[a]->(c) RETURN count(a);
MATCH (b)-[a]->(c) RETURN count(a);
CREATE p0=(n0 :L3{id:17}), ({id:18})<-[ :T1{id:19}]-(n1{id:20}) CREATE p1=(n2{id:21})-[r0 :T0{id:22}]->(n3 :L4{k26:false, id:23})<-[r1 :T1{k35:toStringList([NULL, NULL])[toIntegerOrNull(abs(NULL))], id:24}]-({id:25}) MERGE p2=(n4 :L1{id:26}) RETURN *, 1 AS a0 SKIP 1;
CREATE p0 = ( n0 : L3 { id : CASE WHEN FALSE THEN NULL ELSE 17 END } ) CREATE ( { id : 18 } ) < - [ : T1 { id : 19 } ] - ( n1 { id : 20 } ) CREATE p1 = ( n2 { id : 21 } ) - [ r0 : T0 { id : CASE WHEN FALSE THEN NULL ELSE 22 END } ] - > ( n3 : L4 { k26 : false , id : 23 } ) < - [ r1 : T1 { k35 : toStringList ( [ NULL , NULL ] ) [ toIntegerOrNull ( abs ( NULL ) ) ] , id : 24 } ] - ( { id : CASE WHEN TRUE THEN 25 END } ) MERGE p2 = ( n4 : L1 { id : 26 } ) RETURN * , CASE WHEN FALSE THEN NULL ELSE 1 END AS a0 SKIP 1 ;
MATCH (a) RETURN count(a);
MATCH (a) RETURN count(a);
MATCH (b)-[a]->(c) RETURN count(a);
MATCH (b)-[a]->(c) RETURN count(a);
CREATE ({id:27})-[r0 :T0{id:28}]->({id:29}) CREATE ( :L3{id:30})-[ :T0{id:31}]->(n0{id:32}), (n1{id:33}) CREATE ({k27:NULL, id:34})<-[ :T1{id:35}]-(n2{id:36})<-[ :T1{k34:1521155118, id:37}]-(n3{id:38}), (n4{id:39}) RETURN 1 AS a0, 1 AS a1 LIMIT 1;
CREATE ( { id : 27 } ) - [ r0 : T0 { id : 28 } ] - > ( { id : 29 } ) WITH * UNWIND [NULL] as l0 CREATE (m0: L3 { id : 30 } )CREATE (m0)- [ : T0 { id : 31 } ] - > ( n0 { id : 32 } ) CREATE ( n1 { id : 33 } ) WITH * CREATE (n3{id:38})-[ : T1 { k34 : 1521155118 , id : 37 } ] ->(n2{id:36})-[ : T1 { id : 35 } ] ->( { k27 : CASE WHEN FALSE THEN NULL ELSE NULL END , id : 34 } ) CREATE ( n4 { id : 39 } ) RETURN 1 AS a0 , 1 AS a1 LIMIT 1 ;
