-- Time: 2024/04/11 13:28:08
-- Database: janusgraph_database193
-- Database version: composite
-- seed value: 1712812406716
CREATE (n0 :L6{k39 : false, k38 : 'Hq', k33 : 22769176, id : 0, k35 : 'Z', k36 : false});
CREATE (n0 :L5{k28 : 747707743, k27 : 'lk6Pj', k29 : true, k31 : 885997321, id : 1, k32 : false});
CREATE (n0 :L6{k39 : false, k38 : 'f', k33 : 191231252, id : 2, k34 : 'yS', k37 : 2085053118});
CREATE (n0 :L1{k5 : true, k11 : true, id : 3, k10 : true, k7 : false, k8 : true, k9 : true});
MATCH (n0 {id : 3}), (n1 {id : 1}) MERGE(n0)-[r :T0{k40 : 1766527475, k42 : 491563688, k41 : 'a', k44 : -1037098839, id : 4}]->(n1);
MATCH (n0 {id : 3}), (n1 {id : 3}) MERGE(n0)-[r :T3{k60 : false, k62 : -17886250, k61 : false, k63 : true, id : 5, k58 : true}]->(n1);
MATCH (n0 {id : 0}), (n1 {id : 2}) MERGE(n0)-[r :T2{k51 : 'psvEUx', k53 : 2130565493, k52 : -1583746608, id : 6, k54 : 10266744, k57 : false, k56 : 'lhQ0hn'}]->(n1);
MATCH (n0 {id : 3}), (n1 {id : 2}) MERGE(n0)-[r :T2{k51 : 'F', k53 : -135385002, k52 : -2047944993, k55 : 478986256, id : 7, k57 : false, k56 : 'R'}]->(n1);
MATCH (n0 {id : 3}), (n1 {id : 1}) MERGE(n0)-[r :T4{k64 : 2140961633, id : 8, k65 : 'PI', k68 : -1474661893, k67 : 1010346316}]->(n1);
CREATE p0=({id:9})<-[r0 :T4{id:10}]-( :L1{id:11}), p1=( :L6{id:12})<-[ :T2{id:13}]-({id:14}) MERGE ( :L1{k7:false, id:15}) CREATE p2=({k35:toStringOrNull(-787922394), id:16}), (n0{id:17}) RETURN [p3=( :L1)-[r1]-() WHERE true|relationships(p3)[toIntegerOrNull(abs(toIntegerOrNull(false)))]] AS a0, 1 AS a1;
CREATE (m0{ id : 9 } )CREATE (m0)< - [ r0 : T4 { id : 10 } ] - ( : L1 { id : CASE WHEN FALSE THEN NULL ELSE 11 END } ) CREATE p1 = ( : L6 { id : 12 } ) < - [ : T2 { id : CASE WHEN TRUE THEN 13 END } ] - ( { id : 14 } ) WITH * MERGE ( : L1 { k7 : false , id : 15 } ) WITH * OPTIONAL MATCH ()-[:TYPE]-() CREATE p2 = ( { k35 : toStringOrNull ( -787922394 ) , id : 16 } ) CREATE ( n0 { id : 17 } ) RETURN [ p3 = ( : L1 ) - [ r1 ] - ( ) WHERE CASE WHEN TRUE THEN true END | relationships ( p3 ) [ toIntegerOrNull ( abs ( toIntegerOrNull ( false ) ) ) ] ] AS a0 , 1 AS a1 ;
MATCH (a) RETURN count(a);
MATCH (b)-[a]->(c) RETURN count(a);
MATCH (b)-[a]->(c) RETURN count(a);
UNWIND [CASE WHEN true THEN NULL END, NULL] AS a0 MATCH (), (n0)-[r0 :T3{k62:CASE WHEN exists(( :L6{k35:substring(NULL, toIntegerOrNull(abs(NULL)), toIntegerOrNull(abs(-1054032726)))})<-[]-()-[{k65:NULL}]->()) THEN -678211567 END}]-()-[r1]->() WHERE true SET n0.k=-1070388252 RETURN r0 AS a1, n0 AS a2;
UNWIND [ CASE WHEN true THEN NULL END , NULL ] AS a0 OPTIONAL MATCH ()-[:TYPE]-() MATCH (),(n0),()<-[r0:T3{k62:CASE WHEN exists(( :L6{k35:substring(NULL, toIntegerOrNull(abs(NULL)), toIntegerOrNull(abs(-1054032726)))})<-[]-()-[{k65:NULL}]->()) THEN -678211567 END}]-(),(nn0),()-[r1]->(),(nn1) WHERE exists((n0)-[r0]-(nn0)-[r1]->(nn1)) AND (true )SET n0 . k = -1070388252 WITH * UNWIND 1 as l0 RETURN r0 AS a1 , n0 AS a2 LIMIT 1 ;
MATCH (a) RETURN count(a);
MATCH (a) RETURN count(a);
MATCH (b)-[a]->(c) RETURN count(a);
MATCH (b)-[a]->(c) RETURN count(a);
CREATE ({id:18})-[ :T0{id:19}]->(n0{id:20})<-[r0 :T4{k68:size(toIntegerList([x IN [NULL, NULL]])), id:21}]-({id:22}) CREATE ( :L1{id:23})-[r1 :T2{id:24}]->(n1{id:25})<-[ :T2{id:26}]-(n2{id:27}), ( :L5{k28:NULL, id:28})<-[r2 :T0{id:29}]-(n3{k8:NULL, id:30}) MERGE p0=( :L5{id:31}) RETURN 1 AS a0;
CREATE ( { id : 18 } ) - [ : T0 { id : 19 } ] - > ( n0 { id : 20 } ) < - [ r0 : T4 { k68 : size ( toIntegerList ( [ x IN ([ NULL , NULL ] +[]) ] ) ) , id : 21 } ] - ( { id : 22 } ) CREATE ( : L1 { id : 23 } ) - [ r1 : T2 { id : 24 } ] - > ( n1 { id : CASE WHEN FALSE THEN NULL ELSE 25 END } ) < - [ : T2 { id : 26 } ] - ( n2 { id : 27 } ) CREATE ( : L5 { k28 : NULL , id : CASE WHEN TRUE THEN 28 END } ) < - [ r2 : T0 { id : 29 } ] - ( n3 { k8 : NULL , id : 30 } ) MERGE p0 = ( : L5 { id : CASE WHEN FALSE THEN NULL ELSE 31 END } ) RETURN 1 AS a0 ;
MATCH (a) RETURN count(a);
MATCH (a) RETURN count(a);
MATCH (b)-[a]->(c) RETURN count(a);
MATCH (b)-[a]->(c) RETURN count(a);
CREATE ( :L6{id:32})-[ :T2{k54:(NULL/-1023815180), id:33}]->(n0 :L6{id:34}) CREATE ({id:35}), p0=(n1{id:36}) CREATE (n2{id:37})-[ :T2{id:38}]->({id:39}) RETURN 1 AS a0, [NULL] AS a1;
CREATE (m0: L6 { id : 32 } )CREATE (m0)- [ : T2 { k54 : ( CASE WHEN FALSE THEN NULL ELSE NULL / -1023815180 END ) , id : 33 } ] - > ( n0 : L6 { id : 34 } ) CREATE ( { id : 35 } ) CREATE p0 = ( n1 { id : 36 } ) WITH * CREATE (n2{ id : 37 } )CREATE (n2)- [ : T2 { id : 38 } ] - > ( { id : 39 } ) RETURN DISTINCT 1 AS a0 , [ NULL ] AS a1 ORDER BY TRUE ;
