-- Time: 2024/04/11 14:30:05
-- Database: janusgraph_database1030
-- Database version: composite
-- seed value: 1712812407555
CREATE (n0 {id : 0});
CREATE (n0 :L3{k19 : -2058636157, k18 : true, k20 : 57325260, k22 : 'A', id : 1, k21 : 1029889878});
CREATE (n0 :L0{k0 : -1022343687, k1 : 2021190703, k2 : 'o', k3 : false, k4 : false, k5 : true, id : 2, k6 : true});
CREATE (n0 :L2{k17 : false, k16 : '7', id : 3, k13 : true, k12 : 'xQOQ', k15 : -1295124883, k14 : false});
MATCH (n0 {id : 3}), (n1 {id : 0}) MERGE(n0)-[r :T0{k31 : false, k30 : true, k33 : 'a', id : 4, k32 : false, k34 : true}]->(n1);
MATCH (n0 {id : 3}), (n1 {id : 0}) MERGE(n0)-[r :T3{k49 : 'E', k51 : true, k50 : true, k52 : true, id : 5, k46 : 'u', k48 : -1778551726, k47 : '5'}]->(n1);
MATCH (n0 {id : 2}), (n1 {id : 1}) MERGE(n0)-[r :T4{k55 : true, id : 6, k54 : '0', k57 : -1955415333, k56 : true}]->(n1);
MATCH ( :L2{k12:NULL})-[r0 :T0{k31:(type(NULL) CONTAINS elementId(NULL))}]-() WHERE CASE WHEN true THEN (r0.k31) END MATCH (n0)-[]-(), ()-[]->(n1) WHERE (r0.k34) REMOVE n0.k2 RETURN n0 AS a0 LIMIT 0;
MATCH (nn0:L2),()<-[r0:T0{k31:(type(NULL) CONTAINS elementId(NULL))}]-(),(nn1) WHERE exists((nn0{k12:NULL})-[r0]-(nn1)) AND (CASE WHEN true THEN ( r0 . k31 ) END )MATCH ( n0 ) - [ ] - ( ) ,( ) - [ ] - > ( n1 ) WHERE ( r0 . k34 ) REMOVE n0 . k2 RETURN n0 AS a0 LIMIT 0 ;
MATCH (a) RETURN count(a);
MATCH (b)-[a]->(c) RETURN count(a);
MATCH (b)-[a]->(c) RETURN count(a);
WITH * WHERE (NULL OR NULL) MERGE ({id:7})-[r0 :T0{k33:'aF', id:8}]-({k15:1546719215, id:9})-[r1 :T3{id:10}]->({id:11}) CREATE ({id:12})<-[r2 :T0{k34:(r0.k32), id:13}]-(n0{id:14})-[r3 :T3{id:15}]->({id:16}) RETURN 1 AS a0;
WITH * WHERE ( NULL OR NULL ) MERGE ( { id : 7 } ) - [ r0 : T0 { k33 : 'aF' , id : 8 } ] - ( { k15 : 1546719215 , id : 9 } ) - [ r1 : T3 { id : 10 } ] - > ( { id : 11 } ) WITH * UNWIND [NULL] as l0 CREATE ({id:16})<-[ r3 : T3 { id : 15 } ] -(n0{id:14})-[ r2 : T0 { k34 : CASE WHEN TRUE THEN ( r0 . k32 ) END , id : 13 } ] ->( { id : 12 } ) WITH * OPTIONAL MATCH ()-[:TYPE]-() RETURN 1 AS a0 ;
MATCH (a) RETURN count(a);
MATCH (a) RETURN count(a);
MATCH (b)-[a]->(c) RETURN count(a);
MATCH (b)-[a]->(c) RETURN count(a);
WITH '4' AS a0 MERGE (n0{id:17}) REMOVE n0.k2 RETURN 1 AS a1;
WITH '4' AS a0 MERGE ( n0 { id : 17 } ) REMOVE n0 . k2 RETURN 1 AS a1 ;
