-- Time: 2024/04/11 13:22:04
-- Database: janusgraph_database111
-- Database version: composite
-- seed value: 1712812406593
CREATE (n0 {id : 0});
CREATE (n0 :L3{k18 : 931911067, k20 : true, k22 : '5rB', id : 1, k21 : 1323902209, k24 : 'o', k23 : 'h'});
CREATE (n0 :L1{id : 2, k6 : true, k10 : -986533019, k7 : 'bhSalO', k8 : 'XU', k12 : true});
CREATE (n0 {id : 3});
MATCH (n0 {id : 1}), (n1 {id : 2}) MERGE(n0)-[r :T4{k53 : true, k52 : true, k55 : '9K', id : 4, k54 : true}]->(n1);
MATCH (n0 {id : 3}), (n1 {id : 0}) MERGE(n0)-[r :T2{k44 : 1310181838, id : 5, k43 : -57910977, k46 : '2', k45 : false}]->(n1);
MATCH (n0 {id : 1}), (n1 {id : 1}) MERGE(n0)-[r :T6{k64 : true, k63 : -2075031482, k66 : true, id : 6, k65 : 1984613686, k67 : false}]->(n1);
MATCH (n0 {id : 0}), (n1 {id : 3}) MERGE(n0)-[r :T0{k31 : 671577629, k33 : true, id : 7, k32 : 1748007179, k35 : -1239378531, k34 : -1539380261}]->(n1);
MATCH (n0 {id : 2}), (n1 {id : 0}) MERGE(n0)-[r :T0{k31 : -708333869, k33 : true, id : 8, k32 : -1809329119, k35 : -2117045953, k34 : 822953230}]->(n1);
MATCH (n0 {id : 3}), (n1 {id : 3}) MERGE(n0)-[r :T2{k42 : -1780906687, k44 : -468056243, id : 9, k43 : 837934135, k46 : '9w0McjC'}]->(n1);
MATCH (n0 {id : 1}), (n1 {id : 2}) MERGE(n0)-[r :T5{k60 : 825127038, k62 : 'F', k61 : 'M', id : 10, k59 : -866675672, k58 : false}]->(n1);
UNWIND NULL AS a0 UNWIND NULL AS a1 MERGE ({id:11})-[r0 :T2{id:12}]->({id:13})-[r1 :T0{id:14}]-(n0{id:15}) RETURN 1 AS a2 LIMIT 0;
UNWIND NULL AS a0 WITH * UNWIND CASE WHEN TRUE THEN NULL END AS a1 OPTIONAL MATCH ()-[:TYPE]-() MERGE pp0=( { id : 11 } ) - [ r0 : T2 { id : 12 } ] - > ( { id : 13 } ) - [ r1 : T0 { id : 14 } ] - ( n0 { id : 15 } ) WITH * UNWIND [NULL] as l0 RETURN 1 AS a2 LIMIT 0 ;
MATCH (a) RETURN count(a);
MATCH (b)-[a]->(c) RETURN count(a);
MATCH (b)-[a]->(c) RETURN count(a);
MERGE (n0{id:16})-[r0 :T2{id:17}]->(n1{id:18}) REMOVE n1.k2 SET n0.k=(r0.k44) RETURN 1 AS a0, 1 AS a1;
MERGE ( n0 { id : 16 } ) - [ r0 : T2 { id : 17 } ] - > ( n1 { id : 18 } ) WITH * REMOVE n1 . k2 WITH * SET n0 . k = ( r0 . k44 ) RETURN 1 AS a0 , 1 AS a1 ;
