-- Time: 2024/04/11 14:34:46
-- Database: janusgraph_database1093
-- Database version: composite
-- seed value: 1712812407618
CREATE (n0 {id : 0});
CREATE (n0 {id : 1});
CREATE (n0 :L3{k17 : true, k19 : 'C', k18 : false, k20 : 323795809, id : 2, k21 : 'A'});
CREATE (n0 {id : 3});
MATCH (n0 {id : 2}), (n1 {id : 3}) MERGE(n0)-[r :T0{k39 : 'Z2', k38 : 766990617, k40 : true, k42 : false, k41 : false, id : 4}]->(n1);
MATCH (n0 {id : 2}), (n1 {id : 2}) MERGE(n0)-[r :T4{k60 : -622572023, k62 : false, k61 : false, k64 : false, k63 : 1833079190, id : 5, k65 : 'w', k59 : true}]->(n1);
MERGE ( :L3{id:6})-[r0 :T0{k37:'h', id:7}]-(n0{id:8}) REMOVE n0.k2 REMOVE n0.k2 RETURN 1 AS a0, n0 AS a1 UNION WITH * LIMIT 1 CREATE (n0{id:9})-[ :T4{k63:NULL, id:10}]->(n1 :L3{id:11})-[ :T0{id:12}]->(n2{id:13}) CREATE (n3{id:14})-[ :T4{id:15}]->( :L3{id:16}), (n4{id:17})<-[r0 :T0{id:18}]-({id:19}) RETURN 1 AS a0, NULL AS a1;
MERGE ( : L3 { id : 6 } ) - [ r0 : T0 { k37 : 'h' , id : 7 } ] - ( n0 { id : 8 } ) REMOVE n0 . k2 WITH * CALL{WITH *REMOVE n0 . k2 } RETURN 1 AS a0 , n0 AS a1 UNION WITH * LIMIT 1 UNWIND 1 as l0 CREATE ( n0 { id : 9 } ) - [ : T4 { k63 : NULL , id : 10 } ] - > ( n1 : L3 { id : 11 } ) - [ : T0 { id : 12 } ] - > ( n2 { id : 13 } ) CREATE (n3{ id : 14 } )CREATE (n3)- [ : T4 { id : CASE WHEN FALSE THEN NULL ELSE 15 END } ] - > ( : L3 { id : 16 } ) CREATE ( n4 { id : 17 } ) < - [ r0 : T0 { id : 18 } ] - ( { id : 19 } ) WITH * RETURN 1 AS a0 , NULL AS a1 LIMIT 1 ;
MATCH (a) RETURN count(a);
MATCH (b)-[a]->(c) RETURN count(a);
MATCH (b)-[a]->(c) RETURN count(a);
WITH DISTINCT collect(NULL) AS a0 SKIP 0 LIMIT 0 MERGE p0=({id:20}) CREATE ({id:21}) RETURN * LIMIT 0;
WITH DISTINCT collect ( NULL ) AS a0 SKIP 0 LIMIT 0 WITH * MERGE p0 = ( { id : 20 } ) WITH * OPTIONAL MATCH ()-[:TYPE]-() CREATE ( { id : 21 } ) WITH * RETURN * ORDER BY 1 LIMIT 0 ;
MATCH (a) RETURN count(a);
MATCH (a) RETURN count(a);
MATCH (b)-[a]->(c) RETURN count(a);
MATCH (b)-[a]->(c) RETURN count(a);
MERGE (n1{id:22}) CREATE ({id:23}), (n2{id:24}) REMOVE n1.k2 RETURN DISTINCT 1 AS a2;
MERGE pp0=( n1 { id : 22 } ) CREATE ( { id : 23 } ) CREATE ( n2 { id : 24 } ) WITH * OPTIONAL MATCH ()-[:TYPE]-() REMOVE n1 . k2 WITH * UNWIND [1] as l0 RETURN DISTINCT 1 AS a2 ;
