-- Time: 2024/04/11 13:53:52
-- Database: janusgraph_database541
-- Database version: composite
-- seed value: 1712812407065
CREATE (n0 :L4{k28 : 'SUA', k27 : 956585140, k29 : 122742229, id : 0, k25 : -833832379});
CREATE (n0 {id : 1});
CREATE (n0 :L1{k11 : 1012540999, id : 2, k6 : false, k10 : 'J', k7 : -1806801366, k8 : 427141586, k12 : true, k9 : false});
CREATE (n0 :L1{k11 : -1751768964, id : 3, k6 : true, k7 : 776705365, k8 : -1827768607, k12 : true, k9 : true});
MATCH (n0 {id : 2}), (n1 {id : 2}) MERGE(n0)-[r :T0{k31 : 'XA', k30 : 'GEhNf', k33 : 1806187961, id : 4, k32 : -1431479287, k35 : 555575156, k34 : -2011244709}]->(n1);
MATCH (n0 {id : 0}), (n1 {id : 2}) MERGE(n0)-[r :T1{k39 : 'o', k38 : 38345923, k40 : 'LC', id : 5, k37 : -412659124, k36 : true}]->(n1);
MATCH (n0 {id : 1}), (n1 {id : 3}) MERGE(n0)-[r :T1{k39 : 'py34ZMs5O', k40 : 'p', id : 6, k37 : -1076340697, k36 : true}]->(n1);
MATCH (n0 {id : 0}), (n1 {id : 0}) MERGE(n0)-[r :T6{k66 : '7', id : 7, k65 : '5', k68 : -1983243494, k67 : -915203806, k69 : false}]->(n1);
MATCH (n0 {id : 3}), (n1 {id : 1}) MERGE(n0)-[r :T3{k49 : 2091791442, k51 : 979869861, k52 : -876585426, id : 8, k48 : false, k47 : -1470935338}]->(n1);
MATCH (n0 {id : 1}), (n1 {id : 0}) MERGE(n0)-[r :T6{k66 : 'M', id : 9, k65 : 'h', k68 : -105755221, k67 : 1082941211, k69 : true}]->(n1);
MATCH (n0 {id : 0}), (n1 {id : 1}) MERGE(n0)-[r :T5{k60 : 1981062871, k62 : false, k61 : true, k63 : 'DuObQ9uHV', id : 10, k59 : -484853172}]->(n1);
MATCH ()-[]-(n0) REMOVE n0.k2 DETACH DELETE n0  RETURN 1 AS a0, 1 AS a1 LIMIT 1;
MATCH ( ) - [ ] - ( n0 ) REMOVE n0 . k2 WITH * CALL{WITH *DETACH DELETE n0 } WITH * UNWIND 1 as l0 RETURN 1 AS a0 , 1 AS a1 SKIP 1 LIMIT 1 ;
MATCH (a) RETURN count(a);
MATCH (b)-[a]->(c) RETURN count(a);
MATCH (b)-[a]->(c) RETURN count(a);
MATCH (n0)-[]-(n1) MATCH ( :L1)<-[r0 :T1{k37:NULL}]-(n2) SET n2.k=NULL RETURN 1 AS a0;
MATCH ( n0 ) - [ ] - ( n1 ) WITH * OPTIONAL MATCH ()-[:TYPE]-() MATCH (nn0:L1),()<-[r0:T1{k37:NULL}]-(),(n2) WHERE exists((nn0)<-[r0]-(n2)) SET n2 . k = NULL RETURN 1 AS a0 ;
