-- Time: 2024/04/11 14:12:52
-- Database: janusgraph_database798
-- Database version: composite
-- seed value: 1712812407322
CREATE (n0 :L2{k17 : false, k16 : 'G2i', k18 : -1476540062, id : 0, k13 : 'tknKuMA1y', k12 : false, k15 : 'D', k14 : false});
CREATE (n0 :L2{k16 : '0MKz87Atk', k18 : -149496569, id : 1, k13 : 'I', k12 : true, k15 : '9yCX', k14 : true});
CREATE (n0 :L4{k27 : 2117562011, id : 2, k26 : false, k25 : 634912012});
CREATE (n0 :L3{k19 : 'qK', k20 : 1034359086, k22 : false, id : 3, k21 : 'ip', k23 : 'S16K2A'});
MATCH (n0 {id : 3}), (n1 {id : 1}) MERGE(n0)-[r :T2{k49 : true, k51 : 947432008, k52 : true, id : 4, k46 : false, k48 : -1716342645, k47 : false}]->(n1);
MATCH (n0 {id : 1}), (n1 {id : 1}) MERGE(n0)-[r :T0{k38 : 'u', id : 5, k34 : false, k37 : 'IN', k36 : 'vAOj93gXk'}]->(n1);
MATCH (n0 {id : 2}), (n1 {id : 3}) MERGE(n0)-[r :T0{k38 : 'EMoV', id : 6, k35 : -1576471186, k34 : false, k37 : 'I4EdvCgox', k36 : 'oF5uSLb'}]->(n1);
MATCH (n0 {id : 1}), (n1 {id : 2}) MERGE(n0)-[r :T2{k49 : true, k51 : -77312748, id : 7, k48 : -1613973161, k47 : false}]->(n1);
MATCH (n0 {id : 0}), (n1 {id : 1}) MERGE(n0)-[r :T5{k66 : 'Z', id : 8, k65 : 'H', k68 : true, k67 : true}]->(n1);
MATCH (n0 {id : 2}), (n1 {id : 1}) MERGE(n0)-[r :T1{k39 : -708602038, k40 : '70IptrM', k42 : 'h', k41 : 107301620, k44 : true, id : 9, k45 : -1532467317}]->(n1);
MATCH (n0 {id : 2}), (n1 {id : 2}) MERGE(n0)-[r :T5{k64 : false, k66 : 'G6', id : 10, k65 : '1TwC6Ehi', k68 : true, k67 : true}]->(n1);
WITH * WHERE NULL MERGE ({id:11}) MERGE p0=({k19:'W', id:12}) RETURN 1 AS a1, 1 AS a2;
WITH * WHERE NULL MERGE ( { id : 11 } ) MERGE p0 = ( { k19 : 'W' , id : 12 } ) RETURN DISTINCT 1 AS a1 , CASE WHEN FALSE THEN NULL ELSE 1 END AS a2 ORDER BY TRUE ;
MATCH (a) RETURN count(a);
MATCH (b)-[a]->(c) RETURN count(a);
MATCH (b)-[a]->(c) RETURN count(a);
MATCH ( :L4)-[r0]-()-[r1]->(n0), (n1{k24:1935929217})-[ :T2{k50:exists(( :L2{k15:(('wmJNrjlNv'+'9V3X8O6')+(NULL+NULL))})-[]-()<-[ :T0]-( :L4{k28:NULL}))}]-(n2)<-[r2]-(n3) WHERE false MERGE ( :L4{k25:-1499417323, id:13})-[ :T2{id:14}]-({id:15}) SET n1.k=NULL RETURN 1 AS a0, n0 AS a1 LIMIT 0;
MATCH ( : L4 ) - [ r0 ] - ( ) - [ r1 ] - > ( n0 ) ,( n1 { k24 : 1935929217 } ) - [ : T2 { k50 : exists ( ( : L2 { k15 : ( ( 'wmJNrjlNv' + '9V3X8O6' ) + ( NULL + NULL ) ) } ) - [ ] - ( ) < - [ : T0 ] - ( : L4 { k28 : NULL } ) ) } ] - ( n2 ) < - [ r2 ] - ( n3 ) WHERE false OPTIONAL MATCH ()-[:TYPE]-() MERGE ( : L4 { k25 : -1499417323 , id : 13 } ) - [ : T2 { id : 14 } ] - ( { id : 15 } ) SET n1 . k = NULL WITH * RETURN 1 AS a0 , n0 AS a1 LIMIT 0 ;
MATCH (a) RETURN count(a);
MATCH (a) RETURN count(a);
MATCH (b)-[a]->(c) RETURN count(a);
MATCH (b)-[a]->(c) RETURN count(a);
MATCH ()-[]->()-[*0..0]->(n0), (n6) MATCH (n7) DETACH DELETE n0  RETURN n7 AS a0;
MATCH ()-[*0..0]-( ) - [ ] - > ( ) - [ * 0 .. 0 ] - > ( n0 ) ,(n6)-[*0..0]-( n6 ) WHERE TRUE MATCH ( n7 ) DETACH DELETE n0 RETURN n7 AS a0 LIMIT 1 ;
