-- Time: 2024/04/11 14:25:56
-- Database: janusgraph_database974
-- Database version: composite
-- seed value: 1712812407499
CREATE (n0 {id : 0});
CREATE (n0 :L1{k5 : 'eJekZFMjr', id : 1, k6 : false, k10 : 'n', k7 : -1833318860, k8 : 'o'});
CREATE (n0 :L2{k17 : -1514026964, k16 : 1100422443, k11 : 1435008902, id : 2, k13 : 1424347770, k12 : 'g', k14 : -686149123});
CREATE (n0 :L6{k39 : true, k38 : 'm13', k40 : 'SSs', k41 : true, id : 3, k35 : 'L', k36 : true});
MATCH (n0 {id : 1}), (n1 {id : 1}) MERGE(n0)-[r :T3{k62 : 'aY', k61 : 'q', k64 : 'oGXT', k63 : 'mEL1', k66 : false, id : 4, k65 : true, k67 : 1017814257}]->(n1);
MATCH (n0 {id : 2}), (n1 {id : 1}) MERGE(n0)-[r :T1{k49 : false, k51 : false, k50 : -792622772, k53 : 205068069, k52 : 'Ml', id : 5, k54 : 'PFJR5lo'}]->(n1);
CREATE ( :L1{k6:false, id:6})-[r0 :T3{id:7}]->({id:8}) CREATE (n0{id:9})<-[ :T1{id:10}]-(n1{id:11}), ({id:12}) CREATE (n2{k10:'PWAhLxUX', id:13}) RETURN 1 AS a0 ORDER BY 894746762, a0;
CREATE ( : L1 { k6 : false , id : 6 } ) - [ r0 : T3 { id : 7 } ] - > ( { id : 8 } ) CREATE (n1{id:11})-[ : T1 { id : 10 } ] ->( n0 { id : CASE WHEN FALSE THEN NULL ELSE 9 END } ) CREATE ( { id : 12 } ) WITH * UNWIND 1 as l0 CREATE ( n2 { k10 : 'PWAhLxUX' , id : 13 } ) RETURN 1 AS a0 ORDER BY 894746762, a0 ;
MATCH (a) RETURN count(a);
MATCH (b)-[a]->(c) RETURN count(a);
MATCH (b)-[a]->(c) RETURN count(a);
WITH * ORDER BY NULL DESC WHERE false MERGE ( :L1{k5:'9', id:14})-[r0 :T3{id:15}]->(n0{id:16}) CREATE (n1 :L2{k13:length(NULL), id:17})-[ :T1{k50:(r0.k67), id:18}]->({k10:'hCZ', id:19})-[r1 :T3{id:20}]->({id:21}) RETURN *, 1 AS a0;
WITH * ORDER BY NULL DESC WHERE false OPTIONAL MATCH ()-[:TYPE]-() MERGE ( : L1 { k5 : '9' , id : 14 } ) - [ r0 : T3 { id : CASE WHEN TRUE THEN 15 END } ] - > ( n0 { id : 16 } ) CREATE ( n1 : L2 { k13 : length ( NULL ) , id : 17 } ) - [ : T1 { k50 : ( r0 . k67 ) , id : 18 } ] - > ( { k10 : ('hCZ' +'') , id : 19 } ) - [ r1 : T3 { id : 20 } ] - > ( { id : 21 } ) WITH * OPTIONAL MATCH ()-[:TYPE]-() RETURN * , 1 AS a0 ;
MATCH (a) RETURN count(a);
MATCH (a) RETURN count(a);
MATCH (b)-[a]->(c) RETURN count(a);
MATCH (b)-[a]->(c) RETURN count(a);
CREATE (n1{id:22}) MERGE (n2{id:23}) MERGE ({id:24}) RETURN 1 AS a1, 1 AS a2;
CREATE ( n1 { id : 22 } ) MERGE pp0=( n2 { id : 23 } ) WITH * OPTIONAL MATCH ()-[:TYPE]-() MERGE ( { id : 24 } ) RETURN 1 AS a1 , 1 AS a2 ORDER BY NULL ;
