-- Time: 2024/04/11 13:21:50
-- Database: janusgraph_database108
-- Database version: composite
-- seed value: 1712812406590
CREATE (n0 :L3{k19 : false, k18 : -328727402, k20 : -836087381, k22 : 948662997, id : 0, k21 : 'tv'});
CREATE (n0 {id : 1});
CREATE (n0 :L1{k11 : true, id : 2, k10 : false, k7 : 'I', k8 : 'W', k12 : '26WRRz4lf', k9 : -1455676901});
CREATE (n0 :L3{k19 : true, k18 : -829811491, k20 : 1559598097, k22 : -719120599, id : 3, k21 : 'S2AMVxJ5'});
MATCH (n0 {id : 1}), (n1 {id : 3}) MERGE(n0)-[r :T0{k39 : 225793731, k40 : 'F', id : 4, k37 : -95432321}]->(n1);
MATCH (n0 {id : 2}), (n1 {id : 0}) MERGE(n0)-[r :T2{k49 : '8AgH4la', k51 : 'LM3', k50 : 'oKEEU8', k53 : 'i', k52 : 'QEWYRGU9', id : 5, k54 : -1715633905}]->(n1);
MATCH (n0 {id : 0}), (n1 {id : 3}) MERGE(n0)-[r :T2{k49 : 'kuudBS', k51 : 'jx', k50 : 'oKEEU8', k53 : 'ek', k52 : 'n', id : 6, k54 : -148262012}]->(n1);
MATCH (n0 {id : 0}), (n1 {id : 2}) MERGE(n0)-[r :T0{k39 : 991464131, k40 : 'am', k42 : -906815911, k41 : 351187860, id : 7, k37 : 948154739}]->(n1);
MATCH (n0 {id : 2}), (n1 {id : 0}) MERGE(n0)-[r :T1{k44 : -1581376097, id : 8, k43 : true, k45 : 'IIoE', k48 : 'bJDdV', k47 : -557737721}]->(n1);
MATCH (n0 {id : 0}), (n1 {id : 1}) MERGE(n0)-[r :T1{k44 : 2095663824, id : 9, k43 : false, k46 : false, k45 : 'AnAG0Xh', k48 : '1', k47 : 481683624}]->(n1);
UNWIND NULL AS a0 OPTIONAL MATCH (n0), (n1)-[]->(n2) WHERE NULL REMOVE n0.k2 RETURN 1 AS a1, 1 AS a2;
UNWIND NULL AS a0 OPTIONAL MATCH ( n0 ) ,( n1 ) - [ ] - > ( n2 ) WHERE NULL REMOVE n0 . k2 WITH * OPTIONAL MATCH ()-[:TYPE]-() RETURN 1 AS a1 , 1 AS a2 ;
MATCH (a) RETURN count(a);
MATCH (b)-[a]->(c) RETURN count(a);
MATCH (b)-[a]->(c) RETURN count(a);
OPTIONAL MATCH (n1)<-[]-(n2)<-[r1]-() REMOVE n2.k2 REMOVE n1.k2 RETURN 1 AS a0 SKIP 0;
OPTIONAL MATCH ( n1 ) < - [ ] - ( n2 ) < - [ r1 ] - ( ) OPTIONAL MATCH ()-[:TYPE]-() REMOVE n2 . k2 REMOVE n1 . k2 RETURN 1 AS a0 SKIP 0 ;
