-- Time: 2024/04/11 13:17:37
-- Database: janusgraph_database51
-- Database version: composite
-- seed value: 1712812406532
CREATE (n0 :L2{k17 : true, k16 : true, k18 : 'oBOM', id : 0, k13 : -1099225470, k12 : 1553724412, k15 : 360229289});
CREATE (n0 :L0{k0 : 'gNb', k1 : -1516634029, k2 : -652798744, k3 : true, k4 : -299549602, id : 1, k6 : true});
CREATE (n0 :L5{k31 : 'NdO', k30 : -1606698930, k33 : -231719526, id : 2, k32 : 'Tn', k35 : 'Z', k34 : -1113778432, k36 : 1760471827});
CREATE (n0 {id : 3});
MATCH (n0 {id : 2}), (n1 {id : 1}) MERGE(n0)-[r :T0{k39 : false, k38 : true, k40 : 'M', k42 : -1502714738, k41 : false, id : 4, k37 : 'e'}]->(n1);
MATCH (n0 {id : 3}), (n1 {id : 3}) MERGE(n0)-[r :T5{k71 : 'w1p', k73 : -374902117, k72 : true, id : 5, k68 : 980548062, k67 : -804736888, k69 : true}]->(n1);
MATCH (n0 {id : 2}), (n1 {id : 2}) MERGE(n0)-[r :T4{k60 : true, k62 : -86824333, k61 : 'XHG0se', k63 : true, k66 : false, id : 6, k65 : -571734831}]->(n1);
MATCH (n0 {id : 1}), (n1 {id : 0}) MERGE(n0)-[r :T4{k60 : false, k62 : -30878212, k61 : '8', k64 : -1073136125, k63 : false, id : 7, k65 : 585433506}]->(n1);
MATCH (n0 {id : 2}), (n1 {id : 1}) MERGE(n0)-[r :T2{k49 : false, k51 : 'WaKX0nuHI', k50 : 'dWQDaUS', k53 : 'mBk', k52 : false, id : 8, k54 : -1436632312}]->(n1);
MATCH (n0 {id : 0}), (n1 {id : 0}) MERGE(n0)-[r :T5{k71 : 'Rzt', k70 : 'jiNozbrf0', k73 : -26526910, k72 : false, id : 9, k68 : 1161215616, k67 : 1564712868, k69 : true}]->(n1);
UNWIND toIntegerList(NULL) AS a0 UNWIND NULL AS a1 CREATE ( :L5{id:10}), (n0 :L2{k15:a0, id:11})-[ :T5{id:12}]->(n1 :L2{id:13}) RETURN 1 AS a2, 'HJzrpF' AS a3;
UNWIND toIntegerList ( NULL ) AS a0 UNWIND NULL AS a1 WITH * CREATE ( : L5 { id : 10 } ) CREATE (n0: L2 { k15 : a0 , id : 11 } )CREATE (n0)- [ : T5 { id : 12 } ] - > ( n1 : L2 { id : 13 } ) RETURN 1 AS a2 , 'HJzrpF' AS a3 ;
MATCH (a) RETURN count(a);
MATCH (b)-[a]->(c) RETURN count(a);
MATCH (b)-[a]->(c) RETURN count(a);
OPTIONAL MATCH ()-[]-(), (n0 :L5)-[r0]->() DETACH DELETE r0  REMOVE n0.k2 RETURN 1 AS a0, {k1: true, k2: NULL} AS a1;
OPTIONAL MATCH ()-[]-(),(n0:L5),()-[r0]->(),(nn0) WHERE exists((n0)-[r0]->(nn0)) DETACH DELETE r0 WITH * UNWIND [1] as l0 REMOVE n0 . k2 RETURN 1 AS a0 , { k1 : true , k2 : CASE WHEN TRUE THEN NULL END } AS a1 ;
