-- Time: 2024/04/11 14:07:10
-- Database: janusgraph_database721
-- Database version: composite
-- seed value: 1712812407245
CREATE (n0 {id : 0});
CREATE (n0 :L1{k11 : true, id : 1, k6 : 'PVn6V1Hmb', k10 : false, k8 : 'vG', k9 : true});
CREATE (n0 {id : 2});
CREATE (n0 {id : 3});
MATCH (n0 {id : 0}), (n1 {id : 1}) MERGE(n0)-[r :T3{k60 : 'n3LgC3dJk', k62 : -1581210183, k61 : 1358377426, k64 : true, k63 : false, id : 4, k65 : 239791779, k59 : true}]->(n1);
MATCH (n0 {id : 2}), (n1 {id : 0}) MERGE(n0)-[r :T4{k71 : 'g', k70 : 'z', k66 : 1862482867, id : 5, k68 : false, k67 : 'C', k69 : 'eMn6KI'}]->(n1);
MATCH (n0 {id : 1}), (n1 {id : 2}) MERGE(n0)-[r :T2{k55 : '2c', id : 6, k54 : 891736845, k57 : 'qhTsS', k56 : 1941734173, k58 : 'b76T9U'}]->(n1);
MATCH (n0 {id : 1}), (n1 {id : 1}) MERGE(n0)-[r :T0{k42 : -792388493, k44 : false, id : 7, k43 : 'B9Vl', k46 : -988488634, k45 : true}]->(n1);
MATCH (n0 {id : 1}), (n1 {id : 3}) MERGE(n0)-[r :T1{k49 : false, k51 : 'ox', k50 : -1974167264, k52 : 540424840, id : 8, k48 : 'GI', k47 : -1932838432}]->(n1);
CREATE ({id:9})<-[ :T1{k49:false, id:10}]-(n0 :L1{id:11})-[ :T2{id:12}]->({id:13}) CREATE (n1{id:14})-[r0 :T4{id:15}]->(n2{id:16})-[r1 :T3{k60:NULL, id:17}]->({k9:true, id:18}), p0=(n3{id:19}) MERGE (n4{id:20}) RETURN n4 AS a0, 1 AS a1 ORDER BY a0, a1;
CREATE ( { id : CASE WHEN TRUE THEN 9 END } ) < - [ : T1 { k49 : false , id : CASE WHEN FALSE THEN NULL ELSE 10 END } ] - ( n0 : L1 { id : 11 } ) - [ : T2 { id : CASE WHEN TRUE THEN 12 END } ] - > ( { id : 13 } ) WITH * CREATE (n1{ id : 14 } )CREATE (n1)- [ r0 : T4 { id : 15 } ] - > ( n2 { id : 16 } ) - [ r1 : T3 { k60 : NULL , id : 17 } ] - > ( { k9 : true , id : 18 } ) CREATE p0 = ( n3 { id : 19 } ) MERGE ( n4 { id : CASE WHEN FALSE THEN NULL ELSE 20 END } ) WITH * RETURN n4 AS a0 , 1 AS a1 ORDER BY a0, a1 ;
MATCH (a) RETURN count(a);
MATCH (b)-[a]->(c) RETURN count(a);
MATCH (b)-[a]->(c) RETURN count(a);
OPTIONAL MATCH p0=(), (n0)<-[*0..1]-(n1)-[*0..1]-(n2) DETACH DELETE p0  CREATE ({id:21})<-[r0 :T2{id:22}]-({k7:NULL, id:23}) RETURN n0 AS a0 ORDER BY [toIntegerList(labels(NULL))[toIntegerOrNull(abs(((-3775715/-2045838726)/2120488642)))]], a0 LIMIT 0;
OPTIONAL MATCH p0=(),(n0)<-[*0..1]-(n1)-[*0..1]-(n2) DETACH DELETE p0 WITH * UNWIND 1 as l0 CREATE ( { id : CASE WHEN FALSE THEN NULL ELSE 21 END } ) < - [ r0 : T2 { id : 22 } ] - ( { k7 : CASE WHEN FALSE THEN NULL ELSE NULL END , id : 23 } ) RETURN n0 AS a0 ORDER BY [toIntegerList(labels(NULL))[toIntegerOrNull(abs(((-3775715/-2045838726)/2120488642)))]], a0 LIMIT 0 ;
MATCH (a) RETURN count(a);
MATCH (a) RETURN count(a);
MATCH (b)-[a]->(c) RETURN count(a);
MATCH (b)-[a]->(c) RETURN count(a);
WITH * WHERE (NULL CONTAINS NULL) UNWIND NULL AS a0 MERGE ({id:24})-[r0 :T0{id:25}]->(n0{k7:-1272266230, id:26}) RETURN *, NULL AS a1;
WITH * WHERE ( NULL CONTAINS NULL ) UNWIND NULL AS a0 UNWIND [1] as l0 MERGE ( { id : CASE WHEN FALSE THEN NULL ELSE 24 END } ) - [ r0 : T0 { id : 25 } ] - > ( n0 { k7 : -1272266230 , id : 26 } ) RETURN * , CASE WHEN TRUE THEN NULL END AS a1 ;
MATCH (a) RETURN count(a);
MATCH (a) RETURN count(a);
MATCH (b)-[a]->(c) RETURN count(a);
MATCH (b)-[a]->(c) RETURN count(a);
CREATE ({id:27})<-[r0 :T4{id:28}]-({id:29})<-[r1 :T2{id:30}]-({k11:true, id:31}) CREATE (n0{k7:-539507997, id:32}), ({id:33})<-[r2 :T3{id:34}]-(n1{id:35}) CREATE ({id:36})<-[ :T3{id:37}]-({id:38}) RETURN 1 AS a0;
CREATE (m0{ id : 27 } )CREATE (m0)< - [ r0 : T4 { id : 28 } ] - ( { id : 29 } ) < - [ r1 : T2 { id : 30 } ] - ( { k11 : true , id : 31 } ) CREATE ( n0 { k7 : -539507997 , id : 32 } ) CREATE (n1{id:35})-[ r2 : T3 { id : 34 } ] ->( { id : 33 } ) WITH * CREATE ( { id : 36 } ) < - [ : T3 { id : 37 } ] - ( { id : 38 } ) WITH * UNWIND [1] as l0 RETURN CASE WHEN TRUE THEN 1 END AS a0 ;
MATCH (a) RETURN count(a);
MATCH (a) RETURN count(a);
MATCH (b)-[a]->(c) RETURN count(a);
MATCH (b)-[a]->(c) RETURN count(a);
MERGE ({id:39})-[r0 :T3{k62:(-502430177/(-215457540*1224176203)), id:40}]->(n0{k10:false, id:41}) SET n0.k='HDxy' DETACH DELETE n0  RETURN NULL AS a0, 1 AS a1;
MERGE ( { id : 39 } ) - [ r0 : T3 { k62 : ( -502430177 / ( -215457540 * 1224176203 ) ) , id : 40 } ] - > ( n0 { k10 : false , id : 41 } ) WITH * CALL{WITH *SET n0 . k = (''+'HDxy' )} WITH * DETACH DELETE n0 WITH * RETURN NULL AS a0 , 1 AS a1 ;
MATCH (a) RETURN count(a);
MATCH (a) RETURN count(a);
MATCH (b)-[a]->(c) RETURN count(a);
MATCH (b)-[a]->(c) RETURN count(a);
OPTIONAL MATCH p0=(n0)-[]-() UNWIND [x IN [p0, NULL]|false] AS a0 SET n0.k=NULL RETURN p0 AS a1, 1 AS a2;
OPTIONAL MATCH p0 = (n0)-[*0..0]-( n0 ) - [ ] - ( ) WHERE TRUE UNWIND [ x IN ([]+[ p0 , NULL ] )| false ] AS a0 SET n0 . k = CASE WHEN FALSE THEN NULL ELSE NULL END RETURN p0 AS a1 , 1 AS a2 ;
