-- Time: 2024/04/11 14:12:21
-- Database: janusgraph_database791
-- Database version: composite
-- seed value: 1712812407315
CREATE (n0 {id : 0});
CREATE (n0 {id : 1});
CREATE (n0 {id : 2});
CREATE (n0 :L4{k28 : 'H', k27 : '7kOMNV2M', k29 : false, k31 : true, k30 : 503962203, id : 3, k32 : -772857848});
MATCH (n0 {id : 2}), (n1 {id : 3}) MERGE(n0)-[r :T0{k40 : -1267156974, k42 : true, k41 : false, k44 : -1858540485, id : 4, k43 : 'jRhH'}]->(n1);
MATCH (n0 {id : 0}), (n1 {id : 0}) MERGE(n0)-[r :T5{k73 : true, k72 : -1984805833, k75 : 560415985, k77 : true, id : 5, k76 : 1063300318}]->(n1);
MATCH (n0 {id : 0}), (n1 {id : 2}) MERGE(n0)-[r :T1{k51 : 1319878548, k50 : -1409751257, id : 6, k46 : '5I', k45 : false, k48 : false, k47 : 'e5'}]->(n1);
MATCH (n0 {id : 1}), (n1 {id : 0}) MERGE(n0)-[r :T2{k53 : false, k52 : true, k55 : false, id : 7, k54 : 604896841, k57 : false, k56 : false, k58 : 'LcD'}]->(n1);
MATCH (n0 {id : 3}), (n1 {id : 3}) MERGE(n0)-[r :T3{k60 : -2136603561, k62 : true, k61 : 755008756, k64 : 1102885441, k63 : 'X', id : 8, k65 : false, k59 : true}]->(n1);
MATCH (n0 {id : 2}), (n1 {id : 0}) MERGE(n0)-[r :T4{k71 : 'Q', k70 : -368495089, k66 : 'D', id : 9, k68 : true, k67 : false, k69 : -2036160946}]->(n1);
CREATE (n0 :L4{k29:NULL, id:10})<-[ :T0{k40:CASE WHEN (false OR ('l' <= NULL)) THEN toIntegerOrNull(NULL) END, id:11}]-({id:12})<-[ :T1{id:13}]-({id:14}), ({id:15})-[r0 :T2{id:16}]->({id:17})-[ :T1{id:18}]->(n1{id:19}) MERGE ({id:20})-[r1 :T0{id:21}]-( :L4{k29:true, id:22}) MERGE ({id:23})<-[r2 :T1{id:24}]-({id:25})-[r3 :T5{k72:round(110940882), id:26}]->({id:27}) RETURN 1 AS a0, 1 AS a1 SKIP 0;
CREATE ( n0 : L4 { k29 : NULL , id : 10 } ) < - [ : T0 { k40 : CASE WHEN ( false OR ( CASE WHEN TRUE THEN 'l' <= NULL END ) ) THEN toIntegerOrNull ( NULL ) END , id : 11 } ] - ( { id : 12 } ) < - [ : T1 { id : 13 } ] - ( { id : 14 } ) CREATE (m0{ id : 15 } )CREATE (m0)- [ r0 : T2 { id : 16 } ] - > ( { id : 17 } ) - [ : T1 { id : 18 } ] - > ( n1 { id : 19 } ) MERGE ( { id : 20 } ) - [ r1 : T0 { id : 21 } ] - ( : L4 { k29 : true , id : 22 } ) WITH * OPTIONAL MATCH ()-[:TYPE]-() MERGE ( { id : CASE WHEN TRUE THEN 23 END } ) < - [ r2 : T1 { id : CASE WHEN TRUE THEN 24 END } ] - ( { id : 25 } ) - [ r3 : T5 { k72 : round ( 110940882 ) , id : 26 } ] - > ( { id : CASE WHEN TRUE THEN 27 END } ) RETURN 1 AS a0 , 1 AS a1 ORDER BY NULL SKIP 0 ;
MATCH (a) RETURN count(a);
MATCH (b)-[a]->(c) RETURN count(a);
MATCH (b)-[a]->(c) RETURN count(a);
MATCH (n0)-[ :T4{k71:toStringList(NULL)[toIntegerOrNull(abs(-1983230953))]}]-(n1) DETACH DELETE n1  CREATE (n2{id:28})-[r0 :T1{id:29}]->({id:30})-[ :T0{k41:true, id:31}]->( :L4{id:32}) RETURN n0 AS a0, n0 AS a1;
MATCH ( n0 ) - [ : T4 { k71 : toStringList ( NULL ) [ toIntegerOrNull ( abs ( -1983230953 ) ) ] } ] - ( n1 ) WHERE TRUE DETACH DELETE n1 CREATE ( n2 { id : 28 } ) - [ r0 : T1 { id : 29 } ] - > ( { id : 30 } ) - [ : T0 { k41 : true , id : 31 } ] - > ( : L4 { id : 32 } ) WITH * OPTIONAL MATCH ()-[:TYPE]-() RETURN n0 AS a0 , n0 AS a1 ;
MATCH (a) RETURN count(a);
MATCH (a) RETURN count(a);
MATCH (b)-[a]->(c) RETURN count(a);
MATCH (b)-[a]->(c) RETURN count(a);
WITH * OPTIONAL MATCH ()-[r0 :T1{k49:false}]-(n0)-[]->(), () CREATE (n1{id:33})<-[r1 :T0{k43:reverse((r0.k46)), id:34}]-({id:35}), ({id:36}) RETURN n0 AS a0;
WITH * OPTIONAL MATCH ()-[r0 :T1{k49:false}]-(n0)-[]->(),() CREATE (n1{ id : 33 } )CREATE (n1)< - [ r1 : T0 { k43 : reverse ( ( r0 . k46 ) ) , id : 34 } ] - ( { id : 35 } ) CREATE ( { id : 36 } ) RETURN n0 AS a0 ;
MATCH (a) RETURN count(a);
MATCH (a) RETURN count(a);
MATCH (b)-[a]->(c) RETURN count(a);
MATCH (b)-[a]->(c) RETURN count(a);
CREATE ({id:37})-[r0 :T5{k73:NULL, id:38}]->(n0{id:39})<-[ :T2{id:40}]-(n1{id:41}), (n2{id:42})-[ :T3{id:43}]->(n3 :L4{id:44})<-[r1 :T0{id:45}]-({id:46}) CREATE (n4{id:47})<-[ :T0{id:48}]-({id:49}), (n5{id:50})-[ :T2{id:51}]->(n6{id:52})-[r2 :T5{id:53}]->({id:54}) CREATE (n7{id:55})<-[ :T4{k71:NULL, id:56}]-(n8{id:57}), (n9{id:58})-[ :T2{k56:NULL, id:59}]->({id:60})-[r3 :T5{k73:NULL, id:61}]->(n10{id:62}) RETURN [[true, isEmpty([])], NULL] AS a0, NULL AS a1;
CREATE ( { id : 37 } ) - [ r0 : T5 { k73 : NULL , id : 38 } ] - > ( n0 { id : 39 } ) < - [ : T2 { id : 40 } ] - ( n1 { id : 41 } ) CREATE ( n2 { id : 42 } ) - [ : T3 { id : 43 } ] - > ( n3 : L4 { id : 44 } ) < - [ r1 : T0 { id : 45 } ] - ( { id : 46 } ) WITH * OPTIONAL MATCH ()-[:TYPE]-() CREATE ( n4 { id : 47 } ) < - [ : T0 { id : 48 } ] - ( { id : 49 } ) CREATE ( n5 { id : 50 } ) - [ : T2 { id : 51 } ] - > ( n6 { id : 52 } ) - [ r2 : T5 { id : 53 } ] - > ( { id : 54 } ) CREATE (n7{ id : 55 } )CREATE (n7)< - [ : T4 { k71 : NULL , id : 56 } ] - ( n8 { id : 57 } ) CREATE ( n9 { id : 58 } ) - [ : T2 { k56 : NULL , id : 59 } ] - > ( { id : 60 } ) - [ r3 : T5 { k73 : CASE WHEN FALSE THEN NULL ELSE NULL END , id : 61 } ] - > ( n10 { id : 62 } ) RETURN CASE WHEN FALSE THEN NULL ELSE ([]+[ ([]+[ true , isEmpty ( ([ ] +[]) ) ] ), NULL ] )END AS a0 , CASE WHEN TRUE THEN NULL END AS a1 LIMIT 1 ;
MATCH (a) RETURN count(a);
MATCH (a) RETURN count(a);
MATCH (b)-[a]->(c) RETURN count(a);
MATCH (b)-[a]->(c) RETURN count(a);
MATCH p0=()-[r0]->(n0)-[r1]->(), () REMOVE n0.k2 REMOVE n0.k2 RETURN n0 AS a0, n0 AS a1 LIMIT 1;
MATCH p0 = ( ) - [ r0 ] - > ( n0 ) - [ r1 ] - > ( ) ,( ) REMOVE n0 . k2 REMOVE n0 . k2 WITH * RETURN n0 AS a0 , n0 AS a1 LIMIT 1 ;
