-- Time: 2024/04/11 14:32:06
-- Database: janusgraph_database1057
-- Database version: composite
-- seed value: 1712812407582
CREATE (n0 {id : 0});
CREATE (n0 {id : 1});
CREATE (n0 :L4{k28 : 'K8unFq', k27 : -1637484141, k29 : 'M9', id : 2, k24 : 'dbn', k23 : -1541982121, k26 : -412507574, k25 : 'vfum'});
CREATE (n0 :L0{k0 : 'G8', k1 : false, k2 : 'zm16', k3 : -1963375470, k4 : 318669276, k5 : 1897007730, id : 3});
MATCH (n0 {id : 0}), (n1 {id : 0}) MERGE(n0)-[r :T0{k39 : true, k38 : 'Kl', k40 : false, k41 : 's', id : 4}]->(n1);
MATCH (n0 {id : 0}), (n1 {id : 1}) MERGE(n0)-[r :T4{k60 : 'wkT', k62 : 'C', k61 : 472107262, k64 : -420125755, k63 : 590945890, id : 5, k65 : 'E'}]->(n1);
MATCH (n0 {id : 0}), (n1 {id : 1}) MERGE(n0)-[r :T1{k42 : true, k44 : false, id : 6, k43 : 1079733683, k46 : -689414161, k45 : -1355134983, k47 : 'id9'}]->(n1);
MATCH (n0 {id : 0}), (n1 {id : 0}) MERGE(n0)-[r :T3{k55 : -42309695, id : 7, k54 : 'YIcfz7', k57 : -882313481, k59 : 883267552, k58 : 1379160106}]->(n1);
MATCH (n0 {id : 3}), (n1 {id : 1}) MERGE(n0)-[r :T0{k39 : true, k38 : 'o', k40 : false, k41 : 'i3zHhkU', id : 8, k37 : true}]->(n1);
UNWIND [NULL] AS a0 CREATE (n0{id:9})-[ :T1{id:10}]->(n1{id:11}) CREATE p0=({id:12}), ({id:13})-[ :T4{k63:316938283, id:14}]->({id:15})<-[r0 :T1{id:16}]-(n2{id:17}) RETURN 1 AS a1;
UNWIND [ NULL ] AS a0 WITH * CREATE ( n0 { id : 9 } ) - [ : T1 { id : 10 } ] - > ( n1 { id : 11 } ) WITH * UNWIND 1 as l0 CREATE p0 = ( { id : 12 } ) CREATE ( { id : 13 } ) - [ : T4 { k63 : 316938283 , id : 14 } ] - > ( { id : 15 } ) < - [ r0 : T1 { id : 16 } ] - ( n2 { id : 17 } ) WITH * OPTIONAL MATCH ()-[:TYPE]-() RETURN 1 AS a1 ;
MATCH (a) RETURN count(a);
MATCH (b)-[a]->(c) RETURN count(a);
MATCH (b)-[a]->(c) RETURN count(a);
MERGE (n5{id:18}) DETACH DELETE n5  MERGE ({id:19})-[ :T0{id:20}]->({id:21}) RETURN DISTINCT 1 AS a1, 1 AS a2;
MERGE ( n5 { id : 18 } ) WITH * DETACH DELETE n5 MERGE ( { id : 19 } ) - [ : T0 { id : 20 } ] - > ( { id : 21 } ) RETURN DISTINCT CASE WHEN FALSE THEN NULL ELSE 1 END AS a1 , 1 AS a2 ORDER BY TRUE ;
