-- Time: 2024/04/11 13:47:24
-- Database: janusgraph_database454
-- Database version: composite
-- seed value: 1712812406977
CREATE (n0 :L1{k11 : 1005357029, id : 0, k10 : false, k7 : 'ekwr5ovc', k13 : 'xq', k8 : 1467409695, k12 : 'bW', k9 : true});
CREATE (n0 :L4{k28 : false, k27 : -2098207159, k29 : 2133468187, k31 : '9', k30 : '60', id : 1});
CREATE (n0 {id : 2});
CREATE (n0 :L2{k17 : true, k16 : true, k19 : 'pl', k18 : '9', id : 3, k15 : 1648505870, k14 : '5P'});
MATCH (n0 {id : 2}), (n1 {id : 1}) MERGE(n0)-[r :T0{k33 : false, id : 4, k32 : true, k35 : 242953049, k34 : 371111635, k36 : 'p'}]->(n1);
MATCH (n0 {id : 2}), (n1 {id : 0}) MERGE(n0)-[r :T3{k51 : false, k53 : 'y6D8', k52 : 'EiI5AI9jK', k55 : false, id : 5, k54 : true, k56 : '5Cwn7Fmh4'}]->(n1);
MATCH (n0 {id : 3}), (n1 {id : 0}) MERGE(n0)-[r :T3{k51 : true, k53 : 'R', k52 : 'o', k55 : false, id : 6, k54 : true, k56 : 'QJ'}]->(n1);
MATCH (n0 {id : 3}), (n1 {id : 2}) MERGE(n0)-[r :T3{k51 : false, k53 : '3x', k55 : true, id : 7, k54 : false}]->(n1);
MATCH (n0 {id : 1}), (n1 {id : 2}) MERGE(n0)-[r :T2{k49 : 355648336, k50 : 'Vw', k44 : true, id : 8, k46 : 'r', k45 : false, k48 : -2025402612, k47 : -447653837}]->(n1);
CREATE ({k15:NULL, id:9})-[ :T3{k52:toStringOrNull([x IN [[NULL], toStringList([])]]), id:10}]->( :L1{k9:NULL, id:11}), ({id:12}) CREATE ({id:13}), p1=(n2{k17:CASE WHEN NULL THEN true END, id:14})-[ :T3{id:15}]->(n3{id:16})<-[ :T3{k52:substring('8', toIntegerOrNull(abs(NULL)), toIntegerOrNull(abs(NULL))), id:17}]-({id:18}) MERGE (n4{id:19}) RETURN n4 AS a0, NULL AS a1;
CREATE ( { k15 : NULL , id : 9 } ) - [ : T3 { k52 : toStringOrNull ( [ x IN CASE WHEN TRUE THEN [ [ CASE WHEN FALSE THEN NULL ELSE NULL END ] , CASE WHEN FALSE THEN NULL ELSE toStringList ( [ ] ) END ] END ] ) , id : CASE WHEN FALSE THEN NULL ELSE 10 END } ] - > ( : L1 { k9 : NULL , id : CASE WHEN TRUE THEN 11 END } ) CREATE ( { id : 12 } ) WITH * CREATE ( { id : 13 } ) CREATE p1 = ( n2 { k17 : CASE WHEN NULL THEN CASE WHEN FALSE THEN NULL ELSE true END END , id : 14 } ) - [ : T3 { id : 15 } ] - > ( n3 { id : 16 } ) < - [ : T3 { k52 : substring ( '8' , toIntegerOrNull ( abs ( NULL ) ) , toIntegerOrNull ( abs ( NULL ) ) ) , id : 17 } ] - ( { id : 18 } ) WITH * MERGE ( n4 { id : CASE WHEN TRUE THEN 19 END } ) RETURN n4 AS a0 , NULL AS a1 ;
MATCH (a) RETURN count(a);
MATCH (b)-[a]->(c) RETURN count(a);
MATCH (b)-[a]->(c) RETURN count(a);
MERGE ({id:20}) MERGE (n0{id:21})<-[r0 :T3{id:22}]-( :L2{id:23}) REMOVE n0.k2 RETURN 'DG' AS a0, (r0.k53) AS a1 SKIP 0;
MERGE ( { id : 20 } ) WITH * MERGE ( n0 { id : 21 } ) < - [ r0 : T3 { id : 22 } ] - ( : L2 { id : 23 } ) REMOVE n0 . k2 RETURN 'DG' AS a0 , ( r0 . k53 ) AS a1 SKIP 0 ;
