-- Time: 2024/04/11 13:51:08
-- Database: janusgraph_database504
-- Database version: composite
-- seed value: 1712812407028
CREATE (n0 :L1{k11 : true, id : 0, k10 : true, k12 : true, k9 : 'g7fcHOp9'});
CREATE (n0 :L0{k0 : false, k1 : true, k2 : 1969088653, k3 : 143435877, k5 : 'S', id : 1, k6 : 2015815005});
CREATE (n0 :L0{k0 : true, k1 : true, k4 : false, k5 : 'P', id : 2, k6 : 1609142089});
CREATE (n0 {id : 3});
MATCH (n0 {id : 0}), (n1 {id : 1}) MERGE(n0)-[r :T0{k49 : 'n', k50 : 'L', id : 4, k46 : false, k47 : 'py'}]->(n1);
MATCH (n0 {id : 2}), (n1 {id : 0}) MERGE(n0)-[r :T3{k64 : 'rs0X8kEz', id : 5, k65 : 1741137651, k68 : false, k67 : 'sR'}]->(n1);
MATCH (n0 {id : 0}), (n1 {id : 0}) MERGE(n0)-[r :T0{k49 : 'xi5S', k50 : 'duY', id : 6, k46 : true, k48 : false}]->(n1);
MATCH (n0 {id : 1}), (n1 {id : 1}) MERGE(n0)-[r :T2{k60 : '0jNUFp41t', k62 : false, k61 : 'M', id : 7, k58 : 1170536065}]->(n1);
MERGE (n0 :L1{k12:true, id:8}) MERGE (n1{id:9}) DETACH DELETE n1  RETURN (CASE WHEN (n0.k8) THEN reverse('j') END < toStringOrNull(substring('esQh', toIntegerOrNull(abs(-1024019809)), toIntegerOrNull(abs(844539521))))) AS a0, n0 AS a1;
MERGE ( n0 : L1 { k12 : true , id : 8 } ) MERGE ( n1 { id : 9 } ) WITH * OPTIONAL MATCH ()-[:TYPE]-() DETACH DELETE n1 RETURN ( CASE WHEN ( n0 . k8 ) THEN CASE WHEN FALSE THEN NULL ELSE reverse ( 'j' ) END END < toStringOrNull ( substring ( (''+'esQh' ), toIntegerOrNull ( abs ( -1024019809 ) ) , toIntegerOrNull ( abs ( 844539521 ) ) ) ) ) AS a0 , n0 AS a1 ;
MATCH (a) RETURN count(a);
MATCH (b)-[a]->(c) RETURN count(a);
MATCH (b)-[a]->(c) RETURN count(a);
CREATE (n0{id:10})-[r0 :T0{id:11}]->(n1{k11:true, id:12}) MERGE p0=({id:13}) DETACH DELETE p0  RETURN NULL AS a0 SKIP 1;
CREATE ( n0 { id : 10 } ) - [ r0 : T0 { id : 11 } ] - > ( n1 { k11 : CASE WHEN TRUE THEN true END , id : 12 } ) WITH * UNWIND [1] as l0 MERGE p0 = ( { id : 13 } ) DETACH DELETE p0 WITH * OPTIONAL MATCH ()-[:TYPE]-() RETURN NULL AS a0 SKIP CASE WHEN TRUE THEN 1 END ;
MATCH (a) RETURN count(a);
MATCH (a) RETURN count(a);
MATCH (b)-[a]->(c) RETURN count(a);
MATCH (b)-[a]->(c) RETURN count(a);
OPTIONAL MATCH ()-[r0 :T3{k66:NULL}]-(n0)-[*..2]-(n1{k7:(r0.k64)}) OPTIONAL MATCH ()-[]->()-[ :T0{k49:'JNK'}]-( :L0{k2:CASE WHEN false THEN (-1125960280*(r0.k65)) END}) SET n1.k=round(-1445683652) RETURN * SKIP 1;
OPTIONAL MATCH ()-[*0..0]-( ) - [ r0 : T3 { k66 : NULL } ] - ( n0 ) - [ * .. 2 ] - ( n1 { k7 : ( r0 . k64 ) } ) WITH * OPTIONAL MATCH (nn0),()-[m1]->(),(nn2),()<-[m3:T0{k49:'JNK'}]-(),(nn4:L0) WHERE exists((nn0)-[m1]->(nn2)-[m3]-(nn4{k2:CASE WHEN false THEN (-1125960280*(r0.k65)) END})) SET n1 . k = round ( -1445683652 ) RETURN * SKIP 1 ;
MATCH (a) RETURN count(a);
MATCH (a) RETURN count(a);
MATCH (b)-[a]->(c) RETURN count(a);
MATCH (b)-[a]->(c) RETURN count(a);
MATCH p0=( :L0), p1=()-[r0 :T0{k49:type(relationships(NULL)[toIntegerOrNull(abs(1731237583))])}]->() DETACH DELETE r0  CREATE (n0{id:14}), p2=({id:15})-[ :T0{id:16}]->(n1{id:17}) RETURN 1 AS a0, 1 AS a1;
MATCH p0 = ( : L0 ) ,p1 = ()-[*0..0]-( ) - [ r0 : T0 { k49 : type ( relationships ( CASE WHEN FALSE THEN NULL ELSE NULL END ) [ toIntegerOrNull ( abs ( 1731237583 ) ) ] ) } ] - > ( ) WITH * DETACH DELETE r0 WITH * CREATE ( n0 { id : 14 } ) CREATE p2 = ( { id : 15 } ) - [ : T0 { id : 16 } ] - > ( n1 { id : 17 } ) WITH * UNWIND 1 as l0 RETURN 1 AS a0 , 1 AS a1 ;
MATCH (a) RETURN count(a);
MATCH (a) RETURN count(a);
MATCH (b)-[a]->(c) RETURN count(a);
MATCH (b)-[a]->(c) RETURN count(a);
MATCH (), (n0) MERGE ({id:18}) REMOVE n0.k2 RETURN n0 AS a0, relationships(NULL)[toIntegerOrNull(abs(NULL))] AS a1;
MATCH ( ) ,( n0 ) MERGE ( { id : CASE WHEN FALSE THEN NULL ELSE 18 END } ) WITH * FOREACH(f in [1]|REMOVE n0 . k2 ) RETURN DISTINCT n0 AS a0 , ([]+relationships ( CASE WHEN FALSE THEN NULL ELSE NULL END ) )[ toIntegerOrNull ( abs ( NULL ) ) ] AS a1 ;
MATCH (a) RETURN count(a);
MATCH (a) RETURN count(a);
MATCH (b)-[a]->(c) RETURN count(a);
MATCH (b)-[a]->(c) RETURN count(a);
OPTIONAL MATCH ( :L0{k3:(103269586*(NULL*(-955122981+-1880101087)))}), (n0)-[]-(n1)-[r0]->(n2) SET n0.k='Yl' REMOVE n0.k2 RETURN n2 AS a0, 1 AS a1 LIMIT 0;
OPTIONAL MATCH ( : L0 { k3 : ( 103269586 * ( NULL * ( -955122981 + -1880101087 ) ) ) } ) ,( n0 ) - [ ] - ( n1 ) - [ r0 ] - > ( n2 ) WITH * SET n0 . k = 'Yl' WITH * REMOVE n0 . k2 RETURN CASE WHEN TRUE THEN n2 END AS a0 , 1 AS a1 SKIP 1 LIMIT 0 ;
