-- Time: 2024/04/11 14:22:40
-- Database: janusgraph_database930
-- Database version: composite
-- seed value: 1712812407455
CREATE (n0 {id : 0});
CREATE (n0 {id : 1});
CREATE (n0 :L3{k19 : 'I', k20 : false, k22 : 1268830828, id : 2, k21 : 'Jr3', k24 : 1518585460, k23 : true});
CREATE (n0 :L2{k18 : true, id : 3, k13 : false, k15 : -532904620, k14 : -1910342605});
MATCH (n0 {id : 3}), (n1 {id : 1}) MERGE(n0)-[r :T2{k44 : 'g', id : 4, k43 : 's', k46 : 823442723, k45 : 'k', k48 : false, k47 : true}]->(n1);
MATCH (n0 {id : 2}), (n1 {id : 3}) MERGE(n0)-[r :T0{k33 : true, id : 5, k32 : 'mIw', k34 : 'F', k36 : 1526913057}]->(n1);
MATCH (n0 {id : 0}), (n1 {id : 0}) MERGE(n0)-[r :T0{k33 : false, id : 6, k32 : 'Dz6', k34 : 'fr', k36 : -1571130953}]->(n1);
MATCH (n0 {id : 0}), (n1 {id : 3}) MERGE(n0)-[r :T4{k60 : false, k62 : false, k61 : true, id : 7, k57 : false, k56 : 99371155, k59 : '1XoixZ', k58 : 131113588}]->(n1);
MATCH (n0 {id : 2}), (n1 {id : 2}) MERGE(n0)-[r :T2{k44 : 'g', id : 8, k43 : 'A7v3zW', k46 : 470688385, k45 : 'yQ', k48 : true, k47 : true}]->(n1);
MERGE p0=({id:9}) CREATE (n0{id:10})-[ :T4{id:11}]->(n1{id:12}), (n2{id:13})-[r0 :T0{id:14}]->({id:15}) MERGE ({k14:-1247635022, id:16})-[r1 :T0{k35:-1081825707, id:17}]-(n3 :L3{id:18})-[r2 :T2{id:19}]-(n4{k22:1690407165, id:20}) RETURN (n3.k21) AS a0, NULL AS a1;
MERGE p0 = ( { id : 9 } ) CREATE ( n0 { id : 10 } ) - [ : T4 { id : 11 } ] - > ( n1 { id : 12 } ) CREATE ( n2 { id : 13 } ) - [ r0 : T0 { id : 14 } ] - > ( { id : 15 } ) WITH * UNWIND 1 as l0 MERGE ( { k14 : CASE WHEN FALSE THEN NULL ELSE -1247635022 END , id : 16 } ) - [ r1 : T0 { k35 : CASE WHEN FALSE THEN NULL ELSE -1081825707 END , id : 17 } ] - ( n3 : L3 { id : CASE WHEN TRUE THEN 18 END } ) - [ r2 : T2 { id : 19 } ] - ( n4 { k22 : 1690407165 , id : 20 } ) RETURN CASE WHEN FALSE THEN NULL ELSE ( CASE WHEN TRUE THEN n3 . k21 END ) END AS a0 , NULL AS a1 SKIP 1 ;
MATCH (a) RETURN count(a);
MATCH (b)-[a]->(c) RETURN count(a);
MATCH (b)-[a]->(c) RETURN count(a);
CREATE p0=({id:21})-[ :T4{id:22}]->(n0{id:23})-[r0 :T2{id:24}]->({id:25}) CREATE ({id:26})-[r1 :T0{id:27}]->({id:28}) MERGE (n1{id:29}) RETURN n1 AS a0, 1 AS a1 UNION ALL CREATE (n0{id:30}) CREATE (n1 :L3{id:31}) CREATE p0=({id:32})-[r0 :T4{id:33}]->(n2{id:34})-[ :T2{id:35}]->({id:36}), ({id:37})-[r1 :T0{k36:203937143, id:38}]->({id:39}) RETURN 1 AS a0, 'q' AS a1;
CREATE p0 = ( { id : 21 } ) - [ : T4 { id : 22 } ] - > ( n0 { id : 23 } ) - [ r0 : T2 { id : 24 } ] - > ( { id : 25 } ) CREATE ( { id : 26 } ) - [ r1 : T0 { id : 27 } ] - > ( { id : 28 } ) WITH * OPTIONAL MATCH ()-[:TYPE]-() MERGE pp0=( n1 { id : 29 } ) RETURN n1 AS a0 , 1 AS a1 LIMIT 1 UNION ALL CREATE ( n0 { id : 30 } ) CREATE ( n1 : L3 { id : 31 } ) WITH * CREATE (m0{ id : CASE WHEN TRUE THEN 32 END } )CREATE (m0)- [ r0 : T4 { id : 33 } ] - > ( n2 { id : 34 } ) - [ : T2 { id : 35 } ] - > ( { id : 36 } ) CREATE ({id:39})<-[ r1 : T0 { k36 : 203937143 , id : 38 } ] -( { id : 37 } ) RETURN CASE WHEN FALSE THEN NULL ELSE 1 END AS a0 , 'q' AS a1 ;
