-- Time: 2024/04/11 14:15:55
-- Database: janusgraph_database839
-- Database version: composite
-- seed value: 1712812407363
CREATE (n0 :L1{id : 0, k6 : true, k10 : 'q', k7 : true, k8 : 'jF', k9 : 's'});
CREATE (n0 :L4{k28 : 102280964, k27 : 't', k22 : '1YLw2u7aL', id : 1, k23 : 'vZC', k26 : false, k25 : 'W'});
CREATE (n0 :L4{k27 : '2', k22 : '6', id : 2, k23 : 'vZC', k26 : false, k25 : 'b'});
CREATE (n0 :L1{id : 3, k6 : true, k7 : false, k8 : 'n3X', k9 : 'XnS'});
MATCH (n0 {id : 2}), (n1 {id : 3}) MERGE(n0)-[r :T4{k60 : 857947310, k62 : 'zDujHgnS', k61 : -1974517286, k63 : false, id : 4, k57 : -742653815, k59 : false, k58 : 'd'}]->(n1);
MATCH (n0 {id : 1}), (n1 {id : 0}) MERGE(n0)-[r :T1{k42 : 'm', k44 : false, id : 5, k43 : 453353491}]->(n1);
MATCH (n0 {id : 3}), (n1 {id : 2}) MERGE(n0)-[r :T2{k49 : 'KG', k50 : 'a', id : 6, k46 : true, k47 : 'u'}]->(n1);
MATCH (n0 {id : 1}), (n1 {id : 0}) MERGE(n0)-[r :T5{k64 : false, k66 : true, id : 7, k68 : 405150577, k67 : 'Vnk', k69 : false}]->(n1);
MATCH (n0 {id : 0}), (n1 {id : 0}) MERGE(n0)-[r :T5{k64 : false, k66 : true, id : 8, k65 : true, k68 : 1051778611, k67 : 'Sd3IM6s', k69 : true}]->(n1);
MATCH (n0 {id : 0}), (n1 {id : 3}) MERGE(n0)-[r :T2{k49 : '9I', k50 : 'x29khxj', id : 9, k47 : 'L'}]->(n1);
UNWIND NULL AS a0 MATCH ()-[]-(n0)-[*0..0]-() WHERE false SET n0.k=NULL RETURN DISTINCT 1 AS a1 UNION UNWIND [NULL, NULL] AS a0 MERGE p0=(n0{id:10})-[r0 :T2{k48:true, id:11}]->(n1 :L1{id:12})-[r1 :T2{id:13}]->(n2{k26:false, id:14}) CREATE ( :L1{k10:CASE WHEN true THEN substring((r0.k49), toIntegerOrNull(abs(((695156586/-1673081541)--2146408220))), toIntegerOrNull(abs(1626856191))) END, id:15}) RETURN NULL AS a1;
UNWIND CASE WHEN FALSE THEN NULL ELSE NULL END AS a0 UNWIND [NULL] as l0 MATCH ( ) - [ ] - ( n0 ) - [ * 0 .. 0 ] - ( ) WITH * WHERE false SET n0 . k = CASE WHEN TRUE THEN NULL END RETURN DISTINCT 1 AS a1 ORDER BY FALSE UNION UNWIND [ NULL , NULL ] AS a0 MERGE p0 = ( n0 { id : 10 } ) - [ r0 : T2 { k48 : CASE WHEN TRUE THEN true END , id : 11 } ] - > ( n1 : L1 { id : 12 } ) - [ r1 : T2 { id : 13 } ] - > ( n2 { k26 : false , id : 14 } ) CREATE ( : L1 { k10 : CASE WHEN CASE WHEN FALSE THEN NULL ELSE true END THEN substring ( ( r0 . k49 ) , toIntegerOrNull ( abs ( ( ( 695156586 / -1673081541 ) - -2146408220 ) ) ) , toIntegerOrNull ( abs ( 1626856191 ) ) ) END , id : 15 } ) WITH * OPTIONAL MATCH ()-[:TYPE]-() RETURN NULL AS a1 ;
MATCH (a) RETURN count(a);
MATCH (b)-[a]->(c) RETURN count(a);
MATCH (b)-[a]->(c) RETURN count(a);
MERGE ({id:16})-[r0 :T2{k49:'cU', id:17}]-({id:18}) DETACH DELETE r0  CREATE ({k6:true, id:19})<-[r1 :T5{id:20}]-(n0{id:21})-[r2 :T1{id:22}]->(n1{k6:NULL, id:23}), (n2{k7:NULL, id:24})<-[ :T2{id:25}]-(n3{id:26}) RETURN 1 AS a0, 1 AS a1;
MERGE ( { id : 16 } ) - [ r0 : T2 { k49 : 'cU' , id : 17 } ] - ( { id : CASE WHEN FALSE THEN NULL ELSE 18 END } ) DETACH DELETE r0 CREATE ( { k6 : CASE WHEN TRUE THEN true END , id : 19 } ) < - [ r1 : T5 { id : 20 } ] - ( n0 { id : CASE WHEN TRUE THEN 21 END } ) - [ r2 : T1 { id : 22 } ] - > ( n1 { k6 : NULL , id : 23 } ) CREATE ( n2 { k7 : NULL , id : 24 } ) < - [ : T2 { id : 25 } ] - ( n3 { id : 26 } ) RETURN 1 AS a0 , 1 AS a1 ;
MATCH (a) RETURN count(a);
MATCH (a) RETURN count(a);
MATCH (b)-[a]->(c) RETURN count(a);
MATCH (b)-[a]->(c) RETURN count(a);
OPTIONAL MATCH p0=(), p1=()<-[]-() CREATE ({id:27})-[r0 :T5{k66:NULL, id:28}]->( :L1{id:29}) MERGE p2=(n0 :L1{id:30})-[r1 :T2{id:31}]->(n1 :L1{id:32})-[r2 :T4{id:33}]-( :L4{k25:'2B0e7', id:34}) RETURN collect('p59LF')[toIntegerOrNull(abs(1364738287))] AS a0;
OPTIONAL MATCH p0 = ( ) ,p1 = ( ) < - [ ] - ( ) WITH * CREATE ( { id : 27 } ) - [ r0 : T5 { k66 : NULL , id : 28 } ] - > ( : L1 { id : 29 } ) WITH * MERGE p2 = ( n0 : L1 { id : 30 } ) - [ r1 : T2 { id : 31 } ] - > ( n1 : L1 { id : 32 } ) - [ r2 : T4 { id : 33 } ] - ( : L4 { k25 : '2B0e7' , id : CASE WHEN FALSE THEN NULL ELSE 34 END } ) RETURN collect ( CASE WHEN TRUE THEN 'p59LF' END ) [ toIntegerOrNull ( abs ( 1364738287 ) ) ] AS a0 ;
MATCH (a) RETURN count(a);
MATCH (a) RETURN count(a);
MATCH (b)-[a]->(c) RETURN count(a);
MATCH (b)-[a]->(c) RETURN count(a);
OPTIONAL MATCH ()-[r0 :T4{k58:'K'}]->(), ()-[r0]->()-[ :T2{k48:(exists(({k26:(r0.k63)})-[]->()-[{k69:(r0.k63)}]-()) OR isEmpty(NULL))}]->({k28:(r0.k57)}) CREATE p1=(n3{id:35})<-[ :T4{id:36}]-({id:37})<-[r1 :T2{id:38}]-(n4 :L1{k10:(r0.k62), id:39}) MERGE ({id:40})-[r2 :T1{id:41}]->(n5{id:42}) RETURN DISTINCT n5 AS a2;
OPTIONAL MATCH ( ) - [ r0 : T4 { k58 : 'K' } ] - > ( ) ,( ) - [ r0 ] - > ( ) - [ : T2 { k48 : ( exists ( ( { k26 : CASE WHEN FALSE THEN NULL ELSE ( r0 . k63 ) END } ) - [ ] - > ( ) - [ { k69 : ( r0 . k63 ) } ] - ( ) ) OR isEmpty ( NULL ) ) } ] - > ( { k28 : ( CASE WHEN FALSE THEN NULL ELSE r0 . k57 END ) } ) CREATE p1 = ( n3 { id : CASE WHEN TRUE THEN 35 END } ) < - [ : T4 { id : 36 } ] - ( { id : 37 } ) < - [ r1 : T2 { id : 38 } ] - ( n4 : L1 { k10 : ( CASE WHEN TRUE THEN r0 . k62 END ) , id : CASE WHEN TRUE THEN 39 END } ) WITH * MERGE ( { id : CASE WHEN FALSE THEN NULL ELSE 40 END } ) - [ r2 : T1 { id : 41 } ] - > ( n5 { id : 42 } ) WITH * UNWIND 1 as l0 RETURN DISTINCT n5 AS a2 ;
MATCH (a) RETURN count(a);
MATCH (a) RETURN count(a);
MATCH (b)-[a]->(c) RETURN count(a);
MATCH (b)-[a]->(c) RETURN count(a);
CREATE ( :L1{k9:'ZC', id:43})-[ :T2{id:44}]->(n0{id:45})<-[ :T4{id:46}]-(n1 :L4{id:47}), (n2{id:48})<-[r0 :T1{k44:true, id:49}]-(n3{k23:NULL, id:50}) CREATE ({id:51})<-[ :T1{k43:NULL, id:52}]-(n4{k27:'F', id:53}) MERGE ({id:54})-[r1 :T2{k47:('2'+'G'), id:55}]->(n5{id:56})-[r2 :T4{id:57}]-(n6{id:58}) RETURN *, NULL AS a0;
CREATE (m0: L1 { k9 : 'ZC' , id : 43 } )CREATE (m0)- [ : T2 { id : CASE WHEN FALSE THEN NULL ELSE 44 END } ] - > ( n0 { id : 45 } ) < - [ : T4 { id : 46 } ] - ( n1 : L4 { id : 47 } ) CREATE ( n2 { id : 48 } ) < - [ r0 : T1 { k44 : true , id : 49 } ] - ( n3 { k23 : NULL , id : 50 } ) CREATE ( { id : 51 } ) < - [ : T1 { k43 : NULL , id : CASE WHEN TRUE THEN 52 END } ] - ( n4 { k27 : 'F' , id : 53 } ) MERGE ( { id : 54 } ) - [ r1 : T2 { k47 : ( CASE WHEN FALSE THEN NULL ELSE '2' + 'G' END ) , id : 55 } ] - > ( n5 { id : 56 } ) - [ r2 : T4 { id : CASE WHEN TRUE THEN 57 END } ] - ( n6 { id : 58 } ) WITH * OPTIONAL MATCH ()-[:TYPE]-() RETURN * , NULL AS a0 ;
MATCH (a) RETURN count(a);
MATCH (a) RETURN count(a);
MATCH (b)-[a]->(c) RETURN count(a);
MATCH (b)-[a]->(c) RETURN count(a);
MERGE ( :L1{k7:true, id:59})<-[r0 :T1{id:60}]-( :L4{k27:'dVK1', id:61})-[r1 :T5{k65:false, id:62}]-(n3{id:63}) MERGE p0=({id:64})<-[r3 :T2{id:65}]-({id:66})-[ :T5{id:67}]-(n4{id:68}) MERGE (n5{k10:'6', id:69})<-[ :T1{id:70}]-(n6{id:71})-[ :T5{k68:-266710380, id:72}]->({id:73}) RETURN NULL AS a0 LIMIT 0;
MERGE ( : L1 { k7 : true , id : 59 } ) < - [ r0 : T1 { id : 60 } ] - ( : L4 { k27 : CASE WHEN FALSE THEN NULL ELSE 'dVK1' END , id : 61 } ) - [ r1 : T5 { k65 : false , id : CASE WHEN TRUE THEN 62 END } ] - ( n3 { id : 63 } ) MERGE p0 = ( { id : 64 } ) < - [ r3 : T2 { id : CASE WHEN FALSE THEN NULL ELSE 65 END } ] - ( { id : 66 } ) - [ : T5 { id : CASE WHEN FALSE THEN NULL ELSE 67 END } ] - ( n4 { id : 68 } ) MERGE ( n5 { k10 : '6' , id : 69 } ) < - [ : T1 { id : 70 } ] - ( n6 { id : CASE WHEN TRUE THEN 71 END } ) - [ : T5 { k68 : CASE WHEN TRUE THEN -266710380 END , id : 72 } ] - > ( { id : 73 } ) WITH * RETURN NULL AS a0 ORDER BY 1 LIMIT 0 ;
