-- Time: 2024/04/11 13:55:55
-- Database: janusgraph_database569
-- Database version: composite
-- seed value: 1712812407093
CREATE (n0 {id : 0});
CREATE (n0 :L3{k19 : 1077701067, k18 : -321151446, k20 : true, id : 1, k21 : -523231352, k23 : 1933399750});
CREATE (n0 :L5{k31 : '1', k30 : true, id : 2, k32 : 'B', k35 : true, k34 : true, k36 : 494628686});
CREATE (n0 :L2{k17 : '44bJB', k16 : 'vnWO', k11 : 'FF', id : 3, k13 : true, k12 : false, k15 : 1579325041});
MATCH (n0 {id : 0}), (n1 {id : 2}) MERGE(n0)-[r :T0{k49 : true, id : 4, k43 : true, k46 : 'ZrrepdpRy', k45 : 'J', k48 : 168068998, k47 : true}]->(n1);
MATCH (n0 {id : 3}), (n1 {id : 0}) MERGE(n0)-[r :T3{k62 : -1948669745, k64 : true, k63 : false, k66 : -926568611, id : 5, k65 : '8'}]->(n1);
MATCH (n0 {id : 0}), (n1 {id : 2}) MERGE(n0)-[r :T3{k62 : -1312847975, k64 : true, k63 : false, k66 : -482935698, id : 6, k65 : '5qv18x'}]->(n1);
MATCH (n0 {id : 3}), (n1 {id : 1}) MERGE(n0)-[r :T4{k71 : 'J4pLVanP6', k70 : false, k73 : 986697974, k72 : false, id : 7, k68 : true, k67 : 'l', k69 : true}]->(n1);
MATCH (n0 {id : 1}), (n1 {id : 0}) MERGE(n0)-[r :T1{k51 : false, k52 : 'H', k55 : 1732315858, id : 8, k54 : 'i'}]->(n1);
MATCH (n0 {id : 1}), (n1 {id : 1}) MERGE(n0)-[r :T1{k51 : true, k50 : 'si', k53 : 310123098, k55 : -2104927338, id : 9, k54 : 'UP3tNPt'}]->(n1);
MATCH (n0 {id : 0}), (n1 {id : 3}) MERGE(n0)-[r :T2{k60 : 252293917, k61 : 'P', id : 10, k57 : -383826418, k56 : -468447777, k59 : 'P4469', k58 : 332998906}]->(n1);
UNWIND NULL AS a0 UNWIND toIntegerList([NULL]) AS a1 MERGE ({id:11}) RETURN 1 AS a2;
UNWIND NULL AS a0 UNWIND toIntegerList ( [ NULL ] ) AS a1 WITH * MERGE ( { id : CASE WHEN TRUE THEN 11 END } ) WITH * UNWIND [1] as l0 RETURN 1 AS a2 ;
MATCH (a) RETURN count(a);
MATCH (b)-[a]->(c) RETURN count(a);
MATCH (b)-[a]->(c) RETURN count(a);
OPTIONAL MATCH p1=(n0), ()<-[]-(n1)-[*0..1]->() DETACH DELETE n0  SET n1.k=CASE WHEN NULL THEN NULL END RETURN *, 'vep5INHT' AS a1;
OPTIONAL MATCH p1 = (n0)-[*0..0]-( n0 ) ,( ) < - [ ] - ( n1 ) - [ * 0 .. 1 ] - > ( ) DETACH DELETE n0 WITH * UNWIND 1 as l0 SET n1 . k = CASE WHEN NULL THEN NULL END WITH * OPTIONAL MATCH ()-[:TYPE]-() RETURN * , CASE WHEN FALSE THEN NULL ELSE 'vep5INHT' END AS a1 ;
