-- Time: 2024/04/11 14:36:11
-- Database: janusgraph_database1112
-- Database version: composite
-- seed value: 1712812407637
CREATE (n0 :L2{k11 : -599247267, id : 0, k13 : 'o', k12 : 'P', k15 : true, k14 : false});
CREATE (n0 {id : 1});
CREATE (n0 {id : 2});
CREATE (n0 :L3{k17 : true, k19 : false, k18 : '8M', k20 : true, k22 : 1307506117, id : 3, k21 : false});
MATCH (n0 {id : 3}), (n1 {id : 1}) MERGE(n0)-[r :T4{k60 : 'S', k55 : 'E', id : 4, k57 : 553691305, k56 : 261693813, k59 : 'jfUVY7r2', k58 : 86412913}]->(n1);
MATCH (n0 {id : 1}), (n1 {id : 0}) MERGE(n0)-[r :T1{k39 : true, k38 : true, k40 : 1280715486, k41 : true, id : 5, k37 : false, k36 : 1126686512}]->(n1);
MATCH (n0 {id : 2}), (n1 {id : 2}) MERGE(n0)-[r :T4{k60 : 'hcUJZek', k55 : 'F6R4N', id : 6, k57 : -1176419626, k56 : -270541058, k59 : '7FscFVeE', k58 : -874869436}]->(n1);
MATCH (n0 {id : 3}), (n1 {id : 3}) MERGE(n0)-[r :T4{k60 : '8WJq2F', k55 : 'AInK', id : 7, k57 : 2066134345, k56 : -449109781, k59 : 'Z', k58 : -1316218342}]->(n1);
MATCH (n0 {id : 3}), (n1 {id : 1}) MERGE(n0)-[r :T6{k71 : true, k70 : 'Z', id : 8, k68 : -274381442, k67 : false, k69 : -1786332486}]->(n1);
MATCH (n0 {id : 3}), (n1 {id : 0}) MERGE(n0)-[r :T3{k49 : -43130035, k51 : 720521295, k50 : 'IUoP6', k53 : -820969689, k52 : 'c', id : 9, k54 : 'b', k48 : '63tV2Lrao'}]->(n1);
MATCH (n0)-[r3]->()-[r4]-(n1), () WHERE exists(()-[]-( :L3{k19:isEmpty([p0=(n0)-[r1]-(n1 :L3)|NULL])})-[ :T3{k54:NULL}]-( :L2)) REMOVE n1.k2 DETACH DELETE n0  RETURN n1 AS a2 UNION WITH * CREATE ({id:10}) MERGE (n0{k21:true, id:11})-[r0 :T6{id:12}]->(n1{id:13})-[r1 :T1{k36:-594783205, id:14}]-(n4{k12:('6EXgDr'+'6DImih0'), id:15}) RETURN n1 AS a2;
MATCH (n0)-[*0..0]-( n0 ) - [ r3 ] - > ( ) - [ r4 ] - ( n1 ) ,()-[*0..0]-( ) WHERE FALSE OR exists ( ( ) - [ ] - ( : L3 { k19 : isEmpty ( [ p0 = ( n0 ) - [ r1 ] - ( n1 : L3 ) | NULL ] ) } ) - [ : T3 { k54 : NULL } ] - ( : L2 ) ) REMOVE n1 . k2 DETACH DELETE n0 RETURN n1 AS a2 UNION WITH * OPTIONAL MATCH ()-[:TYPE]-() CREATE ( { id : 10 } ) MERGE ( n0 { k21 : true , id : 11 } ) - [ r0 : T6 { id : 12 } ] - > ( n1 { id : 13 } ) - [ r1 : T1 { k36 : -594783205 , id : 14 } ] - ( n4 { k12 : ( '6EXgDr' + '6DImih0' ) , id : 15 } ) WITH * UNWIND [NULL] as l0 RETURN n1 AS a2 ;
MATCH (a) RETURN count(a);
MATCH (b)-[a]->(c) RETURN count(a);
MATCH (b)-[a]->(c) RETURN count(a);
MATCH ()-[]->(n0 :L2)-[r0]-(n1), () DETACH DELETE n1  REMOVE n0.k2 RETURN n0 AS a0, 1 AS a1;
MATCH ()-[*0..0]-( ) - [ ] - > ( n0 : L2 ) - [ r0 ] - ( n1 ) ,( ) UNWIND [NULL] as l0 DETACH DELETE n1 WITH * OPTIONAL MATCH ()-[:TYPE]-() WITH * CALL{WITH *REMOVE n0 . k2 } RETURN n0 AS a0 , 1 AS a1 ORDER BY TRUE ;
