-- Time: 2024/04/11 14:06:17
-- Database: janusgraph_database709
-- Database version: composite
-- seed value: 1712812407233
CREATE (n0 :L2{k11 : false, id : 0, k10 : -1689836101, k12 : 'g', k14 : 'v'});
CREATE (n0 :L4{k27 : false, id : 1, k21 : -976067, k24 : -172957008, k23 : false, k25 : 'p5hY'});
CREATE (n0 :L1{k5 : true, id : 2, k6 : 'c', k7 : 'E', k8 : -791664909, k9 : false});
CREATE (n0 :L2{k11 : true, id : 3, k10 : -1689836101, k13 : -926078299, k12 : '5', k14 : 'S'});
MATCH (n0 {id : 0}), (n1 {id : 2}) MERGE(n0)-[r :T1{k42 : 'aZSNy', k41 : true, id : 4, k46 : 182839637, k45 : false}]->(n1);
MATCH (n0 {id : 2}), (n1 {id : 2}) MERGE(n0)-[r :T1{k42 : 'E', k41 : false, k44 : false, id : 5, k43 : '8', k46 : 1296622146, k45 : false}]->(n1);
MATCH (n0 {id : 2}), (n1 {id : 2}) MERGE(n0)-[r :T2{k49 : -2038058606, k51 : 1382254202, k50 : false, id : 6, k48 : true, k47 : false}]->(n1);
OPTIONAL MATCH ()-[]->()-[r0 :T1{k44:NULL}]->(n0) WHERE false REMOVE n0.k2 MERGE (n1 :L4{k23:true, id:7}) RETURN isEmpty([x IN [-148935158, toIntegerOrNull({})]|NULL]) AS a0, r0 AS a1;
OPTIONAL MATCH (nn0),()-[m1]->(),(nn2),()-[r0:T1{k44:NULL}]->(),(n0) WHERE exists((nn0)-[m1]->(nn2)-[r0]->(n0)) AND (false )OPTIONAL MATCH ()-[:TYPE]-() FOREACH(f in [1]|REMOVE n0 . k2 ) MERGE ( n1 : L4 { k23 : true , id : 7 } ) RETURN CASE WHEN TRUE THEN isEmpty ( [ x IN [ -148935158 , toIntegerOrNull ( CASE WHEN TRUE THEN { } END ) ] | NULL ] ) END AS a0 , r0 AS a1 LIMIT 1 ;
MATCH (a) RETURN count(a);
MATCH (b)-[a]->(c) RETURN count(a);
MATCH (b)-[a]->(c) RETURN count(a);
MERGE p0=({k12:'aVd6Ax', id:8}) DETACH DELETE p0  CREATE p1=( :L2{id:9}), (n0 :L2{id:10}) RETURN 1 AS a0, 1 AS a1 SKIP 1;
MERGE p0 = ( { k12 : ('aVd6Ax' +'') , id : 8 } ) DETACH DELETE p0 CREATE p1 = ( : L2 { id : 9 } ) CREATE ( n0 : L2 { id : 10 } ) WITH * UNWIND 1 as l0 RETURN 1 AS a0 , 1 AS a1 SKIP 1 ;
MATCH (a) RETURN count(a);
MATCH (a) RETURN count(a);
MATCH (b)-[a]->(c) RETURN count(a);
MATCH (b)-[a]->(c) RETURN count(a);
MATCH (n0{k25:(NULL+toStringOrNull(NULL))}), ( :L1{k7:'3J'})-[r0]->() MERGE (n1{id:11}) SET n1.k=NULL RETURN 1 AS a0, r0 AS a1;
MATCH ( n0 { k25 : ( CASE WHEN FALSE THEN NULL ELSE NULL + toStringOrNull ( NULL ) END ) } ) ,( : L1 { k7 : '3J' } ) - [ r0 ] - > ( ) MERGE ( n1 { id : CASE WHEN FALSE THEN NULL ELSE 11 END } ) WITH * SET n1 . k = NULL RETURN 1 AS a0 , r0 AS a1 ;
MATCH (a) RETURN count(a);
MATCH (a) RETURN count(a);
MATCH (b)-[a]->(c) RETURN count(a);
MATCH (b)-[a]->(c) RETURN count(a);
MATCH (), () MATCH () WHERE false CREATE ({id:12}), (n0 :L2{id:13}) RETURN 1 AS a0, 1 AS a1;
MATCH ( ) ,()-[*0..0]-( ) MATCH ( ) WHERE CASE WHEN TRUE THEN false END CREATE ( { id : 12 } ) CREATE ( n0 : L2 { id : 13 } ) RETURN 1 AS a0 , 1 AS a1 ;
