-- Time: 2024/04/11 13:35:08
-- Database: janusgraph_database288
-- Database version: composite
-- seed value: 1712812406811
CREATE (n0 :L1{k5 : true, k11 : 1967956437, id : 0, k6 : 865868131, k10 : false, k7 : 1202095686, k8 : -1963668804, k9 : false});
CREATE (n0 {id : 1});
CREATE (n0 :L1{k5 : false, k11 : 1371980869, id : 2, k10 : true, k7 : -1524133761, k8 : -1924888846, k9 : false});
CREATE (n0 :L0{k1 : 637679833, k2 : -1832900107, k3 : false, k4 : true, id : 3});
MATCH (n0 {id : 2}), (n1 {id : 0}) MERGE(n0)-[r :T3{k55 : false, id : 4, k57 : '1y', k56 : 'R4Q0kgXU', k59 : true, k58 : false}]->(n1);
MATCH (n0 {id : 0}), (n1 {id : 3}) MERGE(n0)-[r :T2{k49 : 'm', k53 : -1834219840, k52 : -301302176, id : 5, k54 : false, k48 : 'r1p'}]->(n1);
MATCH (n0 {id : 1}), (n1 {id : 1}) MERGE(n0)-[r :T4{k60 : 'R', k62 : true, k64 : false, k63 : 'n6VZxnjF', id : 6}]->(n1);
MATCH (n0 {id : 0}), (n1 {id : 1}) MERGE(n0)-[r :T1{k41 : -779333219, k44 : 'v', id : 7, k43 : -2005271941, k46 : 'Y', k45 : true, k47 : 'KT0'}]->(n1);
MATCH (n0 {id : 1}), (n1 {id : 1}) MERGE(n0)-[r :T3{id : 8, k57 : 'VMf', k56 : 'j', k59 : true, k58 : true}]->(n1);
OPTIONAL MATCH ()-[]->(n0) REMOVE n0.k2 MERGE p0=({id:9})<-[r0 :T3{id:10}]-({k5:false, id:11}) RETURN n0 AS a0, n0 AS a1 UNION ALL WITH * UNWIND [NULL] AS a0 MERGE ({id:12})<-[r0 :T1{id:13}]-(n0 :L1{id:14})-[r1 :T3{id:15}]-({id:16}) RETURN a0 AS a0, (n0.k9) AS a1;
OPTIONAL MATCH ( ) - [ ] - > ( n0 ) REMOVE n0 . k2 WITH * OPTIONAL MATCH ()-[:TYPE]-() MERGE p0 = ( { id : 9 } ) < - [ r0 : T3 { id : 10 } ] - ( { k5 : CASE WHEN FALSE THEN NULL ELSE false END , id : 11 } ) WITH * OPTIONAL MATCH ()-[:TYPE]-() RETURN n0 AS a0 , CASE WHEN TRUE THEN n0 END AS a1 UNION ALL WITH * UNWIND [ NULL ] AS a0 MERGE ( { id : 12 } ) < - [ r0 : T1 { id : 13 } ] - ( n0 : L1 { id : 14 } ) - [ r1 : T3 { id : 15 } ] - ( { id : 16 } ) WITH * OPTIONAL MATCH ()-[:TYPE]-() RETURN CASE WHEN TRUE THEN a0 END AS a0 , ( n0 . k9 ) AS a1 ;
MATCH (a) RETURN count(a);
MATCH (b)-[a]->(c) RETURN count(a);
MATCH (b)-[a]->(c) RETURN count(a);
CREATE (n0{id:17})<-[ :T3{id:18}]-({id:19}), ({id:20})-[r0 :T4{k60:reverse(NULL), id:21}]->({id:22})-[ :T3{k58:(((NULL AND ('kMs6' > false)) OR false) AND (NULL < NULL)), id:23}]->(n4{id:24}) MERGE (n5{id:25}) REMOVE n5.k2 RETURN n5 AS a0 SKIP 0;
CREATE ( n0 { id : 17 } ) < - [ : T3 { id : 18 } ] - ( { id : 19 } ) CREATE ( { id : 20 } ) - [ r0 : T4 { k60 : reverse ( NULL ) , id : 21 } ] - > ( { id : CASE WHEN FALSE THEN NULL ELSE 22 END } ) - [ : T3 { k58 : ( ( ( NULL AND ( CASE WHEN FALSE THEN NULL ELSE 'kMs6' > false END ) ) OR false ) AND ( CASE WHEN TRUE THEN NULL < NULL END ) ) , id : 23 } ] - > ( n4 { id : CASE WHEN FALSE THEN NULL ELSE 24 END } ) MERGE ( n5 { id : 25 } ) REMOVE n5 . k2 RETURN n5 AS a0 SKIP 0 ;
MATCH (a) RETURN count(a);
MATCH (a) RETURN count(a);
MATCH (b)-[a]->(c) RETURN count(a);
MATCH (b)-[a]->(c) RETURN count(a);
MATCH ()-[r0]->(n0)-[r1]-() WHERE true CREATE p0=( :L1{id:26})<-[r2 :T3{id:27}]-({id:28}) SET n0.k=NULL RETURN 1 AS a0 ORDER BY a0 DESC;
MATCH ( ) - [ r0 ] - > ( n0 ) - [ r1 ] - ( ) WHERE true OPTIONAL MATCH ()-[:TYPE]-() CREATE p0 = ( : L1 { id : 26 } ) < - [ r2 : T3 { id : 27 } ] - ( { id : 28 } ) WITH * OPTIONAL MATCH ()-[:TYPE]-() WITH * CALL{WITH *SET n0 . k = NULL } RETURN 1 AS a0 ORDER BY a0 DESC ;
