-- Time: 2024/04/11 14:13:55
-- Database: janusgraph_database812
-- Database version: composite
-- seed value: 1712812407336
CREATE (n0 :L2{k11 : '99', id : 0, k10 : false, k13 : 'b', k12 : 'G3t7Soj', k15 : false, k14 : 'W'});
CREATE (n0 :L4{id : 1, k21 : '3A', k24 : -1609083950, k23 : -1916577668, k25 : 1273148133});
CREATE (n0 {id : 2});
CREATE (n0 {id : 3});
MATCH (n0 {id : 3}), (n1 {id : 1}) MERGE(n0)-[r :T3{k49 : true, k44 : 'F', id : 4, k47 : 'X'}]->(n1);
MATCH (n0 {id : 0}), (n1 {id : 1}) MERGE(n0)-[r :T0{k28 : true, k27 : 'LUy', k29 : 'I', k31 : 'vi', k30 : 'e', id : 5, k26 : false}]->(n1);
MERGE ({id:6})-[r0 :T3{id:7}]-(n0{k22:'cmUpR7L', id:8})<-[r1 :T0{id:9}]-(n1{k10:false, id:10}) DETACH DELETE n1  CREATE (n2{id:11})-[r2 :T3{k49:(r0.k46), id:12}]->(n3{id:13})<-[r3 :T0{id:14}]-(n4{k14:(r0.k47), id:15}), (n5 :L4{id:16})<-[r4 :T0{id:17}]-({id:18}) RETURN 1 AS a0, r0 AS a1 ORDER BY endNode(relationships(NULL)[toIntegerOrNull(abs((r0.k45)))]), a0 DESC LIMIT 1;
MERGE ( { id : 6 } ) - [ r0 : T3 { id : 7 } ] - ( n0 { k22 : 'cmUpR7L' , id : 8 } ) < - [ r1 : T0 { id : CASE WHEN TRUE THEN 9 END } ] - ( n1 { k10 : false , id : 10 } ) FOREACH(f in [1]|DETACH DELETE n1 ) CREATE ( n2 { id : 11 } ) - [ r2 : T3 { k49 : ( CASE WHEN FALSE THEN NULL ELSE r0 . k46 END ) , id : 12 } ] - > ( n3 { id : 13 } ) < - [ r3 : T0 { id : 14 } ] - ( n4 { k14 : ( CASE WHEN TRUE THEN r0 . k47 END ) , id : 15 } ) CREATE ( n5 : L4 { id : 16 } ) < - [ r4 : T0 { id : 17 } ] - ( { id : CASE WHEN FALSE THEN NULL ELSE 18 END } ) RETURN 1 AS a0 , r0 AS a1 ORDER BY endNode(relationships(NULL)[toIntegerOrNull(abs((r0.k45)))]), a0 DESC LIMIT 1 ;
MATCH (a) RETURN count(a);
MATCH (b)-[a]->(c) RETURN count(a);
MATCH (b)-[a]->(c) RETURN count(a);
MATCH ()<-[r0]-(n0), p0=()-[r0]-(n1) WHERE NULL SET n1.k=true SET n1.k=NULL RETURN *, n1 AS a0;
MATCH ( ) < - [ r0 ] - ( n0 ) ,p0 = ( ) - [ r0 ] - ( n1 ) WHERE NULL WITH * SET n1 . k = true WITH * UNWIND [1] as l0 FOREACH(f in [1]|SET n1 . k = NULL ) RETURN DISTINCT * , n1 AS a0 ;
MATCH (a) RETURN count(a);
MATCH (a) RETURN count(a);
MATCH (b)-[a]->(c) RETURN count(a);
MATCH (b)-[a]->(c) RETURN count(a);
UNWIND [x IN ['JjR', 'F']|toStringOrNull(endNode(NULL))] AS a0 OPTIONAL MATCH (n0)<-[]-() DETACH DELETE n0  RETURN 1 AS a1, 1 AS a2;
UNWIND [ x IN [ CASE WHEN FALSE THEN NULL ELSE 'JjR' END , 'F' ] | toStringOrNull ( endNode ( NULL ) ) ] AS a0 OPTIONAL MATCH ( n0 ) < - [ ] - ( ) DETACH DELETE n0 WITH * UNWIND [1] as l0 RETURN 1 AS a1 , 1 AS a2 SKIP 1 ;
MATCH (a) RETURN count(a);
MATCH (a) RETURN count(a);
MATCH (b)-[a]->(c) RETURN count(a);
MATCH (b)-[a]->(c) RETURN count(a);
MERGE p0=(n0{id:19}) CREATE (n1{id:20}), ({id:21}) SET n0.k=NULL RETURN NULL AS a0, n0 AS a1;
MERGE p0 = ( n0 { id : 19 } ) CREATE ( n1 { id : 20 } ) CREATE ( { id : 21 } ) SET n0 . k = CASE WHEN FALSE THEN NULL ELSE NULL END RETURN NULL AS a0 , n0 AS a1 ;
