-- Time: 2024/04/11 14:00:14
-- Database: janusgraph_database627
-- Database version: composite
-- seed value: 1712812407151
CREATE (n0 {id : 0});
CREATE (n0 :L1{id : 1, k10 : true, k7 : false, k13 : '15', k8 : -1234031212, k9 : 'MI'});
CREATE (n0 :L4{k27 : 'o', k29 : 451842140, k30 : false, id : 2, k26 : false, k25 : -651700934});
CREATE (n0 :L4{k28 : 'DpOjoS0', k27 : 'c', k30 : false, id : 3, k26 : true, k25 : -1503391909});
MATCH (n0 {id : 2}), (n1 {id : 0}) MERGE(n0)-[r :T2{k49 : -243037023, k51 : 'e5ZkD', k50 : 'N', k53 : '2', k52 : 'R', id : 4, k54 : false}]->(n1);
MATCH (n0 {id : 1}), (n1 {id : 3}) MERGE(n0)-[r :T3{k60 : -1178222180, k62 : -222672206, k61 : false, id : 5, k57 : 'n7URxo', k56 : 1830201265, k59 : -1672702737, k58 : false}]->(n1);
MATCH (n0 {id : 1}), (n1 {id : 0}) MERGE(n0)-[r :T1{k42 : '7Aw', k44 : false, id : 6, k43 : false, k46 : 'eIKJ', k45 : -57559476, k48 : 'K', k47 : false}]->(n1);
MATCH (n0 {id : 0}), (n1 {id : 2}) MERGE(n0)-[r :T2{k49 : -325328198, k51 : 'k', k50 : 'YI9rpR2', k53 : 'Epw3VC', k52 : '6', k55 : -1437159981, id : 7, k54 : false}]->(n1);
MERGE (n0{id:8}) MERGE ({id:9})-[r0 :T2{id:10}]-(n1{k28:'y', id:11})-[r1 :T2{id:12}]->(n2{id:13}) CREATE ({id:14}), (n3{id:15})-[ :T2{id:16}]->( :L4{id:17})-[ :T2{id:18}]->(n4{id:19}) RETURN (r0.k55) AS a0, n0 AS a1 UNION WITH NULL AS a0 MATCH (n0 :L4)-[r0]-(), (n1{k12:(n0.k26)})-[r0]-() MERGE ({k12:true, id:20})-[ :T2{k51:'Bw', id:21}]-(n2 :L4{id:22}) RETURN n0 AS a0, r0 AS a1;
MERGE ( n0 { id : 8 } ) MERGE ( { id : 9 } ) - [ r0 : T2 { id : 10 } ] - ( n1 { k28 : 'y' , id : 11 } ) - [ r1 : T2 { id : 12 } ] - > ( n2 { id : CASE WHEN TRUE THEN 13 END } ) WITH * OPTIONAL MATCH ()-[:TYPE]-() CREATE ( { id : CASE WHEN FALSE THEN NULL ELSE 14 END } ) CREATE ( n3 { id : 15 } ) - [ : T2 { id : 16 } ] - > ( : L4 { id : 17 } ) - [ : T2 { id : 18 } ] - > ( n4 { id : 19 } ) RETURN ( CASE WHEN TRUE THEN r0 . k55 END ) AS a0 , n0 AS a1 UNION WITH NULL AS a0 WITH * MATCH (n0)-[*0..0]-( n0 : L4 ) - [ r0 ] - ( ) ,( n1 { k12 : ( n0 . k26 ) } ) - [ r0 ] - ( ) OPTIONAL MATCH ()-[:TYPE]-() MERGE ( { k12 : true , id : 20 } ) - [ : T2 { k51 : CASE WHEN TRUE THEN 'Bw' END , id : CASE WHEN FALSE THEN NULL ELSE 21 END } ] - ( n2 : L4 { id : 22 } ) WITH * UNWIND [NULL] as l0 RETURN n0 AS a0 , CASE WHEN FALSE THEN NULL ELSE r0 END AS a1 ORDER BY FALSE DESC LIMIT 1 ;
MATCH (a) RETURN count(a);
MATCH (b)-[a]->(c) RETURN count(a);
MATCH (b)-[a]->(c) RETURN count(a);
MATCH ()<-[ :T3{k58:NULL}]-(n0), (n1 :L4)-[]-(n0) CREATE p0=(n2{id:23})<-[r0 :T3{id:24}]-(n3{id:25})-[ :T1{id:26}]->({id:27}), ({k27:'y', id:28})-[r1 :T2{id:29}]->(n4{id:30}) DETACH DELETE n0  RETURN (n1.k25) AS a0, CASE WHEN false THEN NULL END AS a1 ORDER BY NULL, a1 SKIP 1;
MATCH ( ) < - [ : T3 { k58 : NULL } ] - ( n0 ) ,( n1 : L4 ) - [ ] - ( n0 ) CREATE p0 = ( n2 { id : CASE WHEN TRUE THEN 23 END } ) < - [ r0 : T3 { id : 24 } ] - ( n3 { id : CASE WHEN FALSE THEN NULL ELSE 25 END } ) - [ : T1 { id : 26 } ] - > ( { id : 27 } ) CREATE ( { k27 : 'y' , id : 28 } ) - [ r1 : T2 { id : 29 } ] - > ( n4 { id : 30 } ) WITH * OPTIONAL MATCH ()-[:TYPE]-() DETACH DELETE n0 RETURN ( CASE WHEN FALSE THEN NULL ELSE n1 . k25 END ) AS a0 , CASE WHEN false THEN NULL END AS a1 ORDER BY NULL, a1 SKIP 1 ;
MATCH (a) RETURN count(a);
MATCH (a) RETURN count(a);
MATCH (b)-[a]->(c) RETURN count(a);
MATCH (b)-[a]->(c) RETURN count(a);
UNWIND CASE WHEN (NULL > [x IN ['eZBRazw', 'ue7u']|NULL]) THEN [NULL, [[], []]] END AS a0 UNWIND a0 AS a1 CREATE (n0 :L4{id:31})-[r0 :T2{k52:NULL, id:32}]->({id:33})<-[r1 :T1{id:34}]-({k8:-640011548, id:35}) RETURN 1 AS a2;
UNWIND CASE WHEN ( NULL > [ x IN [ CASE WHEN FALSE THEN NULL ELSE 'eZBRazw' END , 'ue7u' ] | CASE WHEN FALSE THEN NULL ELSE NULL END ] ) THEN [ NULL , [ [ ] , CASE WHEN FALSE THEN NULL ELSE [ ] END ] ] END AS a0 UNWIND CASE WHEN TRUE THEN a0 END AS a1 OPTIONAL MATCH ()-[:TYPE]-() CREATE ( n0 : L4 { id : 31 } ) - [ r0 : T2 { k52 : NULL , id : 32 } ] - > ( { id : CASE WHEN TRUE THEN 33 END } ) < - [ r1 : T1 { id : 34 } ] - ( { k8 : -640011548 , id : 35 } ) RETURN CASE WHEN TRUE THEN 1 END AS a2 ;
MATCH (a) RETURN count(a);
MATCH (a) RETURN count(a);
MATCH (b)-[a]->(c) RETURN count(a);
MATCH (b)-[a]->(c) RETURN count(a);
CREATE (n0{id:36})-[ :T2{id:37}]->(n1{id:38}), ({id:39})<-[ :T2{id:40}]-({id:41}) MERGE ( :L4{k26:false, id:42})-[r0 :T2{id:43}]-(n2{id:44})-[r1 :T1{k47:true, id:45}]-( :L1{k11:false, id:46}) SET n2.k=(r0.k55) RETURN n2 AS a0;
CREATE ( n0 { id : 36 } ) - [ : T2 { id : 37 } ] - > ( n1 { id : 38 } ) CREATE ( { id : 39 } ) < - [ : T2 { id : 40 } ] - ( { id : 41 } ) MERGE ( : L4 { k26 : CASE WHEN TRUE THEN false END , id : 42 } ) - [ r0 : T2 { id : 43 } ] - ( n2 { id : 44 } ) - [ r1 : T1 { k47 : true , id : 45 } ] - ( : L1 { k11 : false , id : 46 } ) SET n2 . k = CASE WHEN TRUE THEN ( r0 . k55 ) END RETURN n2 AS a0 ;
MATCH (a) RETURN count(a);
MATCH (a) RETURN count(a);
MATCH (b)-[a]->(c) RETURN count(a);
MATCH (b)-[a]->(c) RETURN count(a);
UNWIND [CASE WHEN NULL THEN NULL END, {k1: length(NULL), k2: NULL}] AS a0 MATCH p0=( :L4)-[ :T3{k62:-294129546}]-(n0)-[]->(), (n1)-[r0]->()-[]-(n0) WHERE NULL SET n0.k='i' RETURN p0 AS a1, n0 AS a2 UNION CREATE ({k28:'Czde3iZea', id:47})<-[r0 :T2{id:48}]-({id:49})<-[r1 :T1{id:50}]-({k8:NULL, id:51}), (n0{id:52})<-[r2 :T2{id:53}]-(n1{k7:NULL, id:54}) MERGE (n2{id:55}) DETACH DELETE n2  RETURN 1 AS a1, 1 AS a2 LIMIT 1;
UNWIND [ CASE WHEN NULL THEN NULL END , CASE WHEN TRUE THEN { k1 : length ( NULL ) , k2 : NULL } END ] AS a0 MATCH p0=( :L4)-[ :T3{k62:-294129546}]-(n0)-[]->(),(n1),()-[r0]->(),(nn0),()<-[m1]-(),(n0) WITH * WHERE exists((n1)-[r0]->(nn0)-[m1]-(n0)) AND (NULL )SET n0 . k = 'i' RETURN p0 AS a1 , n0 AS a2 ORDER BY TRUE UNION CREATE ( { k28 : 'Czde3iZea' , id : 47 } ) < - [ r0 : T2 { id : 48 } ] - ( { id : 49 } ) < - [ r1 : T1 { id : 50 } ] - ( { k8 : NULL , id : 51 } ) CREATE ( n0 { id : 52 } ) < - [ r2 : T2 { id : CASE WHEN TRUE THEN 53 END } ] - ( n1 { k7 : NULL , id : 54 } ) MERGE ( n2 { id : 55 } ) DETACH DELETE n2 RETURN 1 AS a1 , 1 AS a2 ORDER BY 1 SKIP 1 LIMIT CASE WHEN FALSE THEN NULL ELSE 1 END ;
MATCH (a) RETURN count(a);
MATCH (a) RETURN count(a);
MATCH (b)-[a]->(c) RETURN count(a);
MATCH (b)-[a]->(c) RETURN count(a);
OPTIONAL MATCH (n0)<-[r0]-( :L1{k7:NULL})-[]->(), ({k26:false})-[]-()-[r0]-(n0) UNWIND nodes(CASE WHEN true THEN NULL END) AS a0 DETACH DELETE a0  RETURN n0 AS a1;
OPTIONAL MATCH ( n0 ) < - [ r0 ] - ( : L1 { k7 : NULL } ) - [ ] - > ( ) ,( { k26 : false } ) - [ ] - ( ) - [ r0 ] - ( n0 ) UNWIND nodes ( CASE WHEN true THEN NULL END ) AS a0 UNWIND [NULL] as l0 DETACH DELETE a0 RETURN n0 AS a1 ;
MATCH (a) RETURN count(a);
MATCH (a) RETURN count(a);
MATCH (b)-[a]->(c) RETURN count(a);
MATCH (b)-[a]->(c) RETURN count(a);
CREATE (n0 :L4{id:56})-[ :T2{k50:substring(NULL, toIntegerOrNull(abs(469877558)), toIntegerOrNull(abs(NULL))), id:57}]->(n1{id:58})<-[ :T1{k46:NULL, id:59}]-(n2 :L1{id:60}), (n3 :L4{id:61})-[r0 :T2{id:62}]->({id:63})-[ :T2{k54:true, id:64}]->({id:65}) CREATE (n4{id:66})<-[ :T2{id:67}]-(n5{id:68}), (n6{k26:(NULL >= 'Q'), id:69})-[r1 :T2{id:70}]->(n7{id:71})-[ :T2{k53:NULL, id:72}]->(n8{k30:(isEmpty({k1: NULL, k2: NULL}) OR NULL), id:73}) CREATE ( :L4{id:74}), ({id:75}) RETURN -1334160815 AS a0, 1 AS a1;
CREATE (n0: L4 { id : 56 } )CREATE (n0)- [ : T2 { k50 : substring ( NULL , toIntegerOrNull ( abs ( 469877558 ) ) , toIntegerOrNull ( abs ( CASE WHEN FALSE THEN NULL ELSE NULL END ) ) ) , id : 57 } ] - > ( n1 { id : 58 } ) < - [ : T1 { k46 : NULL , id : 59 } ] - ( n2 : L1 { id : 60 } ) CREATE ( n3 : L4 { id : 61 } ) - [ r0 : T2 { id : 62 } ] - > ( { id : 63 } ) - [ : T2 { k54 : true , id : 64 } ] - > ( { id : CASE WHEN TRUE THEN 65 END } ) WITH * UNWIND [NULL] as l0 CREATE ( n4 { id : CASE WHEN TRUE THEN 66 END } ) < - [ : T2 { id : 67 } ] - ( n5 { id : 68 } ) CREATE (n8{k30:(isEmpty({k1: NULL, k2: NULL}) OR NULL), id:73})<-[ : T2 { k53 : NULL , id : CASE WHEN FALSE THEN NULL ELSE 72 END } ] -(n7{id:71})<-[ r1 : T2 { id : 70 } ] -( n6 { k26 : ( NULL >= 'Q' ) , id : CASE WHEN TRUE THEN 69 END } ) CREATE ( : L4 { id : 74 } ) CREATE ( { id : 75 } ) RETURN -1334160815 AS a0 , 1 AS a1 LIMIT 1 ;
MATCH (a) RETURN count(a);
MATCH (a) RETURN count(a);
MATCH (b)-[a]->(c) RETURN count(a);
MATCH (b)-[a]->(c) RETURN count(a);
UNWIND [(((1480839366--42219589)+NULL)*(-71855153-toIntegerOrNull([])))] AS a0 CREATE p0=(n0{id:76}) MERGE ({id:77}) RETURN 1 AS a1;
UNWIND [ ( ( ( 1480839366 - -42219589 ) + NULL ) * ( -71855153 - toIntegerOrNull ( [ ] ) ) ) ] AS a0 CREATE p0 = ( n0 { id : 76 } ) MERGE ( { id : 77 } ) WITH * OPTIONAL MATCH ()-[:TYPE]-() RETURN 1 AS a1 ;
MATCH (a) RETURN count(a);
MATCH (a) RETURN count(a);
MATCH (b)-[a]->(c) RETURN count(a);
MATCH (b)-[a]->(c) RETURN count(a);
OPTIONAL MATCH (n0 :L4)-[*0..]-()-[]-({k8:-1092779577}), () WHERE (n0.k26) UNWIND [(n0.k30), (n0.k26)] AS a0 MERGE (n1{id:78}) RETURN 1 AS a1, n1 AS a2 LIMIT 0;
OPTIONAL MATCH ( n0 : L4 ) - [ * 0 .. ] - ( ) - [ ] - ( { k8 : -1092779577 } ) ,()-[*0..0]-( ) WHERE CASE WHEN TRUE THEN ( n0 . k26 ) END OPTIONAL MATCH ()-[:TYPE]-() UNWIND [ ( n0 . k30 ) , ( n0 . k26 ) ] AS a0 MERGE ( n1 { id : 78 } ) WITH * UNWIND [NULL] as l0 RETURN DISTINCT 1 AS a1 , CASE WHEN TRUE THEN n1 END AS a2 LIMIT 0 ;
