-- Time: 2024/04/11 13:55:28
-- Database: janusgraph_database563
-- Database version: composite
-- seed value: 1712812407087
CREATE (n0 :L2{k11 : true, id : 0, k13 : '3CJmn', k12 : -1683459749, k15 : 'ZO', k14 : 315184159});
CREATE (n0 :L0{k0 : 'TcYeDZ8', k3 : true, k4 : 'RxMDi6', k5 : 'c', id : 1});
CREATE (n0 :L4{k27 : false, id : 2, k24 : 1492007691, k23 : 'B', k26 : false, k25 : true});
CREATE (n0 :L2{id : 3, k13 : 'f', k12 : 1247175027, k15 : 'M', k14 : 1498741042});
MATCH (n0 {id : 3}), (n1 {id : 2}) MERGE(n0)-[r :T2{k42 : false, k44 : true, id : 4, k43 : 'R8z', k46 : 'hYy', k45 : 2066554128, k48 : 'x', k47 : 'Xj8Tc949S'}]->(n1);
MATCH (n0 {id : 2}), (n1 {id : 0}) MERGE(n0)-[r :T3{k49 : -976995081, k51 : 1918179441, k50 : 'v', k53 : 'c', k52 : false, id : 5, k54 : 'M'}]->(n1);
MATCH (n0 {id : 0}), (n1 {id : 0}) MERGE(n0)-[r :T1{k39 : 995068820, k38 : 1332803077, k40 : -1393776727, id : 6, k35 : 67503545, k37 : 'jCuT'}]->(n1);
MATCH (n0 {id : 1}), (n1 {id : 1}) MERGE(n0)-[r :T2{k42 : true, k44 : false, id : 7, k43 : 'R', k46 : '2', k45 : 1061598402, k48 : 'vb', k47 : 's3EFS'}]->(n1);
OPTIONAL MATCH (n0) WHERE (103589145 <= -380966508) REMOVE n0.k2 REMOVE n0.k2 RETURN 1966351028 AS a0, 1 AS a1;
OPTIONAL MATCH (n0) WHERE ( 103589145 <= -380966508 ) REMOVE n0 . k2 WITH * UNWIND 1 as l0 WITH * CALL{WITH *REMOVE n0 . k2 } RETURN 1966351028 AS a0 , 1 AS a1 ;
MATCH (a) RETURN count(a);
MATCH (b)-[a]->(c) RETURN count(a);
MATCH (b)-[a]->(c) RETURN count(a);
MATCH ({k25:NULL})-[r0]-(), (n0)-[ :T3{k54:NULL}]-()-[r1 :T1{k39:NULL}]->(n1) WHERE (r1.k36) MERGE (n2 :L2{id:8}) DETACH DELETE n2  RETURN n1 AS a0 UNION OPTIONAL MATCH ( :L2)-[]->(n0) WHERE NULL SET n0.k=NULL MERGE ({id:9})<-[r0 :T3{k53:'HS', id:10}]-({id:11}) RETURN n0 AS a0;
MATCH ( { k25 : NULL } ) - [ r0 ] - ( ) ,( n0 ) - [ : T3 { k54 : NULL } ] - ( ) - [ r1 : T1 { k39 : NULL } ] - > ( n1 ) WHERE CASE WHEN TRUE THEN ( r1 . k36 ) END MERGE ( n2 : L2 { id : CASE WHEN TRUE THEN 8 END } ) DETACH DELETE n2 RETURN n1 AS a0 SKIP 1 UNION OPTIONAL MATCH ()-[*0..0]-( : L2 ) - [ ] - > ( n0 ) WHERE NULL UNWIND 1 as l0 SET n0 . k = NULL WITH * MERGE ( { id : 9 } ) < - [ r0 : T3 { k53 : 'HS' , id : 10 } ] - ( { id : 11 } ) WITH * UNWIND [1] as l1 RETURN DISTINCT n0 AS a0 ;
MATCH (a) RETURN count(a);
MATCH (a) RETURN count(a);
MATCH (b)-[a]->(c) RETURN count(a);
MATCH (b)-[a]->(c) RETURN count(a);
OPTIONAL MATCH (n0)-[r0]->()<-[*0..]-(n1), (n4)-[]-(n1)-[]-(n0) MERGE p1=({id:12})-[ :T1{id:13}]-(n6 :L2{k14:-645189538, id:14})-[ :T3{id:15}]-({k27:true, id:16}) SET n1.k='3r' RETURN 1 AS a3;
OPTIONAL MATCH (n0),()-[r0]->(),(nn0),()<-[*0..]-(),(n1),(n4)-[]-(n1)-[]-(n0) WHERE exists((n0)-[r0]->(nn0)<-[*0..]-(n1)) MERGE p1 = ( { id : 12 } ) - [ : T1 { id : 13 } ] - ( n6 : L2 { k14 : -645189538 , id : CASE WHEN FALSE THEN NULL ELSE 14 END } ) - [ : T3 { id : 15 } ] - ( { k27 : true , id : 16 } ) SET n1 . k = '3r' WITH * RETURN 1 AS a3 ;
