-- Time: 2024/04/11 14:36:24
-- Database: janusgraph_database1115
-- Database version: composite
-- seed value: 1712812407640
CREATE (n0 {id : 0});
CREATE (n0 :L1{k11 : false, id : 1, k6 : -73570033, k10 : 2060734894, k7 : 13342250});
CREATE (n0 {id : 2});
CREATE (n0 :L0{k0 : -1036622881, k1 : 'FrgJ8q3', k2 : 'Y', k3 : 't', k4 : 'aj9dxpFK', k5 : -1719553589, id : 3});
MATCH (n0 {id : 3}), (n1 {id : 0}) MERGE(n0)-[r :T3{k60 : 'w', k62 : true, k61 : 828408028, id : 4, k59 : true}]->(n1);
MATCH (n0 {id : 3}), (n1 {id : 2}) MERGE(n0)-[r :T6{k75 : 549155573, k74 : true, k77 : false, id : 5, k78 : -609786796}]->(n1);
MERGE ({id:6})-[r0 :T3{k59:false, id:7}]-({id:8}) CREATE ({id:9}), ({id:10}) MERGE p0=(n0{id:11}) RETURN p0 AS a0;
MERGE ( { id : 6 } ) - [ r0 : T3 { k59 : false , id : 7 } ] - ( { id : 8 } ) WITH * CREATE ( { id : 9 } ) CREATE ( { id : 10 } ) WITH * OPTIONAL MATCH ()-[:TYPE]-() MERGE p0 = ( n0 { id : 11 } ) RETURN p0 AS a0 ;
MATCH (a) RETURN count(a);
MATCH (b)-[a]->(c) RETURN count(a);
MATCH (b)-[a]->(c) RETURN count(a);
MATCH p0=() CREATE (n0 :L0{id:12}) DETACH DELETE p0  RETURN -1513509083 AS a0;
MATCH p0 = ( ) WITH * CREATE ( n0 : L0 { id : 12 } ) DETACH DELETE p0 RETURN -1513509083 AS a0 ORDER BY 1 ;
MATCH (a) RETURN count(a);
MATCH (a) RETURN count(a);
MATCH (b)-[a]->(c) RETURN count(a);
MATCH (b)-[a]->(c) RETURN count(a);
MATCH (), p0=(n0) WHERE NULL CREATE ( :L1{k12:(-40547320+-1038996932), id:13}), p1=(n1{id:14}) DETACH DELETE n0  RETURN *, 193431955 AS a0 SKIP 0;
MATCH (),p0=(n0) WHERE NULL WITH * CREATE ( : L1 { k12 : ( -40547320 + -1038996932 ) , id : 13 } ) CREATE p1 = ( n1 { id : 14 } ) WITH * DETACH DELETE n0 RETURN * , 193431955 AS a0 SKIP 0 ;
