-- Time: 2024/04/11 13:21:28
-- Database: janusgraph_database103
-- Database version: composite
-- seed value: 1712812406585
CREATE (n0 :L6{k38 : 351360386, k33 : false, id : 0, k35 : -1460797072, k34 : false, k37 : 1964838503, k36 : 1592288423});
CREATE (n0 :L3{k17 : true, k16 : true, k19 : 423060993, k18 : 'DCZKch', k20 : 'M', id : 1});
CREATE (n0 :L4{k22 : 27007892, id : 2, k21 : -1000988120, k24 : true, k23 : true, k26 : false, k25 : 'HgTtEaPD'});
CREATE (n0 {id : 3});
MATCH (n0 {id : 3}), (n1 {id : 2}) MERGE(n0)-[r :T1{k44 : 1373121732, id : 4, k45 : false, k48 : false, k47 : true}]->(n1);
MATCH (n0 {id : 3}), (n1 {id : 1}) MERGE(n0)-[r :T0{k39 : 'fruaLADdy', k40 : 'iJtQem8s', k42 : 'dbGq', k41 : false, id : 5, k43 : false}]->(n1);
MATCH (n0 {id : 3}), (n1 {id : 1}) MERGE(n0)-[r :T3{k55 : -651107206, id : 6, k54 : 'yOmcCyFM', k57 : 'E', k56 : true, k58 : false}]->(n1);
MATCH (n0 {id : 0}), (n1 {id : 1}) MERGE(n0)-[r :T1{k44 : 1270631928, id : 7, k46 : 'S', k45 : true, k48 : false, k47 : false}]->(n1);
MATCH (n0 {id : 0}), (n1 {id : 1}) MERGE(n0)-[r :T2{k49 : 'r', k51 : -1119975249, k50 : 970687848, k53 : 724853677, id : 8}]->(n1);
MATCH (n0 {id : 3}), (n1 {id : 2}) MERGE(n0)-[r :T2{k49 : 'X5', k51 : 1497779933, k50 : 967213351, k53 : -416131485, k52 : -662872166, id : 9}]->(n1);
MERGE p0=(n0{id:10})-[r0 :T0{id:11}]-(n1{k18:'fTRZGDxT', id:12})<-[r1 :T2{id:13}]-({id:14}) DETACH DELETE n1  SET n0.k=NULL RETURN n0 AS a0;
MERGE p0 = ( n0 { id : 10 } ) - [ r0 : T0 { id : 11 } ] - ( n1 { k18 : 'fTRZGDxT' , id : 12 } ) < - [ r1 : T2 { id : 13 } ] - ( { id : 14 } ) DETACH DELETE n1 WITH * FOREACH(f in [1]|SET n0 . k = CASE WHEN TRUE THEN NULL END ) WITH * OPTIONAL MATCH ()-[:TYPE]-() RETURN n0 AS a0 ORDER BY NULL DESC ;
MATCH (a) RETURN count(a);
MATCH (b)-[a]->(c) RETURN count(a);
MATCH (b)-[a]->(c) RETURN count(a);
MATCH ()-[]->()<-[ :T1{k44:-943964840}]-(n0), (n1)-[r0]-()<-[*0..0]-() MATCH ()-[]-()<-[r0]-(n1) MERGE (n2 :L6{k35:-129791050, id:15})-[r1 :T1{k47:false, id:16}]-(n3{k16:isEmpty(properties(r0)), id:17})-[r2 :T0{id:18}]-(n4{id:19}) RETURN *;
MATCH ( ) - [ ] - > ( ) < - [ : T1 { k44 : -943964840 } ] - ( n0 ) ,( n1 ) - [ r0 ] - ( ) < - [ * 0 .. 0 ] - ( ) UNWIND 1 as l0 MATCH ( ) - [ ] - ( ) < - [ r0 ] - ( n1 ) MERGE ( n2 : L6 { k35 : -129791050 , id : 15 } ) - [ r1 : T1 { k47 : false , id : 16 } ] - ( n3 { k16 : isEmpty ( properties ( r0 ) ) , id : 17 } ) - [ r2 : T0 { id : 18 } ] - ( n4 { id : CASE WHEN TRUE THEN 19 END } ) RETURN * ;
MATCH (a) RETURN count(a);
MATCH (a) RETURN count(a);
MATCH (b)-[a]->(c) RETURN count(a);
MATCH (b)-[a]->(c) RETURN count(a);
MATCH (n0)-[ :T1{k44:1915917196}]-()-[ :T3{k55:((NULL-NULL)+1841512110)}]-(n1) MERGE ({id:20}) SET n0.k=NULL RETURN 1 AS a0, n1 AS a1;
MATCH ( n0 ) - [ : T1 { k44 : CASE WHEN TRUE THEN 1915917196 END } ] - ( ) - [ : T3 { k55 : ( ( NULL - NULL ) + 1841512110 ) } ] - ( n1 ) MERGE ( { id : 20 } ) WITH * UNWIND [NULL] as l0 SET n0 . k = NULL RETURN 1 AS a0 , n1 AS a1 ;
MATCH (a) RETURN count(a);
MATCH (a) RETURN count(a);
MATCH (b)-[a]->(c) RETURN count(a);
MATCH (b)-[a]->(c) RETURN count(a);
UNWIND [((NULL/(1639699521/-1))-(-599739387*-1334013837)), -478676899] AS a0 MATCH ()-[r0]->(n0{k24:false})<-[]-() DETACH DELETE r0  RETURN n0 AS a1, n0 AS a2;
UNWIND [ CASE WHEN FALSE THEN NULL ELSE ( ( NULL / ( 1639699521 / -1 ) ) - ( -599739387 * -1334013837 ) ) END , -478676899 ] AS a0 MATCH ( ) - [ r0 ] - > ( n0 { k24 : false } ) < - [ ] - ( ) WHERE TRUE WITH * DETACH DELETE r0 WITH * UNWIND [NULL] as l0 RETURN DISTINCT n0 AS a1 , n0 AS a2 ;
