-- Time: 2024/04/11 14:25:42
-- Database: janusgraph_database971
-- Database version: composite
-- seed value: 1712812407496
CREATE (n0 {id : 0});
CREATE (n0 :L0{k0 : false, k2 : false, k3 : false, k4 : -48692647, id : 1});
CREATE (n0 :L2{k16 : -1889698799, id : 2, k10 : true, k13 : -190940826, k12 : -753422657, k15 : true, k14 : true});
CREATE (n0 :L1{k5 : '6', id : 3, k6 : -1022159827, k7 : false, k8 : false, k9 : 'JeQ3ih2'});
MATCH (n0 {id : 1}), (n1 {id : 0}) MERGE(n0)-[r :T1{k39 : true, k38 : true, k40 : 'FW', k42 : 1359833518, k41 : 561289381, id : 4, k43 : 535775721, k37 : -1268490757}]->(n1);
MATCH (n0 {id : 3}), (n1 {id : 1}) MERGE(n0)-[r :T0{k31 : false, k33 : 'r', id : 5, k32 : false, k35 : 1640430241, k34 : 585095725, k36 : -1818734605}]->(n1);
MATCH (n0 {id : 3}), (n1 {id : 0}) MERGE(n0)-[r :T6{k71 : -558962417, k70 : 'z', k73 : -635403363, k72 : 'd4', k75 : true, k74 : 1631874877, id : 6}]->(n1);
MATCH (n0 {id : 0}), (n1 {id : 1}) MERGE(n0)-[r :T1{k39 : false, k38 : true, k40 : 'T', k41 : 252912782, id : 7, k43 : -1077071956, k37 : 67437628}]->(n1);
MATCH (n0 {id : 3}), (n1 {id : 3}) MERGE(n0)-[r :T4{k60 : 'w', k62 : 336692698, k61 : 'f', k63 : '3', id : 8, k59 : 'Rz1MVat', k58 : 'Wlk'}]->(n1);
MATCH (n0 {id : 2}), (n1 {id : 3}) MERGE(n0)-[r :T5{k64 : false, k66 : false, id : 9, k65 : false, k68 : 924375746, k67 : false, k69 : true}]->(n1);
OPTIONAL MATCH ()-[r0 :T1{k37:503429806}]-(n0)-[*0..1]-(n1{k6:(r0.k43)}) WHERE (r0.k39) DETACH DELETE n0  CREATE (n2{id:10})<-[ :T5{id:11}]-(n3{k12:NULL, id:12}) RETURN n1 AS a0 LIMIT 1;
OPTIONAL MATCH ( ) - [ r0 : T1 { k37 : 503429806 } ] - ( n0 ) - [ * 0 .. 1 ] - ( n1 { k6 : ( r0 . k43 ) } ) WHERE ( r0 . k39 ) OPTIONAL MATCH ()-[:TYPE]-() FOREACH(f in [1]|DETACH DELETE CASE WHEN TRUE THEN n0 END ) CREATE ( n2 { id : 10 } ) < - [ : T5 { id : 11 } ] - ( n3 { k12 : NULL , id : 12 } ) RETURN CASE WHEN TRUE THEN n1 END AS a0 ORDER BY NULL LIMIT 1 ;
MATCH (a) RETURN count(a);
MATCH (b)-[a]->(c) RETURN count(a);
MATCH (b)-[a]->(c) RETURN count(a);
OPTIONAL MATCH p0=()-[]->() CREATE ({k1:NULL, id:13}) CREATE p1=(n0{id:14})<-[ :T0{id:15}]-(n1{id:16}) RETURN 1 AS a0, 1 AS a1;
OPTIONAL MATCH p0 = ( ) - [ ] - > ( ) CREATE ( { k1 : NULL , id : 13 } ) WITH * CREATE (n0{ id : 14 } )CREATE (n0)< - [ : T0 { id : 15 } ] - ( n1 { id : 16 } ) WITH * OPTIONAL MATCH ()-[:TYPE]-() RETURN 1 AS a0 , CASE WHEN TRUE THEN 1 END AS a1 ;
