-- Time: 2024/04/11 13:48:27
-- Database: janusgraph_database468
-- Database version: composite
-- seed value: 1712812406991
CREATE (n0 :L6{k39 : 'Y', k38 : true, k40 : 'aHOr', k42 : true, k41 : -1179177841, id : 0, k43 : '0'});
CREATE (n0 :L2{k17 : true, id : 1, k13 : false, k15 : true});
CREATE (n0 :L3{k19 : 'BEB', k18 : true, k20 : -1691423478, k22 : false, id : 2, k21 : -897921342, k23 : 248326669});
CREATE (n0 :L3{k19 : 'YqW', k18 : true, k20 : -1528451546, k22 : true, id : 3, k21 : -895482545, k23 : 248326669});
MATCH (n0 {id : 0}), (n1 {id : 2}) MERGE(n0)-[r :T3{k60 : 476286407, k62 : 2008521943, k61 : 'XE', k64 : -624729331, k63 : -548666286, id : 4}]->(n1);
MATCH (n0 {id : 3}), (n1 {id : 3}) MERGE(n0)-[r :T1{k51 : true, k50 : 'i7', k52 : 1087604319, id : 5, k54 : 1997590982}]->(n1);
MATCH (n0 {id : 0}), (n1 {id : 1}) MERGE(n0)-[r :T3{k60 : 906843692, k62 : 2024420035, k61 : 'V', k64 : 1183592140, k63 : 403851893, id : 6}]->(n1);
MATCH (n0 {id : 2}), (n1 {id : 0}) MERGE(n0)-[r :T2{k55 : false, id : 7, k57 : true, k56 : 'znP', k59 : true}]->(n1);
MATCH ()-[]-()-[r0 :T3{k62:size(CASE WHEN isEmpty([]) THEN [[], []] END)}]-(n0), ()-[]-()-[r1]->() OPTIONAL MATCH (n1)-[]->(n2)-[r2 :T2{k56:CASE WHEN (round(696205914) <= relationships(NULL)[toIntegerOrNull(abs(-1845145124))]) THEN ('j9l'+('z9O7F'+('H'+'4FN'))) END}]-( :L6) DETACH DELETE n0  RETURN n2 AS a0, 1 AS a1;
MATCH (nn0),()<-[m1]-(),(nn2),()<-[r0:T3{k62:size(CASE WHEN isEmpty([]) THEN [[], []] END)}]-(),(n0),()-[]-()-[r1]->() WHERE exists((nn0)-[m1]-(nn2)-[r0]-(n0)) OPTIONAL MATCH ( n1 ) - [ ] - > ( n2 ) - [ r2 : T2 { k56 : CASE WHEN CASE WHEN TRUE THEN ( round ( 696205914 ) <= relationships ( CASE WHEN FALSE THEN NULL ELSE NULL END ) [ toIntegerOrNull ( abs ( -1845145124 ) ) ] ) END THEN ( 'j9l' + ( 'z9O7F' + ( 'H' + (''+'4FN' )) ) ) END } ] - ( : L6 ) DETACH DELETE n0 WITH * UNWIND 1 as l0 RETURN n2 AS a0 , 1 AS a1 ORDER BY FALSE ;
MATCH (a) RETURN count(a);
MATCH (b)-[a]->(c) RETURN count(a);
MATCH (b)-[a]->(c) RETURN count(a);
CREATE ({k20:((1773749302-NULL)-(round((395844307*-270860696))+CASE WHEN false THEN NULL END)), id:8})<-[r0 :T3{k64:-1241153735, id:9}]-( :L3{id:10}) MERGE p0=( :L3{k19:'ZFYBK', id:11})-[r1 :T3{id:12}]-( :L3{id:13}) MERGE ({id:14})-[ :T3{id:15}]-({id:16}) RETURN 1 AS a0;
CREATE ( { k20 : ( ( 1773749302 - NULL ) - ( round ( CASE WHEN TRUE THEN ( 395844307 * -270860696 ) END ) + CASE WHEN false THEN NULL END ) ) , id : 8 } ) < - [ r0 : T3 { k64 : -1241153735 , id : 9 } ] - ( : L3 { id : CASE WHEN TRUE THEN 10 END } ) WITH * OPTIONAL MATCH ()-[:TYPE]-() MERGE p0 = ( : L3 { k19 : CASE WHEN TRUE THEN 'ZFYBK' END , id : 11 } ) - [ r1 : T3 { id : 12 } ] - ( : L3 { id : 13 } ) MERGE ( { id : 14 } ) - [ : T3 { id : 15 } ] - ( { id : 16 } ) RETURN 1 AS a0 ;
MATCH (a) RETURN count(a);
MATCH (a) RETURN count(a);
MATCH (b)-[a]->(c) RETURN count(a);
MATCH (b)-[a]->(c) RETURN count(a);
CREATE (n0{id:17}), (n1{id:18})<-[r0 :T2{id:19}]-(n2{k20:1614022707, id:20})<-[ :T3{id:21}]-(n3{id:22}) MERGE (n4 :L3{id:23})-[r1 :T2{id:24}]->(n5 :L6{id:25}) DETACH DELETE n5  RETURN relationships(NULL)[toIntegerOrNull(abs(-893254563))] AS a0, 1 AS a1 ORDER BY true, a0;
CREATE ( n0 { id : 17 } ) CREATE ( n1 { id : 18 } ) < - [ r0 : T2 { id : 19 } ] - ( n2 { k20 : 1614022707 , id : 20 } ) < - [ : T3 { id : CASE WHEN FALSE THEN NULL ELSE 21 END } ] - ( n3 { id : 22 } ) WITH * OPTIONAL MATCH ()-[:TYPE]-() MERGE ( n4 : L3 { id : CASE WHEN TRUE THEN 23 END } ) - [ r1 : T2 { id : 24 } ] - > ( n5 : L6 { id : 25 } ) WITH * UNWIND [NULL] as l0 DETACH DELETE n5 RETURN relationships ( NULL ) [ toIntegerOrNull ( abs ( -893254563 ) ) ] AS a0 , 1 AS a1 ORDER BY true, a0 ;
MATCH (a) RETURN count(a);
MATCH (a) RETURN count(a);
MATCH (b)-[a]->(c) RETURN count(a);
MATCH (b)-[a]->(c) RETURN count(a);
CREATE ({id:26})<-[r0 :T3{k64:size(NULL), id:27}]-({id:28}), p0=(n0{k21:NULL, id:29}) MERGE ({id:30})<-[r1 :T3{id:31}]-({k41:1475851870, id:32}) DETACH DELETE r1  RETURN DISTINCT 1 AS a0, 1 AS a1;
CREATE ({id:28})-[ r0 : T3 { k64 : size ( NULL ) , id : 27 } ] ->( { id : CASE WHEN FALSE THEN NULL ELSE 26 END } ) CREATE p0 = ( n0 { k21 : NULL , id : CASE WHEN TRUE THEN 29 END } ) MERGE ( { id : 30 } ) < - [ r1 : T3 { id : 31 } ] - ( { k41 : 1475851870 , id : 32 } ) WITH * OPTIONAL MATCH ()-[:TYPE]-() DETACH DELETE r1 RETURN DISTINCT 1 AS a0 , 1 AS a1 ;
