-- Time: 2024/04/11 14:14:58
-- Database: janusgraph_database826
-- Database version: composite
-- seed value: 1712812407350
CREATE (n0 :L5{k29 : 'f', k31 : 'A1j', k30 : false, k33 : -449983313, id : 0, k32 : 42299117});
CREATE (n0 {id : 1});
CREATE (n0 :L6{k38 : 714796744, id : 2, k35 : true, k34 : 1995988616, k37 : true, k36 : 'xjiqm8'});
CREATE (n0 :L5{k29 : '8iY', k31 : '1', k30 : true, k33 : -822622452, id : 3, k32 : 1508288733});
MATCH (n0 {id : 2}), (n1 {id : 1}) MERGE(n0)-[r :T5{k71 : 39491599, k72 : 'yVrbDAnzf', k75 : 'AR0', k77 : false, id : 4, k76 : 'K'}]->(n1);
MATCH (n0 {id : 2}), (n1 {id : 1}) MERGE(n0)-[r :T2{k52 : false, k55 : 'MoK6TZrZ6', id : 5, k54 : 142893711, k57 : false, k56 : true}]->(n1);
CREATE p0=(n0{id:6}), ( :L6{id:7}) MERGE ({id:8})-[r0 :T2{id:9}]->(n1{id:10}) CREATE (n2 :L6{id:11})-[r1 :T2{k54:(r0.k54), id:12}]->({id:13}), ( :L6{id:14}) RETURN 1 AS a0 ORDER BY properties(n1), a0;
CREATE p0 = ( n0 { id : 6 } ) CREATE ( : L6 { id : 7 } ) MERGE ( { id : 8 } ) - [ r0 : T2 { id : 9 } ] - > ( n1 { id : 10 } ) CREATE ( n2 : L6 { id : CASE WHEN TRUE THEN 11 END } ) - [ r1 : T2 { k54 : CASE WHEN FALSE THEN NULL ELSE ( r0 . k54 ) END , id : CASE WHEN TRUE THEN 12 END } ] - > ( { id : 13 } ) CREATE ( : L6 { id : 14 } ) WITH * UNWIND 1 as l0 RETURN 1 AS a0 ORDER BY properties(n1), a0 LIMIT 1 ;
MATCH (a) RETURN count(a);
MATCH (b)-[a]->(c) RETURN count(a);
MATCH (b)-[a]->(c) RETURN count(a);
UNWIND NULL AS a1 CREATE (n2{id:15}), (n3{k32:-1225413883, id:16}) MERGE ( :L6{id:17}) RETURN 1 AS a2;
UNWIND NULL AS a1 CREATE ( n2 { id : 15 } ) CREATE ( n3 { k32 : -1225413883 , id : 16 } ) MERGE pp0=( : L6 { id : 17 } ) RETURN 1 AS a2 ;
MATCH (a) RETURN count(a);
MATCH (a) RETURN count(a);
MATCH (b)-[a]->(c) RETURN count(a);
MATCH (b)-[a]->(c) RETURN count(a);
MATCH p0=(), () MATCH (n0)<-[*..2]-(n1 :L6{k35:NULL})-[]->(), ()-[*0..]-(n1)-[]->() CREATE (n2{id:18})<-[r0 :T2{id:19}]-({id:20}), p1=({id:21})<-[ :T2{id:22}]-(n3{id:23})-[ :T5{id:24}]->({id:25}) RETURN n1 AS a0;
MATCH p0 = ( ) ,( ) MATCH ( n0 ) < - [ * .. 2 ] - ( n1 : L6 { k35 : NULL } ) - [ ] - > ( ) ,( ) - [ * 0 .. ] - ( n1 ) - [ ] - > ( ) CREATE ( n2 { id : CASE WHEN TRUE THEN 18 END } ) < - [ r0 : T2 { id : CASE WHEN TRUE THEN 19 END } ] - ( { id : 20 } ) CREATE (m0{ id : 21 } )CREATE (m0)< - [ : T2 { id : 22 } ] - ( n3 { id : 23 } ) - [ : T5 { id : 24 } ] - > ( { id : 25 } ) RETURN n1 AS a0 LIMIT 1 ;
