-- Time: 2024/04/11 13:41:00
-- Database: janusgraph_database367
-- Database version: composite
-- seed value: 1712812406890
CREATE (n0 :L0{k0 : 'k', k1 : 'Mx', k2 : -132288236, k3 : 1548449491, k4 : 'ht', k5 : 985636758, id : 0, k6 : true});
CREATE (n0 :L2{k17 : -478657555, k16 : -1345787398, k18 : true, id : 1, k12 : 2092971267, k15 : 748988088, k14 : -1615642338});
CREATE (n0 :L1{k11 : -1540928974, id : 2, k10 : -1298700367, k7 : 148501545, k9 : false});
CREATE (n0 :L2{k16 : 426968393, k18 : false, id : 3, k13 : -1896344364, k12 : 200298620, k15 : -1014355310, k14 : -1217249189});
MATCH (n0 {id : 1}), (n1 {id : 2}) MERGE(n0)-[r :T0{k38 : '2CvtMUyK', k33 : 1406371655, id : 4, k32 : -959051393, k35 : false, k34 : 'x9zLEPIm', k37 : '0lFQAjqt', k36 : 'l'}]->(n1);
MATCH (n0 {id : 3}), (n1 {id : 2}) MERGE(n0)-[r :T4{k60 : 1694083196, k62 : 'n', k61 : 1427526113, k63 : 'cfFroI', id : 5, k59 : false, k58 : -1020937330}]->(n1);
MATCH (n0 {id : 0}), (n1 {id : 1}) MERGE(n0)-[r :T4{k62 : '052', k61 : 1785664264, k64 : -369916113, k63 : '5', id : 6, k59 : false, k58 : 1191805401}]->(n1);
MERGE ({id:7})<-[r0 :T4{id:8}]-( :L2{id:9}) CREATE (n0{id:10})<-[r1 :T0{id:11}]-({k17:CASE WHEN (r0.k59) THEN toIntegerList([1534614265, 1161751277])[toIntegerOrNull(abs(1550523995))] END, id:12}) DETACH DELETE r0  RETURN 1 AS a0, 1 AS a1;
MERGE ( { id : 7 } ) < - [ r0 : T4 { id : 8 } ] - ( : L2 { id : 9 } ) CREATE ( n0 { id : 10 } ) < - [ r1 : T0 { id : CASE WHEN FALSE THEN NULL ELSE 11 END } ] - ( { k17 : CASE WHEN CASE WHEN FALSE THEN NULL ELSE ( CASE WHEN TRUE THEN r0 . k59 END ) END THEN ([]+toIntegerList ( [ 1534614265 , CASE WHEN TRUE THEN 1161751277 END ] ) )[ toIntegerOrNull ( abs ( CASE WHEN TRUE THEN 1550523995 END ) ) ] END , id : 12 } ) DETACH DELETE r0 RETURN 1 AS a0 , 1 AS a1 ;
MATCH (a) RETURN count(a);
MATCH (b)-[a]->(c) RETURN count(a);
MATCH (b)-[a]->(c) RETURN count(a);
UNWIND [(n0)-[ :T4{k64:((round((-347973845--934080528))/1176172489)/391592398)}]->(n1{k7:NULL})<-[]-(n2)|relationships(NULL)] AS a0 CREATE (n3{id:13})-[r0 :T4{id:14}]->(n4{id:15}) MERGE (n5{k4:'C', id:16})-[r1 :T4{id:17}]-(n6 :L2{id:18}) RETURN (r1.k63) AS a1, n6 AS a2;
UNWIND [ ( n0 ) - [ : T4 { k64 : ( ( CASE WHEN FALSE THEN NULL ELSE round ( ( -347973845 - -934080528 ) ) / 1176172489 END ) / 391592398 ) } ] - > ( n1 { k7 : NULL } ) < - [ ] - ( n2 ) | relationships ( NULL ) ] AS a0 UNWIND [1] as l0 CREATE ( n3 { id : 13 } ) - [ r0 : T4 { id : 14 } ] - > ( n4 { id : 15 } ) MERGE ( n5 { k4 : 'C' , id : 16 } ) - [ r1 : T4 { id : 17 } ] - ( n6 : L2 { id : 18 } ) WITH * UNWIND [NULL] as l1 RETURN DISTINCT ( r1 . k63 ) AS a1 , n6 AS a2 ;
MATCH (a) RETURN count(a);
MATCH (a) RETURN count(a);
MATCH (b)-[a]->(c) RETURN count(a);
MATCH (b)-[a]->(c) RETURN count(a);
CREATE (n0{id:19})-[ :T4{id:20}]->(n1 :L2{id:21}) MERGE p0=({id:22}) MERGE (n2{id:23}) RETURN n2 AS a0;
CREATE ( n0 { id : 19 } ) - [ : T4 { id : 20 } ] - > ( n1 : L2 { id : 21 } ) MERGE p0 = ( { id : 22 } ) WITH * OPTIONAL MATCH ()-[:TYPE]-() MERGE pp0=( n2 { id : 23 } ) RETURN n2 AS a0 ;
