-- Time: 2024/04/11 13:48:32
-- Database: janusgraph_database469
-- Database version: composite
-- seed value: 1712812406992
CREATE (n0 {id : 0});
CREATE (n0 :L2{k16 : '4Ci7Us7P', k18 : 'CNO', id : 1, k13 : -1916641493, k15 : false, k14 : true});
CREATE (n0 :L4{k28 : 'N8FA1oyLp', k27 : 'xyRraZ', k29 : false, id : 2, k24 : -925283417, k26 : 'WDzLp3', k25 : 843771567});
CREATE (n0 :L2{k17 : -119897459, k16 : 'qiul1QkyM', id : 3, k13 : 1993448954, k15 : false, k14 : true});
MATCH (n0 {id : 1}), (n1 {id : 3}) MERGE(n0)-[r :T2{k42 : false, k44 : false, id : 4, k46 : 1789537039, k45 : 'LQ', k47 : 'd5I'}]->(n1);
MATCH (n0 {id : 3}), (n1 {id : 2}) MERGE(n0)-[r :T4{k55 : 'S', id : 5, k57 : false, k58 : true}]->(n1);
MATCH (n0 {id : 1}), (n1 {id : 1}) MERGE(n0)-[r :T4{k55 : 'J', id : 6, k57 : true, k56 : 'D', k59 : -880735047, k58 : false}]->(n1);
MATCH (n0 {id : 3}), (n1 {id : 1}) MERGE(n0)-[r :T5{k60 : -127207414, k62 : false, k61 : false, k64 : true, k63 : 'JQ97', id : 7}]->(n1);
MATCH (n0 {id : 0}), (n1 {id : 3}) MERGE(n0)-[r :T0{k31 : 'VxFBTRkKD', k30 : 'ALC', k33 : true, id : 8, k32 : -960051891}]->(n1);
WITH * WHERE NULL MATCH ()-[r0]-( :L2) CREATE ({id:9})-[ :T0{id:10}]->( :L2{id:11})<-[r1 :T2{k45:NULL, id:12}]-(n0 :L2{k13:size([toIntegerOrNull('V'), -2066213801]), id:13}) RETURN NULL AS a0 UNION ALL MERGE ({id:14})<-[r0 :T2{id:15}]-(n0{id:16}) CREATE (n1 :L2{k17:924953974, id:17})-[r1 :T5{id:18}]->({k17:(r0.k46), id:19})-[r2 :T2{k45:(r0.k47), id:20}]->(n2 :L2{k13:1435763484, id:21}), (n3{id:22})-[r3 :T2{id:23}]->(n4{id:24}) SET n0.k=(r0.k46) RETURN n0 AS a0;
WITH * WHERE NULL OPTIONAL MATCH ()-[:TYPE]-() MATCH ( ) - [ r0 ] - ( : L2 ) WITH * WITH * CREATE (m0{ id : 9 } )CREATE (m0)- [ : T0 { id : 10 } ] - > ( : L2 { id : 11 } ) < - [ r1 : T2 { k45 : NULL , id : CASE WHEN TRUE THEN 12 END } ] - ( n0 : L2 { k13 : size ( [ toIntegerOrNull ( 'V' ) , -2066213801 ] ) , id : 13 } ) RETURN NULL AS a0 ORDER BY FALSE UNION ALL MERGE ( { id : 14 } ) < - [ r0 : T2 { id : 15 } ] - ( n0 { id : CASE WHEN FALSE THEN NULL ELSE 16 END } ) CREATE (n2 :L2{k13:1435763484, id:21})<-[ r2 : T2 { k45 : ( r0 . k47 ) , id : 20 } ] -({k17:(r0.k46), id:19})<-[ r1 : T5 { id : 18 } ] -( n1 : L2 { k17 : 924953974 , id : 17 } ) CREATE ( n3 { id : 22 } ) - [ r3 : T2 { id : 23 } ] - > ( n4 { id : 24 } ) SET n0 . k = ( r0 . k46 ) WITH * RETURN n0 AS a0 ;
MATCH (a) RETURN count(a);
MATCH (b)-[a]->(c) RETURN count(a);
MATCH (b)-[a]->(c) RETURN count(a);
OPTIONAL MATCH ()-[r0]->(n0)-[r1]-() OPTIONAL MATCH ()-[r2]->(n0)-[r3]->() REMOVE n0.k2 RETURN 1 AS a0;
OPTIONAL MATCH ()-[*0..0]-( ) - [ r0 ] - > ( n0 ) - [ r1 ] - ( ) WITH * OPTIONAL MATCH ( ) - [ r2 ] - > ( n0 ) - [ r3 ] - > ( ) UNWIND [NULL] as l0 REMOVE n0 . k2 RETURN 1 AS a0 LIMIT 1 ;
