-- Time: 2024/04/11 13:29:41
-- Database: janusgraph_database214
-- Database version: composite
-- seed value: 1712812406737
CREATE (n0 {id : 0});
CREATE (n0 {id : 1});
CREATE (n0 {id : 2});
CREATE (n0 :L2{k11 : false, id : 3, k10 : 't', k13 : -697284681, k15 : 1496114490, k14 : true});
MATCH (n0 {id : 0}), (n1 {id : 2}) MERGE(n0)-[r :T1{k42 : 615452073, k44 : 'I', id : 4, k43 : false, k46 : 'dx', k45 : -1555585712, k48 : true, k47 : 'A'}]->(n1);
MATCH (n0 {id : 0}), (n1 {id : 3}) MERGE(n0)-[r :T3{k60 : true, id : 5, k57 : true, k56 : true, k59 : -85121423, k58 : 'IJ'}]->(n1);
MATCH (n0 {id : 2}), (n1 {id : 0}) MERGE(n0)-[r :T0{k39 : 'M', k38 : 'LW6ik', k40 : false, k41 : 263625026, id : 6, k37 : 'P', k36 : 's'}]->(n1);
MATCH (n0 {id : 1}), (n1 {id : 2}) MERGE(n0)-[r :T4{k62 : '3', k64 : 'yDx', k63 : 'ZC', id : 7, k65 : 1857089020}]->(n1);
MATCH (n0 {id : 1}), (n1 {id : 1}) MERGE(n0)-[r :T4{k62 : 'WZToI', k61 : 'my3AHmf', k64 : 'q8h46lb', id : 8, k65 : -704849203}]->(n1);
CREATE (n0{id:9}), (n1{id:10})-[ :T4{k61:'LXLf', id:11}]->({id:12}) CREATE ({id:13})-[r0 :T4{k63:'NBaBl1c8', id:14}]->({id:15})-[ :T4{id:16}]->({id:17}), (n2{id:18})-[r1 :T1{id:19}]->({id:20}) MERGE (n3{id:21})-[r2 :T3{k57:false, id:22}]-({id:23}) RETURN 1 AS a0;
CREATE ( n0 { id : 9 } ) CREATE ( n1 { id : 10 } ) - [ : T4 { k61 : 'LXLf' , id : CASE WHEN FALSE THEN NULL ELSE 11 END } ] - > ( { id : 12 } ) WITH * UNWIND 1 as l0 CREATE ( { id : 13 } ) - [ r0 : T4 { k63 : 'NBaBl1c8' , id : 14 } ] - > ( { id : 15 } ) - [ : T4 { id : 16 } ] - > ( { id : 17 } ) CREATE ( n2 { id : 18 } ) - [ r1 : T1 { id : 19 } ] - > ( { id : 20 } ) WITH * MERGE ( n3 { id : 21 } ) - [ r2 : T3 { k57 : CASE WHEN FALSE THEN NULL ELSE false END , id : 22 } ] - ( { id : 23 } ) WITH * RETURN 1 AS a0 ;
MATCH (a) RETURN count(a);
MATCH (b)-[a]->(c) RETURN count(a);
MATCH (b)-[a]->(c) RETURN count(a);
MERGE (n0{id:24})-[ :T4{id:25}]->(n1{id:26})-[r1 :T4{k61:'0y', id:27}]-({id:28}) SET n0.k=(false AND (1599317153 <> (r1.k65))) DETACH DELETE n1  RETURN * LIMIT 1;
MERGE pp0=( n0 { id : 24 } ) - [ : T4 { id : 25 } ] - > ( n1 { id : 26 } ) - [ r1 : T4 { k61 : '0y' , id : 27 } ] - ( { id : 28 } ) SET n0 . k = CASE WHEN FALSE THEN NULL ELSE ( false AND ( 1599317153 <> ( r1 . k65 ) ) ) END DETACH DELETE n1 WITH * RETURN * LIMIT 1 ;
MATCH (a) RETURN count(a);
MATCH (a) RETURN count(a);
MATCH (b)-[a]->(c) RETURN count(a);
MATCH (b)-[a]->(c) RETURN count(a);
MATCH ()<-[r0 :T3{k58:type(CASE WHEN ('Pe' <= []) THEN NULL END)}]-()-[r1 :T1{k43:(r0.k60)}]-(n0) MATCH ()<-[r2 :T0{k39:(r1.k46)}]-(n1)-[*0..1]-(), () CREATE (n2{id:29})-[ :T4{k61:'eHFS5ov1', id:30}]->({id:31})-[ :T0{id:32}]->(n3{id:33}), ({id:34})-[r3 :T4{id:35}]->({id:36})-[ :T0{id:37}]->({id:38}) RETURN n0 AS a0 LIMIT 1;
MATCH ( ) < - [ r0 : T3 { k58 : type ( CASE WHEN ( CASE WHEN TRUE THEN 'Pe' <= ([]+[ ] )END ) THEN CASE WHEN FALSE THEN NULL ELSE NULL END END ) } ] - ( ) - [ r1 : T1 { k43 : ( r0 . k60 ) } ] - ( n0 ) WHERE TRUE MATCH ()<-[r2 :T0{k39:(r1.k46)}]-(n1)-[*0..1]-(),() CREATE ( n2 { id : 29 } ) - [ : T4 { k61 : CASE WHEN TRUE THEN 'eHFS5ov1' END , id : 30 } ] - > ( { id : 31 } ) - [ : T0 { id : CASE WHEN TRUE THEN 32 END } ] - > ( n3 { id : 33 } ) CREATE ({id:38})<-[ : T0 { id : CASE WHEN FALSE THEN NULL ELSE 37 END } ] -({id:36})<-[ r3 : T4 { id : 35 } ] -( { id : 34 } ) RETURN CASE WHEN TRUE THEN n0 END AS a0 LIMIT 1 ;
MATCH (a) RETURN count(a);
MATCH (a) RETURN count(a);
MATCH (b)-[a]->(c) RETURN count(a);
MATCH (b)-[a]->(c) RETURN count(a);
UNWIND NULL AS a0 MERGE p0=({id:39}) DETACH DELETE p0  RETURN 1 AS a1;
UNWIND NULL AS a0 MERGE p0 = ( { id : 39 } ) WITH * UNWIND 1 as l0 DETACH DELETE CASE WHEN FALSE THEN NULL ELSE p0 END WITH * OPTIONAL MATCH ()-[:TYPE]-() RETURN DISTINCT CASE WHEN TRUE THEN 1 END AS a1 SKIP 1 ;
