-- Time: 2024/04/11 14:28:45
-- Database: janusgraph_database1012
-- Database version: composite
-- seed value: 1712812407537
CREATE (n0 :L0{k1 : 1511615323, k2 : true, k3 : false, k4 : false, id : 0});
CREATE (n0 {id : 1});
CREATE (n0 {id : 2});
CREATE (n0 {id : 3});
MATCH (n0 {id : 0}), (n1 {id : 3}) MERGE(n0)-[r :T0{k44 : 'ZQG', id : 4, k46 : -582960111, k45 : 'Am', k48 : 'E', k47 : -1203548327}]->(n1);
MATCH (n0 {id : 2}), (n1 {id : 0}) MERGE(n0)-[r :T0{k44 : '8SRW', id : 5, k46 : -425173882, k45 : 'X', k48 : 'f'}]->(n1);
MATCH (n0 {id : 3}), (n1 {id : 2}) MERGE(n0)-[r :T0{k44 : '2ZiaI', id : 6, k46 : -1542768296, k45 : 'X', k48 : 'hKjua', k47 : -2055829255}]->(n1);
CREATE (n0{id:7})<-[ :T0{id:8}]-(n1{id:9})<-[r0 :T0{id:10}]-(n2{id:11}) MERGE p0=({id:12})-[r1 :T0{id:13}]-({id:14}) MERGE ({id:15})-[ :T0{id:16}]->(n3{id:17})-[r2 :T0{id:18}]-({id:19}) RETURN r2 AS a0 SKIP 0 LIMIT 1;
CREATE ( n0 { id : 7 } ) < - [ : T0 { id : 8 } ] - ( n1 { id : CASE WHEN TRUE THEN 9 END } ) < - [ r0 : T0 { id : CASE WHEN TRUE THEN 10 END } ] - ( n2 { id : 11 } ) WITH * MERGE p0 = ( { id : 12 } ) - [ r1 : T0 { id : CASE WHEN TRUE THEN 13 END } ] - ( { id : 14 } ) MERGE ( { id : 15 } ) - [ : T0 { id : 16 } ] - > ( n3 { id : 17 } ) - [ r2 : T0 { id : 18 } ] - ( { id : 19 } ) RETURN r2 AS a0 SKIP 0 LIMIT 1 ;
MATCH (a) RETURN count(a);
MATCH (b)-[a]->(c) RETURN count(a);
MATCH (b)-[a]->(c) RETURN count(a);
UNWIND [(reverse('OszoBzc')+CASE WHEN true THEN '3q' END), NULL] AS a0 MATCH (n0) SET n0.k=-978288858 RETURN a0 AS a1;
UNWIND CASE WHEN FALSE THEN NULL ELSE ([]+[ ( CASE WHEN TRUE THEN reverse ( CASE WHEN TRUE THEN 'OszoBzc' END ) + CASE WHEN true THEN CASE WHEN TRUE THEN '3q' END END END ) , NULL ] )END AS a0 OPTIONAL MATCH ()-[:TYPE]-() MATCH (n0) WITH * SET n0 . k = -978288858 WITH * RETURN a0 AS a1 SKIP 1 ;
MATCH (a) RETURN count(a);
MATCH (a) RETURN count(a);
MATCH (b)-[a]->(c) RETURN count(a);
MATCH (b)-[a]->(c) RETURN count(a);
OPTIONAL MATCH (n0)-[r0 :T0{k46:NULL}]-(), () DETACH DELETE n0  MERGE (n1{id:20})-[r1 :T0{id:21}]-(n2 :L0{k3:false, id:22})-[ :T0{k45:'GgHQSmdZI', id:23}]-({id:24}) RETURN 1 AS a0;
OPTIONAL MATCH (n0)-[r0 :T0{k46:NULL}]-(),() DETACH DELETE CASE WHEN FALSE THEN NULL ELSE n0 END WITH * MERGE ( n1 { id : 20 } ) - [ r1 : T0 { id : 21 } ] - ( n2 : L0 { k3 : false , id : 22 } ) - [ : T0 { k45 : 'GgHQSmdZI' , id : 23 } ] - ( { id : 24 } ) RETURN CASE WHEN FALSE THEN NULL ELSE 1 END AS a0 ;
