-- Time: 2024/04/11 14:09:41
-- Database: janusgraph_database755
-- Database version: composite
-- seed value: 1712812407279
CREATE (n0 {id : 0});
CREATE (n0 :L5{k31 : -480187662, k30 : 317214776, k33 : false, id : 1, k32 : false, k35 : -1050447356, k34 : true, k36 : false});
CREATE (n0 :L2{k17 : true, k16 : '9', id : 2, k13 : true, k15 : '8n2S2', k14 : -382740657});
CREATE (n0 :L2{k17 : true, k16 : 'dmnL0Pl6', id : 3, k13 : true, k12 : -1943146450, k15 : 'vsw', k14 : 1635675661});
MATCH (n0 {id : 0}), (n1 {id : 2}) MERGE(n0)-[r :T4{k60 : -1330000567, k62 : -1929311575, k61 : 'At', k64 : true, k63 : false, id : 4, k65 : '8iA5bi'}]->(n1);
MATCH (n0 {id : 1}), (n1 {id : 1}) MERGE(n0)-[r :T4{k61 : 'ke', k63 : false, id : 5, k65 : 'E4Ynv6Y'}]->(n1);
MATCH (n0 {id : 3}), (n1 {id : 2}) MERGE(n0)-[r :T0{k39 : '1', k38 : true, k40 : 1435401661, k42 : 'dj', k41 : true, id : 6, k43 : true, k37 : 't67nFBu'}]->(n1);
MATCH (n0 {id : 2}), (n1 {id : 2}) MERGE(n0)-[r :T4{k60 : -1373516767, k62 : 1844639908, k64 : false, k63 : false, id : 7, k65 : 'P'}]->(n1);
MATCH (n0 {id : 2}), (n1 {id : 2}) MERGE(n0)-[r :T0{k39 : 'z6oA', k38 : true, k40 : -604023460, id : 8, k43 : true}]->(n1);
MATCH (n0 {id : 3}), (n1 {id : 0}) MERGE(n0)-[r :T0{k39 : 'B', k38 : true, k42 : 'L', k41 : true, id : 9, k43 : true, k37 : 'jtUVVU0'}]->(n1);
MERGE ( :L2{k12:1034000202, id:10})-[r0 :T4{id:11}]-({id:12})-[r1 :T0{k37:'reXEzQ', id:13}]->({id:14}) MERGE p0=({id:15}) MERGE ({id:16})-[r2 :T0{id:17}]-( :L2{id:18})<-[r3 :T0{k38:('k' < ('F'+type(r0))), id:19}]-({id:20}) RETURN *, 1 AS a0;
MERGE ( : L2 { k12 : 1034000202 , id : 10 } ) - [ r0 : T4 { id : 11 } ] - ( { id : CASE WHEN FALSE THEN NULL ELSE 12 END } ) - [ r1 : T0 { k37 : (''+'reXEzQ' ), id : 13 } ] - > ( { id : 14 } ) MERGE p0 = ( { id : 15 } ) MERGE ( { id : 16 } ) - [ r2 : T0 { id : 17 } ] - ( : L2 { id : 18 } ) < - [ r3 : T0 { k38 : ( 'k' < ( 'F' + type ( r0 ) ) ) , id : 19 } ] - ( { id : 20 } ) WITH * UNWIND 1 as l0 RETURN * , 1 AS a0 LIMIT 1 ;
MATCH (a) RETURN count(a);
MATCH (b)-[a]->(c) RETURN count(a);
MATCH (b)-[a]->(c) RETURN count(a);
UNWIND [{k1: ['D1'], k2: 296972080}] AS a2 MATCH ()-[r0]->(n1 :L2)-[]->( :L2{k17:true}), (n2)-[]->(n3)-[r0]->() WHERE (-1085463623 <> 874314957) MERGE (n4{k14:1329734180, id:21})<-[r1 :T0{id:22}]-(n5 :L2{id:23}) RETURN (n1.k12) AS a3, a2 AS a4 LIMIT 0;
UNWIND [ { k1 : [ 'D1' ] , k2 : 296972080 } ] AS a2 WITH * MATCH ( ) - [ r0 ] - > ( n1 : L2 ) - [ ] - > ( : L2 { k17 : true } ) ,( n2 ) - [ ] - > ( n3 ) - [ r0 ] - > ( ) WHERE ( -1085463623 <> 874314957 ) WITH * MERGE ( n4 { k14 : 1329734180 , id : 21 } ) < - [ r1 : T0 { id : 22 } ] - ( n5 : L2 { id : 23 } ) WITH * RETURN ( n1 . k12 ) AS a3 , a2 AS a4 LIMIT 0 ;
MATCH (a) RETURN count(a);
MATCH (a) RETURN count(a);
MATCH (b)-[a]->(c) RETURN count(a);
MATCH (b)-[a]->(c) RETURN count(a);
UNWIND [NULL, (-887369753+1871461216)] AS a0 OPTIONAL MATCH p0=(n0 :L2)-[]->(), ()-[*..2]-(n1) MERGE ( :L2{id:24})-[ :T0{id:25}]-({id:26}) RETURN (n0.k16) AS a1, a0 AS a2 SKIP 1;
UNWIND [ CASE WHEN FALSE THEN NULL ELSE NULL END , ( -887369753 + 1871461216 ) ] AS a0 OPTIONAL MATCH ()-[:TYPE]-() OPTIONAL MATCH p0 = ( n0 : L2 ) - [ ] - > ( ) ,( ) - [ * .. 2 ] - ( n1 ) UNWIND 1 as l0 MERGE pp0=( : L2 { id : 24 } ) - [ : T0 { id : 25 } ] - ( { id : 26 } ) RETURN ( n0 . k16 ) AS a1 , a0 AS a2 SKIP 1 ;
