-- Time: 2024/04/11 13:15:45
-- Database: janusgraph_database26
-- Database version: composite
-- seed value: 1712812406507
CREATE (n0 {id : 0});
CREATE (n0 :L1{k5 : -982060168, id : 1, k6 : 262873090, k10 : 1472055893, k7 : false, k8 : -759464212, k9 : 'l'});
CREATE (n0 :L2{k11 : true, id : 2, k13 : false, k12 : 'nEE', k15 : -849528044, k14 : 'Hk'});
CREATE (n0 :L0{k0 : 'jdL0XdeD', k1 : 'q', k2 : true, k3 : -2080844726, id : 3});
MATCH (n0 {id : 2}), (n1 {id : 3}) MERGE(n0)-[r :T3{k49 : true, k50 : 'UNmxvQKx', k53 : false, k52 : -337228075, id : 4}]->(n1);
MATCH (n0 {id : 3}), (n1 {id : 3}) MERGE(n0)-[r :T0{k31 : '2', k30 : -1309256664, k33 : -900679494, id : 5, k32 : 'ppBs', k35 : 'N', k34 : true, k36 : 969772027}]->(n1);
MATCH (n0 {id : 3}), (n1 {id : 1}) MERGE(n0)-[r :T0{k31 : '2j', k30 : 1298955538, k33 : -1499860814, id : 6, k32 : 'ppBs', k34 : false, k36 : 1390507216}]->(n1);
MATCH (n0 {id : 2}), (n1 {id : 2}) MERGE(n0)-[r :T4{k60 : true, k55 : 'zW', id : 7, k54 : 'ZL', k57 : 1946365488, k56 : -937872548, k59 : -2147281726, k58 : 406205981}]->(n1);
MATCH (n0 {id : 0}), (n1 {id : 0}) MERGE(n0)-[r :T0{k31 : 'l', k30 : -1309256664, k33 : 2031204140, id : 8, k32 : 'j6o', k35 : 'Z', k34 : true, k36 : -114174177}]->(n1);
CREATE (n1 :L2{id:9}) CREATE ({id:10})-[r1 :T0{id:11}]->({id:12}), (n2{id:13})-[r2 :T4{id:14}]->(n3{id:15})-[r3 :T3{k51:elementId(CASE WHEN NULL THEN NULL END), id:16}]->({k1:NULL, id:17}) MERGE (n4{id:18})<-[ :T3{id:19}]-( :L2{k15:767430773, id:20}) RETURN 1 AS a2;
CREATE ( n1 : L2 { id : 9 } ) CREATE ( { id : CASE WHEN TRUE THEN 10 END } ) - [ r1 : T0 { id : 11 } ] - > ( { id : 12 } ) CREATE ( n2 { id : 13 } ) - [ r2 : T4 { id : 14 } ] - > ( n3 { id : 15 } ) - [ r3 : T3 { k51 : elementId ( CASE WHEN NULL THEN NULL END ) , id : 16 } ] - > ( { k1 : NULL , id : 17 } ) MERGE ( n4 { id : 18 } ) < - [ : T3 { id : 19 } ] - ( : L2 { k15 : 767430773 , id : 20 } ) RETURN 1 AS a2 ;
MATCH (a) RETURN count(a);
MATCH (b)-[a]->(c) RETURN count(a);
MATCH (b)-[a]->(c) RETURN count(a);
OPTIONAL MATCH (n0), (n1)-[]-(n0) UNWIND reverse([false]) AS a0 MERGE ({id:21}) RETURN n0 AS a1;
OPTIONAL MATCH ( n0 ) ,( n1 ) - [ ] - ( n0 ) UNWIND reverse ( [ false ] ) AS a0 OPTIONAL MATCH ()-[:TYPE]-() MERGE ( { id : 21 } ) RETURN DISTINCT n0 AS a1 ;
MATCH (a) RETURN count(a);
MATCH (a) RETURN count(a);
MATCH (b)-[a]->(c) RETURN count(a);
MATCH (b)-[a]->(c) RETURN count(a);
CREATE ( :L1{id:22})<-[ :T0{id:23}]-({k2:false, id:24})-[ :T0{id:25}]->( :L0{id:26}), ( :L0{id:27})<-[ :T3{id:28}]-({id:29})-[r0 :T4{id:30}]->(n0 :L2{id:31}) MERGE (n1{id:32})-[r1 :T0{id:33}]-( :L0{k0:'ry0oki', id:34}) MERGE ( :L2{id:35}) RETURN ('gST'+'JOW1onh') AS a0;
CREATE ( : L1 { id : 22 } ) < - [ : T0 { id : 23 } ] - ( { k2 : false , id : 24 } ) - [ : T0 { id : 25 } ] - > ( : L0 { id : 26 } ) CREATE (m0: L0 { id : 27 } )CREATE (m0)< - [ : T3 { id : 28 } ] - ( { id : 29 } ) - [ r0 : T4 { id : 30 } ] - > ( n0 : L2 { id : 31 } ) WITH * MERGE ( n1 { id : 32 } ) - [ r1 : T0 { id : 33 } ] - ( : L0 { k0 : 'ry0oki' , id : 34 } ) WITH * MERGE ( : L2 { id : 35 } ) RETURN ( 'gST' + 'JOW1onh' ) AS a0 ;
MATCH (a) RETURN count(a);
MATCH (a) RETURN count(a);
MATCH (b)-[a]->(c) RETURN count(a);
MATCH (b)-[a]->(c) RETURN count(a);
MERGE (n3{id:36}) CREATE (n4{id:37})<-[ :T0{id:38}]-(n5{id:39}), ({id:40})<-[ :T0{id:41}]-(n6{id:42})-[ :T0{id:43}]->({k2:exists(( :L2)-[]->( :L2)-[]-({k4:true})), id:44}) REMOVE n3.k2 RETURN n3 AS a2, n3 AS a3;
MERGE ( n3 { id : 36 } ) WITH * OPTIONAL MATCH ()-[:TYPE]-() CREATE ( n4 { id : 37 } ) < - [ : T0 { id : 38 } ] - ( n5 { id : 39 } ) CREATE (m0{ id : 40 } )CREATE (m0)< - [ : T0 { id : 41 } ] - ( n6 { id : 42 } ) - [ : T0 { id : 43 } ] - > ( { k2 : exists ( ( : L2 ) - [ ] - > ( : L2 ) - [ ] - ( { k4 : true } ) ) , id : CASE WHEN FALSE THEN NULL ELSE 44 END } ) FOREACH(f in [1]|REMOVE n3 . k2 ) WITH * RETURN n3 AS a2 , n3 AS a3 ;
MATCH (a) RETURN count(a);
MATCH (a) RETURN count(a);
MATCH (b)-[a]->(c) RETURN count(a);
MATCH (b)-[a]->(c) RETURN count(a);
WITH NULL AS a1 MERGE ({id:45})-[r0 :T0{id:46}]->( :L0{k2:true, id:47})-[r1 :T0{k32:'FlH', id:48}]->({id:49}) MERGE ({id:50}) RETURN 1 AS a2, 1 AS a3;
WITH CASE WHEN TRUE THEN NULL END AS a1 MERGE ( { id : 45 } ) - [ r0 : T0 { id : 46 } ] - > ( : L0 { k2 : true , id : 47 } ) - [ r1 : T0 { k32 : 'FlH' , id : 48 } ] - > ( { id : 49 } ) WITH * OPTIONAL MATCH ()-[:TYPE]-() MERGE ( { id : CASE WHEN TRUE THEN 50 END } ) RETURN DISTINCT 1 AS a2 , 1 AS a3 SKIP 1 ;
