-- Time: 2024/04/11 13:27:05
-- Database: janusgraph_database179
-- Database version: composite
-- seed value: 1712812406702
CREATE (n0 :L3{k19 : 'Zk5t08G', k20 : -1555277823, k22 : 'A', id : 0, k21 : false, k24 : 784264448, k23 : 'i'});
CREATE (n0 :L2{k17 : 'RM', k18 : false, id : 1, k13 : 'pG', k12 : 'rnjtkx', k15 : true, k14 : 70963434});
CREATE (n0 :L1{k5 : '2CWa', id : 2, k6 : -1562196674, k10 : 'h', k7 : true, k9 : 'e3Dq'});
CREATE (n0 :L2{k17 : 'wm9q5', k16 : 1322359836, id : 3, k13 : 'Ww1', k12 : 'l', k15 : true, k14 : 939939046});
MATCH (n0 {id : 0}), (n1 {id : 3}) MERGE(n0)-[r :T6{k73 : -2145325275, k72 : -594660525, k75 : false, k74 : 'Am', id : 4, k76 : true}]->(n1);
MATCH (n0 {id : 0}), (n1 {id : 2}) MERGE(n0)-[r :T3{id : 5, k54 : 'Dp0Phl', k57 : false, k56 : -1641284164, k59 : -1658893420}]->(n1);
MATCH (n0 {id : 2}), (n1 {id : 1}) MERGE(n0)-[r :T3{k55 : 710259140, id : 6, k54 : '4C6VbeErO', k57 : true, k56 : -705957241, k59 : 239189432, k58 : true}]->(n1);
MATCH (n0 {id : 0}), (n1 {id : 2}) MERGE(n0)-[r :T6{k73 : 505572046, k72 : -594660525, k75 : true, k74 : '3', id : 7, k76 : false}]->(n1);
MATCH (n0 {id : 0}), (n1 {id : 1}) MERGE(n0)-[r :T2{k49 : true, k51 : '9', k53 : true, k52 : false, id : 8, k48 : true}]->(n1);
MATCH (n0 {id : 3}), (n1 {id : 2}) MERGE(n0)-[r :T4{k60 : false, k62 : false, k61 : 'XS', k63 : 'v', id : 9}]->(n1);
MATCH (n0 {id : 2}), (n1 {id : 3}) MERGE(n0)-[r :T2{k51 : 'B', k50 : false, k53 : false, k52 : true, id : 10, k48 : false, k47 : false}]->(n1);
CREATE (n0{id:11}) CREATE ( :L2{id:12})<-[r0 :T3{id:13}]-({id:14})<-[r1 :T4{id:15}]-(n1{k18:true, id:16}), (n2 :L2{k14:NULL, id:17})<-[ :T6{id:18}]-({k20:270913329, id:19}) MERGE ({id:20})<-[r2 :T3{id:21}]-( :L1{k5:'fhypNPw', id:22})<-[r3 :T4{id:23}]-( :L2{id:24}) RETURN true AS a0, 1 AS a1;
CREATE ( n0 { id : 11 } ) WITH * CREATE ( : L2 { id : 12 } ) < - [ r0 : T3 { id : 13 } ] - ( { id : 14 } ) < - [ r1 : T4 { id : 15 } ] - ( n1 { k18 : true , id : 16 } ) CREATE ( n2 : L2 { k14 : NULL , id : 17 } ) < - [ : T6 { id : 18 } ] - ( { k20 : 270913329 , id : 19 } ) WITH * OPTIONAL MATCH ()-[:TYPE]-() MERGE ( { id : 20 } ) < - [ r2 : T3 { id : 21 } ] - ( : L1 { k5 : 'fhypNPw' , id : 22 } ) < - [ r3 : T4 { id : CASE WHEN FALSE THEN NULL ELSE 23 END } ] - ( : L2 { id : 24 } ) RETURN true AS a0 , 1 AS a1 ;
MATCH (a) RETURN count(a);
MATCH (b)-[a]->(c) RETURN count(a);
MATCH (b)-[a]->(c) RETURN count(a);
CREATE ( :L2{id:25})<-[ :T3{k55:NULL, id:26}]-( :L1{id:27}) MERGE (n0{k5:'y', id:28})-[r0 :T6{id:29}]-({id:30}) SET n0.k=NULL RETURN *;
CREATE (m0: L2 { id : 25 } )CREATE (m0)< - [ : T3 { k55 : NULL , id : 26 } ] - ( : L1 { id : 27 } ) MERGE ( n0 { k5 : 'y' , id : 28 } ) - [ r0 : T6 { id : 29 } ] - ( { id : 30 } ) SET n0 . k = NULL RETURN * ;
MATCH (a) RETURN count(a);
MATCH (a) RETURN count(a);
MATCH (b)-[a]->(c) RETURN count(a);
MATCH (b)-[a]->(c) RETURN count(a);
UNWIND [(n0 :L2{k13:NULL})-[]-(n1)-[r0]-(n2) WHERE true|properties(n2)] AS a0 OPTIONAL MATCH (n3) REMOVE n3.k2 RETURN 1 AS a1, a0 AS a2 UNION MERGE ({id:31}) MERGE p1=(n1{id:32}) MERGE ({k12:'YDN', id:33})-[ :T3{id:34}]-({id:35})-[r3 :T2{id:36}]->(n2 :L2{id:37}) RETURN n1 AS a1, n1 AS a2;
UNWIND [ ( n0 : L2 { k13 : NULL } ) - [ ] - ( n1 ) - [ r0 ] - ( n2 ) WHERE true | properties ( n2 ) ] AS a0 OPTIONAL MATCH ( n3 ) REMOVE n3 . k2 WITH * OPTIONAL MATCH ()-[:TYPE]-() RETURN 1 AS a1 , a0 AS a2 LIMIT 1 UNION MERGE ( { id : CASE WHEN FALSE THEN NULL ELSE 31 END } ) MERGE p1 = ( n1 { id : 32 } ) MERGE ( { k12 : 'YDN' , id : 33 } ) - [ : T3 { id : 34 } ] - ( { id : 35 } ) - [ r3 : T2 { id : 36 } ] - > ( n2 : L2 { id : 37 } ) RETURN n1 AS a1 , CASE WHEN FALSE THEN NULL ELSE n1 END AS a2 ;
