-- Time: 2024/04/11 14:27:07
-- Database: janusgraph_database990
-- Database version: composite
-- seed value: 1712812407515
CREATE (n0 :L2{k17 : 401015307, k16 : false, k18 : false, id : 0, k13 : false, k12 : true, k15 : false});
CREATE (n0 :L5{k33 : true, id : 1, k32 : false, k35 : -563473692, k34 : true, k37 : -2018870765, k36 : false});
CREATE (n0 :L4{k27 : 1262250980, k29 : 'JmLA9', k31 : false, k30 : true, id : 2, k26 : false, k25 : 232594550});
CREATE (n0 :L2{k17 : 1341506745, k16 : false, k18 : false, id : 3, k13 : true, k12 : false, k15 : true, k14 : false});
MATCH (n0 {id : 2}), (n1 {id : 1}) MERGE(n0)-[r :T0{k38 : 59850173, k40 : 'oF', k42 : 'w9ruuIvw', k41 : 'a', id : 4, k43 : true}]->(n1);
MATCH (n0 {id : 1}), (n1 {id : 1}) MERGE(n0)-[r :T1{k49 : -1873428573, k44 : 'P', id : 5, k46 : true, k45 : 'n', k47 : 1921429121}]->(n1);
MATCH (n0 {id : 1}), (n1 {id : 2}) MERGE(n0)-[r :T4{k62 : 'O', k63 : 'iMchPwrT', k66 : 'dSxjSeIj', id : 6, k65 : '6V'}]->(n1);
UNWIND [NULL, [(n0)-[ :T0{k38:NULL}]->(n1 :L5)-[r0 :T1{k44:'s'}]->(n2 :L5)|toBooleanList([])]] AS a0 CREATE p0=({id:7}), ({id:8}) MERGE (n3 :L4{id:9})-[r1 :T4{id:10}]-(n4{id:11})-[r2 :T1{id:12}]->({id:13}) RETURN a0 AS a1;
UNWIND CASE WHEN TRUE THEN [ NULL , [ ( n0 ) - [ : T0 { k38 : NULL } ] - > ( n1 : L5 ) - [ r0 : T1 { k44 : CASE WHEN FALSE THEN NULL ELSE 's' END } ] - > ( n2 : L5 ) | ([]+toBooleanList ( [ ] ) )] ] END AS a0 OPTIONAL MATCH ()-[:TYPE]-() CREATE p0 = ( { id : 7 } ) CREATE ( { id : 8 } ) MERGE pp0=( n3 : L4 { id : 9 } ) - [ r1 : T4 { id : 10 } ] - ( n4 { id : 11 } ) - [ r2 : T1 { id : 12 } ] - > ( { id : 13 } ) WITH * UNWIND [NULL] as l0 RETURN DISTINCT a0 AS a1 ORDER BY NULL LIMIT 1 ;
MATCH (a) RETURN count(a);
MATCH (b)-[a]->(c) RETURN count(a);
MATCH (b)-[a]->(c) RETURN count(a);
UNWIND [properties(relationships(NULL)[toIntegerOrNull(abs(-1092848016))]), NULL] AS a3 MERGE p0=( :L2{id:14}) DETACH DELETE p0  RETURN a3 AS a4;
UNWIND [ properties ( relationships ( CASE WHEN FALSE THEN NULL ELSE NULL END ) [ toIntegerOrNull ( abs ( -1092848016 ) ) ] ) , NULL ] AS a3 WITH * MERGE p0 = ( : L2 { id : 14 } ) WITH * DETACH DELETE p0 RETURN a3 AS a4 ;
MATCH (a) RETURN count(a);
MATCH (a) RETURN count(a);
MATCH (b)-[a]->(c) RETURN count(a);
MATCH (b)-[a]->(c) RETURN count(a);
CREATE ({id:15})-[r0 :T1{id:16}]->({id:17})-[r1 :T4{id:18}]->({id:19}) CREATE ( :L4{id:20})<-[ :T4{id:21}]-(n0 :L5{id:22}), ({id:23})<-[r2 :T0{id:24}]-({id:25})<-[r3 :T4{id:26}]-(n1{id:27}) MERGE (n2{k35:1487451932, id:28})-[r4 :T0{k43:false, id:29}]-({id:30})-[r5 :T4{k64:size(reverse(toStringList([]))), id:31}]-({k37:size([true]), id:32}) RETURN n2 AS a0, 1 AS a1;
CREATE ( { id : 15 } ) - [ r0 : T1 { id : 16 } ] - > ( { id : CASE WHEN FALSE THEN NULL ELSE 17 END } ) - [ r1 : T4 { id : 18 } ] - > ( { id : CASE WHEN TRUE THEN 19 END } ) WITH * CREATE ( : L4 { id : 20 } ) < - [ : T4 { id : 21 } ] - ( n0 : L5 { id : 22 } ) CREATE ( { id : CASE WHEN FALSE THEN NULL ELSE 23 END } ) < - [ r2 : T0 { id : 24 } ] - ( { id : 25 } ) < - [ r3 : T4 { id : 26 } ] - ( n1 { id : CASE WHEN TRUE THEN 27 END } ) MERGE ( n2 { k35 : 1487451932 , id : 28 } ) - [ r4 : T0 { k43 : false , id : 29 } ] - ( { id : 30 } ) - [ r5 : T4 { k64 : CASE WHEN FALSE THEN NULL ELSE size ( reverse ( toStringList ( ([]+[ ] )) ) ) END , id : 31 } ] - ( { k37 : size ( [ true ] ) , id : 32 } ) WITH * OPTIONAL MATCH ()-[:TYPE]-() RETURN n2 AS a0 , 1 AS a1 ;
MATCH (a) RETURN count(a);
MATCH (a) RETURN count(a);
MATCH (b)-[a]->(c) RETURN count(a);
MATCH (b)-[a]->(c) RETURN count(a);
CREATE ({id:33}) CREATE (n0{k28:round(1825211354), id:34}), p0=(n1{id:35}) MERGE ({id:36})-[r0 :T0{id:37}]-(n2{id:38}) RETURN n2 AS a0;
CREATE ( { id : 33 } ) WITH * UNWIND [1] as l0 CREATE ( n0 { k28 : CASE WHEN FALSE THEN NULL ELSE round ( 1825211354 ) END , id : 34 } ) CREATE p0 = ( n1 { id : 35 } ) WITH * MERGE ( { id : 36 } ) - [ r0 : T0 { id : 37 } ] - ( n2 { id : 38 } ) WITH * OPTIONAL MATCH ()-[:TYPE]-() RETURN n2 AS a0 ;
MATCH (a) RETURN count(a);
MATCH (a) RETURN count(a);
MATCH (b)-[a]->(c) RETURN count(a);
MATCH (b)-[a]->(c) RETURN count(a);
CREATE ({id:39}) MERGE (n0{k14:false, id:40}) MERGE p0=(n1{k16:true, id:41}) RETURN n0 AS a0, 1 AS a1;
CREATE ( { id : CASE WHEN TRUE THEN 39 END } ) WITH * MERGE ( n0 { k14 : false , id : CASE WHEN TRUE THEN 40 END } ) WITH * UNWIND [NULL] as l0 MERGE p0 = ( n1 { k16 : true , id : 41 } ) RETURN n0 AS a0 , 1 AS a1 ;
MATCH (a) RETURN count(a);
MATCH (a) RETURN count(a);
MATCH (b)-[a]->(c) RETURN count(a);
MATCH (b)-[a]->(c) RETURN count(a);
UNWIND NULL AS a0 MERGE ({id:42})-[r0 :T1{k46:false, id:43}]-(n0{k33:false, id:44}) CREATE (n1{k16:(r0.k46), id:45}) RETURN 1 AS a1;
UNWIND CASE WHEN TRUE THEN NULL END AS a0 OPTIONAL MATCH ()-[:TYPE]-() MERGE ( { id : CASE WHEN TRUE THEN 42 END } ) - [ r0 : T1 { k46 : false , id : 43 } ] - ( n0 { k33 : false , id : 44 } ) CREATE ( n1 { k16 : ( r0 . k46 ) , id : 45 } ) RETURN 1 AS a1 ;
