-- Time: 2024/04/11 14:21:43
-- Database: janusgraph_database917
-- Database version: composite
-- seed value: 1712812407442
CREATE (n0 :L4{k28 : false, k27 : 1341035283, k30 : false, id : 0, k26 : -2050488844});
CREATE (n0 {id : 1});
CREATE (n0 :L4{k28 : false, k27 : -1335497220, k29 : true, k30 : true, id : 2, k26 : -1576646535});
CREATE (n0 {id : 3});
MATCH (n0 {id : 2}), (n1 {id : 1}) MERGE(n0)-[r :T2{k42 : 'dEU', k44 : 'G7W8EZ', id : 4, k43 : 'eGQq', k46 : true, k45 : -397083354}]->(n1);
MATCH (n0 {id : 1}), (n1 {id : 3}) MERGE(n0)-[r :T0{k31 : 'h', k33 : -1054871050, id : 5, k32 : false, k35 : 'Oj', k34 : false}]->(n1);
MATCH (n0 {id : 1}), (n1 {id : 1}) MERGE(n0)-[r :T0{k31 : 'I', k33 : -1724244194, id : 6, k32 : true, k35 : 'Oj', k34 : false}]->(n1);
OPTIONAL MATCH p0=(n0) SET n0.k=-838115729 SET n0.k=NULL RETURN *, p0 AS a0 SKIP 0 LIMIT 0;
OPTIONAL MATCH p0 = ( n0 ) SET n0 . k = -838115729 SET n0 . k = NULL WITH * OPTIONAL MATCH ()-[:TYPE]-() RETURN * , p0 AS a0 SKIP 0 LIMIT 0 ;
MATCH (a) RETURN count(a);
MATCH (b)-[a]->(c) RETURN count(a);
MATCH (b)-[a]->(c) RETURN count(a);
CREATE (n0{id:7}), (n1{id:8})-[ :T0{k33:2119785631, id:9}]->({id:10})-[r0 :T0{id:11}]->({id:12}) CREATE (n2{id:13})-[r1 :T0{id:14}]->({id:15}), ({id:16})-[ :T0{k34:true, id:17}]->({id:18}) MERGE (n3{id:19})-[r2 :T0{k31:'NvqpR', id:20}]->({id:21})-[r3 :T0{id:22}]->(n4{id:23}) RETURN 1 AS a0, 1 AS a1 ORDER BY a1 DESC UNION ALL MATCH ()<-[*0..1]-(n0)-[]->(n1), () REMOVE n1.k2 DETACH DELETE n0  RETURN n1 AS a0, 1 AS a1;
CREATE ( n0 { id : 7 } ) CREATE ( n1 { id : 8 } ) - [ : T0 { k33 : 2119785631 , id : 9 } ] - > ( { id : 10 } ) - [ r0 : T0 { id : 11 } ] - > ( { id : 12 } ) WITH * UNWIND [1] as l0 CREATE ( n2 { id : 13 } ) - [ r1 : T0 { id : 14 } ] - > ( { id : 15 } ) CREATE (m0{ id : 16 } )CREATE (m0)- [ : T0 { k34 : true , id : 17 } ] - > ( { id : CASE WHEN FALSE THEN NULL ELSE 18 END } ) MERGE ( n3 { id : 19 } ) - [ r2 : T0 { k31 : CASE WHEN FALSE THEN NULL ELSE 'NvqpR' END , id : 20 } ] - > ( { id : 21 } ) - [ r3 : T0 { id : 22 } ] - > ( n4 { id : 23 } ) RETURN 1 AS a0 , 1 AS a1 ORDER BY a1 DESC UNION ALL MATCH ( ) < - [ * 0 .. 1 ] - ( n0 ) - [ ] - > ( n1 ) ,( ) REMOVE n1 . k2 WITH * UNWIND [1] as l1 WITH * CALL{WITH *DETACH DELETE n0 } RETURN n1 AS a0 , 1 AS a1 ;
MATCH (a) RETURN count(a);
MATCH (a) RETURN count(a);
MATCH (b)-[a]->(c) RETURN count(a);
MATCH (b)-[a]->(c) RETURN count(a);
CREATE p0=(n0{id:24}) MERGE ({id:25}) CREATE (n1{id:26})-[ :T2{id:27}]->(n2{id:28}) RETURN 1 AS a0, [NULL, NULL] AS a1 ORDER BY a0 DESC;
CREATE p0 = ( n0 { id : 24 } ) WITH * MERGE ( { id : 25 } ) CREATE ( n1 { id : 26 } ) - [ : T2 { id : CASE WHEN FALSE THEN NULL ELSE 27 END } ] - > ( n2 { id : 28 } ) RETURN 1 AS a0 , [ NULL , NULL ] AS a1 ORDER BY a0 DESC SKIP 1 LIMIT 1 ;
