-- Time: 2024/04/11 13:43:57
-- Database: janusgraph_database407
-- Database version: composite
-- seed value: 1712812406930
CREATE (n0 :L6{k38 : true, id : 0, k35 : 334239925, k34 : 797005148, k37 : 1287857550, k36 : 'MHpH'});
CREATE (n0 :L6{k38 : true, id : 1, k35 : -68292642, k34 : 612522321, k37 : 833158387, k36 : '8'});
CREATE (n0 :L3{k17 : 1419680482, k19 : false, k20 : '1', k22 : false, id : 2, k21 : -463852845});
CREATE (n0 :L1{k5 : true, id : 3, k6 : 'fgGi', k7 : -1279092428, k8 : false, k9 : true});
MATCH (n0 {id : 0}), (n1 {id : 3}) MERGE(n0)-[r :T0{k39 : true, k42 : -209539200, k41 : true, k44 : 'Er2V7Okso', id : 4}]->(n1);
MATCH (n0 {id : 0}), (n1 {id : 3}) MERGE(n0)-[r :T0{k39 : true, k42 : 208974264, k41 : false, k44 : 'tVJl', id : 5, k43 : false, k45 : 'R'}]->(n1);
MATCH (n0 {id : 2}), (n1 {id : 3}) MERGE(n0)-[r :T1{k49 : 'pf', k51 : 's', k50 : -1032023117, id : 6, k46 : 752141489, k48 : 442568651, k47 : 'rRQxLZ7V'}]->(n1);
MATCH (n0 {id : 3}), (n1 {id : 3}) MERGE(n0)-[r :T0{k39 : true, k40 : false, k42 : -986980885, k44 : 'W', id : 7, k43 : true, k45 : 'y'}]->(n1);
MATCH (n0 {id : 2}), (n1 {id : 0}) MERGE(n0)-[r :T3{k60 : '3', id : 8, k57 : 1966018149, k59 : 'g', k58 : -1612423942}]->(n1);
MATCH (n0 {id : 0}), (n1 {id : 0}) MERGE(n0)-[r :T4{k62 : 1427903022, k63 : -1746015438, id : 9, k65 : 'quJyP', k67 : '4'}]->(n1);
MATCH p0=() DETACH DELETE p0  CREATE ({id:10}), p1=(n0{k38:true, id:11})-[ :T4{id:12}]->(n1{k34:-263278535, id:13})<-[r0 :T3{id:14}]-(n2{id:15}) RETURN 1 AS a0;
MATCH p0=() FOREACH(f in nodes(p0)|DETACH DELETE f) WITH * CREATE ( { id : 10 } ) CREATE (n0{ k38 : true , id : CASE WHEN FALSE THEN NULL ELSE 11 END } )CREATE (n0)- [ : T4 { id : 12 } ] - > ( n1 { k34 : -263278535 , id : 13 } ) < - [ r0 : T3 { id : 14 } ] - ( n2 { id : CASE WHEN TRUE THEN 15 END } ) RETURN DISTINCT 1 AS a0 ;
MATCH (a) RETURN count(a);
MATCH (b)-[a]->(c) RETURN count(a);
MATCH (b)-[a]->(c) RETURN count(a);
WITH [keys(NULL), NULL] AS a0 CREATE ({k8:false, id:16}), ( :L6{id:17}) MERGE (n0 :L1{id:18})-[r0 :T0{k45:'6', id:19}]->(n1{id:20}) RETURN 1 AS a1;
WITH [ keys ( NULL ) , NULL ] AS a0 CREATE ( { k8 : false , id : 16 } ) CREATE ( : L6 { id : 17 } ) MERGE ( n0 : L1 { id : 18 } ) - [ r0 : T0 { k45 : '6' , id : 19 } ] - > ( n1 { id : CASE WHEN TRUE THEN 20 END } ) WITH * OPTIONAL MATCH ()-[:TYPE]-() RETURN 1 AS a1 SKIP 1 LIMIT 1 ;
MATCH (a) RETURN count(a);
MATCH (a) RETURN count(a);
MATCH (b)-[a]->(c) RETURN count(a);
MATCH (b)-[a]->(c) RETURN count(a);
MERGE (n2{k9:true, id:21}) CREATE (n3 :L1{k8:toBooleanList(NULL)[toIntegerOrNull(abs(NULL))], id:22})<-[ :T1{id:23}]-(n4{id:24}) CREATE ({k37:NULL, id:25}) RETURN NULL AS a1 LIMIT 0;
MERGE ( n2 { k9 : true , id : CASE WHEN FALSE THEN NULL ELSE 21 END } ) WITH * CREATE (n3: L1 { k8 : toBooleanList ( NULL ) [ toIntegerOrNull ( abs ( NULL ) ) ] , id : 22 } )CREATE (n3)< - [ : T1 { id : CASE WHEN TRUE THEN 23 END } ] - ( n4 { id : 24 } ) WITH * OPTIONAL MATCH ()-[:TYPE]-() CREATE ( { k37 : NULL , id : 25 } ) RETURN DISTINCT NULL AS a1 LIMIT 0 ;
MATCH (a) RETURN count(a);
MATCH (a) RETURN count(a);
MATCH (b)-[a]->(c) RETURN count(a);
MATCH (b)-[a]->(c) RETURN count(a);
WITH * LIMIT 1 CREATE ({id:26})-[ :T0{k40:(NULL STARTS WITH NULL), id:27}]->({id:28})<-[ :T1{k49:'ria', id:29}]-(n0{id:30}) CREATE (n1{k9:false, id:31})<-[ :T0{id:32}]-(n2{k36:'bjJ', id:33}), (n3{k5:NULL, id:34}) RETURN DISTINCT 1 AS a0 UNION ALL UNWIND [true] AS a0 MATCH p0=() CREATE p1=({id:35}), p2=({id:36}) RETURN p0 AS a0;
WITH * LIMIT CASE WHEN FALSE THEN NULL ELSE 1 END WITH * CREATE ( { id : 26 } ) - [ : T0 { k40 : ( NULL STARTS WITH NULL ) , id : 27 } ] - > ( { id : 28 } ) < - [ : T1 { k49 : 'ria' , id : 29 } ] - ( n0 { id : 30 } ) CREATE ( n1 { k9 : false , id : 31 } ) < - [ : T0 { id : 32 } ] - ( n2 { k36 : 'bjJ' , id : 33 } ) CREATE ( n3 { k5 : NULL , id : 34 } ) WITH * RETURN DISTINCT 1 AS a0 UNION ALL UNWIND ([]+[ CASE WHEN FALSE THEN NULL ELSE true END ] )AS a0 MATCH p0 = ( ) CREATE p1 = ( { id : 35 } ) CREATE p2 = ( { id : 36 } ) RETURN DISTINCT p0 AS a0 SKIP 1 ;
MATCH (a) RETURN count(a);
MATCH (a) RETURN count(a);
MATCH (b)-[a]->(c) RETURN count(a);
MATCH (b)-[a]->(c) RETURN count(a);
MERGE (n2{id:37}) REMOVE n2.k2 MERGE ({id:38})-[r2 :T0{id:39}]->(n3{id:40}) RETURN (r2.k44) AS a2;
MERGE ( n2 { id : CASE WHEN FALSE THEN NULL ELSE 37 END } ) FOREACH(f in [1]|REMOVE n2 . k2 ) WITH * OPTIONAL MATCH ()-[:TYPE]-() MERGE ( { id : CASE WHEN TRUE THEN 38 END } ) - [ r2 : T0 { id : 39 } ] - > ( n3 { id : 40 } ) RETURN DISTINCT ( r2 . k44 ) AS a2 SKIP 1 ;
