-- Time: 2024/04/11 13:52:19
-- Database: janusgraph_database520
-- Database version: composite
-- seed value: 1712812407044
CREATE (n0 :L0{k0 : 'B', k2 : 1543401357, k3 : 'HY', k4 : 1451922079, k5 : false, id : 0, k6 : 'm'});
CREATE (n0 :L5{k29 : 'ARzP5Bc', k33 : '8', id : 1, k32 : -1063452824, k34 : 1533337091});
CREATE (n0 :L4{k28 : 'O6', k27 : -1415881748, id : 2, k24 : 'KefQ1sEM', k23 : 'ag60r', k26 : 'c'});
CREATE (n0 :L1{k11 : true, id : 3, k10 : 'x', k7 : true, k8 : 'I2DpDq', k9 : 1566224187});
MATCH (n0 {id : 2}), (n1 {id : 2}) MERGE(n0)-[r :T2{k55 : -990338497, id : 4, k57 : 907607547, k56 : -2103355559, k59 : -2091870841}]->(n1);
MATCH (n0 {id : 0}), (n1 {id : 1}) MERGE(n0)-[r :T5{k75 : 1997248230, id : 5, k76 : -1004595193, k79 : -626752874, k78 : true}]->(n1);
MATCH (n0 {id : 0}), (n1 {id : 0}) MERGE(n0)-[r :T0{k42 : 1531917806, k44 : 'J', id : 6, k43 : true, k46 : 1280562049, k45 : false, k48 : -1957553860, k47 : 'L63'}]->(n1);
OPTIONAL MATCH ()<-[r0]-(n0) UNWIND [NULL, ((NULL >= 'W4jnUd3') OR (substring('ZDKKIgFVN', toIntegerOrNull(abs(1970455572)), toIntegerOrNull(abs(1582761090))) <= substring('U', toIntegerOrNull(abs(-648018063)), toIntegerOrNull(abs(-1262746356)))))] AS a1 CREATE ( :L5{id:7})<-[r1 :T0{id:8}]-( :L0{id:9}), ({id:10}) RETURN n0 AS a2, 1 AS a3 SKIP 1;
OPTIONAL MATCH (nn0),()<-[r0]-(),(n0) WHERE exists((nn0)<-[r0]-(n0)) UNWIND CASE WHEN FALSE THEN NULL ELSE ([]+[ CASE WHEN FALSE THEN NULL ELSE NULL END , ( ( CASE WHEN TRUE THEN NULL >= 'W4jnUd3' END ) OR ( (substring ( 'ZDKKIgFVN' , toIntegerOrNull ( abs ( 1970455572 ) ) , toIntegerOrNull ( abs ( 1582761090 ) ) ) +'') <= substring ( 'U' , toIntegerOrNull ( abs ( -648018063 ) ) , CASE WHEN FALSE THEN NULL ELSE toIntegerOrNull ( abs ( -1262746356 ) ) END ) ) ) ] )END AS a1 OPTIONAL MATCH ()-[:TYPE]-() CREATE ( : L5 { id : 7 } ) < - [ r1 : T0 { id : 8 } ] - ( : L0 { id : 9 } ) CREATE ( { id : 10 } ) WITH * RETURN n0 AS a2 , 1 AS a3 SKIP 1 ;
MATCH (a) RETURN count(a);
MATCH (b)-[a]->(c) RETURN count(a);
MATCH (b)-[a]->(c) RETURN count(a);
CREATE ({id:11}) MERGE ({id:12}) CREATE ({id:13}), (n0{k11:false, id:14}) RETURN 1 AS a0 UNION ALL CREATE ( :L4{id:15})<-[r0 :T0{id:16}]-( :L4{id:17}), ( :L4{k28:'V', id:18}) MERGE p1=({id:19}) CREATE ({id:20})-[r1 :T2{k56:-289853406, id:21}]->(n1{id:22}), ( :L4{id:23})-[r2 :T2{id:24}]->({id:25}) RETURN 1 AS a0;
CREATE ( { id : 11 } ) WITH * OPTIONAL MATCH ()-[:TYPE]-() MERGE pp0=( { id : CASE WHEN FALSE THEN NULL ELSE 12 END } ) WITH * OPTIONAL MATCH ()-[:TYPE]-() CREATE ( { id : 13 } ) CREATE ( n0 { k11 : false , id : 14 } ) RETURN 1 AS a0 UNION ALL CREATE (m0: L4 { id : 15 } )CREATE (m0)< - [ r0 : T0 { id : CASE WHEN TRUE THEN 16 END } ] - ( : L4 { id : 17 } ) CREATE ( : L4 { k28 : 'V' , id : CASE WHEN TRUE THEN 18 END } ) WITH * MERGE p1 = ( { id : CASE WHEN TRUE THEN 19 END } ) CREATE ( { id : CASE WHEN FALSE THEN NULL ELSE 20 END } ) - [ r1 : T2 { k56 : -289853406 , id : 21 } ] - > ( n1 { id : 22 } ) CREATE ( : L4 { id : CASE WHEN TRUE THEN 23 END } ) - [ r2 : T2 { id : 24 } ] - > ( { id : 25 } ) RETURN 1 AS a0 ;
MATCH (a) RETURN count(a);
MATCH (a) RETURN count(a);
MATCH (b)-[a]->(c) RETURN count(a);
MATCH (b)-[a]->(c) RETURN count(a);
MATCH (n0) MATCH (n0)-[*0..0]->(n0), (n0)-[]-() MERGE (n1{id:26})-[ :T2{k56:1763720342, id:27}]-({k23:'e', id:28}) RETURN 1 AS a0, 1 AS a1 ORDER BY a0, a1 DESC;
MATCH ( n0 ) WHERE TRUE MATCH ( n0 ) - [ * 0 .. 0 ] - > ( n0 ) ,( n0 ) - [ ] - ( ) WITH * WHERE TRUE MERGE ( n1 { id : 26 } ) - [ : T2 { k56 : 1763720342 , id : 27 } ] - ( { k23 : 'e' , id : 28 } ) RETURN DISTINCT 1 AS a0 , 1 AS a1 ORDER BY a0, a1 DESC ;
