-- Time: 2024/04/11 13:35:22
-- Database: janusgraph_database291
-- Database version: composite
-- seed value: 1712812406814
CREATE (n0 {id : 0});
CREATE (n0 :L5{k31 : -563394237, k33 : 803374135, id : 1, k32 : -1170853067, k35 : false, k34 : 486009791, k36 : true});
CREATE (n0 :L1{k5 : 'veuTn', id : 2, k6 : 'e', k10 : false, k7 : 'G', k8 : 'cM', k9 : true});
CREATE (n0 {id : 3});
MATCH (n0 {id : 3}), (n1 {id : 1}) MERGE(n0)-[r :T4{k60 : false, k62 : -996741400, k61 : true, k64 : 'I', k63 : '8jhn', id : 4, k59 : -702031943, k58 : 'kNru'}]->(n1);
MATCH (n0 {id : 1}), (n1 {id : 1}) MERGE(n0)-[r :T4{k60 : true, k62 : 1311258954, k61 : true, k64 : 'u', id : 5, k58 : 'd'}]->(n1);
MATCH (n0 {id : 1}), (n1 {id : 0}) MERGE(n0)-[r :T2{k49 : false, k51 : 1300019905, k50 : 'V', id : 6, k48 : 2027710612, k47 : '83Xkt'}]->(n1);
MATCH (n0 {id : 2}), (n1 {id : 0}) MERGE(n0)-[r :T1{k42 : -325695287, k44 : -1133268653, id : 7, k46 : 'qGGvtf', k45 : '7qo'}]->(n1);
MATCH (n0 {id : 1}), (n1 {id : 3}) MERGE(n0)-[r :T0{k39 : 'YOTTU', k38 : true, k40 : false, k41 : 950742260, id : 8, k37 : -378524908}]->(n1);
OPTIONAL MATCH (n0)-[r0 :T4{k62:-2032779790}]-(n1) REMOVE n1.k2 CREATE ({id:9})<-[r1 :T0{k40:(r0.k61), id:10}]-({id:11}), p0=({id:12}) RETURN 1 AS a0;
OPTIONAL MATCH ( n0 ) - [ r0 : T4 { k62 : -2032779790 } ] - ( n1 ) REMOVE n1 . k2 WITH * UNWIND [NULL] as l0 CREATE ({id:11})-[ r1 : T0 { k40 : CASE WHEN TRUE THEN ( r0 . k61 ) END , id : 10 } ] ->( { id : 9 } ) CREATE p0 = ( { id : 12 } ) WITH * UNWIND 1 as l1 RETURN 1 AS a0 ;
MATCH (a) RETURN count(a);
MATCH (b)-[a]->(c) RETURN count(a);
MATCH (b)-[a]->(c) RETURN count(a);
MERGE ({id:13})-[r0 :T0{k38:true, id:14}]-( :L5{id:15})<-[r1 :T4{id:16}]-(n0{id:17}) REMOVE n0.k2 SET n0.k='ik' RETURN n0 AS a0 ORDER BY 'Zy', a0 DESC;
MERGE ( { id : 13 } ) - [ r0 : T0 { k38 : CASE WHEN FALSE THEN NULL ELSE true END , id : 14 } ] - ( : L5 { id : 15 } ) < - [ r1 : T4 { id : CASE WHEN TRUE THEN 16 END } ] - ( n0 { id : 17 } ) REMOVE n0 . k2 SET n0 . k = 'ik' RETURN n0 AS a0 ORDER BY 'Zy', a0 DESC ;
