-- Time: 2024/04/11 14:32:59
-- Database: janusgraph_database1069
-- Database version: composite
-- seed value: 1712812407594
CREATE (n0 {id : 0});
CREATE (n0 :L2{k17 : 'c', k16 : 143659714, k11 : true, id : 1, k13 : false, k12 : -1366994623, k15 : true, k14 : -1473301255});
CREATE (n0 :L1{id : 2, k6 : true, k10 : false, k7 : 1923763692, k9 : -1051353737});
CREATE (n0 :L2{k17 : 'c', k16 : -1722520989, k11 : false, id : 3, k13 : false, k12 : -801923378, k15 : false, k14 : -1036468383});
MATCH (n0 {id : 3}), (n1 {id : 3}) MERGE(n0)-[r :T4{k60 : -957926238, k61 : true, k64 : -723775113, k63 : false, id : 4}]->(n1);
MATCH (n0 {id : 0}), (n1 {id : 0}) MERGE(n0)-[r :T1{k49 : 'i', id : 5, k46 : true, k48 : true, k47 : true}]->(n1);
MATCH (n0 {id : 0}), (n1 {id : 1}) MERGE(n0)-[r :T1{k49 : 'ZJmeDp', id : 6, k46 : true, k48 : true, k47 : true}]->(n1);
MATCH (n0 {id : 1}), (n1 {id : 3}) MERGE(n0)-[r :T0{k39 : 'J', k38 : false, k40 : false, k42 : true, k41 : true, k44 : 'YPOn', id : 7, k43 : 'cyTDZcuv'}]->(n1);
MATCH (n0 {id : 0}), (n1 {id : 1}) MERGE(n0)-[r :T2{k51 : 'l', k50 : 'W4V', k53 : 'Z', k52 : false, id : 8, k54 : true}]->(n1);
MATCH (n0 {id : 1}), (n1 {id : 3}) MERGE(n0)-[r :T3{k55 : true, id : 9, k57 : true, k56 : 'ce', k59 : false, k58 : false}]->(n1);
WITH true AS a0 OPTIONAL MATCH (n0) WHERE true CREATE ({id:10}) RETURN DISTINCT n0 AS a1 LIMIT 0 UNION ALL MERGE ( :L1{id:11}) CREATE ({id:12}), ({id:13}) CREATE ({id:14}), (n0{id:15}) RETURN DISTINCT 1 AS a1 SKIP 1;
WITH true AS a0 OPTIONAL MATCH ( n0 ) WHERE true UNWIND 1 as l0 CREATE ( { id : 10 } ) RETURN DISTINCT n0 AS a1 LIMIT 0 UNION ALL MERGE ( : L1 { id : 11 } ) CREATE ( { id : 12 } ) CREATE ( { id : 13 } ) CREATE ( { id : 14 } ) CREATE ( n0 { id : CASE WHEN TRUE THEN 15 END } ) RETURN DISTINCT 1 AS a1 SKIP 1 LIMIT 1 ;
MATCH (a) RETURN count(a);
MATCH (b)-[a]->(c) RETURN count(a);
MATCH (b)-[a]->(c) RETURN count(a);
MERGE ({id:16})<-[r0 :T1{id:17}]-(n0{id:18}) CREATE ( :L2{id:19})<-[r1 :T1{k47:false, id:20}]-(n1{id:21}), (n2{id:22})-[ :T1{k47:(r0.k48), id:23}]->({id:24})-[ :T1{k46:true, id:25}]->(n3 :L2{id:26}) REMOVE n0.k2 RETURN n0 AS a1;
MERGE ( { id : 16 } ) < - [ r0 : T1 { id : CASE WHEN FALSE THEN NULL ELSE 17 END } ] - ( n0 { id : 18 } ) WITH * CREATE ( : L2 { id : 19 } ) < - [ r1 : T1 { k47 : false , id : CASE WHEN TRUE THEN 20 END } ] - ( n1 { id : CASE WHEN FALSE THEN NULL ELSE 21 END } ) CREATE ( n2 { id : CASE WHEN FALSE THEN NULL ELSE 22 END } ) - [ : T1 { k47 : ( r0 . k48 ) , id : 23 } ] - > ( { id : 24 } ) - [ : T1 { k46 : true , id : CASE WHEN FALSE THEN NULL ELSE 25 END } ] - > ( n3 : L2 { id : 26 } ) REMOVE n0 . k2 WITH * RETURN n0 AS a1 ;
MATCH (a) RETURN count(a);
MATCH (a) RETURN count(a);
MATCH (b)-[a]->(c) RETURN count(a);
MATCH (b)-[a]->(c) RETURN count(a);
CREATE (n0{id:27})-[r0 :T3{id:28}]->(n1{id:29}), (n2{k12:NULL, id:30}) MERGE (n3{id:31})-[r1 :T1{id:32}]-({id:33})-[r2 :T2{id:34}]-(n4 :L2{id:35}) DETACH DELETE n3  RETURN (n4.k12) AS a0, 1 AS a1;
CREATE ( n0 { id : 27 } ) - [ r0 : T3 { id : 28 } ] - > ( n1 { id : 29 } ) CREATE ( n2 { k12 : NULL , id : 30 } ) MERGE ( n3 { id : 31 } ) - [ r1 : T1 { id : 32 } ] - ( { id : 33 } ) - [ r2 : T2 { id : 34 } ] - ( n4 : L2 { id : 35 } ) WITH * OPTIONAL MATCH ()-[:TYPE]-() DETACH DELETE n3 RETURN ( n4 . k12 ) AS a0 , 1 AS a1 ;
