-- Time: 2024/04/11 13:47:15
-- Database: janusgraph_database452
-- Database version: composite
-- seed value: 1712812406975
CREATE (n0 {id : 0});
CREATE (n0 {id : 1});
CREATE (n0 :L3{k19 : false, k20 : 'K24', k22 : true, id : 2, k21 : 91131109, k23 : 'F'});
CREATE (n0 :L0{k0 : 1076489404, k1 : 'Q', k2 : 'f', k3 : true, k4 : 'e', id : 3});
MATCH (n0 {id : 2}), (n1 {id : 0}) MERGE(n0)-[r :T1{k42 : 2013360575, k44 : 'X0d7Jsi', id : 4, k43 : 'u', k46 : 'CMnRxP', k45 : false}]->(n1);
MATCH (n0 {id : 3}), (n1 {id : 2}) MERGE(n0)-[r :T1{k42 : -485205226, id : 5, k43 : 'h', k46 : 'D', k45 : true}]->(n1);
MATCH (n0 {id : 1}), (n1 {id : 1}) MERGE(n0)-[r :T0{k38 : true, k41 : 'x', id : 6, k36 : 1876191588}]->(n1);
MATCH (n0 {id : 3}), (n1 {id : 2}) MERGE(n0)-[r :T0{k39 : true, k40 : -359944632, k41 : 'p', id : 7, k37 : 'zNstMR', k36 : -1571532927}]->(n1);
MATCH (n0 {id : 2}), (n1 {id : 1}) MERGE(n0)-[r :T0{k39 : false, k38 : true, k40 : -1689148471, k41 : 'K', id : 8, k37 : 'fNn2rc', k36 : -1969030414}]->(n1);
MATCH (n0 {id : 0}), (n1 {id : 3}) MERGE(n0)-[r :T0{k39 : false, k38 : false, k41 : 'gFnrN', id : 9}]->(n1);
MATCH (n0 {id : 1}), (n1 {id : 0}) MERGE(n0)-[r :T0{k38 : false, k40 : 829489623, k41 : 'acyzaYoj', id : 10, k37 : 'ByN6LN', k36 : -896045026}]->(n1);
UNWIND [[NULL, false]] AS a0 UNWIND [relationships(NULL)[toIntegerOrNull(abs(1510930599))], relationships(NULL)[toIntegerOrNull(abs(NULL))]] AS a1 MERGE ({id:11}) RETURN DISTINCT 1 AS a2, a0 AS a3 SKIP 1 LIMIT 1 UNION MATCH ()<-[ :T1{k43:substring('3', toIntegerOrNull(abs(NULL)), toIntegerOrNull(abs(round(895917568))))}]-(n0), ()-[*0..]-(n1) MERGE ({id:12})-[r0 :T0{k37:'C', id:13}]->(n2 :L3{id:14})-[r1 :T1{id:15}]->({id:16}) DETACH DELETE n1  RETURN n0 AS a2, [731463128] AS a3;
UNWIND [ [ NULL , false ] ] AS a0 UNWIND [1] as l0 UNWIND [ relationships ( CASE WHEN FALSE THEN NULL ELSE NULL END ) [ toIntegerOrNull ( abs ( 1510930599 ) ) ] , relationships ( NULL ) [ CASE WHEN TRUE THEN toIntegerOrNull ( abs ( NULL ) ) END ] ] AS a1 MERGE ( { id : 11 } ) WITH * OPTIONAL MATCH ()-[:TYPE]-() RETURN DISTINCT 1 AS a2 , a0 AS a3 SKIP CASE WHEN FALSE THEN NULL ELSE 1 END LIMIT 1 UNION MATCH ( ) < - [ : T1 { k43 : substring ( '3' , toIntegerOrNull ( abs ( NULL ) ) , toIntegerOrNull ( abs ( round ( 895917568 ) ) ) ) } ] - ( n0 ) ,( ) - [ * 0 .. ] - ( n1 ) MERGE ( { id : 12 } ) - [ r0 : T0 { k37 : 'C' , id : 13 } ] - > ( n2 : L3 { id : 14 } ) - [ r1 : T1 { id : 15 } ] - > ( { id : 16 } ) DETACH DELETE n1 RETURN n0 AS a2 , [ 731463128 ] AS a3 ;
MATCH (a) RETURN count(a);
MATCH (b)-[a]->(c) RETURN count(a);
MATCH (b)-[a]->(c) RETURN count(a);
MATCH p0=(n0)-[r0]-(n1)-[*0..0]-(n2), ()-[r1]-() UNWIND NULL AS a0 CREATE p1=({id:17})<-[r2 :T1{id:18}]-({k22:((NULL <> round(-1099948621)) AND (-1911137559 <= 483691182)), id:19})<-[ :T0{id:20}]-(n3 :L0{id:21}) RETURN p0 AS a1, p0 AS a2;
MATCH p0 = ( n0 ) - [ r0 ] - ( n1 ) - [ * 0 .. 0 ] - ( n2 ) ,( ) - [ r1 ] - ( ) WITH * OPTIONAL MATCH ()-[:TYPE]-() UNWIND NULL AS a0 CREATE (m0{ id : 17 } )CREATE (m0)< - [ r2 : T1 { id : 18 } ] - ( { k22 : ( ( NULL <> round ( -1099948621 ) ) AND ( -1911137559 <= 483691182 ) ) , id : 19 } ) < - [ : T0 { id : 20 } ] - ( n3 : L0 { id : 21 } ) RETURN p0 AS a1 , p0 AS a2 ;
MATCH (a) RETURN count(a);
MATCH (a) RETURN count(a);
MATCH (b)-[a]->(c) RETURN count(a);
MATCH (b)-[a]->(c) RETURN count(a);
MATCH (n0), (n0)-[]->(n0)-[r0]->(n1) MERGE ({id:22})-[r1 :T0{k37:'qg', id:23}]-(n2 :L3{id:24})-[r2 :T1{k42:-1415461335, id:25}]->({id:26}) MERGE (n3{k21:1952434684, id:27})<-[r3 :T1{id:28}]-(n4{id:29}) RETURN false AS a0, n0 AS a1;
MATCH (n0),(n0)-[]->(n0)-[r0]->(n1) WITH * MERGE ( { id : 22 } ) - [ r1 : T0 { k37 : 'qg' , id : 23 } ] - ( n2 : L3 { id : CASE WHEN FALSE THEN NULL ELSE 24 END } ) - [ r2 : T1 { k42 : -1415461335 , id : 25 } ] - > ( { id : 26 } ) WITH * OPTIONAL MATCH ()-[:TYPE]-() MERGE ( n3 { k21 : 1952434684 , id : 27 } ) < - [ r3 : T1 { id : 28 } ] - ( n4 { id : 29 } ) WITH * RETURN false AS a0 , n0 AS a1 SKIP 1 ;
MATCH (a) RETURN count(a);
MATCH (a) RETURN count(a);
MATCH (b)-[a]->(c) RETURN count(a);
MATCH (b)-[a]->(c) RETURN count(a);
MATCH ()-[]-(n0) UNWIND [-1668457656, round(NULL)] AS a3 SET n0.k=((-144224512*-695844310)+(-2008216727--235765427)) RETURN 1 AS a4 SKIP 1;
MATCH ( ) - [ ] - ( n0 ) UNWIND [ -1668457656 , round ( NULL ) ] AS a3 SET n0 . k = ( ( CASE WHEN TRUE THEN -144224512 * -695844310 END ) + ( -2008216727 - -235765427 ) ) RETURN 1 AS a4 SKIP 1 ;
MATCH (a) RETURN count(a);
MATCH (a) RETURN count(a);
MATCH (b)-[a]->(c) RETURN count(a);
MATCH (b)-[a]->(c) RETURN count(a);
WITH ('Nf'+'n') AS a0 UNWIND [[reverse('ln')]] AS a1 MERGE ({id:30})-[r0 :T0{id:31}]->(n0{id:32})-[r1 :T0{k38:false, id:33}]-(n1{id:34}) RETURN n0 AS a2;
WITH ( 'Nf' + 'n' ) AS a0 WHERE TRUE WITH * UNWIND ([ CASE WHEN FALSE THEN NULL ELSE ([ reverse ( 'ln' ) ] +[]) END ] +[]) AS a1 MERGE ( { id : CASE WHEN FALSE THEN NULL ELSE 30 END } ) - [ r0 : T0 { id : 31 } ] - > ( n0 { id : 32 } ) - [ r1 : T0 { k38 : false , id : 33 } ] - ( n1 { id : 34 } ) WITH * RETURN CASE WHEN TRUE THEN n0 END AS a2 ORDER BY NULL ;
MATCH (a) RETURN count(a);
MATCH (a) RETURN count(a);
MATCH (b)-[a]->(c) RETURN count(a);
MATCH (b)-[a]->(c) RETURN count(a);
MATCH (n0)-[]-()-[]-(), ()-[]->(n2) SET n2.k='YhgE5H' REMOVE n0.k2 RETURN n0 AS a2, n2 AS a3 LIMIT 1;
MATCH ( n0 ) - [ ] - ( ) - [ ] - ( ) ,( ) - [ ] - > ( n2 ) SET n2 . k = 'YhgE5H' WITH * UNWIND [NULL] as l0 REMOVE n0 . k2 RETURN CASE WHEN TRUE THEN n0 END AS a2 , CASE WHEN FALSE THEN NULL ELSE n2 END AS a3 LIMIT 1 ;
