-- Time: 2024/04/11 14:10:38
-- Database: janusgraph_database768
-- Database version: composite
-- seed value: 1712812407292
CREATE (n0 {id : 0});
CREATE (n0 :L1{k11 : 'sbyzXJj', id : 1, k10 : false, k7 : true, k8 : 'WLUB', k9 : 1747008759});
CREATE (n0 :L1{k11 : 'RpTB6', id : 2, k10 : true, k7 : true, k8 : 'yx2', k9 : 1747008759});
CREATE (n0 :L0{k0 : true, k1 : 'sap', k2 : 1124389584, k3 : false, k4 : 'iTFgT6mct', k5 : false, id : 3, k6 : 'ivFsoB'});
MATCH (n0 {id : 2}), (n1 {id : 0}) MERGE(n0)-[r :T2{k55 : false, id : 4, k57 : false, k56 : true, k58 : 'ofhy'}]->(n1);
MATCH (n0 {id : 0}), (n1 {id : 0}) MERGE(n0)-[r :T3{k62 : true, k61 : -476172704, k64 : false, k63 : 1994692755, k66 : false, id : 5, k65 : false}]->(n1);
MATCH (n0 {id : 1}), (n1 {id : 3}) MERGE(n0)-[r :T3{k60 : true, k62 : false, k61 : -991051019, k64 : false, k63 : 1414171562, k66 : false, id : 6, k65 : true}]->(n1);
MATCH (n0 {id : 1}), (n1 {id : 0}) MERGE(n0)-[r :T1{k49 : '5', k51 : 1292956614, k50 : 164183357, k52 : -1719982909, id : 7, k54 : false, k48 : 'b'}]->(n1);
MATCH (n0 {id : 1}), (n1 {id : 3}) MERGE(n0)-[r :T1{k49 : 'miurYoB', k51 : 1292956614, k50 : 552536809, k53 : -1413354321, k52 : -910152402, id : 8, k54 : false, k48 : 'f'}]->(n1);
MATCH (n0 {id : 3}), (n1 {id : 1}) MERGE(n0)-[r :T0{k44 : 945277436, id : 9, k43 : false, k46 : 'mD1Bi', k45 : -1065961618, k47 : -345956405}]->(n1);
OPTIONAL MATCH ()<-[]-(n0) SET n0.k=(NULL+'s') DETACH DELETE n0  RETURN 1 AS a0, NULL AS a1;
OPTIONAL MATCH ( ) < - [ ] - ( n0 ) WITH * CALL{WITH *SET n0 . k = ( CASE WHEN FALSE THEN NULL ELSE NULL + 's' END ) } WITH * DETACH DELETE n0 WITH * OPTIONAL MATCH ()-[:TYPE]-() RETURN DISTINCT 1 AS a0 , CASE WHEN FALSE THEN NULL ELSE NULL END AS a1 ORDER BY TRUE SKIP 1 ;
MATCH (a) RETURN count(a);
MATCH (b)-[a]->(c) RETURN count(a);
MATCH (b)-[a]->(c) RETURN count(a);
WITH NULL AS a0 WHERE true CREATE ({id:10}) MERGE ( :L1{id:11}) RETURN a0 AS a1;
WITH NULL AS a0 WHERE true CREATE ( { id : 10 } ) WITH * OPTIONAL MATCH ()-[:TYPE]-() MERGE ( : L1 { id : 11 } ) RETURN DISTINCT a0 AS a1 ;
