-- Time: 2024/04/11 14:14:13
-- Database: janusgraph_database816
-- Database version: composite
-- seed value: 1712812407340
CREATE (n0 {id : 0});
CREATE (n0 {id : 1});
CREATE (n0 :L4{k29 : 1595986953, k31 : -497224325, k30 : false, id : 2, k26 : 'f'});
CREATE (n0 :L4{k27 : false, k29 : 914855620, k31 : 702497813, k30 : true, id : 3, k26 : 'Ct87r'});
MATCH (n0 {id : 2}), (n1 {id : 1}) MERGE(n0)-[r :T4{k66 : 'Y5', id : 4, k65 : 'MmLFg', k67 : -737642949}]->(n1);
MATCH (n0 {id : 2}), (n1 {id : 0}) MERGE(n0)-[r :T3{k60 : 1535272790, k62 : 'Yk', k63 : 'VDw', id : 5}]->(n1);
MERGE (n0{id:6}) REMOVE n0.k2 CREATE (n1{id:7})<-[ :T3{id:8}]-(n2{id:9}), p0=({id:10}) RETURN n0 AS a0, n0 AS a1;
MERGE ( n0 { id : 6 } ) WITH * CALL{WITH *REMOVE n0 . k2 } CREATE (n1{ id : 7 } )CREATE (n1)< - [ : T3 { id : 8 } ] - ( n2 { id : 9 } ) CREATE p0 = ( { id : 10 } ) WITH * RETURN CASE WHEN TRUE THEN n0 END AS a0 , n0 AS a1 ORDER BY 1 ;
MATCH (a) RETURN count(a);
MATCH (b)-[a]->(c) RETURN count(a);
MATCH (b)-[a]->(c) RETURN count(a);
CREATE ({k26:(NULL+toStringOrNull(NULL)), id:11}) MERGE (n0{id:12}) CREATE (n1{id:13}), (n2{id:14})<-[ :T4{id:15}]-( :L4{k29:round(1456769027), id:16}) RETURN DISTINCT *, 1 AS a0;
CREATE ( { k26 : ( NULL + toStringOrNull ( NULL ) ) , id : 11 } ) MERGE ( n0 { id : 12 } ) CREATE ( n1 { id : 13 } ) CREATE ( n2 { id : 14 } ) < - [ : T4 { id : 15 } ] - ( : L4 { k29 : round ( 1456769027 ) , id : 16 } ) RETURN DISTINCT * , 1 AS a0 SKIP 1 ;
MATCH (a) RETURN count(a);
MATCH (a) RETURN count(a);
MATCH (b)-[a]->(c) RETURN count(a);
MATCH (b)-[a]->(c) RETURN count(a);
CREATE ({id:17}), (n0{id:18}) MERGE ({id:19})-[r0 :T3{k60:-957226988, id:20}]-( :L4{k28:'jTdFak', id:21}) CREATE ({id:22})<-[r1 :T3{id:23}]-(n1{id:24}), ({id:25}) RETURN 1 AS a0, 1 AS a1 LIMIT 0;
CREATE ( { id : 17 } ) CREATE ( n0 { id : 18 } ) MERGE ( { id : 19 } ) - [ r0 : T3 { k60 : -957226988 , id : 20 } ] - ( : L4 { k28 : 'jTdFak' , id : 21 } ) WITH * UNWIND [1] as l0 CREATE (n1{id:24})-[ r1 : T3 { id : 23 } ] ->( { id : 22 } ) CREATE ( { id : 25 } ) WITH * OPTIONAL MATCH ()-[:TYPE]-() RETURN 1 AS a0 , 1 AS a1 LIMIT 0 ;
MATCH (a) RETURN count(a);
MATCH (a) RETURN count(a);
MATCH (b)-[a]->(c) RETURN count(a);
MATCH (b)-[a]->(c) RETURN count(a);
MERGE ({id:26}) CREATE ({id:27}) MERGE ({id:28}) RETURN 1 AS a0, 1 AS a1 SKIP 1;
MERGE ( { id : 26 } ) CREATE ( { id : 27 } ) WITH * UNWIND [1] as l0 MERGE ( { id : 28 } ) WITH * OPTIONAL MATCH ()-[:TYPE]-() RETURN 1 AS a0 , 1 AS a1 SKIP 1 ;
