-- Time: 2024/04/11 13:38:47
-- Database: janusgraph_database337
-- Database version: composite
-- seed value: 1712812406860
CREATE (n0 :L2{k11 : 1109997935, id : 0, k13 : true, k12 : false, k15 : 'I4CjY', k14 : true});
CREATE (n0 :L4{k22 : 'NKS', id : 1, k21 : false, k23 : false, k25 : 'Tt2J'});
CREATE (n0 :L0{k0 : false, k1 : true, k2 : '312co', k3 : 'ywAQh', k4 : false, id : 2});
CREATE (n0 {id : 3});
MATCH (n0 {id : 2}), (n1 {id : 1}) MERGE(n0)-[r :T0{k28 : 'K3B', k27 : 128843181, k29 : 'q', k30 : 1099687238, id : 4, k26 : -1110978994}]->(n1);
MATCH (n0 {id : 1}), (n1 {id : 0}) MERGE(n0)-[r :T4{k53 : '4PJh87aTr', k52 : false, k55 : 'H', id : 5, k54 : true, k56 : -1543604447}]->(n1);
MATCH (n0 {id : 1}), (n1 {id : 1}) MERGE(n0)-[r :T2{k39 : '9', k40 : 'kWcE71Ax', k42 : 'jYSbI', k41 : -349380074, k44 : 'i', id : 6, k43 : 'JO8x', k45 : true}]->(n1);
MATCH (n0 {id : 0}), (n1 {id : 0}) MERGE(n0)-[r :T0{k28 : 'Ts', k27 : -443254750, k29 : 'Epg', k31 : true, k30 : -1946076842, id : 7, k26 : -713505204}]->(n1);
OPTIONAL MATCH p0=(n0)-[r0 :T0{k27:-771974538}]->() MERGE ( :L4{id:8})-[r1 :T4{id:9}]-(n1{k14:true, id:10})-[r2 :T0{k28:'L', id:11}]-(n2{id:12}) REMOVE n0.k2 RETURN n2 AS a0, n2 AS a1 SKIP 1 UNION OPTIONAL MATCH () MERGE (n0{id:13}) CREATE ({id:14}) RETURN 1 AS a0, n0 AS a1;
OPTIONAL MATCH p0 = (n0)-[*0..0]-( n0 ) - [ r0 : T0 { k27 : -771974538 } ] - > ( ) MERGE pp0=( : L4 { id : CASE WHEN FALSE THEN NULL ELSE 8 END } ) - [ r1 : T4 { id : CASE WHEN TRUE THEN 9 END } ] - ( n1 { k14 : true , id : 10 } ) - [ r2 : T0 { k28 : 'L' , id : 11 } ] - ( n2 { id : 12 } ) REMOVE n0 . k2 RETURN n2 AS a0 , n2 AS a1 ORDER BY NULL SKIP CASE WHEN FALSE THEN NULL ELSE 1 END UNION OPTIONAL MATCH ( ) MERGE ( n0 { id : 13 } ) WITH * CREATE ( { id : 14 } ) RETURN 1 AS a0 , n0 AS a1 ;
MATCH (a) RETURN count(a);
MATCH (b)-[a]->(c) RETURN count(a);
MATCH (b)-[a]->(c) RETURN count(a);
MERGE (n0{id:15})<-[r0 :T4{k53:'B', id:16}]-({id:17})-[r1 :T2{id:18}]->({id:19}) MERGE ({id:20}) REMOVE n0.k2 RETURN endNode(r0) AS a0;
MERGE ( n0 { id : 15 } ) < - [ r0 : T4 { k53 : 'B' , id : 16 } ] - ( { id : 17 } ) - [ r1 : T2 { id : 18 } ] - > ( { id : 19 } ) MERGE ( { id : 20 } ) REMOVE n0 . k2 RETURN endNode ( r0 ) AS a0 ;
MATCH (a) RETURN count(a);
MATCH (a) RETURN count(a);
MATCH (b)-[a]->(c) RETURN count(a);
MATCH (b)-[a]->(c) RETURN count(a);
UNWIND NULL AS a0 CREATE ({k14:true, id:21})-[ :T0{id:22}]->({id:23}), (n0{k0:false, id:24}) MERGE (n1{k0:false, id:25})-[r0 :T0{id:26}]->(n2 :L4{k21:true, id:27}) RETURN (n2.k22) AS a1;
UNWIND NULL AS a0 CREATE ( { k14 : CASE WHEN TRUE THEN true END , id : 21 } ) - [ : T0 { id : 22 } ] - > ( { id : 23 } ) CREATE ( n0 { k0 : false , id : 24 } ) WITH * MERGE ( n1 { k0 : false , id : 25 } ) - [ r0 : T0 { id : 26 } ] - > ( n2 : L4 { k21 : true , id : CASE WHEN TRUE THEN 27 END } ) WITH * UNWIND [NULL] as l0 RETURN ( n2 . k22 ) AS a1 ;
MATCH (a) RETURN count(a);
MATCH (a) RETURN count(a);
MATCH (b)-[a]->(c) RETURN count(a);
MATCH (b)-[a]->(c) RETURN count(a);
UNWIND [p0=(n0)-[]-()|'q'] AS a0 MATCH (n1) WHERE true REMOVE n1.k2 RETURN 1 AS a1 UNION CREATE ({id:28})-[r0 :T0{id:29}]->({k24:length(NULL), id:30}), ({k15:NULL, id:31})-[r1 :T0{id:32}]->( :L2{k13:NULL, id:33})<-[ :T4{id:34}]-({k21:false, id:35}) CREATE p0=(n0 :L2{id:36}), ({k24:436760452, id:37}) MERGE ( :L2{k13:false, id:38}) RETURN NULL AS a1;
UNWIND [ p0 = ( n0 ) - [ ] - ( ) | CASE WHEN FALSE THEN NULL ELSE 'q' END ] AS a0 OPTIONAL MATCH ()-[:TYPE]-() MATCH (n1)-[*0..0]-( n1 ) WHERE true REMOVE n1 . k2 WITH * UNWIND 1 as l0 RETURN 1 AS a1 UNION CREATE ({k24:length(NULL), id:30})<-[ r0 : T0 { id : 29 } ] -( { id : 28 } ) CREATE ( { k15 : NULL , id : 31 } ) - [ r1 : T0 { id : CASE WHEN FALSE THEN NULL ELSE 32 END } ] - > ( : L2 { k13 : NULL , id : 33 } ) < - [ : T4 { id : 34 } ] - ( { k21 : CASE WHEN FALSE THEN NULL ELSE false END , id : 35 } ) CREATE p0 = ( n0 : L2 { id : 36 } ) CREATE ( { k24 : 436760452 , id : 37 } ) WITH * OPTIONAL MATCH ()-[:TYPE]-() MERGE ( : L2 { k13 : false , id : 38 } ) RETURN NULL AS a1 ;
MATCH (a) RETURN count(a);
MATCH (a) RETURN count(a);
MATCH (b)-[a]->(c) RETURN count(a);
MATCH (b)-[a]->(c) RETURN count(a);
MERGE p0=({k25:'C', id:39})-[r0 :T2{k42:'F', id:40}]->(n0 :L4{id:41}) DETACH DELETE n0  CREATE ({id:42})-[r1 :T2{id:43}]->({id:44}) RETURN 1 AS a0, p0 AS a1;
MERGE p0 = ( { k25 : 'C' , id : CASE WHEN FALSE THEN NULL ELSE 39 END } ) - [ r0 : T2 { k42 : 'F' , id : 40 } ] - > ( n0 : L4 { id : 41 } ) DETACH DELETE n0 CREATE ( { id : 42 } ) - [ r1 : T2 { id : 43 } ] - > ( { id : 44 } ) WITH * UNWIND [1] as l0 RETURN 1 AS a0 , CASE WHEN TRUE THEN p0 END AS a1 ;
MATCH (a) RETURN count(a);
MATCH (a) RETURN count(a);
MATCH (b)-[a]->(c) RETURN count(a);
MATCH (b)-[a]->(c) RETURN count(a);
OPTIONAL MATCH (n0) OPTIONAL MATCH (n1)-[r0 :T4{k55:reverse(reverse(substring('6', toIntegerOrNull(abs(1323267874)), toIntegerOrNull(abs(1756123728)))))}]->(n2)-[*0..]-( :L2), p0=() SET n1.k=(r0.k55) RETURN r0 AS a0, n0 AS a1;
OPTIONAL MATCH ( n0 ) UNWIND [1] as l0 OPTIONAL MATCH (n1)-[r0 :T4{k55:reverse(reverse(substring('6', toIntegerOrNull(abs(1323267874)), toIntegerOrNull(abs(1756123728)))))}]->(n2)-[*0..]-( :L2),p0=() SET n1 . k = ( r0 . k55 ) RETURN r0 AS a0 , n0 AS a1 ;
MATCH (a) RETURN count(a);
MATCH (a) RETURN count(a);
MATCH (b)-[a]->(c) RETURN count(a);
MATCH (b)-[a]->(c) RETURN count(a);
MATCH (), () CREATE (n0{id:45}), (n1{id:46}) CREATE (n2{id:47})-[ :T0{id:48}]->(n3{id:49})<-[r0 :T4{id:50}]-(n4{id:51}), p0=( :L4{id:52})-[ :T2{id:53}]->({id:54})<-[r1 :T0{k28:'H', id:55}]-(n5 :L0{id:56}) RETURN 1 AS a0;
MATCH ( ) ,( ) WITH * CREATE ( n0 { id : 45 } ) CREATE ( n1 { id : 46 } ) WITH * OPTIONAL MATCH ()-[:TYPE]-() CREATE (n4{id:51})-[ r0 : T4 { id : 50 } ] ->(n3{id:49})<-[ : T0 { id : 48 } ] -( n2 { id : 47 } ) CREATE p0 = ( : L4 { id : 52 } ) - [ : T2 { id : 53 } ] - > ( { id : 54 } ) < - [ r1 : T0 { k28 : 'H' , id : 55 } ] - ( n5 : L0 { id : 56 } ) RETURN DISTINCT 1 AS a0 ;
