-- Time: 2024/04/11 14:10:34
-- Database: janusgraph_database767
-- Database version: composite
-- seed value: 1712812407291
CREATE (n0 :L2{k16 : 'lAZ', id : 0, k13 : -430723321, k15 : -1625685260, k14 : -583908521});
CREATE (n0 :L4{k28 : -1418873848, k27 : true, k29 : true, k30 : true, id : 1, k24 : false, k26 : -1394255596, k25 : 'INXjT'});
CREATE (n0 {id : 2});
CREATE (n0 :L1{k11 : false, id : 3, k6 : false, k10 : false, k7 : false, k9 : -950883524});
MATCH (n0 {id : 3}), (n1 {id : 0}) MERGE(n0)-[r :T5{k60 : -379765621, k62 : false, k61 : 1240226933, k63 : -71195104, id : 4, k59 : true, k58 : '4'}]->(n1);
MATCH (n0 {id : 1}), (n1 {id : 3}) MERGE(n0)-[r :T4{k53 : 1842037763, k52 : -1688549725, k55 : -1242114646, id : 5, k54 : true, k57 : -1826270690, k56 : 'x1JOKzYB'}]->(n1);
MATCH (n0 {id : 0}), (n1 {id : 2}) MERGE(n0)-[r :T4{k53 : 915390251, k52 : 581885424, k55 : 675139536, id : 6, k54 : false, k57 : 1153951915, k56 : 'L'}]->(n1);
MATCH (n0 {id : 3}), (n1 {id : 3}) MERGE(n0)-[r :T0{k31 : 'e', k33 : -92815370, id : 7, k32 : 1392735722, k35 : -485490172, k34 : true}]->(n1);
MATCH (n0 {id : 0}), (n1 {id : 1}) MERGE(n0)-[r :T1{k39 : 'I', k38 : 'Y', id : 8, k37 : 'WYS', k36 : -564682284}]->(n1);
MATCH (n0 {id : 3}), (n1 {id : 1}) MERGE(n0)-[r :T1{k39 : 'I', k38 : 'LdRfd', k40 : 1133022436, id : 9, k37 : 'Vsb', k36 : 1630704480}]->(n1);
MATCH (n0 {id : 1}), (n1 {id : 0}) MERGE(n0)-[r :T4{k53 : 1842037763, k55 : 1358273665, id : 10, k54 : false, k57 : 379182327}]->(n1);
MERGE p0=(n0 :L1{id:11}) MERGE ({id:12}) CREATE p1=(n1{id:13})-[r0 :T5{id:14}]->( :L2{k17:reverse((toStringList([])[toIntegerOrNull(abs(779019378))]+'ZQD')), id:15}), p2=({id:16}) RETURN p0 AS a0, n0 AS a1 ORDER BY a1 DESC SKIP 0;
MERGE p0 = ( n0 : L1 { id : CASE WHEN TRUE THEN 11 END } ) WITH * MERGE ( { id : 12 } ) WITH * OPTIONAL MATCH ()-[:TYPE]-() CREATE p1 = ( n1 { id : 13 } ) - [ r0 : T5 { id : 14 } ] - > ( : L2 { k17 : reverse ( ( toStringList ( [ ] ) [ toIntegerOrNull ( abs ( 779019378 ) ) ] + 'ZQD' ) ) , id : 15 } ) CREATE p2 = ( { id : 16 } ) RETURN p0 AS a0 , n0 AS a1 ORDER BY a1 DESC SKIP 0 ;
MATCH (a) RETURN count(a);
MATCH (b)-[a]->(c) RETURN count(a);
MATCH (b)-[a]->(c) RETURN count(a);
MERGE ({id:17}) MERGE ({k6:false, id:18})-[ :T5{id:19}]->(n5 :L2{id:20})-[r2 :T1{id:21}]-({id:22}) CREATE ({k15:(r2.k40), id:23})<-[ :T5{id:24}]-({id:25}) RETURN *;
MERGE ( { id : 17 } ) MERGE ( { k6 : false , id : 18 } ) - [ : T5 { id : 19 } ] - > ( n5 : L2 { id : 20 } ) - [ r2 : T1 { id : 21 } ] - ( { id : 22 } ) CREATE ( { k15 : ( r2 . k40 ) , id : 23 } ) < - [ : T5 { id : 24 } ] - ( { id : 25 } ) RETURN * ;
MATCH (a) RETURN count(a);
MATCH (a) RETURN count(a);
MATCH (b)-[a]->(c) RETURN count(a);
MATCH (b)-[a]->(c) RETURN count(a);
MERGE ({id:26})<-[r0 :T5{id:27}]-(n0{k11:false, id:28}) REMOVE n0.k2 REMOVE n0.k2 RETURN n0 AS a0, 1 AS a1;
MERGE ( { id : 26 } ) < - [ r0 : T5 { id : 27 } ] - ( n0 { k11 : CASE WHEN TRUE THEN false END , id : 28 } ) WITH * REMOVE n0 . k2 REMOVE n0 . k2 RETURN DISTINCT n0 AS a0 , 1 AS a1 ORDER BY 1 ;
