-- Time: 2024/04/11 13:22:17
-- Database: janusgraph_database114
-- Database version: composite
-- seed value: 1712812406596
CREATE (n0 :L1{k11 : false, id : 0, k6 : 1741262333, k10 : 98300556, k7 : 's', k8 : false, k9 : 'a'});
CREATE (n0 :L3{k19 : false, k20 : 1413741736, k22 : false, id : 1, k21 : false, k24 : true, k23 : 'qW'});
CREATE (n0 :L1{k11 : false, id : 2, k10 : -215453593, k7 : 'Z', k8 : false, k9 : 'Wc6'});
CREATE (n0 {id : 3});
MATCH (n0 {id : 3}), (n1 {id : 0}) MERGE(n0)-[r :T0{k31 : 1603286052, k30 : 846795582, k33 : false, id : 4, k32 : 'lq', k35 : false, k34 : 1035187460, k36 : true}]->(n1);
MATCH (n0 {id : 3}), (n1 {id : 3}) MERGE(n0)-[r :T3{k51 : true, k53 : 1016688200, k52 : 'gT', k55 : false, id : 5, k54 : 1918145055}]->(n1);
MATCH (n0 {id : 1}), (n1 {id : 3}) MERGE(n0)-[r :T6{k71 : 230201046, k70 : false, k73 : 'QTL', k72 : false, id : 6, k68 : -1754082440, k69 : 657187032}]->(n1);
MATCH (n0 {id : 0}), (n1 {id : 1}) MERGE(n0)-[r :T6{k71 : 1161773674, k70 : false, k73 : '9', k72 : true, id : 7, k68 : -199914042}]->(n1);
CREATE (n0{id:8})-[r0 :T0{id:9}]->(n1{id:10})-[ :T6{id:11}]->(n2 :L3{k20:901194926, id:12}) CREATE (n3{id:13})-[r1 :T6{id:14}]->({id:15}) CREATE (n4{id:16}), ({id:17}) RETURN 1 AS a0;
CREATE ( n0 { id : 8 } ) - [ r0 : T0 { id : 9 } ] - > ( n1 { id : 10 } ) - [ : T6 { id : 11 } ] - > ( n2 : L3 { k20 : 901194926 , id : 12 } ) CREATE ( n3 { id : 13 } ) - [ r1 : T6 { id : 14 } ] - > ( { id : 15 } ) CREATE ( n4 { id : 16 } ) CREATE ( { id : 17 } ) WITH * OPTIONAL MATCH ()-[:TYPE]-() RETURN 1 AS a0 ;
MATCH (a) RETURN count(a);
MATCH (b)-[a]->(c) RETURN count(a);
MATCH (b)-[a]->(c) RETURN count(a);
UNWIND keys(endNode(NULL)) AS a0 MATCH p0=(n0), () WHERE ('7NS' = 'n') DETACH DELETE n0  RETURN a0 AS a1, 'FpX' AS a2;
UNWIND keys ( endNode ( NULL ) ) AS a0 MATCH p0 = ( n0 ) ,( ) WHERE ( '7NS' = 'n' ) DETACH DELETE n0 WITH * RETURN a0 AS a1 , CASE WHEN FALSE THEN NULL ELSE 'FpX' END AS a2 SKIP 1 ;
MATCH (a) RETURN count(a);
MATCH (a) RETURN count(a);
MATCH (b)-[a]->(c) RETURN count(a);
MATCH (b)-[a]->(c) RETURN count(a);
UNWIND [NULL, relationships(NULL)[toIntegerOrNull(abs(toIntegerOrNull(-1735773944)))]] AS a0 CREATE (n0{id:18}) MERGE ( :L1{id:19}) RETURN a0 AS a1, 1 AS a2;
UNWIND [ NULL , relationships ( NULL ) [ toIntegerOrNull ( abs ( toIntegerOrNull ( -1735773944 ) ) ) ] ] AS a0 CREATE ( n0 { id : 18 } ) MERGE ( : L1 { id : CASE WHEN FALSE THEN NULL ELSE 19 END } ) WITH * RETURN a0 AS a1 , 1 AS a2 ;
MATCH (a) RETURN count(a);
MATCH (a) RETURN count(a);
MATCH (b)-[a]->(c) RETURN count(a);
MATCH (b)-[a]->(c) RETURN count(a);
UNWIND NULL AS a0 CREATE ({id:20}), ({id:21}) MERGE ({id:22})-[r0 :T6{id:23}]-({id:24}) RETURN 1 AS a1, 1 AS a2;
UNWIND NULL AS a0 UNWIND 1 as l0 CREATE ( { id : 20 } ) CREATE ( { id : CASE WHEN FALSE THEN NULL ELSE 21 END } ) MERGE ( { id : 22 } ) - [ r0 : T6 { id : 23 } ] - ( { id : 24 } ) RETURN CASE WHEN TRUE THEN 1 END AS a1 , 1 AS a2 ORDER BY 1 ;
