-- Time: 2024/04/11 13:45:42
-- Database: janusgraph_database431
-- Database version: composite
-- seed value: 1712812406954
CREATE (n0 {id : 0});
CREATE (n0 :L4{k28 : 'tmBMdB2f', k31 : -1256593035, k30 : -1675844310, id : 1, k32 : true});
CREATE (n0 :L0{k0 : 'nF5', k1 : true, k2 : false, k3 : true, k4 : '9ig9F', k5 : '6q', id : 2, k6 : 'Q6P4wcW'});
CREATE (n0 :L3{k27 : -1695792796, k22 : false, id : 3, k21 : 'p', k24 : -1316009939, k23 : 126763028, k25 : false});
MATCH (n0 {id : 1}), (n1 {id : 1}) MERGE(n0)-[r :T2{k49 : true, k50 : 'O', id : 4, k48 : true, k47 : false}]->(n1);
MATCH (n0 {id : 0}), (n1 {id : 0}) MERGE(n0)-[r :T3{k53 : 1863860238, k52 : false, k55 : 1574652037, id : 5, k54 : true, k57 : 'pvpD1h', k56 : 'AI', k58 : 'KwJEgJK4K'}]->(n1);
MATCH (n0 {id : 1}), (n1 {id : 1}) MERGE(n0)-[r :T1{k40 : 'LQE', k42 : true, k41 : '9', k44 : -1544181241, id : 6, k46 : false, k45 : 'r'}]->(n1);
WITH NULL AS a0 WHERE true MERGE ({k0:'PJmgcpytE', id:7}) CREATE p0=({k2:false, id:8}), ({id:9})-[r0 :T2{k49:(toStringOrNull(((599631140*1780132240)/(1862739028--29213874))) <= NULL), id:10}]->(n3{k31:(-1203467038*859686220), id:11}) RETURN 1 AS a1, 1 AS a2 LIMIT 1;
WITH NULL AS a0 WHERE true OPTIONAL MATCH ()-[:TYPE]-() MERGE pp0=( { k0 : 'PJmgcpytE' , id : 7 } ) WITH * CREATE p0 = ( { k2 : false , id : 8 } ) CREATE ( { id : 9 } ) - [ r0 : T2 { k49 : ( toStringOrNull ( ( ( 599631140 * 1780132240 ) / ( 1862739028 - -29213874 ) ) ) <= NULL ) , id : 10 } ] - > ( n3 { k31 : ( -1203467038 * 859686220 ) , id : CASE WHEN FALSE THEN NULL ELSE 11 END } ) RETURN CASE WHEN TRUE THEN 1 END AS a1 , 1 AS a2 LIMIT 1 ;
MATCH (a) RETURN count(a);
MATCH (b)-[a]->(c) RETURN count(a);
MATCH (b)-[a]->(c) RETURN count(a);
MERGE ({id:12}) MERGE p0=({k1:false, id:13}) DETACH DELETE p0  RETURN 1 AS a0, 1 AS a1 ORDER BY a0, a1 DESC;
MERGE ( { id : 12 } ) MERGE p0 = ( { k1 : false , id : CASE WHEN TRUE THEN 13 END } ) WITH * DETACH DELETE CASE WHEN TRUE THEN p0 END WITH * RETURN 1 AS a0 , 1 AS a1 ORDER BY a0, a1 DESC ;
MATCH (a) RETURN count(a);
MATCH (a) RETURN count(a);
MATCH (b)-[a]->(c) RETURN count(a);
MATCH (b)-[a]->(c) RETURN count(a);
MERGE (n0{k32:false, id:14}) REMOVE n0.k2 REMOVE n0.k2 RETURN n0 AS a0, n0 AS a1 SKIP 0;
MERGE ( n0 { k32 : false , id : 14 } ) REMOVE n0 . k2 WITH * UNWIND [NULL] as l0 REMOVE n0 . k2 RETURN n0 AS a0 , n0 AS a1 ORDER BY FALSE SKIP CASE WHEN TRUE THEN 0 END ;
