-- Time: 2024/04/11 14:14:17
-- Database: janusgraph_database817
-- Database version: composite
-- seed value: 1712812407341
CREATE (n0 {id : 0});
CREATE (n0 :L0{k0 : 'PZH', k2 : '7P', k3 : true, k4 : -437225002, k5 : 'Cx', id : 1, k6 : 'A6TkWX'});
CREATE (n0 :L2{k17 : -436480318, k16 : 'WjS', k18 : 1255965604, id : 2, k13 : true, k12 : -1048589657, k15 : -1952213174, k14 : '9'});
CREATE (n0 :L5{k33 : true, id : 3, k32 : 'm', k35 : true, k34 : true, k36 : -647626260});
MATCH (n0 {id : 0}), (n1 {id : 2}) MERGE(n0)-[r :T3{k60 : true, k55 : false, id : 4, k57 : false, k56 : '95ra2IvR', k59 : 'K1Y', k58 : false}]->(n1);
MATCH (n0 {id : 2}), (n1 {id : 2}) MERGE(n0)-[r :T3{k55 : false, id : 5, k57 : false, k56 : 'V', k59 : 'SD', k58 : true}]->(n1);
MATCH (n0 {id : 2}), (n1 {id : 0}) MERGE(n0)-[r :T2{k51 : true, k52 : -199752076, id : 6, k54 : 249004879}]->(n1);
MATCH (n0 {id : 1}), (n1 {id : 2}) MERGE(n0)-[r :T3{k60 : true, k55 : true, id : 7, k57 : false, k56 : 'KYM', k59 : 'J', k58 : false}]->(n1);
MATCH (n0 {id : 0}), (n1 {id : 3}) MERGE(n0)-[r :T2{k51 : false, k50 : -218579375, k53 : 1657991755, k52 : -2082779024, id : 8, k54 : 249004879}]->(n1);
MATCH (n0 {id : 0}), (n1 {id : 0}) MERGE(n0)-[r :T5{k71 : 'c', k70 : false, id : 9, k69 : true}]->(n1);
MATCH (n0 {id : 2}), (n1 {id : 1}) MERGE(n0)-[r :T1{k44 : -1230434771, id : 10, k46 : 454796612, k45 : 791338946, k48 : 1387083847}]->(n1);
UNWIND [NULL] AS a0 OPTIONAL MATCH (n0), (n1)-[]->(n0)<-[*..2]-(n2 :L0) WHERE (n2.k3) REMOVE n1.k2 RETURN n0 AS a1, collect(NULL)[toIntegerOrNull(abs(-1967873877))] AS a2 SKIP 0;
UNWIND [ NULL ] AS a0 OPTIONAL MATCH ( n0 ) ,( n1 ) - [ ] - > ( n0 ) < - [ * .. 2 ] - ( n2 : L0 ) WHERE ( n2 . k3 ) WITH * REMOVE n1 . k2 RETURN n0 AS a1 , collect ( NULL ) [ toIntegerOrNull ( abs ( CASE WHEN TRUE THEN -1967873877 END ) ) ] AS a2 SKIP 0 LIMIT 1 ;
MATCH (a) RETURN count(a);
MATCH (b)-[a]->(c) RETURN count(a);
MATCH (b)-[a]->(c) RETURN count(a);
MERGE (n0{id:11})-[r0 :T2{k52:1092282199, id:12}]-(n1{id:13}) DETACH DELETE n0  MERGE (n2 :L2{id:14})-[r1 :T3{id:15}]-(n3{id:16}) RETURN 1 AS a0, 1 AS a1 UNION ALL CREATE (n0{id:17})<-[ :T2{id:18}]-(n1{id:19})-[r0 :T3{k58:false, id:20}]->({id:21}), ({id:22})-[ :T2{id:23}]->({id:24}) CREATE (n2{id:25})<-[r1 :T2{id:26}]-(n3{id:27})-[ :T5{k71:NULL, id:28}]->({id:29}), ({id:30})-[r2 :T2{id:31}]->({id:32}) MERGE ( :L2{k16:'yCK', id:33}) RETURN 1 AS a0, 1 AS a1 ORDER BY NULL;
MERGE ( n0 { id : CASE WHEN TRUE THEN 11 END } ) - [ r0 : T2 { k52 : CASE WHEN TRUE THEN 1092282199 END , id : 12 } ] - ( n1 { id : 13 } ) WITH * DETACH DELETE CASE WHEN TRUE THEN n0 END WITH * OPTIONAL MATCH ()-[:TYPE]-() MERGE ( n2 : L2 { id : 14 } ) - [ r1 : T3 { id : 15 } ] - ( n3 { id : 16 } ) WITH * OPTIONAL MATCH ()-[:TYPE]-() RETURN 1 AS a0 , 1 AS a1 UNION ALL CREATE ( n0 { id : 17 } ) < - [ : T2 { id : CASE WHEN FALSE THEN NULL ELSE 18 END } ] - ( n1 { id : 19 } ) - [ r0 : T3 { k58 : false , id : 20 } ] - > ( { id : 21 } ) CREATE ({id:24})<-[ : T2 { id : 23 } ] -( { id : 22 } ) CREATE (n2{ id : 25 } )CREATE (n2)< - [ r1 : T2 { id : CASE WHEN FALSE THEN NULL ELSE 26 END } ] - ( n3 { id : CASE WHEN FALSE THEN NULL ELSE 27 END } ) - [ : T5 { k71 : NULL , id : 28 } ] - > ( { id : 29 } ) CREATE (m0{ id : 30 } )CREATE (m0)- [ r2 : T2 { id : 31 } ] - > ( { id : CASE WHEN TRUE THEN 32 END } ) MERGE ( : L2 { k16 : (''+'yCK' ), id : CASE WHEN FALSE THEN NULL ELSE 33 END } ) RETURN 1 AS a0 , 1 AS a1 ORDER BY NULL DESC ;
MATCH (a) RETURN count(a);
MATCH (a) RETURN count(a);
MATCH (b)-[a]->(c) RETURN count(a);
MATCH (b)-[a]->(c) RETURN count(a);
CREATE ({id:34}), (n0 :L2{id:35})-[r0 :T3{k59:toStringOrNull(round(NULL)), id:36}]->( :L2{id:37})-[ :T2{id:38}]->(n1{id:39}) CREATE p0=({id:40})<-[ :T3{id:41}]-({id:42}) MERGE (n2{id:43})<-[r1 :T2{k54:-1716817950, id:44}]-(n3{id:45})-[r2 :T3{id:46}]->(n4 :L2{id:47}) RETURN (n4.k17) AS a0, n3 AS a1 UNION ALL OPTIONAL MATCH (), (n0)-[r0]-() SET n0.k=NULL DETACH DELETE n0  RETURN 1 AS a0, 1 AS a1;
CREATE ( { id : 34 } ) CREATE ( n0 : L2 { id : 35 } ) - [ r0 : T3 { k59 : toStringOrNull ( round ( NULL ) ) , id : 36 } ] - > ( : L2 { id : 37 } ) - [ : T2 { id : CASE WHEN TRUE THEN 38 END } ] - > ( n1 { id : 39 } ) CREATE p0=({id:42})-[ : T3 { id : 41 } ] ->( { id : 40 } ) MERGE ( n2 { id : 43 } ) < - [ r1 : T2 { k54 : -1716817950 , id : 44 } ] - ( n3 { id : 45 } ) - [ r2 : T3 { id : 46 } ] - > ( n4 : L2 { id : 47 } ) RETURN ( n4 . k17 ) AS a0 , n3 AS a1 ORDER BY FALSE DESC UNION ALL OPTIONAL MATCH ( ) ,( n0 ) - [ r0 ] - ( ) WITH * CALL{WITH *SET n0 . k = NULL } DETACH DELETE n0 RETURN 1 AS a0 , 1 AS a1 ;
MATCH (a) RETURN count(a);
MATCH (a) RETURN count(a);
MATCH (b)-[a]->(c) RETURN count(a);
MATCH (b)-[a]->(c) RETURN count(a);
MERGE (n0{id:48})<-[r0 :T2{id:49}]-({id:50}) CREATE ({k36:round((r0.k50)), id:51})<-[r1 :T2{id:52}]-(n1{id:53}) MERGE p0=({id:54}) RETURN n0 AS a0, NULL AS a1;
MERGE ( n0 { id : 48 } ) < - [ r0 : T2 { id : 49 } ] - ( { id : 50 } ) CREATE ( { k36 : round ( ( r0 . k50 ) ) , id : CASE WHEN FALSE THEN NULL ELSE 51 END } ) < - [ r1 : T2 { id : 52 } ] - ( n1 { id : 53 } ) MERGE p0 = ( { id : 54 } ) RETURN n0 AS a0 , NULL AS a1 ;
MATCH (a) RETURN count(a);
MATCH (a) RETURN count(a);
MATCH (b)-[a]->(c) RETURN count(a);
MATCH (b)-[a]->(c) RETURN count(a);
MATCH ({k14:toStringOrNull(NULL)}), ({k6:NULL})-[ :T3{k58:(1188230868 < ((1607103310*42598265)-NULL))}]-(n0)-[r0]->(n2) MERGE p0=(n3 :L2{id:55})<-[ :T3{id:56}]-({k1:-2141779838, id:57})-[r1 :T1{id:58}]-(n4{id:59}) REMOVE n4.k2 RETURN 1 AS a0, 1 AS a1;
MATCH ( { k14 : toStringOrNull ( NULL ) } ) ,( { k6 : NULL } ) - [ : T3 { k58 : ( 1188230868 < ( ( 1607103310 * 42598265 ) - NULL ) ) } ] - ( n0 ) - [ r0 ] - > ( n2 ) MERGE p0 = ( n3 : L2 { id : 55 } ) < - [ : T3 { id : 56 } ] - ( { k1 : -2141779838 , id : 57 } ) - [ r1 : T1 { id : 58 } ] - ( n4 { id : 59 } ) WITH * REMOVE n4 . k2 RETURN 1 AS a0 , 1 AS a1 ;
MATCH (a) RETURN count(a);
MATCH (a) RETURN count(a);
MATCH (b)-[a]->(c) RETURN count(a);
MATCH (b)-[a]->(c) RETURN count(a);
MERGE ({id:60})<-[r0 :T3{k56:'n94', id:61}]-(n0{id:62}) MERGE ({id:63})-[r1 :T3{k57:false, id:64}]-({id:65}) DETACH DELETE n0  RETURN 1 AS a0;
MERGE ( { id : 60 } ) < - [ r0 : T3 { k56 : (''+'n94' ), id : 61 } ] - ( n0 { id : 62 } ) WITH * MERGE ( { id : 63 } ) - [ r1 : T3 { k57 : false , id : 64 } ] - ( { id : 65 } ) DETACH DELETE n0 WITH * RETURN 1 AS a0 ;
MATCH (a) RETURN count(a);
MATCH (a) RETURN count(a);
MATCH (b)-[a]->(c) RETURN count(a);
MATCH (b)-[a]->(c) RETURN count(a);
CREATE (n0{id:66})<-[ :T3{k56:'LlDu1E', id:67}]-(n1 :L0{id:68})<-[r0 :T1{id:69}]-({k15:NULL, id:70}) MERGE (n2{id:71})-[r1 :T5{k71:'F', id:72}]->({id:73}) DETACH DELETE n2  RETURN 1 AS a0, 1 AS a1;
CREATE (n0{ id : 66 } )CREATE (n0)< - [ : T3 { k56 : 'LlDu1E' , id : 67 } ] - ( n1 : L0 { id : 68 } ) < - [ r0 : T1 { id : 69 } ] - ( { k15 : NULL , id : 70 } ) MERGE ( n2 { id : 71 } ) - [ r1 : T5 { k71 : 'F' , id : CASE WHEN TRUE THEN 72 END } ] - > ( { id : 73 } ) WITH * OPTIONAL MATCH ()-[:TYPE]-() DETACH DELETE n2 RETURN 1 AS a0 , 1 AS a1 ;
