-- Time: 2024/04/11 13:23:42
-- Database: janusgraph_database133
-- Database version: composite
-- seed value: 1712812406615
CREATE (n0 {id : 0});
CREATE (n0 :L3{k20 : false, k22 : 'c', id : 1, k23 : true});
CREATE (n0 {id : 2});
CREATE (n0 :L4{k28 : '9', k27 : 'qnqRuW', k31 : true, k30 : '7Mhto', id : 3, k26 : false, k25 : 1357307853});
MATCH (n0 {id : 1}), (n1 {id : 2}) MERGE(n0)-[r :T4{k62 : 'E1Nnl', k61 : 'jx', id : 4, k59 : 'UG', k58 : 'Go'}]->(n1);
MATCH (n0 {id : 3}), (n1 {id : 0}) MERGE(n0)-[r :T6{k70 : 'aNa', k73 : false, k72 : -73681834, k74 : false, id : 5, k69 : 'Zpb1'}]->(n1);
MATCH (n0 {id : 2}), (n1 {id : 2}) MERGE(n0)-[r :T0{k38 : 'K', k33 : '7cQXhT', id : 6, k32 : false, k35 : 1969295261, k34 : 'gJIc', k37 : 'wf', k36 : false}]->(n1);
MATCH (n0 {id : 1}), (n1 {id : 3}) MERGE(n0)-[r :T3{k51 : 's6D6ieQxG', k53 : 'wzCsGZnz', k52 : true, k55 : false, id : 7, k54 : 'T7', k56 : true}]->(n1);
MATCH (n0 {id : 2}), (n1 {id : 2}) MERGE(n0)-[r :T1{k39 : true, k40 : -170704929, k42 : false, k41 : 'WXpk0i', id : 8, k43 : -960933871}]->(n1);
MATCH (n0 :L4) MATCH ()-[r0 :T6{k73:(n0.k26)}]-(n1), ()<-[]-()-[r1 :T4{k61:substring(substring((n0.k30), toIntegerOrNull(abs(-1202149947)), toIntegerOrNull(abs(-1275720775))), toIntegerOrNull(abs(282697726)), toIntegerOrNull(abs((1105423876--1249818227))))}]->() CREATE ({id:9})<-[r2 :T3{id:10}]-(n2 :L3{id:11})-[r3 :T4{id:12}]->({id:13}) RETURN n1 AS a0;
MATCH ( n0 : L4 ) WITH * MATCH ()-[*0..0]-( ) - [ r0 : T6 { k73 : ( n0 . k26 ) } ] - ( n1 ) ,( ) < - [ ] - ( ) - [ r1 : T4 { k61 : substring ( substring ( CASE WHEN FALSE THEN NULL ELSE ( n0 . k30 ) END , CASE WHEN TRUE THEN toIntegerOrNull ( abs ( -1202149947 ) ) END , toIntegerOrNull ( abs ( -1275720775 ) ) ) , toIntegerOrNull ( abs ( 282697726 ) ) , toIntegerOrNull ( abs ( ( 1105423876 - -1249818227 ) ) ) ) } ] - > ( ) UNWIND 1 as l0 CREATE ( { id : 9 } ) < - [ r2 : T3 { id : 10 } ] - ( n2 : L3 { id : 11 } ) - [ r3 : T4 { id : 12 } ] - > ( { id : 13 } ) RETURN n1 AS a0 ORDER BY 1 ;
MATCH (a) RETURN count(a);
MATCH (b)-[a]->(c) RETURN count(a);
MATCH (b)-[a]->(c) RETURN count(a);
MERGE ({id:14}) CREATE ( :L4{id:15})<-[ :T4{id:16}]-({id:17}) MERGE (n1{id:18})-[ :T1{id:19}]->({id:20}) RETURN 1 AS a1;
MERGE ( { id : 14 } ) WITH * OPTIONAL MATCH ()-[:TYPE]-() CREATE ({id:17})-[ : T4 { id : 16 } ] ->( : L4 { id : 15 } ) WITH * MERGE ( n1 { id : 18 } ) - [ : T1 { id : 19 } ] - > ( { id : 20 } ) WITH * OPTIONAL MATCH ()-[:TYPE]-() RETURN DISTINCT 1 AS a1 ;
