-- Time: 2024/04/11 14:21:25
-- Database: janusgraph_database913
-- Database version: composite
-- seed value: 1712812407438
CREATE (n0 :L3{k17 : 1419235045, k19 : true, k18 : true, k20 : true, k22 : -497614776, id : 0, k23 : false});
CREATE (n0 :L1{k5 : 1592672075, k11 : 2074056718, id : 1, k6 : false, k7 : true, k8 : true, k9 : '8'});
CREATE (n0 :L5{k31 : false, k33 : 1809421987, id : 2, k32 : true, k35 : -314140240, k34 : false, k37 : false, k36 : '7wvOJ2'});
CREATE (n0 :L3{k17 : 500698313, k19 : false, k18 : true, k20 : true, k22 : -586343860, id : 3, k21 : 'p', k23 : false});
MATCH (n0 {id : 1}), (n1 {id : 2}) MERGE(n0)-[r :T3{k55 : true, id : 4, k57 : 2099928719, k56 : 1757783779, k59 : 1689497210, k58 : 'RzT'}]->(n1);
MATCH (n0 {id : 0}), (n1 {id : 3}) MERGE(n0)-[r :T2{k49 : -347037114, k51 : -1396168821, k50 : true, k53 : 'T', k52 : 1375660525, id : 5, k54 : 'nVi5ZlF', k48 : -827497621}]->(n1);
MATCH (n0 {id : 2}), (n1 {id : 0}) MERGE(n0)-[r :T0{k39 : false, k40 : 'Cs', k42 : '7', k41 : false, id : 6}]->(n1);
MATCH (n0 {id : 0}), (n1 {id : 2}) MERGE(n0)-[r :T2{k49 : 726797173, k51 : -102188676, k50 : true, k53 : 'N', k52 : -1130303736, id : 7, k54 : '2', k48 : 997681949}]->(n1);
MATCH (n0 {id : 3}), (n1 {id : 0}) MERGE(n0)-[r :T0{k39 : false, k38 : 'fDCB', k40 : 'KU', k42 : '9D', k41 : true, id : 8}]->(n1);
MATCH (n0 {id : 1}), (n1 {id : 0}) MERGE(n0)-[r :T1{k44 : false, id : 9, k43 : false, k46 : false, k45 : false, k47 : true}]->(n1);
MATCH (n0 {id : 3}), (n1 {id : 3}) MERGE(n0)-[r :T1{k44 : true, id : 10, k43 : true, k46 : true, k45 : true, k47 : true}]->(n1);
UNWIND [('8fK'+'O'), toStringList([[]])[toIntegerOrNull(abs((-680008576/167540486)))]] AS a0 MERGE (n0{id:11})-[r0 :T3{id:12}]-( :L1{id:13}) MERGE ({id:14})<-[ :T3{k58:'Sq4mK7l', id:15}]-({id:16})-[r1 :T1{k46:true, id:17}]-(n1 :L3{id:18}) RETURN r0 AS a1, exists(()-[ :T1]->( :L3)-[ :T2{k54:reverse((r0.k58))}]->(n0)) AS a2;
UNWIND ([ ( '8fK' + 'O' ) , toStringList ( [ CASE WHEN FALSE THEN NULL ELSE [ ] END ] ) [ toIntegerOrNull ( CASE WHEN TRUE THEN abs ( ( -680008576 / 167540486 ) ) END ) ] ] +[]) AS a0 MERGE ( n0 { id : 11 } ) - [ r0 : T3 { id : CASE WHEN TRUE THEN 12 END } ] - ( : L1 { id : 13 } ) MERGE ( { id : 14 } ) < - [ : T3 { k58 : CASE WHEN FALSE THEN NULL ELSE 'Sq4mK7l' END , id : 15 } ] - ( { id : 16 } ) - [ r1 : T1 { k46 : true , id : 17 } ] - ( n1 : L3 { id : 18 } ) WITH * OPTIONAL MATCH ()-[:TYPE]-() RETURN r0 AS a1 , exists ( ( ) - [ : T1 ] - > ( : L3 ) - [ : T2 { k54 : reverse ( ( r0 . k58 ) ) } ] - > ( n0 ) ) AS a2 ;
MATCH (a) RETURN count(a);
MATCH (b)-[a]->(c) RETURN count(a);
MATCH (b)-[a]->(c) RETURN count(a);
CREATE (n0 :L3{k21:NULL, id:19})<-[r0 :T0{k40:NULL, id:20}]-( :L5{id:21})<-[ :T3{id:22}]-({id:23}), (n1{id:24})<-[ :T1{id:25}]-( :L1{id:26})-[ :T3{id:27}]->(n2{k35:length(NULL), id:28}) CREATE p0=({k20:true, id:29})-[r1 :T2{k49:NULL, id:30}]->({k33:391677086, id:31})<-[ :T3{id:32}]-(n3{id:33}), (n4 :L3{id:34})<-[ :T0{id:35}]-(n5{k37:true, id:36}) MERGE ( :L3{id:37})-[r2 :T2{id:38}]->({id:39})-[r3 :T0{k40:'V', id:40}]->(n6{k18:true, id:41}) RETURN 1 AS a0, [-572553462, (r2.k51)] AS a1 LIMIT 0;
CREATE (n0: L3 { k21 : NULL , id : 19 } )CREATE (n0)< - [ r0 : T0 { k40 : NULL , id : 20 } ] - ( : L5 { id : 21 } ) < - [ : T3 { id : 22 } ] - ( { id : 23 } ) CREATE (n1{ id : CASE WHEN FALSE THEN NULL ELSE 24 END } )CREATE (n1)< - [ : T1 { id : 25 } ] - ( : L1 { id : CASE WHEN FALSE THEN NULL ELSE 26 END } ) - [ : T3 { id : 27 } ] - > ( n2 { k35 : length ( NULL ) , id : 28 } ) CREATE p0=(n3{id:33})-[ : T3 { id : 32 } ] ->({k33:391677086, id:31})<-[ r1 : T2 { k49 : NULL , id : 30 } ] -( { k20 : true , id : 29 } ) CREATE ( n4 : L3 { id : 34 } ) < - [ : T0 { id : 35 } ] - ( n5 { k37 : true , id : 36 } ) WITH * MERGE ( : L3 { id : 37 } ) - [ r2 : T2 { id : 38 } ] - > ( { id : 39 } ) - [ r3 : T0 { k40 : 'V' , id : 40 } ] - > ( n6 { k18 : true , id : 41 } ) RETURN 1 AS a0 , [ -572553462 , ( r2 . k51 ) ] AS a1 LIMIT 0 ;
