-- Time: 2024/04/11 13:21:46
-- Database: janusgraph_database107
-- Database version: composite
-- seed value: 1712812406589
CREATE (n0 :L2{k17 : true, k19 : false, k18 : 'Xh9JGmu7Q', id : 0, k13 : 1759792884, k15 : 'iuJt06', k14 : false});
CREATE (n0 :L0{k1 : -199300926, k2 : 'eh', k4 : -542246644, k5 : true, id : 1});
CREATE (n0 :L4{k28 : true, k27 : -1670466788, k29 : false, k31 : 'qO', k30 : 'SP', k33 : false, id : 2, k32 : -2002421825});
CREATE (n0 :L0{k0 : -233067393, k1 : 1853186177, k2 : 'Yl7f', k3 : 'Yu', k4 : -1135994360, k5 : false, id : 3});
MATCH (n0 {id : 0}), (n1 {id : 3}) MERGE(n0)-[r :T2{k49 : -305108148, k50 : 'VuQDqu', id : 4, k45 : true, k48 : true, k47 : 'SL4YPdPz3'}]->(n1);
MATCH (n0 {id : 1}), (n1 {id : 1}) MERGE(n0)-[r :T0{k39 : true, k38 : -1507616651, id : 5, k35 : true, k37 : false, k36 : false}]->(n1);
MATCH (n0 {id : 1}), (n1 {id : 3}) MERGE(n0)-[r :T4{k60 : 1536095062, k62 : 2146169105, k61 : 'fi5BVyFd', k63 : false, id : 6, k57 : 'jOrZz6E7', k58 : 1211166162}]->(n1);
MATCH (n0 {id : 3}), (n1 {id : 0}) MERGE(n0)-[r :T4{k60 : 1352922225, k62 : 306927483, k61 : 'L', k63 : false, id : 7, k57 : 'yK', k59 : 'DYW', k58 : 352797059}]->(n1);
MATCH (n0 {id : 3}), (n1 {id : 3}) MERGE(n0)-[r :T4{k60 : 1536095062, k62 : 779091423, k61 : 'HTzrL4v', k63 : false, id : 8, k57 : 'q8', k59 : '2V', k58 : 1114434789}]->(n1);
MATCH (n0 {id : 2}), (n1 {id : 3}) MERGE(n0)-[r :T4{k60 : -452588998, k62 : -1390382529, k61 : 'z', k63 : false, id : 9, k59 : 'J', k58 : -1070309428}]->(n1);
MERGE ({id:10}) CREATE (n0 :L2{id:11}) MERGE ( :L0{k2:'F3CyS', id:12})-[r0 :T0{id:13}]-(n1 :L0{id:14})-[r1 :T4{id:15}]-(n2{id:16}) RETURN 1 AS a0, n1 AS a1 UNION OPTIONAL MATCH ({k3:toStringList(NULL)[toIntegerOrNull(abs(NULL))]})-[]-()-[]-(n0), ()-[]->(n0) WHERE toBooleanOrNull(2099994631) OPTIONAL MATCH (n1)-[*..2]->()-[r0]-( :L0), ()-[*..2]->() WHERE (NULL < NULL) MERGE p0=(n2{k3:'xO', id:17}) RETURN p0 AS a0, 1 AS a1 SKIP 1;
MERGE ( { id : 10 } ) CREATE ( n0 : L2 { id : 11 } ) MERGE ( : L0 { k2 : 'F3CyS' , id : 12 } ) - [ r0 : T0 { id : 13 } ] - ( n1 : L0 { id : CASE WHEN FALSE THEN NULL ELSE 14 END } ) - [ r1 : T4 { id : 15 } ] - ( n2 { id : 16 } ) RETURN 1 AS a0 , n1 AS a1 ORDER BY NULL UNION OPTIONAL MATCH ( { k3 : toStringList ( CASE WHEN FALSE THEN NULL ELSE NULL END ) [ toIntegerOrNull ( abs ( NULL ) ) ] } ) - [ ] - ( ) - [ ] - ( n0 ) ,()-[*0..0]-( ) - [ ] - > ( n0 ) WHERE toBooleanOrNull ( 2099994631 ) OPTIONAL MATCH ( n1 ) - [ * .. 2 ] - > ( ) - [ r0 ] - ( : L0 ) ,( ) - [ * .. 2 ] - > ( ) WHERE ( CASE WHEN FALSE THEN NULL ELSE NULL < NULL END ) MERGE p0 = ( n2 { k3 : (''+'xO' ), id : 17 } ) RETURN p0 AS a0 , 1 AS a1 SKIP 1 ;
MATCH (a) RETURN count(a);
MATCH (b)-[a]->(c) RETURN count(a);
MATCH (b)-[a]->(c) RETURN count(a);
WITH 340952440 AS a0 OPTIONAL MATCH p0=( :L0) MERGE (n1{id:18})-[r1 :T4{id:19}]-({id:20})-[r2 :T0{k34:false, id:21}]-(n2{id:22}) RETURN DISTINCT 1 AS a1;
WITH 340952440 AS a0 WHERE TRUE UNWIND 1 as l0 OPTIONAL MATCH p0 = ( : L0 ) MERGE ( n1 { id : 18 } ) - [ r1 : T4 { id : 19 } ] - ( { id : CASE WHEN TRUE THEN 20 END } ) - [ r2 : T0 { k34 : false , id : 21 } ] - ( n2 { id : 22 } ) RETURN DISTINCT CASE WHEN TRUE THEN 1 END AS a1 ;
MATCH (a) RETURN count(a);
MATCH (a) RETURN count(a);
MATCH (b)-[a]->(c) RETURN count(a);
MATCH (b)-[a]->(c) RETURN count(a);
WITH *, NULL AS a0 LIMIT 0 MERGE (n0{id:23})<-[r0 :T4{k57:'BeT', id:24}]-({id:25}) REMOVE n0.k2 RETURN (r0.k58) AS a1, relationships(NULL) AS a2 LIMIT 1;
WITH * , NULL AS a0 LIMIT 0 MERGE pp0=( n0 { id : CASE WHEN FALSE THEN NULL ELSE 23 END } ) < - [ r0 : T4 { k57 : 'BeT' , id : CASE WHEN FALSE THEN NULL ELSE 24 END } ] - ( { id : 25 } ) WITH * OPTIONAL MATCH ()-[:TYPE]-() REMOVE n0 . k2 RETURN ( r0 . k58 ) AS a1 , relationships ( NULL ) AS a2 ORDER BY FALSE SKIP 1 LIMIT 1 ;
MATCH (a) RETURN count(a);
MATCH (a) RETURN count(a);
MATCH (b)-[a]->(c) RETURN count(a);
MATCH (b)-[a]->(c) RETURN count(a);
MERGE ({k1:-1052570614, id:26}) MERGE ( :L0{id:27})-[r0 :T0{k39:false, id:28}]->(n0{k0:1433917957, id:29}) DETACH DELETE r0  RETURN 1 AS a0;
MERGE ( { k1 : -1052570614 , id : 26 } ) WITH * OPTIONAL MATCH ()-[:TYPE]-() MERGE ( : L0 { id : 27 } ) - [ r0 : T0 { k39 : false , id : 28 } ] - > ( n0 { k0 : 1433917957 , id : 29 } ) DETACH DELETE r0 WITH * UNWIND 1 as l0 RETURN 1 AS a0 ORDER BY 1 ;
MATCH (a) RETURN count(a);
MATCH (a) RETURN count(a);
MATCH (b)-[a]->(c) RETURN count(a);
MATCH (b)-[a]->(c) RETURN count(a);
MATCH p0=()<-[r0]-(), (n0 :L4{k28:false}) MATCH ( :L0)-[r1 :T4{k57:substring(elementId(CASE WHEN false THEN NULL END), toIntegerOrNull(abs(291558474)), toIntegerOrNull(abs(-135981270)))}]->(n1)-[r0]-(n2), p1=() WHERE ('m' >= ((r1.k59)+'I')) MERGE p2=(n3 :L0{k2:type(r0), id:30})-[ :T4{id:31}]-(n4 :L0{id:32}) RETURN (n4.k4) AS a0, n1 AS a1;
MATCH p0=()<-[r0]-(),(n0 :L4{k28:false}) WITH * UNWIND 1 as l0 MATCH ( : L0 ) - [ r1 : T4 { k57 : substring ( elementId ( CASE WHEN TRUE THEN CASE WHEN false THEN CASE WHEN TRUE THEN NULL END END END ) , toIntegerOrNull ( abs ( 291558474 ) ) , toIntegerOrNull ( CASE WHEN FALSE THEN NULL ELSE abs ( -135981270 ) END ) ) } ] - > ( n1 ) - [ r0 ] - ( n2 ) ,p1 = ( ) WHERE ( CASE WHEN FALSE THEN NULL ELSE 'm' >= ( ( r1 . k59 ) + 'I' ) END ) MERGE p2 = ( n3 : L0 { k2 : type ( r0 ) , id : 30 } ) - [ : T4 { id : CASE WHEN FALSE THEN NULL ELSE 31 END } ] - ( n4 : L0 { id : 32 } ) RETURN ( n4 . k4 ) AS a0 , n1 AS a1 ;
MATCH (a) RETURN count(a);
MATCH (a) RETURN count(a);
MATCH (b)-[a]->(c) RETURN count(a);
MATCH (b)-[a]->(c) RETURN count(a);
MERGE ({id:33})<-[r0 :T4{id:34}]-({id:35}) DETACH DELETE r0  CREATE (n0{id:36})-[r1 :T2{id:37}]->(n1{id:38}), ({id:39}) RETURN 1 AS a0, NULL AS a1;
MERGE ( { id : 33 } ) < - [ r0 : T4 { id : 34 } ] - ( { id : CASE WHEN TRUE THEN 35 END } ) WITH * CALL{WITH *DETACH DELETE r0 } CREATE (n1{id:38})<-[ r1 : T2 { id : 37 } ] -( n0 { id : 36 } ) CREATE ( { id : 39 } ) RETURN CASE WHEN TRUE THEN 1 END AS a0 , NULL AS a1 ;
