-- Time: 2024/04/11 13:26:56
-- Database: janusgraph_database177
-- Database version: composite
-- seed value: 1712812406700
CREATE (n0 :L3{k19 : 'g8', k20 : '6', k22 : 'JhXVG', id : 0, k21 : false, k23 : 'J5NBuvyD1'});
CREATE (n0 {id : 1});
CREATE (n0 :L2{k17 : false, k16 : -52121344, k18 : false, id : 2, k13 : '8X', k15 : -618025913, k14 : -221849774});
CREATE (n0 :L0{k0 : -1121388206, k2 : -1501303139, k3 : 'PjHd75vwU', k4 : false, k5 : true, id : 3, k6 : 1466772918});
MATCH (n0 {id : 0}), (n1 {id : 1}) MERGE(n0)-[r :T3{k60 : false, k62 : '2', k61 : 806939864, k64 : -1016364937, k63 : 'zf', id : 4, k59 : 1279696814, k58 : 574549502}]->(n1);
MATCH (n0 {id : 3}), (n1 {id : 1}) MERGE(n0)-[r :T3{k60 : false, k61 : 924651388, k64 : 154064717, k63 : 'Naix', id : 5, k59 : -1743686067, k58 : 748627588}]->(n1);
MATCH (n0 {id : 1}), (n1 {id : 0}) MERGE(n0)-[r :T5{k71 : 'h5t', k70 : 's', k73 : false, k72 : true, id : 6}]->(n1);
MATCH (n0 {id : 3}), (n1 {id : 0}) MERGE(n0)-[r :T0{k38 : -498960930, k40 : 2015268318, k42 : false, k41 : -1907178472, id : 7, k43 : 551654424, k37 : -1346902322}]->(n1);
MATCH (n0 {id : 1}), (n1 {id : 0}) MERGE(n0)-[r :T2{k53 : 'UNWv', k52 : 359069352, id : 8, k54 : 692670793, k57 : false, k56 : 1840013494}]->(n1);
OPTIONAL MATCH () UNWIND NULL AS a0 MERGE (n0{id:9})<-[r0 :T2{id:10}]-(n1{id:11}) RETURN a0 AS a1, 1 AS a2;
OPTIONAL MATCH ( ) UNWIND 1 as l0 UNWIND NULL AS a0 WITH * MERGE ( n0 { id : 9 } ) < - [ r0 : T2 { id : 10 } ] - ( n1 { id : 11 } ) RETURN a0 AS a1 , 1 AS a2 ORDER BY NULL ;
MATCH (a) RETURN count(a);
MATCH (b)-[a]->(c) RETURN count(a);
MATCH (b)-[a]->(c) RETURN count(a);
OPTIONAL MATCH (n0), (n1)-[r0 :T3{k63:'i'}]-() WHERE true SET n1.k=true SET n1.k=(r0.k63) RETURN (r0.k58) AS a0 ORDER BY (r0.k61) DESC;
OPTIONAL MATCH ( n0 ) ,( n1 ) - [ r0 : T3 { k63 : 'i' } ] - ( ) WHERE true SET n1 . k = true WITH * SET n1 . k = ( r0 . k63 ) RETURN ( r0 . k58 ) AS a0 ORDER BY (r0.k61) DESC ;
