-- Time: 2024/04/11 13:29:59
-- Database: janusgraph_database218
-- Database version: composite
-- seed value: 1712812406741
CREATE (n0 :L5{k29 : true, k31 : -1351816449, k30 : '9', k33 : -1399073664, id : 0, k32 : 2058924596, k35 : 'QLLgBMq', k34 : false});
CREATE (n0 :L5{k29 : false, k31 : 1027018222, k30 : 'rb', k33 : -1187812414, id : 1, k35 : '9', k34 : true});
CREATE (n0 :L0{k0 : 1246981320, k2 : 'K', k4 : 'c91', id : 2});
CREATE (n0 :L4{k28 : 544364984, k27 : 'U', k22 : false, id : 3, k24 : -59273246, k23 : '9A5Aa', k26 : '3C5', k25 : false});
MATCH (n0 {id : 3}), (n1 {id : 1}) MERGE(n0)-[r :T3{k53 : 'gCJEbeVEW', id : 4, k57 : true, k56 : 'pMfIfCo6', k58 : -1114817879}]->(n1);
MATCH (n0 {id : 1}), (n1 {id : 2}) MERGE(n0)-[r :T1{k42 : 'oJdOwhv36', k44 : 'HVw4noSw', id : 5, k43 : -203451381, k45 : false}]->(n1);
MATCH (n0 {id : 2}), (n1 {id : 2}) MERGE(n0)-[r :T0{k39 : -504755341, k38 : -1310664614, k40 : -377027176, k41 : 'Gp', id : 6, k37 : true, k36 : 'VxpJBU6'}]->(n1);
MATCH (n0 {id : 3}), (n1 {id : 2}) MERGE(n0)-[r :T1{k44 : 'K3j8', id : 7, k43 : 1680180245, k46 : false, k45 : true, k47 : 'W'}]->(n1);
MERGE p0=(n0{id:8}) REMOVE n0.k2 MERGE ({k2:'zK', id:9})<-[r0 :T1{id:10}]-(n1 :L5{id:11})-[r1 :T3{k54:reverse('B'), id:12}]-(n2 :L4{k26:'XFNF', id:13}) RETURN (r0.k42) AS a0, 1 AS a1;
MERGE p0 = ( n0 { id : 8 } ) WITH * REMOVE n0 . k2 MERGE ( { k2 : 'zK' , id : 9 } ) < - [ r0 : T1 { id : 10 } ] - ( n1 : L5 { id : 11 } ) - [ r1 : T3 { k54 : CASE WHEN TRUE THEN reverse ( 'B' ) END , id : 12 } ] - ( n2 : L4 { k26 : 'XFNF' , id : 13 } ) WITH * UNWIND 1 as l0 RETURN ( r0 . k42 ) AS a0 , CASE WHEN TRUE THEN 1 END AS a1 ;
MATCH (a) RETURN count(a);
MATCH (b)-[a]->(c) RETURN count(a);
MATCH (b)-[a]->(c) RETURN count(a);
UNWIND [toIntegerList(NULL)[toIntegerOrNull(abs(-519745063))], NULL] AS a0 OPTIONAL MATCH ()-[ :T1{k46:false}]->({k0:NULL})-[r0]->(), p0=(n0)-[r1 :T1{k42:'GCKfpFwkw'}]-(n1)<-[*0..1]-() REMOVE n0.k2 RETURN n0 AS a1 ORDER BY a1 DESC;
UNWIND ([]+[ toIntegerList ( NULL ) [ toIntegerOrNull ( abs ( -519745063 ) ) ] , NULL ] )AS a0 UNWIND 1 as l0 OPTIONAL MATCH ( ) - [ : T1 { k46 : false } ] - > ( { k0 : NULL } ) - [ r0 ] - > ( ) ,p0 = ( n0 ) - [ r1 : T1 { k42 : 'GCKfpFwkw' } ] - ( n1 ) < - [ * 0 .. 1 ] - ( ) REMOVE n0 . k2 RETURN CASE WHEN FALSE THEN NULL ELSE n0 END AS a1 ORDER BY a1 DESC SKIP 1 ;
MATCH (a) RETURN count(a);
MATCH (a) RETURN count(a);
MATCH (b)-[a]->(c) RETURN count(a);
MATCH (b)-[a]->(c) RETURN count(a);
OPTIONAL MATCH (n0) OPTIONAL MATCH p0=(n1)<-[*..2]-()-[]-(n2{k0:NULL}), ()-[*0..]->(n0) SET n2.k=-768059950 RETURN n0 AS a0;
OPTIONAL MATCH ( n0 ) OPTIONAL MATCH p0 = ( n1 ) < - [ * .. 2 ] - ( ) - [ ] - ( n2 { k0 : NULL } ) ,( ) - [ * 0 .. ] - > ( n0 ) SET n2 . k = -768059950 RETURN n0 AS a0 LIMIT 1 ;
