-- Time: 2024/04/11 13:29:23
-- Database: janusgraph_database210
-- Database version: composite
-- seed value: 1712812406733
CREATE (n0 :L1{k11 : false, id : 0, k6 : 'aQXg', k10 : false, k7 : -942198185, k8 : true, k9 : 'I'});
CREATE (n0 {id : 1});
CREATE (n0 :L2{k17 : -1362752357, k16 : '7v3otCEox', k18 : -1657665035, id : 2, k13 : true, k12 : -1562073618, k15 : false, k14 : false});
CREATE (n0 :L1{k11 : false, id : 3, k6 : 'B7tl7I9', k10 : false, k7 : -251892746, k8 : true});
MATCH (n0 {id : 0}), (n1 {id : 1}) MERGE(n0)-[r :T4{k60 : 'BPp', k61 : true, k64 : 'T', k63 : '8gnuxYs62', id : 4, k59 : 'pK', k58 : 1514898758}]->(n1);
MATCH (n0 {id : 3}), (n1 {id : 2}) MERGE(n0)-[r :T4{k60 : 'R', k62 : false, k61 : true, k64 : '4No', k63 : 'Iz8hrdIXF', id : 5, k59 : 'r', k58 : -466850377}]->(n1);
MATCH (n0 {id : 3}), (n1 {id : 2}) MERGE(n0)-[r :T0{k33 : false, id : 6, k32 : 'w', k35 : 'KAwFubn8a', k34 : -1236582566, k37 : false}]->(n1);
MATCH (n0 {id : 1}), (n1 {id : 2}) MERGE(n0)-[r :T3{k51 : 717864219, k53 : '7G5J5xN6G', k52 : -321513913, k55 : true, id : 7, k54 : true, k57 : '4'}]->(n1);
MATCH (n0 {id : 0}), (n1 {id : 1}) MERGE(n0)-[r :T4{k60 : 'p', k62 : false, k64 : 'd', k63 : 'V', id : 8, k58 : -424310023}]->(n1);
WITH * MERGE (n0 :L2{id:9})<-[r0 :T3{id:10}]-({id:11})<-[r1 :T4{id:12}]-( :L1{id:13}) CREATE (n1{id:14})<-[r2 :T4{id:15}]-(n2{k6:reverse((r1.k64)), id:16})-[ :T4{id:17}]->(n3{id:18}) RETURN *, (n0.k12) AS a0;
WITH * MERGE ( n0 : L2 { id : 9 } ) < - [ r0 : T3 { id : CASE WHEN TRUE THEN 10 END } ] - ( { id : 11 } ) < - [ r1 : T4 { id : 12 } ] - ( : L1 { id : 13 } ) WITH * OPTIONAL MATCH ()-[:TYPE]-() CREATE (n1{ id : 14 } )CREATE (n1)< - [ r2 : T4 { id : 15 } ] - ( n2 { k6 : reverse ( ( r1 . k64 ) ) , id : 16 } ) - [ : T4 { id : 17 } ] - > ( n3 { id : 18 } ) RETURN * , ( n0 . k12 ) AS a0 ;
MATCH (a) RETURN count(a);
MATCH (b)-[a]->(c) RETURN count(a);
MATCH (b)-[a]->(c) RETURN count(a);
UNWIND NULL AS a0 CREATE ({id:19})<-[ :T4{k59:'VLiWoSvTf', id:20}]-( :L1{id:21}), p0=({id:22}) MERGE p1=(n0{k7:-2076952079, id:23})-[r0 :T4{id:24}]-(n3{id:25}) RETURN NULL AS a1, r0 AS a2;
UNWIND NULL AS a0 CREATE (m0{ id : 19 } )CREATE (m0)< - [ : T4 { k59 : (''+'VLiWoSvTf' ), id : 20 } ] - ( : L1 { id : CASE WHEN TRUE THEN 21 END } ) CREATE p0 = ( { id : CASE WHEN TRUE THEN 22 END } ) WITH * MERGE p1 = ( n0 { k7 : CASE WHEN FALSE THEN NULL ELSE -2076952079 END , id : 23 } ) - [ r0 : T4 { id : 24 } ] - ( n3 { id : 25 } ) RETURN CASE WHEN TRUE THEN NULL END AS a1 , r0 AS a2 LIMIT 1 ;
MATCH (a) RETURN count(a);
MATCH (a) RETURN count(a);
MATCH (b)-[a]->(c) RETURN count(a);
MATCH (b)-[a]->(c) RETURN count(a);
MERGE ({id:26})<-[r0 :T4{k59:'XC6W', id:27}]-(n0{k11:true, id:28}) SET n0.k=NULL CREATE ({id:29})-[r1 :T3{id:30}]->(n1 :L2{k17:toIntegerOrNull(NULL), id:31})<-[r2 :T0{k36:((r0.k60) < r0), id:32}]-({id:33}) RETURN r0 AS a0, 1 AS a1 UNION MERGE ({k13:true, id:34}) MERGE (n0{id:35})-[r0 :T3{k51:-1838306671, id:36}]-({k17:-1667421304, id:37}) MERGE ( :L2{id:38})<-[r1 :T4{id:39}]-(n1 :L1{k10:true, id:40}) RETURN n0 AS a0, (r0.k53) AS a1;
MERGE ( { id : 26 } ) < - [ r0 : T4 { k59 : 'XC6W' , id : 27 } ] - ( n0 { k11 : true , id : 28 } ) WITH * OPTIONAL MATCH ()-[:TYPE]-() SET n0 . k = NULL CREATE (m0{ id : 29 } )CREATE (m0)- [ r1 : T3 { id : 30 } ] - > ( n1 : L2 { k17 : toIntegerOrNull ( NULL ) , id : 31 } ) < - [ r2 : T0 { k36 : ( ( r0 . k60 ) < r0 ) , id : 32 } ] - ( { id : CASE WHEN FALSE THEN NULL ELSE 33 END } ) RETURN r0 AS a0 , 1 AS a1 UNION MERGE ( { k13 : true , id : 34 } ) WITH * MERGE ( n0 { id : 35 } ) - [ r0 : T3 { k51 : -1838306671 , id : 36 } ] - ( { k17 : -1667421304 , id : 37 } ) WITH * UNWIND [NULL] as l0 MERGE ( : L2 { id : 38 } ) < - [ r1 : T4 { id : CASE WHEN TRUE THEN 39 END } ] - ( n1 : L1 { k10 : true , id : 40 } ) RETURN n0 AS a0 , ( r0 . k53 ) AS a1 ORDER BY NULL SKIP 1 ;
MATCH (a) RETURN count(a);
MATCH (a) RETURN count(a);
MATCH (b)-[a]->(c) RETURN count(a);
MATCH (b)-[a]->(c) RETURN count(a);
OPTIONAL MATCH ({k10:NULL}) WHERE true CREATE ( :L2{id:41}) MERGE ({id:42}) RETURN 1 AS a0, NULL AS a1;
OPTIONAL MATCH ( { k10 : NULL } ) WHERE true CREATE ( : L2 { id : 41 } ) MERGE ( { id : 42 } ) WITH * RETURN 1 AS a0 , NULL AS a1 ;
MATCH (a) RETURN count(a);
MATCH (a) RETURN count(a);
MATCH (b)-[a]->(c) RETURN count(a);
MATCH (b)-[a]->(c) RETURN count(a);
MERGE (n0{id:43}) SET n0.k=NULL SET n0.k='iLM' RETURN 1 AS a0, n0 AS a1;
MERGE ( n0 { id : 43 } ) SET n0 . k = NULL WITH * SET n0 . k = CASE WHEN TRUE THEN 'iLM' END RETURN 1 AS a0 , n0 AS a1 ;
