-- Time: 2024/04/11 14:10:12
-- Database: janusgraph_database762
-- Database version: composite
-- seed value: 1712812407286
CREATE (n0 :L2{k17 : 1181632860, k16 : true, k11 : '76', id : 0, k13 : -2041259341, k12 : 1533154990, k15 : false, k14 : -859589835});
CREATE (n0 {id : 1});
CREATE (n0 :L6{k38 : true, k40 : -593530194, k41 : 977988770, id : 2, k37 : true});
CREATE (n0 :L6{k39 : false, k38 : false, k40 : 1442978987, k42 : -441219827, id : 3, k37 : false, k36 : -823004807});
MATCH (n0 {id : 0}), (n1 {id : 1}) MERGE(n0)-[r :T4{k70 : 'OF', k66 : 1354882827, id : 4, k68 : true, k67 : 2051752810}]->(n1);
MATCH (n0 {id : 3}), (n1 {id : 2}) MERGE(n0)-[r :T0{k44 : 1902882194, id : 5, k43 : false, k46 : true, k45 : 1137138481, k47 : 'oJgGm'}]->(n1);
MATCH (n0 {id : 2}), (n1 {id : 0}) MERGE(n0)-[r :T1{k49 : 'C', k51 : -599976326, k50 : 1679876400, k53 : true, k52 : true, id : 6, k54 : -1724656325, k48 : -1546528986}]->(n1);
MATCH (n0 {id : 2}), (n1 {id : 1}) MERGE(n0)-[r :T3{k60 : 954389900, k62 : false, k61 : 'Aum', k64 : -909768170, k63 : 'p', id : 7, k65 : 'K'}]->(n1);
MATCH (n0 {id : 0}), (n1 {id : 0}) MERGE(n0)-[r :T4{k70 : 'cO', k66 : 1354882827, id : 8, k68 : false, k67 : 956125294, k69 : 2061921491}]->(n1);
MATCH (n0 {id : 2}), (n1 {id : 2}) MERGE(n0)-[r :T0{k44 : -1204331540, id : 9, k43 : false, k46 : false, k45 : 2051045462, k47 : 'BY'}]->(n1);
MATCH (n0 {id : 1}), (n1 {id : 0}) MERGE(n0)-[r :T5{k71 : false, k73 : -1506897352, k72 : false, k75 : 'yg', k74 : -2023184168, id : 10}]->(n1);
MATCH (n0)-[*0..0]->()-[*..2]-(n1) DETACH DELETE n0  REMOVE n1.k2 RETURN n1 AS a0, ('T3r'+'zgtm') AS a1 UNION ALL CREATE ({id:11})<-[r0 :T5{id:12}]-(n0{id:13}), (n1{id:14})-[ :T0{id:15}]->(n2{id:16})-[ :T3{k61:NULL, id:17}]->(n3{id:18}) CREATE (n4{k41:NULL, id:19}), ({k37:(true IS NOT NULL), id:20}) CREATE (n5{id:21}), ({id:22})<-[r1 :T5{k72:NULL, id:23}]-(n6{id:24}) RETURN 1 AS a0, 1 AS a1;
MATCH ( n0 ) - [ * 0 .. 0 ] - > ( ) - [ * .. 2 ] - ( n1 ) UNWIND [NULL] as l0 DETACH DELETE n0 REMOVE n1 . k2 WITH * UNWIND 1 as l1 RETURN n1 AS a0 , ( 'T3r' + 'zgtm' ) AS a1 UNION ALL CREATE ( { id : 11 } ) < - [ r0 : T5 { id : 12 } ] - ( n0 { id : 13 } ) CREATE ( n1 { id : 14 } ) - [ : T0 { id : 15 } ] - > ( n2 { id : 16 } ) - [ : T3 { k61 : NULL , id : 17 } ] - > ( n3 { id : 18 } ) WITH * UNWIND [1] as l2 CREATE ( n4 { k41 : NULL , id : 19 } ) CREATE ( { k37 : ( true IS NOT NULL ) , id : 20 } ) WITH * UNWIND 1 as l3 CREATE ( n5 { id : CASE WHEN TRUE THEN 21 END } ) CREATE ( { id : 22 } ) < - [ r1 : T5 { k72 : NULL , id : 23 } ] - ( n6 { id : 24 } ) WITH * UNWIND [1] as l4 RETURN 1 AS a0 , 1 AS a1 ;
MATCH (a) RETURN count(a);
MATCH (b)-[a]->(c) RETURN count(a);
MATCH (b)-[a]->(c) RETURN count(a);
WITH relationships(NULL) AS a0 LIMIT 1 WHERE true CREATE ( :L6{id:25})-[r0 :T0{id:26}]->({id:27})-[r1 :T3{id:28}]->({id:29}) CREATE (n0{id:30})-[r2 :T0{id:31}]->({id:32}) RETURN 1 AS a1;
WITH relationships ( NULL ) AS a0 LIMIT 1 WHERE true CREATE ( : L6 { id : 25 } ) - [ r0 : T0 { id : 26 } ] - > ( { id : 27 } ) - [ r1 : T3 { id : 28 } ] - > ( { id : 29 } ) CREATE ({id:32})<-[ r2 : T0 { id : 31 } ] -( n0 { id : 30 } ) RETURN DISTINCT 1 AS a1 ;
MATCH (a) RETURN count(a);
MATCH (a) RETURN count(a);
MATCH (b)-[a]->(c) RETURN count(a);
MATCH (b)-[a]->(c) RETURN count(a);
MATCH (n0) REMOVE n0.k2 REMOVE n0.k2 RETURN n0 AS a0;
MATCH ( n0 ) WITH * FOREACH(f in [1]|REMOVE n0 . k2 ) WITH * UNWIND 1 as l0 REMOVE n0 . k2 WITH * OPTIONAL MATCH ()-[:TYPE]-() RETURN n0 AS a0 ;
