-- Time: 2024/04/11 13:25:59
-- Database: janusgraph_database164
-- Database version: composite
-- seed value: 1712812406646
CREATE (n0 {id : 0});
CREATE (n0 :L3{k22 : 957035951, id : 1, k21 : false, k24 : 'Y', k23 : 'MlCHR', k26 : 'Dzq', k25 : 1203687469});
CREATE (n0 :L4{k28 : true, k27 : -1831503539, k29 : true, k31 : false, id : 2});
CREATE (n0 :L3{k20 : false, k22 : -525258342, id : 3, k21 : false, k24 : 'g', k23 : 'Z', k26 : 'sMt4H2PUt', k25 : -1679131082});
MATCH (n0 {id : 3}), (n1 {id : 0}) MERGE(n0)-[r :T2{k60 : -1060559284, k62 : true, k61 : -1126147805, k64 : -164969170, k63 : true, id : 4, k59 : 'k7S'}]->(n1);
MATCH (n0 {id : 2}), (n1 {id : 0}) MERGE(n0)-[r :T0{k49 : false, k51 : 1793101093, k50 : 'tKN3k55', k52 : -2140022614, id : 5, k46 : 'i', k47 : 'V'}]->(n1);
MATCH (n0 {id : 0}), (n1 {id : 3}) MERGE(n0)-[r :T0{k49 : false, k51 : 888265806, k50 : 'ffyp1jdLK', k52 : -591846380, id : 6, k46 : '5', k48 : false, k47 : 'M'}]->(n1);
MATCH (n0 {id : 2}), (n1 {id : 1}) MERGE(n0)-[r :T4{k71 : false, k73 : -428010035, k72 : -1153564764, k74 : 'BZ', id : 7}]->(n1);
MATCH (n0 {id : 2}), (n1 {id : 0}) MERGE(n0)-[r :T3{k70 : 'Hdl9u', k66 : true, id : 8, k65 : true, k68 : 1905247455, k67 : true, k69 : true}]->(n1);
OPTIONAL MATCH p0=(), (n0)-[r0 :T3{k65:true}]-(n1) WHERE (r0.k65) CREATE p1=({id:9})<-[r1 :T2{k59:toStringOrNull(type(relationships(NULL)[toIntegerOrNull(abs(-1911326154))])), id:10}]-({id:11}) CREATE ({id:12})<-[r2 :T0{id:13}]-(n2{id:14})-[ :T3{id:15}]->(n3{id:16}) RETURN *, 1 AS a0 SKIP 0;
OPTIONAL MATCH p0 = ( ) ,( n0 ) - [ r0 : T3 { k65 : true } ] - ( n1 ) WHERE ( r0 . k65 ) CREATE p1 = ( { id : 9 } ) < - [ r1 : T2 { k59 : CASE WHEN TRUE THEN toStringOrNull ( CASE WHEN TRUE THEN type ( (relationships ( NULL ) +[]) [ toIntegerOrNull ( abs ( -1911326154 ) ) ] ) END ) END , id : 10 } ] - ( { id : 11 } ) CREATE ( { id : 12 } ) < - [ r2 : T0 { id : 13 } ] - ( n2 { id : 14 } ) - [ : T3 { id : CASE WHEN TRUE THEN 15 END } ] - > ( n3 { id : 16 } ) WITH * OPTIONAL MATCH ()-[:TYPE]-() RETURN DISTINCT * , 1 AS a0 SKIP 0 ;
MATCH (a) RETURN count(a);
MATCH (b)-[a]->(c) RETURN count(a);
MATCH (b)-[a]->(c) RETURN count(a);
MERGE ({id:17})-[r0 :T0{id:18}]->({id:19}) CREATE (n0{id:20})<-[r1 :T0{id:21}]-(n1{id:22})<-[ :T3{id:23}]-({id:24}), p0=(n2{id:25})-[ :T3{k68:(r0.k52), id:26}]->({id:27})-[r2 :T0{id:28}]->(n3 :L3{k24:(r0.k46), id:29}) MERGE (n4{id:30})<-[r3 :T4{k75:'q', id:31}]-(n5{id:32}) RETURN (r0.k46) AS a0, 1 AS a1;
MERGE ( { id : 17 } ) - [ r0 : T0 { id : 18 } ] - > ( { id : 19 } ) WITH * UNWIND [1] as l0 CREATE ( n0 { id : 20 } ) < - [ r1 : T0 { id : CASE WHEN FALSE THEN NULL ELSE 21 END } ] - ( n1 { id : 22 } ) < - [ : T3 { id : 23 } ] - ( { id : 24 } ) CREATE p0 = ( n2 { id : 25 } ) - [ : T3 { k68 : ( r0 . k52 ) , id : 26 } ] - > ( { id : 27 } ) - [ r2 : T0 { id : CASE WHEN TRUE THEN 28 END } ] - > ( n3 : L3 { k24 : ( r0 . k46 ) , id : 29 } ) MERGE ( n4 { id : 30 } ) < - [ r3 : T4 { k75 : 'q' , id : 31 } ] - ( n5 { id : 32 } ) WITH * UNWIND 1 as l1 RETURN CASE WHEN TRUE THEN ( r0 . k46 ) END AS a0 , 1 AS a1 ORDER BY FALSE ;
