-- Time: 2024/04/11 13:19:33
-- Database: janusgraph_database77
-- Database version: composite
-- seed value: 1712812406558
CREATE (n0 :L4{k28 : 't', k27 : false, k29 : true, id : 0, k26 : 't5', k25 : 1521657270});
CREATE (n0 :L1{k11 : true, id : 1, k10 : -1032831400, k7 : false, k8 : false, k12 : 992444750});
CREATE (n0 :L4{k28 : 'dB8', k27 : true, k29 : false, id : 2, k26 : '1FsFzRIO', k25 : 1160579122});
CREATE (n0 :L1{k11 : true, id : 3, k10 : -416302010, k7 : false, k8 : true, k12 : -2021665651});
MATCH (n0 {id : 2}), (n1 {id : 2}) MERGE(n0)-[r :T2{k49 : false, k51 : 92895841, k52 : -1272941582, id : 4, k48 : -544288567, k47 : -148132328}]->(n1);
MATCH (n0 {id : 1}), (n1 {id : 2}) MERGE(n0)-[r :T1{k40 : -1846528031, k42 : false, k41 : 'msrmAn', k44 : false, id : 5, k43 : 'X9t', k46 : true, k45 : false}]->(n1);
MATCH (n0 {id : 3}), (n1 {id : 0}) MERGE(n0)-[r :T0{k39 : true, k38 : 'rnVEu', id : 6, k35 : true, k37 : true}]->(n1);
MATCH (n0 {id : 1}), (n1 {id : 2}) MERGE(n0)-[r :T3{k53 : false, k55 : true, id : 7, k54 : -880536131, k57 : 94971439, k56 : false, k59 : true, k58 : 'u'}]->(n1);
MATCH (n0 {id : 1}), (n1 {id : 0}) MERGE(n0)-[r :T4{k60 : -1413539943, k62 : 622836083, k61 : 'S', k64 : 'q', k63 : -1958998251, id : 8}]->(n1);
MATCH (n0 {id : 1}), (n1 {id : 3}) MERGE(n0)-[r :T0{k39 : false, k38 : 'QA', id : 9, k35 : false, k37 : true, k36 : 1793720313}]->(n1);
MATCH (n0 {id : 0}), (n1 {id : 3}) MERGE(n0)-[r :T4{k60 : -1413539943, k62 : 219771396, k61 : 'B', k64 : '4', k63 : 1360856452, id : 10}]->(n1);
CREATE (n0{id:11}), ({k26:'G', id:12}) MERGE ({id:13})<-[r0 :T3{id:14}]-(n1{k9:'X', id:15}) DETACH DELETE n1  RETURN 1 AS a0 LIMIT 0;
CREATE ( n0 { id : 11 } ) CREATE ( { k26 : 'G' , id : 12 } ) WITH * OPTIONAL MATCH ()-[:TYPE]-() MERGE ( { id : 13 } ) < - [ r0 : T3 { id : CASE WHEN FALSE THEN NULL ELSE 14 END } ] - ( n1 { k9 : 'X' , id : 15 } ) DETACH DELETE n1 RETURN 1 AS a0 LIMIT CASE WHEN FALSE THEN NULL ELSE 0 END ;
MATCH (a) RETURN count(a);
MATCH (b)-[a]->(c) RETURN count(a);
MATCH (b)-[a]->(c) RETURN count(a);
CREATE (n2 :L1{id:16})-[ :T0{id:17}]->(n3{id:18}), (n4{id:19})-[r1 :T2{id:20}]->(n5{id:21}) CREATE ({id:22}) MERGE (n6{k25:-2023867533, id:23})<-[ :T4{id:24}]-( :L1{id:25})-[r2 :T0{id:26}]->( :L1{k7:false, id:27}) RETURN n6 AS a4 SKIP 0 UNION ALL MERGE ({id:28})-[r0 :T1{id:29}]-(n0{k11:false, id:30})-[r1 :T4{id:31}]->(n1 :L4{id:32}) REMOVE n1.k2 DETACH DELETE n0  RETURN 1 AS a4;
CREATE ( n2 : L1 { id : CASE WHEN FALSE THEN NULL ELSE 16 END } ) - [ : T0 { id : CASE WHEN FALSE THEN NULL ELSE 17 END } ] - > ( n3 { id : 18 } ) CREATE ( n4 { id : 19 } ) - [ r1 : T2 { id : 20 } ] - > ( n5 { id : 21 } ) CREATE ( { id : 22 } ) MERGE ( n6 { k25 : -2023867533 , id : 23 } ) < - [ : T4 { id : 24 } ] - ( : L1 { id : 25 } ) - [ r2 : T0 { id : 26 } ] - > ( : L1 { k7 : false , id : 27 } ) RETURN n6 AS a4 SKIP 0 UNION ALL MERGE ( { id : 28 } ) - [ r0 : T1 { id : 29 } ] - ( n0 { k11 : false , id : 30 } ) - [ r1 : T4 { id : CASE WHEN TRUE THEN 31 END } ] - > ( n1 : L4 { id : 32 } ) REMOVE n1 . k2 DETACH DELETE n0 WITH * OPTIONAL MATCH ()-[:TYPE]-() RETURN 1 AS a4 ;
