-- Time: 2024/04/11 13:50:28
-- Database: janusgraph_database495
-- Database version: composite
-- seed value: 1712812407019
CREATE (n0 :L3{k20 : -1396270632, k22 : false, id : 0, k21 : -1761796356});
CREATE (n0 :L3{k19 : 1968349277, k18 : 'iqizJ0x', k20 : 1730002362, k22 : true, id : 1, k21 : -287714503});
CREATE (n0 :L1{k11 : 'rU', id : 2, k10 : '6', k7 : true, k8 : 1547276680, k9 : -1418593160});
CREATE (n0 :L1{k11 : 'tR', id : 3, k10 : 'BW', k7 : true, k8 : -1199852117, k9 : -1514969456});
MATCH (n0 {id : 0}), (n1 {id : 3}) MERGE(n0)-[r :T1{k38 : 'a', k40 : false, k42 : true, k41 : false, id : 4, k43 : -1859107355, k37 : 1950874596}]->(n1);
MATCH (n0 {id : 3}), (n1 {id : 1}) MERGE(n0)-[r :T2{k49 : -1696067711, k44 : false, id : 5, k46 : '7', k45 : -1514009228, k47 : false}]->(n1);
MATCH (n0 {id : 3}), (n1 {id : 0}) MERGE(n0)-[r :T1{k38 : 'dF8JkLDGl', k40 : true, k42 : true, k41 : true, id : 6, k43 : -790222925, k37 : 376339015}]->(n1);
MATCH (n0 {id : 3}), (n1 {id : 1}) MERGE(n0)-[r :T0{k31 : 'g69ixvG7Y', k30 : '2', k33 : 807870366, id : 7, k32 : 'Gf5b', k35 : 37040595, k34 : false, k36 : 'y'}]->(n1);
MATCH (n0 {id : 0}), (n1 {id : 2}) MERGE(n0)-[r :T0{k31 : 'PpZdd', k30 : 'qoI6gugK', k33 : 807870366, id : 8, k32 : '2', k35 : 241360603, k36 : '9I'}]->(n1);
MATCH (n0{k21:-352268169})-[r0]->({k8:(NULL/NULL)}) WHERE isEmpty(NULL) SET n0.k=NULL CREATE (n1{id:9})<-[r1 :T2{id:10}]-({k8:(NULL*-707616058), id:11})-[r2 :T1{id:12}]->({k19:NULL, id:13}) RETURN r0 AS a0, n0 AS a1 ORDER BY a1 DESC;
MATCH ( n0 { k21 : -352268169 } ) - [ r0 ] - > ( { k8 : ( NULL / NULL ) } ) WITH * WHERE isEmpty ( NULL ) UNWIND [1] as l0 SET n0 . k = NULL WITH * CREATE ( n1 { id : 9 } ) < - [ r1 : T2 { id : 10 } ] - ( { k8 : ( NULL * -707616058 ) , id : 11 } ) - [ r2 : T1 { id : 12 } ] - > ( { k19 : NULL , id : 13 } ) WITH * UNWIND 1 as l1 RETURN r0 AS a0 , n0 AS a1 ORDER BY a1 DESC SKIP 1 ;
MATCH (a) RETURN count(a);
MATCH (b)-[a]->(c) RETURN count(a);
MATCH (b)-[a]->(c) RETURN count(a);
MERGE (n0{id:14}) MERGE (n1 :L3{k22:true, id:15}) MERGE (n2{id:16}) RETURN 1 AS a0;
MERGE ( n0 { id : 14 } ) WITH * MERGE ( n1 : L3 { k22 : true , id : 15 } ) MERGE ( n2 { id : 16 } ) WITH * OPTIONAL MATCH ()-[:TYPE]-() RETURN DISTINCT 1 AS a0 ;
