-- Time: 2024/04/11 13:17:01
-- Database: janusgraph_database43
-- Database version: composite
-- seed value: 1712812406524
CREATE (n0 :L3{k19 : -907018944, k20 : 'o', k22 : 85851642, id : 0, k21 : 'e', k23 : true});
CREATE (n0 :L4{k28 : false, k27 : true, id : 1, k24 : true, k26 : 'q', k25 : 'YQ'});
CREATE (n0 {id : 2});
CREATE (n0 :L4{id : 3, k24 : true, k26 : 'odr1h'});
MATCH (n0 {id : 2}), (n1 {id : 1}) MERGE(n0)-[r :T1{k39 : 'u', k38 : 'Z1', id : 4, k35 : 1806061383, k34 : 'p', k37 : false, k36 : true}]->(n1);
MATCH (n0 {id : 0}), (n1 {id : 0}) MERGE(n0)-[r :T4{k52 : 'uM', k55 : -264281708, id : 5, k54 : 1768682096, k57 : 1764724289, k56 : false}]->(n1);
MATCH (n0 {id : 1}), (n1 {id : 1}) MERGE(n0)-[r :T2{k40 : 'AvKqm', k42 : 54819722, k41 : 'I', k44 : false, id : 6, k43 : true}]->(n1);
MATCH (n0 {id : 3}), (n1 {id : 1}) MERGE(n0)-[r :T1{k39 : 'X', k38 : '5', id : 7, k34 : 'Y'}]->(n1);
CREATE (n0 :L3{k21:reverse(reverse(CASE WHEN true THEN '1BBWaug' END)), id:8})<-[r0 :T1{k35:-344041282, id:9}]-({id:10}) CREATE (n1{id:11}), (n2 :L3{id:12}) MERGE ({id:13})-[r1 :T2{id:14}]-(n3{id:15}) RETURN n3 AS a0, n3 AS a1 ORDER BY endNode(relationships(NULL)[toIntegerOrNull(abs((r1.k42)))]), a1;
CREATE ( n0 : L3 { k21 : reverse ( reverse ( CASE WHEN CASE WHEN FALSE THEN NULL ELSE true END THEN (''+'1BBWaug' )END ) ) , id : 8 } ) < - [ r0 : T1 { k35 : -344041282 , id : CASE WHEN TRUE THEN 9 END } ] - ( { id : 10 } ) WITH * UNWIND [NULL] as l0 CREATE ( n1 { id : 11 } ) CREATE ( n2 : L3 { id : CASE WHEN FALSE THEN NULL ELSE 12 END } ) MERGE ( { id : 13 } ) - [ r1 : T2 { id : CASE WHEN TRUE THEN 14 END } ] - ( n3 { id : 15 } ) RETURN n3 AS a0 , n3 AS a1 ORDER BY endNode(relationships(NULL)[toIntegerOrNull(abs((r1.k42)))]), a1 ;
MATCH (a) RETURN count(a);
MATCH (b)-[a]->(c) RETURN count(a);
MATCH (b)-[a]->(c) RETURN count(a);
CREATE (n0{id:16}), (n1{id:17})-[r0 :T1{id:18}]->({id:19}) CREATE ({id:20}) MERGE (n2{id:21})-[r1 :T1{id:22}]-(n3{k28:true, id:23}) RETURN n3 AS a0 UNION ALL MERGE (n0 :L4{id:24})-[r0 :T2{k40:'WvrChB', id:25}]->(n1{id:26})<-[r1 :T1{id:27}]-(n2{id:28}) DETACH DELETE n0  REMOVE n1.k2 RETURN DISTINCT -877597251 AS a0;
CREATE ( n0 { id : 16 } ) CREATE ( n1 { id : 17 } ) - [ r0 : T1 { id : 18 } ] - > ( { id : CASE WHEN TRUE THEN 19 END } ) CREATE ( { id : CASE WHEN FALSE THEN NULL ELSE 20 END } ) MERGE ( n2 { id : 21 } ) - [ r1 : T1 { id : 22 } ] - ( n3 { k28 : true , id : 23 } ) RETURN n3 AS a0 UNION ALL MERGE pp0=( n0 : L4 { id : 24 } ) - [ r0 : T2 { k40 : 'WvrChB' , id : 25 } ] - > ( n1 { id : 26 } ) < - [ r1 : T1 { id : 27 } ] - ( n2 { id : 28 } ) WITH * OPTIONAL MATCH ()-[:TYPE]-() DETACH DELETE n0 WITH * OPTIONAL MATCH ()-[:TYPE]-() REMOVE n1 . k2 RETURN DISTINCT -877597251 AS a0 ;
MATCH (a) RETURN count(a);
MATCH (a) RETURN count(a);
MATCH (b)-[a]->(c) RETURN count(a);
MATCH (b)-[a]->(c) RETURN count(a);
WITH keys(properties(relationships(NULL)[toIntegerOrNull(abs(170687999))])) AS a0 WHERE NULL MERGE (n0{k25:'zRrbbx', id:29})-[r0 :T2{id:30}]-( :L4{id:31}) MERGE ({id:32}) RETURN 1 AS a1, (r0.k43) AS a2 ORDER BY 'b' DESC;
WITH keys ( properties ( relationships ( NULL ) [ toIntegerOrNull ( abs ( 170687999 ) ) ] ) ) AS a0 WHERE CASE WHEN FALSE THEN NULL ELSE NULL END OPTIONAL MATCH ()-[:TYPE]-() MERGE ( n0 { k25 : ('zRrbbx' +'') , id : 29 } ) - [ r0 : T2 { id : 30 } ] - ( : L4 { id : CASE WHEN FALSE THEN NULL ELSE 31 END } ) WITH * OPTIONAL MATCH ()-[:TYPE]-() MERGE pp0=( { id : 32 } ) RETURN CASE WHEN FALSE THEN NULL ELSE 1 END AS a1 , CASE WHEN FALSE THEN NULL ELSE ( r0 . k43 ) END AS a2 ORDER BY 'b' DESC ;
MATCH (a) RETURN count(a);
MATCH (a) RETURN count(a);
MATCH (b)-[a]->(c) RETURN count(a);
MATCH (b)-[a]->(c) RETURN count(a);
CREATE (n0 :L4{k24:(reverse(toStringList([])[toIntegerOrNull(abs(1134070731))]) = 'SU'), id:33}), p0=( :L4{id:34}) CREATE ({id:35})-[ :T1{id:36}]->(n1{k28:true, id:37}) CREATE p1=(n2{id:38})-[r0 :T1{id:39}]->({id:40}) RETURN NULL AS a0, 1 AS a1;
CREATE ( n0 : L4 { k24 : ( reverse ( ([]+toStringList ( ([]+[ ] )) )[ toIntegerOrNull ( CASE WHEN TRUE THEN abs ( 1134070731 ) END ) ] ) = 'SU' ) , id : 33 } ) CREATE p0 = ( : L4 { id : CASE WHEN TRUE THEN 34 END } ) CREATE ( { id : 35 } ) - [ : T1 { id : 36 } ] - > ( n1 { k28 : true , id : 37 } ) CREATE p1 = ( n2 { id : 38 } ) - [ r0 : T1 { id : 39 } ] - > ( { id : 40 } ) RETURN NULL AS a0 , CASE WHEN FALSE THEN NULL ELSE 1 END AS a1 ;
MATCH (a) RETURN count(a);
MATCH (a) RETURN count(a);
MATCH (b)-[a]->(c) RETURN count(a);
MATCH (b)-[a]->(c) RETURN count(a);
WITH DISTINCT * ORDER BY false MATCH ()-[r0]->(n0), ( :L4) DETACH DELETE n0  RETURN DISTINCT min(NULL) AS a0;
WITH DISTINCT * ORDER BY false MATCH ()-[r0]->(n0),( :L4) UNWIND [1] as l0 DETACH DELETE n0 WITH * UNWIND 1 as l1 RETURN DISTINCT min ( NULL ) AS a0 ;
