-- Time: 2024/04/11 14:22:49
-- Database: janusgraph_database932
-- Database version: composite
-- seed value: 1712812407457
CREATE (n0 {id : 0});
CREATE (n0 :L2{k17 : false, k16 : true, k18 : true, id : 1, k13 : 'YlypV1', k14 : 'U'});
CREATE (n0 {id : 2});
CREATE (n0 :L2{k17 : true, k16 : false, k18 : true, id : 3, k13 : 'fJRJ', k15 : 338451600, k14 : 'V'});
MATCH (n0 {id : 1}), (n1 {id : 3}) MERGE(n0)-[r :T6{k71 : false, k73 : 'QWsp', k72 : true, id : 4, k68 : false, k67 : 'p', k69 : true}]->(n1);
MATCH (n0 {id : 2}), (n1 {id : 1}) MERGE(n0)-[r :T5{k60 : 1369859540, k62 : false, k61 : 'x', k64 : true, k63 : true, k66 : true, id : 5, k65 : 'q'}]->(n1);
MATCH (n0 {id : 1}), (n1 {id : 2}) MERGE(n0)-[r :T0{k31 : 'Ex9QKC', id : 6, k32 : false, k35 : -747127757, k34 : 'BU'}]->(n1);
MATCH (n0 {id : 3}), (n1 {id : 2}) MERGE(n0)-[r :T0{k31 : 's', k33 : false, id : 7, k32 : true, k35 : -942230046, k34 : 'WCEnf2S3N'}]->(n1);
WITH relationships(NULL)[toIntegerOrNull(abs(NULL))] AS a0 WHERE false MATCH ()<-[ :T6{k72:NULL}]-( :L2), (n0)-[r0]-(n1)-[r1 :T5{k62:true}]-() MERGE (n2 :L2{k15:1112404442, id:8}) RETURN 1 AS a1 SKIP 0;
WITH CASE WHEN TRUE THEN relationships ( CASE WHEN FALSE THEN NULL ELSE NULL END ) [ toIntegerOrNull ( abs ( NULL ) ) ] END AS a0 WHERE false MATCH ( ) < - [ : T6 { k72 : NULL } ] - ( : L2 ) ,( n0 ) - [ r0 ] - ( n1 ) - [ r1 : T5 { k62 : true } ] - ( ) WITH * WITH * MERGE ( n2 : L2 { k15 : CASE WHEN FALSE THEN NULL ELSE 1112404442 END , id : 8 } ) RETURN 1 AS a1 SKIP CASE WHEN FALSE THEN NULL ELSE 0 END ;
MATCH (a) RETURN count(a);
MATCH (b)-[a]->(c) RETURN count(a);
MATCH (b)-[a]->(c) RETURN count(a);
CREATE (n0 :L2{id:9})-[ :T6{id:10}]->(n1 :L2{id:11}) CREATE ( :L2{k16:true, id:12})-[r0 :T0{id:13}]->({id:14})-[ :T5{id:15}]->({k16:exists(( :L2)-[{k73:elementId(nodes(NULL)[toIntegerOrNull(abs(NULL))])}]-()-[{k34:(NULL+reverse(reverse('7')))}]-()), id:16}), (n2{id:17})-[r1 :T0{id:18}]->({id:19})<-[ :T0{id:20}]-({id:21}) MERGE (n3{id:22}) RETURN n3 AS a0;
CREATE ( n0 : L2 { id : CASE WHEN FALSE THEN NULL ELSE 9 END } ) - [ : T6 { id : 10 } ] - > ( n1 : L2 { id : 11 } ) WITH * OPTIONAL MATCH ()-[:TYPE]-() CREATE ( : L2 { k16 : true , id : 12 } ) - [ r0 : T0 { id : 13 } ] - > ( { id : 14 } ) - [ : T5 { id : 15 } ] - > ( { k16 : CASE WHEN TRUE THEN exists ( ( : L2 ) - [ { k73 : CASE WHEN TRUE THEN elementId ( nodes ( NULL ) [ toIntegerOrNull ( abs ( NULL ) ) ] ) END } ] - ( ) - [ { k34 : ( NULL + reverse ( reverse ( '7' ) ) ) } ] - ( ) ) END , id : 16 } ) CREATE (n2{ id : CASE WHEN TRUE THEN 17 END } )CREATE (n2)- [ r1 : T0 { id : 18 } ] - > ( { id : 19 } ) < - [ : T0 { id : 20 } ] - ( { id : 21 } ) MERGE ( n3 { id : 22 } ) RETURN n3 AS a0 ORDER BY NULL ;
MATCH (a) RETURN count(a);
MATCH (a) RETURN count(a);
MATCH (b)-[a]->(c) RETURN count(a);
MATCH (b)-[a]->(c) RETURN count(a);
CREATE (n0{k18:true, id:23}), (n1{id:24}) MERGE ({id:25})-[r0 :T5{k63:false, id:26}]-(n2{k13:'j', id:27})-[r1 :T6{id:28}]-(n3{id:29}) MERGE ({id:30})<-[r2 :T6{id:31}]-(n4{id:32})-[r3 :T0{k35:-1817996665, id:33}]->(n5{id:34}) RETURN *;
CREATE ( n0 { k18 : true , id : 23 } ) CREATE ( n1 { id : 24 } ) MERGE ( { id : 25 } ) - [ r0 : T5 { k63 : false , id : 26 } ] - ( n2 { k13 : 'j' , id : 27 } ) - [ r1 : T6 { id : 28 } ] - ( n3 { id : 29 } ) WITH * MERGE ( { id : 30 } ) < - [ r2 : T6 { id : 31 } ] - ( n4 { id : 32 } ) - [ r3 : T0 { k35 : -1817996665 , id : CASE WHEN TRUE THEN 33 END } ] - > ( n5 { id : 34 } ) RETURN * ;
MATCH (a) RETURN count(a);
MATCH (a) RETURN count(a);
MATCH (b)-[a]->(c) RETURN count(a);
MATCH (b)-[a]->(c) RETURN count(a);
UNWIND [NULL, ['mp']] AS a2 OPTIONAL MATCH p0=( :L2)<-[]-(n2)-[ :T0{k33:NULL}]-() CREATE (n3{id:35})-[r1 :T5{id:36}]->({id:37}), (n4 :L2{id:38})-[r2 :T0{k32:(667568288 < 1252289326), id:39}]->(n5{id:40}) RETURN false AS a3, 1 AS a4 UNION CREATE ({id:41}) CREATE p0=(n0{id:42})<-[ :T0{id:43}]-(n1{k17:false, id:44}), p1=({id:45})<-[ :T0{id:46}]-(n2{id:47}) MERGE ({id:48})<-[r0 :T0{id:49}]-({id:50})<-[r1 :T6{k70:-189000786, id:51}]-(n3 :L2{id:52}) RETURN 1 AS a3, 1 AS a4 SKIP 0;
UNWIND [ CASE WHEN TRUE THEN NULL END , [ 'mp' ] ] AS a2 OPTIONAL MATCH p0=( :L2)<-[]-(n2)-[ :T0{k33:NULL}]-() WHERE TRUE CREATE ( n3 { id : 35 } ) - [ r1 : T5 { id : 36 } ] - > ( { id : CASE WHEN FALSE THEN NULL ELSE 37 END } ) CREATE ( n4 : L2 { id : 38 } ) - [ r2 : T0 { k32 : CASE WHEN FALSE THEN NULL ELSE ( CASE WHEN FALSE THEN NULL ELSE 667568288 < 1252289326 END ) END , id : 39 } ] - > ( n5 { id : 40 } ) RETURN false AS a3 , 1 AS a4 UNION CREATE ( { id : 41 } ) WITH * UNWIND 1 as l0 CREATE (n0{ id : 42 } )CREATE (n0)< - [ : T0 { id : 43 } ] - ( n1 { k17 : false , id : 44 } ) CREATE p1 = ( { id : 45 } ) < - [ : T0 { id : 46 } ] - ( n2 { id : CASE WHEN TRUE THEN 47 END } ) WITH * UNWIND 1 as l1 MERGE ( { id : 48 } ) < - [ r0 : T0 { id : 49 } ] - ( { id : 50 } ) < - [ r1 : T6 { k70 : CASE WHEN TRUE THEN -189000786 END , id : CASE WHEN TRUE THEN 51 END } ] - ( n3 : L2 { id : 52 } ) RETURN 1 AS a3 , CASE WHEN FALSE THEN NULL ELSE 1 END AS a4 SKIP CASE WHEN TRUE THEN 0 END ;
MATCH (a) RETURN count(a);
MATCH (a) RETURN count(a);
MATCH (b)-[a]->(c) RETURN count(a);
MATCH (b)-[a]->(c) RETURN count(a);
MERGE (n0 :L2{id:53})-[r0 :T0{id:54}]-(n1{id:55})-[r1 :T0{id:56}]-(n2{id:57}) MERGE ({id:58}) MERGE (n3{id:59}) RETURN n0 AS a0;
MERGE ( n0 : L2 { id : 53 } ) - [ r0 : T0 { id : 54 } ] - ( n1 { id : 55 } ) - [ r1 : T0 { id : 56 } ] - ( n2 { id : 57 } ) WITH * MERGE pp0=( { id : 58 } ) MERGE ( n3 { id : 59 } ) RETURN n0 AS a0 ;
