-- Time: 2024/04/11 13:47:29
-- Database: janusgraph_database455
-- Database version: composite
-- seed value: 1712812406978
CREATE (n0 :L4{k27 : 'R53P', k22 : '4', id : 0, k24 : 'N', k23 : 'L', k26 : -83412665, k25 : 'Q'});
CREATE (n0 :L2{k11 : 1705875316, id : 1, k12 : 'O', k15 : true});
CREATE (n0 :L0{k0 : false, k1 : false, k2 : -1867002821, k3 : 8410051, k4 : 'DKI2ZX', k5 : 'Ph', id : 2});
CREATE (n0 :L2{k11 : -523884331, id : 3, k13 : 'ZJX', k12 : '9Wha', k14 : 'n'});
MATCH (n0 {id : 3}), (n1 {id : 0}) MERGE(n0)-[r :T0{k39 : 348125042, k38 : -1208210171, k33 : 'bX', id : 4, k35 : true, k34 : true, k37 : true, k36 : 'w'}]->(n1);
MATCH (n0 {id : 2}), (n1 {id : 1}) MERGE(n0)-[r :T0{k39 : -684832089, k38 : 1889265250, k33 : 'W9E2oC', id : 5, k35 : true, k34 : false, k37 : false, k36 : 'M'}]->(n1);
MATCH (n0 {id : 3}), (n1 {id : 1}) MERGE(n0)-[r :T4{k60 : -1049659050, k61 : -1203619126, id : 6, k59 : false}]->(n1);
MATCH (n0 {id : 0}), (n1 {id : 0}) MERGE(n0)-[r :T2{k49 : true, k51 : 169519146, k50 : false, id : 7, k46 : '4ef', k45 : 531689663, k48 : -450244658, k47 : 'pxYTG'}]->(n1);
MATCH (n0 {id : 2}), (n1 {id : 0}) MERGE(n0)-[r :T2{k49 : false, k51 : 169519146, k50 : false, id : 8, k46 : 'BJzPHsGV', k45 : -1549279787, k48 : 1220044216, k47 : 'D'}]->(n1);
MERGE (n0{id:9})-[r0 :T0{k37:false, id:10}]-({id:11})-[r1 :T4{id:12}]-(n1{k15:true, id:13}) DETACH DELETE n1  SET n0.k=(r0.k33) RETURN n0 AS a0 LIMIT 1;
MERGE ( n0 { id : CASE WHEN TRUE THEN 9 END } ) - [ r0 : T0 { k37 : false , id : 10 } ] - ( { id : 11 } ) - [ r1 : T4 { id : 12 } ] - ( n1 { k15 : true , id : 13 } ) DETACH DELETE n1 WITH * CALL{WITH *SET n0 . k = ( r0 . k33 ) } RETURN n0 AS a0 LIMIT 1 ;
MATCH (a) RETURN count(a);
MATCH (b)-[a]->(c) RETURN count(a);
MATCH (b)-[a]->(c) RETURN count(a);
MERGE ({id:14})-[r0 :T4{id:15}]->({id:16}) DETACH DELETE r0  CREATE ({id:17})<-[ :T4{k61:-701082298, id:18}]-({id:19}) RETURN 1 AS a0, 1 AS a1;
MERGE ( { id : 14 } ) - [ r0 : T4 { id : CASE WHEN TRUE THEN 15 END } ] - > ( { id : 16 } ) WITH * DETACH DELETE r0 WITH * OPTIONAL MATCH ()-[:TYPE]-() CREATE ({id:19})-[ : T4 { k61 : -701082298 , id : CASE WHEN FALSE THEN NULL ELSE 18 END } ] ->( { id : 17 } ) WITH * UNWIND 1 as l0 RETURN 1 AS a0 , 1 AS a1 ORDER BY NULL ;
