-- Time: 2024/04/11 13:19:55
-- Database: janusgraph_database82
-- Database version: composite
-- seed value: 1712812406563
CREATE (n0 {id : 0});
CREATE (n0 :L5{k31 : -959205583, k30 : true, k33 : 'rwfPc', id : 1, k32 : 2111814944, k34 : -811160496});
CREATE (n0 :L6{k39 : 'U0', k38 : -869944898, k40 : 1923771075, id : 2, k37 : true, k36 : 'b'});
CREATE (n0 {id : 3});
MATCH (n0 {id : 1}), (n1 {id : 3}) MERGE(n0)-[r :T1{k49 : 'p', k51 : 'Ie1V43Gj', k53 : 'uaJ', k52 : true, id : 4, k48 : 1063698750}]->(n1);
MATCH (n0 {id : 0}), (n1 {id : 1}) MERGE(n0)-[r :T4{k71 : 51491025, k70 : 'PO1wvqT0h', k66 : -1016854374, id : 5, k68 : 1773794125, k67 : 'BLjvT', k69 : true}]->(n1);
MERGE (n0 :L5{id:6}) CREATE (n1{id:7}), (n2{id:8})<-[ :T4{id:9}]-(n3{id:10}) SET n0.k=false RETURN 1 AS a0, 1 AS a1 LIMIT 1;
MERGE ( n0 : L5 { id : 6 } ) CREATE ( n1 { id : 7 } ) CREATE ( n2 { id : CASE WHEN TRUE THEN 8 END } ) < - [ : T4 { id : 9 } ] - ( n3 { id : 10 } ) WITH * UNWIND 1 as l0 FOREACH(f in [1]|SET n0 . k = false ) WITH * OPTIONAL MATCH ()-[:TYPE]-() RETURN 1 AS a0 , 1 AS a1 LIMIT 1 ;
MATCH (a) RETURN count(a);
MATCH (b)-[a]->(c) RETURN count(a);
MATCH (b)-[a]->(c) RETURN count(a);
MATCH (n0)-[r0]-(), ()-[]-() WHERE toBooleanList(CASE WHEN (true OR false) THEN NULL END)[toIntegerOrNull(abs(length(NULL)))] REMOVE n0.k2 MERGE (n1{id:11})-[ :T4{id:12}]->(n2 :L5{id:13}) RETURN *, 1 AS a1;
MATCH ( n0 ) - [ r0 ] - ( ) ,( ) - [ ] - ( ) WHERE toBooleanList ( CASE WHEN ( true OR false ) THEN NULL END ) [ toIntegerOrNull ( abs ( length ( NULL ) ) ) ] OPTIONAL MATCH ()-[:TYPE]-() REMOVE n0 . k2 MERGE ( n1 { id : 11 } ) - [ : T4 { id : 12 } ] - > ( n2 : L5 { id : 13 } ) WITH * UNWIND [NULL] as l0 RETURN * , CASE WHEN FALSE THEN NULL ELSE 1 END AS a1 ;
MATCH (a) RETURN count(a);
MATCH (a) RETURN count(a);
MATCH (b)-[a]->(c) RETURN count(a);
MATCH (b)-[a]->(c) RETURN count(a);
MATCH (n0{k39:'YVB'}) WHERE NULL MATCH (n1), ({k39:NULL}) WHERE false DETACH DELETE n1  RETURN n0 AS a0, n0 AS a1;
MATCH (n0) WHERE n0.k39='YVB' AND (NULL )MATCH ( n1 ) ,( { k39 : NULL } ) WHERE false UNWIND [1] as l0 WITH * CALL{WITH *DETACH DELETE n1 } WITH * UNWIND [NULL] as l1 RETURN n0 AS a0 , n0 AS a1 ;
