-- Time: 2024/04/11 14:05:50
-- Database: janusgraph_database703
-- Database version: composite
-- seed value: 1712812407227
CREATE (n0 :L0{k0 : 'y4r', k1 : 'zpvZNSz', k2 : false, k3 : -955481068, id : 0});
CREATE (n0 :L3{k17 : false, k16 : '1uVXlABa', k19 : -60275364, k18 : -341387858, k20 : -1341097401, id : 1, k21 : true});
CREATE (n0 :L0{k0 : 'J51vcnr1f', k1 : 'zpvZNSz', k2 : true, k3 : -1048179085, k4 : 801591665, id : 2});
CREATE (n0 :L5{k30 : -1072226971, k33 : 't', id : 3, k35 : 1515267178, k34 : 699990287, k36 : 605451952});
MATCH (n0 {id : 3}), (n1 {id : 3}) MERGE(n0)-[r :T5{k70 : true, id : 4, k68 : 225620989, k67 : 676790087}]->(n1);
MATCH (n0 {id : 1}), (n1 {id : 2}) MERGE(n0)-[r :T4{k63 : -651800823, id : 5, k65 : '5'}]->(n1);
MATCH (n0 {id : 0}), (n1 {id : 3}) MERGE(n0)-[r :T2{k49 : '7P', k51 : 'm', k50 : 'v', k53 : 120411162, k52 : -68099514, id : 6, k54 : 'v47ca1kt', k48 : true}]->(n1);
MATCH (n0 {id : 0}), (n1 {id : 1}) MERGE(n0)-[r :T3{k60 : -1096854511, k61 : false, k55 : true, id : 7, k57 : 575432491, k56 : -1759810254, k59 : 'MlY9', k58 : '6OzB87'}]->(n1);
MATCH (n0 {id : 3}), (n1 {id : 1}) MERGE(n0)-[r :T1{k42 : true, k44 : 1790840399, id : 8, k43 : -715181776, k46 : false, k45 : true, k47 : -1621966049}]->(n1);
MATCH (n0 {id : 3}), (n1 {id : 0}) MERGE(n0)-[r :T5{k71 : -278578286, k70 : true, id : 9, k68 : -1769087545, k67 : -1110292976, k69 : -1765449414}]->(n1);
MATCH (n0 {id : 2}), (n1 {id : 0}) MERGE(n0)-[r :T3{k60 : -474645526, k61 : true, k55 : true, id : 10, k57 : 1886264001, k56 : 2076024754, k59 : 'VW5UqK', k58 : 's'}]->(n1);
UNWIND [p0=(n0 :L5)-[]->(n1)|NULL] AS a0 OPTIONAL MATCH p1=(n2 :L3)-[r0]-(n3{k31:true})<-[*..2]-(), p2=(n4{k4:CASE WHEN false THEN (n2.k19) END}) WHERE (n2.k17) CREATE (n5{k2:true, id:11})-[r1 :T3{id:12}]->( :L0{id:13})-[ :T2{id:14}]->({id:15}), (n6 :L5{k35:-1546622776, id:16})-[r2 :T1{k43:-1189337000, id:17}]->(n7{id:18})-[r3 :T4{id:19}]->( :L0{id:20}) RETURN 1 AS a1;
UNWIND [ p0 = ( n0 : L5 ) - [ ] - > ( n1 ) | NULL ] AS a0 OPTIONAL MATCH p1 = ( n2 : L3 ) - [ r0 ] - ( n3 { k31 : true } ) < - [ * .. 2 ] - ( ) ,p2 = ( n4 { k4 : CASE WHEN false THEN ( n2 . k19 ) END } ) WHERE ( n2 . k17 ) CREATE ( n5 { k2 : true , id : 11 } ) - [ r1 : T3 { id : 12 } ] - > ( : L0 { id : 13 } ) - [ : T2 { id : 14 } ] - > ( { id : 15 } ) CREATE ( n6 : L5 { k35 : -1546622776 , id : CASE WHEN FALSE THEN NULL ELSE 16 END } ) - [ r2 : T1 { k43 : -1189337000 , id : 17 } ] - > ( n7 { id : 18 } ) - [ r3 : T4 { id : CASE WHEN FALSE THEN NULL ELSE 19 END } ] - > ( : L0 { id : 20 } ) WITH * OPTIONAL MATCH ()-[:TYPE]-() RETURN CASE WHEN FALSE THEN NULL ELSE 1 END AS a1 ;
MATCH (a) RETURN count(a);
MATCH (b)-[a]->(c) RETURN count(a);
MATCH (b)-[a]->(c) RETURN count(a);
OPTIONAL MATCH p0=()<-[r0]-({k35:-378175853})-[]-(), ()-[]-(n0) WHERE (false IS NULL) UNWIND [reverse([NULL]), [true]] AS a0 MERGE (n1{k30:round(1005517044), id:21}) RETURN a0 AS a1 ORDER BY [NULL] DESC;
OPTIONAL MATCH p0 = ( ) < - [ r0 ] - ( { k35 : -378175853 } ) - [ ] - ( ) ,( ) - [ ] - ( n0 ) WHERE ( false IS NULL ) UNWIND [ reverse ( [ NULL ] ) , [ true ] ] AS a0 OPTIONAL MATCH ()-[:TYPE]-() MERGE ( n1 { k30 : round ( 1005517044 ) , id : 21 } ) RETURN a0 AS a1 ORDER BY [NULL] DESC SKIP 1 ;
MATCH (a) RETURN count(a);
MATCH (a) RETURN count(a);
MATCH (b)-[a]->(c) RETURN count(a);
MATCH (b)-[a]->(c) RETURN count(a);
UNWIND [CASE WHEN NULL THEN relationships(NULL)[toIntegerOrNull(abs(686859993))] END, relationships(NULL)[toIntegerOrNull(abs(-1409724323))]] AS a1 CREATE (n2{id:22})-[ :T5{id:23}]->(n3{id:24})<-[r0 :T3{id:25}]-({id:26}), (n4{id:27})-[r1 :T5{id:28}]->(n5{k1:NULL, id:29}) CREATE p0=(n6{id:30}), ({id:31})-[r2 :T1{id:32}]->(n7 :L3{id:33})<-[ :T3{id:34}]-(n8 :L0{k2:(((NULL OR CASE WHEN true THEN true END) OR (reverse('o') ENDS WITH 'D')) OR (NULL >= 799355334)), id:35}) RETURN 1 AS a2;
UNWIND ([]+[ CASE WHEN NULL THEN CASE WHEN TRUE THEN ([]+relationships ( NULL ) )[ toIntegerOrNull ( abs ( 686859993 ) ) ] END END , relationships ( CASE WHEN TRUE THEN NULL END ) [ toIntegerOrNull ( abs ( -1409724323 ) ) ] ] )AS a1 UNWIND 1 as l0 CREATE (n2{ id : 22 } )CREATE (n2)- [ : T5 { id : CASE WHEN TRUE THEN 23 END } ] - > ( n3 { id : 24 } ) < - [ r0 : T3 { id : 25 } ] - ( { id : 26 } ) CREATE ( n4 { id : 27 } ) - [ r1 : T5 { id : 28 } ] - > ( n5 { k1 : NULL , id : 29 } ) WITH * CREATE p0 = ( n6 { id : 30 } ) CREATE (n8 :L0{k2:(((NULL OR CASE WHEN true THEN true END) OR (reverse('o') ENDS WITH 'D')) OR (NULL >= 799355334)), id:35})-[ : T3 { id : 34 } ] ->(n7 :L3{id:33})<-[ r2 : T1 { id : 32 } ] -( { id : 31 } ) WITH * OPTIONAL MATCH ()-[:TYPE]-() RETURN 1 AS a2 ;
MATCH (a) RETURN count(a);
MATCH (a) RETURN count(a);
MATCH (b)-[a]->(c) RETURN count(a);
MATCH (b)-[a]->(c) RETURN count(a);
WITH * WHERE NULL MERGE p0=({k4:65405687, id:36})-[r0 :T4{id:37}]-(n0{id:38})-[r1 :T3{k57:310732062, id:39}]-(n1 :L0{k4:1081213798, id:40}) MERGE p1=(n2{id:41}) RETURN n1 AS a0, 1 AS a1;
WITH * WHERE CASE WHEN TRUE THEN NULL END MERGE p0 = ( { k4 : 65405687 , id : 36 } ) - [ r0 : T4 { id : 37 } ] - ( n0 { id : 38 } ) - [ r1 : T3 { k57 : 310732062 , id : 39 } ] - ( n1 : L0 { k4 : 1081213798 , id : 40 } ) WITH * OPTIONAL MATCH ()-[:TYPE]-() MERGE p1 = ( n2 { id : 41 } ) WITH * UNWIND [NULL] as l0 RETURN n1 AS a0 , 1 AS a1 ;
MATCH (a) RETURN count(a);
MATCH (a) RETURN count(a);
MATCH (b)-[a]->(c) RETURN count(a);
MATCH (b)-[a]->(c) RETURN count(a);
MATCH () WHERE NULL MERGE (n1 :L0{id:42}) CREATE (n2{id:43}), ({id:44})<-[ :T3{id:45}]-( :L0{k4:141845896, id:46})<-[r1 :T4{id:47}]-(n3 :L3{id:48}) RETURN 1 AS a2;
MATCH ( ) WHERE NULL MERGE ( n1 : L0 { id : 42 } ) WITH * UNWIND [NULL] as l0 CREATE ( n2 { id : 43 } ) CREATE (m0{ id : 44 } )CREATE (m0)< - [ : T3 { id : 45 } ] - ( : L0 { k4 : 141845896 , id : 46 } ) < - [ r1 : T4 { id : 47 } ] - ( n3 : L3 { id : 48 } ) RETURN 1 AS a2 ;
