-- Time: 2024/04/11 13:42:50
-- Database: janusgraph_database392
-- Database version: composite
-- seed value: 1712812406915
CREATE (n0 :L1{id : 0, k6 : 'z', k10 : false, k7 : -1684753448, k8 : 2071858609, k9 : -1654966945});
CREATE (n0 :L0{k0 : -331895722, k1 : '6R2', k2 : -1734856001, k3 : 797186131, k4 : false, k5 : false, id : 1});
CREATE (n0 :L4{k28 : '1VfLZmzk', k27 : false, k29 : false, id : 2, k24 : 1208349445, k23 : false, k26 : '5', k25 : false});
CREATE (n0 :L2{k17 : 'qU', k16 : 1615064862, id : 3, k13 : 'hOpA8uEKa', k12 : false, k15 : 'ioht1', k14 : '0t'});
MATCH (n0 {id : 3}), (n1 {id : 2}) MERGE(n0)-[r :T2{k40 : -1966647414, k42 : -1813209471, k41 : -324201997, k44 : -1620649364, id : 4, k43 : true}]->(n1);
MATCH (n0 {id : 0}), (n1 {id : 3}) MERGE(n0)-[r :T3{k49 : -163860964, id : 5, k46 : 1854939153, k45 : -492170769, k48 : 594833062, k47 : true}]->(n1);
MATCH (n0 {id : 0}), (n1 {id : 1}) MERGE(n0)-[r :T3{k49 : 324595806, id : 6, k46 : 143837762, k48 : 1531598089, k47 : false}]->(n1);
MATCH (n0 {id : 3}), (n1 {id : 0}) MERGE(n0)-[r :T3{k49 : -326366195, id : 7, k46 : -1924268638, k45 : -492170769, k48 : 1072570399, k47 : true}]->(n1);
MATCH (n0 {id : 3}), (n1 {id : 0}) MERGE(n0)-[r :T0{k31 : 1508450485, k30 : 'Zf', id : 8, k32 : -1252185880, k34 : 1683374322}]->(n1);
MATCH (n0 {id : 1}), (n1 {id : 1}) MERGE(n0)-[r :T4{k51 : true, k50 : -819302313, k53 : 1027958679, k52 : -1696293910, k55 : -2049316137, id : 9, k54 : 'Vw'}]->(n1);
MATCH (n0 {id : 2}), (n1 {id : 3}) MERGE(n0)-[r :T4{k51 : false, k50 : 308837414, k53 : -80973433, k52 : 393903812, k55 : 609245647, id : 10, k54 : 'xFzEDuT'}]->(n1);
MERGE (n0{id:11}) MERGE (n1{id:12})<-[r0 :T3{id:13}]-({id:14})-[r1 :T0{id:15}]-(n2{id:16}) MERGE ( :L4{k28:'eS', id:17})-[r2 :T2{id:18}]-({id:19})-[r3 :T0{id:20}]->(n3{id:21}) RETURN n1 AS a0;
MERGE ( n0 { id : 11 } ) WITH * OPTIONAL MATCH ()-[:TYPE]-() MERGE ( n1 { id : 12 } ) < - [ r0 : T3 { id : 13 } ] - ( { id : 14 } ) - [ r1 : T0 { id : 15 } ] - ( n2 { id : CASE WHEN TRUE THEN 16 END } ) MERGE ( : L4 { k28 : 'eS' , id : 17 } ) - [ r2 : T2 { id : 18 } ] - ( { id : 19 } ) - [ r3 : T0 { id : 20 } ] - > ( n3 { id : 21 } ) RETURN n1 AS a0 ;
MATCH (a) RETURN count(a);
MATCH (b)-[a]->(c) RETURN count(a);
MATCH (b)-[a]->(c) RETURN count(a);
MATCH (n0)<-[]-() WHERE NULL MATCH ()<-[]-(n1)-[r0]-(n7) REMOVE n0.k2 RETURN 1 AS a1;
MATCH ( n0 ) < - [ ] - ( ) WHERE NULL MATCH ( ) < - [ ] - ( n1 ) - [ r0 ] - ( n7 ) REMOVE n0 . k2 RETURN 1 AS a1 SKIP 1 ;
