-- Time: 2024/04/11 13:57:46
-- Database: janusgraph_database594
-- Database version: composite
-- seed value: 1712812407118
CREATE (n0 :L2{k11 : false, id : 0, k13 : -1457534201, k12 : -869634695, k15 : -389777619, k14 : -719497368});
CREATE (n0 :L0{k0 : 'p', k1 : -1305063948, k2 : 'fld1', k4 : false, k5 : 'v3ztxY4ER', id : 1});
CREATE (n0 :L3{k17 : true, k16 : 'Y', k19 : false, id : 2, k21 : 'q'});
CREATE (n0 :L4{k22 : 'zbr', id : 3, k24 : 'C5rPNu', k23 : false, k26 : 'uh', k25 : 297064725});
MATCH (n0 {id : 1}), (n1 {id : 3}) MERGE(n0)-[r :T2{k53 : 1125829454, k52 : 'UNBS', k55 : 'kduWg0', id : 4, k54 : true, k56 : false}]->(n1);
MATCH (n0 {id : 2}), (n1 {id : 1}) MERGE(n0)-[r :T2{k53 : -688197824, k55 : 'FIhUNOn', id : 5, k54 : false, k56 : true}]->(n1);
MATCH (n0 {id : 3}), (n1 {id : 1}) MERGE(n0)-[r :T2{k53 : 1227664629, k52 : 'c', k55 : 'e', id : 6}]->(n1);
OPTIONAL MATCH ()<-[r0 :T2{k55:NULL}]-( :L4{k22:(r0.k52)})-[ :T2{k54:(r0.k56)}]-(n0{k1:823431449}) WHERE isEmpty(NULL) SET n0.k=toBooleanOrNull(CASE WHEN (r0.k54) THEN startNode(NULL) END) REMOVE n0.k2 RETURN 1 AS a0;
OPTIONAL MATCH ()-[*0..0]-( ) < - [ r0 : T2 { k55 : NULL } ] - ( : L4 { k22 : ( r0 . k52 ) } ) - [ : T2 { k54 : ( r0 . k56 ) } ] - ( n0 { k1 : 823431449 } ) WHERE isEmpty ( NULL ) SET n0 . k = toBooleanOrNull ( CASE WHEN ( r0 . k54 ) THEN startNode ( NULL ) END ) REMOVE n0 . k2 WITH * UNWIND [1] as l0 RETURN 1 AS a0 ;
MATCH (a) RETURN count(a);
MATCH (b)-[a]->(c) RETURN count(a);
MATCH (b)-[a]->(c) RETURN count(a);
MERGE ( :L0{id:7}) CREATE (n0{id:8})<-[r0 :T2{id:9}]-(n1{k18:'e', id:10}), ({k0:substring(reverse(NULL), toIntegerOrNull(abs(-1589177514)), toIntegerOrNull(abs(NULL))), id:11})<-[ :T2{id:12}]-({id:13})<-[r1 :T2{id:14}]-(n2{id:15}) CREATE ( :L0{k0:NULL, id:16}), (n3{id:17}) RETURN 1 AS a0;
MERGE ( : L0 { id : 7 } ) WITH * UNWIND [1] as l0 CREATE (n0{ id : 8 } )CREATE (n0)< - [ r0 : T2 { id : CASE WHEN TRUE THEN 9 END } ] - ( n1 { k18 : 'e' , id : 10 } ) CREATE ( { k0 : substring ( reverse ( NULL ) , CASE WHEN TRUE THEN toIntegerOrNull ( abs ( -1589177514 ) ) END , CASE WHEN TRUE THEN toIntegerOrNull ( abs ( NULL ) ) END ) , id : 11 } ) < - [ : T2 { id : 12 } ] - ( { id : 13 } ) < - [ r1 : T2 { id : 14 } ] - ( n2 { id : 15 } ) CREATE ( : L0 { k0 : NULL , id : 16 } ) CREATE ( n3 { id : 17 } ) WITH * OPTIONAL MATCH ()-[:TYPE]-() RETURN DISTINCT CASE WHEN TRUE THEN 1 END AS a0 ;
MATCH (a) RETURN count(a);
MATCH (a) RETURN count(a);
MATCH (b)-[a]->(c) RETURN count(a);
MATCH (b)-[a]->(c) RETURN count(a);
MERGE ( :L4{id:18})-[r0 :T2{id:19}]-(n0{id:20}) MERGE ({id:21}) REMOVE n0.k2 RETURN 1 AS a0, 1 AS a1;
MERGE ( : L4 { id : 18 } ) - [ r0 : T2 { id : 19 } ] - ( n0 { id : 20 } ) MERGE ( { id : 21 } ) WITH * REMOVE n0 . k2 WITH * UNWIND 1 as l0 RETURN 1 AS a0 , 1 AS a1 ;
