-- Time: 2024/04/11 14:20:23
-- Database: janusgraph_database899
-- Database version: composite
-- seed value: 1712812407424
CREATE (n0 :L6{k39 : 'w', k38 : false, id : 0, k35 : 'L5', k37 : 47547590, k36 : 'lMnjKJgu0'});
CREATE (n0 :L6{k39 : '4m', k38 : false, id : 1, k37 : 986202133, k36 : 'X'});
CREATE (n0 {id : 2});
CREATE (n0 :L1{id : 3, k7 : false, k8 : 'U', k9 : false});
MATCH (n0 {id : 1}), (n1 {id : 3}) MERGE(n0)-[r :T5{k71 : -1559593741, k73 : 1064099236, k72 : 't', k75 : 'C', k77 : 699496771, id : 4}]->(n1);
MATCH (n0 {id : 2}), (n1 {id : 2}) MERGE(n0)-[r :T3{k60 : -1738112708, k61 : 'd', k63 : true, id : 5, k59 : true, k58 : false}]->(n1);
MATCH (n0 {id : 2}), (n1 {id : 0}) MERGE(n0)-[r :T4{k70 : 'd', k64 : 't', k66 : true, id : 6, k65 : true, k68 : true, k67 : 'XKWo', k69 : true}]->(n1);
MATCH (n0 {id : 3}), (n1 {id : 1}) MERGE(n0)-[r :T0{k40 : false, k42 : 1549836436, k41 : '47Femi', k44 : -1716107996, id : 7}]->(n1);
MATCH (n0 {id : 3}), (n1 {id : 0}) MERGE(n0)-[r :T6{k80 : true, k82 : 1362205829, k81 : 'J', k84 : 2119593314, k83 : 'ycS', id : 8, k79 : -433820854, k78 : 'i'}]->(n1);
MATCH (n0 {id : 3}), (n1 {id : 1}) MERGE(n0)-[r :T6{k82 : 904776236, k84 : -744908949, id : 9, k79 : 1234585900, k78 : 'wMLT'}]->(n1);
MATCH ()-[r0]->(n0) OPTIONAL MATCH (), ()-[]-(n1 :L6)-[]-( :L1) SET n0.k=(n1.k38) RETURN 1 AS a0, 1 AS a1 SKIP 1;
MATCH ( ) - [ r0 ] - > ( n0 ) WITH * OPTIONAL MATCH ()-[:TYPE]-() OPTIONAL MATCH ( ) ,( ) - [ ] - ( n1 : L6 ) - [ ] - ( : L1 ) WITH * FOREACH(f in [1]|SET n0 . k = ( n1 . k38 ) ) RETURN 1 AS a0 , 1 AS a1 SKIP 1 ;
MATCH (a) RETURN count(a);
MATCH (b)-[a]->(c) RETURN count(a);
MATCH (b)-[a]->(c) RETURN count(a);
WITH collect(toIntegerOrNull(round(-719618833)))[toIntegerOrNull(abs(-287501317))] AS a0 WHERE NULL CREATE ( :L6{k37:-1350908508, id:10})<-[ :T0{k40:CASE WHEN (NULL OR ('39C' ENDS WITH 'Zg7')) THEN false END, id:11}]-(n0 :L1{k9:NULL, id:12}), (n1{id:13})-[r0 :T3{id:14}]->(n2{id:15})-[ :T4{id:16}]->(n3{id:17}) MERGE (n4{k5:true, id:18}) RETURN 1 AS a1;
WITH collect ( toIntegerOrNull ( round ( -719618833 ) ) ) [ toIntegerOrNull ( abs ( -287501317 ) ) ] AS a0 WHERE NULL CREATE ( : L6 { k37 : -1350908508 , id : 10 } ) < - [ : T0 { k40 : CASE WHEN ( NULL OR ( '39C' ENDS WITH 'Zg7' ) ) THEN CASE WHEN FALSE THEN NULL ELSE false END END , id : 11 } ] - ( n0 : L1 { k9 : NULL , id : 12 } ) CREATE (n1{ id : 13 } )CREATE (n1)- [ r0 : T3 { id : 14 } ] - > ( n2 { id : 15 } ) - [ : T4 { id : 16 } ] - > ( n3 { id : 17 } ) MERGE ( n4 { k5 : true , id : 18 } ) RETURN DISTINCT 1 AS a1 ;
MATCH (a) RETURN count(a);
MATCH (a) RETURN count(a);
MATCH (b)-[a]->(c) RETURN count(a);
MATCH (b)-[a]->(c) RETURN count(a);
UNWIND NULL AS a0 OPTIONAL MATCH (), (n0) REMOVE n0.k2 RETURN n0 AS a1 SKIP 1;
UNWIND NULL AS a0 OPTIONAL MATCH ( ) ,( n0 ) REMOVE n0 . k2 RETURN n0 AS a1 SKIP 1 ;
MATCH (a) RETURN count(a);
MATCH (a) RETURN count(a);
MATCH (b)-[a]->(c) RETURN count(a);
MATCH (b)-[a]->(c) RETURN count(a);
MATCH ()-[r0 :T0{k44:NULL}]-(n0)-[]-() OPTIONAL MATCH ()-[r0]-()-[*0..1]->({k8:(r0.k41)}) WHERE (r0.k43) MERGE ({id:19})-[r1 :T4{id:20}]-( :L6{k39:'VsW', id:21}) RETURN 1 AS a0 ORDER BY relationships(NULL)[toIntegerOrNull(abs(-1223914994))] UNION ALL WITH * OPTIONAL MATCH ()<-[r0]-(), () MERGE (n0 :L1{k8:'k', id:22})-[ :T0{id:23}]->({id:24}) RETURN 1 AS a0;
MATCH (nn0),()<-[r0:T0{k44:NULL}]-(),(n0),()<-[m1]-(),(nn2) WHERE exists((nn0)-[r0]-(n0)-[m1]-(nn2)) OPTIONAL MATCH ()-[*0..0]-( ) - [ r0 ] - ( ) - [ * 0 .. 1 ] - > ( { k8 : ( r0 . k41 ) } ) WHERE ( r0 . k43 ) MERGE ( { id : 19 } ) - [ r1 : T4 { id : 20 } ] - ( : L6 { k39 : 'VsW' , id : 21 } ) RETURN 1 AS a0 ORDER BY relationships(NULL)[toIntegerOrNull(abs(-1223914994))] UNION ALL WITH * OPTIONAL MATCH ( ) < - [ r0 ] - ( ) ,( ) OPTIONAL MATCH ()-[:TYPE]-() MERGE ( n0 : L1 { k8 : 'k' , id : 22 } ) - [ : T0 { id : 23 } ] - > ( { id : 24 } ) RETURN DISTINCT 1 AS a0 ;
MATCH (a) RETURN count(a);
MATCH (a) RETURN count(a);
MATCH (b)-[a]->(c) RETURN count(a);
MATCH (b)-[a]->(c) RETURN count(a);
WITH DISTINCT * CREATE (n2{id:25})-[r0 :T4{id:26}]->({id:27})<-[ :T6{id:28}]-(n3{id:29}), (n4{k39:type(relationships(NULL)[toIntegerOrNull(abs(size([])))]), id:30})-[r1 :T5{k75:'m', id:31}]->({id:32}) MERGE ({id:33})-[ :T4{id:34}]-(n5{k39:'x', id:35})<-[ :T6{k80:true, id:36}]-({k5:false, id:37}) RETURN 1 AS a1;
WITH DISTINCT * CREATE ( n2 { id : 25 } ) - [ r0 : T4 { id : 26 } ] - > ( { id : 27 } ) < - [ : T6 { id : 28 } ] - ( n3 { id : 29 } ) CREATE ( n4 { k39 : type ( relationships ( NULL ) [ toIntegerOrNull ( abs ( size ( [ ] ) ) ) ] ) , id : 30 } ) - [ r1 : T5 { k75 : 'm' , id : 31 } ] - > ( { id : 32 } ) MERGE ( { id : 33 } ) - [ : T4 { id : 34 } ] - ( n5 { k39 : 'x' , id : 35 } ) < - [ : T6 { k80 : true , id : 36 } ] - ( { k5 : false , id : 37 } ) RETURN 1 AS a1 ;
MATCH (a) RETURN count(a);
MATCH (a) RETURN count(a);
MATCH (b)-[a]->(c) RETURN count(a);
MATCH (b)-[a]->(c) RETURN count(a);
UNWIND [CASE WHEN true THEN NULL END, NULL] AS a0 MERGE p0=({k38:false, id:38}) MERGE ( :L6{k39:reverse('X'), id:39})<-[r0 :T6{id:40}]-(n0{id:41})-[r1 :T0{id:42}]-({id:43}) RETURN n0 AS a1 ORDER BY a0, a1;
UNWIND [ CASE WHEN true THEN CASE WHEN FALSE THEN NULL ELSE NULL END END , NULL ] AS a0 MERGE p0 = ( { k38 : false , id : 38 } ) MERGE ( : L6 { k39 : reverse ( 'X' ) , id : 39 } ) < - [ r0 : T6 { id : 40 } ] - ( n0 { id : 41 } ) - [ r1 : T0 { id : CASE WHEN TRUE THEN 42 END } ] - ( { id : CASE WHEN TRUE THEN 43 END } ) RETURN n0 AS a1 ORDER BY a0, a1 ;
MATCH (a) RETURN count(a);
MATCH (a) RETURN count(a);
MATCH (b)-[a]->(c) RETURN count(a);
MATCH (b)-[a]->(c) RETURN count(a);
WITH * ORDER BY NULL DESC WHERE NULL OPTIONAL MATCH p0=(n0) REMOVE n0.k2 RETURN 1 AS a0;
WITH * ORDER BY NULL DESC WHERE NULL OPTIONAL MATCH p0 = ( n0 ) REMOVE n0 . k2 RETURN 1 AS a0 ;
MATCH (a) RETURN count(a);
MATCH (a) RETURN count(a);
MATCH (b)-[a]->(c) RETURN count(a);
MATCH (b)-[a]->(c) RETURN count(a);
OPTIONAL MATCH (n0)-[]->(n1{k37:1005122898}) WHERE (true IS NULL) CREATE ({k9:NULL, id:44}), ({id:45}) DETACH DELETE n0  RETURN n1 AS a2, 1 AS a3;
OPTIONAL MATCH ( n0 ) - [ ] - > ( n1 { k37 : 1005122898 } ) WHERE ( true IS NULL ) CREATE ( { k9 : NULL , id : 44 } ) CREATE ( { id : 45 } ) DETACH DELETE n0 RETURN n1 AS a2 , 1 AS a3 ORDER BY 1 ;
