-- Time: 2024/04/11 13:48:45
-- Database: janusgraph_database472
-- Database version: composite
-- seed value: 1712812406995
CREATE (n0 :L3{k19 : -149041202, k20 : -1963920583, k22 : 'mcxPhwiK7', id : 0, k21 : false});
CREATE (n0 :L0{k0 : 'r', k1 : 1839648812, k2 : 'E', k3 : -285454303, k4 : false, id : 1});
CREATE (n0 {id : 2});
CREATE (n0 :L0{k0 : 'RIMSd', k1 : 1880812455, k2 : '82pmkF', k3 : -327674212, k4 : false, id : 3});
MATCH (n0 {id : 1}), (n1 {id : 3}) MERGE(n0)-[r :T3{k49 : -1808933047, k50 : 'F', id : 4, k45 : 618853096, k48 : 1394676154, k47 : false}]->(n1);
MATCH (n0 {id : 3}), (n1 {id : 3}) MERGE(n0)-[r :T3{k49 : 1054695729, id : 5, k46 : 1129854698, k45 : 789372015, k48 : 1550422001, k47 : false}]->(n1);
OPTIONAL MATCH (n0)-[]->( :L0), (n0) DETACH DELETE n0  MERGE p0=(n1{id:6}) RETURN 1 AS a0 LIMIT 0;
OPTIONAL MATCH ( n0 ) - [ ] - > ( : L0 ) ,( n0 ) WHERE TRUE UNWIND 1 as l0 DETACH DELETE n0 MERGE p0 = ( n1 { id : 6 } ) RETURN 1 AS a0 LIMIT 0 ;
MATCH (a) RETURN count(a);
MATCH (b)-[a]->(c) RETURN count(a);
MATCH (b)-[a]->(c) RETURN count(a);
MATCH ()-[r0 :T3{k45:CASE WHEN toBooleanList(toStringList([]))[toIntegerOrNull(abs(NULL))] THEN NULL END}]-(n0 :L0)-[r1]->() CREATE (n1{id:7})<-[ :T3{id:8}]-({k0:(n0.k0), id:9}), ({id:10})<-[r2 :T3{id:11}]-({id:12}) CREATE p0=({id:13}) RETURN n0 AS a0, NULL AS a1 SKIP 1;
MATCH ( ) - [ r0 : T3 { k45 : CASE WHEN toBooleanList ( toStringList ( [ ] ) ) [ CASE WHEN FALSE THEN NULL ELSE toIntegerOrNull ( abs ( NULL ) ) END ] THEN NULL END } ] - ( n0 : L0 ) - [ r1 ] - > ( ) CREATE ({k0:(n0.k0), id:9})-[ : T3 { id : 8 } ] ->( n1 { id : 7 } ) CREATE (m0{ id : 10 } )CREATE (m0)< - [ r2 : T3 { id : 11 } ] - ( { id : 12 } ) WITH * UNWIND 1 as l0 CREATE p0 = ( { id : CASE WHEN FALSE THEN NULL ELSE 13 END } ) RETURN DISTINCT n0 AS a0 , NULL AS a1 SKIP 1 ;
MATCH (a) RETURN count(a);
MATCH (a) RETURN count(a);
MATCH (b)-[a]->(c) RETURN count(a);
MATCH (b)-[a]->(c) RETURN count(a);
MERGE ({id:14})-[r0 :T3{id:15}]->({id:16})<-[r1 :T3{k47:false, id:17}]-(n0{id:18}) MERGE (n1 :L0{id:19})-[r2 :T3{id:20}]->({id:21}) CREATE ( :L0{id:22})-[ :T3{k46:1233529014, id:23}]->( :L0{id:24})-[ :T3{id:25}]->({id:26}), ( :L0{id:27})-[r3 :T3{id:28}]->(n2{id:29}) RETURN 1 AS a0;
MERGE ( { id : 14 } ) - [ r0 : T3 { id : 15 } ] - > ( { id : 16 } ) < - [ r1 : T3 { k47 : false , id : 17 } ] - ( n0 { id : 18 } ) MERGE ( n1 : L0 { id : 19 } ) - [ r2 : T3 { id : CASE WHEN TRUE THEN 20 END } ] - > ( { id : 21 } ) WITH * UNWIND 1 as l0 CREATE ( : L0 { id : 22 } ) - [ : T3 { k46 : CASE WHEN FALSE THEN NULL ELSE 1233529014 END , id : 23 } ] - > ( : L0 { id : 24 } ) - [ : T3 { id : 25 } ] - > ( { id : CASE WHEN FALSE THEN NULL ELSE 26 END } ) CREATE ( : L0 { id : CASE WHEN FALSE THEN NULL ELSE 27 END } ) - [ r3 : T3 { id : 28 } ] - > ( n2 { id : 29 } ) RETURN 1 AS a0 ;
MATCH (a) RETURN count(a);
MATCH (a) RETURN count(a);
MATCH (b)-[a]->(c) RETURN count(a);
MATCH (b)-[a]->(c) RETURN count(a);
MERGE (n0{id:30}) MERGE ({k3:1866617120, id:31})-[r0 :T3{id:32}]-( :L0{id:33}) DETACH DELETE n0  RETURN 1 AS a0;
MERGE ( n0 { id : 30 } ) MERGE ( { k3 : 1866617120 , id : 31 } ) - [ r0 : T3 { id : 32 } ] - ( : L0 { id : 33 } ) DETACH DELETE CASE WHEN TRUE THEN n0 END RETURN 1 AS a0 ;
