-- Time: 2024/04/11 14:13:15
-- Database: janusgraph_database803
-- Database version: composite
-- seed value: 1712812407327
CREATE (n0 {id : 0});
CREATE (n0 :L4{k28 : 1063620595, k27 : 'QUK', k29 : false, k31 : 'XWMD', k30 : 'G', id : 1, k32 : 1104592666, k26 : true});
CREATE (n0 {id : 2});
CREATE (n0 :L2{k17 : -1304455729, k16 : true, k18 : 1352649947, id : 3, k13 : true, k15 : false, k14 : false});
MATCH (n0 {id : 2}), (n1 {id : 1}) MERGE(n0)-[r :T5{k64 : 'WpD', k63 : 2122596783, k66 : 1062574031, id : 4, k65 : '9d6tpxWS4', k68 : true, k67 : true, k69 : 'EO'}]->(n1);
MATCH (n0 {id : 2}), (n1 {id : 2}) MERGE(n0)-[r :T4{k60 : true, k62 : false, k61 : '7', id : 5, k57 : 'B', k59 : 'Fh9', k58 : -375175739}]->(n1);
MATCH (n0 {id : 0}), (n1 {id : 2}) MERGE(n0)-[r :T3{k51 : -903042133, k50 : 'pX', k53 : true, k55 : 263003086, id : 6, k54 : 'fd', k56 : 'ARN'}]->(n1);
MERGE ({k19:false, id:7}) MERGE (n0{k18:1648356206, id:8}) CREATE ({id:9}) RETURN 1 AS a0, 1 AS a1;
MERGE ( { k19 : false , id : 7 } ) WITH * MERGE ( n0 { k18 : 1648356206 , id : 8 } ) WITH * CREATE ( { id : 9 } ) RETURN 1 AS a0 , 1 AS a1 ;
MATCH (a) RETURN count(a);
MATCH (b)-[a]->(c) RETURN count(a);
MATCH (b)-[a]->(c) RETURN count(a);
MERGE ({k14:true, id:10}) CREATE (n0{k18:NULL, id:11}) MERGE (n1 :L2{id:12}) RETURN 1 AS a0, ('VxBg'+(NULL+'sNrIm')) AS a1;
MERGE ( { k14 : true , id : 10 } ) CREATE ( n0 { k18 : CASE WHEN FALSE THEN NULL ELSE NULL END , id : 11 } ) MERGE ( n1 : L2 { id : CASE WHEN TRUE THEN 12 END } ) RETURN 1 AS a0 , ( 'VxBg' + ( NULL + 'sNrIm' ) ) AS a1 ;
MATCH (a) RETURN count(a);
MATCH (a) RETURN count(a);
MATCH (b)-[a]->(c) RETURN count(a);
MATCH (b)-[a]->(c) RETURN count(a);
MERGE (n0{id:13}) MERGE (n1{k19:false, id:14}) MERGE ( :L4{id:15})<-[r0 :T5{id:16}]-(n2{id:17})<-[r1 :T3{id:18}]-({id:19}) RETURN 1 AS a0, n1 AS a1 ORDER BY a0 DESC;
MERGE ( n0 { id : 13 } ) MERGE ( n1 { k19 : false , id : 14 } ) MERGE ( : L4 { id : 15 } ) < - [ r0 : T5 { id : 16 } ] - ( n2 { id : 17 } ) < - [ r1 : T3 { id : 18 } ] - ( { id : 19 } ) WITH * OPTIONAL MATCH ()-[:TYPE]-() RETURN 1 AS a0 , n1 AS a1 ORDER BY a0 DESC ;
MATCH (a) RETURN count(a);
MATCH (a) RETURN count(a);
MATCH (b)-[a]->(c) RETURN count(a);
MATCH (b)-[a]->(c) RETURN count(a);
MERGE (n0{id:20}) DETACH DELETE n0  MERGE (n1{k29:true, id:21})-[r0 :T5{id:22}]-({id:23})-[r1 :T4{id:24}]->({id:25}) RETURN 1 AS a0 SKIP 1;
MERGE ( n0 { id : 20 } ) WITH * DETACH DELETE CASE WHEN TRUE THEN n0 END MERGE ( n1 { k29 : true , id : 21 } ) - [ r0 : T5 { id : 22 } ] - ( { id : 23 } ) - [ r1 : T4 { id : 24 } ] - > ( { id : 25 } ) RETURN 1 AS a0 SKIP 1 ;
