-- Time: 2024/04/11 14:08:04
-- Database: janusgraph_database733
-- Database version: composite
-- seed value: 1712812407257
CREATE (n0 :L4{k28 : -879987270, k29 : 478576862, k30 : '3x9', id : 0, k25 : false});
CREATE (n0 :L2{k17 : 'y4bH9NRg', k16 : -1322849743, k19 : 522458701, id : 1, k13 : 'j', k15 : 'vucodS', k14 : '9'});
CREATE (n0 {id : 2});
CREATE (n0 :L2{k16 : 1835729567, k19 : -771184836, k18 : true, id : 3, k13 : 'jisfSCTgD', k15 : 'a', k14 : '2lxZdi'});
MATCH (n0 {id : 1}), (n1 {id : 3}) MERGE(n0)-[r :T2{k60 : true, k61 : 'zR2Nn7R', id : 4, k57 : '4zGnVNI', k59 : true, k58 : false}]->(n1);
MATCH (n0 {id : 2}), (n1 {id : 3}) MERGE(n0)-[r :T2{k60 : true, k61 : 'd', id : 5, k59 : false, k58 : true}]->(n1);
MATCH (n0 {id : 2}), (n1 {id : 1}) MERGE(n0)-[r :T1{k51 : -1174215050, k53 : 'N', k52 : 1472740784, id : 6, k54 : 374315554, k56 : 1192729499}]->(n1);
MATCH (n0 {id : 1}), (n1 {id : 2}) MERGE(n0)-[r :T2{k60 : true, k61 : 'PZ1uU', id : 7, k57 : 'U1KYaB', k59 : false, k58 : false}]->(n1);
UNWIND [toStringList(NULL)[toIntegerOrNull(abs(619404885))]] AS a0 MATCH () WHERE true MERGE (n0 :L4{k29:1, id:8}) RETURN NULL AS a1;
UNWIND [ toStringList ( NULL ) [ CASE WHEN TRUE THEN toIntegerOrNull ( abs ( 619404885 ) ) END ] ] AS a0 MATCH ( ) WITH * WHERE true WITH * MERGE ( n0 : L4 { k29 : 1 , id : 8 } ) WITH * UNWIND 1 as l0 RETURN NULL AS a1 ;
MATCH (a) RETURN count(a);
MATCH (b)-[a]->(c) RETURN count(a);
MATCH (b)-[a]->(c) RETURN count(a);
OPTIONAL MATCH ()-[]->() UNWIND NULL AS a0 MERGE (n0{id:9})-[ :T2{k60:true, id:10}]->({k16:(2059895969+((-797247742*1584059481)+-811107104)), id:11})-[r0 :T2{k61:'lSq3', id:12}]-(n1{id:13}) RETURN n0 AS a1, 1 AS a2;
OPTIONAL MATCH (nn0),()-[m1]->(),(nn2) WHERE exists((nn0)-[m1]->(nn2)) UNWIND NULL AS a0 MERGE ( n0 { id : 9 } ) - [ : T2 { k60 : CASE WHEN FALSE THEN NULL ELSE true END , id : 10 } ] - > ( { k16 : ( 2059895969 + ( ( -797247742 * 1584059481 ) + -811107104 ) ) , id : 11 } ) - [ r0 : T2 { k61 : 'lSq3' , id : 12 } ] - ( n1 { id : 13 } ) RETURN n0 AS a1 , 1 AS a2 ;
MATCH (a) RETURN count(a);
MATCH (a) RETURN count(a);
MATCH (b)-[a]->(c) RETURN count(a);
MATCH (b)-[a]->(c) RETURN count(a);
OPTIONAL MATCH (n0), (n1 :L4) WHERE ('F1x' STARTS WITH 'o') DETACH DELETE n1  CREATE ( :L4{k30:(NULL+NULL), id:14}), ( :L4{k27:NULL, id:15}) RETURN 1 AS a0 ORDER BY toIntegerList(NULL), a0;
OPTIONAL MATCH ( n0 ) ,( n1 : L4 ) WHERE ( 'F1x' STARTS WITH 'o' ) UNWIND 1 as l0 DETACH DELETE n1 CREATE ( : L4 { k30 : ( NULL + NULL ) , id : 14 } ) CREATE ( : L4 { k27 : NULL , id : 15 } ) RETURN 1 AS a0 ORDER BY toIntegerList(NULL), a0 ;
MATCH (a) RETURN count(a);
MATCH (a) RETURN count(a);
MATCH (b)-[a]->(c) RETURN count(a);
MATCH (b)-[a]->(c) RETURN count(a);
MERGE ({id:16}) MERGE (n0{k26:1196424303, id:17}) MERGE (n1{id:18}) RETURN n1 AS a0, n1 AS a1 LIMIT 1;
MERGE ( { id : 16 } ) WITH * OPTIONAL MATCH ()-[:TYPE]-() MERGE ( n0 { k26 : 1196424303 , id : 17 } ) MERGE ( n1 { id : 18 } ) WITH * OPTIONAL MATCH ()-[:TYPE]-() RETURN DISTINCT n1 AS a0 , n1 AS a1 LIMIT 1 ;
