-- Time: 2024/04/11 14:23:07
-- Database: janusgraph_database936
-- Database version: composite
-- seed value: 1712812407461
CREATE (n0 :L1{k11 : 'o0pBZOBeC', id : 0, k10 : true, k9 : -1368119631});
CREATE (n0 :L0{k0 : -447980845, k1 : true, k2 : 1406289422, k3 : 1782898420, k4 : 't', k5 : true, id : 1, k6 : true});
CREATE (n0 :L4{k28 : 1819579652, k27 : '7v', k29 : 'QZSF', k30 : 'H', id : 2, k24 : 1468552561, k25 : true});
CREATE (n0 {id : 3});
MATCH (n0 {id : 3}), (n1 {id : 2}) MERGE(n0)-[r :T3{k51 : false, k50 : true, k53 : true, k52 : 'L', id : 4, k54 : -655231945}]->(n1);
MATCH (n0 {id : 3}), (n1 {id : 3}) MERGE(n0)-[r :T6{k71 : 'S', k70 : -616000229, k73 : -1550980262, k72 : true, id : 5, k68 : true, k67 : 610043701, k69 : '1'}]->(n1);
MATCH (n0 {id : 3}), (n1 {id : 1}) MERGE(n0)-[r :T3{k51 : false, k53 : true, k52 : 'h', id : 6, k54 : -1269088891}]->(n1);
MATCH (n0 {id : 3}), (n1 {id : 0}) MERGE(n0)-[r :T5{k60 : -1856797326, k62 : -943417276, k61 : -1880990508, k64 : 'yv', k63 : true, k66 : true, id : 7, k65 : -2137247765}]->(n1);
MATCH (n0 {id : 1}), (n1 {id : 1}) MERGE(n0)-[r :T1{k40 : true, k42 : true, k41 : 1385558232, id : 8, k43 : 68894703, k37 : 'is'}]->(n1);
MATCH (n0 {id : 1}), (n1 {id : 0}) MERGE(n0)-[r :T0{k31 : 'gpY', k33 : true, id : 9, k35 : -366565369, k34 : 'dQlTQeZc', k36 : -1876036923}]->(n1);
MATCH (n0 {id : 0}), (n1 {id : 0}) MERGE(n0)-[r :T5{k60 : 677684400, k62 : -1623589587, k61 : -1055157902, k64 : '5', k63 : false, k66 : true, id : 10, k65 : 80368076}]->(n1);
CREATE (n0 :L1{id:11})-[ :T5{id:12}]->(n1 :L1{id:13})<-[ :T0{k31:NULL, id:14}]-({id:15}) CREATE ( :L1{k9:size([nodes(NULL)[toIntegerOrNull(abs(1277524731))]]), id:16}) CREATE (n2{k0:-1489483247, id:17})-[r0 :T1{id:18}]->({id:19}), ({k12:NULL, id:20})<-[ :T0{id:21}]-(n3 :L0{id:22})<-[ :T3{k53:true, id:23}]-(n4{id:24}) RETURN 1 AS a0;
CREATE (n0: L1 { id : 11 } )CREATE (n0)- [ : T5 { id : 12 } ] - > ( n1 : L1 { id : 13 } ) < - [ : T0 { k31 : NULL , id : 14 } ] - ( { id : 15 } ) WITH * UNWIND [NULL] as l0 CREATE ( : L1 { k9 : CASE WHEN TRUE THEN size ( [ (nodes ( NULL ) +[]) [ toIntegerOrNull ( CASE WHEN FALSE THEN NULL ELSE abs ( 1277524731 ) END ) ] ] ) END , id : 16 } ) CREATE ( n2 { k0 : -1489483247 , id : 17 } ) - [ r0 : T1 { id : 18 } ] - > ( { id : 19 } ) CREATE (m0{ k12 : NULL , id : 20 } )CREATE (m0)< - [ : T0 { id : CASE WHEN TRUE THEN 21 END } ] - ( n3 : L0 { id : 22 } ) < - [ : T3 { k53 : true , id : 23 } ] - ( n4 { id : 24 } ) RETURN 1 AS a0 ;
MATCH (a) RETURN count(a);
MATCH (b)-[a]->(c) RETURN count(a);
MATCH (b)-[a]->(c) RETURN count(a);
WITH * SKIP 1 LIMIT 0 OPTIONAL MATCH (n0{k4:NULL})<-[]-(n1) MERGE ({id:25})-[r0 :T3{id:26}]->(n2 :L0{k3:-709283795, id:27}) RETURN (n2.k2) AS a0;
WITH * SKIP 1 LIMIT 0 WHERE TRUE OPTIONAL MATCH ( n0 { k4 : NULL } ) < - [ ] - ( n1 ) MERGE ( { id : CASE WHEN FALSE THEN NULL ELSE 25 END } ) - [ r0 : T3 { id : 26 } ] - > ( n2 : L0 { k3 : -709283795 , id : 27 } ) WITH * UNWIND [1] as l0 RETURN ( n2 . k2 ) AS a0 SKIP 1 ;
MATCH (a) RETURN count(a);
MATCH (a) RETURN count(a);
MATCH (b)-[a]->(c) RETURN count(a);
MATCH (b)-[a]->(c) RETURN count(a);
MERGE (n0{id:28})-[r0 :T6{k73:-1250594421, id:29}]->(n4{id:30})-[ :T3{id:31}]->({id:32}) CREATE (n5{id:33}), (n6{id:34}) MERGE (n7 :L0{k6:false, id:35})<-[ :T3{id:36}]-(n8{id:37})-[ :T6{id:38}]->(n9{id:39}) RETURN 1 AS a0;
MERGE ( n0 { id : 28 } ) - [ r0 : T6 { k73 : -1250594421 , id : 29 } ] - > ( n4 { id : 30 } ) - [ : T3 { id : CASE WHEN TRUE THEN 31 END } ] - > ( { id : 32 } ) CREATE ( n5 { id : 33 } ) CREATE ( n6 { id : 34 } ) WITH * UNWIND 1 as l0 MERGE ( n7 : L0 { k6 : false , id : 35 } ) < - [ : T3 { id : 36 } ] - ( n8 { id : 37 } ) - [ : T6 { id : 38 } ] - > ( n9 { id : 39 } ) WITH * RETURN 1 AS a0 ;
MATCH (a) RETURN count(a);
MATCH (a) RETURN count(a);
MATCH (b)-[a]->(c) RETURN count(a);
MATCH (b)-[a]->(c) RETURN count(a);
CREATE ({id:40}), ({id:41})<-[r0 :T5{id:42}]-({id:43})-[r1 :T6{id:44}]->({id:45}) CREATE p0=( :L0{id:46}), p1=({id:47})-[r2 :T6{k71:'C', id:48}]->({id:49})-[r3 :T5{id:50}]->({k8:NULL, id:51}) CREATE (n0{id:52}), ({id:53})<-[ :T3{k51:false, id:54}]-(n1{id:55})-[ :T6{id:56}]->({id:57}) RETURN 1 AS a0, 1 AS a1 SKIP 1;
CREATE ( { id : 40 } ) CREATE ( { id : 41 } ) < - [ r0 : T5 { id : 42 } ] - ( { id : 43 } ) - [ r1 : T6 { id : 44 } ] - > ( { id : 45 } ) CREATE p0 = ( : L0 { id : CASE WHEN FALSE THEN NULL ELSE 46 END } ) CREATE p1 = ( { id : 47 } ) - [ r2 : T6 { k71 : 'C' , id : CASE WHEN TRUE THEN 48 END } ] - > ( { id : 49 } ) - [ r3 : T5 { id : 50 } ] - > ( { k8 : NULL , id : 51 } ) WITH * OPTIONAL MATCH ()-[:TYPE]-() CREATE ( n0 { id : 52 } ) CREATE ( { id : 53 } ) < - [ : T3 { k51 : false , id : CASE WHEN TRUE THEN 54 END } ] - ( n1 { id : 55 } ) - [ : T6 { id : 56 } ] - > ( { id : 57 } ) WITH * OPTIONAL MATCH ()-[:TYPE]-() RETURN 1 AS a0 , 1 AS a1 SKIP 1 ;
