-- Time: 2024/04/11 13:21:41
-- Database: janusgraph_database106
-- Database version: composite
-- seed value: 1712812406588
CREATE (n0 :L2{k17 : true, k16 : 'S', id : 0, k12 : true, k15 : 1343145756, k14 : -203856296});
CREATE (n0 {id : 1});
CREATE (n0 :L0{k0 : 'HOx1a', k1 : true, k2 : 1830753597, k3 : 'O6Ni7U', k4 : false, k5 : 'PtVojA', id : 2, k6 : 'j'});
CREATE (n0 :L2{k17 : true, k16 : 'Dx', id : 3, k13 : 'P2v', k12 : true, k15 : 564884569, k14 : -1034321298});
MATCH (n0 {id : 3}), (n1 {id : 1}) MERGE(n0)-[r :T5{k73 : false, k72 : 'T', k74 : true, k77 : -744825050, id : 4, k76 : true}]->(n1);
MATCH (n0 {id : 3}), (n1 {id : 0}) MERGE(n0)-[r :T2{k53 : true, k55 : 'd', id : 5, k54 : -1366998454, k57 : false, k56 : 1583837268, k58 : -413434832}]->(n1);
MATCH (n0 {id : 0}), (n1 {id : 1}) MERGE(n0)-[r :T2{k53 : true, k55 : '8', id : 6, k54 : -586393355, k57 : false, k56 : -608224222, k58 : -1696130732}]->(n1);
MATCH (n0 {id : 3}), (n1 {id : 3}) MERGE(n0)-[r :T4{k71 : 743378642, k70 : '1vX', k66 : true, id : 7, k68 : false, k67 : true, k69 : -8394690}]->(n1);
MATCH (n0 {id : 2}), (n1 {id : 0}) MERGE(n0)-[r :T6{k80 : true, k82 : -1313749241, k81 : 237362089, id : 8, k79 : false, k78 : false}]->(n1);
OPTIONAL MATCH (n0), () REMOVE n0.k2 MERGE ({id:9}) RETURN n0 AS a1, 1 AS a2;
OPTIONAL MATCH (n0)-[*0..0]-( n0 ) ,( ) WITH * CALL{WITH *REMOVE n0 . k2 } WITH * MERGE ( { id : 9 } ) RETURN DISTINCT n0 AS a1 , 1 AS a2 ;
MATCH (a) RETURN count(a);
MATCH (b)-[a]->(c) RETURN count(a);
MATCH (b)-[a]->(c) RETURN count(a);
MATCH ()<-[]-(n0 :L2) WHERE true SET n0.k=(n0.k14) DETACH DELETE n0  RETURN 1 AS a0, 1 AS a1;
MATCH ( ) < - [ ] - ( n0 : L2 ) WHERE true SET n0 . k = ( n0 . k14 ) DETACH DELETE CASE WHEN TRUE THEN n0 END RETURN 1 AS a0 , 1 AS a1 ;
