-- Time: 2024/04/11 13:43:30
-- Database: janusgraph_database401
-- Database version: composite
-- seed value: 1712812406924
CREATE (n0 :L2{k17 : 1727524258, k16 : 'c', k18 : 'NpX', id : 0, k13 : -785630636, k12 : false, k15 : 'G', k14 : 'D'});
CREATE (n0 :L2{k16 : 'gGgVBe', id : 1, k13 : 2007390290, k12 : true, k15 : 'pNsCSS1bF'});
CREATE (n0 {id : 2});
CREATE (n0 {id : 3});
MATCH (n0 {id : 1}), (n1 {id : 3}) MERGE(n0)-[r :T4{k60 : 605743637, k61 : -761840266, id : 4, k57 : true, k56 : false, k58 : -1449539515}]->(n1);
MATCH (n0 {id : 1}), (n1 {id : 1}) MERGE(n0)-[r :T4{k61 : 521375278, id : 5, k57 : false, k56 : false, k59 : true, k58 : 1101705162}]->(n1);
MATCH (n0 {id : 0}), (n1 {id : 0}) MERGE(n0)-[r :T1{k39 : true, k38 : 457924163, k40 : 'M', k42 : 'a0', k41 : 'uMw5Q', id : 6, k43 : 'V3fpz0', k37 : false}]->(n1);
MATCH (n0 {id : 3}), (n1 {id : 0}) MERGE(n0)-[r :T2{k49 : 'x', k50 : 'B', k44 : 'kshK53UvX', id : 7, k46 : 'tcVWocNTo', k45 : -1854798602, k48 : 'Lc0aUv7', k47 : 1291988786}]->(n1);
UNWIND toBooleanList(NULL) AS a0 OPTIONAL MATCH (), p0=(n0)-[]-(n1)<-[*..2]-(n2) REMOVE n1.k2 RETURN n1 AS a1 UNION ALL WITH [relationships(NULL)[toIntegerOrNull(abs(-1595642302))], NULL] AS a0 WHERE true UNWIND NULL AS a1 CREATE (n0{id:8}), ({id:9})-[ :T1{id:10}]->({k13:toIntegerOrNull(NULL), id:11}) RETURN 1 AS a1;
UNWIND toBooleanList ( NULL ) AS a0 UNWIND 1 as l0 OPTIONAL MATCH ()-[*0..0]-( ) ,p0 = ( n0 ) - [ ] - ( n1 ) < - [ * .. 2 ] - ( n2 ) REMOVE n1 . k2 WITH * RETURN n1 AS a1 UNION ALL WITH [ relationships ( NULL ) [ CASE WHEN TRUE THEN toIntegerOrNull ( abs ( -1595642302 ) ) END ] , NULL ] AS a0 WHERE true UNWIND NULL AS a1 WITH * CREATE ( n0 { id : 8 } ) CREATE ( { id : 9 } ) - [ : T1 { id : 10 } ] - > ( { k13 : toIntegerOrNull ( NULL ) , id : 11 } ) RETURN 1 AS a1 ;
MATCH (a) RETURN count(a);
MATCH (b)-[a]->(c) RETURN count(a);
MATCH (b)-[a]->(c) RETURN count(a);
MATCH (n0), (n1 :L2{k18:NULL}) MERGE (n2{id:12})-[r0 :T4{k59:false, id:13}]-(n3 :L2{id:14}) SET n1.k=isEmpty([x IN [true, (r0.k59)]|(r0.k61)]) RETURN n0 AS a0, r0 AS a1 SKIP 1;
MATCH ( n0 ) ,( n1 : L2 { k18 : CASE WHEN TRUE THEN NULL END } ) WITH * MERGE ( n2 { id : 12 } ) - [ r0 : T4 { k59 : false , id : 13 } ] - ( n3 : L2 { id : 14 } ) SET n1 . k = isEmpty ( [ x IN [ true , CASE WHEN FALSE THEN NULL ELSE ( r0 . k59 ) END ] | ( r0 . k61 ) ] ) WITH * RETURN n0 AS a0 , CASE WHEN TRUE THEN r0 END AS a1 ORDER BY 1 SKIP 1 ;
MATCH (a) RETURN count(a);
MATCH (a) RETURN count(a);
MATCH (b)-[a]->(c) RETURN count(a);
MATCH (b)-[a]->(c) RETURN count(a);
MERGE (n0 :L2{id:15})-[r0 :T4{k59:true, id:16}]-({id:17}) DETACH DELETE n0  CREATE p0=(n1 :L2{k15:NULL, id:18}) RETURN 1 AS a0, 1 AS a1 ORDER BY ((length(NULL)*CASE WHEN (469452942 <= 186585118) THEN NULL END)*-1777108391), a0;
MERGE ( n0 : L2 { id : 15 } ) - [ r0 : T4 { k59 : true , id : 16 } ] - ( { id : 17 } ) WITH * WITH * CALL{WITH *DETACH DELETE n0 } WITH * UNWIND 1 as l0 CREATE p0 = ( n1 : L2 { k15 : NULL , id : 18 } ) WITH * RETURN 1 AS a0 , 1 AS a1 ORDER BY ((length(NULL)*CASE WHEN (469452942 <= 186585118) THEN NULL END)*-1777108391), a0 ;
MATCH (a) RETURN count(a);
MATCH (a) RETURN count(a);
MATCH (b)-[a]->(c) RETURN count(a);
MATCH (b)-[a]->(c) RETURN count(a);
MERGE ( :L2{k13:-107165610, id:19})-[r0 :T4{k60:1020858824, id:20}]-({id:21})-[r1 :T2{id:22}]-({id:23}) CREATE (n0 :L2{id:24}), p0=(n1 :L2{id:25})-[ :T1{k42:(r1.k50), id:26}]->(n2{id:27}) CREATE ({id:28})-[r2 :T2{id:29}]->(n3{k16:'lWQH', id:30}), (n4{id:31})<-[r3 :T2{k45:-946195561, id:32}]-(n5{id:33})<-[ :T4{id:34}]-(n6{k17:(toIntegerList(NULL)[toIntegerOrNull(abs((r0.k61)))]-72923062), id:35}) RETURN 1 AS a0, 1 AS a1;
MERGE ( : L2 { k13 : -107165610 , id : 19 } ) - [ r0 : T4 { k60 : 1020858824 , id : 20 } ] - ( { id : 21 } ) - [ r1 : T2 { id : 22 } ] - ( { id : 23 } ) CREATE ( n0 : L2 { id : 24 } ) CREATE (n1: L2 { id : 25 } )CREATE (n1)- [ : T1 { k42 : ( r1 . k50 ) , id : 26 } ] - > ( n2 { id : 27 } ) WITH * OPTIONAL MATCH ()-[:TYPE]-() CREATE ( { id : 28 } ) - [ r2 : T2 { id : 29 } ] - > ( n3 { k16 : 'lWQH' , id : 30 } ) CREATE (n6{k17:(toIntegerList(NULL)[toIntegerOrNull(abs((r0.k61)))]-72923062), id:35})-[ : T4 { id : 34 } ] ->(n5{id:33})-[ r3 : T2 { k45 : -946195561 , id : CASE WHEN TRUE THEN 32 END } ] ->( n4 { id : 31 } ) WITH * RETURN CASE WHEN FALSE THEN NULL ELSE 1 END AS a0 , 1 AS a1 ORDER BY 1 LIMIT 1 ;
MATCH (a) RETURN count(a);
MATCH (a) RETURN count(a);
MATCH (b)-[a]->(c) RETURN count(a);
MATCH (b)-[a]->(c) RETURN count(a);
MATCH (n0)<-[r0]-(n1)-[r1 :T4{k58:229372585}]-({k14:'uRM'}) DETACH DELETE r0  SET n0.k=NULL RETURN 1 AS a0, n1 AS a1;
MATCH ( n0 ) < - [ r0 ] - ( n1 ) - [ r1 : T4 { k58 : 229372585 } ] - ( { k14 : ('uRM' +'') } ) DETACH DELETE r0 SET n0 . k = CASE WHEN FALSE THEN NULL ELSE NULL END WITH * RETURN 1 AS a0 , n1 AS a1 ;
