-- Time: 2024/04/11 14:26:40
-- Database: janusgraph_database984
-- Database version: composite
-- seed value: 1712812407509
CREATE (n0 :L4{k28 : false, k27 : false, k22 : '8', id : 0, k24 : 429027491, k23 : 'h', k26 : 'VOVe', k25 : true});
CREATE (n0 :L6{k38 : true, id : 1, k35 : 'a1CJAI2l', k34 : 'q', k37 : 1890842047, k36 : 'xP'});
CREATE (n0 :L1{k5 : true, id : 2, k7 : -795691644, k8 : true, k9 : true});
CREATE (n0 :L3{k17 : true, k19 : 'U', k18 : true, k20 : 2061132658, id : 3, k21 : 'bkw4ZQeb'});
MATCH (n0 {id : 1}), (n1 {id : 1}) MERGE(n0)-[r :T1{k49 : true, id : 4, k46 : true, k45 : true, k48 : false, k47 : true}]->(n1);
MATCH (n0 {id : 2}), (n1 {id : 0}) MERGE(n0)-[r :T4{k62 : false, k61 : true, k64 : '3FU', k63 : 1296246676, id : 5}]->(n1);
MERGE (n0 :L6{id:6})-[r0 :T1{id:7}]-(n1{k38:false, id:8}) SET n1.k=-589478747 REMOVE n0.k2 RETURN DISTINCT n1 AS a0, (n0.k35) AS a1;
MERGE ( n0 : L6 { id : 6 } ) - [ r0 : T1 { id : 7 } ] - ( n1 { k38 : false , id : 8 } ) SET n1 . k = CASE WHEN FALSE THEN NULL ELSE -589478747 END WITH * CALL{WITH *REMOVE n0 . k2 } WITH * UNWIND [NULL] as l0 RETURN DISTINCT CASE WHEN TRUE THEN n1 END AS a0 , ( CASE WHEN TRUE THEN n0 . k35 END ) AS a1 ;
MATCH (a) RETURN count(a);
MATCH (b)-[a]->(c) RETURN count(a);
MATCH (b)-[a]->(c) RETURN count(a);
MERGE (n0{id:9})-[r0 :T1{id:10}]-(n1{id:11}) MERGE ( :L4{k28:true, id:12})<-[ :T1{id:13}]-( :L1{k5:true, id:14}) REMOVE n0.k2 RETURN DISTINCT n0 AS a0 SKIP 1;
MERGE ( n0 { id : 9 } ) - [ r0 : T1 { id : 10 } ] - ( n1 { id : 11 } ) WITH * UNWIND 1 as l0 MERGE ( : L4 { k28 : CASE WHEN TRUE THEN true END , id : 12 } ) < - [ : T1 { id : 13 } ] - ( : L1 { k5 : true , id : 14 } ) WITH * OPTIONAL MATCH ()-[:TYPE]-() REMOVE n0 . k2 RETURN DISTINCT n0 AS a0 SKIP CASE WHEN TRUE THEN 1 END ;
MATCH (a) RETURN count(a);
MATCH (a) RETURN count(a);
MATCH (b)-[a]->(c) RETURN count(a);
MATCH (b)-[a]->(c) RETURN count(a);
MATCH p0=() DETACH DELETE p0  CREATE p1=(n0 :L3{id:15}) RETURN 1 AS a0, NULL AS a1;
MATCH p0 = ( ) DETACH DELETE p0 WITH * CREATE p1 = ( n0 : L3 { id : 15 } ) RETURN 1 AS a0 , CASE WHEN FALSE THEN NULL ELSE NULL END AS a1 ORDER BY NULL ;
