-- Time: 2024/04/11 13:34:29
-- Database: janusgraph_database279
-- Database version: composite
-- seed value: 1712812406802
CREATE (n0 :L2{k17 : 'VA1ZGGTM', k16 : 'C', k11 : 'T', id : 0, k13 : true, k12 : 'QQ', k15 : 'I', k14 : 'OsK'});
CREATE (n0 {id : 1});
CREATE (n0 :L1{id : 2, k6 : 'FRT3eXPk6', k10 : -2054982275, k7 : -579020624, k8 : 'ms'});
CREATE (n0 :L1{id : 3, k6 : 'e', k10 : -63350161, k7 : -807578807, k8 : 'ms', k9 : '2'});
MATCH (n0 {id : 0}), (n1 {id : 0}) MERGE(n0)-[r :T0{k39 : true, k38 : 67046905, k40 : 'D', id : 4, k35 : 's', k37 : -1935701500, k36 : '5'}]->(n1);
MATCH (n0 {id : 1}), (n1 {id : 1}) MERGE(n0)-[r :T4{k60 : 'Z', k62 : 'G', k61 : 'A', id : 5, k59 : 'R', k58 : 'S'}]->(n1);
MATCH (n0 {id : 3}), (n1 {id : 1}) MERGE(n0)-[r :T5{k63 : false, k66 : true, id : 6, k65 : 'J', k68 : false, k67 : false, k69 : false}]->(n1);
MATCH (n0 {id : 0}), (n1 {id : 2}) MERGE(n0)-[r :T5{k64 : -1139372829, k63 : true, k66 : true, id : 7, k65 : 'yHSgJ', k68 : true, k67 : false, k69 : true}]->(n1);
MATCH (n0 {id : 3}), (n1 {id : 3}) MERGE(n0)-[r :T3{k53 : 'mqeQ1k36', k52 : 'OMV', k55 : 'J', id : 8, k54 : '7eT', k57 : false, k56 : false}]->(n1);
MATCH (n0 {id : 2}), (n1 {id : 2}) MERGE(n0)-[r :T0{k39 : false, k38 : 39636598, k40 : '9I', id : 9, k34 : false, k37 : -2087665754, k36 : 'Itq'}]->(n1);
CREATE (n1 :L2{id:10})-[r0 :T0{id:11}]->({id:12}) MERGE p0=( :L2{id:13})-[r1 :T0{id:14}]->({id:15}) MERGE (n2{id:16})-[ :T0{k37:1, id:17}]->(n3{id:18})-[ :T5{id:19}]-(n4{id:20}) RETURN collect(relationships(p0)[toIntegerOrNull(abs(330982217))])[toIntegerOrNull(abs(1691709328))] AS a1, n3 AS a2;
CREATE ( n1 : L2 { id : CASE WHEN FALSE THEN NULL ELSE 10 END } ) - [ r0 : T0 { id : 11 } ] - > ( { id : CASE WHEN FALSE THEN NULL ELSE 12 END } ) WITH * OPTIONAL MATCH ()-[:TYPE]-() MERGE p0 = ( : L2 { id : 13 } ) - [ r1 : T0 { id : 14 } ] - > ( { id : CASE WHEN TRUE THEN 15 END } ) WITH * OPTIONAL MATCH ()-[:TYPE]-() MERGE ( n2 { id : 16 } ) - [ : T0 { k37 : CASE WHEN FALSE THEN NULL ELSE 1 END , id : 17 } ] - > ( n3 { id : 18 } ) - [ : T5 { id : 19 } ] - ( n4 { id : 20 } ) RETURN collect ( relationships ( p0 ) [ toIntegerOrNull ( abs ( 330982217 ) ) ] ) [ toIntegerOrNull ( abs ( 1691709328 ) ) ] AS a1 , n3 AS a2 ;
MATCH (a) RETURN count(a);
MATCH (b)-[a]->(c) RETURN count(a);
MATCH (b)-[a]->(c) RETURN count(a);
OPTIONAL MATCH (n0)-[r0]->() REMOVE n0.k2 DETACH DELETE n0  RETURN 1 AS a0, 1 AS a1;
OPTIONAL MATCH ( n0 ) - [ r0 ] - > ( ) WITH * REMOVE n0 . k2 DETACH DELETE CASE WHEN FALSE THEN NULL ELSE n0 END RETURN 1 AS a0 , 1 AS a1 ;
