-- Time: 2024/04/11 13:18:44
-- Database: janusgraph_database66
-- Database version: composite
-- seed value: 1712812406547
CREATE (n0 :L1{k11 : 'AcbKLIR', id : 0, k6 : 786420601, k7 : true, k8 : -133253077, k9 : false});
CREATE (n0 :L0{k0 : 1095816110, k1 : '0QYp7', k2 : -1494075080, k3 : false, k4 : false, k5 : false, id : 1});
CREATE (n0 :L0{k0 : 878950522, k1 : 'X7P2', k2 : -1540094363, k3 : true, k4 : false, k5 : false, id : 2});
CREATE (n0 {id : 3});
MATCH (n0 {id : 1}), (n1 {id : 3}) MERGE(n0)-[r :T6{k80 : -83063141, k81 : -322222627, k84 : 836535829, k83 : 2067526840, id : 4, k79 : 'yY'}]->(n1);
MATCH (n0 {id : 3}), (n1 {id : 0}) MERGE(n0)-[r :T6{k80 : -425230972, k82 : 'l', k81 : -465953043, k84 : 1881776868, k83 : 423925728, id : 5, k79 : '1', k78 : '8oRej'}]->(n1);
MATCH (n0 {id : 3}), (n1 {id : 0}) MERGE(n0)-[r :T4{k71 : 'B', k70 : 'A', k72 : 2060658132, k66 : -773359806, id : 6, k68 : true, k69 : 'exOfW'}]->(n1);
MATCH (n0 {id : 0}), (n1 {id : 3}) MERGE(n0)-[r :T5{k73 : false, k75 : 'h', k74 : false, k77 : 'T', id : 7, k76 : 1887398922}]->(n1);
MATCH (n0 {id : 3}), (n1 {id : 0}) MERGE(n0)-[r :T3{k60 : 'H', k62 : 'IS', k64 : 'ZarZhNcr', k63 : 574187710, id : 8, k65 : 'jml'}]->(n1);
MATCH (n0 {id : 1}), (n1 {id : 0}) MERGE(n0)-[r :T4{k71 : 'S2ea3', k72 : 769157131, k66 : 1376476201, id : 9, k68 : true, k67 : 'YfJaf9', k69 : 'd'}]->(n1);
OPTIONAL MATCH (n2)-[r3]-(n1), (n0)-[r1]-()<-[]-() WHERE NULL CREATE (n3 :L0{id:10})-[r4 :T4{id:11}]->({k9:toBooleanOrNull(NULL), id:12}) REMOVE n0.k2 RETURN n2 AS a1;
OPTIONAL MATCH (n2)-[*0..0]-( n2 ) - [ r3 ] - ( n1 ) ,( n0 ) - [ r1 ] - ( ) < - [ ] - ( ) WHERE NULL CREATE (n3: L0 { id : 10 } )CREATE (n3)- [ r4 : T4 { id : 11 } ] - > ( { k9 : toBooleanOrNull ( NULL ) , id : 12 } ) WITH * UNWIND 1 as l0 REMOVE n0 . k2 WITH * UNWIND [NULL] as l1 RETURN n2 AS a1 ;
MATCH (a) RETURN count(a);
MATCH (b)-[a]->(c) RETURN count(a);
MATCH (b)-[a]->(c) RETURN count(a);
OPTIONAL MATCH (n0)-[]-(n1), p0=() DETACH DELETE n1  REMOVE n0.k2 RETURN 1 AS a0, n0 AS a1 UNION CREATE ({id:13}) CREATE ({id:14}) MERGE p0=({id:15}) RETURN 1 AS a0, 1 AS a1;
OPTIONAL MATCH ( n0 ) - [ ] - ( n1 ) ,p0 = ( ) WITH * CALL{WITH *DETACH DELETE n1 } WITH * OPTIONAL MATCH ()-[:TYPE]-() REMOVE n0 . k2 WITH * OPTIONAL MATCH ()-[:TYPE]-() RETURN 1 AS a0 , n0 AS a1 UNION CREATE ( { id : 13 } ) WITH * OPTIONAL MATCH ()-[:TYPE]-() CREATE ( { id : 14 } ) MERGE p0 = ( { id : CASE WHEN FALSE THEN NULL ELSE 15 END } ) RETURN 1 AS a0 , 1 AS a1 ;
