-- Time: 2024/04/11 13:50:23
-- Database: janusgraph_database494
-- Database version: composite
-- seed value: 1712812407018
CREATE (n0 :L3{k17 : -393762793, k16 : 259055487, k19 : false, k18 : true, k20 : true, id : 0, k15 : 595288127});
CREATE (n0 :L0{k0 : 'h0Ywzh', k1 : false, k2 : false, k3 : 1330441139, k4 : 'k', id : 1});
CREATE (n0 :L0{k0 : 'w', k2 : false, k3 : 1970870279, k4 : 'R', id : 2});
CREATE (n0 :L0{k0 : 'V', k1 : false, k2 : false, k3 : -1210741921, k4 : 'N3', id : 3});
MATCH (n0 {id : 2}), (n1 {id : 0}) MERGE(n0)-[r :T4{k51 : false, k53 : true, k52 : 'ESM5XZLt', k55 : false, id : 4, k54 : true, k56 : true}]->(n1);
MATCH (n0 {id : 3}), (n1 {id : 0}) MERGE(n0)-[r :T1{k38 : 'l', k33 : true, id : 5, k35 : true, k34 : true, k37 : false, k36 : false}]->(n1);
CREATE ( :L0{k1:false, id:6})-[ :T1{id:7}]->(n0 :L3{id:8}), (n1{id:9})-[r0 :T4{id:10}]->(n2{k18:NULL, id:11})<-[r1 :T1{id:12}]-(n3 :L0{id:13}) MERGE p0=(n4 :L3{id:14}) REMOVE n4.k2 RETURN DISTINCT 1 AS a0, n4 AS a1 ORDER BY ((93295997*-439976964)/(-1917864951*(-1324047263+round(1221252851)))), a1 DESC UNION ALL CREATE (n0 :L0{id:15})-[r0 :T1{id:16}]->(n1{id:17})<-[r1 :T4{k52:type(relationships(NULL)[toIntegerOrNull(abs((1463951355-(-1418880958*-1880929808))))]), id:18}]-({k3:723097738, id:19}) MERGE (n3 :L0{id:20})-[r2 :T4{id:21}]->( :L3{id:22}) CREATE (n4{id:23}) RETURN DISTINCT (n3.k3) AS a0, n3 AS a1;
CREATE ( : L0 { k1 : false , id : 6 } ) - [ : T1 { id : 7 } ] - > ( n0 : L3 { id : CASE WHEN FALSE THEN NULL ELSE 8 END } ) CREATE (n1{ id : 9 } )CREATE (n1)- [ r0 : T4 { id : 10 } ] - > ( n2 { k18 : NULL , id : 11 } ) < - [ r1 : T1 { id : 12 } ] - ( n3 : L0 { id : 13 } ) WITH * UNWIND 1 as l0 MERGE p0 = ( n4 : L3 { id : 14 } ) WITH * UNWIND 1 as l1 REMOVE n4 . k2 RETURN DISTINCT 1 AS a0 , n4 AS a1 ORDER BY ((93295997*-439976964)/(-1917864951*(-1324047263+round(1221252851)))), a1 DESC UNION ALL CREATE ( n0 : L0 { id : 15 } ) - [ r0 : T1 { id : CASE WHEN TRUE THEN 16 END } ] - > ( n1 { id : 17 } ) < - [ r1 : T4 { k52 : type ( relationships ( NULL ) [ toIntegerOrNull ( abs ( ( 1463951355 - ( -1418880958 * -1880929808 ) ) ) ) ] ) , id : 18 } ] - ( { k3 : 723097738 , id : 19 } ) MERGE ( n3 : L0 { id : 20 } ) - [ r2 : T4 { id : 21 } ] - > ( : L3 { id : 22 } ) CREATE ( n4 { id : 23 } ) WITH * UNWIND [NULL] as l2 RETURN DISTINCT CASE WHEN FALSE THEN NULL ELSE ( n3 . k3 ) END AS a0 , n3 AS a1 ;
MATCH (a) RETURN count(a);
MATCH (b)-[a]->(c) RETURN count(a);
MATCH (b)-[a]->(c) RETURN count(a);
OPTIONAL MATCH ()-[ :T1{k34:true}]-(n0), () WHERE true OPTIONAL MATCH (), (n1 :L0{k1:exists(()<-[]-({k20:false}))})-[*0..1]->() WHERE false DETACH DELETE n0  RETURN (n1.k1) AS a0 SKIP 0;
OPTIONAL MATCH ()-[ :T1{k34:true}]-(n0),() WHERE CASE WHEN FALSE THEN NULL ELSE true END OPTIONAL MATCH ()-[*0..0]-( ) ,( n1 : L0 { k1 : exists ( ( ) < - [ ] - ( { k20 : CASE WHEN TRUE THEN false END } ) ) } ) - [ * 0 .. 1 ] - > ( ) WHERE false DETACH DELETE n0 WITH * RETURN ( n1 . k1 ) AS a0 SKIP 0 ;
MATCH (a) RETURN count(a);
MATCH (a) RETURN count(a);
MATCH (b)-[a]->(c) RETURN count(a);
MATCH (b)-[a]->(c) RETURN count(a);
WITH NULL AS a0 WHERE CASE WHEN isEmpty(elementId(NULL)) THEN NULL END MATCH () WHERE NULL CREATE ( :L0{id:24}) RETURN 1 AS a1, 1 AS a2;
WITH NULL AS a0 WHERE CASE WHEN TRUE THEN CASE WHEN isEmpty ( elementId ( NULL ) ) THEN NULL END END UNWIND 1 as l0 MATCH ( ) WHERE NULL CREATE ( : L0 { id : 24 } ) WITH * RETURN 1 AS a1 , 1 AS a2 ;
MATCH (a) RETURN count(a);
MATCH (a) RETURN count(a);
MATCH (b)-[a]->(c) RETURN count(a);
MATCH (b)-[a]->(c) RETURN count(a);
OPTIONAL MATCH (n0 :L0) CREATE ({id:25}), p0=( :L0{id:26})-[r0 :T1{id:27}]->(n1 :L3{k15:1253911972, id:28}) SET n0.k=(n0.k0) RETURN (n0.k4) AS a0, substring(CASE WHEN (false OR false) THEN toStringList([])[toIntegerOrNull(abs(-1260489234))] END, toIntegerOrNull(abs((n0.k3))), toIntegerOrNull(abs(length(NULL)))) AS a1;
OPTIONAL MATCH ( n0 : L0 ) OPTIONAL MATCH ()-[:TYPE]-() CREATE ( { id : 25 } ) CREATE p0 = ( : L0 { id : 26 } ) - [ r0 : T1 { id : 27 } ] - > ( n1 : L3 { k15 : 1253911972 , id : 28 } ) SET n0 . k = ( n0 . k0 ) RETURN ( n0 . k4 ) AS a0 , (''+substring ( CASE WHEN CASE WHEN TRUE THEN ( CASE WHEN FALSE THEN NULL ELSE false OR false END ) END THEN toStringList ( [ ] ) [ toIntegerOrNull ( abs ( -1260489234 ) ) ] END , toIntegerOrNull ( abs ( ( n0 . k3 ) ) ) , toIntegerOrNull ( abs ( length ( NULL ) ) ) ) )AS a1 ;
MATCH (a) RETURN count(a);
MATCH (a) RETURN count(a);
MATCH (b)-[a]->(c) RETURN count(a);
MATCH (b)-[a]->(c) RETURN count(a);
WITH 'NVzQdDH' AS a0 MERGE ( :L0{id:29})-[r0 :T4{id:30}]->(n0{k20:true, id:31}) MERGE p0=(n1{k4:'U', id:32})-[ :T4{id:33}]->({id:34}) RETURN 1 AS a1, NULL AS a2;
WITH ('NVzQdDH' +'') AS a0 MERGE ( : L0 { id : 29 } ) - [ r0 : T4 { id : 30 } ] - > ( n0 { k20 : true , id : 31 } ) MERGE p0 = ( n1 { k4 : CASE WHEN FALSE THEN NULL ELSE 'U' END , id : 32 } ) - [ : T4 { id : 33 } ] - > ( { id : CASE WHEN FALSE THEN NULL ELSE 34 END } ) WITH * UNWIND 1 as l0 RETURN 1 AS a1 , NULL AS a2 ;
