-- Time: 2024/04/11 13:19:15
-- Database: janusgraph_database73
-- Database version: composite
-- seed value: 1712812406554
CREATE (n0 :L1{k11 : 'RP', id : 0, k10 : false, k7 : 272008086, k8 : true, k12 : 321353836, k9 : false});
CREATE (n0 :L1{k11 : 'eEhI7N', id : 1, k10 : false, k7 : -910439491, k8 : true, k12 : -540813282, k9 : false});
CREATE (n0 :L3{k20 : false, k22 : 'n', id : 2, k21 : false, k24 : 'W', k23 : true});
CREATE (n0 :L1{k11 : 'wT57I', id : 3, k10 : true, k7 : -951123851, k8 : true, k12 : -67421419, k9 : true});
MATCH (n0 {id : 1}), (n1 {id : 3}) MERGE(n0)-[r :T5{k64 : 'IV', k66 : 'D', id : 4, k65 : true, k68 : false, k67 : -1285344572}]->(n1);
MATCH (n0 {id : 2}), (n1 {id : 1}) MERGE(n0)-[r :T5{k66 : '2kJ4vXNj', id : 5, k65 : false, k67 : -1598395063}]->(n1);
MATCH (n0 {id : 0}), (n1 {id : 1}) MERGE(n0)-[r :T1{k39 : 'ph', k42 : 500686591, k41 : 'y', k44 : 'SE', id : 6, k43 : -23498041}]->(n1);
MATCH (n0 {id : 3}), (n1 {id : 3}) MERGE(n0)-[r :T3{k51 : 'FL7stL7P', k50 : -184862742, k53 : 'Z', id : 7}]->(n1);
MERGE p0=( :L1{id:8})-[r0 :T3{id:9}]-(n0{k24:'B', id:10}) MERGE ({id:11})-[r1 :T3{k50:-1201748950, id:12}]-(n1 :L3{id:13}) SET n0.k=NULL RETURN 1 AS a0, (n1.k22) AS a1 ORDER BY [properties(n0)], a1 DESC UNION ALL CREATE ( :L1{id:14})-[ :T5{k68:exists(()-[]->( :L1)), id:15}]->(n0{id:16}) MERGE ( :L1{id:17}) CREATE p0=(n1{k8:NULL, id:18}), ({k22:substring(NULL, toIntegerOrNull(abs(length(NULL))), toIntegerOrNull(abs(NULL))), id:19})<-[ :T3{id:20}]-(n2{id:21}) RETURN 1 AS a0, 1 AS a1;
MERGE p0 = ( : L1 { id : 8 } ) - [ r0 : T3 { id : CASE WHEN FALSE THEN NULL ELSE 9 END } ] - ( n0 { k24 : 'B' , id : 10 } ) WITH * UNWIND 1 as l0 MERGE ( { id : 11 } ) - [ r1 : T3 { k50 : -1201748950 , id : CASE WHEN FALSE THEN NULL ELSE 12 END } ] - ( n1 : L3 { id : 13 } ) SET n0 . k = NULL RETURN 1 AS a0 , ( n1 . k22 ) AS a1 ORDER BY [properties(n0)], a1 DESC UNION ALL CREATE (m0: L1 { id : 14 } )CREATE (m0)- [ : T5 { k68 : exists ( ( ) - [ ] - > ( : L1 ) ) , id : 15 } ] - > ( n0 { id : 16 } ) MERGE ( : L1 { id : 17 } ) WITH * UNWIND [1] as l1 CREATE p0 = ( n1 { k8 : NULL , id : 18 } ) CREATE (n2{id:21})-[ : T3 { id : 20 } ] ->( { k22 : substring ( NULL , toIntegerOrNull ( abs ( CASE WHEN TRUE THEN length ( NULL ) END ) ) , toIntegerOrNull ( abs ( NULL ) ) ) , id : 19 } ) RETURN 1 AS a0 , 1 AS a1 ;
MATCH (a) RETURN count(a);
MATCH (b)-[a]->(c) RETURN count(a);
MATCH (b)-[a]->(c) RETURN count(a);
WITH * CREATE ( :L1{id:22}) MERGE ( :L1{id:23})-[r0 :T1{id:24}]-(n0 :L1{id:25})<-[r1 :T5{id:26}]-({k21:false, id:27}) RETURN r1 AS a0, n0 AS a1 ORDER BY a1;
WITH * CREATE ( : L1 { id : 22 } ) WITH * UNWIND 1 as l0 MERGE ( : L1 { id : CASE WHEN TRUE THEN 23 END } ) - [ r0 : T1 { id : 24 } ] - ( n0 : L1 { id : CASE WHEN FALSE THEN NULL ELSE 25 END } ) < - [ r1 : T5 { id : 26 } ] - ( { k21 : CASE WHEN FALSE THEN NULL ELSE false END , id : 27 } ) RETURN r1 AS a0 , n0 AS a1 ORDER BY a1 ;
MATCH (a) RETURN count(a);
MATCH (a) RETURN count(a);
MATCH (b)-[a]->(c) RETURN count(a);
MATCH (b)-[a]->(c) RETURN count(a);
MERGE (n0{id:28})<-[r0 :T5{k67:-1722143309, id:29}]-(n1{id:30})-[r1 :T1{id:31}]-(n2 :L1{id:32}) MERGE ({id:33}) REMOVE n0.k2 RETURN n0 AS a0, 1 AS a1 ORDER BY a0, a1;
MERGE ( n0 { id : 28 } ) < - [ r0 : T5 { k67 : -1722143309 , id : 29 } ] - ( n1 { id : 30 } ) - [ r1 : T1 { id : 31 } ] - ( n2 : L1 { id : 32 } ) MERGE ( { id : 33 } ) REMOVE n0 . k2 RETURN n0 AS a0 , 1 AS a1 ORDER BY a0, a1 ;
