-- Time: 2024/04/11 14:32:41
-- Database: janusgraph_database1065
-- Database version: composite
-- seed value: 1712812407590
CREATE (n0 :L3{k20 : true, k22 : false, id : 0, k21 : 's', k23 : false});
CREATE (n0 :L4{k28 : 490031130, k27 : -1404862409, k30 : false, id : 1, k24 : false, k26 : true, k25 : 1918153356});
CREATE (n0 :L0{k0 : 'X', k1 : true, k2 : 524933106, k3 : 'kxx', k4 : true, k5 : 1307278738, id : 2, k6 : -1580219789});
CREATE (n0 :L4{k28 : -1523801536, k29 : '3', k30 : false, id : 3, k26 : true, k25 : 1467086576});
MATCH (n0 {id : 1}), (n1 {id : 3}) MERGE(n0)-[r :T3{k51 : false, k53 : 'v', k52 : -289901259, k55 : 'wmN', id : 4, k54 : 'jE', k56 : -961520595}]->(n1);
MATCH (n0 {id : 0}), (n1 {id : 0}) MERGE(n0)-[r :T1{k39 : 'Ah', k38 : -278787052, k42 : 'J', k41 : false, id : 5, k43 : '0WMzlrHv'}]->(n1);
MATCH (n0 {id : 1}), (n1 {id : 2}) MERGE(n0)-[r :T6{k71 : -1852144997, k70 : 'm', k72 : '6Ghu3QVm3', id : 6, k68 : 1375249843, k69 : false}]->(n1);
MATCH (n0 {id : 1}), (n1 {id : 2}) MERGE(n0)-[r :T6{k71 : -1496863143, k70 : 'd', k73 : true, k72 : 'Kf8LvpyU', id : 7, k68 : -153750594, k69 : true}]->(n1);
MATCH (n0 {id : 0}), (n1 {id : 3}) MERGE(n0)-[r :T5{k64 : true, k63 : 1889722223, id : 8, k65 : 'L'}]->(n1);
MATCH (n0 {id : 0}), (n1 {id : 1}) MERGE(n0)-[r :T1{k38 : -859243920, k40 : true, k42 : 'U', k41 : false, id : 9, k43 : 'WJMuhx7B'}]->(n1);
MATCH p0=()-[]-(n0 :L3), ()-[]-()-[r0]-() WHERE (n0.k20) SET n0.k=exists(()-[{k43:toStringOrNull((n0.k21))}]-()) REMOVE n0.k2 RETURN 1 AS a0;
MATCH p0 = ( ) - [ ] - ( n0 : L3 ) ,( ) - [ ] - ( ) - [ r0 ] - ( ) WHERE ( n0 . k20 ) OPTIONAL MATCH ()-[:TYPE]-() SET n0 . k = exists ( ( ) - [ { k43 : toStringOrNull ( ( n0 . k21 ) ) } ] - ( ) ) WITH * REMOVE n0 . k2 WITH * RETURN 1 AS a0 ;
MATCH (a) RETURN count(a);
MATCH (b)-[a]->(c) RETURN count(a);
MATCH (b)-[a]->(c) RETURN count(a);
MERGE (n1{k5:-384658434, id:10}) DETACH DELETE n1  MERGE (n2{id:11}) RETURN 1 AS a2, 1 AS a3;
MERGE ( n1 { k5 : -384658434 , id : 10 } ) DETACH DELETE n1 MERGE ( n2 { id : 11 } ) RETURN 1 AS a2 , 1 AS a3 ;
