-- Time: 2024/04/11 14:07:59
-- Database: janusgraph_database732
-- Database version: composite
-- seed value: 1712812407256
CREATE (n0 :L3{k19 : -561806798, k20 : true, k22 : false, id : 0, k21 : false, k24 : false, k23 : 954992770});
CREATE (n0 {id : 1});
CREATE (n0 :L4{k28 : false, k27 : 65041382, k29 : true, k30 : 'r', id : 2, k26 : 'k', k25 : 'SY5nL5Mv2'});
CREATE (n0 :L4{k27 : -585894952, k29 : true, k30 : 'k6R1KqqL', id : 3, k25 : 's'});
MATCH (n0 {id : 1}), (n1 {id : 2}) MERGE(n0)-[r :T0{k31 : false, k33 : '4', id : 4, k32 : true, k35 : true, k34 : 'Q', k36 : false}]->(n1);
MATCH (n0 {id : 2}), (n1 {id : 2}) MERGE(n0)-[r :T4{k60 : 'GdzN0F', k62 : true, k61 : true, id : 5, k57 : -109233139, k56 : '2dXdmS', k58 : 'O'}]->(n1);
MATCH (n0 {id : 3}), (n1 {id : 3}) MERGE(n0)-[r :T0{k31 : true, k33 : 'P', id : 6, k32 : true, k34 : 'HesIs16WK'}]->(n1);
MATCH (n0 {id : 0}), (n1 {id : 3}) MERGE(n0)-[r :T2{k49 : 'qHvKZsHMx', k50 : 2144465172, k44 : false, id : 7, k45 : 1794748637, k48 : true, k47 : 'muHP'}]->(n1);
MATCH (n0 {id : 0}), (n1 {id : 3}) MERGE(n0)-[r :T1{k40 : true, k42 : 1290775039, k41 : 'hN', id : 8, k43 : 1534246417, k37 : 'k'}]->(n1);
MATCH (n0 {id : 3}), (n1 {id : 1}) MERGE(n0)-[r :T3{k51 : 'QH', k53 : 2045961098, k52 : 'h', k55 : 'a', id : 9}]->(n1);
OPTIONAL MATCH () MERGE (n0 :L4{k30:'AsOR', id:10})<-[r0 :T0{id:11}]-(n1{id:12})-[r1 :T3{id:13}]-(n2 :L4{k30:elementId(n1), id:14}) REMOVE n0.k2 RETURN DISTINCT n2 AS a0 LIMIT 0;
OPTIONAL MATCH ( ) WITH * MERGE ( n0 : L4 { k30 : (''+'AsOR' ), id : 10 } ) < - [ r0 : T0 { id : 11 } ] - ( n1 { id : 12 } ) - [ r1 : T3 { id : 13 } ] - ( n2 : L4 { k30 : elementId ( n1 ) , id : 14 } ) WITH * FOREACH(f in [1]|REMOVE n0 . k2 ) WITH * UNWIND [1] as l0 RETURN DISTINCT n2 AS a0 LIMIT 0 ;
MATCH (a) RETURN count(a);
MATCH (b)-[a]->(c) RETURN count(a);
MATCH (b)-[a]->(c) RETURN count(a);
CREATE (n0 :L3{k24:false, id:15})-[r0 :T2{id:16}]->(n1{id:17}) CREATE ({id:18}) MERGE ( :L4{id:19})-[r1 :T3{id:20}]-(n2{id:21})-[r2 :T0{k31:false, id:22}]->({id:23}) RETURN *, (r1.k54) AS a0;
CREATE ( n0 : L3 { k24 : false , id : 15 } ) - [ r0 : T2 { id : 16 } ] - > ( n1 { id : 17 } ) WITH * OPTIONAL MATCH ()-[:TYPE]-() CREATE ( { id : CASE WHEN TRUE THEN 18 END } ) MERGE ( : L4 { id : 19 } ) - [ r1 : T3 { id : 20 } ] - ( n2 { id : 21 } ) - [ r2 : T0 { k31 : false , id : 22 } ] - > ( { id : 23 } ) RETURN * , ( r1 . k54 ) AS a0 ;
MATCH (a) RETURN count(a);
MATCH (a) RETURN count(a);
MATCH (b)-[a]->(c) RETURN count(a);
MATCH (b)-[a]->(c) RETURN count(a);
OPTIONAL MATCH (n0)-[*0..]->() SET n0.k=-1659051530 DETACH DELETE n0  RETURN NULL AS a0, 1 AS a1 ORDER BY 1142215448, a0;
OPTIONAL MATCH ( n0 ) - [ * 0 .. ] - > ( ) WITH * CALL{WITH *SET n0 . k = -1659051530 } WITH * OPTIONAL MATCH ()-[:TYPE]-() DETACH DELETE n0 RETURN DISTINCT NULL AS a0 , CASE WHEN FALSE THEN NULL ELSE 1 END AS a1 ORDER BY 1142215448, a0 DESC SKIP 1 ;
MATCH (a) RETURN count(a);
MATCH (a) RETURN count(a);
MATCH (b)-[a]->(c) RETURN count(a);
MATCH (b)-[a]->(c) RETURN count(a);
WITH DISTINCT false AS a0 ORDER BY relationships(NULL)[toIntegerOrNull(abs(CASE WHEN ('iyX' <= 'c') THEN -309844672 END))], a0 DESC MERGE (n0{id:24})-[r0 :T0{id:25}]-(n1{k28:true, id:26}) REMOVE n1.k2 RETURN *;
WITH DISTINCT false AS a0 ORDER BY relationships ( CASE WHEN FALSE THEN NULL ELSE NULL END ) [ toIntegerOrNull ( abs ( CASE WHEN ( 'iyX' <= 'c' ) THEN -309844672 END ) ) ] , a0 DESC UNWIND [NULL] as l0 MERGE ( n0 { id : 24 } ) - [ r0 : T0 { id : 25 } ] - ( n1 { k28 : true , id : 26 } ) REMOVE n1 . k2 RETURN DISTINCT * ;
MATCH (a) RETURN count(a);
MATCH (a) RETURN count(a);
MATCH (b)-[a]->(c) RETURN count(a);
MATCH (b)-[a]->(c) RETURN count(a);
CREATE (n0{id:27})-[ :T1{id:28}]->(n1{id:29}) CREATE ({id:30})-[r0 :T0{id:31}]->({id:32}) CREATE ({id:33})-[ :T1{id:34}]->(n2{id:35})-[r1 :T0{id:36}]->({k30:'c', id:37}), ({k29:true, id:38})-[ :T3{id:39}]->({id:40})-[ :T0{id:41}]->({id:42}) RETURN 1 AS a0, 1 AS a1;
CREATE ( n0 { id : 27 } ) - [ : T1 { id : CASE WHEN FALSE THEN NULL ELSE 28 END } ] - > ( n1 { id : 29 } ) WITH * CREATE ( { id : 30 } ) - [ r0 : T0 { id : 31 } ] - > ( { id : 32 } ) WITH * UNWIND [1] as l0 CREATE ({k30:'c', id:37})<-[ r1 : T0 { id : 36 } ] -(n2{id:35})<-[ : T1 { id : 34 } ] -( { id : 33 } ) CREATE ( { k29 : true , id : 38 } ) - [ : T3 { id : 39 } ] - > ( { id : CASE WHEN TRUE THEN 40 END } ) - [ : T0 { id : CASE WHEN TRUE THEN 41 END } ] - > ( { id : 42 } ) RETURN 1 AS a0 , 1 AS a1 ;
