-- Time: 2024/04/11 13:52:05
-- Database: janusgraph_database517
-- Database version: composite
-- seed value: 1712812407041
CREATE (n0 :L2{k16 : '6', k11 : 2004826892, id : 0, k10 : true, k13 : true, k12 : 'E0OaI4', k15 : 'xjhMod9', k14 : -1977025896});
CREATE (n0 {id : 1});
CREATE (n0 {id : 2});
CREATE (n0 :L5{k31 : true, k33 : 1462499998, id : 3, k32 : -1539540701, k35 : false, k34 : 'Y8WrEyCLx', k36 : false});
MATCH (n0 {id : 3}), (n1 {id : 3}) MERGE(n0)-[r :T6{k80 : 'b', k81 : false, k77 : -1358676213, id : 4, k78 : 'O'}]->(n1);
MATCH (n0 {id : 1}), (n1 {id : 1}) MERGE(n0)-[r :T6{k80 : 'J', k81 : true, k77 : -1461011413, id : 5, k79 : -1789258308, k78 : 'O'}]->(n1);
MATCH (n0 {id : 1}), (n1 {id : 1}) MERGE(n0)-[r :T6{k80 : 'AxZH', k81 : false, k77 : 1975619950, id : 6, k79 : 974617025, k78 : '6'}]->(n1);
MATCH (n0 {id : 1}), (n1 {id : 1}) MERGE(n0)-[r :T4{k70 : true, k66 : 'C', id : 7, k65 : 'c9', k68 : 'P', k67 : 'tnGTS', k69 : 805520443}]->(n1);
CREATE (n0{id:8})-[ :T6{id:9}]->(n1{id:10})-[r0 :T6{id:11}]->({id:12}) CREATE ({k10:CASE WHEN true THEN false END, id:13}) CREATE ({id:14}) RETURN 1 AS a0, NULL AS a1;
CREATE ( n0 { id : 8 } ) - [ : T6 { id : 9 } ] - > ( n1 { id : 10 } ) - [ r0 : T6 { id : 11 } ] - > ( { id : 12 } ) CREATE ( { k10 : CASE WHEN true THEN CASE WHEN FALSE THEN NULL ELSE false END END , id : 13 } ) CREATE ( { id : 14 } ) RETURN 1 AS a0 , NULL AS a1 ORDER BY NULL LIMIT 1 ;
MATCH (a) RETURN count(a);
MATCH (b)-[a]->(c) RETURN count(a);
MATCH (b)-[a]->(c) RETURN count(a);
MATCH (n0{k36:true}), () REMOVE n0.k2 REMOVE n0.k2 RETURN 1 AS a0;
MATCH ( n0 { k36 : true } ) ,()-[*0..0]-( ) FOREACH(f in [1]|REMOVE n0 . k2 ) REMOVE n0 . k2 RETURN 1 AS a0 ORDER BY TRUE ;
MATCH (a) RETURN count(a);
MATCH (a) RETURN count(a);
MATCH (b)-[a]->(c) RETURN count(a);
MATCH (b)-[a]->(c) RETURN count(a);
OPTIONAL MATCH () CREATE (n0{k33:NULL, id:15}) MERGE (n1{k36:true, id:16})-[r0 :T6{k81:false, id:17}]->(n2{k33:-1075035811, id:18}) RETURN DISTINCT 1 AS a0, n2 AS a1 ORDER BY CASE WHEN exists(()-[r0 :T6{k79:-604476279}]->()) THEN ((-1392883482-896743607) < ((-160497478/-1919522438)/(82035515+(1948687671--1477338131)))) END, a0;
OPTIONAL MATCH () UNWIND [1] as l0 CREATE ( n0 { k33 : CASE WHEN TRUE THEN NULL END , id : 15 } ) WITH * UNWIND [1] as l1 MERGE ( n1 { k36 : true , id : 16 } ) - [ r0 : T6 { k81 : false , id : 17 } ] - > ( n2 { k33 : -1075035811 , id : 18 } ) WITH * OPTIONAL MATCH ()-[:TYPE]-() RETURN DISTINCT 1 AS a0 , n2 AS a1 ORDER BY CASE WHEN exists(()-[r0 :T6{k79:-604476279}]->()) THEN ((-1392883482-896743607) < ((-160497478/-1919522438)/(82035515+(1948687671--1477338131)))) END, a0 ;
MATCH (a) RETURN count(a);
MATCH (a) RETURN count(a);
MATCH (b)-[a]->(c) RETURN count(a);
MATCH (b)-[a]->(c) RETURN count(a);
MATCH (n0), (n1) CREATE (n2 :L5{k36:false, id:19})-[ :T6{id:20}]->({id:21}) MERGE (n3 :L5{id:22}) RETURN 1 AS a0;
MATCH (n0)-[*0..0]-( n0 ) ,( n1 ) UNWIND [1] as l0 CREATE ( n2 : L5 { k36 : false , id : 19 } ) - [ : T6 { id : CASE WHEN FALSE THEN NULL ELSE 20 END } ] - > ( { id : 21 } ) MERGE ( n3 : L5 { id : CASE WHEN FALSE THEN NULL ELSE 22 END } ) WITH * OPTIONAL MATCH ()-[:TYPE]-() RETURN 1 AS a0 ;
MATCH (a) RETURN count(a);
MATCH (a) RETURN count(a);
MATCH (b)-[a]->(c) RETURN count(a);
MATCH (b)-[a]->(c) RETURN count(a);
CREATE (n0{id:23}), (n1{id:24}) CREATE p0=(n2{id:25}) CREATE ({id:26}) RETURN 1 AS a0, {k1: 'LXIq4', k2: NULL} AS a1;
CREATE ( n0 { id : CASE WHEN TRUE THEN 23 END } ) CREATE ( n1 { id : 24 } ) CREATE p0 = ( n2 { id : 25 } ) WITH * CREATE ( { id : 26 } ) RETURN 1 AS a0 , { k1 : CASE WHEN FALSE THEN NULL ELSE 'LXIq4' END , k2 : NULL } AS a1 ;
