-- Time: 2024/04/11 13:38:11
-- Database: janusgraph_database329
-- Database version: composite
-- seed value: 1712812406852
CREATE (n0 :L1{k5 : true, id : 0, k6 : -1375675752, k10 : false, k7 : 721152356, k8 : -1773424845, k9 : true});
CREATE (n0 :L0{k0 : 'I2K', k1 : -637692952, k2 : 'J', k4 : 'i', id : 1});
CREATE (n0 {id : 2});
CREATE (n0 :L1{k5 : true, k11 : '3aV', id : 3, k6 : -1788031922, k10 : false, k7 : -1789097535, k8 : -1987731509, k9 : false});
MATCH (n0 {id : 3}), (n1 {id : 1}) MERGE(n0)-[r :T0{k29 : 'q', k31 : 617051373, k30 : false, k33 : true, id : 4, k32 : false}]->(n1);
MATCH (n0 {id : 1}), (n1 {id : 0}) MERGE(n0)-[r :T3{k49 : 'vnPeYWwx', k51 : false, k50 : 'n', k52 : true, id : 5, k46 : -2007212783, k48 : false, k47 : -1774447616}]->(n1);
MATCH (n0 {id : 1}), (n1 {id : 2}) MERGE(n0)-[r :T0{k29 : 'k', k31 : -2067562135, k30 : false, k33 : true, id : 6, k32 : true}]->(n1);
MATCH (n0 {id : 3}), (n1 {id : 0}) MERGE(n0)-[r :T5{k60 : -1728853069, k62 : 'Z', k61 : -1742665273, id : 7, k59 : 'B', k58 : -1895605562}]->(n1);
CREATE (n0 :L0{id:8})-[ :T3{id:9}]->(n1 :L1{id:10})<-[ :T5{k60:NULL, id:11}]-(n2{id:12}), ({id:13})<-[ :T5{id:14}]-({k0:'M', id:15}) MERGE ( :L0{k1:round(size(toBooleanList([]))), id:16}) MERGE (n3{id:17})-[r0 :T0{id:18}]->({id:19}) RETURN 1 AS a0;
CREATE ( n0 : L0 { id : CASE WHEN TRUE THEN 8 END } ) - [ : T3 { id : 9 } ] - > ( n1 : L1 { id : 10 } ) < - [ : T5 { k60 : NULL , id : CASE WHEN TRUE THEN 11 END } ] - ( n2 { id : 12 } ) CREATE ( { id : 13 } ) < - [ : T5 { id : CASE WHEN FALSE THEN NULL ELSE 14 END } ] - ( { k0 : 'M' , id : 15 } ) MERGE ( : L0 { k1 : round ( size ( toBooleanList ( [ ] ) ) ) , id : 16 } ) WITH * UNWIND [NULL] as l0 MERGE ( n3 { id : 17 } ) - [ r0 : T0 { id : 18 } ] - > ( { id : 19 } ) WITH * UNWIND [NULL] as l1 RETURN 1 AS a0 ;
MATCH (a) RETURN count(a);
MATCH (b)-[a]->(c) RETURN count(a);
MATCH (b)-[a]->(c) RETURN count(a);
OPTIONAL MATCH p0=(), ()-[]-(n0) MERGE (n1{k6:-368415431, id:20})-[ :T5{id:21}]->( :L1{id:22}) DETACH DELETE n1  RETURN p0 AS a0 UNION MERGE p0=({id:23})-[ :T0{id:24}]-({id:25}) CREATE (n3 :L1{id:26})<-[r1 :T3{id:27}]-({k0:NULL, id:28})-[r2 :T0{id:29}]->({id:30}), (n4{id:31})<-[r3 :T0{k29:toStringOrNull(NULL), id:32}]-({id:33})-[ :T3{id:34}]->(n5{id:35}) MERGE ({k6:round((1565995802+size([]))), id:36})<-[ :T3{k46:1929688184, id:37}]-({id:38}) RETURN 1 AS a0 SKIP 1 LIMIT 1;
OPTIONAL MATCH p0 = ( ) ,( ) - [ ] - ( n0 ) WITH * MERGE ( n1 { k6 : -368415431 , id : CASE WHEN TRUE THEN 20 END } ) - [ : T5 { id : 21 } ] - > ( : L1 { id : 22 } ) FOREACH(f in [1]|DETACH DELETE n1 ) WITH * UNWIND [1] as l0 RETURN p0 AS a0 UNION MERGE p0 = ( { id : 23 } ) - [ : T0 { id : 24 } ] - ( { id : 25 } ) WITH * CREATE ( n3 : L1 { id : 26 } ) < - [ r1 : T3 { id : 27 } ] - ( { k0 : NULL , id : 28 } ) - [ r2 : T0 { id : 29 } ] - > ( { id : CASE WHEN FALSE THEN NULL ELSE 30 END } ) CREATE ( n4 { id : 31 } ) < - [ r3 : T0 { k29 : toStringOrNull ( CASE WHEN TRUE THEN NULL END ) , id : 32 } ] - ( { id : 33 } ) - [ : T3 { id : 34 } ] - > ( n5 { id : 35 } ) MERGE ( { k6 : round ( ( 1565995802 + size ( CASE WHEN FALSE THEN NULL ELSE ([]+[ ] )END ) ) ) , id : CASE WHEN TRUE THEN 36 END } ) < - [ : T3 { k46 : 1929688184 , id : 37 } ] - ( { id : 38 } ) RETURN 1 AS a0 SKIP CASE WHEN FALSE THEN NULL ELSE 1 END LIMIT 1 ;
MATCH (a) RETURN count(a);
MATCH (a) RETURN count(a);
MATCH (b)-[a]->(c) RETURN count(a);
MATCH (b)-[a]->(c) RETURN count(a);
UNWIND relationships(CASE WHEN true THEN NULL END) AS a0 MERGE p0=(n0{k3:-896147878, id:39})<-[ :T0{k32:false, id:40}]-({id:41}) SET n0.k=true RETURN 1 AS a1;
UNWIND CASE WHEN FALSE THEN NULL ELSE relationships ( CASE WHEN true THEN CASE WHEN TRUE THEN NULL END END ) END AS a0 WITH * MERGE p0 = ( n0 { k3 : CASE WHEN TRUE THEN -896147878 END , id : 39 } ) < - [ : T0 { k32 : false , id : 40 } ] - ( { id : 41 } ) SET n0 . k = true RETURN 1 AS a1 ORDER BY TRUE ;
MATCH (a) RETURN count(a);
MATCH (a) RETURN count(a);
MATCH (b)-[a]->(c) RETURN count(a);
MATCH (b)-[a]->(c) RETURN count(a);
MERGE ({id:42}) MERGE ({id:43})-[r0 :T5{id:44}]-(n0{id:45})<-[r1 :T3{id:46}]-({id:47}) CREATE ({id:48})<-[ :T0{k30:(r1.k48), id:49}]-(n1{id:50}), (n2{id:51}) RETURN (r1.k52) AS a0, n0 AS a1;
MERGE ( { id : 42 } ) MERGE ( { id : 43 } ) - [ r0 : T5 { id : 44 } ] - ( n0 { id : 45 } ) < - [ r1 : T3 { id : 46 } ] - ( { id : 47 } ) WITH * CREATE (m0{ id : 48 } )CREATE (m0)< - [ : T0 { k30 : ( r1 . k48 ) , id : 49 } ] - ( n1 { id : 50 } ) CREATE ( n2 { id : 51 } ) RETURN ( r1 . k52 ) AS a0 , n0 AS a1 ;
