-- Time: 2024/04/11 14:17:07
-- Database: janusgraph_database855
-- Database version: composite
-- seed value: 1712812407379
CREATE (n0 :L2{k17 : '5', k16 : -652637379, k19 : 'k', k18 : '7sRa5', id : 0, k14 : -560356480});
CREATE (n0 :L4{k28 : true, k27 : -1074397571, k29 : 'oXah', k31 : 'tp', k30 : 1146093726, id : 1, k32 : 'og', k26 : -1303856227});
CREATE (n0 {id : 2});
CREATE (n0 {id : 3});
MATCH (n0 {id : 0}), (n1 {id : 1}) MERGE(n0)-[r :T3{k62 : true, k64 : 211340332, k63 : -1228623257, k66 : false, id : 4, k65 : false, k67 : true}]->(n1);
MATCH (n0 {id : 1}), (n1 {id : 2}) MERGE(n0)-[r :T4{k71 : false, k70 : 170881185, k73 : true, k72 : '1QvFP6UO', k74 : '71', id : 5, k68 : 1443912760, k69 : false}]->(n1);
MATCH (n0 {id : 1}), (n1 {id : 2}) MERGE(n0)-[r :T4{k71 : false, k70 : 711225693, k73 : true, k72 : '48', k74 : '3', id : 6, k68 : -492087202, k69 : true}]->(n1);
MATCH (n0 {id : 1}), (n1 {id : 1}) MERGE(n0)-[r :T0{k44 : 1126729819, id : 7, k46 : 'i', k45 : 'oQJR', k48 : -349309163, k47 : 1512552818}]->(n1);
MATCH (n0 {id : 1}), (n1 {id : 2}) MERGE(n0)-[r :T2{k60 : -457079973, k61 : 1300164322, k55 : 'q', id : 8, k57 : 1017905917, k56 : 49572091, k59 : -360486817}]->(n1);
MATCH (n0 {id : 2}), (n1 {id : 2}) MERGE(n0)-[r :T2{k60 : -1708266419, k61 : 783845042, id : 9, k57 : 1444070156, k56 : 1685580819, k59 : -811595828, k58 : false}]->(n1);
MATCH p0=()-[]-(n0), ()-[r0]->()-[]-() CREATE ({id:10}), ({k18:toStringOrNull(NULL), id:11})-[r1 :T3{id:12}]->(n4{k29:NULL, id:13})-[ :T4{id:14}]->({id:15}) SET n0.k='9SmC87qO' RETURN DISTINCT 1 AS a0;
MATCH p0 = ( ) - [ ] - ( n0 ) ,( ) - [ r0 ] - > ( ) - [ ] - ( ) OPTIONAL MATCH ()-[:TYPE]-() CREATE ( { id : 10 } ) CREATE ( { k18 : CASE WHEN TRUE THEN toStringOrNull ( NULL ) END , id : 11 } ) - [ r1 : T3 { id : 12 } ] - > ( n4 { k29 : NULL , id : 13 } ) - [ : T4 { id : 14 } ] - > ( { id : 15 } ) WITH * FOREACH(f in [1]|SET n0 . k = '9SmC87qO' ) RETURN DISTINCT 1 AS a0 ;
MATCH (a) RETURN count(a);
MATCH (b)-[a]->(c) RETURN count(a);
MATCH (b)-[a]->(c) RETURN count(a);
CREATE ({id:16}) MERGE ({id:17})-[r0 :T2{k58:(-1873851505 >= -860644002), id:18}]-(n0{id:19})-[r1 :T0{id:20}]-({id:21}) MERGE ({id:22})<-[r2 :T2{id:23}]-( :L4{id:24})-[r3 :T4{id:25}]->({id:26}) RETURN [NULL, [true]] AS a0;
CREATE ( { id : 16 } ) MERGE ( { id : 17 } ) - [ r0 : T2 { k58 : ( -1873851505 >= -860644002 ) , id : 18 } ] - ( n0 { id : 19 } ) - [ r1 : T0 { id : 20 } ] - ( { id : 21 } ) MERGE ( { id : CASE WHEN FALSE THEN NULL ELSE 22 END } ) < - [ r2 : T2 { id : 23 } ] - ( : L4 { id : 24 } ) - [ r3 : T4 { id : 25 } ] - > ( { id : 26 } ) WITH * OPTIONAL MATCH ()-[:TYPE]-() RETURN [ NULL , [ true ] ] AS a0 ;
MATCH (a) RETURN count(a);
MATCH (a) RETURN count(a);
MATCH (b)-[a]->(c) RETURN count(a);
MATCH (b)-[a]->(c) RETURN count(a);
OPTIONAL MATCH (n0) WHERE ((-218691273*toIntegerOrNull(toStringList([])[toIntegerOrNull(abs(1367877829))])) >= (NULL+-1948948240)) OPTIONAL MATCH (), (n1)-[r0]-(n2) DETACH DELETE r0  RETURN n1 AS a0;
OPTIONAL MATCH ( n0 ) WHERE CASE WHEN TRUE THEN ( ( -218691273 * toIntegerOrNull ( toStringList ( [ ] ) [ CASE WHEN FALSE THEN NULL ELSE toIntegerOrNull ( abs ( CASE WHEN FALSE THEN NULL ELSE 1367877829 END ) ) END ] ) ) >= ( NULL + -1948948240 ) ) END OPTIONAL MATCH (),(n1)-[r0]-(n2) UNWIND [NULL] as l0 WITH * CALL{WITH *DETACH DELETE r0 } RETURN n1 AS a0 ;
MATCH (a) RETURN count(a);
MATCH (a) RETURN count(a);
MATCH (b)-[a]->(c) RETURN count(a);
MATCH (b)-[a]->(c) RETURN count(a);
MATCH (), (n0) WHERE true OPTIONAL MATCH () WHERE (NOT (NULL STARTS WITH CASE WHEN NULL THEN NULL END)) CREATE (n1{id:27})<-[ :T2{id:28}]-(n2{id:29})-[r0 :T0{k44:NULL, id:30}]->({k29:(NULL+reverse(toStringList([])[toIntegerOrNull(abs(1838711412))])), id:31}), (n3{id:32}) RETURN 1 AS a0 SKIP 0;
MATCH ( ) ,(n0)-[*0..0]-( n0 ) WHERE CASE WHEN FALSE THEN NULL ELSE true END UNWIND [1] as l0 OPTIONAL MATCH ( ) WHERE ( NOT ( NULL STARTS WITH CASE WHEN NULL THEN NULL END ) ) OPTIONAL MATCH ()-[:TYPE]-() CREATE ( n1 { id : 27 } ) < - [ : T2 { id : 28 } ] - ( n2 { id : 29 } ) - [ r0 : T0 { k44 : NULL , id : 30 } ] - > ( { k29 : ( NULL + reverse ( toStringList ( [ ] ) [ toIntegerOrNull ( abs ( 1838711412 ) ) ] ) ) , id : 31 } ) CREATE ( n3 { id : 32 } ) WITH * OPTIONAL MATCH ()-[:TYPE]-() RETURN 1 AS a0 SKIP 0 ;
MATCH (a) RETURN count(a);
MATCH (a) RETURN count(a);
MATCH (b)-[a]->(c) RETURN count(a);
MATCH (b)-[a]->(c) RETURN count(a);
MATCH (n0)<-[]-(n1), p0=(n1) DETACH DELETE n0  SET n1.k=(('v' CONTAINS 'u') IS NOT NULL) RETURN DISTINCT 1 AS a0, p0 AS a1;
MATCH (n0)-[*0..0]-( n0 ) < - [ ] - ( n1 ) ,p0 = ( n1 ) DETACH DELETE n0 SET n1 . k = ( ( 'v' CONTAINS 'u' ) IS NOT NULL ) RETURN DISTINCT 1 AS a0 , p0 AS a1 ;
MATCH (a) RETURN count(a);
MATCH (a) RETURN count(a);
MATCH (b)-[a]->(c) RETURN count(a);
MATCH (b)-[a]->(c) RETURN count(a);
CREATE (n0{id:33})-[ :T2{id:34}]->({id:35})<-[ :T2{k60:-2041565355, id:36}]-(n1{k27:-2134172116, id:37}) MERGE (n2{k27:round(672458224), id:38})-[r0 :T0{k46:'bU', id:39}]-({id:40}) REMOVE n2.k2 RETURN n2 AS a0, 1 AS a1;
CREATE ( n0 { id : CASE WHEN TRUE THEN 33 END } ) - [ : T2 { id : 34 } ] - > ( { id : 35 } ) < - [ : T2 { k60 : -2041565355 , id : 36 } ] - ( n1 { k27 : CASE WHEN TRUE THEN -2134172116 END , id : 37 } ) WITH * MERGE ( n2 { k27 : round ( 672458224 ) , id : 38 } ) - [ r0 : T0 { k46 : 'bU' , id : 39 } ] - ( { id : 40 } ) WITH * OPTIONAL MATCH ()-[:TYPE]-() REMOVE n2 . k2 RETURN DISTINCT n2 AS a0 , 1 AS a1 ;
MATCH (a) RETURN count(a);
MATCH (a) RETURN count(a);
MATCH (b)-[a]->(c) RETURN count(a);
MATCH (b)-[a]->(c) RETURN count(a);
OPTIONAL MATCH (n0), () OPTIONAL MATCH p0=(n0), (n0) WHERE NULL DETACH DELETE p0  RETURN 1 AS a0, 1 AS a1;
OPTIONAL MATCH ( n0 ) ,( ) WITH * OPTIONAL MATCH p0=(n0),(n0) WHERE NULL UNWIND 1 as l0 DETACH DELETE p0 RETURN 1 AS a0 , 1 AS a1 ;
MATCH (a) RETURN count(a);
MATCH (a) RETURN count(a);
MATCH (b)-[a]->(c) RETURN count(a);
MATCH (b)-[a]->(c) RETURN count(a);
CREATE p0=({k28:NULL, id:41})-[ :T2{id:42}]->(n0{id:43})<-[ :T4{id:44}]-({id:45}), (n1{id:46})-[r0 :T0{k45:NULL, id:47}]->(n2{id:48})-[ :T2{id:49}]->({id:50}) CREATE (n3 :L4{id:51})-[ :T0{id:52}]->({id:53})-[ :T4{id:54}]->(n4{id:55}) CREATE p1=(n5{id:56})<-[r1 :T4{id:57}]-(n6 :L4{id:58}), ({id:59})-[r2 :T0{id:60}]->(n7{k32:'Z', id:61}) RETURN 1 AS a0 UNION ALL OPTIONAL MATCH () WHERE false OPTIONAL MATCH ()<-[]-(n0), (n0)-[r0]->(n1)<-[]-() WHERE ((false OR true) AND true) MERGE ({id:62}) RETURN n0 AS a0;
CREATE (m0{ k28 : NULL , id : 41 } )CREATE (m0)- [ : T2 { id : 42 } ] - > ( n0 { id : 43 } ) < - [ : T4 { id : 44 } ] - ( { id : 45 } ) CREATE ({id:50})<-[ : T2 { id : 49 } ] -(n2{id:48})<-[ r0 : T0 { k45 : NULL , id : CASE WHEN TRUE THEN 47 END } ] -( n1 { id : 46 } ) CREATE (n3: L4 { id : 51 } )CREATE (n3)- [ : T0 { id : 52 } ] - > ( { id : 53 } ) - [ : T4 { id : 54 } ] - > ( n4 { id : CASE WHEN TRUE THEN 55 END } ) CREATE p1=(n6 :L4{id:58})-[ r1 : T4 { id : 57 } ] ->( n5 { id : 56 } ) CREATE ( { id : CASE WHEN FALSE THEN NULL ELSE 59 END } ) - [ r2 : T0 { id : 60 } ] - > ( n7 { k32 : 'Z' , id : 61 } ) RETURN 1 AS a0 ORDER BY FALSE SKIP 1 UNION ALL OPTIONAL MATCH ( ) WHERE false OPTIONAL MATCH ()-[:TYPE]-() OPTIONAL MATCH ( ) < - [ ] - ( n0 ) ,( n0 ) - [ r0 ] - > ( n1 ) < - [ ] - ( ) WHERE CASE WHEN FALSE THEN NULL ELSE ( CASE WHEN TRUE THEN ( false OR true ) AND true END ) END WITH * MERGE ( { id : 62 } ) WITH * RETURN n0 AS a0 ;
