-- Time: 2024/04/11 14:34:37
-- Database: janusgraph_database1091
-- Database version: composite
-- seed value: 1712812407616
CREATE (n0 :L5{k29 : '7mwTWg', k31 : 'wZCa', k30 : 354947753, id : 0, k32 : true, k34 : true});
CREATE (n0 :L1{k5 : false, k11 : false, id : 1, k6 : -2056535360, k8 : true, k9 : 'geRDh9V4g'});
CREATE (n0 :L0{k1 : 1659929835, k3 : true, k4 : 'nl', id : 2});
CREATE (n0 :L0{k1 : -425260696, k2 : 'CxqG', k3 : true, k4 : '2KsY', id : 3});
MATCH (n0 {id : 0}), (n1 {id : 3}) MERGE(n0)-[r :T3{k62 : -259554282, k61 : 499283793, k64 : true, k63 : false, id : 4, k59 : false, k58 : 'R6O8'}]->(n1);
MATCH (n0 {id : 0}), (n1 {id : 3}) MERGE(n0)-[r :T3{k62 : -76970864, k61 : -1324172914, k64 : false, k63 : false, id : 5, k59 : false, k58 : 'm'}]->(n1);
MATCH (n0 {id : 3}), (n1 {id : 0}) MERGE(n0)-[r :T1{k49 : true, k51 : -39260336, k52 : true, id : 6, k46 : 1026397295, k48 : '9', k47 : -668774375}]->(n1);
MERGE (n0{k30:416333572, id:7}) REMOVE n0.k2 CREATE (n1 :L5{id:8})-[r0 :T3{id:9}]->({k1:731735316, id:10}) RETURN n0 AS a0;
MERGE ( n0 { k30 : 416333572 , id : 7 } ) REMOVE n0 . k2 CREATE ({k1:731735316, id:10})<-[ r0 : T3 { id : CASE WHEN TRUE THEN 9 END } ] -( n1 : L5 { id : 8 } ) WITH * UNWIND 1 as l0 RETURN n0 AS a0 ;
MATCH (a) RETURN count(a);
MATCH (b)-[a]->(c) RETURN count(a);
MATCH (b)-[a]->(c) RETURN count(a);
OPTIONAL MATCH p0=()<-[ :T3{k63:NULL}]-()-[r0 :T3{k61:round(-71168789)}]-() OPTIONAL MATCH (n0) CREATE ({id:11}) RETURN 1 AS a0, 1 AS a1;
OPTIONAL MATCH p0 = ( ) < - [ : T3 { k63 : NULL } ] - ( ) - [ r0 : T3 { k61 : round ( -71168789 ) } ] - ( ) OPTIONAL MATCH ( n0 ) WITH * CREATE ( { id : CASE WHEN TRUE THEN 11 END } ) RETURN DISTINCT 1 AS a0 , 1 AS a1 ;
MATCH (a) RETURN count(a);
MATCH (a) RETURN count(a);
MATCH (b)-[a]->(c) RETURN count(a);
MATCH (b)-[a]->(c) RETURN count(a);
MERGE ({id:12})<-[r0 :T3{k63:true, id:13}]-({id:14}) MERGE (n0{id:15})<-[r1 :T3{id:16}]-(n1{k30:-334383061, id:17}) REMOVE n0.k2 RETURN (r0.k60) AS a0;
MERGE ( { id : 12 } ) < - [ r0 : T3 { k63 : true , id : 13 } ] - ( { id : 14 } ) MERGE pp0=( n0 { id : 15 } ) < - [ r1 : T3 { id : 16 } ] - ( n1 { k30 : -334383061 , id : 17 } ) REMOVE n0 . k2 RETURN ( r0 . k60 ) AS a0 ;
MATCH (a) RETURN count(a);
MATCH (a) RETURN count(a);
MATCH (b)-[a]->(c) RETURN count(a);
MATCH (b)-[a]->(c) RETURN count(a);
UNWIND [NULL] AS a0 UNWIND [x IN [NULL, NULL]] AS a1 CREATE ( :L0{k4:'W', id:18}), ( :L0{k3:false, id:19})<-[r0 :T3{id:20}]-(n0{id:21})-[ :T3{id:22}]->({k4:'QpRHOz', id:23}) RETURN 1 AS a2, 1 AS a3;
UNWIND CASE WHEN TRUE THEN [ NULL ] END AS a0 UNWIND [NULL] as l0 UNWIND [ x IN ([]+[ NULL , NULL ] )] AS a1 OPTIONAL MATCH ()-[:TYPE]-() CREATE ( : L0 { k4 : CASE WHEN TRUE THEN 'W' END , id : 18 } ) CREATE ( : L0 { k3 : false , id : 19 } ) < - [ r0 : T3 { id : 20 } ] - ( n0 { id : 21 } ) - [ : T3 { id : 22 } ] - > ( { k4 : 'QpRHOz' , id : 23 } ) RETURN 1 AS a2 , CASE WHEN TRUE THEN 1 END AS a3 ;
MATCH (a) RETURN count(a);
MATCH (a) RETURN count(a);
MATCH (b)-[a]->(c) RETURN count(a);
MATCH (b)-[a]->(c) RETURN count(a);
OPTIONAL MATCH (n0{k33:1622058772}) SET n0.k=false CREATE p0=(n1{id:24})-[r0 :T3{id:25}]->(n2{id:26}), (n3{k0:NULL, id:27}) RETURN 1 AS a0 SKIP 0;
OPTIONAL MATCH ( n0 { k33 : 1622058772 } ) SET n0 . k = false CREATE p0 = ( n1 { id : 24 } ) - [ r0 : T3 { id : 25 } ] - > ( n2 { id : CASE WHEN TRUE THEN 26 END } ) CREATE ( n3 { k0 : NULL , id : 27 } ) WITH * UNWIND 1 as l0 RETURN 1 AS a0 SKIP 0 ;
