-- Time: 2024/04/11 14:35:26
-- Database: janusgraph_database1102
-- Database version: composite
-- seed value: 1712812407627
CREATE (n0 {id : 0});
CREATE (n0 {id : 1});
CREATE (n0 :L2{k17 : -256334150, k16 : 'J', k18 : -1615098770, id : 2, k15 : 'he9W7', k14 : 'A'});
CREATE (n0 :L6{k39 : true, k38 : 'p56kT', k40 : false, k41 : false, id : 3, k37 : false});
MATCH (n0 {id : 0}), (n1 {id : 3}) MERGE(n0)-[r :T1{k49 : 'zKM', k51 : -1345876906, k50 : 'ooT1iX88P', k52 : 'LR', id : 4, k54 : 'FY'}]->(n1);
MATCH (n0 {id : 1}), (n1 {id : 2}) MERGE(n0)-[r :T1{k51 : 1037545080, k50 : 'V', k53 : false, k52 : 'C7N', id : 5, k54 : 'g', k48 : -503842719}]->(n1);
MATCH (n0 {id : 2}), (n1 {id : 3}) MERGE(n0)-[r :T4{k71 : 'j', k70 : false, id : 6, k68 : -51511047, k67 : -1098062313, k69 : -91376515}]->(n1);
MATCH (n0 {id : 3}), (n1 {id : 3}) MERGE(n0)-[r :T2{k60 : 'M1Lf1f', k55 : 1323091184, id : 7, k57 : 'CJdfS', k56 : true, k59 : 1741645830}]->(n1);
MATCH (n0 {id : 1}), (n1 {id : 0}) MERGE(n0)-[r :T3{k62 : 'E15', k61 : 'J', k63 : true, k66 : true, id : 8, k65 : 'HqXWU5hJ'}]->(n1);
MATCH (n0 {id : 2}), (n1 {id : 0}) MERGE(n0)-[r :T0{k42 : true, k44 : false, id : 9, k45 : -1739505458}]->(n1);
MATCH (n0 {id : 0}), (n1 {id : 1}) MERGE(n0)-[r :T2{k60 : 'A', k55 : -187050634, id : 10, k57 : 'C2bTZVRAQ', k56 : false, k59 : 246526628, k58 : 1501709873}]->(n1);
WITH NULL AS a0 WHERE NULL CREATE ({id:11})-[ :T2{id:12}]->(n0 :L6{id:13})<-[r0 :T1{k50:('j4X5diiY'+'HSaEPH'), id:14}]-({id:15}), ({k41:true, id:16})<-[ :T4{id:17}]-(n1 :L2{id:18})<-[r1 :T1{id:19}]-({id:20}) MERGE (n2 :L6{id:21})<-[r2 :T1{id:22}]-(n3{id:23}) RETURN (n2.k39) AS a1;
WITH NULL AS a0 WHERE NULL CREATE ( { id : 11 } ) - [ : T2 { id : 12 } ] - > ( n0 : L6 { id : CASE WHEN FALSE THEN NULL ELSE 13 END } ) < - [ r0 : T1 { k50 : ( ('j4X5diiY' +'') + 'HSaEPH' ) , id : CASE WHEN FALSE THEN NULL ELSE 14 END } ] - ( { id : 15 } ) CREATE ( { k41 : true , id : 16 } ) < - [ : T4 { id : 17 } ] - ( n1 : L2 { id : 18 } ) < - [ r1 : T1 { id : 19 } ] - ( { id : 20 } ) MERGE pp0=( n2 : L6 { id : 21 } ) < - [ r2 : T1 { id : 22 } ] - ( n3 { id : 23 } ) RETURN DISTINCT ( n2 . k39 ) AS a1 ;
MATCH (a) RETURN count(a);
MATCH (b)-[a]->(c) RETURN count(a);
MATCH (b)-[a]->(c) RETURN count(a);
MERGE ({id:24}) MERGE ({id:25}) CREATE ({id:26})-[ :T2{id:27}]->( :L6{id:28}), (n2{id:29})<-[ :T2{id:30}]-({id:31})<-[r0 :T0{id:32}]-(n3{id:33}) RETURN 1 AS a2;
MERGE pp0=( { id : 24 } ) MERGE ( { id : 25 } ) CREATE ( :L6{id:28})<-[ : T2 { id : 27 } ] -( { id : 26 } ) CREATE ( n2 { id : 29 } ) < - [ : T2 { id : 30 } ] - ( { id : 31 } ) < - [ r0 : T0 { id : 32 } ] - ( n3 { id : 33 } ) RETURN 1 AS a2 ;
