-- Time: 2024/04/11 14:26:00
-- Database: janusgraph_database975
-- Database version: composite
-- seed value: 1712812407500
CREATE (n0 :L1{k5 : true, id : 0, k6 : '5', k7 : -1740896683, k8 : -816820711, k9 : 'B'});
CREATE (n0 :L0{k0 : true, k1 : '7lExoNHa', k2 : -1030241635, k4 : 44213459, id : 1});
CREATE (n0 {id : 2});
CREATE (n0 :L0{k0 : false, k1 : 'u', k2 : 1742240206, k3 : 'P', k4 : 82929093, id : 3});
MATCH (n0 {id : 1}), (n1 {id : 2}) MERGE(n0)-[r :T0{k39 : true, k38 : 1028331948, id : 4, k37 : 'PF', k36 : -1860144001}]->(n1);
MATCH (n0 {id : 3}), (n1 {id : 1}) MERGE(n0)-[r :T5{k70 : true, k64 : 2103294653, id : 5, k65 : 273275329, k68 : true, k67 : false, k69 : true}]->(n1);
MATCH (n0 {id : 3}), (n1 {id : 2}) MERGE(n0)-[r :T0{k39 : false, k38 : 158113238, id : 6, k35 : 'i', k37 : 'U'}]->(n1);
UNWIND CASE WHEN NULL THEN [{k1: [], k2: NULL}, {k1: {}, k2: NULL}] END AS a0 MERGE ({id:7}) CREATE p0=({id:8})-[r0 :T0{id:9}]->(n0{id:10})<-[ :T0{k35:'7', id:11}]-(n1 :L0{id:12}), ({id:13}) RETURN NULL AS a1 UNION MERGE ({k3:'9', id:14})-[r0 :T5{id:15}]-( :L0{id:16})-[r1 :T0{id:17}]-({id:18}) MERGE (n0 :L0{id:19}) REMOVE n0.k2 RETURN 1 AS a1 ORDER BY (r1.k37), a1;
UNWIND CASE WHEN NULL THEN [ CASE WHEN TRUE THEN { k1 : [ ] , k2 : CASE WHEN TRUE THEN NULL END } END , { k1 : { } , k2 : NULL } ] END AS a0 WITH * MERGE ( { id : CASE WHEN TRUE THEN 7 END } ) WITH * CREATE p0=(n1 :L0{id:12})-[ : T0 { k35 : '7' , id : 11 } ] ->(n0{id:10})<-[ r0 : T0 { id : 9 } ] -( { id : 8 } ) CREATE ( { id : CASE WHEN FALSE THEN NULL ELSE 13 END } ) RETURN NULL AS a1 UNION MERGE ( { k3 : '9' , id : CASE WHEN FALSE THEN NULL ELSE 14 END } ) - [ r0 : T5 { id : 15 } ] - ( : L0 { id : 16 } ) - [ r1 : T0 { id : CASE WHEN TRUE THEN 17 END } ] - ( { id : CASE WHEN TRUE THEN 18 END } ) WITH * MERGE ( n0 : L0 { id : 19 } ) WITH * UNWIND [1] as l0 REMOVE n0 . k2 WITH * OPTIONAL MATCH ()-[:TYPE]-() RETURN 1 AS a1 ORDER BY (r1.k37), a1 ;
MATCH (a) RETURN count(a);
MATCH (b)-[a]->(c) RETURN count(a);
MATCH (b)-[a]->(c) RETURN count(a);
OPTIONAL MATCH (n0)-[r0 :T0{k36:NULL}]->(), () WHERE false MERGE ({k8:-1149432181, id:20}) MERGE (n1{k1:'6UH', id:21})-[r1 :T0{id:22}]->(n2{id:23})-[ :T0{id:24}]-(n3 :L0{id:25}) RETURN 1 AS a0, n0 AS a1;
OPTIONAL MATCH ( n0 ) - [ r0 : T0 { k36 : NULL } ] - > ( ) ,( ) WHERE false MERGE pp0=( { k8 : -1149432181 , id : CASE WHEN TRUE THEN 20 END } ) MERGE ( n1 { k1 : '6UH' , id : 21 } ) - [ r1 : T0 { id : 22 } ] - > ( n2 { id : 23 } ) - [ : T0 { id : 24 } ] - ( n3 : L0 { id : 25 } ) WITH * UNWIND 1 as l0 RETURN 1 AS a0 , n0 AS a1 SKIP 1 ;
MATCH (a) RETURN count(a);
MATCH (a) RETURN count(a);
MATCH (b)-[a]->(c) RETURN count(a);
MATCH (b)-[a]->(c) RETURN count(a);
WITH DISTINCT * LIMIT 1 WHERE NULL MERGE ( :L0{id:26})-[r0 :T0{k35:'B', id:27}]->({id:28}) CREATE (n0{k3:'2', id:29})-[r1 :T0{id:30}]->({id:31}), p0=(n1{id:32})<-[ :T0{k36:(r0.k36), id:33}]-({id:34})<-[ :T5{k69:false, id:35}]-({id:36}) RETURN properties(relationships(NULL)[toIntegerOrNull(abs(661485174))]) AS a0, nodes(NULL)[toIntegerOrNull(abs(CASE WHEN (r0.k39) THEN round(1467467360) END))] AS a1 LIMIT 1;
WITH DISTINCT * LIMIT 1 WHERE NULL MERGE ( : L0 { id : 26 } ) - [ r0 : T0 { k35 : 'B' , id : 27 } ] - > ( { id : 28 } ) CREATE ( n0 { k3 : CASE WHEN FALSE THEN NULL ELSE '2' END , id : 29 } ) - [ r1 : T0 { id : 30 } ] - > ( { id : 31 } ) CREATE p0 = ( n1 { id : 32 } ) < - [ : T0 { k36 : CASE WHEN FALSE THEN NULL ELSE ( r0 . k36 ) END , id : 33 } ] - ( { id : CASE WHEN FALSE THEN NULL ELSE 34 END } ) < - [ : T5 { k69 : false , id : 35 } ] - ( { id : 36 } ) RETURN properties ( (relationships ( NULL ) +[]) [ toIntegerOrNull ( abs ( CASE WHEN TRUE THEN 661485174 END ) ) ] ) AS a0 , nodes ( CASE WHEN FALSE THEN NULL ELSE NULL END ) [ toIntegerOrNull ( CASE WHEN TRUE THEN abs ( CASE WHEN ( r0 . k39 ) THEN round ( 1467467360 ) END ) END ) ] AS a1 LIMIT 1 ;
MATCH (a) RETURN count(a);
MATCH (a) RETURN count(a);
MATCH (b)-[a]->(c) RETURN count(a);
MATCH (b)-[a]->(c) RETURN count(a);
MERGE ({id:37})<-[r0 :T5{id:38}]-(n0 :L0{k0:true, id:39})-[r1 :T0{id:40}]-(n1{id:41}) MERGE ({id:42}) REMOVE n0.k2 RETURN 1 AS a2, 1 AS a3 SKIP 0;
MERGE ( { id : CASE WHEN FALSE THEN NULL ELSE 37 END } ) < - [ r0 : T5 { id : 38 } ] - ( n0 : L0 { k0 : true , id : 39 } ) - [ r1 : T0 { id : 40 } ] - ( n1 { id : 41 } ) MERGE ( { id : CASE WHEN FALSE THEN NULL ELSE 42 END } ) WITH * UNWIND [NULL] as l0 REMOVE n0 . k2 RETURN 1 AS a2 , 1 AS a3 SKIP 0 ;
