-- Time: 2024/04/11 14:35:44
-- Database: janusgraph_database1106
-- Database version: composite
-- seed value: 1712812407631
CREATE (n0 :L2{k17 : 'izum', k16 : false, k19 : 'RY9fXLkvY', k18 : 'x', id : 0, k15 : 'E', k14 : true});
CREATE (n0 {id : 1});
CREATE (n0 {id : 2});
CREATE (n0 :L4{k28 : 'D', k27 : 'UB8', k29 : true, k30 : 60013442, id : 3, k26 : true, k25 : 'vEYED'});
MATCH (n0 {id : 3}), (n1 {id : 2}) MERGE(n0)-[r :T5{k62 : 'RV23V', k61 : 'b', k64 : -849152958, k63 : 'f37timmvw', id : 4}]->(n1);
MATCH (n0 {id : 2}), (n1 {id : 2}) MERGE(n0)-[r :T0{k31 : true, k33 : -1453451710, id : 5, k32 : 'Y', k35 : true, k34 : '57NrI', k37 : 'f', k36 : true}]->(n1);
MATCH (n0 {id : 1}), (n1 {id : 1}) MERGE(n0)-[r :T2{k49 : false, k44 : false, id : 6, k46 : 'x', k45 : 141116392, k48 : 'y'}]->(n1);
MATCH (n0 {id : 1}), (n1 {id : 0}) MERGE(n0)-[r :T1{k39 : -627057386, k38 : false, k42 : false, k41 : -121650854, id : 7}]->(n1);
MATCH (n0 {id : 3}), (n1 {id : 2}) MERGE(n0)-[r :T4{k60 : 'Bb9zHTZbU', k55 : false, id : 8, k57 : false, k56 : 'rh'}]->(n1);
MATCH (n0 {id : 3}), (n1 {id : 1}) MERGE(n0)-[r :T3{k51 : false, k50 : -1872374291, k53 : 796692097, k52 : 1106393312, id : 9, k54 : true}]->(n1);
MATCH (n0 {id : 3}), (n1 {id : 1}) MERGE(n0)-[r :T0{k31 : false, k33 : -2001440111, id : 10, k32 : 'J', k35 : false, k37 : 'U', k36 : false}]->(n1);
UNWIND [CASE WHEN NULL THEN [NULL] END, [p0=(n0)-[]-(n1)-[r0]->(n2{k17:NULL})|NULL]] AS a0 MATCH (n3)-[ :T3{k52:-660753885}]-(n4)-[r1]->(n5), (n3)-[]->()-[r1]->() MERGE (n6{id:11}) RETURN 1 AS a1 UNION ALL WITH DISTINCT {k1: ((round(591512794)-NULL)*1405699512), k2: relationships(NULL)[toIntegerOrNull(abs(-1635859125))]} AS a0 MERGE (n0{id:12}) DETACH DELETE n0  RETURN NULL AS a1 SKIP 1;
UNWIND [ CASE WHEN NULL THEN ([ CASE WHEN TRUE THEN NULL END ] +[]) END , [ p0 = ( n0 ) - [ ] - ( n1 ) - [ r0 ] - > ( n2 { k17 : NULL } ) | NULL ] ] AS a0 MATCH ( n3 ) - [ : T3 { k52 : -660753885 } ] - ( n4 ) - [ r1 ] - > ( n5 ) ,( n3 ) - [ ] - > ( ) - [ r1 ] - > ( ) WITH * WHERE TRUE MERGE ( n6 { id : 11 } ) RETURN 1 AS a1 UNION ALL WITH DISTINCT { k1 : ( ( round ( 591512794 ) - NULL ) * 1405699512 ) , k2 : relationships ( NULL ) [ CASE WHEN TRUE THEN toIntegerOrNull ( CASE WHEN FALSE THEN NULL ELSE abs ( -1635859125 ) END ) END ] } AS a0 OPTIONAL MATCH ()-[:TYPE]-() MERGE pp0=( n0 { id : 12 } ) WITH * OPTIONAL MATCH ()-[:TYPE]-() DETACH DELETE n0 WITH * RETURN NULL AS a1 SKIP 1 ;
MATCH (a) RETURN count(a);
MATCH (b)-[a]->(c) RETURN count(a);
MATCH (b)-[a]->(c) RETURN count(a);
MERGE ({id:13}) MERGE (n0{id:14}) DETACH DELETE n0  RETURN 1 AS a0;
MERGE ( { id : 13 } ) MERGE ( n0 { id : 14 } ) DETACH DELETE n0 RETURN 1 AS a0 ;
