-- Time: 2024/04/11 13:27:54
-- Database: janusgraph_database190
-- Database version: composite
-- seed value: 1712812406713
CREATE (n0 {id : 0});
CREATE (n0 :L3{k19 : 'E', k22 : 1770019569, id : 1, k21 : -75352301, k24 : -578978994, k23 : '6w'});
CREATE (n0 :L5{k31 : true, k30 : '6', k33 : -95443871, id : 2, k35 : 1703748326, k34 : 1839835614, k36 : false});
CREATE (n0 :L4{k27 : true, k29 : 207985917, id : 3, k26 : true, k25 : 1462183529});
MATCH (n0 {id : 3}), (n1 {id : 3}) MERGE(n0)-[r :T2{k50 : false, k53 : 249033885, k52 : true, k55 : true, id : 4, k54 : false, k56 : 'l'}]->(n1);
MATCH (n0 {id : 2}), (n1 {id : 2}) MERGE(n0)-[r :T4{k64 : true, id : 5, k65 : 'q', k68 : -1999770422, k67 : '5fja2'}]->(n1);
MATCH (n0 {id : 1}), (n1 {id : 2}) MERGE(n0)-[r :T6{k80 : -1966821442, k81 : true, k75 : 'SZAw', k77 : 'T', id : 6, k76 : false, k78 : 1939315755}]->(n1);
MATCH (n0 {id : 2}), (n1 {id : 0}) MERGE(n0)-[r :T4{k64 : true, k66 : -922167175, id : 7, k65 : 'zdNG9', k68 : 215957502}]->(n1);
WITH * UNWIND [NULL] AS a0 CREATE (n0{k21:NULL, id:8}), p0=(n1 :L3{id:9})<-[r0 :T2{id:10}]-({k35:NULL, id:11}) RETURN a0 AS a1, relationships(NULL)[toIntegerOrNull(abs(NULL))] AS a2;
WITH * OPTIONAL MATCH ()-[:TYPE]-() UNWIND [ NULL ] AS a0 CREATE ( n0 { k21 : NULL , id : 8 } ) CREATE p0 = ( n1 : L3 { id : 9 } ) < - [ r0 : T2 { id : CASE WHEN TRUE THEN 10 END } ] - ( { k35 : NULL , id : 11 } ) RETURN a0 AS a1 , relationships ( NULL ) [ toIntegerOrNull ( abs ( NULL ) ) ] AS a2 ;
MATCH (a) RETURN count(a);
MATCH (b)-[a]->(c) RETURN count(a);
MATCH (b)-[a]->(c) RETURN count(a);
MATCH (n0)-[r0 :T4{k65:NULL}]-(n1 :L5)-[r1 :T4{k64:isEmpty(keys(relationships(NULL)[toIntegerOrNull(abs(588187390))]))}]-(n4), p1=(n2) MERGE (n5{k34:934520059, id:12})-[ :T4{k65:'7', id:13}]->({id:14})-[ :T4{k68:1000085495, id:15}]->({id:16}) MERGE (n6 :L5{id:17})-[ :T4{id:18}]-( :L5{id:19}) RETURN DISTINCT 1 AS a0 LIMIT 0;
MATCH (n0),()<-[r0:T4{k65:NULL}]-(),(n1:L5),()<-[r1:T4{k64:isEmpty(keys(relationships(NULL)[toIntegerOrNull(abs(588187390))]))}]-(),(n4),p1=(n2) WHERE exists((n0)-[r0]-(n1)-[r1]-(n4)) MERGE ( n5 { k34 : 934520059 , id : 12 } ) - [ : T4 { k65 : '7' , id : 13 } ] - > ( { id : 14 } ) - [ : T4 { k68 : CASE WHEN FALSE THEN NULL ELSE 1000085495 END , id : 15 } ] - > ( { id : 16 } ) WITH * OPTIONAL MATCH ()-[:TYPE]-() MERGE ( n6 : L5 { id : 17 } ) - [ : T4 { id : CASE WHEN TRUE THEN 18 END } ] - ( : L5 { id : 19 } ) RETURN DISTINCT 1 AS a0 ORDER BY FALSE DESC LIMIT 0 ;
MATCH (a) RETURN count(a);
MATCH (a) RETURN count(a);
MATCH (b)-[a]->(c) RETURN count(a);
MATCH (b)-[a]->(c) RETURN count(a);
OPTIONAL MATCH ( :L4{k28:NULL}) OPTIONAL MATCH ()<-[r0]-() MERGE (n0{id:20})-[r1 :T2{id:21}]-( :L4{id:22}) RETURN DISTINCT 1 AS a0;
OPTIONAL MATCH ()-[*0..0]-( : L4 { k28 : NULL } ) OPTIONAL MATCH ()-[:TYPE]-() OPTIONAL MATCH (nn0),()<-[r0]-(),(nn1) WHERE exists((nn0)<-[r0]-(nn1)) WITH * MERGE ( n0 { id : 20 } ) - [ r1 : T2 { id : 21 } ] - ( : L4 { id : 22 } ) RETURN DISTINCT 1 AS a0 ;
MATCH (a) RETURN count(a);
MATCH (a) RETURN count(a);
MATCH (b)-[a]->(c) RETURN count(a);
MATCH (b)-[a]->(c) RETURN count(a);
MERGE ( :L5{id:23}) MERGE ( :L3{id:24}) CREATE (n0 :L5{id:25})-[ :T4{id:26}]->( :L5{k35:303946137, id:27}), (n1{id:28}) RETURN true AS a0 LIMIT 1;
MERGE pp0=( : L5 { id : CASE WHEN TRUE THEN 23 END } ) MERGE ( : L3 { id : 24 } ) WITH * CREATE ( :L5{k35:303946137, id:27})<-[ : T4 { id : 26 } ] -( n0 : L5 { id : 25 } ) CREATE ( n1 { id : 28 } ) WITH * RETURN true AS a0 LIMIT 1 ;
MATCH (a) RETURN count(a);
MATCH (a) RETURN count(a);
MATCH (b)-[a]->(c) RETURN count(a);
MATCH (b)-[a]->(c) RETURN count(a);
MERGE ({k22:-664325522, id:29})-[ :T4{id:30}]-(n1{k35:-263199163, id:31}) DETACH DELETE n1  CREATE ( :L3{id:32})-[ :T6{id:33}]->({k32:NULL, id:34}), ({id:35}) RETURN 1 AS a2;
MERGE ( { k22 : -664325522 , id : 29 } ) - [ : T4 { id : 30 } ] - ( n1 { k35 : -263199163 , id : 31 } ) DETACH DELETE n1 CREATE ( : L3 { id : 32 } ) - [ : T6 { id : 33 } ] - > ( { k32 : NULL , id : 34 } ) CREATE ( { id : 35 } ) RETURN 1 AS a2 ;
MATCH (a) RETURN count(a);
MATCH (a) RETURN count(a);
MATCH (b)-[a]->(c) RETURN count(a);
MATCH (b)-[a]->(c) RETURN count(a);
CREATE p0=({id:36})-[r0 :T2{id:37}]->(n0 :L4{k28:type(NULL), id:38}) CREATE (n3{id:39})-[r2 :T2{id:40}]->(n4{k27:NULL, id:41}) MERGE (n5 :L5{id:42})-[r3 :T4{id:43}]-(n6{id:44}) RETURN NULL AS a0;
CREATE p0=(n0 :L4{k28:type(NULL), id:38})<-[ r0 : T2 { id : 37 } ] -( { id : 36 } ) WITH * CREATE (n3{ id : 39 } )CREATE (n3)- [ r2 : T2 { id : 40 } ] - > ( n4 { k27 : CASE WHEN TRUE THEN NULL END , id : 41 } ) WITH * MERGE ( n5 : L5 { id : 42 } ) - [ r3 : T4 { id : 43 } ] - ( n6 { id : 44 } ) WITH * RETURN NULL AS a0 ;
