-- Time: 2024/04/11 14:01:52
-- Database: janusgraph_database649
-- Database version: composite
-- seed value: 1712812407173
CREATE (n0 :L4{k28 : true, k27 : -970905613, id : 0, k26 : 2009212937, k25 : 'p'});
CREATE (n0 :L4{k28 : true, k27 : 546161286, id : 1, k24 : 'W', k26 : -1263027641, k25 : 'I'});
CREATE (n0 :L5{k29 : -1734253511, k31 : '1', k30 : false, k33 : 1810776844, id : 2, k32 : false, k34 : -1139709909});
CREATE (n0 :L1{id : 3, k6 : true, k10 : '7lig28cEs', k7 : 298085631, k8 : -682225737, k9 : 'o9EF6IXRA'});
MATCH (n0 {id : 3}), (n1 {id : 3}) MERGE(n0)-[r :T5{k64 : true, k66 : 578538336, id : 4, k65 : 'C3Y59', k68 : '1', k67 : false}]->(n1);
MATCH (n0 {id : 2}), (n1 {id : 2}) MERGE(n0)-[r :T4{k60 : true, k62 : 720307284, k63 : -54938501, id : 5, k58 : -540422593}]->(n1);
MATCH (n0 {id : 0}), (n1 {id : 1}) MERGE(n0)-[r :T4{k60 : false, k61 : 'Mqt', k63 : 1240560448, id : 6, k59 : false, k58 : -1753602129}]->(n1);
CREATE (n0{id:7})<-[ :T5{id:8}]-( :L4{id:9}) MERGE (n1{id:10}) SET n1.k=(false OR CASE WHEN toBooleanList([])[toIntegerOrNull(abs(279445055))] THEN NULL END) RETURN DISTINCT NULL AS a0;
CREATE ( n0 { id : CASE WHEN TRUE THEN 7 END } ) < - [ : T5 { id : 8 } ] - ( : L4 { id : 9 } ) MERGE ( n1 { id : 10 } ) WITH * UNWIND [1] as l0 SET n1 . k = ( false OR CASE WHEN toBooleanList ( [ ] ) [ toIntegerOrNull ( abs ( 279445055 ) ) ] THEN NULL END ) RETURN DISTINCT NULL AS a0 ;
MATCH (a) RETURN count(a);
MATCH (b)-[a]->(c) RETURN count(a);
MATCH (b)-[a]->(c) RETURN count(a);
CREATE ({id:11}) MERGE (n0{id:12})<-[r0 :T4{k58:286725891, id:13}]-( :L5{id:14}) MERGE (n1 :L5{id:15})-[ :T4{id:16}]-({id:17}) RETURN DISTINCT *, (n1.k30) AS a0;
CREATE ( { id : 11 } ) MERGE ( n0 { id : 12 } ) < - [ r0 : T4 { k58 : 286725891 , id : 13 } ] - ( : L5 { id : 14 } ) WITH * OPTIONAL MATCH ()-[:TYPE]-() MERGE ( n1 : L5 { id : 15 } ) - [ : T4 { id : 16 } ] - ( { id : 17 } ) WITH * OPTIONAL MATCH ()-[:TYPE]-() RETURN DISTINCT * , ( n1 . k30 ) AS a0 ;
MATCH (a) RETURN count(a);
MATCH (a) RETURN count(a);
MATCH (b)-[a]->(c) RETURN count(a);
MATCH (b)-[a]->(c) RETURN count(a);
OPTIONAL MATCH (n0)-[r0]-(n1) CREATE ( :L1{k11:false, id:18})-[r1 :T5{id:19}]->({k6:NULL, id:20}) SET n1.k=false RETURN n1 AS a0;
OPTIONAL MATCH (n0)-[*0..0]-( n0 ) - [ r0 ] - ( n1 ) CREATE (m0: L1 { k11 : false , id : 18 } )CREATE (m0)- [ r1 : T5 { id : CASE WHEN TRUE THEN 19 END } ] - > ( { k6 : NULL , id : 20 } ) WITH * UNWIND [1] as l0 SET n1 . k = false WITH * RETURN n1 AS a0 ;
