-- Time: 2024/04/11 14:05:10
-- Database: janusgraph_database694
-- Database version: composite
-- seed value: 1712812407218
CREATE (n0 :L4{k28 : false, k27 : true, k29 : 'SO', k31 : true, k30 : 1981069736, id : 0, k32 : true});
CREATE (n0 :L3{k20 : '9jg4p', k22 : true, id : 1, k24 : 'uj', k23 : -302843941, k26 : -1858193394});
CREATE (n0 :L3{k20 : 'z', k22 : false, id : 2, k21 : 116398118, k24 : 'H', k23 : -1272173374, k26 : -1799707717, k25 : false});
CREATE (n0 :L0{k0 : -1156921236, k1 : true, k2 : 'B', k3 : 'M', k4 : 'b', k5 : -909963609, id : 3, k6 : true});
MATCH (n0 {id : 3}), (n1 {id : 2}) MERGE(n0)-[r :T6{k80 : 'mP', k82 : true, k84 : -1690890565, k83 : 'T', k85 : true, id : 4}]->(n1);
MATCH (n0 {id : 2}), (n1 {id : 0}) MERGE(n0)-[r :T1{k51 : -544130449, k53 : '0s6', k52 : 'C', k55 : 306245084, id : 5, k54 : 'z', k56 : '5'}]->(n1);
MATCH (n0 {id : 2}), (n1 {id : 3}) MERGE(n0)-[r :T4{k71 : -1530274836, k70 : 'j', k73 : false, k72 : 'F', id : 6, k69 : 'C'}]->(n1);
MATCH (n0 {id : 2}), (n1 {id : 3}) MERGE(n0)-[r :T4{k70 : '8is7', k73 : true, k72 : 'CgR', id : 7}]->(n1);
MATCH (n0 {id : 2}), (n1 {id : 0}) MERGE(n0)-[r :T6{k80 : 'a', k82 : true, k81 : false, k84 : 902405910, k83 : 'La', id : 8}]->(n1);
MATCH (n0 {id : 3}), (n1 {id : 1}) MERGE(n0)-[r :T4{k71 : 1429742302, k70 : 'bdhaYVqRv', k73 : false, k72 : 'V', id : 9, k69 : '0Cib'}]->(n1);
MERGE ( :L3{id:10})-[r0 :T6{k84:-1723164816, id:11}]-(n0{id:12}) DETACH DELETE n0  CREATE (n1{id:13})<-[ :T6{id:14}]-({k6:true, id:15}) RETURN 1 AS a0;
MERGE ( : L3 { id : 10 } ) - [ r0 : T6 { k84 : -1723164816 , id : 11 } ] - ( n0 { id : CASE WHEN FALSE THEN NULL ELSE 12 END } ) WITH * DETACH DELETE n0 WITH * UNWIND [1] as l0 CREATE ( n1 { id : 13 } ) < - [ : T6 { id : 14 } ] - ( { k6 : true , id : CASE WHEN TRUE THEN 15 END } ) RETURN DISTINCT 1 AS a0 ;
MATCH (a) RETURN count(a);
MATCH (b)-[a]->(c) RETURN count(a);
MATCH (b)-[a]->(c) RETURN count(a);
MATCH ()-[*..2]->(n0), (n1)-[r0 :T1{k56:NULL}]->(n2{k30:((toIntegerList([NULL, NULL])[toIntegerOrNull(abs(927497320))]/(r0.k51))*(length(NULL)*round(650175166)))}) MERGE (n3{id:16})-[ :T4{k69:'U', id:17}]-(n4 :L3{k26:-697333273, id:18}) DETACH DELETE r0  RETURN DISTINCT 1 AS a0;
MATCH ( ) - [ * .. 2 ] - > ( n0 ) ,( n1 ) - [ r0 : T1 { k56 : NULL } ] - > ( n2 { k30 : ( ( toIntegerList ( [ NULL , NULL ] ) [ toIntegerOrNull ( abs ( 927497320 ) ) ] / ( r0 . k51 ) ) * ( length ( NULL ) * round ( 650175166 ) ) ) } ) UNWIND [NULL] as l0 MERGE ( n3 { id : 16 } ) - [ : T4 { k69 : CASE WHEN TRUE THEN 'U' END , id : 17 } ] - ( n4 : L3 { k26 : -697333273 , id : 18 } ) DETACH DELETE r0 WITH * UNWIND [NULL] as l1 RETURN DISTINCT 1 AS a0 ;
MATCH (a) RETURN count(a);
MATCH (a) RETURN count(a);
MATCH (b)-[a]->(c) RETURN count(a);
MATCH (b)-[a]->(c) RETURN count(a);
MERGE ({id:19})<-[r0 :T4{k69:'n', id:20}]-({k3:'P3j', id:21}) DETACH DELETE r0  MERGE ( :L0{id:22})<-[r1 :T4{id:23}]-({id:24})-[r2 :T1{id:25}]-(n0{id:26}) RETURN (r2.k56) AS a0, 1 AS a1;
MERGE ( { id : 19 } ) < - [ r0 : T4 { k69 : 'n' , id : CASE WHEN FALSE THEN NULL ELSE 20 END } ] - ( { k3 : 'P3j' , id : 21 } ) WITH * OPTIONAL MATCH ()-[:TYPE]-() DETACH DELETE r0 MERGE ( : L0 { id : CASE WHEN TRUE THEN 22 END } ) < - [ r1 : T4 { id : CASE WHEN TRUE THEN 23 END } ] - ( { id : 24 } ) - [ r2 : T1 { id : 25 } ] - ( n0 { id : 26 } ) WITH * RETURN CASE WHEN FALSE THEN NULL ELSE ( r2 . k56 ) END AS a0 , 1 AS a1 ;
