-- Time: 2024/04/11 14:04:21
-- Database: janusgraph_database683
-- Database version: composite
-- seed value: 1712812407207
CREATE (n0 :L4{k28 : -1907506745, k27 : 'J', id : 0, k24 : false, k26 : false, k25 : '3OuE15'});
CREATE (n0 :L2{k17 : true, k16 : true, k18 : -837237033, id : 1, k15 : false, k14 : false});
CREATE (n0 :L5{k29 : false, k31 : 'dh', k30 : 'zlf', k33 : true, id : 2, k32 : -250230836, k34 : 'z7f'});
CREATE (n0 :L3{k19 : false, k20 : 'GT9', k22 : -1017623516, id : 3, k21 : 951368129, k23 : 729212557});
MATCH (n0 {id : 1}), (n1 {id : 2}) MERGE(n0)-[r :T0{k40 : '5r', k42 : false, k41 : -1004303175, k44 : -239829289, id : 4, k43 : 596535517}]->(n1);
MATCH (n0 {id : 3}), (n1 {id : 0}) MERGE(n0)-[r :T1{k49 : true, k51 : 'NfGE0', id : 5, k46 : 'b3UkSi', k45 : false, k48 : -164719798, k47 : 'I'}]->(n1);
MATCH (n0 {id : 0}), (n1 {id : 3}) MERGE(n0)-[r :T4{k66 : -1033434070, id : 6, k67 : 'I', k69 : 168062939}]->(n1);
MATCH (n0 {id : 3}), (n1 {id : 1}) MERGE(n0)-[r :T3{k60 : true, k62 : false, k61 : true, k64 : 44968167, k63 : 'UgC', id : 7, k65 : false, k59 : true}]->(n1);
MATCH (n0 {id : 1}), (n1 {id : 2}) MERGE(n0)-[r :T4{k70 : -1016245922, k66 : 281820593, id : 8, k68 : 858511535, k67 : 'z', k69 : 1260934565}]->(n1);
MATCH (n0 {id : 0}), (n1 {id : 2}) MERGE(n0)-[r :T3{k60 : true, k62 : true, k61 : true, k64 : 2066928367, k63 : 'zwSAS', id : 9, k65 : true, k59 : true}]->(n1);
MATCH (n0 {id : 2}), (n1 {id : 1}) MERGE(n0)-[r :T4{k70 : 1457731299, k66 : -2086288223, id : 10, k68 : -1870550521, k67 : 'I'}]->(n1);
OPTIONAL MATCH (), ()-[ :T1{k46:(toStringOrNull(NULL)+type(relationships(NULL)[toIntegerOrNull(abs(1928742757))]))}]-(n0) CREATE (n1{id:11})-[ :T0{id:12}]->(n2{id:13})<-[r0 :T3{id:14}]-(n3{k27:'l', id:15}), (n4{k14:NULL, id:16})-[ :T0{id:17}]->({k33:NULL, id:18}) DETACH DELETE n0  RETURN 1 AS a0, 1 AS a1 ORDER BY NULL, a1 DESC;
OPTIONAL MATCH (),(nn0),()<-[m1:T1{k46:(toStringOrNull(NULL)+type(relationships(NULL)[toIntegerOrNull(abs(1928742757))]))}]-(),(n0) WHERE exists((nn0)-[m1]-(n0)) CREATE ( n1 { id : 11 } ) - [ : T0 { id : 12 } ] - > ( n2 { id : CASE WHEN TRUE THEN 13 END } ) < - [ r0 : T3 { id : 14 } ] - ( n3 { k27 : 'l' , id : 15 } ) CREATE ( n4 { k14 : NULL , id : 16 } ) - [ : T0 { id : 17 } ] - > ( { k33 : NULL , id : 18 } ) DETACH DELETE n0 WITH * UNWIND [1] as l0 RETURN 1 AS a0 , 1 AS a1 ORDER BY NULL, a1 DESC ;
MATCH (a) RETURN count(a);
MATCH (b)-[a]->(c) RETURN count(a);
MATCH (b)-[a]->(c) RETURN count(a);
UNWIND toBooleanList([x IN [NULL, endNode(NULL)]]) AS a0 MATCH (n0)<-[r0 :T1{k49:true}]-( :L3), (n0)-[r0]-(n1)<-[*0..]-() REMOVE n0.k2 RETURN CASE WHEN isEmpty(NULL) THEN properties(r0) END AS a1, 1 AS a2;
UNWIND toBooleanList ( [ x IN [ NULL , CASE WHEN TRUE THEN endNode ( NULL ) END ] ] ) AS a0 MATCH ( n0 ) < - [ r0 : T1 { k49 : true } ] - ( : L3 ) ,(n0)-[*0..0]-( n0 ) - [ r0 ] - ( n1 ) < - [ * 0 .. ] - ( ) WHERE TRUE REMOVE n0 . k2 WITH * RETURN CASE WHEN isEmpty ( NULL ) THEN properties ( r0 ) END AS a1 , 1 AS a2 ;
MATCH (a) RETURN count(a);
MATCH (a) RETURN count(a);
MATCH (b)-[a]->(c) RETURN count(a);
MATCH (b)-[a]->(c) RETURN count(a);
MERGE (n0 :L4{id:19}) CREATE (n1{k23:(n0.k28), id:20})-[r0 :T3{k65:true, id:21}]->( :L2{k17:(n0.k26), id:22})<-[ :T4{id:23}]-( :L5{id:24}), (n2{id:25}) SET n0.k=round((n0.k28)) RETURN n0 AS a0, 'k' AS a1;
MERGE ( n0 : L4 { id : 19 } ) CREATE ( :L5{id:24})-[ : T4 { id : 23 } ] ->( :L2{k17:(n0.k26), id:22})<-[ r0 : T3 { k65 : true , id : 21 } ] -( n1 { k23 : ( CASE WHEN TRUE THEN n0 . k28 END ) , id : 20 } ) CREATE ( n2 { id : CASE WHEN FALSE THEN NULL ELSE 25 END } ) WITH * OPTIONAL MATCH ()-[:TYPE]-() SET n0 . k = round ( ( n0 . k28 ) ) WITH * OPTIONAL MATCH ()-[:TYPE]-() RETURN n0 AS a0 , 'k' AS a1 ;
MATCH (a) RETURN count(a);
MATCH (a) RETURN count(a);
MATCH (b)-[a]->(c) RETURN count(a);
MATCH (b)-[a]->(c) RETURN count(a);
OPTIONAL MATCH (n1) WHERE NULL CREATE p0=({id:26}), ({id:27})-[r2 :T4{id:28}]->({id:29})<-[ :T3{k63:NULL, id:30}]-(n3{id:31}) MERGE p1=({k28:-453049107, id:32})-[r3 :T1{id:33}]-({id:34})-[r4 :T4{k70:-1698534315, id:35}]-({k25:'eHL4M4', id:36}) RETURN 1 AS a2, 1 AS a3;
OPTIONAL MATCH ( n1 ) WHERE NULL CREATE p0 = ( { id : 26 } ) CREATE ( { id : 27 } ) - [ r2 : T4 { id : 28 } ] - > ( { id : 29 } ) < - [ : T3 { k63 : NULL , id : 30 } ] - ( n3 { id : 31 } ) WITH * OPTIONAL MATCH ()-[:TYPE]-() MERGE p1 = ( { k28 : CASE WHEN FALSE THEN NULL ELSE -453049107 END , id : 32 } ) - [ r3 : T1 { id : CASE WHEN FALSE THEN NULL ELSE 33 END } ] - ( { id : 34 } ) - [ r4 : T4 { k70 : -1698534315 , id : 35 } ] - ( { k25 : 'eHL4M4' , id : 36 } ) WITH * RETURN 1 AS a2 , 1 AS a3 ;
