-- Time: 2024/04/11 14:07:41
-- Database: janusgraph_database728
-- Database version: composite
-- seed value: 1712812407252
CREATE (n0 :L6{k39 : '4', k38 : false, k40 : true, k41 : 'LD', id : 0, k37 : 'lM7YD7jm5', k36 : '1YX5yX6'});
CREATE (n0 :L5{k31 : 72468495, k33 : '0P', id : 1, k32 : -572738026, k35 : '8', k34 : 'nYlte'});
CREATE (n0 :L3{k17 : 'yU', k19 : 'R', k18 : false, k20 : 1179086638, k22 : 1221598821, id : 2, k21 : 'iQ', k23 : false});
CREATE (n0 :L5{k31 : 414978610, k33 : '7p', id : 3, k32 : 1183729224, k35 : 'D', k34 : 'A7WQ8H'});
MATCH (n0 {id : 2}), (n1 {id : 2}) MERGE(n0)-[r :T4{k71 : false, k70 : 1001587498, id : 4, k65 : 'HB', k68 : 'ks', k67 : 'EY'}]->(n1);
MATCH (n0 {id : 1}), (n1 {id : 1}) MERGE(n0)-[r :T6{k80 : 'Ixxd0hmk', k82 : true, k83 : 'Cp', k77 : true, id : 5, k79 : 1047733924, k78 : 'p'}]->(n1);
MATCH (n0 {id : 2}), (n1 {id : 0}) MERGE(n0)-[r :T5{k73 : 'cJfnhVq', k72 : false, k75 : '4', k74 : 89344430, id : 6, k76 : false}]->(n1);
MATCH (n0 {id : 3}), (n1 {id : 3}) MERGE(n0)-[r :T3{k60 : 167505503, k62 : true, k61 : 'U', k64 : 'C', k63 : true, id : 7, k59 : 1213624630}]->(n1);
MATCH (n0 {id : 0}), (n1 {id : 2}) MERGE(n0)-[r :T0{k42 : 778185327, k44 : 1273559587, id : 8, k43 : 1837905761, k46 : 616038709, k45 : 'Y', k47 : 'Wi'}]->(n1);
MATCH (n0 {id : 1}), (n1 {id : 2}) MERGE(n0)-[r :T6{k80 : 'rN2BxDO', k81 : 2097057116, k83 : '9', k77 : false, id : 9, k79 : -456212441, k78 : 'oa'}]->(n1);
WITH 181958759 AS a0 MERGE (n0 :L5{id:10})-[r0 :T6{id:11}]-(n1{k32:(1603695177+1422586819), id:12}) DETACH DELETE n0  RETURN a0 AS a1, 1 AS a2;
WITH 181958759 AS a0 MERGE ( n0 : L5 { id : 10 } ) - [ r0 : T6 { id : 11 } ] - ( n1 { k32 : ( 1603695177 + 1422586819 ) , id : CASE WHEN FALSE THEN NULL ELSE 12 END } ) WITH * CALL{WITH *DETACH DELETE n0 } WITH * OPTIONAL MATCH ()-[:TYPE]-() RETURN a0 AS a1 , 1 AS a2 ;
MATCH (a) RETURN count(a);
MATCH (b)-[a]->(c) RETURN count(a);
MATCH (b)-[a]->(c) RETURN count(a);
CREATE ({id:13})-[ :T4{id:14}]->({k20:-1758153940, id:15}) CREATE (n0{k31:toIntegerOrNull(NULL), id:16})-[ :T6{id:17}]->(n1{k35:NULL, id:18}), (n2{id:19})-[ :T6{id:20}]->(n3{id:21}) MERGE ( :L6{k41:'sR', id:22})-[r0 :T0{k47:'To7hr', id:23}]-( :L3{id:24}) RETURN 1 AS a0;
CREATE ( { id : 13 } ) - [ : T4 { id : 14 } ] - > ( { k20 : -1758153940 , id : 15 } ) CREATE ( n0 { k31 : toIntegerOrNull ( NULL ) , id : 16 } ) - [ : T6 { id : 17 } ] - > ( n1 { k35 : NULL , id : 18 } ) CREATE (n3{id:21})<-[ : T6 { id : 20 } ] -( n2 { id : CASE WHEN FALSE THEN NULL ELSE 19 END } ) WITH * MERGE ( : L6 { k41 : 'sR' , id : 22 } ) - [ r0 : T0 { k47 : 'To7hr' , id : 23 } ] - ( : L3 { id : 24 } ) RETURN 1 AS a0 ;
MATCH (a) RETURN count(a);
MATCH (a) RETURN count(a);
MATCH (b)-[a]->(c) RETURN count(a);
MATCH (b)-[a]->(c) RETURN count(a);
WITH [((NULL CONTAINS 'eQO') AND ('HkGuge3kL' STARTS WITH reverse('4')))] AS a0 ORDER BY NULL, a0 LIMIT 0 CREATE ( :L3{id:25})<-[r0 :T6{id:26}]-(n0{k34:reverse(type(CASE WHEN true THEN NULL END)), id:27}) MERGE ({k21:'oy9', id:28})-[r1 :T4{id:29}]->({id:30}) RETURN 'Hu' AS a1, collect(startNode(relationships(NULL)[toIntegerOrNull(abs(1799173399))]))[toIntegerOrNull(abs(-1290804587))] AS a2;
WITH ([ CASE WHEN TRUE THEN ( ( NULL CONTAINS 'eQO' ) AND ( 'HkGuge3kL' STARTS WITH reverse ( '4' ) ) ) END ] +[]) AS a0 ORDER BY NULL , CASE WHEN TRUE THEN a0 END LIMIT 0 WITH * CREATE ( : L3 { id : 25 } ) < - [ r0 : T6 { id : 26 } ] - ( n0 { k34 : reverse ( type ( CASE WHEN true THEN NULL END ) ) , id : 27 } ) MERGE pp0=( { k21 : 'oy9' , id : 28 } ) - [ r1 : T4 { id : 29 } ] - > ( { id : 30 } ) WITH * RETURN 'Hu' AS a1 , collect ( startNode ( CASE WHEN TRUE THEN relationships ( NULL ) [ toIntegerOrNull ( abs ( CASE WHEN FALSE THEN NULL ELSE 1799173399 END ) ) ] END ) ) [ toIntegerOrNull ( abs ( -1290804587 ) ) ] AS a2 ;
MATCH (a) RETURN count(a);
MATCH (a) RETURN count(a);
MATCH (b)-[a]->(c) RETURN count(a);
MATCH (b)-[a]->(c) RETURN count(a);
UNWIND [NULL, properties(startNode(NULL))] AS a0 CREATE (n0{k38:(NOT ((((-734644245--1633063830)+(309815460/-1438773167)) <= relationships(NULL)[toIntegerOrNull(abs(-1281791371))]) OR CASE WHEN false THEN (813162035 < -1078287560) END)), id:31}) MERGE ({id:32})<-[r0 :T5{id:33}]-({k19:'3', id:34})-[r1 :T6{k82:false, id:35}]-(n1 :L5{k33:'DqW', id:36}) RETURN relationships(NULL)[toIntegerOrNull(abs((n1.k31)))] AS a1, n1 AS a2;
UNWIND ([]+[ NULL , CASE WHEN FALSE THEN NULL ELSE properties ( CASE WHEN TRUE THEN startNode ( NULL ) END ) END ] )AS a0 WITH * CREATE ( n0 { k38 : ( NOT ( ( ( ( -734644245 - -1633063830 ) + ( 309815460 / -1438773167 ) ) <= relationships ( NULL ) [ toIntegerOrNull ( abs ( -1281791371 ) ) ] ) OR CASE WHEN false THEN ( 813162035 < -1078287560 ) END ) ) , id : 31 } ) WITH * OPTIONAL MATCH ()-[:TYPE]-() MERGE pp0=( { id : 32 } ) < - [ r0 : T5 { id : 33 } ] - ( { k19 : '3' , id : 34 } ) - [ r1 : T6 { k82 : false , id : 35 } ] - ( n1 : L5 { k33 : 'DqW' , id : CASE WHEN TRUE THEN 36 END } ) WITH * UNWIND [1] as l0 RETURN relationships ( NULL ) [ toIntegerOrNull ( abs ( ( n1 . k31 ) ) ) ] AS a1 , n1 AS a2 ORDER BY FALSE ;
MATCH (a) RETURN count(a);
MATCH (a) RETURN count(a);
MATCH (b)-[a]->(c) RETURN count(a);
MATCH (b)-[a]->(c) RETURN count(a);
WITH * MATCH p0=(n0)-[r0]-()-[r1]-({k21:reverse(reverse('i'))}), () DETACH DELETE p0  RETURN 1 AS a0 SKIP 0;
WITH * MATCH p0 = ( n0 ) - [ r0 ] - ( ) - [ r1 ] - ( { k21 : reverse ( reverse ( 'i' ) ) } ) ,( ) WITH * CALL{WITH *DETACH DELETE p0 } RETURN 1 AS a0 ORDER BY NULL SKIP 0 ;
MATCH (a) RETURN count(a);
MATCH (a) RETURN count(a);
MATCH (b)-[a]->(c) RETURN count(a);
MATCH (b)-[a]->(c) RETURN count(a);
OPTIONAL MATCH (n0 :L5)-[r0]-(n1), (n0)<-[r0]-(n2) REMOVE n1.k2 MERGE (n3{k34:'6', id:37}) RETURN n2 AS a0, n0 AS a1;
OPTIONAL MATCH (n0:L5),()<-[r0]-(),(n1),(n0)<-[r0]-(n2) WHERE exists((n0)-[r0]-(n1)) UNWIND [NULL] as l0 WITH * CALL{WITH *REMOVE n1 . k2 } MERGE ( n3 { k34 : '6' , id : 37 } ) RETURN n2 AS a0 , n0 AS a1 ;
MATCH (a) RETURN count(a);
MATCH (a) RETURN count(a);
MATCH (b)-[a]->(c) RETURN count(a);
MATCH (b)-[a]->(c) RETURN count(a);
WITH * WHERE exists(()-[ :T6]-()-[{k83:'9'}]-( :L3)) MERGE (n2{k17:'e', id:38})-[r1 :T4{id:39}]->({id:40}) SET n2.k=(r1.k67) RETURN 1 AS a0, n2 AS a1;
WITH * WHERE exists ( ( ) - [ : T6 ] - ( ) - [ { k83 : '9' } ] - ( : L3 ) ) MERGE ( n2 { k17 : 'e' , id : 38 } ) - [ r1 : T4 { id : 39 } ] - > ( { id : 40 } ) SET n2 . k = ( CASE WHEN TRUE THEN r1 . k67 END ) WITH * UNWIND 1 as l0 RETURN CASE WHEN FALSE THEN NULL ELSE 1 END AS a0 , n2 AS a1 SKIP 1 ;
MATCH (a) RETURN count(a);
MATCH (a) RETURN count(a);
MATCH (b)-[a]->(c) RETURN count(a);
MATCH (b)-[a]->(c) RETURN count(a);
OPTIONAL MATCH (n0) REMOVE n0.k2 MERGE ({id:41})-[r0 :T4{id:42}]-(n1{k21:'V5b9', id:43}) RETURN n0 AS a0, 1 AS a1;
OPTIONAL MATCH ( n0 ) WITH * REMOVE n0 . k2 WITH * UNWIND [NULL] as l0 MERGE pp0=( { id : CASE WHEN TRUE THEN 41 END } ) - [ r0 : T4 { id : 42 } ] - ( n1 { k21 : 'V5b9' , id : 43 } ) WITH * OPTIONAL MATCH ()-[:TYPE]-() RETURN n0 AS a0 , CASE WHEN FALSE THEN NULL ELSE 1 END AS a1 ;
MATCH (a) RETURN count(a);
MATCH (a) RETURN count(a);
MATCH (b)-[a]->(c) RETURN count(a);
MATCH (b)-[a]->(c) RETURN count(a);
CREATE (n0{id:44})<-[r0 :T0{id:45}]-({k36:NULL, id:46}) CREATE p0=({k17:elementId(relationships(NULL)[toIntegerOrNull(abs((1348041392/-681163791)))]), id:47})-[r1 :T5{id:48}]->( :L6{id:49}) CREATE ( :L3{k22:NULL, id:50})-[ :T4{k70:round(-42629064), id:51}]->(n1 :L3{id:52})-[ :T5{id:53}]->(n2{id:54}) RETURN NULL AS a0, 1 AS a1;
CREATE (n0{ id : 44 } )CREATE (n0)< - [ r0 : T0 { id : 45 } ] - ( { k36 : NULL , id : 46 } ) CREATE p0 = ( { k17 : elementId ( relationships ( NULL ) [ toIntegerOrNull ( abs ( ( 1348041392 / -681163791 ) ) ) ] ) , id : 47 } ) - [ r1 : T5 { id : CASE WHEN FALSE THEN NULL ELSE 48 END } ] - > ( : L6 { id : CASE WHEN TRUE THEN 49 END } ) CREATE ( : L3 { k22 : NULL , id : 50 } ) - [ : T4 { k70 : round ( -42629064 ) , id : CASE WHEN TRUE THEN 51 END } ] - > ( n1 : L3 { id : 52 } ) - [ : T5 { id : 53 } ] - > ( n2 { id : 54 } ) RETURN NULL AS a0 , 1 AS a1 ;
MATCH (a) RETURN count(a);
MATCH (a) RETURN count(a);
MATCH (b)-[a]->(c) RETURN count(a);
MATCH (b)-[a]->(c) RETURN count(a);
CREATE (n0{id:55})<-[r0 :T4{id:56}]-(n1{id:57}), (n2 :L5{k33:CASE WHEN false THEN 'vvYxrn2m' END, id:58})<-[ :T4{k68:reverse(('r5'+'uvIs')), id:59}]-(n3{id:60}) MERGE (n4{id:61})-[r1 :T4{k67:'V', id:62}]-(n5{id:63}) REMOVE n4.k2 RETURN r1 AS a0, (r1.k67) AS a1 ORDER BY '9l1YWg3te', a1;
CREATE ( n0 { id : 55 } ) < - [ r0 : T4 { id : 56 } ] - ( n1 { id : 57 } ) CREATE (n2: L5 { k33 : CASE WHEN false THEN 'vvYxrn2m' END , id : 58 } )CREATE (n2)< - [ : T4 { k68 : reverse ( ( (''+'r5' )+ 'uvIs' ) ) , id : CASE WHEN TRUE THEN 59 END } ] - ( n3 { id : 60 } ) MERGE ( n4 { id : 61 } ) - [ r1 : T4 { k67 : 'V' , id : 62 } ] - ( n5 { id : 63 } ) WITH * WITH * CALL{WITH *REMOVE n4 . k2 } WITH * RETURN r1 AS a0 , ( r1 . k67 ) AS a1 ORDER BY '9l1YWg3te', a1 ;
MATCH (a) RETURN count(a);
MATCH (a) RETURN count(a);
MATCH (b)-[a]->(c) RETURN count(a);
MATCH (b)-[a]->(c) RETURN count(a);
CREATE ( :L6{id:64})-[ :T0{id:65}]->(n0{k19:elementId(nodes(NULL)[toIntegerOrNull(abs(NULL))]), id:66})-[ :T4{id:67}]->({id:68}), (n1 :L5{id:69}) MERGE ( :L3{k19:'E', id:70}) CREATE p0=({id:71})-[ :T6{id:72}]->(n2{id:73})-[ :T4{k66:CASE WHEN NULL THEN 1441662075 END, id:74}]->({id:75}), p1=(n3{k22:-1994076021, id:76})<-[ :T0{id:77}]-(n4{k40:false, id:78})<-[r0 :T5{k74:NULL, id:79}]-(n5 :L3{id:80}) RETURN DISTINCT 1 AS a0, true AS a1 ORDER BY CASE WHEN true THEN 'y' END, a1 DESC;
CREATE ( : L6 { id : 64 } ) - [ : T0 { id : 65 } ] - > ( n0 { k19 : CASE WHEN FALSE THEN NULL ELSE elementId ( nodes ( CASE WHEN FALSE THEN NULL ELSE NULL END ) [ toIntegerOrNull ( abs ( NULL ) ) ] ) END , id : 66 } ) - [ : T4 { id : 67 } ] - > ( { id : 68 } ) CREATE ( n1 : L5 { id : 69 } ) MERGE ( : L3 { k19 : 'E' , id : 70 } ) CREATE p0=({id:75})<-[ : T4 { k66 : CASE WHEN NULL THEN 1441662075 END , id : CASE WHEN TRUE THEN 74 END } ] -(n2{id:73})<-[ : T6 { id : 72 } ] -( { id : 71 } ) CREATE p1 = ( n3 { k22 : -1994076021 , id : 76 } ) < - [ : T0 { id : 77 } ] - ( n4 { k40 : false , id : 78 } ) < - [ r0 : T5 { k74 : NULL , id : 79 } ] - ( n5 : L3 { id : 80 } ) WITH * RETURN DISTINCT 1 AS a0 , true AS a1 ORDER BY CASE WHEN true THEN 'y' END, a1 DESC ;
MATCH (a) RETURN count(a);
MATCH (a) RETURN count(a);
MATCH (b)-[a]->(c) RETURN count(a);
MATCH (b)-[a]->(c) RETURN count(a);
CREATE ({id:81})<-[ :T6{id:82}]-(n0{k31:-1609505900, id:83}), ( :L5{id:84})<-[r0 :T6{k77:((NULL+NULL) >= reverse('YM')), id:85}]-(n1{id:86}) CREATE (n2 :L3{id:87}), p0=(n3{id:88})<-[r1 :T0{id:89}]-({id:90})<-[r2 :T5{id:91}]-(n4{k18:exists(()-[]-()), id:92}) MERGE ({k35:'OEjD9Aut', id:93})-[ :T6{id:94}]-(n5 :L5{id:95}) RETURN n5 AS a0 UNION ALL MERGE (n0 :L5{id:96})-[r0 :T6{id:97}]->({id:98}) MERGE (n1 :L5{id:99})-[r1 :T6{id:100}]-({id:101}) REMOVE n0.k2 RETURN (n0.k31) AS a0;
CREATE ( { id : CASE WHEN TRUE THEN 81 END } ) < - [ : T6 { id : CASE WHEN FALSE THEN NULL ELSE 82 END } ] - ( n0 { k31 : -1609505900 , id : 83 } ) CREATE (n1{id:86})-[ r0 : T6 { k77 : CASE WHEN TRUE THEN ( ( NULL + NULL ) >= reverse ( 'YM' ) ) END , id : 85 } ] ->( : L5 { id : 84 } ) WITH * UNWIND [1] as l0 CREATE ( n2 : L3 { id : 87 } ) CREATE (n3{ id : 88 } )CREATE (n3)< - [ r1 : T0 { id : 89 } ] - ( { id : 90 } ) < - [ r2 : T5 { id : 91 } ] - ( n4 { k18 : exists ( ( ) - [ ] - ( ) ) , id : 92 } ) WITH * MERGE ( { k35 : CASE WHEN FALSE THEN NULL ELSE 'OEjD9Aut' END , id : CASE WHEN FALSE THEN NULL ELSE 93 END } ) - [ : T6 { id : 94 } ] - ( n5 : L5 { id : 95 } ) RETURN n5 AS a0 UNION ALL MERGE ( n0 : L5 { id : CASE WHEN TRUE THEN 96 END } ) - [ r0 : T6 { id : 97 } ] - > ( { id : 98 } ) WITH * MERGE ( n1 : L5 { id : 99 } ) - [ r1 : T6 { id : 100 } ] - ( { id : 101 } ) REMOVE n0 . k2 RETURN CASE WHEN FALSE THEN NULL ELSE ( n0 . k31 ) END AS a0 ;
MATCH (a) RETURN count(a);
MATCH (a) RETURN count(a);
MATCH (b)-[a]->(c) RETURN count(a);
MATCH (b)-[a]->(c) RETURN count(a);
MERGE ({k20:2128784478, id:102})<-[r0 :T0{k45:'ovt8p', id:103}]-( :L6{id:104}) DETACH DELETE r0  MERGE p0=({id:105})-[r1 :T4{id:106}]-(n0{k32:-1671300257, id:107}) RETURN n0 AS a0, p0 AS a1;
MERGE ( { k20 : 2128784478 , id : 102 } ) < - [ r0 : T0 { k45 : CASE WHEN TRUE THEN 'ovt8p' END , id : 103 } ] - ( : L6 { id : 104 } ) DETACH DELETE r0 MERGE p0 = ( { id : 105 } ) - [ r1 : T4 { id : 106 } ] - ( n0 { k32 : -1671300257 , id : 107 } ) WITH * RETURN DISTINCT n0 AS a0 , p0 AS a1 ;
MATCH (a) RETURN count(a);
MATCH (a) RETURN count(a);
MATCH (b)-[a]->(c) RETURN count(a);
MATCH (b)-[a]->(c) RETURN count(a);
MATCH ()<-[]-() OPTIONAL MATCH (n0)<-[]-()<-[r0]-(), (n1 :L5) WHERE NULL DETACH DELETE r0  RETURN 1 AS a0, [NULL, CASE WHEN NULL THEN NULL END] AS a1 SKIP 1;
MATCH ( ) < - [ ] - ( ) WHERE TRUE OPTIONAL MATCH (n0)<-[]-()<-[r0]-(),(n1 :L5) WHERE NULL UNWIND [NULL] as l0 DETACH DELETE CASE WHEN TRUE THEN r0 END RETURN CASE WHEN TRUE THEN 1 END AS a0 , [ NULL , CASE WHEN CASE WHEN TRUE THEN NULL END THEN NULL END ] AS a1 SKIP CASE WHEN TRUE THEN 1 END ;
