-- Time: 2024/04/11 14:24:57
-- Database: janusgraph_database961
-- Database version: composite
-- seed value: 1712812407486
CREATE (n0 :L4{k27 : '9LSCMDJ', id : 0, k24 : 487983439, k23 : false, k26 : false, k25 : 353875478});
CREATE (n0 {id : 1});
CREATE (n0 {id : 2});
CREATE (n0 :L0{k0 : 1135397801, k1 : true, k2 : 'QAz', k3 : 'd0pgljqn', k4 : false, k5 : 124712727, id : 3, k6 : 'Cvr4VQEjP'});
MATCH (n0 {id : 3}), (n1 {id : 2}) MERGE(n0)-[r :T4{k71 : 'MX1f9fYq', k70 : 'sg', id : 4, k68 : true, k67 : 'CLT3Mb', k69 : true}]->(n1);
MATCH (n0 {id : 2}), (n1 {id : 2}) MERGE(n0)-[r :T1{k49 : 1777740254, k51 : false, k50 : 1474027422, k52 : true, id : 5, k46 : false, k48 : -700742193}]->(n1);
MATCH (n0 {id : 1}), (n1 {id : 1}) MERGE(n0)-[r :T3{k60 : true, k62 : 'D', k61 : true, k64 : false, k63 : '2', k66 : 805460160, id : 6, k65 : 'K'}]->(n1);
MATCH (n0 {id : 3}), (n1 {id : 0}) MERGE(n0)-[r :T0{k42 : true, k41 : 282999638, k44 : true, id : 7, k43 : 1699594353, k45 : true}]->(n1);
MATCH (n0 {id : 1}), (n1 {id : 0}) MERGE(n0)-[r :T1{k49 : 2071174134, k51 : false, k50 : 653247556, k52 : false, id : 8, k46 : false, k48 : 762108589, k47 : 875447261}]->(n1);
CREATE (n0{id:9})-[ :T1{id:10}]->(n1{k25:150504663, id:11})<-[ :T0{k44:NULL, id:12}]-(n2{k1:NULL, id:13}), (n3{k2:toStringOrNull(CASE WHEN ((2032267933--1868550701) <= (894692179-2100083225)) THEN relationships(NULL)[toIntegerOrNull(abs(-990328979))] END), id:14})-[r1 :T0{id:15}]->(n7{id:16})<-[r2 :T1{k46:(NULL < NULL), id:17}]-(n8{id:18}) CREATE (n9{id:19})-[ :T1{id:20}]->({k23:((false AND true) OR false), id:21}), (n10{id:22})-[r3 :T3{k62:'FSP', id:23}]->(n11{id:24}) CREATE (n12{id:25}), (n13{id:26}) RETURN 1 AS a0;
CREATE ( n0 { id : 9 } ) - [ : T1 { id : 10 } ] - > ( n1 { k25 : 150504663 , id : 11 } ) < - [ : T0 { k44 : NULL , id : CASE WHEN FALSE THEN NULL ELSE 12 END } ] - ( n2 { k1 : NULL , id : 13 } ) CREATE (n3{ k2 : toStringOrNull ( CASE WHEN CASE WHEN TRUE THEN ( ( 2032267933 - -1868550701 ) <= ( 894692179 -2100083225 ) ) END THEN relationships ( NULL ) [ toIntegerOrNull ( abs ( -990328979 ) ) ] END ) , id : 14 } )CREATE (n3)- [ r1 : T0 { id : 15 } ] - > ( n7 { id : CASE WHEN FALSE THEN NULL ELSE 16 END } ) < - [ r2 : T1 { k46 : ( CASE WHEN TRUE THEN NULL < NULL END ) , id : 17 } ] - ( n8 { id : 18 } ) CREATE (n9{ id : 19 } )CREATE (n9)- [ : T1 { id : 20 } ] - > ( { k23 : ( ( false AND true ) OR false ) , id : 21 } ) CREATE ( n10 { id : 22 } ) - [ r3 : T3 { k62 : 'FSP' , id : 23 } ] - > ( n11 { id : 24 } ) CREATE ( n12 { id : 25 } ) CREATE ( n13 { id : 26 } ) WITH * OPTIONAL MATCH ()-[:TYPE]-() RETURN 1 AS a0 ;
MATCH (a) RETURN count(a);
MATCH (b)-[a]->(c) RETURN count(a);
MATCH (b)-[a]->(c) RETURN count(a);
UNWIND NULL AS a2 MERGE (n1{id:27})<-[ :T1{k52:false, id:28}]-({id:29}) DETACH DELETE n1  RETURN DISTINCT 1 AS a3, 1 AS a4 LIMIT 0;
UNWIND NULL AS a2 OPTIONAL MATCH ()-[:TYPE]-() MERGE pp0=( n1 { id : CASE WHEN TRUE THEN 27 END } ) < - [ : T1 { k52 : false , id : 28 } ] - ( { id : 29 } ) DETACH DELETE n1 WITH * UNWIND [NULL] as l0 RETURN DISTINCT 1 AS a3 , 1 AS a4 LIMIT 0 ;
MATCH (a) RETURN count(a);
MATCH (a) RETURN count(a);
MATCH (b)-[a]->(c) RETURN count(a);
MATCH (b)-[a]->(c) RETURN count(a);
MATCH () WHERE isEmpty(NULL) CREATE p0=( :L4{k23:false, id:30})<-[r0 :T1{id:31}]-({id:32})-[r1 :T3{id:33}]->({id:34}) MERGE (n0{id:35})-[r2 :T3{id:36}]-(n1{id:37})-[r3 :T1{id:38}]->(n2{id:39}) RETURN {k1: (r2.k66), k2: r3} AS a0 UNION MERGE ( :L4{k27:'z5QvAJ5vP', id:40})-[r0 :T0{id:41}]-(n0{id:42}) SET n0.k=NULL REMOVE n0.k2 RETURN n0 AS a0 ORDER BY NULL DESC;
MATCH ( ) WHERE FALSE OR isEmpty ( NULL ) CREATE p0=({id:34})<-[ r1 : T3 { id : 33 } ] -({id:32})-[ r0 : T1 { id : 31 } ] ->( : L4 { k23 : false , id : 30 } ) WITH * UNWIND [1] as l0 MERGE ( n0 { id : CASE WHEN FALSE THEN NULL ELSE 35 END } ) - [ r2 : T3 { id : 36 } ] - ( n1 { id : 37 } ) - [ r3 : T1 { id : 38 } ] - > ( n2 { id : 39 } ) WITH * UNWIND [NULL] as l1 RETURN { k1 : ( r2 . k66 ) , k2 : r3 } AS a0 LIMIT 1 UNION MERGE ( : L4 { k27 : 'z5QvAJ5vP' , id : 40 } ) - [ r0 : T0 { id : 41 } ] - ( n0 { id : 42 } ) WITH * FOREACH(f in [1]|SET n0 . k = NULL ) WITH * UNWIND 1 as l2 REMOVE n0 . k2 RETURN n0 AS a0 ORDER BY NULL DESC ;
MATCH (a) RETURN count(a);
MATCH (a) RETURN count(a);
MATCH (b)-[a]->(c) RETURN count(a);
MATCH (b)-[a]->(c) RETURN count(a);
UNWIND toIntegerList([NULL, ['H', 'FG']]) AS a0 MERGE (n0{id:43})-[r0 :T3{k60:isEmpty(properties(n0)), id:44}]-(n1{id:45})-[r1 :T1{k46:true, id:46}]-({id:47}) DETACH DELETE r0  RETURN 1 AS a1 ORDER BY a0, a1;
UNWIND toIntegerList ( [ NULL , ([]+[ 'H' , ('FG' +'') ] )] ) AS a0 UNWIND [NULL] as l0 MERGE pp0=( n0 { id : 43 } ) - [ r0 : T3 { k60 : isEmpty ( properties ( n0 ) ) , id : CASE WHEN TRUE THEN 44 END } ] - ( n1 { id : 45 } ) - [ r1 : T1 { k46 : CASE WHEN FALSE THEN NULL ELSE true END , id : 46 } ] - ( { id : 47 } ) FOREACH(f in [1]|DETACH DELETE r0 ) RETURN 1 AS a1 ORDER BY a0, a1 ;
MATCH (a) RETURN count(a);
MATCH (a) RETURN count(a);
MATCH (b)-[a]->(c) RETURN count(a);
MATCH (b)-[a]->(c) RETURN count(a);
MATCH ()-[r0 :T1{k50:-568266153}]->(n0), ()-[r0]->(n0) WHERE true MATCH ()-[r0]->(n0) SET n0.k=reverse('OSK') RETURN 1 AS a0 LIMIT 1;
MATCH ()-[r0 :T1{k50:-568266153}]->(n0),(nn0),()-[r0]->(),(n0) WHERE exists((nn0)-[r0]->(n0)) AND (true )OPTIONAL MATCH ()-[:TYPE]-() MATCH ( ) - [ r0 ] - > ( n0 ) WHERE TRUE OPTIONAL MATCH ()-[:TYPE]-() SET n0 . k = reverse ( 'OSK' ) WITH * RETURN 1 AS a0 LIMIT 1 ;
MATCH (a) RETURN count(a);
MATCH (a) RETURN count(a);
MATCH (b)-[a]->(c) RETURN count(a);
MATCH (b)-[a]->(c) RETURN count(a);
CREATE p0=(n0{id:48})-[r0 :T4{id:49}]->({id:50})-[r1 :T1{k47:NULL, id:51}]->(n1{id:52}) MERGE (n2{id:53})<-[r2 :T0{id:54}]-(n3{id:55}) DETACH DELETE n3  RETURN n2 AS a0, 1 AS a1 ORDER BY reverse(NULL), a1 DESC UNION ALL MATCH (n0)<-[*0..1]-(), ()-[r0]-() MERGE ( :L0{id:56})-[ :T0{id:57}]->({id:58})<-[r1 :T1{id:59}]-({id:60}) REMOVE n0.k2 RETURN n0 AS a0, n0 AS a1;
CREATE p0 = ( n0 { id : 48 } ) - [ r0 : T4 { id : 49 } ] - > ( { id : 50 } ) - [ r1 : T1 { k47 : NULL , id : 51 } ] - > ( n1 { id : 52 } ) MERGE ( n2 { id : 53 } ) < - [ r2 : T0 { id : 54 } ] - ( n3 { id : CASE WHEN FALSE THEN NULL ELSE 55 END } ) DETACH DELETE n3 RETURN n2 AS a0 , 1 AS a1 ORDER BY reverse(NULL), a1 DESC UNION ALL MATCH ( n0 ) < - [ * 0 .. 1 ] - ( ) ,( ) - [ r0 ] - ( ) WITH * MERGE pp0=( : L0 { id : 56 } ) - [ : T0 { id : 57 } ] - > ( { id : 58 } ) < - [ r1 : T1 { id : 59 } ] - ( { id : CASE WHEN TRUE THEN 60 END } ) REMOVE n0 . k2 WITH * OPTIONAL MATCH ()-[:TYPE]-() RETURN n0 AS a0 , n0 AS a1 ;
MATCH (a) RETURN count(a);
MATCH (a) RETURN count(a);
MATCH (b)-[a]->(c) RETURN count(a);
MATCH (b)-[a]->(c) RETURN count(a);
WITH NULL AS a0 UNWIND relationships(NULL) AS a1 MERGE ({id:61})-[r1 :T1{id:62}]->({id:63})<-[ :T0{id:64}]-(n2{id:65}) RETURN DISTINCT n2 AS a2;
WITH NULL AS a0 WHERE TRUE OPTIONAL MATCH ()-[:TYPE]-() UNWIND relationships ( NULL ) AS a1 MERGE ( { id : 61 } ) - [ r1 : T1 { id : 62 } ] - > ( { id : 63 } ) < - [ : T0 { id : 64 } ] - ( n2 { id : 65 } ) RETURN DISTINCT n2 AS a2 ;
MATCH (a) RETURN count(a);
MATCH (a) RETURN count(a);
MATCH (b)-[a]->(c) RETURN count(a);
MATCH (b)-[a]->(c) RETURN count(a);
OPTIONAL MATCH (n0) WHERE toBooleanList(['aK'])[toIntegerOrNull(abs(1603130682))] MERGE ({id:66})-[r0 :T4{k67:'o', id:67}]->({id:68}) MERGE (n1 :L0{id:69})-[ :T4{id:70}]-({id:71}) RETURN 1 AS a0, n0 AS a1;
OPTIONAL MATCH (n0) WHERE toBooleanList ( [ CASE WHEN FALSE THEN NULL ELSE 'aK' END ] ) [ toIntegerOrNull ( abs ( CASE WHEN FALSE THEN NULL ELSE 1603130682 END ) ) ] MERGE pp0=( { id : 66 } ) - [ r0 : T4 { k67 : 'o' , id : 67 } ] - > ( { id : 68 } ) MERGE ( n1 : L0 { id : 69 } ) - [ : T4 { id : 70 } ] - ( { id : 71 } ) RETURN 1 AS a0 , n0 AS a1 ORDER BY NULL ;
MATCH (a) RETURN count(a);
MATCH (a) RETURN count(a);
MATCH (b)-[a]->(c) RETURN count(a);
MATCH (b)-[a]->(c) RETURN count(a);
CREATE (n0{id:72})-[ :T4{k70:NULL, id:73}]->({id:74}), p0=({k24:NULL, id:75})<-[r0 :T1{id:76}]-({id:77}) CREATE (n1 :L0{k2:NULL, id:78})-[r1 :T4{k69:NULL, id:79}]->(n2{id:80}) MERGE (n3 :L0{id:81})-[r2 :T4{id:82}]->(n4{id:83})-[r3 :T1{id:84}]->({id:85}) RETURN n4 AS a0, 1 AS a1;
CREATE ( n0 { id : 72 } ) - [ : T4 { k70 : NULL , id : 73 } ] - > ( { id : 74 } ) CREATE p0 = ( { k24 : NULL , id : 75 } ) < - [ r0 : T1 { id : 76 } ] - ( { id : 77 } ) CREATE (n2{id:80})<-[ r1 : T4 { k69 : NULL , id : 79 } ] -( n1 : L0 { k2 : CASE WHEN TRUE THEN NULL END , id : 78 } ) WITH * MERGE ( n3 : L0 { id : 81 } ) - [ r2 : T4 { id : CASE WHEN TRUE THEN 82 END } ] - > ( n4 { id : 83 } ) - [ r3 : T1 { id : 84 } ] - > ( { id : 85 } ) WITH * OPTIONAL MATCH ()-[:TYPE]-() RETURN DISTINCT n4 AS a0 , 1 AS a1 LIMIT 1 ;
