-- Time: 2024/04/11 14:06:39
-- Database: janusgraph_database714
-- Database version: composite
-- seed value: 1712812407238
CREATE (n0 :L4{k27 : '3', k30 : 'f', id : 0});
CREATE (n0 {id : 1});
CREATE (n0 :L0{k0 : 332694777, k1 : 1487731966, k2 : -493320789, k3 : -1812601001, k4 : 'k', id : 2});
CREATE (n0 :L4{k28 : -925721751, k27 : 'X', k29 : 'ttlh', k30 : 'G', id : 3, k26 : -676618916});
MATCH (n0 {id : 0}), (n1 {id : 2}) MERGE(n0)-[r :T1{k39 : 'sdlXPXLQJ', k38 : 'LM57E', k40 : true, k41 : '0X9M', id : 4, k37 : 'EL'}]->(n1);
MATCH (n0 {id : 0}), (n1 {id : 0}) MERGE(n0)-[r :T3{k49 : -694743765, k51 : 'fk', k50 : true, k53 : true, k52 : -1405250936, id : 5, k54 : 'J', k48 : false}]->(n1);
MATCH (n0 {id : 0}), (n1 {id : 3}) MERGE(n0)-[r :T5{k62 : false, k64 : false, k63 : -1356934147, id : 6}]->(n1);
MATCH (n0 {id : 1}), (n1 {id : 2}) MERGE(n0)-[r :T4{k55 : true, id : 7, k57 : true, k56 : 'eRccO', k59 : 'ExATxhKIc'}]->(n1);
MATCH (n0 {id : 1}), (n1 {id : 2}) MERGE(n0)-[r :T2{k42 : 1939487956, k44 : false, id : 8, k43 : 'i', k46 : 'Z', k45 : 1034072200, k47 : false}]->(n1);
MATCH (n0 {id : 1}), (n1 {id : 2}) MERGE(n0)-[r :T3{k49 : 1178243025, k51 : 'l3rZQ', k50 : false, id : 9, k54 : '9W', k48 : true}]->(n1);
MATCH (n0 {id : 0}), (n1 {id : 3}) MERGE(n0)-[r :T0{k31 : '6', k33 : 'yin9ub7I', id : 10, k32 : false, k35 : 1745798850, k36 : -1123587997}]->(n1);
CREATE p0=({k30:((NULL+reverse(NULL))+('BWT'+NULL)), id:11})<-[ :T5{id:12}]-(n0{id:13}), ( :L4{k29:NULL, id:14})<-[ :T5{id:15}]-(n1 :L4{id:16})-[ :T1{k37:NULL, id:17}]->(n2{id:18}) CREATE (n3{id:19})-[ :T5{id:20}]->({id:21}), (n4{id:22})-[r0 :T5{id:23}]->(n5 :L4{k29:substring(toStringList(NULL)[toIntegerOrNull(abs(1))], toIntegerOrNull(abs(NULL)), toIntegerOrNull(abs(toIntegerList([1297458091])[toIntegerOrNull(abs(1002358586))]))), id:24}) CREATE ({id:25})-[r2 :T2{k45:NULL, id:26}]->(n7{k1:-1402073602, id:27})<-[r3 :T3{k50:true, id:28}]-(n8{id:29}) RETURN 1 AS a1;
CREATE (m0{ k30 : CASE WHEN FALSE THEN NULL ELSE ( ( NULL + reverse ( NULL ) ) + ( (''+'BWT' )+ NULL ) ) END , id : 11 } )CREATE (m0)< - [ : T5 { id : 12 } ] - ( n0 { id : 13 } ) CREATE ( : L4 { k29 : NULL , id : 14 } ) < - [ : T5 { id : 15 } ] - ( n1 : L4 { id : 16 } ) - [ : T1 { k37 : NULL , id : CASE WHEN FALSE THEN NULL ELSE 17 END } ] - > ( n2 { id : CASE WHEN FALSE THEN NULL ELSE 18 END } ) CREATE (n3{ id : 19 } )CREATE (n3)- [ : T5 { id : 20 } ] - > ( { id : 21 } ) CREATE (n4{ id : 22 } )CREATE (n4)- [ r0 : T5 { id : CASE WHEN TRUE THEN 23 END } ] - > ( n5 : L4 { k29 : substring ( toStringList ( NULL ) [ toIntegerOrNull ( abs ( 1 ) ) ] , toIntegerOrNull ( abs ( NULL ) ) , toIntegerOrNull ( abs ( toIntegerList ( ([ 1297458091 ] +[]) ) [ toIntegerOrNull ( abs ( 1002358586 ) ) ] ) ) ) , id : 24 } ) CREATE ( { id : 25 } ) - [ r2 : T2 { k45 : NULL , id : 26 } ] - > ( n7 { k1 : -1402073602 , id : 27 } ) < - [ r3 : T3 { k50 : CASE WHEN TRUE THEN true END , id : CASE WHEN TRUE THEN 28 END } ] - ( n8 { id : 29 } ) RETURN 1 AS a1 ORDER BY NULL DESC ;
MATCH (a) RETURN count(a);
MATCH (b)-[a]->(c) RETURN count(a);
MATCH (b)-[a]->(c) RETURN count(a);
UNWIND NULL AS a0 MERGE (n0{id:30})-[r0 :T2{id:31}]->(n1{id:32}) CREATE (n2{id:33}) RETURN n0 AS a1;
UNWIND NULL AS a0 UNWIND 1 as l0 MERGE pp0=( n0 { id : 30 } ) - [ r0 : T2 { id : 31 } ] - > ( n1 { id : 32 } ) WITH * UNWIND [1] as l1 CREATE ( n2 { id : CASE WHEN TRUE THEN 33 END } ) WITH * RETURN CASE WHEN TRUE THEN n0 END AS a1 ;
