-- Time: 2024/04/11 13:52:01
-- Database: janusgraph_database516
-- Database version: composite
-- seed value: 1712812407040
CREATE (n0 :L4{k28 : false, k27 : false, id : 0, k24 : 'Mt0nF', k26 : 'LN8', k25 : false});
CREATE (n0 :L1{k5 : 'CPZ3pFQq', id : 1, k6 : -1311858590, k10 : false, k7 : 'Tv1YiKj', k8 : -1092268382, k9 : -2138535115});
CREATE (n0 :L2{k17 : false, k16 : 216798791, id : 2, k13 : 447456361, k12 : 58945763, k15 : 'S', k14 : 'jGmi3oA'});
CREATE (n0 :L4{k28 : false, k27 : true, id : 3, k26 : 'yF', k25 : false});
MATCH (n0 {id : 3}), (n1 {id : 0}) MERGE(n0)-[r :T6{k66 : -1412695518, id : 4, k65 : '1D', k68 : -36232135, k67 : 2042595773, k69 : false}]->(n1);
MATCH (n0 {id : 1}), (n1 {id : 3}) MERGE(n0)-[r :T0{k29 : true, k31 : false, k30 : 'p', k33 : -1239020342, id : 5, k32 : 438641401}]->(n1);
MATCH (n0 {id : 0}), (n1 {id : 0}) MERGE(n0)-[r :T3{k49 : 'F', k51 : 'vI', k50 : false, id : 6, k46 : true, k48 : -1764663536, k47 : 1674791327}]->(n1);
MATCH (n0 {id : 2}), (n1 {id : 1}) MERGE(n0)-[r :T4{k53 : false, k52 : true, id : 7, k54 : 'hcE', k57 : 'VDm5p3eq', k56 : -1403569876, k58 : -162143067}]->(n1);
MATCH (n0 {id : 2}), (n1 {id : 0}) MERGE(n0)-[r :T4{k53 : true, k52 : true, k55 : 1187139239, id : 8, k54 : 'X', k57 : 'VDm5p3eq', k56 : 898860654, k58 : -56880699}]->(n1);
MATCH (n0)-[ :T4{k52:NULL}]-(n1)-[r0]-( :L1{k5:NULL}), ( :L4) MERGE (n2{id:9}) SET n1.k='h' RETURN 1 AS a0, false AS a1 SKIP 0;
MATCH (n0)-[*0..0]-( n0 ) - [ : T4 { k52 : NULL } ] - ( n1 ) - [ r0 ] - ( : L1 { k5 : NULL } ) ,( : L4 ) OPTIONAL MATCH ()-[:TYPE]-() MERGE pp0=( n2 { id : 9 } ) WITH * CALL{WITH *SET n1 . k = 'h' } RETURN 1 AS a0 , false AS a1 ORDER BY 1 SKIP 0 ;
MATCH (a) RETURN count(a);
MATCH (b)-[a]->(c) RETURN count(a);
MATCH (b)-[a]->(c) RETURN count(a);
MATCH (n0)<-[r0]-( :L2), p0=()-[r0]-() WHERE NULL SET n0.k=reverse('mH') REMOVE n0.k2 RETURN n0 AS a0;
MATCH ( n0 ) < - [ r0 ] - ( : L2 ) ,p0 = ( ) - [ r0 ] - ( ) WHERE NULL WITH * SET n0 . k = reverse ( 'mH' ) FOREACH(f in [1]|REMOVE n0 . k2 ) RETURN n0 AS a0 ;
MATCH (a) RETURN count(a);
MATCH (a) RETURN count(a);
MATCH (b)-[a]->(c) RETURN count(a);
MATCH (b)-[a]->(c) RETURN count(a);
CREATE (n0 :L2{id:10})-[r0 :T4{id:11}]->(n1{id:12})-[ :T3{id:13}]->( :L4{id:14}), (n2{k24:'G5Jk', id:15})<-[r1 :T4{k57:reverse(NULL), id:16}]-( :L2{k11:1025110659, id:17})-[ :T4{id:18}]->({id:19}) CREATE ({id:20})-[ :T0{k30:'h3I0EOz', id:21}]->(n3{id:22}), (n4{k17:false, id:23})-[r2 :T4{id:24}]->({k10:true, id:25})-[ :T0{id:26}]->(n5{id:27}) MERGE ({id:28})-[r3 :T4{id:29}]-( :L2{id:30}) RETURN DISTINCT 1 AS a0, 1 AS a1;
CREATE ( n0 : L2 { id : 10 } ) - [ r0 : T4 { id : 11 } ] - > ( n1 { id : 12 } ) - [ : T3 { id : 13 } ] - > ( : L4 { id : 14 } ) CREATE ( n2 { k24 : 'G5Jk' , id : 15 } ) < - [ r1 : T4 { k57 : reverse ( NULL ) , id : 16 } ] - ( : L2 { k11 : 1025110659 , id : 17 } ) - [ : T4 { id : 18 } ] - > ( { id : 19 } ) CREATE ( { id : 20 } ) - [ : T0 { k30 : ('h3I0EOz' +'') , id : 21 } ] - > ( n3 { id : 22 } ) CREATE (n5{id:27})<-[ : T0 { id : 26 } ] -({k10:true, id:25})<-[ r2 : T4 { id : 24 } ] -( n4 { k17 : false , id : 23 } ) MERGE ( { id : 28 } ) - [ r3 : T4 { id : 29 } ] - ( : L2 { id : 30 } ) RETURN DISTINCT 1 AS a0 , 1 AS a1 ;
MATCH (a) RETURN count(a);
MATCH (a) RETURN count(a);
MATCH (b)-[a]->(c) RETURN count(a);
MATCH (b)-[a]->(c) RETURN count(a);
CREATE p0=({k24:toStringOrNull(NULL), id:31})<-[ :T0{id:32}]-(n0{k8:(747381827*795786394), id:33})<-[ :T4{k57:elementId(startNode(relationships(NULL)[toIntegerOrNull(abs(-341675543))])), id:34}]-(n1{id:35}) CREATE (n2{id:36})<-[r0 :T6{k66:size(relationships(NULL)), id:37}]-(n3{id:38})<-[r1 :T0{k33:1040414498, id:39}]-(n4{id:40}) CREATE (n5 :L4{k25:NULL, id:41}), (n6{k24:'C', id:42})-[r2 :T3{id:43}]->(n7{k24:NULL, id:44}) RETURN DISTINCT [x IN [round(1096589469), 1568287488]|NULL] AS a0;
CREATE p0 = ( { k24 : toStringOrNull ( NULL ) , id : 31 } ) < - [ : T0 { id : 32 } ] - ( n0 { k8 : ( 747381827 * 795786394 ) , id : CASE WHEN TRUE THEN 33 END } ) < - [ : T4 { k57 : elementId ( startNode ( relationships ( NULL ) [ toIntegerOrNull ( abs ( -341675543 ) ) ] ) ) , id : 34 } ] - ( n1 { id : CASE WHEN TRUE THEN 35 END } ) CREATE ( n2 { id : 36 } ) < - [ r0 : T6 { k66 : size ( relationships ( NULL ) ) , id : 37 } ] - ( n3 { id : 38 } ) < - [ r1 : T0 { k33 : 1040414498 , id : CASE WHEN TRUE THEN 39 END } ] - ( n4 { id : 40 } ) WITH * OPTIONAL MATCH ()-[:TYPE]-() CREATE ( n5 : L4 { k25 : NULL , id : 41 } ) CREATE ( n6 { k24 : 'C' , id : 42 } ) - [ r2 : T3 { id : 43 } ] - > ( n7 { k24 : NULL , id : 44 } ) RETURN DISTINCT [ x IN [ round ( 1096589469 ) , 1568287488 ] | NULL ] AS a0 ORDER BY 1 ;
MATCH (a) RETURN count(a);
MATCH (a) RETURN count(a);
MATCH (b)-[a]->(c) RETURN count(a);
MATCH (b)-[a]->(c) RETURN count(a);
OPTIONAL MATCH (n0), (n1)-[r0]-()-[]-() DETACH DELETE n1  SET n0.k=(NULL+(('O'+('ra4'+'re'))+'5d9')) RETURN *, NULL AS a0;
OPTIONAL MATCH ( n0 ) ,( n1 ) - [ r0 ] - ( ) - [ ] - ( ) DETACH DELETE n1 SET n0 . k = ( NULL + ( ( 'O' + ( 'ra4' + 're' ) ) + '5d9' ) ) RETURN * , NULL AS a0 ;
