-- Time: 2024/04/11 13:37:22
-- Database: janusgraph_database318
-- Database version: composite
-- seed value: 1712812406841
CREATE (n0 {id : 0});
CREATE (n0 {id : 1});
CREATE (n0 :L5{k28 : 'z', k29 : false, k30 : -567486362, id : 2, k32 : 1429433736, k34 : 'd7'});
CREATE (n0 :L2{k16 : -1663640440, k11 : true, id : 3, k12 : 'FOfOs', k15 : true, k14 : 533463829});
MATCH (n0 {id : 2}), (n1 {id : 0}) MERGE(n0)-[r :T3{k53 : -1564723578, k52 : false, k55 : 1423688779, id : 4, k54 : 352107256, k57 : -1876186375, k56 : true}]->(n1);
MATCH (n0 {id : 0}), (n1 {id : 3}) MERGE(n0)-[r :T4{k60 : '16f', k62 : false, k61 : 'OX', id : 5, k59 : '2', k58 : 'xxu'}]->(n1);
MATCH (n0{k12:CASE WHEN NULL THEN 'V' END}) WHERE true SET n0.k=toIntegerList(keys(properties(NULL)))[toIntegerOrNull(abs(NULL))] SET n0.k='Q5h2' RETURN 1 AS a0;
MATCH ( n0 { k12 : CASE WHEN NULL THEN 'V' END } ) WHERE true SET n0 . k = toIntegerList ( keys ( properties ( NULL ) ) ) [ toIntegerOrNull ( abs ( NULL ) ) ] WITH * UNWIND [NULL] as l0 SET n0 . k = ('Q5h2' +'') WITH * OPTIONAL MATCH ()-[:TYPE]-() RETURN 1 AS a0 ;
MATCH (a) RETURN count(a);
MATCH (b)-[a]->(c) RETURN count(a);
MATCH (b)-[a]->(c) RETURN count(a);
MATCH ( :L2{k14:size([('g' STARTS WITH 'O2EP')])}), () OPTIONAL MATCH ()-[r0]-(n0) SET n0.k=true RETURN collect(r0)[toIntegerOrNull(abs(-837277419))] AS a0, r0 AS a1 ORDER BY NULL;
MATCH ()-[*0..0]-( : L2 { k14 : size ( CASE WHEN TRUE THEN [ ( 'g' STARTS WITH (''+'O2EP' )) ] END ) } ) ,( ) WHERE TRUE OPTIONAL MATCH (nn0),()<-[r0]-(),(n0) WHERE exists((nn0)-[r0]-(n0)) SET n0 . k = true WITH * UNWIND [1] as l0 RETURN collect ( r0 ) [ toIntegerOrNull ( abs ( -837277419 ) ) ] AS a0 , r0 AS a1 ORDER BY NULL ;
MATCH (a) RETURN count(a);
MATCH (a) RETURN count(a);
MATCH (b)-[a]->(c) RETURN count(a);
MATCH (b)-[a]->(c) RETURN count(a);
MERGE ( :L2{k12:'t6', id:6}) CREATE (n0{id:7})<-[ :T3{k57:(1351806159+(NULL*NULL)), id:8}]-(n1{id:9}), ( :L2{k15:isEmpty(CASE WHEN NULL THEN [{}, {}] END), id:10}) CREATE (n2{k10:837222970, id:11})<-[r0 :T4{id:12}]-({id:13}), p0=( :L2{id:14})<-[r1 :T3{k52:NULL, id:15}]-(n3{id:16}) RETURN 1 AS a0 SKIP 1 UNION ALL MATCH p0=(), () MATCH (n0), () CREATE p1=({id:17}) RETURN NULL AS a0;
MERGE ( : L2 { k12 : ('t6' +'') , id : 6 } ) WITH * CREATE (n0{ id : 7 } )CREATE (n0)< - [ : T3 { k57 : ( 1351806159 + ( NULL * NULL ) ) , id : 8 } ] - ( n1 { id : 9 } ) CREATE ( : L2 { k15 : isEmpty ( CASE WHEN TRUE THEN CASE WHEN CASE WHEN TRUE THEN NULL END THEN ([ { } , { } ] +[]) END END ) , id : 10 } ) WITH * CREATE ( n2 { k10 : 837222970 , id : 11 } ) < - [ r0 : T4 { id : CASE WHEN TRUE THEN 12 END } ] - ( { id : 13 } ) CREATE p0 = ( : L2 { id : 14 } ) < - [ r1 : T3 { k52 : NULL , id : 15 } ] - ( n3 { id : 16 } ) RETURN 1 AS a0 SKIP 1 UNION ALL MATCH p0=(),() MATCH (n0),() CREATE p1 = ( { id : 17 } ) WITH * OPTIONAL MATCH ()-[:TYPE]-() RETURN NULL AS a0 LIMIT 1 ;
MATCH (a) RETURN count(a);
MATCH (a) RETURN count(a);
MATCH (b)-[a]->(c) RETURN count(a);
MATCH (b)-[a]->(c) RETURN count(a);
MERGE ({id:18})-[r0 :T4{id:19}]->(n0 :L2{id:20}) MERGE p0=({id:21})-[ :T4{id:22}]->(n1{id:23}) SET n0.k=toBooleanOrNull(isEmpty(substring('l', toIntegerOrNull(abs(465183248)), toIntegerOrNull(abs(-1469979148))))) RETURN (n0.k15) AS a0, 1 AS a1;
MERGE pp0=( { id : 18 } ) - [ r0 : T4 { id : 19 } ] - > ( n0 : L2 { id : 20 } ) MERGE p0 = ( { id : CASE WHEN FALSE THEN NULL ELSE 21 END } ) - [ : T4 { id : 22 } ] - > ( n1 { id : 23 } ) SET n0 . k = toBooleanOrNull ( isEmpty ( substring ( 'l' , CASE WHEN FALSE THEN NULL ELSE toIntegerOrNull ( abs ( 465183248 ) ) END , toIntegerOrNull ( abs ( -1469979148 ) ) ) ) ) RETURN ( n0 . k15 ) AS a0 , 1 AS a1 ;
MATCH (a) RETURN count(a);
MATCH (a) RETURN count(a);
MATCH (b)-[a]->(c) RETURN count(a);
MATCH (b)-[a]->(c) RETURN count(a);
OPTIONAL MATCH (n0)-[*..2]-(), ({k13:NULL})-[]-() SET n0.k=-886424761 MERGE ({k34:'h', id:24})-[r0 :T3{k55:1159225511, id:25}]->({id:26})-[r1 :T4{id:27}]-(n1 :L2{id:28}) RETURN collect(relationships(NULL)[toIntegerOrNull(abs((n1.k13)))])[toIntegerOrNull(abs(240659882))] AS a0, n0 AS a1 LIMIT 0;
OPTIONAL MATCH ( n0 ) - [ * .. 2 ] - ( ) ,( { k13 : NULL } ) - [ ] - ( ) WHERE TRUE OPTIONAL MATCH ()-[:TYPE]-() SET n0 . k = -886424761 MERGE ( { k34 : 'h' , id : CASE WHEN FALSE THEN NULL ELSE 24 END } ) - [ r0 : T3 { k55 : 1159225511 , id : 25 } ] - > ( { id : 26 } ) - [ r1 : T4 { id : 27 } ] - ( n1 : L2 { id : 28 } ) RETURN collect ( relationships ( NULL ) [ toIntegerOrNull ( abs ( ( n1 . k13 ) ) ) ] ) [ toIntegerOrNull ( abs ( 240659882 ) ) ] AS a0 , n0 AS a1 LIMIT CASE WHEN TRUE THEN 0 END ;
MATCH (a) RETURN count(a);
MATCH (a) RETURN count(a);
MATCH (b)-[a]->(c) RETURN count(a);
MATCH (b)-[a]->(c) RETURN count(a);
MERGE (n0{id:29}) DETACH DELETE n0  CREATE p0=(n1{id:30}) RETURN CASE WHEN NULL THEN NULL END AS a0, 1 AS a1;
MERGE ( n0 { id : 29 } ) DETACH DELETE CASE WHEN TRUE THEN n0 END CREATE p0 = ( n1 { id : 30 } ) RETURN CASE WHEN NULL THEN NULL END AS a0 , 1 AS a1 ;
