-- Time: 2024/04/11 13:24:30
-- Database: janusgraph_database144
-- Database version: composite
-- seed value: 1712812406626
CREATE (n0 {id : 0});
CREATE (n0 :L2{k17 : -953586258, k16 : '2mK', k19 : -1120085680, id : 1, k13 : 982161993, k15 : '2x1', k14 : true});
CREATE (n0 :L5{k31 : 960250767, k33 : true, id : 2, k35 : 720130481, k34 : true, k36 : true});
CREATE (n0 :L3{k22 : 'on', id : 3, k21 : 1810798710, k24 : -479546478, k23 : true});
MATCH (n0 {id : 2}), (n1 {id : 3}) MERGE(n0)-[r :T6{k82 : false, k81 : 'Gd1', id : 4, k79 : -473621099, k78 : 268221980}]->(n1);
MATCH (n0 {id : 3}), (n1 {id : 0}) MERGE(n0)-[r :T0{k49 : 1337740819, k44 : 1943442506, id : 5, k46 : 2002239016, k45 : 'd', k48 : true, k47 : -1930289787}]->(n1);
MATCH (n0 {id : 3}), (n1 {id : 3}) MERGE(n0)-[r :T3{k62 : true, k61 : 'HYk', k64 : -780661789, k63 : true, id : 6, k65 : '04A'}]->(n1);
MATCH (n0 {id : 3}), (n1 {id : 2}) MERGE(n0)-[r :T2{k60 : -738615493, id : 7, k57 : false, k59 : 'IrSi', k58 : 'odna'}]->(n1);
MATCH (n0 {id : 0}), (n1 {id : 3}) MERGE(n0)-[r :T6{k80 : -637546416, k82 : true, k81 : 'yQ2jc', id : 8, k79 : -1381422227, k78 : -904613211}]->(n1);
MATCH (n0 {id : 3}), (n1 {id : 1}) MERGE(n0)-[r :T2{k60 : 719089444, k55 : true, id : 9, k57 : false, k56 : true, k59 : 'zci', k58 : '0'}]->(n1);
WITH true AS a0 WHERE ('NDQ' <= (NULL+'g53I8M')) MERGE ({k31:round(-1867477160), id:10})<-[r0 :T2{id:11}]-({k20:false, id:12}) DETACH DELETE r0  RETURN [x IN [NULL, NULL]|NULL] AS a1;
WITH true AS a0 WHERE ( 'NDQ' <= ( NULL + 'g53I8M' ) ) WITH * MERGE ( { k31 : round ( -1867477160 ) , id : 10 } ) < - [ r0 : T2 { id : CASE WHEN FALSE THEN NULL ELSE 11 END } ] - ( { k20 : false , id : 12 } ) WITH * DETACH DELETE r0 WITH * UNWIND [NULL] as l0 RETURN DISTINCT [ x IN [ NULL , NULL ] | NULL ] AS a1 ;
MATCH (a) RETURN count(a);
MATCH (b)-[a]->(c) RETURN count(a);
MATCH (b)-[a]->(c) RETURN count(a);
MATCH (n0)<-[]-()-[]-() WHERE NULL DETACH DELETE n0  MERGE (n1 :L2{id:13})<-[r0 :T2{id:14}]-(n2{id:15})-[ :T2{id:16}]-(n3{k36:false, id:17}) RETURN 1 AS a0 SKIP 1;
MATCH (n0),()<-[m0]-(),(nn1),()<-[m2]-(),(nn3) WHERE exists((n0)<-[m0]-(nn1)-[m2]-(nn3)) AND (NULL )DETACH DELETE n0 WITH * UNWIND [NULL] as l0 MERGE ( n1 : L2 { id : 13 } ) < - [ r0 : T2 { id : 14 } ] - ( n2 { id : 15 } ) - [ : T2 { id : 16 } ] - ( n3 { k36 : false , id : 17 } ) RETURN 1 AS a0 SKIP 1 ;
