-- Time: 2024/04/11 13:51:25
-- Database: janusgraph_database508
-- Database version: composite
-- seed value: 1712812407032
CREATE (n0 :L0{k0 : 1364792602, k2 : 'q', k3 : 1304146139, k5 : 180512304, id : 0});
CREATE (n0 {id : 1});
CREATE (n0 :L0{k0 : 1229484157, k1 : 936883940, k2 : 'p', k3 : 568354232, k4 : true, k5 : -1716606814, id : 2});
CREATE (n0 :L5{k28 : 'ON5nHI', k31 : 1084499657, k30 : true, id : 3, k32 : false});
MATCH (n0 {id : 0}), (n1 {id : 0}) MERGE(n0)-[r :T0{k39 : 'XKZ0', k40 : 1804781392, k42 : '1mR', k41 : -1960605955, k44 : 'T0iy4kn', id : 4, k43 : 'OPa'}]->(n1);
MATCH (n0 {id : 2}), (n1 {id : 1}) MERGE(n0)-[r :T0{k39 : 'L3RQ', k38 : '5F', k40 : -538806324, k42 : 'm', k41 : -2130115026, k44 : 'ErYkU', id : 5, k43 : 'X'}]->(n1);
MATCH (n0 {id : 3}), (n1 {id : 0}) MERGE(n0)-[r :T4{k62 : 1421974131, k64 : -1859403248, k63 : 'd', k66 : true, id : 6}]->(n1);
MATCH (n0 {id : 3}), (n1 {id : 1}) MERGE(n0)-[r :T0{k39 : 'aW', k38 : '5Zc3sG', k40 : 887944724, k42 : 'rWWizUx', id : 7, k43 : 'J'}]->(n1);
MATCH (n0 {id : 1}), (n1 {id : 2}) MERGE(n0)-[r :T0{k39 : 'GoskCi8C', k38 : 'D', k40 : 420015275, k42 : 'o', k41 : -2130115026, k44 : 'M', id : 8, k43 : 'J'}]->(n1);
MATCH ()<-[r0]-(n0) SET n0.k=toStringList(NULL)[toIntegerOrNull(abs(-717187591))] REMOVE n0.k2 RETURN 1 AS a0, n0 AS a1 SKIP 1;
MATCH ()-[*0..0]-( ) < - [ r0 ] - ( n0 ) SET n0 . k = toStringList ( NULL ) [ toIntegerOrNull ( abs ( -717187591 ) ) ] WITH * OPTIONAL MATCH ()-[:TYPE]-() REMOVE n0 . k2 WITH * OPTIONAL MATCH ()-[:TYPE]-() RETURN 1 AS a0 , n0 AS a1 SKIP CASE WHEN TRUE THEN 1 END ;
MATCH (a) RETURN count(a);
MATCH (b)-[a]->(c) RETURN count(a);
MATCH (b)-[a]->(c) RETURN count(a);
OPTIONAL MATCH (n0), p0=()-[r0]-()-[r1]->(n1) WHERE NULL DETACH DELETE n0  REMOVE n1.k2 RETURN *, NULL AS a0 SKIP 0;
OPTIONAL MATCH ( n0 ) ,p0 = ( ) - [ r0 ] - ( ) - [ r1 ] - > ( n1 ) WHERE NULL WITH * CALL{WITH *DETACH DELETE n0 } WITH * UNWIND [1] as l0 WITH * CALL{WITH *REMOVE n1 . k2 } RETURN * , NULL AS a0 SKIP CASE WHEN TRUE THEN 0 END ;
