-- Time: 2024/04/11 13:28:34
-- Database: janusgraph_database199
-- Database version: composite
-- seed value: 1712812406722
CREATE (n0 :L0{k0 : true, k1 : 'X7LcZ', k2 : false, k3 : 'ngNEGWa', k4 : 2048257732, k5 : 689615344, id : 0, k6 : false});
CREATE (n0 :L2{k16 : 'B98', k19 : false, k18 : 'BL', k20 : '0', id : 1, k15 : 1887451005, k14 : -1869619203});
CREATE (n0 :L2{k17 : false, k16 : 'He2ZNEh7', k19 : false, k20 : 'AbVC', id : 2, k15 : -110613204, k14 : 2008901210});
CREATE (n0 {id : 3});
MATCH (n0 {id : 1}), (n1 {id : 3}) MERGE(n0)-[r :T4{k70 : true, k64 : 726162289, k66 : false, id : 4, k65 : 'WRvNP', k68 : true, k67 : true, k69 : true}]->(n1);
MATCH (n0 {id : 0}), (n1 {id : 0}) MERGE(n0)-[r :T2{k51 : 'UZ', k53 : false, k52 : 1849811857, k55 : 'M', id : 5, k54 : 'Fc', k56 : 1492583055}]->(n1);
MATCH (n0 {id : 3}), (n1 {id : 0}) MERGE(n0)-[r :T2{k51 : 'Hxr', k53 : false, k52 : -743087323, id : 6, k54 : 'zP1dkg', k56 : 1964982837}]->(n1);
MATCH (n0 {id : 0}), (n1 {id : 2}) MERGE(n0)-[r :T5{k71 : 'GUW5s', k73 : -928261565, k75 : 'WqG', id : 7}]->(n1);
MATCH (n0), ({k14:NULL})<-[ :T5{k71:NULL}]-(n1 :L0)-[r0]->() CREATE (n2{id:8})-[ :T2{id:9}]->(n3 :L0{id:10}), (n4{id:11}) CREATE ( :L0{id:12})<-[ :T2{k52:(n1.k5), id:13}]-(n5{id:14})<-[ :T4{k67:false, id:15}]-( :L2{id:16}), ({id:17})<-[ :T5{id:18}]-(n6{id:19}) RETURN *;
MATCH ( n0 ) ,( { k14 : NULL } ) < - [ : T5 { k71 : NULL } ] - ( n1 : L0 ) - [ r0 ] - > ( ) WITH * CREATE (n2{ id : 8 } )CREATE (n2)- [ : T2 { id : 9 } ] - > ( n3 : L0 { id : 10 } ) CREATE ( n4 { id : 11 } ) CREATE (m0: L0 { id : 12 } )CREATE (m0)< - [ : T2 { k52 : ( n1 . k5 ) , id : 13 } ] - ( n5 { id : 14 } ) < - [ : T4 { k67 : false , id : 15 } ] - ( : L2 { id : 16 } ) CREATE ( { id : 17 } ) < - [ : T5 { id : 18 } ] - ( n6 { id : 19 } ) WITH * RETURN * SKIP 1 ;
MATCH (a) RETURN count(a);
MATCH (b)-[a]->(c) RETURN count(a);
MATCH (b)-[a]->(c) RETURN count(a);
CREATE ({id:20})-[r0 :T4{k67:NULL, id:21}]->(n0{id:22}), p0=({id:23})<-[ :T5{id:24}]-({k5:NULL, id:25}) CREATE p1=({id:26})<-[ :T2{k53:NULL, id:27}]-(n1{id:28})<-[ :T4{id:29}]-({k20:type(NULL), id:30}), (n2{k2:NULL, id:31}) CREATE ({id:32}), ( :L2{k19:isEmpty(NULL), id:33})-[ :T4{id:34}]->({id:35})-[r1 :T2{k52:-1608811608, id:36}]->({k5:1630572188, id:37}) RETURN 1 AS a0;
CREATE ( { id : 20 } ) - [ r0 : T4 { k67 : NULL , id : 21 } ] - > ( n0 { id : 22 } ) CREATE p0 = ( { id : 23 } ) < - [ : T5 { id : CASE WHEN TRUE THEN 24 END } ] - ( { k5 : NULL , id : 25 } ) WITH * UNWIND [NULL] as l0 CREATE p1 = ( { id : 26 } ) < - [ : T2 { k53 : NULL , id : 27 } ] - ( n1 { id : 28 } ) < - [ : T4 { id : 29 } ] - ( { k20 : type ( NULL ) , id : 30 } ) CREATE ( n2 { k2 : NULL , id : 31 } ) WITH * CREATE ( { id : 32 } ) CREATE ( : L2 { k19 : isEmpty ( NULL ) , id : 33 } ) - [ : T4 { id : 34 } ] - > ( { id : 35 } ) - [ r1 : T2 { k52 : -1608811608 , id : 36 } ] - > ( { k5 : 1630572188 , id : CASE WHEN FALSE THEN NULL ELSE 37 END } ) RETURN 1 AS a0 SKIP 1 ;
MATCH (a) RETURN count(a);
MATCH (a) RETURN count(a);
MATCH (b)-[a]->(c) RETURN count(a);
MATCH (b)-[a]->(c) RETURN count(a);
MATCH ()-[r0]->(), ({k18:NULL}) WHERE CASE WHEN toBooleanOrNull(NULL) THEN isEmpty([-915535349, 1313367396]) END MERGE p0=({k0:false, id:38})-[r1 :T4{id:39}]-(n0{k14:1348527184, id:40}) MERGE ({id:41})-[r2 :T2{k53:true, id:42}]-(n2{id:43}) RETURN n2 AS a0, p0 AS a1;
MATCH ( ) - [ r0 ] - > ( ) ,( { k18 : NULL } ) WHERE CASE WHEN FALSE THEN NULL ELSE CASE WHEN toBooleanOrNull ( NULL ) THEN isEmpty ( [ -915535349 , 1313367396 ] ) END END WITH * MERGE p0 = ( { k0 : false , id : 38 } ) - [ r1 : T4 { id : 39 } ] - ( n0 { k14 : 1348527184 , id : 40 } ) WITH * MERGE ( { id : 41 } ) - [ r2 : T2 { k53 : true , id : 42 } ] - ( n2 { id : 43 } ) RETURN n2 AS a0 , p0 AS a1 ;
MATCH (a) RETURN count(a);
MATCH (a) RETURN count(a);
MATCH (b)-[a]->(c) RETURN count(a);
MATCH (b)-[a]->(c) RETURN count(a);
OPTIONAL MATCH (), (n0 :L0) WHERE true MERGE ( :L2{id:44})<-[r0 :T5{id:45}]-(n1{id:46})-[r1 :T2{id:47}]->(n2{id:48}) DETACH DELETE r0  RETURN n1 AS a0, n2 AS a1 SKIP 1;
OPTIONAL MATCH ( ) ,( n0 : L0 ) WHERE true OPTIONAL MATCH ()-[:TYPE]-() MERGE ( : L2 { id : 44 } ) < - [ r0 : T5 { id : 45 } ] - ( n1 { id : 46 } ) - [ r1 : T2 { id : 47 } ] - > ( n2 { id : 48 } ) WITH * DETACH DELETE r0 WITH * OPTIONAL MATCH ()-[:TYPE]-() RETURN DISTINCT n1 AS a0 , n2 AS a1 SKIP 1 ;
