-- Time: 2024/04/11 14:16:45
-- Database: janusgraph_database850
-- Database version: composite
-- seed value: 1712812407374
CREATE (n0 :L5{k31 : '7', id : 0, k32 : 1375845543, k35 : false, k34 : 1641153100, k37 : false, k36 : false});
CREATE (n0 {id : 1});
CREATE (n0 :L3{k19 : 'b', k20 : 916742969, k22 : true, id : 2, k21 : false, k24 : 'wn0', k23 : false, k25 : 1153740578});
CREATE (n0 :L5{k31 : 'hNC', id : 3, k32 : -2028745249, k35 : false, k34 : 540429763, k37 : true, k36 : false});
MATCH (n0 {id : 1}), (n1 {id : 1}) MERGE(n0)-[r :T1{k49 : false, k51 : 'z', k50 : -926194621, k52 : 'f2', id : 4, k48 : 'Bl8hVgQ'}]->(n1);
MATCH (n0 {id : 2}), (n1 {id : 2}) MERGE(n0)-[r :T1{k49 : true, k51 : 'aFfRa', k50 : 1855289277, k52 : '9', id : 5, k48 : 'UQb'}]->(n1);
MATCH (n0 {id : 0}), (n1 {id : 0}) MERGE(n0)-[r :T2{k53 : 'W', k55 : 'BWq', id : 6, k57 : 'JYM', k56 : false, k59 : -449656272, k58 : -2081382155}]->(n1);
MERGE ({k34:412296834, id:7})<-[r0 :T1{id:8}]-(n0 :L5{id:9}) REMOVE n0.k2 SET n0.k=(r0.k51) RETURN (n0.k35) AS a0;
MERGE ( { k34 : 412296834 , id : 7 } ) < - [ r0 : T1 { id : 8 } ] - ( n0 : L5 { id : 9 } ) FOREACH(f in [1]|REMOVE n0 . k2 ) WITH * CALL{WITH *SET n0 . k = ( r0 . k51 ) } WITH * RETURN ( n0 . k35 ) AS a0 ;
MATCH (a) RETURN count(a);
MATCH (b)-[a]->(c) RETURN count(a);
MATCH (b)-[a]->(c) RETURN count(a);
UNWIND [properties(NULL), properties(nodes(NULL)[toIntegerOrNull(abs(2059477764))])] AS a0 OPTIONAL MATCH p0=() MERGE (n0 :L5{id:10}) RETURN a0 AS a1, p0 AS a2 LIMIT 0;
UNWIND CASE WHEN FALSE THEN NULL ELSE [ properties ( NULL ) , properties ( CASE WHEN TRUE THEN nodes ( NULL ) [ toIntegerOrNull ( abs ( 2059477764 ) ) ] END ) ] END AS a0 OPTIONAL MATCH p0 = ( ) WITH * MERGE pp0=( n0 : L5 { id : 10 } ) WITH * OPTIONAL MATCH ()-[:TYPE]-() RETURN a0 AS a1 , p0 AS a2 SKIP 1 LIMIT 0 ;
MATCH (a) RETURN count(a);
MATCH (a) RETURN count(a);
MATCH (b)-[a]->(c) RETURN count(a);
MATCH (b)-[a]->(c) RETURN count(a);
MATCH (), () WHERE true CREATE p0=({k22:NULL, id:11}), p1=(n0 :L5{k36:false, id:12}) CREATE p2=(n1{id:13})-[ :T2{id:14}]->(n2{id:15}) RETURN 1 AS a0, 1 AS a1 LIMIT 0 UNION OPTIONAL MATCH p0=(n0)-[]->(n1) WHERE false REMOVE n1.k2 CREATE (n2 :L5{k34:NULL, id:16})-[r0 :T2{k54:NULL, id:17}]->(n3{id:18}) RETURN 1 AS a0, p0 AS a1;
MATCH ( ) ,( ) WHERE true CREATE p0 = ( { k22 : NULL , id : 11 } ) CREATE p1 = ( n0 : L5 { k36 : false , id : 12 } ) CREATE (n1{ id : 13 } )CREATE (n1)- [ : T2 { id : 14 } ] - > ( n2 { id : 15 } ) RETURN 1 AS a0 , 1 AS a1 LIMIT 0 UNION OPTIONAL MATCH p0 = ( n0 ) - [ ] - > ( n1 ) WHERE false UNWIND [NULL] as l0 REMOVE n1 . k2 WITH * CREATE ( n2 : L5 { k34 : CASE WHEN FALSE THEN NULL ELSE NULL END , id : 16 } ) - [ r0 : T2 { k54 : NULL , id : 17 } ] - > ( n3 { id : CASE WHEN FALSE THEN NULL ELSE 18 END } ) RETURN 1 AS a0 , p0 AS a1 ;
