-- Time: 2024/04/11 13:57:15
-- Database: janusgraph_database587
-- Database version: composite
-- seed value: 1712812407111
CREATE (n0 {id : 0});
CREATE (n0 {id : 1});
CREATE (n0 :L2{k17 : -1891306625, k16 : 2102875327, id : 2, k13 : true, k12 : 'IkEc5', k15 : true});
CREATE (n0 :L4{k28 : 1932085463, k27 : 1755377321, k29 : 759424762, k31 : 1507441750, k30 : -213604431, id : 3, k26 : 'S'});
MATCH (n0 {id : 2}), (n1 {id : 1}) MERGE(n0)-[r :T3{k55 : 2060219402, id : 4, k57 : 'g', k56 : 'C', k59 : false, k58 : 203471700}]->(n1);
MATCH (n0 {id : 2}), (n1 {id : 0}) MERGE(n0)-[r :T2{k51 : true, k50 : 'SmXIqerx', k53 : 2114368486, k52 : 'kSbmcZm', id : 5, k54 : -630692620}]->(n1);
MATCH (n0 {id : 1}), (n1 {id : 3}) MERGE(n0)-[r :T2{k51 : true, k50 : 'd', k53 : 1129443522, k52 : 'P', id : 6}]->(n1);
MATCH (n0 {id : 2}), (n1 {id : 0}) MERGE(n0)-[r :T0{k39 : -327999670, k38 : 371966877, k40 : 1848027834, k42 : -1062644997, k41 : 'Y', k44 : '0', id : 7}]->(n1);
MATCH (n0 {id : 2}), (n1 {id : 2}) MERGE(n0)-[r :T2{k51 : true, k50 : 'UkEFTx', k53 : 1312755571, k52 : 'JQCK1bh', id : 8, k54 : 775417823}]->(n1);
MATCH (n0 {id : 3}), (n1 {id : 1}) MERGE(n0)-[r :T1{k49 : -1487572392, id : 9, k46 : false, k45 : '3', k48 : false, k47 : 1534769413}]->(n1);
MATCH (n0 {id : 1}), (n1 {id : 1}) MERGE(n0)-[r :T1{k49 : -1673092346, id : 10, k46 : true, k45 : 'x', k48 : false, k47 : -1127085831}]->(n1);
MERGE (n0{id:11})-[r0 :T1{id:12}]-({id:13})<-[r1 :T3{id:14}]-({id:15}) MERGE ({id:16}) MERGE ({id:17})<-[r2 :T0{k43:'dIEzm0WC', id:18}]-({id:19})-[r3 :T2{id:20}]-(n1{id:21}) RETURN r1 AS a0;
MERGE ( n0 { id : 11 } ) - [ r0 : T1 { id : 12 } ] - ( { id : 13 } ) < - [ r1 : T3 { id : 14 } ] - ( { id : 15 } ) MERGE ( { id : 16 } ) MERGE ( { id : 17 } ) < - [ r2 : T0 { k43 : (''+'dIEzm0WC' ), id : 18 } ] - ( { id : 19 } ) - [ r3 : T2 { id : 20 } ] - ( n1 { id : 21 } ) WITH * OPTIONAL MATCH ()-[:TYPE]-() RETURN CASE WHEN TRUE THEN r1 END AS a0 ;
MATCH (a) RETURN count(a);
MATCH (b)-[a]->(c) RETURN count(a);
MATCH (b)-[a]->(c) RETURN count(a);
CREATE p0=(n0{id:22})<-[r0 :T3{id:23}]-({id:24})-[r1 :T0{k43:NULL, id:25}]->({id:26}) CREATE ({id:27}), (n1{k28:1748978244, id:28})<-[ :T2{id:29}]-({id:30})<-[ :T3{id:31}]-( :L2{id:32}) CREATE ({id:33}), (n2{id:34})-[r2 :T1{k45:CASE WHEN ((substring('VB', toIntegerOrNull(abs(-1367544239)), toIntegerOrNull(abs(-82405024)))+'tp') = '9v') THEN 'xDErBjY' END, id:35}]->(n3{id:36})-[ :T1{id:37}]->({id:38}) RETURN NULL AS a0, 1 AS a1;
CREATE p0 = ( n0 { id : 22 } ) < - [ r0 : T3 { id : 23 } ] - ( { id : 24 } ) - [ r1 : T0 { k43 : CASE WHEN FALSE THEN NULL ELSE NULL END , id : 25 } ] - > ( { id : 26 } ) CREATE ( { id : 27 } ) CREATE (n1{ k28 : 1748978244 , id : 28 } )CREATE (n1)< - [ : T2 { id : 29 } ] - ( { id : 30 } ) < - [ : T3 { id : 31 } ] - ( : L2 { id : 32 } ) WITH * OPTIONAL MATCH ()-[:TYPE]-() CREATE ( { id : 33 } ) CREATE ({id:38})<-[ : T1 { id : 37 } ] -(n3{id:36})<-[ r2 : T1 { k45 : CASE WHEN ( ( substring ( 'VB' , CASE WHEN FALSE THEN NULL ELSE toIntegerOrNull ( abs ( -1367544239 ) ) END , toIntegerOrNull ( abs ( -82405024 ) ) ) + 'tp' ) = '9v' ) THEN (''+'xDErBjY' )END , id : 35 } ] -( n2 { id : 34 } ) RETURN NULL AS a0 , 1 AS a1 ;
MATCH (a) RETURN count(a);
MATCH (a) RETURN count(a);
MATCH (b)-[a]->(c) RETURN count(a);
MATCH (b)-[a]->(c) RETURN count(a);
WITH DISTINCT * MERGE ({id:39})<-[r0 :T0{k44:'VYx', id:40}]-(n0{id:41})-[r1 :T2{id:42}]-({id:43}) DETACH DELETE r1  RETURN DISTINCT 1 AS a0 UNION ALL MATCH ()-[]-()-[]-(n0) MERGE (n1{id:44})-[r0 :T1{k47:690441870, id:45}]-(n2{id:46}) CREATE ({id:47}) RETURN n0 AS a0 LIMIT 1;
WITH DISTINCT * OPTIONAL MATCH ()-[:TYPE]-() MERGE ( { id : 39 } ) < - [ r0 : T0 { k44 : (''+'VYx' ), id : 40 } ] - ( n0 { id : 41 } ) - [ r1 : T2 { id : 42 } ] - ( { id : 43 } ) DETACH DELETE r1 RETURN DISTINCT 1 AS a0 SKIP 1 UNION ALL MATCH ( ) - [ ] - ( ) - [ ] - ( n0 ) WITH * MERGE pp0=( n1 { id : 44 } ) - [ r0 : T1 { k47 : 690441870 , id : 45 } ] - ( n2 { id : 46 } ) WITH * CREATE ( { id : 47 } ) WITH * RETURN n0 AS a0 LIMIT 1 ;
MATCH (a) RETURN count(a);
MATCH (a) RETURN count(a);
MATCH (b)-[a]->(c) RETURN count(a);
MATCH (b)-[a]->(c) RETURN count(a);
MATCH p0=(n0)-[]->(), p1=()-[ :T2{k53:1354153120}]-(n0) WHERE NULL CREATE (n1{id:48})-[r0 :T2{k50:NULL, id:49}]->( :L4{id:50}), (n2{id:51})<-[ :T0{id:52}]-(n3 :L2{k17:NULL, id:53})-[r1 :T3{id:54}]->(n4{id:55}) CREATE p2=({id:56})-[r2 :T1{k45:elementId(CASE WHEN false THEN endNode(NULL) END), id:57}]->({id:58})-[r3 :T2{id:59}]->({id:60}), (n5{id:61})-[r4 :T1{k48:NULL, id:62}]->(n6{id:63})-[r5 :T2{id:64}]->(n7{id:65}) RETURN 1 AS a0;
MATCH p0 = ( n0 ) - [ ] - > ( ) ,p1 = ( ) - [ : T2 { k53 : 1354153120 } ] - ( n0 ) WITH * WHERE NULL CREATE (n1{ id : 48 } )CREATE (n1)- [ r0 : T2 { k50 : NULL , id : 49 } ] - > ( : L4 { id : 50 } ) CREATE ( n2 { id : 51 } ) < - [ : T0 { id : 52 } ] - ( n3 : L2 { k17 : NULL , id : 53 } ) - [ r1 : T3 { id : 54 } ] - > ( n4 { id : 55 } ) CREATE p2 = ( { id : CASE WHEN FALSE THEN NULL ELSE 56 END } ) - [ r2 : T1 { k45 : elementId ( CASE WHEN false THEN endNode ( NULL ) END ) , id : 57 } ] - > ( { id : 58 } ) - [ r3 : T2 { id : 59 } ] - > ( { id : 60 } ) CREATE (n7{id:65})<-[ r5 : T2 { id : 64 } ] -(n6{id:63})<-[ r4 : T1 { k48 : NULL , id : 62 } ] -( n5 { id : 61 } ) WITH * RETURN DISTINCT 1 AS a0 ORDER BY FALSE ;
MATCH (a) RETURN count(a);
MATCH (a) RETURN count(a);
MATCH (b)-[a]->(c) RETURN count(a);
MATCH (b)-[a]->(c) RETURN count(a);
WITH * SKIP 0 LIMIT 0 MERGE ({id:66}) CREATE (n0{id:67})-[ :T1{id:68}]->(n1{id:69})<-[r0 :T3{id:70}]-({id:71}), (n2{k15:(-1767108671 >= ((1312588309-(((-414255863--1800576395)*813795687)+-1988951782))+NULL)), id:72})-[ :T2{id:73}]->(n3{id:74}) RETURN 1 AS a0, 1 AS a1 UNION MATCH () WHERE NULL MATCH ()-[r0]-(), p0=()-[r1 :T2{k51:NULL}]->() MERGE ({id:75})-[r2 :T1{id:76}]-( :L4{k26:'5p', id:77})<-[r3 :T2{id:78}]-(n0{id:79}) RETURN p0 AS a0, (r2.k46) AS a1;
WITH * SKIP 0 LIMIT CASE WHEN TRUE THEN 0 END MERGE ( { id : 66 } ) CREATE ( n0 { id : 67 } ) - [ : T1 { id : 68 } ] - > ( n1 { id : 69 } ) < - [ r0 : T3 { id : 70 } ] - ( { id : 71 } ) CREATE ( n2 { k15 : ( -1767108671 >= ( ( 1312588309 - ( ( ( -414255863 - -1800576395 ) * 813795687 ) + -1988951782 ) ) + NULL ) ) , id : 72 } ) - [ : T2 { id : 73 } ] - > ( n3 { id : 74 } ) RETURN 1 AS a0 , 1 AS a1 UNION MATCH ( ) WHERE NULL OPTIONAL MATCH ()-[:TYPE]-() MATCH ( ) - [ r0 ] - ( ) ,p0 = ( ) - [ r1 : T2 { k51 : NULL } ] - > ( ) MERGE ( { id : 75 } ) - [ r2 : T1 { id : 76 } ] - ( : L4 { k26 : '5p' , id : 77 } ) < - [ r3 : T2 { id : 78 } ] - ( n0 { id : 79 } ) RETURN CASE WHEN FALSE THEN NULL ELSE p0 END AS a0 , ( r2 . k46 ) AS a1 ;
