-- Time: 2024/04/11 14:20:59
-- Database: janusgraph_database907
-- Database version: composite
-- seed value: 1712812407432
CREATE (n0 {id : 0});
CREATE (n0 :L2{k17 : true, id : 1, k13 : 2047456676, k12 : false, k14 : 'AKrD'});
CREATE (n0 {id : 2});
CREATE (n0 :L0{k0 : true, k1 : 'JisL', k2 : false, k3 : true, k4 : 757784479, k5 : '1F', id : 3});
MATCH (n0 {id : 2}), (n1 {id : 0}) MERGE(n0)-[r :T2{k51 : 1430581391, k50 : '4W4n', k53 : 'RsA', k52 : false, k55 : 622199199, id : 4, k54 : 'T0Vi', k56 : 'x'}]->(n1);
MATCH (n0 {id : 3}), (n1 {id : 0}) MERGE(n0)-[r :T1{k49 : 'tc2PCn', k44 : 1469850703, id : 5, k46 : 'f', k45 : -1472553229, k48 : 1440779986, k47 : 'Q'}]->(n1);
MATCH (n0 {id : 3}), (n1 {id : 3}) MERGE(n0)-[r :T3{k60 : -833482262, k62 : false, k61 : 'wMe', id : 6, k57 : 'mnHf', k59 : true, k58 : false}]->(n1);
MATCH (n0 {id : 1}), (n1 {id : 2}) MERGE(n0)-[r :T2{k51 : -659246620, k50 : '4W4n', k53 : 'RsA', k55 : 891182548, id : 7, k54 : 'dCK', k56 : '4jH0'}]->(n1);
MATCH (n0 {id : 0}), (n1 {id : 3}) MERGE(n0)-[r :T2{k51 : -789980315, k50 : 'T', k53 : 'sse', k52 : true, id : 8, k54 : '0', k56 : 'x'}]->(n1);
WITH relationships(NULL)[toIntegerOrNull(abs(NULL))] AS a0 WHERE NULL MERGE (n0{id:9}) SET n0.k=reverse('r3') RETURN n0 AS a1;
WITH relationships ( NULL ) [ toIntegerOrNull ( abs ( NULL ) ) ] AS a0 WHERE NULL MERGE ( n0 { id : 9 } ) WITH * OPTIONAL MATCH ()-[:TYPE]-() SET n0 . k = reverse ( 'r3' ) WITH * OPTIONAL MATCH ()-[:TYPE]-() RETURN n0 AS a1 ORDER BY TRUE LIMIT 1 ;
MATCH (a) RETURN count(a);
MATCH (b)-[a]->(c) RETURN count(a);
MATCH (b)-[a]->(c) RETURN count(a);
MERGE p0=(n0{id:10})-[r0 :T3{k58:true, id:11}]-(n1 :L0{k3:false, id:12}) SET n1.k='F' REMOVE n1.k2 RETURN 1 AS a0, 1 AS a1 UNION ALL MERGE (n0{id:13})-[r0 :T1{id:14}]-({id:15})-[r1 :T2{id:16}]-(n1{id:17}) REMOVE n1.k2 REMOVE n1.k2 RETURN n0 AS a0, {k1: -1898919193, k2: [toStringList([]), [true, true]]} AS a1 SKIP 0;
MERGE p0 = ( n0 { id : 10 } ) - [ r0 : T3 { k58 : true , id : 11 } ] - ( n1 : L0 { k3 : false , id : 12 } ) FOREACH(f in [1]|SET n1 . k = 'F' ) REMOVE n1 . k2 WITH * UNWIND 1 as l0 RETURN 1 AS a0 , 1 AS a1 UNION ALL MERGE ( n0 { id : 13 } ) - [ r0 : T1 { id : 14 } ] - ( { id : 15 } ) - [ r1 : T2 { id : CASE WHEN TRUE THEN 16 END } ] - ( n1 { id : 17 } ) WITH * OPTIONAL MATCH ()-[:TYPE]-() REMOVE n1 . k2 WITH * OPTIONAL MATCH ()-[:TYPE]-() FOREACH(f in [1]|REMOVE n1 . k2 ) RETURN DISTINCT n0 AS a0 , { k1 : -1898919193 , k2 : [ toStringList ( [ ] ) , [ CASE WHEN TRUE THEN true END , true ] ] } AS a1 SKIP 0 ;
MATCH (a) RETURN count(a);
MATCH (a) RETURN count(a);
MATCH (b)-[a]->(c) RETURN count(a);
MATCH (b)-[a]->(c) RETURN count(a);
MERGE ({id:18}) MERGE ({id:19})-[r0 :T2{id:20}]-({id:21})<-[r1 :T2{id:22}]-(n0{id:23}) DETACH DELETE r0  RETURN 1 AS a0;
MERGE ( { id : 18 } ) WITH * MERGE ( { id : 19 } ) - [ r0 : T2 { id : CASE WHEN TRUE THEN 20 END } ] - ( { id : 21 } ) < - [ r1 : T2 { id : 22 } ] - ( n0 { id : 23 } ) DETACH DELETE r0 RETURN 1 AS a0 ;
