-- Time: 2024/04/11 13:53:16
-- Database: janusgraph_database533
-- Database version: composite
-- seed value: 1712812407057
CREATE (n0 :L4{k28 : 'YJdlYi678', k27 : true, k29 : true, k30 : 'q', id : 0, k24 : true, k26 : 'H', k25 : 'h'});
CREATE (n0 {id : 1});
CREATE (n0 {id : 2});
CREATE (n0 :L0{k1 : 1603434353, k2 : '9', k3 : 'c7i', k4 : false, k5 : 'WSbmpXD', id : 3});
MATCH (n0 {id : 2}), (n1 {id : 2}) MERGE(n0)-[r :T4{k60 : 'T', k62 : 'U', k61 : false, id : 4, k58 : -1636512465}]->(n1);
MATCH (n0 {id : 3}), (n1 {id : 1}) MERGE(n0)-[r :T0{k31 : true, k33 : 'H', id : 5, k32 : -1423085575, k35 : true, k37 : -1017133170, k36 : 1101890214}]->(n1);
MATCH (n0 {id : 3}), (n1 {id : 0}) MERGE(n0)-[r :T0{k31 : false, k33 : '2', id : 6, k32 : 1436728613, k35 : true, k34 : 1081227206, k37 : 1880089083, k36 : -1637143651}]->(n1);
MATCH (n0 {id : 0}), (n1 {id : 1}) MERGE(n0)-[r :T1{k38 : 'r', k40 : 'N3v', k42 : -1845301242, k41 : true, k44 : -1439051556, id : 7, k43 : '5'}]->(n1);
MATCH (n0 {id : 1}), (n1 {id : 0}) MERGE(n0)-[r :T0{k31 : false, k33 : 'H', id : 8, k32 : 991727348, k35 : true, k34 : 343025007, k37 : 1504129612, k36 : -1219888828}]->(n1);
MATCH (n0 {id : 3}), (n1 {id : 2}) MERGE(n0)-[r :T1{k39 : true, k38 : 'H', k40 : 'K', k42 : -20765988, k41 : true, k44 : 1595854809, id : 9, k43 : 'FQi1Y'}]->(n1);
MATCH (n0 {id : 2}), (n1 {id : 2}) MERGE(n0)-[r :T1{k39 : true, k38 : '6', k40 : '5f', k41 : true, k44 : -1448438078, id : 10, k43 : 'g8wD'}]->(n1);
MATCH () CREATE ({id:11})<-[r0 :T1{id:12}]-({id:13})-[ :T0{k36:round(round(NULL)), id:14}]->(n0 :L4{id:15}), ( :L0{id:16}) CREATE p0=(n1{id:17})<-[ :T1{id:18}]-(n2{id:19}) RETURN 1 AS a0, 1 AS a1;
MATCH ( ) CREATE ( { id : CASE WHEN FALSE THEN NULL ELSE 11 END } ) < - [ r0 : T1 { id : 12 } ] - ( { id : 13 } ) - [ : T0 { k36 : round ( round ( NULL ) ) , id : 14 } ] - > ( n0 : L4 { id : 15 } ) CREATE ( : L0 { id : 16 } ) CREATE p0 = ( n1 { id : 17 } ) < - [ : T1 { id : 18 } ] - ( n2 { id : 19 } ) WITH * OPTIONAL MATCH ()-[:TYPE]-() RETURN 1 AS a0 , 1 AS a1 ;
MATCH (a) RETURN count(a);
MATCH (b)-[a]->(c) RETURN count(a);
MATCH (b)-[a]->(c) RETURN count(a);
MATCH (n7)-[ :T0{k34:NULL}]-(n8) WHERE exists(()-[ :T0]-()-[ :T1]-()) SET n8.k=NULL CREATE (n9{id:20})-[r1 :T0{id:21}]->(n10{id:22}), ({id:23}) RETURN 1 AS a0, 1 AS a1;
MATCH ( n7 ) - [ : T0 { k34 : NULL } ] - ( n8 ) WHERE exists ( ( ) - [ : T0 ] - ( ) - [ : T1 ] - ( ) ) OPTIONAL MATCH ()-[:TYPE]-() SET n8 . k = NULL WITH * OPTIONAL MATCH ()-[:TYPE]-() CREATE ( n9 { id : 20 } ) - [ r1 : T0 { id : 21 } ] - > ( n10 { id : 22 } ) CREATE ( { id : 23 } ) RETURN 1 AS a0 , 1 AS a1 ;
MATCH (a) RETURN count(a);
MATCH (a) RETURN count(a);
MATCH (b)-[a]->(c) RETURN count(a);
MATCH (b)-[a]->(c) RETURN count(a);
OPTIONAL MATCH ()-[r0]-(n0)-[]->(), ()<-[]-() SET n0.k=NULL REMOVE n0.k2 RETURN 1 AS a0 ORDER BY NULL;
OPTIONAL MATCH ( ) - [ r0 ] - ( n0 ) - [ ] - > ( ) ,( ) < - [ ] - ( ) UNWIND 1 as l0 SET n0 . k = NULL WITH * OPTIONAL MATCH ()-[:TYPE]-() REMOVE n0 . k2 RETURN 1 AS a0 ORDER BY NULL ;
