-- Time: 2024/04/11 14:06:08
-- Database: janusgraph_database707
-- Database version: composite
-- seed value: 1712812407231
CREATE (n0 :L0{k0 : 'O', k1 : -437638464, k2 : -190626337, k3 : false, k4 : true, k5 : 1094504199, id : 0});
CREATE (n0 :L0{k1 : 1938929137, k2 : -312983755, k3 : true, k4 : false, k5 : 986499399, id : 1});
CREATE (n0 :L1{id : 2, k6 : 1618987490, k10 : -1391338767, k7 : '0g', k8 : 'vQXW', k12 : true});
CREATE (n0 :L3{k19 : -324133789, k20 : true, id : 3, k21 : 'WvhxVyugR', k23 : false});
MATCH (n0 {id : 3}), (n1 {id : 1}) MERGE(n0)-[r :T3{k49 : 1163281832, k51 : 1096080999, k50 : -1509059849, k53 : true, k55 : true, id : 4, k54 : true}]->(n1);
MATCH (n0 {id : 0}), (n1 {id : 3}) MERGE(n0)-[r :T0{k31 : -1037445555, k33 : 'O', id : 5, k32 : 'rjKbppTu', k35 : false, k34 : -517741990, k36 : -83526716}]->(n1);
MATCH (n0 {id : 3}), (n1 {id : 1}) MERGE(n0)-[r :T2{k44 : 'Y', id : 6, k43 : 'U', k46 : false, k45 : 'aUmK', k48 : 'c', k47 : 'cvt'}]->(n1);
MATCH (n0 {id : 1}), (n1 {id : 3}) MERGE(n0)-[r :T2{k44 : 'Q2', id : 7, k43 : 'y6qfcLVQW', k46 : false, k45 : 'gO', k48 : 'dR5ED3pL', k47 : 'c'}]->(n1);
MATCH (n0 {id : 2}), (n1 {id : 2}) MERGE(n0)-[r :T4{k60 : -331750062, k61 : false, id : 8, k57 : 'oWX', k56 : 'k4M2M', k59 : -602955055, k58 : -1639300752}]->(n1);
MATCH (n0 {id : 3}), (n1 {id : 3}) MERGE(n0)-[r :T4{k60 : -299255891, k61 : false, id : 9, k57 : 'ZrYP', k56 : 'e2xhAF9yt', k59 : -399011983, k58 : -550401172}]->(n1);
CREATE ( :L3{k21:'q', id:10}), (n0 :L3{k21:NULL, id:11}) MERGE p0=(n1{k1:1392920032, id:12})<-[r0 :T3{id:13}]-(n2{k20:false, id:14}) REMOVE n1.k2 RETURN p0 AS a0;
CREATE ( : L3 { k21 : 'q' , id : 10 } ) CREATE ( n0 : L3 { k21 : CASE WHEN FALSE THEN NULL ELSE NULL END , id : 11 } ) MERGE p0 = ( n1 { k1 : 1392920032 , id : 12 } ) < - [ r0 : T3 { id : 13 } ] - ( n2 { k20 : false , id : 14 } ) WITH * REMOVE n1 . k2 WITH * OPTIONAL MATCH ()-[:TYPE]-() RETURN p0 AS a0 ;
MATCH (a) RETURN count(a);
MATCH (b)-[a]->(c) RETURN count(a);
MATCH (b)-[a]->(c) RETURN count(a);
MERGE p0=(n0 :L0{id:15})-[r0 :T0{id:16}]-({k22:'0', id:17}) REMOVE n0.k2 DETACH DELETE n0  RETURN 1 AS a0;
MERGE p0 = ( n0 : L0 { id : 15 } ) - [ r0 : T0 { id : 16 } ] - ( { k22 : '0' , id : 17 } ) REMOVE n0 . k2 DETACH DELETE n0 WITH * UNWIND 1 as l0 RETURN DISTINCT 1 AS a0 ;
