-- Time: 2024/04/11 13:25:45
-- Database: janusgraph_database161
-- Database version: composite
-- seed value: 1712812406643
CREATE (n0 :L5{k28 : -1326478525, k29 : 625207956, k31 : 'xo3ev07o', k30 : -1335904437, k33 : true, id : 0, k32 : true});
CREATE (n0 {id : 1});
CREATE (n0 :L5{k28 : 1172818872, k29 : 1224192810, k30 : -629969650, k33 : false, id : 2, k32 : false});
CREATE (n0 :L6{k39 : false, k38 : '5B9', id : 3, k35 : 1923228218, k34 : false, k37 : 166604260, k36 : 341374950});
MATCH (n0 {id : 3}), (n1 {id : 1}) MERGE(n0)-[r :T4{k71 : 'K', k70 : false, k66 : 1105060488, id : 4, k68 : true, k67 : 949694381, k69 : false}]->(n1);
MATCH (n0 {id : 1}), (n1 {id : 3}) MERGE(n0)-[r :T3{k60 : 541358289, k62 : -1630588421, k61 : 'Nm', k63 : 1522325466, id : 5, k65 : 'rGfq1m', k59 : true}]->(n1);
MATCH (n0 {id : 3}), (n1 {id : 3}) MERGE(n0)-[r :T0{k40 : 2007044765, k42 : false, k41 : 756965446, k44 : true, id : 6, k43 : 'l4', k45 : true}]->(n1);
MATCH (n0 {id : 0}), (n1 {id : 2}) MERGE(n0)-[r :T3{k60 : -412938268, k62 : -1470070883, k61 : 'TAIuGqhUO', k64 : 'GdaHV', k63 : 1806410712, id : 7, k65 : 'Y', k59 : false}]->(n1);
MATCH (n0 {id : 3}), (n1 {id : 0}) MERGE(n0)-[r :T3{k60 : 926913803, k62 : 1832775555, k61 : 'Y5TJ', k64 : 'vxAc', k63 : 1806410712, id : 8, k65 : 'D0', k59 : true}]->(n1);
MATCH (n0 {id : 0}), (n1 {id : 0}) MERGE(n0)-[r :T1{k49 : '0', k51 : '2', k50 : 'i', k52 : 'n', id : 9, k46 : true, k48 : 'b', k47 : false}]->(n1);
MATCH (n0 {id : 3}), (n1 {id : 1}) MERGE(n0)-[r :T5{k73 : 'C', k72 : false, k75 : 'CiIGopCyD', k74 : 1096256780, id : 10, k76 : 'DvmQkY7'}]->(n1);
WITH [x IN [properties(NULL), CASE WHEN true THEN properties(NULL) END]] AS a0 MERGE ({id:11}) CREATE ( :L5{id:12})-[ :T1{id:13}]->(n0 :L5{k29:-712879094, id:14})-[ :T3{id:15}]->(n1{id:16}), (n2 :L6{id:17}) RETURN 1 AS a1, NULL AS a2;
WITH [ x IN [ properties ( NULL ) , CASE WHEN TRUE THEN CASE WHEN true THEN properties ( NULL ) END END ] ] AS a0 MERGE ( { id : 11 } ) CREATE (n1{id:16})<-[ : T3 { id : 15 } ] -(n0 :L5{k29:-712879094, id:14})<-[ : T1 { id : CASE WHEN FALSE THEN NULL ELSE 13 END } ] -( : L5 { id : 12 } ) CREATE ( n2 : L6 { id : 17 } ) RETURN DISTINCT 1 AS a1 , NULL AS a2 ;
MATCH (a) RETURN count(a);
MATCH (b)-[a]->(c) RETURN count(a);
MATCH (b)-[a]->(c) RETURN count(a);
MERGE ({id:18})-[r0 :T4{id:19}]-(n0{k39:false, id:20})-[r1 :T3{id:21}]->(n1{id:22}) REMOVE n1.k2 SET n1.k=false RETURN 1 AS a0;
MERGE ( { id : 18 } ) - [ r0 : T4 { id : 19 } ] - ( n0 { k39 : CASE WHEN TRUE THEN false END , id : 20 } ) - [ r1 : T3 { id : 21 } ] - > ( n1 { id : CASE WHEN FALSE THEN NULL ELSE 22 END } ) REMOVE n1 . k2 WITH * SET n1 . k = false RETURN 1 AS a0 ;
