-- Time: 2024/04/11 13:46:58
-- Database: janusgraph_database448
-- Database version: composite
-- seed value: 1712812406971
CREATE (n0 :L0{k1 : true, k2 : 1155742716, k3 : true, k4 : true, id : 0});
CREATE (n0 {id : 1});
CREATE (n0 {id : 2});
CREATE (n0 :L4{k28 : 'M6nMPxBC', k27 : -1052330130, k29 : -1755151124, id : 3, k24 : false});
MATCH (n0 {id : 0}), (n1 {id : 1}) MERGE(n0)-[r :T2{k55 : -370376018, id : 4, k57 : 'GIu', k56 : true, k59 : 'qRp1f', k58 : 'f5gLU'}]->(n1);
MATCH (n0 {id : 3}), (n1 {id : 0}) MERGE(n0)-[r :T1{k53 : 1133380503, k52 : '3Q4r1', id : 5, k54 : false}]->(n1);
MATCH (n0 {id : 3}), (n1 {id : 3}) MERGE(n0)-[r :T3{k60 : 2089764165, k62 : false, k64 : false, k63 : false, id : 6}]->(n1);
MATCH (n0 {id : 0}), (n1 {id : 0}) MERGE(n0)-[r :T0{k44 : -1961391088, id : 7, k46 : false, k45 : 'k', k48 : true, k47 : 2023889391}]->(n1);
CREATE (n0{id:8}) MERGE ({id:9})-[r0 :T0{k44:1999753304, id:10}]-({id:11}) DETACH DELETE r0  RETURN 1 AS a0 LIMIT 0;
CREATE ( n0 { id : 8 } ) MERGE ( { id : 9 } ) - [ r0 : T0 { k44 : 1999753304 , id : CASE WHEN FALSE THEN NULL ELSE 10 END } ] - ( { id : 11 } ) DETACH DELETE r0 RETURN 1 AS a0 SKIP 1 LIMIT 0 ;
MATCH (a) RETURN count(a);
MATCH (b)-[a]->(c) RETURN count(a);
MATCH (b)-[a]->(c) RETURN count(a);
CREATE ({id:12})-[r0 :T1{id:13}]->({id:14}), ({id:15}) CREATE ({id:16})<-[r1 :T1{k53:toIntegerOrNull(NULL), id:17}]-({k29:(-872583836--1480826593), id:18})-[r2 :T3{id:19}]->(n0{id:20}) MERGE ( :L0{k1:false, id:21}) RETURN 1 AS a0, 1 AS a1;
CREATE ({id:14})<-[ r0 : T1 { id : 13 } ] -( { id : 12 } ) CREATE ( { id : 15 } ) WITH * OPTIONAL MATCH ()-[:TYPE]-() CREATE (m0{ id : 16 } )CREATE (m0)< - [ r1 : T1 { k53 : toIntegerOrNull ( NULL ) , id : 17 } ] - ( { k29 : ( -872583836 - -1480826593 ) , id : 18 } ) - [ r2 : T3 { id : 19 } ] - > ( n0 { id : 20 } ) WITH * OPTIONAL MATCH ()-[:TYPE]-() MERGE ( : L0 { k1 : false , id : 21 } ) RETURN 1 AS a0 , 1 AS a1 LIMIT 1 ;
MATCH (a) RETURN count(a);
MATCH (a) RETURN count(a);
MATCH (b)-[a]->(c) RETURN count(a);
MATCH (b)-[a]->(c) RETURN count(a);
UNWIND [toStringOrNull(reverse([])), elementId(relationships(NULL)[toIntegerOrNull(abs(-999181272))])] AS a0 MATCH (n3)-[]-()-[r1]->(), (n4) CREATE p0=({id:22})-[r2 :T3{id:23}]->({id:24}) RETURN 1 AS a1, a0 AS a2;
UNWIND [ toStringOrNull ( reverse ( [ ] ) ) , elementId ( relationships ( NULL ) [ toIntegerOrNull ( abs ( -999181272 ) ) ] ) ] AS a0 MATCH ( n3 ) - [ ] - ( ) - [ r1 ] - > ( ) ,( n4 ) WITH * WHERE TRUE CREATE p0 = ( { id : 22 } ) - [ r2 : T3 { id : 23 } ] - > ( { id : 24 } ) RETURN 1 AS a1 , a0 AS a2 ;
MATCH (a) RETURN count(a);
MATCH (a) RETURN count(a);
MATCH (b)-[a]->(c) RETURN count(a);
MATCH (b)-[a]->(c) RETURN count(a);
MERGE (n0{k24:false, id:25})-[r0 :T3{id:26}]->({id:27}) SET n0.k=toStringList(relationships(NULL))[toIntegerOrNull(abs(1146291846))] DETACH DELETE n0  RETURN 1 AS a0 ORDER BY NULL, a0 LIMIT 1;
MERGE ( n0 { k24 : false , id : CASE WHEN TRUE THEN 25 END } ) - [ r0 : T3 { id : 26 } ] - > ( { id : 27 } ) SET n0 . k = ([]+toStringList ( ([]+relationships ( NULL ) )) )[ toIntegerOrNull ( CASE WHEN FALSE THEN NULL ELSE abs ( 1146291846 ) END ) ] DETACH DELETE n0 RETURN 1 AS a0 ORDER BY NULL, a0 LIMIT 1 ;
MATCH (a) RETURN count(a);
MATCH (a) RETURN count(a);
MATCH (b)-[a]->(c) RETURN count(a);
MATCH (b)-[a]->(c) RETURN count(a);
CREATE (n0{id:28}), p0=(n1 :L4{id:29})-[ :T1{id:30}]->({id:31}) CREATE (n2{id:32})<-[ :T2{id:33}]-(n3 :L0{k3:NULL, id:34}), ( :L4{id:35})-[r0 :T3{id:36}]->({k29:812587530, id:37}) CREATE ({id:38})<-[ :T0{k45:'y', id:39}]-( :L0{id:40}) RETURN 1 AS a0, 1 AS a1;
CREATE ( n0 { id : 28 } ) CREATE p0 = ( n1 : L4 { id : CASE WHEN FALSE THEN NULL ELSE 29 END } ) - [ : T1 { id : 30 } ] - > ( { id : 31 } ) WITH * UNWIND 1 as l0 CREATE (n3 :L0{k3:NULL, id:34})-[ : T2 { id : 33 } ] ->( n2 { id : 32 } ) CREATE ( : L4 { id : CASE WHEN FALSE THEN NULL ELSE 35 END } ) - [ r0 : T3 { id : 36 } ] - > ( { k29 : 812587530 , id : 37 } ) WITH * CREATE ( :L0{id:40})-[ : T0 { k45 : 'y' , id : CASE WHEN TRUE THEN 39 END } ] ->( { id : 38 } ) WITH * RETURN 1 AS a0 , 1 AS a1 ;
