-- Time: 2024/04/11 13:22:35
-- Database: janusgraph_database118
-- Database version: composite
-- seed value: 1712812406600
CREATE (n0 {id : 0});
CREATE (n0 :L0{k1 : false, k2 : 1206294462, k3 : 'xW', k4 : true, k5 : true, id : 1, k6 : 821184148});
CREATE (n0 :L5{k31 : 'k', k30 : false, k33 : -252101700, id : 2, k32 : -1464892149, k35 : true, k34 : -232554582});
CREATE (n0 :L3{k18 : 'B', k20 : 'K', k22 : 1222763787, id : 3, k24 : true, k23 : 'f03EsVi6c'});
MATCH (n0 {id : 1}), (n1 {id : 2}) MERGE(n0)-[r :T2{k49 : true, k51 : 1741639673, k50 : false, k52 : true, id : 4, k48 : -1820460518}]->(n1);
MATCH (n0 {id : 1}), (n1 {id : 0}) MERGE(n0)-[r :T1{k44 : '3', id : 5, k43 : 'o', k46 : false, k45 : false, k47 : true}]->(n1);
MATCH (n0 {id : 1}), (n1 {id : 0}) MERGE(n0)-[r :T5{k64 : 'sO', k63 : 'jAft04', id : 6, k68 : false, k67 : false}]->(n1);
MATCH (n0 {id : 3}), (n1 {id : 0}) MERGE(n0)-[r :T5{k64 : 'w', k63 : 'fJmWj', k66 : -1954513333, id : 7, k65 : -804851356, k68 : true, k67 : false}]->(n1);
WITH DISTINCT * SKIP 1 WHERE NULL CREATE ({id:8})-[r0 :T5{k67:toBooleanOrNull(NULL), id:9}]->(n0{id:10}) CREATE (n1 :L0{id:11}), p0=(n2{id:12}) RETURN 1 AS a0;
WITH DISTINCT * SKIP 1 WHERE CASE WHEN FALSE THEN NULL ELSE NULL END CREATE ( { id : 8 } ) - [ r0 : T5 { k67 : TRUE AND toBooleanOrNull ( NULL ) , id : 9 } ] - > ( n0 { id : 10 } ) WITH * CREATE ( n1 : L0 { id : 11 } ) CREATE p0 = ( n2 { id : 12 } ) WITH * RETURN 1 AS a0 ORDER BY TRUE ;
MATCH (a) RETURN count(a);
MATCH (b)-[a]->(c) RETURN count(a);
MATCH (b)-[a]->(c) RETURN count(a);
OPTIONAL MATCH ()-[r0 :T2{k49:(NULL IS NULL)}]-(), ()-[r1 :T5{k66:520225669}]-() WHERE ('y' CONTAINS 'RD') CREATE (n0{id:13})<-[ :T2{id:14}]-(n1{k5:false, id:15}), ( :L3{id:16}) DETACH DELETE r1  RETURN 1 AS a0 SKIP 1;
OPTIONAL MATCH ()-[r0 :T2{k49:(NULL IS NULL)}]-(),(nn0),()<-[r1:T5{k66:520225669}]-(),(nn1) WHERE exists((nn0)-[r1]-(nn1)) AND (( 'y' CONTAINS 'RD' ) )CREATE ( n0 { id : 13 } ) < - [ : T2 { id : 14 } ] - ( n1 { k5 : false , id : 15 } ) CREATE ( : L3 { id : 16 } ) WITH * DETACH DELETE r1 WITH * UNWIND [NULL] as l0 RETURN 1 AS a0 SKIP 1 ;
MATCH (a) RETURN count(a);
MATCH (a) RETURN count(a);
MATCH (b)-[a]->(c) RETURN count(a);
MATCH (b)-[a]->(c) RETURN count(a);
MERGE ({k23:'I', id:17}) MERGE p0=({id:18})-[r0 :T5{k67:(NOT false), id:19}]-(n0{id:20}) MERGE ({id:21})-[r1 :T1{id:22}]-(n1{id:23})-[r2 :T2{id:24}]->({id:25}) RETURN 1 AS a0;
MERGE ( { k23 : 'I' , id : 17 } ) WITH * UNWIND [1] as l0 MERGE p0 = ( { id : 18 } ) - [ r0 : T5 { k67 : ( NOT false ) , id : 19 } ] - ( n0 { id : 20 } ) WITH * UNWIND [1] as l1 MERGE ( { id : 21 } ) - [ r1 : T1 { id : 22 } ] - ( n1 { id : 23 } ) - [ r2 : T2 { id : 24 } ] - > ( { id : 25 } ) RETURN CASE WHEN FALSE THEN NULL ELSE 1 END AS a0 ;
MATCH (a) RETURN count(a);
MATCH (a) RETURN count(a);
MATCH (b)-[a]->(c) RETURN count(a);
MATCH (b)-[a]->(c) RETURN count(a);
MERGE ({id:26})-[r0 :T1{id:27}]-(n0{id:28})-[r1 :T5{id:29}]-({id:30}) REMOVE n0.k2 SET n0.k=NULL RETURN *;
MERGE ( { id : 26 } ) - [ r0 : T1 { id : 27 } ] - ( n0 { id : 28 } ) - [ r1 : T5 { id : 29 } ] - ( { id : 30 } ) WITH * UNWIND [NULL] as l0 WITH * CALL{WITH *REMOVE n0 . k2 } SET n0 . k = CASE WHEN FALSE THEN NULL ELSE NULL END RETURN * ;
MATCH (a) RETURN count(a);
MATCH (a) RETURN count(a);
MATCH (b)-[a]->(c) RETURN count(a);
MATCH (b)-[a]->(c) RETURN count(a);
MERGE (n0{id:31})<-[r0 :T5{id:32}]-(n1 :L3{id:33}) SET n0.k=-1173990650 DETACH DELETE n0  RETURN (n1.k19) AS a0, (n1.k24) AS a1;
MERGE ( n0 { id : 31 } ) < - [ r0 : T5 { id : 32 } ] - ( n1 : L3 { id : 33 } ) WITH * UNWIND [1] as l0 SET n0 . k = -1173990650 WITH * OPTIONAL MATCH ()-[:TYPE]-() DETACH DELETE n0 RETURN ( n1 . k19 ) AS a0 , CASE WHEN TRUE THEN ( n1 . k24 ) END AS a1 ;
MATCH (a) RETURN count(a);
MATCH (a) RETURN count(a);
MATCH (b)-[a]->(c) RETURN count(a);
MATCH (b)-[a]->(c) RETURN count(a);
MATCH (n0), (n0)-[ :T2{k51:length(NULL)}]-(n1) MATCH (n1)-[r0]->()<-[r1 :T1{k44:type(relationships(NULL)[toIntegerOrNull(abs(round(1655259394)))])}]-(), ()-[r1]-() CREATE (n2{id:34}) RETURN 1 AS a0, n1 AS a1;
MATCH (n0),(n0)-[ :T2{k51:length(NULL)}]-(n1) UNWIND [1] as l0 MATCH ( n1 ) - [ r0 ] - > ( ) < - [ r1 : T1 { k44 : type ( relationships ( NULL ) [ CASE WHEN TRUE THEN toIntegerOrNull ( abs ( round ( CASE WHEN TRUE THEN 1655259394 END ) ) ) END ] ) } ] - ( ) ,()-[*0..0]-( ) - [ r1 ] - ( ) CREATE ( n2 { id : 34 } ) RETURN CASE WHEN FALSE THEN NULL ELSE 1 END AS a0 , n1 AS a1 ;
MATCH (a) RETURN count(a);
MATCH (a) RETURN count(a);
MATCH (b)-[a]->(c) RETURN count(a);
MATCH (b)-[a]->(c) RETURN count(a);
MATCH ()-[ :T5{k66:NULL}]-() WHERE NULL MERGE p1=({k22:1702918122, id:35})-[r1 :T5{id:36}]->({id:37})<-[ :T5{id:38}]-(n2{id:39}) SET n2.k=(r1.k68) RETURN 1 AS a2, n2 AS a3;
MATCH (nn0),()<-[m1:T5{k66:NULL}]-(),(nn2) WHERE exists((nn0)-[m1]-(nn2)) AND (NULL )MERGE p1 = ( { k22 : 1702918122 , id : 35 } ) - [ r1 : T5 { id : 36 } ] - > ( { id : 37 } ) < - [ : T5 { id : 38 } ] - ( n2 { id : 39 } ) SET n2 . k = ( r1 . k68 ) WITH * OPTIONAL MATCH ()-[:TYPE]-() RETURN 1 AS a2 , CASE WHEN FALSE THEN NULL ELSE n2 END AS a3 ;
