-- Time: 2024/04/11 14:21:34
-- Database: janusgraph_database915
-- Database version: composite
-- seed value: 1712812407440
CREATE (n0 {id : 0});
CREATE (n0 :L3{k19 : false, k20 : true, k22 : 'iN', id : 1, k21 : 'p'});
CREATE (n0 {id : 2});
CREATE (n0 :L4{k28 : true, k27 : 'P', k29 : 'Czhd2f5', id : 3, k24 : true, k23 : '664DnncNx', k26 : false, k25 : -2108884411});
MATCH (n0 {id : 3}), (n1 {id : 3}) MERGE(n0)-[r :T3{k53 : 'd', k52 : 'p7U', k55 : 1010472331, id : 4, k54 : false, k57 : 1976413106, k56 : 'Z'}]->(n1);
MATCH (n0 {id : 2}), (n1 {id : 3}) MERGE(n0)-[r :T1{k42 : 'xbP', k44 : -875368204, id : 5, k46 : 280306067, k45 : -189583253}]->(n1);
MATCH (n0 {id : 3}), (n1 {id : 0}) MERGE(n0)-[r :T3{k53 : 'wD', k52 : 'b', k55 : -1557204093, id : 6, k54 : false, k57 : -1659298287, k56 : 'Sy'}]->(n1);
MATCH (n0 {id : 0}), (n1 {id : 0}) MERGE(n0)-[r :T1{k42 : '5', k44 : -509318273, id : 7, k46 : -488866235, k45 : 611077864}]->(n1);
MATCH (n0 {id : 2}), (n1 {id : 2}) MERGE(n0)-[r :T0{k39 : 'F', k38 : 'P', k40 : 'zCIFY', k41 : 'sElgu', id : 8, k37 : false, k36 : 'PhR'}]->(n1);
MERGE (n0{id:9})<-[r0 :T3{id:10}]-(n1{k23:'d', id:11}) SET n0.k=220988613 SET n1.k=false RETURN n1 AS a0, 1 AS a1;
MERGE ( n0 { id : CASE WHEN TRUE THEN 9 END } ) < - [ r0 : T3 { id : CASE WHEN FALSE THEN NULL ELSE 10 END } ] - ( n1 { k23 : 'd' , id : 11 } ) WITH * OPTIONAL MATCH ()-[:TYPE]-() SET n0 . k = 220988613 WITH * OPTIONAL MATCH ()-[:TYPE]-() SET n1 . k = false WITH * OPTIONAL MATCH ()-[:TYPE]-() RETURN n1 AS a0 , 1 AS a1 LIMIT 1 ;
MATCH (a) RETURN count(a);
MATCH (b)-[a]->(c) RETURN count(a);
MATCH (b)-[a]->(c) RETURN count(a);
OPTIONAL MATCH (), (n0)-[*0..1]-() DETACH DELETE n0  CREATE (n1 :L4{id:12})-[ :T3{k53:toStringList(toBooleanList(relationships(NULL)))[toIntegerOrNull(abs(-973046665))], id:13}]->(n2{id:14})-[ :T1{id:15}]->(n3{id:16}) RETURN 1 AS a0, 1 AS a1;
OPTIONAL MATCH (),(n0)-[*0..1]-() DETACH DELETE n0 WITH * OPTIONAL MATCH ()-[:TYPE]-() CREATE ( n1 : L4 { id : 12 } ) - [ : T3 { k53 : toStringList ( toBooleanList ( (relationships ( NULL ) +[]) ) ) [ toIntegerOrNull ( abs ( -973046665 ) ) ] , id : 13 } ] - > ( n2 { id : 14 } ) - [ : T1 { id : 15 } ] - > ( n3 { id : 16 } ) WITH * RETURN CASE WHEN TRUE THEN 1 END AS a0 , 1 AS a1 LIMIT 1 ;
MATCH (a) RETURN count(a);
MATCH (a) RETURN count(a);
MATCH (b)-[a]->(c) RETURN count(a);
MATCH (b)-[a]->(c) RETURN count(a);
MATCH (n0)-[]-()-[*0..0]->(n1) WHERE true SET n1.k=length(NULL) DETACH DELETE n0  RETURN DISTINCT n1 AS a0, n1 AS a1;
MATCH ( n0 ) - [ ] - ( ) - [ * 0 .. 0 ] - > ( n1 ) WHERE true WITH * SET n1 . k = length ( NULL ) WITH * DETACH DELETE n0 RETURN DISTINCT n1 AS a0 , n1 AS a1 ;
