-- Time: 2024/04/11 13:51:16
-- Database: janusgraph_database506
-- Database version: composite
-- seed value: 1712812407030
CREATE (n0 :L0{k0 : -2089237582, k1 : '43', k2 : 't', k3 : 560808667, k4 : -661929855, k5 : 'B', id : 0, k6 : -9035188});
CREATE (n0 :L2{k17 : 1497160243, k16 : 'WO0upxziZ', k18 : -1613480604, id : 1, k12 : false, k15 : 'S', k14 : true});
CREATE (n0 :L5{k33 : true, id : 2, k32 : 'n', k35 : false, k34 : 1050676596, k36 : -1719801862});
CREATE (n0 {id : 3});
MATCH (n0 {id : 1}), (n1 {id : 0}) MERGE(n0)-[r :T1{k44 : false, id : 4, k43 : 'uyXjzz', k46 : 564565956, k45 : false, k47 : false}]->(n1);
MATCH (n0 {id : 0}), (n1 {id : 2}) MERGE(n0)-[r :T4{k60 : 'e', k62 : false, k61 : 869180651, k63 : false, id : 5, k59 : true}]->(n1);
MATCH p0=() WHERE isEmpty(NULL) DETACH DELETE p0  CREATE p1=(n1{id:6})<-[r0 :T4{id:7}]-(n2{k3:0, id:8}) RETURN 'tpJW' AS a1 ORDER BY a1;
MATCH p0 = ( ) WHERE isEmpty ( NULL ) DETACH DELETE p0 WITH * CREATE (n1{ id : CASE WHEN TRUE THEN 6 END } )CREATE (n1)< - [ r0 : T4 { id : 7 } ] - ( n2 { k3 : CASE WHEN TRUE THEN 0 END , id : 8 } ) WITH * UNWIND [NULL] as l0 RETURN (''+'tpJW' )AS a1 ORDER BY a1 LIMIT 1 ;
MATCH (a) RETURN count(a);
MATCH (b)-[a]->(c) RETURN count(a);
MATCH (b)-[a]->(c) RETURN count(a);
OPTIONAL MATCH (n1{k17:-1252216446})-[ :T4{k62:(CASE WHEN true THEN 'o2o9JPbR' END STARTS WITH 'E')}]-(n2), (n3)-[]-(n2) CREATE ( :L5{id:9})<-[ :T4{k60:toStringList([x IN [NULL, NULL]|NULL])[toIntegerOrNull(abs(1876726748))], id:10}]-(n4 :L0{id:11}), (n5 :L2{id:12}) CREATE p0=(n6 :L5{id:13}), (n7{id:14})-[r0 :T1{id:15}]->({k5:NULL, id:16})-[ :T4{id:17}]->({k34:NULL, id:18}) RETURN n2 AS a2;
OPTIONAL MATCH (n1),()<-[m0:T4{k62:(CASE WHEN true THEN 'o2o9JPbR' END STARTS WITH 'E')}]-(),(n2),(n3)-[]-(n2) WHERE exists((n1{k17:-1252216446})-[m0]-(n2)) CREATE ( : L5 { id : 9 } ) < - [ : T4 { k60 : toStringList ( [ x IN [ NULL , NULL ] | NULL ] ) [ toIntegerOrNull ( abs ( 1876726748 ) ) ] , id : 10 } ] - ( n4 : L0 { id : 11 } ) CREATE ( n5 : L2 { id : 12 } ) CREATE p0 = ( n6 : L5 { id : 13 } ) CREATE ( n7 { id : CASE WHEN TRUE THEN 14 END } ) - [ r0 : T1 { id : 15 } ] - > ( { k5 : NULL , id : 16 } ) - [ : T4 { id : 17 } ] - > ( { k34 : NULL , id : 18 } ) RETURN CASE WHEN TRUE THEN n2 END AS a2 ;
MATCH (a) RETURN count(a);
MATCH (a) RETURN count(a);
MATCH (b)-[a]->(c) RETURN count(a);
MATCH (b)-[a]->(c) RETURN count(a);
MATCH p0=(n0), (n0) UNWIND NULL AS a0 CREATE ( :L5{k36:length(p0), id:19})<-[r0 :T4{id:20}]-(n1{id:21}) RETURN 1 AS a1 LIMIT 0;
MATCH p0 = ( n0 ) ,( n0 ) UNWIND CASE WHEN TRUE THEN NULL END AS a0 CREATE (m0: L5 { k36 : length ( p0 ) , id : 19 } )CREATE (m0)< - [ r0 : T4 { id : 20 } ] - ( n1 { id : 21 } ) RETURN 1 AS a1 LIMIT 0 ;
