-- Time: 2024/04/11 14:05:37
-- Database: janusgraph_database700
-- Database version: composite
-- seed value: 1712812407224
CREATE (n0 {id : 0});
CREATE (n0 :L2{k17 : 37763554, k16 : 'g', k19 : 'hnC4GPw', k18 : '0', id : 1, k15 : false, k14 : -1145810436});
CREATE (n0 :L5{k31 : 'b', k33 : -896708756, id : 2, k32 : 601770732, k35 : -204668919, k34 : false, k36 : 'ccQ'});
CREATE (n0 :L4{k28 : true, k27 : -634053586, k29 : 'wS', k30 : false, id : 3, k26 : 'ZS5N'});
MATCH (n0 {id : 2}), (n1 {id : 3}) MERGE(n0)-[r :T2{k60 : true, k55 : true, id : 4, k57 : 914383511, k56 : true, k59 : true, k58 : 1569872067}]->(n1);
MATCH (n0 {id : 0}), (n1 {id : 2}) MERGE(n0)-[r :T3{k62 : -1646754106, k61 : false, k64 : false, id : 5, k65 : true}]->(n1);
MATCH (n0 {id : 0}), (n1 {id : 2}) MERGE(n0)-[r :T4{k71 : 629884001, k70 : -845754793, k72 : -1855097114, k66 : false, id : 6, k68 : -1319880924, k67 : true, k69 : -213189681}]->(n1);
MATCH (n0 {id : 2}), (n1 {id : 1}) MERGE(n0)-[r :T0{k42 : 'Vv', k44 : false, id : 7, k43 : true, k46 : true, k48 : 'W'}]->(n1);
MATCH (n0 {id : 2}), (n1 {id : 3}) MERGE(n0)-[r :T2{k60 : false, k55 : true, id : 8, k57 : 543671005, k56 : false, k58 : -942122829}]->(n1);
MATCH ()-[]-() WHERE NULL UNWIND NULL AS a0 CREATE (n0 :L4{k28:CASE WHEN ((('v9xsi2' CONTAINS 'mrfrxFTax') OR false) OR NULL) THEN NULL END, id:9})<-[r0 :T2{k58:-810971439, id:10}]-({id:11})-[r1 :T2{id:12}]->(n1{id:13}) RETURN a0 AS a1;
MATCH ( ) - [ ] - ( ) WHERE NULL OPTIONAL MATCH ()-[:TYPE]-() UNWIND NULL AS a0 CREATE ( n0 : L4 { k28 : CASE WHEN TRUE THEN CASE WHEN ( ( ( 'v9xsi2' CONTAINS 'mrfrxFTax' ) OR false ) OR NULL ) THEN NULL END END , id : 9 } ) < - [ r0 : T2 { k58 : CASE WHEN TRUE THEN -810971439 END , id : 10 } ] - ( { id : 11 } ) - [ r1 : T2 { id : 12 } ] - > ( n1 { id : 13 } ) RETURN DISTINCT CASE WHEN TRUE THEN a0 END AS a1 LIMIT 1 ;
MATCH (a) RETURN count(a);
MATCH (b)-[a]->(c) RETURN count(a);
MATCH (b)-[a]->(c) RETURN count(a);
CREATE (n0 :L4{id:14})<-[r0 :T2{id:15}]-(n1 :L5{id:16})-[r1 :T0{id:17}]->(n2{id:18}) MERGE ({id:19})<-[r2 :T2{id:20}]-(n3{id:21}) DETACH DELETE n3  RETURN NULL AS a0;
CREATE ( n0 : L4 { id : 14 } ) < - [ r0 : T2 { id : 15 } ] - ( n1 : L5 { id : CASE WHEN FALSE THEN NULL ELSE 16 END } ) - [ r1 : T0 { id : 17 } ] - > ( n2 { id : 18 } ) MERGE ( { id : 19 } ) < - [ r2 : T2 { id : 20 } ] - ( n3 { id : 21 } ) DETACH DELETE n3 RETURN NULL AS a0 ;
