-- Time: 2024/04/11 13:16:39
-- Database: janusgraph_database38
-- Database version: composite
-- seed value: 1712812406519
CREATE (n0 :L3{k19 : false, k20 : false, k22 : true, id : 0, k21 : 1389869327, k24 : -408033244});
CREATE (n0 :L5{k31 : false, k33 : 2004439606, id : 1, k32 : false, k34 : -1533671291, k37 : -841762584, k36 : -132170149});
CREATE (n0 :L1{k11 : false, id : 2, k6 : true, k10 : -640535548, k7 : 421694092, k8 : false, k12 : -746169502, k9 : false});
CREATE (n0 :L1{k11 : true, id : 3, k6 : true, k10 : 103785179, k8 : true, k12 : -152220503, k9 : true});
MATCH (n0 {id : 1}), (n1 {id : 3}) MERGE(n0)-[r :T4{k62 : 'nNJZ8', k64 : -1991355883, k63 : 'J9', k66 : 'lD', id : 4, k65 : false, k68 : false, k67 : true}]->(n1);
MATCH (n0 {id : 0}), (n1 {id : 3}) MERGE(n0)-[r :T1{k51 : 'UP92R', k50 : true, id : 5, k46 : 1810183110, k48 : 'f63Befz8I', k47 : 2126076191}]->(n1);
MATCH (n0 {id : 0}), (n1 {id : 1}) MERGE(n0)-[r :T5{k71 : 'i', k70 : 'H', k72 : false, id : 6, k69 : 'EgFcdsi'}]->(n1);
MATCH (n0 {id : 3}), (n1 {id : 1}) MERGE(n0)-[r :T3{k60 : false, k61 : -851841609, id : 7, k57 : true, k59 : -1395571875, k58 : true}]->(n1);
OPTIONAL MATCH (n0)-[]-(n1) SET n0.k=((length(NULL)*CASE WHEN (-1535262799 >= -1761779911) THEN -2070335836 END)/(toIntegerOrNull(relationships(NULL))*-1311666897)) MERGE (n2{id:8})-[r0 :T3{id:9}]-(n3 :L1{id:10})-[r1 :T4{k68:true, id:11}]-({id:12}) RETURN r1 AS a0, 1 AS a1 LIMIT 0;
OPTIONAL MATCH ( n0 ) - [ ] - ( n1 ) SET n0 . k = ( ( length ( NULL ) * CASE WHEN ( -1535262799 >= -1761779911 ) THEN -2070335836 END ) / ( toIntegerOrNull ( relationships ( NULL ) ) * -1311666897 ) ) WITH * UNWIND 1 as l0 MERGE ( n2 { id : 8 } ) - [ r0 : T3 { id : 9 } ] - ( n3 : L1 { id : CASE WHEN FALSE THEN NULL ELSE 10 END } ) - [ r1 : T4 { k68 : true , id : 11 } ] - ( { id : 12 } ) WITH * UNWIND [1] as l1 RETURN r1 AS a0 , 1 AS a1 ORDER BY 1 LIMIT 0 ;
MATCH (a) RETURN count(a);
MATCH (b)-[a]->(c) RETURN count(a);
MATCH (b)-[a]->(c) RETURN count(a);
OPTIONAL MATCH ()-[r0]->(n0), p0=()-[r0]-(n1) MERGE ({id:13})<-[r1 :T3{k61:1224921814, id:14}]-( :L1{id:15})<-[r2 :T1{id:16}]-({k20:true, id:17}) DETACH DELETE n1  RETURN n0 AS a0, n0 AS a1 ORDER BY NULL, a0 DESC;
OPTIONAL MATCH ( ) - [ r0 ] - > ( n0 ) ,p0 = ()-[*0..0]-( ) - [ r0 ] - ( n1 ) WITH * MERGE ( { id : 13 } ) < - [ r1 : T3 { k61 : 1224921814 , id : CASE WHEN FALSE THEN NULL ELSE 14 END } ] - ( : L1 { id : 15 } ) < - [ r2 : T1 { id : 16 } ] - ( { k20 : true , id : CASE WHEN FALSE THEN NULL ELSE 17 END } ) WITH * DETACH DELETE n1 RETURN n0 AS a0 , n0 AS a1 ORDER BY NULL, a0 DESC ;
MATCH (a) RETURN count(a);
MATCH (a) RETURN count(a);
MATCH (b)-[a]->(c) RETURN count(a);
MATCH (b)-[a]->(c) RETURN count(a);
MATCH ()-[]-(n0) WHERE NULL OPTIONAL MATCH ()-[]->(n1) WHERE exists(( :L5)-[]-()-[]-()) CREATE ({id:18}) RETURN n1 AS a0;
MATCH (nn0),()<-[m1]-(),(n0) WHERE exists((nn0)-[m1]-(n0)) AND (NULL )OPTIONAL MATCH ( ) - [ ] - > ( n1 ) WHERE exists ( ( : L5 ) - [ ] - ( ) - [ ] - ( ) ) WITH * CREATE ( { id : 18 } ) WITH * UNWIND [1] as l0 RETURN n1 AS a0 ;
