-- Time: 2024/04/11 13:33:36
-- Database: janusgraph_database267
-- Database version: composite
-- seed value: 1712812406790
CREATE (n0 :L2{k17 : true, k16 : false, id : 0, k13 : true, k15 : -1184550176, k14 : 's'});
CREATE (n0 :L5{k31 : 'P4pAB', k33 : false, id : 1, k32 : 32863340, k35 : 'i', k34 : true, k36 : 'D2BySfrI'});
CREATE (n0 {id : 2});
CREATE (n0 {id : 3});
MATCH (n0 {id : 2}), (n1 {id : 1}) MERGE(n0)-[r :T1{k51 : false, k50 : -1535177711, k53 : true, k52 : 'J', id : 4, k48 : false}]->(n1);
MATCH (n0 {id : 2}), (n1 {id : 0}) MERGE(n0)-[r :T0{k42 : 'F', k44 : true, id : 5, k43 : -1982138218, k46 : true, k45 : 'mW'}]->(n1);
MATCH (n0 {id : 3}), (n1 {id : 1}) MERGE(n0)-[r :T4{k64 : 1173000305, k66 : false, id : 6, k65 : 'u9wQnA', k68 : true, k67 : 'e', k69 : -1082031213}]->(n1);
MATCH (n0 {id : 0}), (n1 {id : 3}) MERGE(n0)-[r :T2{id : 7, k54 : -726636612, k57 : true, k56 : 't', k58 : false}]->(n1);
MATCH (n0 {id : 2}), (n1 {id : 1}) MERGE(n0)-[r :T0{k42 : 'Rr', k44 : false, id : 8, k43 : -2132601030, k46 : false, k45 : '50Znj'}]->(n1);
CREATE (n0{id:9})-[ :T2{k57:true, id:10}]->(n1{id:11}) CREATE ( :L5{id:12}), (n2 :L2{id:13})-[ :T2{id:14}]->(n3{id:15})-[ :T4{k68:false, id:16}]->({k31:'t', id:17}) MERGE (n4 :L2{id:18}) RETURN n4 AS a0;
CREATE (n1{id:11})<-[ : T2 { k57 : true , id : 10 } ] -( n0 { id : CASE WHEN FALSE THEN NULL ELSE 9 END } ) CREATE ( : L5 { id : 12 } ) CREATE ({k31:'t', id:17})<-[ : T4 { k68 : false , id : CASE WHEN TRUE THEN 16 END } ] -(n3{id:15})<-[ : T2 { id : 14 } ] -( n2 : L2 { id : 13 } ) MERGE ( n4 : L2 { id : 18 } ) WITH * RETURN n4 AS a0 ;
MATCH (a) RETURN count(a);
MATCH (b)-[a]->(c) RETURN count(a);
MATCH (b)-[a]->(c) RETURN count(a);
CREATE (n0{id:19})<-[ :T2{id:20}]-(n1 :L2{k15:round(432782649), id:21}) MERGE ({id:22}) CREATE p0=({id:23})<-[r0 :T2{id:24}]-({id:25})<-[ :T0{id:26}]-({id:27}), (n2{id:28})<-[r1 :T2{id:29}]-(n3{id:30}) RETURN DISTINCT 1 AS a0 ORDER BY {k1: CASE WHEN true THEN {k1: NULL, k2: []} END, k2: [CASE WHEN false THEN 'rq' END]};
CREATE ( n0 { id : 19 } ) < - [ : T2 { id : 20 } ] - ( n1 : L2 { k15 : round ( 432782649 ) , id : 21 } ) MERGE ( { id : CASE WHEN FALSE THEN NULL ELSE 22 END } ) CREATE p0 = ( { id : 23 } ) < - [ r0 : T2 { id : 24 } ] - ( { id : 25 } ) < - [ : T0 { id : 26 } ] - ( { id : 27 } ) CREATE (n3{id:30})-[ r1 : T2 { id : 29 } ] ->( n2 { id : 28 } ) RETURN DISTINCT 1 AS a0 ORDER BY {k1: CASE WHEN true THEN {k1: NULL, k2: []} END, k2: [CASE WHEN false THEN 'rq' END]} DESC ;
MATCH (a) RETURN count(a);
MATCH (a) RETURN count(a);
MATCH (b)-[a]->(c) RETURN count(a);
MATCH (b)-[a]->(c) RETURN count(a);
MERGE ({k33:false, id:31})<-[r0 :T0{k43:-1029904211, id:32}]-(n0{id:33})-[r1 :T1{id:34}]-({k36:'5', id:35}) MERGE p0=({id:36}) CREATE ({id:37}) RETURN NULL AS a0 UNION MERGE (n0{id:38}) REMOVE n0.k2 DETACH DELETE n0  RETURN 1 AS a0;
MERGE ( { k33 : false , id : 31 } ) < - [ r0 : T0 { k43 : -1029904211 , id : 32 } ] - ( n0 { id : CASE WHEN FALSE THEN NULL ELSE 33 END } ) - [ r1 : T1 { id : 34 } ] - ( { k36 : CASE WHEN FALSE THEN NULL ELSE '5' END , id : 35 } ) WITH * MERGE p0 = ( { id : 36 } ) CREATE ( { id : 37 } ) RETURN NULL AS a0 UNION MERGE ( n0 { id : 38 } ) WITH * UNWIND 1 as l0 FOREACH(f in [1]|REMOVE n0 . k2 ) DETACH DELETE n0 RETURN 1 AS a0 ORDER BY NULL ;
