-- Time: 2024/04/11 13:54:09
-- Database: janusgraph_database545
-- Database version: composite
-- seed value: 1712812407069
CREATE (n0 :L4{k22 : false, id : 0, k24 : true, k23 : true, k26 : false, k25 : 'n'});
CREATE (n0 :L2{k11 : true, id : 1, k10 : 't', k13 : false, k12 : 'o', k15 : 'WMwNbT7'});
CREATE (n0 :L3{k17 : 'O', k16 : 'f', k19 : 1125116696, k18 : 'p', k20 : -1065946059, id : 2, k21 : 'GJYzA'});
CREATE (n0 :L6{k39 : 'L', k38 : true, k33 : 'Y', id : 3, k35 : false, k34 : 'bnc', k37 : 'OVlqpm', k36 : false});
MATCH (n0 {id : 1}), (n1 {id : 3}) MERGE(n0)-[r :T2{k53 : true, k52 : 'v', k55 : 238647239, id : 4, k54 : true, k57 : true, k56 : false}]->(n1);
MATCH (n0 {id : 0}), (n1 {id : 2}) MERGE(n0)-[r :T0{k40 : '0R6', k42 : false, k41 : 'uZ', k44 : 'U', id : 5, k43 : 913627308}]->(n1);
MATCH (n0 {id : 1}), (n1 {id : 0}) MERGE(n0)-[r :T4{k64 : -753371379, k63 : true, id : 6, k65 : 'ywzaVR', k67 : -994296415}]->(n1);
MATCH (n0 {id : 1}), (n1 {id : 1}) MERGE(n0)-[r :T1{k49 : 'cAbT', k50 : 'G7wdu', id : 7, k48 : -55474973, k47 : '3SQp'}]->(n1);
MERGE ( :L2{id:8}) MERGE (n0{id:9})<-[r0 :T2{id:10}]-(n1{id:11}) REMOVE n1.k2 RETURN (r0.k57) AS a0, toIntegerList(NULL) AS a1;
MERGE pp0=( : L2 { id : 8 } ) MERGE ( n0 { id : 9 } ) < - [ r0 : T2 { id : 10 } ] - ( n1 { id : 11 } ) REMOVE n1 . k2 RETURN ( r0 . k57 ) AS a0 , ([]+toIntegerList ( NULL ) )AS a1 ORDER BY FALSE LIMIT 1 ;
MATCH (a) RETURN count(a);
MATCH (b)-[a]->(c) RETURN count(a);
MATCH (b)-[a]->(c) RETURN count(a);
WITH * SKIP 1 MERGE ({id:12}) MERGE (n0 :L2{id:13})-[r0 :T1{id:14}]->(n1 :L2{id:15})-[r1 :T4{id:16}]-(n2{k26:true, id:17}) RETURN (n0.k15) AS a0, n1 AS a1;
WITH * SKIP 1 MERGE ( { id : 12 } ) WITH * MERGE ( n0 : L2 { id : 13 } ) - [ r0 : T1 { id : 14 } ] - > ( n1 : L2 { id : 15 } ) - [ r1 : T4 { id : 16 } ] - ( n2 { k26 : true , id : 17 } ) RETURN ( n0 . k15 ) AS a0 , n1 AS a1 ORDER BY FALSE ;
MATCH (a) RETURN count(a);
MATCH (a) RETURN count(a);
MATCH (b)-[a]->(c) RETURN count(a);
MATCH (b)-[a]->(c) RETURN count(a);
OPTIONAL MATCH (n0)<-[]-(n1) MERGE ({k16:'Kt7r2pBki', id:18})-[r0 :T0{id:19}]-(n2{k22:true, id:20})<-[r1 :T4{k66:false, id:21}]-(n5 :L2{id:22}) SET n0.k=length(NULL) RETURN n1 AS a0, n1 AS a1 ORDER BY NULL, a0;
OPTIONAL MATCH ( n0 ) < - [ ] - ( n1 ) MERGE ( { k16 : CASE WHEN FALSE THEN NULL ELSE (''+'Kt7r2pBki' )END , id : 18 } ) - [ r0 : T0 { id : 19 } ] - ( n2 { k22 : true , id : 20 } ) < - [ r1 : T4 { k66 : CASE WHEN TRUE THEN false END , id : 21 } ] - ( n5 : L2 { id : 22 } ) WITH * OPTIONAL MATCH ()-[:TYPE]-() SET n0 . k = length ( NULL ) WITH * OPTIONAL MATCH ()-[:TYPE]-() RETURN n1 AS a0 , n1 AS a1 ORDER BY NULL, a0 SKIP 1 ;
MATCH (a) RETURN count(a);
MATCH (a) RETURN count(a);
MATCH (b)-[a]->(c) RETURN count(a);
MATCH (b)-[a]->(c) RETURN count(a);
MERGE (n0{id:23})-[r0 :T4{id:24}]->(n1{id:25})-[r1 :T0{id:26}]-({k16:'1B', id:27}) MERGE ({id:28})-[r2 :T1{id:29}]-(n2{id:30}) SET n2.k=size(toIntegerList([(n0)-[r0]->(n1)|NULL])) RETURN n2 AS a0, properties(startNode(r2)) AS a1;
MERGE ( n0 { id : 23 } ) - [ r0 : T4 { id : 24 } ] - > ( n1 { id : CASE WHEN TRUE THEN 25 END } ) - [ r1 : T0 { id : 26 } ] - ( { k16 : '1B' , id : 27 } ) MERGE ( { id : CASE WHEN FALSE THEN NULL ELSE 28 END } ) - [ r2 : T1 { id : 29 } ] - ( n2 { id : 30 } ) SET n2 . k = size ( toIntegerList ( CASE WHEN FALSE THEN NULL ELSE [ ( n0 ) - [ r0 ] - > ( n1 ) | NULL ] END ) ) RETURN n2 AS a0 , properties ( startNode ( r2 ) ) AS a1 ;
MATCH (a) RETURN count(a);
MATCH (a) RETURN count(a);
MATCH (b)-[a]->(c) RETURN count(a);
MATCH (b)-[a]->(c) RETURN count(a);
MATCH (n0)-[ :T1{k50:NULL}]->()-[ :T2{k52:NULL}]->() UNWIND NULL AS a0 REMOVE n0.k2 RETURN 1 AS a1;
MATCH (n0),()-[m0:T1{k50:NULL}]->(),(nn1),()-[m2:T2{k52:NULL}]->(),(nn3) WHERE exists((n0)-[m0]->(nn1)-[m2]->(nn3)) UNWIND NULL AS a0 REMOVE n0 . k2 RETURN 1 AS a1 ;
