-- Time: 2024/04/11 13:31:18
-- Database: janusgraph_database236
-- Database version: composite
-- seed value: 1712812406759
CREATE (n0 :L3{k19 : true, k18 : 107002031, k20 : false, id : 0, k24 : 'K', k23 : false});
CREATE (n0 :L2{k17 : false, id : 1, k13 : false, k15 : 190904908, k14 : 'T1ui'});
CREATE (n0 :L3{k18 : -1516171569, k20 : false, k22 : true, id : 2, k21 : true, k24 : 'L1bVqI', k23 : false});
CREATE (n0 :L5{k31 : 'M', k33 : 'Mfy00wNot', id : 3, k32 : 'I', k35 : 'v', k34 : 1737701496});
MATCH (n0 {id : 3}), (n1 {id : 2}) MERGE(n0)-[r :T5{k70 : '5NG', id : 4, k68 : false, k67 : 'W5fny4N0', k69 : 'k97y7'}]->(n1);
MATCH (n0 {id : 3}), (n1 {id : 1}) MERGE(n0)-[r :T1{k42 : 506433583, k44 : -1643653104, id : 5, k43 : 2057587643, k46 : false, k45 : 'NPWo', k47 : '1dJX'}]->(n1);
MATCH (n0 {id : 3}), (n1 {id : 2}) MERGE(n0)-[r :T0{k39 : 'Z3', k38 : 'S', k40 : 'YTefd', k41 : true, id : 6, k36 : false}]->(n1);
MATCH (n0 {id : 2}), (n1 {id : 1}) MERGE(n0)-[r :T3{k55 : -27791510, id : 7, k57 : 'FbdDjz', k56 : true, k59 : 733970074, k58 : true}]->(n1);
OPTIONAL MATCH ( :L5)-[r0 :T5{k67:substring(NULL, toIntegerOrNull(abs(NULL)), toIntegerOrNull(abs(NULL)))}]->(n0)<-[r1 :T0{k39:elementId(startNode(relationships(NULL)[toIntegerOrNull(abs(-1534174733))]))}]-(n1) WHERE (r1.k41) MERGE (n2 :L5{k35:'6r2YU', id:8})-[ :T5{k71:1695911377, id:9}]-({id:10})<-[ :T0{id:11}]-(n3 :L5{k35:'BG7', id:12}) CREATE (n4{id:13})<-[r2 :T1{k46:exists(()<-[]-()-[r0]-(n0)), id:14}]-({id:15})-[r4 :T5{id:16}]->(n6{id:17}) RETURN r0 AS a0, collect(startNode(CASE WHEN true THEN NULL END))[toIntegerOrNull(abs(-1002905586))] AS a1 SKIP 0;
OPTIONAL MATCH ( : L5 ) - [ r0 : T5 { k67 : CASE WHEN FALSE THEN NULL ELSE substring ( CASE WHEN TRUE THEN NULL END , CASE WHEN TRUE THEN toIntegerOrNull ( abs ( NULL ) ) END , toIntegerOrNull ( abs ( NULL ) ) ) END } ] - > ( n0 ) < - [ r1 : T0 { k39 : elementId ( startNode ( relationships ( NULL ) [ CASE WHEN TRUE THEN toIntegerOrNull ( abs ( -1534174733 ) ) END ] ) ) } ] - ( n1 ) WHERE ( r1 . k41 ) MERGE ( n2 : L5 { k35 : CASE WHEN FALSE THEN NULL ELSE '6r2YU' END , id : 8 } ) - [ : T5 { k71 : 1695911377 , id : 9 } ] - ( { id : 10 } ) < - [ : T0 { id : 11 } ] - ( n3 : L5 { k35 : 'BG7' , id : 12 } ) WITH * OPTIONAL MATCH ()-[:TYPE]-() CREATE ( n4 { id : 13 } ) < - [ r2 : T1 { k46 : exists ( ( ) < - [ ] - ( ) - [ r0 ] - ( n0 ) ) , id : 14 } ] - ( { id : 15 } ) - [ r4 : T5 { id : 16 } ] - > ( n6 { id : 17 } ) RETURN r0 AS a0 , collect ( startNode ( CASE WHEN true THEN NULL END ) ) [ toIntegerOrNull ( abs ( CASE WHEN FALSE THEN NULL ELSE -1002905586 END ) ) ] AS a1 SKIP 0 ;
MATCH (a) RETURN count(a);
MATCH (b)-[a]->(c) RETURN count(a);
MATCH (b)-[a]->(c) RETURN count(a);
CREATE ( :L2{k17:NULL, id:18})<-[r0 :T3{id:19}]-(n0 :L3{k22:NULL, id:20})<-[ :T5{k67:NULL, id:21}]-({k33:('H1'+'Xt'), id:22}) MERGE p0=(n1{id:23}) CREATE (n2 :L3{id:24}), ( :L3{id:25}) RETURN n1 AS a0;
CREATE ( : L2 { k17 : NULL , id : 18 } ) < - [ r0 : T3 { id : 19 } ] - ( n0 : L3 { k22 : NULL , id : 20 } ) < - [ : T5 { k67 : NULL , id : CASE WHEN TRUE THEN 21 END } ] - ( { k33 : ( CASE WHEN TRUE THEN 'H1' + 'Xt' END ) , id : 22 } ) MERGE p0 = ( n1 { id : 23 } ) WITH * OPTIONAL MATCH ()-[:TYPE]-() CREATE ( n2 : L3 { id : 24 } ) CREATE ( : L3 { id : 25 } ) WITH * OPTIONAL MATCH ()-[:TYPE]-() RETURN n1 AS a0 ORDER BY TRUE DESC ;
MATCH (a) RETURN count(a);
MATCH (a) RETURN count(a);
MATCH (b)-[a]->(c) RETURN count(a);
MATCH (b)-[a]->(c) RETURN count(a);
MERGE (n0{id:26})<-[r0 :T1{k42:-1085258614, id:27}]-(n1{id:28})-[r1 :T0{id:29}]->(n2 :L3{id:30}) DETACH DELETE n2  MERGE (n3{id:31})-[r2 :T0{id:32}]-({id:33}) RETURN 1 AS a0, r2 AS a1 UNION ALL UNWIND ['MgAkJp', 'v'] AS a0 MERGE (n0 :L5{k32:'d', id:34})-[r0 :T1{k47:'i3', id:35}]-(n1{id:36}) REMOVE n0.k2 RETURN a0 AS a0, 1 AS a1;
MERGE ( n0 { id : 26 } ) < - [ r0 : T1 { k42 : -1085258614 , id : 27 } ] - ( n1 { id : 28 } ) - [ r1 : T0 { id : 29 } ] - > ( n2 : L3 { id : 30 } ) WITH * DETACH DELETE CASE WHEN FALSE THEN NULL ELSE n2 END WITH * UNWIND 1 as l0 MERGE ( n3 { id : 31 } ) - [ r2 : T0 { id : 32 } ] - ( { id : 33 } ) RETURN 1 AS a0 , r2 AS a1 UNION ALL UNWIND [ CASE WHEN TRUE THEN 'MgAkJp' END , CASE WHEN FALSE THEN NULL ELSE 'v' END ] AS a0 WITH * MERGE ( n0 : L5 { k32 : 'd' , id : 34 } ) - [ r0 : T1 { k47 : ('i3' +'') , id : 35 } ] - ( n1 { id : 36 } ) WITH * CALL{WITH *REMOVE n0 . k2 } RETURN a0 AS a0 , 1 AS a1 ;
MATCH (a) RETURN count(a);
MATCH (a) RETURN count(a);
MATCH (b)-[a]->(c) RETURN count(a);
MATCH (b)-[a]->(c) RETURN count(a);
MERGE (n0{id:37})-[r0 :T5{id:38}]-({id:39}) CREATE ({id:40})-[ :T0{id:41}]->({id:42}) REMOVE n0.k2 RETURN n0 AS a0;
MERGE ( n0 { id : 37 } ) - [ r0 : T5 { id : 38 } ] - ( { id : 39 } ) CREATE ( { id : 40 } ) - [ : T0 { id : 41 } ] - > ( { id : CASE WHEN FALSE THEN NULL ELSE 42 END } ) REMOVE n0 . k2 RETURN n0 AS a0 ;
