-- Time: 2024/04/11 13:57:24
-- Database: janusgraph_database589
-- Database version: composite
-- seed value: 1712812407113
CREATE (n0 :L0{k0 : 'p', k1 : 'roLAUFv', k2 : -20556094, k4 : false, k5 : 'zgQfK9', id : 0});
CREATE (n0 :L1{k11 : -588722807, id : 1, k10 : 363364413, k7 : true, k8 : -1984248535, k12 : 1546237803, k9 : true});
CREATE (n0 :L3{id : 2, k21 : 'AHtE', k24 : false, k23 : true, k25 : false});
CREATE (n0 :L2{k17 : true, k16 : -376647829, k18 : 'mK', id : 3, k13 : 667671166, k15 : 571474369, k14 : 'J'});
MATCH (n0 {id : 3}), (n1 {id : 1}) MERGE(n0)-[r :T3{k49 : -1114032177, k51 : -1784091020, k50 : 'd5Spf', k53 : 'y', k52 : 'phzAZ7yQ', id : 4}]->(n1);
MATCH (n0 {id : 0}), (n1 {id : 0}) MERGE(n0)-[r :T0{k31 : '1mdGZ4Sn', k33 : 'bz9', id : 5, k35 : 'Ni2xY4o', k34 : false, k37 : 214111519}]->(n1);
MATCH (n0 {id : 2}), (n1 {id : 2}) MERGE(n0)-[r :T0{k31 : 'T', k33 : 'D', id : 6, k32 : 'qrGurmT', k35 : 'QbUV', k34 : true, k37 : 779944221, k36 : 1018783328}]->(n1);
MATCH (n0 {id : 2}), (n1 {id : 1}) MERGE(n0)-[r :T6{k70 : 1003317617, k66 : true, id : 7, k65 : -285456539, k68 : '5Ej9YnA', k67 : -1294136626, k69 : true}]->(n1);
MATCH (n0 {id : 0}), (n1 {id : 3}) MERGE(n0)-[r :T2{k44 : 1826730136, id : 8, k43 : true, k45 : -1299339029, k48 : 'k6', k47 : true}]->(n1);
MATCH (n0 {id : 2}), (n1 {id : 1}) MERGE(n0)-[r :T2{k44 : -1965498075, id : 9, k43 : true, k46 : 'Tu4', k48 : 'TumT', k47 : false}]->(n1);
MERGE ({id:10})-[r0 :T6{id:11}]-({id:12})-[r1 :T0{id:13}]->({id:14}) DETACH DELETE r0  MERGE ({k21:'GAx5EPr49', id:15}) RETURN (r1.k36) AS a0;
MERGE ( { id : 10 } ) - [ r0 : T6 { id : 11 } ] - ( { id : 12 } ) - [ r1 : T0 { id : 13 } ] - > ( { id : 14 } ) WITH * DETACH DELETE r0 MERGE ( { k21 : 'GAx5EPr49' , id : 15 } ) RETURN ( r1 . k36 ) AS a0 ;
MATCH (a) RETURN count(a);
MATCH (b)-[a]->(c) RETURN count(a);
MATCH (b)-[a]->(c) RETURN count(a);
WITH NULL AS a0 CREATE ( :L2{id:16})<-[ :T2{id:17}]-( :L0{id:18})-[ :T0{k34:NULL, id:19}]->({id:20}), (n0{id:21})<-[r0 :T3{id:22}]-({k18:'qs80', id:23})<-[r1 :T2{k48:reverse(substring('uZb', toIntegerOrNull(abs(-89721050)), toIntegerOrNull(abs(-126729701)))), id:24}]-( :L0{k1:toStringList([NULL, NULL])[toIntegerOrNull(abs(round(-1865725100)))], id:25}) CREATE (n3 :L1{id:26})<-[r2 :T3{k52:NULL, id:27}]-(n4{k18:reverse('rRDYht'), id:28})<-[ :T2{id:29}]-(n5 :L0{id:30}) RETURN 1 AS a1, 1 AS a2 SKIP 1 UNION ALL MATCH ()-[r0]-(n0), (n3) DETACH DELETE n3  SET n0.k=(toStringList(NULL)[toIntegerOrNull(abs(CASE WHEN true THEN 1562683514 END))] CONTAINS substring('DaguA2G4r', toIntegerOrNull(abs((1320189148*1663558356))), toIntegerOrNull(abs(1314703219)))) RETURN n0 AS a1, 1 AS a2;
WITH NULL AS a0 CREATE ( : L2 { id : 16 } ) < - [ : T2 { id : 17 } ] - ( : L0 { id : CASE WHEN FALSE THEN NULL ELSE 18 END } ) - [ : T0 { k34 : NULL , id : 19 } ] - > ( { id : 20 } ) CREATE ( n0 { id : 21 } ) < - [ r0 : T3 { id : 22 } ] - ( { k18 : 'qs80' , id : 23 } ) < - [ r1 : T2 { k48 : reverse ( substring ( CASE WHEN TRUE THEN 'uZb' END , toIntegerOrNull ( abs ( -89721050 ) ) , toIntegerOrNull ( CASE WHEN FALSE THEN NULL ELSE abs ( -126729701 ) END ) ) ) , id : 24 } ] - ( : L0 { k1 : toStringList ( [ NULL , NULL ] ) [ toIntegerOrNull ( abs ( round ( -1865725100 ) ) ) ] , id : 25 } ) WITH * OPTIONAL MATCH ()-[:TYPE]-() CREATE ( n3 : L1 { id : 26 } ) < - [ r2 : T3 { k52 : NULL , id : 27 } ] - ( n4 { k18 : CASE WHEN FALSE THEN NULL ELSE reverse ( 'rRDYht' ) END , id : 28 } ) < - [ : T2 { id : 29 } ] - ( n5 : L0 { id : 30 } ) RETURN 1 AS a1 , 1 AS a2 SKIP 1 UNION ALL MATCH ( ) - [ r0 ] - ( n0 ) ,( n3 ) DETACH DELETE n3 SET n0 . k = ( CASE WHEN TRUE THEN toStringList ( NULL ) [ toIntegerOrNull ( abs ( CASE WHEN true THEN 1562683514 END ) ) ] CONTAINS substring ( 'DaguA2G4r' , toIntegerOrNull ( abs ( ( 1320189148 * 1663558356 ) ) ) , toIntegerOrNull ( CASE WHEN FALSE THEN NULL ELSE abs ( 1314703219 ) END ) ) END ) WITH * UNWIND 1 as l0 RETURN CASE WHEN TRUE THEN n0 END AS a1 , CASE WHEN TRUE THEN 1 END AS a2 ;
MATCH (a) RETURN count(a);
MATCH (a) RETURN count(a);
MATCH (b)-[a]->(c) RETURN count(a);
MATCH (b)-[a]->(c) RETURN count(a);
CREATE (n0{id:31}), (n1 :L3{id:32}) CREATE (n2 :L0{id:33})-[r0 :T2{id:34}]->(n3{k16:NULL, id:35})-[r1 :T3{k49:NULL, id:36}]->(n4{k8:size(['B']), id:37}), (n5{id:38})-[ :T2{id:39}]->(n6{id:40}) MERGE ({id:41}) RETURN NULL AS a0;
CREATE ( n0 { id : 31 } ) CREATE ( n1 : L3 { id : 32 } ) CREATE (n2: L0 { id : 33 } )CREATE (n2)- [ r0 : T2 { id : 34 } ] - > ( n3 { k16 : CASE WHEN FALSE THEN NULL ELSE NULL END , id : 35 } ) - [ r1 : T3 { k49 : NULL , id : 36 } ] - > ( n4 { k8 : size ( CASE WHEN FALSE THEN NULL ELSE [ 'B' ] END ) , id : 37 } ) CREATE ( n5 { id : 38 } ) - [ : T2 { id : 39 } ] - > ( n6 { id : 40 } ) MERGE ( { id : 41 } ) RETURN NULL AS a0 ;
