-- Time: 2024/04/11 14:24:53
-- Database: janusgraph_database960
-- Database version: composite
-- seed value: 1712812407485
CREATE (n0 :L3{k19 : false, k18 : false, k20 : 95033644, k22 : -1008862905, id : 0, k21 : false, k24 : false, k23 : 't'});
CREATE (n0 :L2{k16 : -1298724688, k11 : 'A', id : 1, k13 : false, k12 : true, k15 : '2', k14 : 'Vltc'});
CREATE (n0 :L2{k17 : 't', k16 : 688413755, k11 : 'J', id : 2, k13 : false, k12 : true, k15 : 'I', k14 : 'oM7pd9bzQ'});
CREATE (n0 {id : 3});
MATCH (n0 {id : 1}), (n1 {id : 3}) MERGE(n0)-[r :T3{k49 : -1667625500, k50 : false, k53 : false, id : 4}]->(n1);
MATCH (n0 {id : 3}), (n1 {id : 3}) MERGE(n0)-[r :T5{k60 : -1532067267, k62 : 'l', k61 : -2110548489, k64 : 'Z', k63 : 'qYuNr55C', id : 5, k65 : 1831632782, k59 : -1047676771}]->(n1);
MATCH (n0 {id : 0}), (n1 {id : 3}) MERGE(n0)-[r :T2{k44 : true, id : 6, k46 : 1282764931, k45 : -885464139, k48 : 'Af6', k47 : false}]->(n1);
MATCH (n0 {id : 2}), (n1 {id : 0}) MERGE(n0)-[r :T4{k55 : true, id : 7, k54 : 'b', k57 : 'Zh', k56 : 1483526002, k58 : 'czH'}]->(n1);
MATCH (n0 {id : 0}), (n1 {id : 2}) MERGE(n0)-[r :T2{k44 : true, id : 8, k46 : -1457017456, k45 : 1746578046}]->(n1);
MATCH (n0 {id : 1}), (n1 {id : 0}) MERGE(n0)-[r :T4{k55 : false, id : 9, k54 : 'G', k57 : 'f', k56 : -1300727225, k58 : 'P'}]->(n1);
UNWIND relationships(NULL) AS a0 DETACH DELETE a0  CREATE ({id:10})-[ :T2{id:11}]->({id:12})-[r0 :T5{k63:'O', id:13}]->(n0{id:14}), (n1 :L2{id:15})-[r1 :T4{id:16}]->( :L3{id:17}) RETURN 1 AS a1, 1 AS a2;
UNWIND CASE WHEN TRUE THEN relationships ( NULL ) END AS a0 UNWIND [NULL] as l0 DETACH DELETE a0 WITH * OPTIONAL MATCH ()-[:TYPE]-() CREATE ( { id : 10 } ) - [ : T2 { id : 11 } ] - > ( { id : 12 } ) - [ r0 : T5 { k63 : 'O' , id : 13 } ] - > ( n0 { id : 14 } ) CREATE (n1: L2 { id : 15 } )CREATE (n1)- [ r1 : T4 { id : 16 } ] - > ( : L3 { id : 17 } ) RETURN 1 AS a1 , 1 AS a2 ;
MATCH (a) RETURN count(a);
MATCH (b)-[a]->(c) RETURN count(a);
MATCH (b)-[a]->(c) RETURN count(a);
OPTIONAL MATCH (n0)-[ :T2{k45:round(-746056454)}]-(n1), () DETACH DELETE n1  SET n0.k=false RETURN n0 AS a0 LIMIT 1;
OPTIONAL MATCH ( n0 ) - [ : T2 { k45 : round ( -746056454 ) } ] - ( n1 ) ,( ) UNWIND [1] as l0 DETACH DELETE n1 WITH * OPTIONAL MATCH ()-[:TYPE]-() SET n0 . k = false WITH * RETURN DISTINCT n0 AS a0 LIMIT 1 ;
MATCH (a) RETURN count(a);
MATCH (a) RETURN count(a);
MATCH (b)-[a]->(c) RETURN count(a);
MATCH (b)-[a]->(c) RETURN count(a);
CREATE ({id:18}), ({k16:NULL, id:19}) MERGE (n7{k16:-637171111, id:20}) REMOVE n7.k2 RETURN n7 AS a3 LIMIT 1;
CREATE ( { id : 18 } ) CREATE ( { k16 : CASE WHEN FALSE THEN NULL ELSE NULL END , id : CASE WHEN TRUE THEN 19 END } ) MERGE ( n7 { k16 : -637171111 , id : 20 } ) WITH * CALL{WITH *REMOVE n7 . k2 } RETURN DISTINCT n7 AS a3 ORDER BY TRUE LIMIT 1 ;
