-- Time: 2024/04/11 14:04:17
-- Database: janusgraph_database682
-- Database version: composite
-- seed value: 1712812407206
CREATE (n0 {id : 0});
CREATE (n0 :L2{k17 : '5', k16 : 'nX', k19 : 'xj3siHJ', k18 : 'dg', id : 1, k13 : 'uTfUfSR', k15 : 1829570655, k14 : false});
CREATE (n0 {id : 2});
CREATE (n0 :L5{k31 : true, k30 : true, k33 : false, id : 3, k32 : false, k35 : 'HF', k34 : 851692704});
MATCH (n0 {id : 2}), (n1 {id : 2}) MERGE(n0)-[r :T0{k49 : false, k44 : 1525438769, id : 4, k43 : -1877227131, k46 : true, k45 : 'r', k48 : false, k47 : false}]->(n1);
MATCH (n0 {id : 0}), (n1 {id : 0}) MERGE(n0)-[r :T2{k60 : '34q', id : 5, k57 : 482227745, k56 : true, k59 : 'Gz', k58 : 1868869307}]->(n1);
MATCH (n0 {id : 0}), (n1 {id : 2}) MERGE(n0)-[r :T1{k51 : 'g5dK0ns6', k50 : 1133479704, k53 : 'v', k52 : 2006956673, k55 : false, id : 6, k54 : 'w'}]->(n1);
MATCH (n0 {id : 0}), (n1 {id : 2}) MERGE(n0)-[r :T1{k51 : '9', k50 : 828864100, k53 : 'u', k52 : -1262254541, k55 : false, id : 7, k54 : 'v'}]->(n1);
MATCH (n0 {id : 2}), (n1 {id : 2}) MERGE(n0)-[r :T3{k61 : -2029461085, k64 : 884032265, k63 : 58600015, k66 : true, id : 8, k65 : -654803084}]->(n1);
MATCH (n0 {id : 0}), (n1 {id : 1}) MERGE(n0)-[r :T1{k51 : 'r', k50 : -631749581, k53 : 'h', k52 : -794022510, k55 : false, id : 9, k54 : '7'}]->(n1);
UNWIND [exists(()-[]->()), NULL] AS a0 CREATE (n1{id:10})-[ :T3{id:11}]->(n2{id:12})<-[r2 :T1{id:13}]-({id:14}) CREATE ({id:15}), ({id:16}) RETURN *, 1 AS a1;
UNWIND [ exists ( ( ) - [ ] - > ( ) ) , CASE WHEN TRUE THEN NULL END ] AS a0 WITH * CREATE ( n1 { id : 10 } ) - [ : T3 { id : 11 } ] - > ( n2 { id : 12 } ) < - [ r2 : T1 { id : 13 } ] - ( { id : 14 } ) CREATE ( { id : CASE WHEN FALSE THEN NULL ELSE 15 END } ) CREATE ( { id : CASE WHEN FALSE THEN NULL ELSE 16 END } ) RETURN * , 1 AS a1 ;
MATCH (a) RETURN count(a);
MATCH (b)-[a]->(c) RETURN count(a);
MATCH (b)-[a]->(c) RETURN count(a);
OPTIONAL MATCH (n0) OPTIONAL MATCH ()-[]->(n0), p0=(n1)-[]-(n0)-[ :T1{k51:'V'}]-() WHERE NULL REMOVE n1.k2 RETURN 1 AS a0 ORDER BY false, a0;
OPTIONAL MATCH ( n0 ) OPTIONAL MATCH ( ) - [ ] - > ( n0 ) ,p0 = ( n1 ) - [ ] - ( n0 ) - [ : T1 { k51 : 'V' } ] - ( ) WHERE CASE WHEN FALSE THEN NULL ELSE NULL END REMOVE n1 . k2 WITH * RETURN CASE WHEN TRUE THEN 1 END AS a0 ORDER BY false, a0 ;
