-- Time: 2024/04/11 13:21:59
-- Database: janusgraph_database110
-- Database version: composite
-- seed value: 1712812406592
CREATE (n0 {id : 0});
CREATE (n0 :L1{k11 : 'gMQL', id : 1, k6 : 205054952, k10 : true, k7 : 1741445285, k8 : 645851172, k12 : false, k9 : 79864795});
CREATE (n0 :L0{k0 : 'mDBtT2', k2 : 'K', k3 : 778950017, k4 : false, k5 : false, id : 2});
CREATE (n0 {id : 3});
MATCH (n0 {id : 0}), (n1 {id : 2}) MERGE(n0)-[r :T0{k39 : 'Zm', k38 : true, k40 : -38124328, k42 : 1138352846, k41 : 552246260, id : 4}]->(n1);
MATCH (n0 {id : 2}), (n1 {id : 0}) MERGE(n0)-[r :T3{k60 : true, k55 : true, id : 5, k57 : -1541021466, k59 : -1895794290, k58 : true}]->(n1);
MATCH (n0 {id : 2}), (n1 {id : 3}) MERGE(n0)-[r :T4{k63 : 828369794, k66 : false, id : 6, k67 : true}]->(n1);
MATCH (n0 {id : 2}), (n1 {id : 2}) MERGE(n0)-[r :T0{k39 : 's', k38 : false, k40 : 1244334622, k42 : 1560676010, k41 : -1721706506, id : 7}]->(n1);
MATCH (n0 {id : 1}), (n1 {id : 0}) MERGE(n0)-[r :T4{k62 : false, k64 : '4', k63 : -2094182950, k66 : false, id : 8, k65 : 'x', k67 : false}]->(n1);
MATCH (n0 {id : 2}), (n1 {id : 0}) MERGE(n0)-[r :T2{k51 : true, k50 : false, k53 : 'Qn4wyLnoJ', k52 : 'k', id : 9, k54 : false}]->(n1);
UNWIND labels(CASE WHEN false THEN nodes(NULL)[toIntegerOrNull(abs(1185323378))] END) AS a1 OPTIONAL MATCH (n4)-[ :T4{k67:true}]-(), (n5)<-[r1]-() CREATE (n6 :L0{k1:a1, id:10}) RETURN 1 AS a2, 1 AS a3;
UNWIND labels ( CASE WHEN CASE WHEN TRUE THEN false END THEN nodes ( NULL ) [ CASE WHEN FALSE THEN NULL ELSE toIntegerOrNull ( abs ( CASE WHEN FALSE THEN NULL ELSE 1185323378 END ) ) END ] END ) AS a1 OPTIONAL MATCH ( n4 ) - [ : T4 { k67 : true } ] - ( ) ,(n5)-[*0..0]-( n5 ) < - [ r1 ] - ( ) UNWIND [NULL] as l0 CREATE ( n6 : L0 { k1 : a1 , id : 10 } ) WITH * UNWIND 1 as l1 RETURN CASE WHEN TRUE THEN 1 END AS a2 , 1 AS a3 ;
MATCH (a) RETURN count(a);
MATCH (b)-[a]->(c) RETURN count(a);
MATCH (b)-[a]->(c) RETURN count(a);
MATCH p1=(n0)-[]-()-[*..2]->(n2), p2=(n0)-[r0]-() REMOVE n0.k2 MERGE (n3{id:11})-[r1 :T2{id:12}]-({id:13}) RETURN 1 AS a1;
MATCH p1 = ( n0 ) - [ ] - ( ) - [ * .. 2 ] - > ( n2 ) ,p2 = ( n0 ) - [ r0 ] - ( ) WITH * REMOVE n0 . k2 WITH * OPTIONAL MATCH ()-[:TYPE]-() MERGE ( n3 { id : 11 } ) - [ r1 : T2 { id : 12 } ] - ( { id : 13 } ) WITH * UNWIND [NULL] as l0 RETURN 1 AS a1 ;
