-- Time: 2024/04/11 14:26:31
-- Database: janusgraph_database982
-- Database version: composite
-- seed value: 1712812407507
CREATE (n0 :L2{k17 : 'Q', k16 : false, k19 : -1302929295, k18 : 2116313992, id : 0, k13 : 1325178899, k15 : 'kR0QVsVe7', k14 : true});
CREATE (n0 :L4{k28 : true, k27 : true, k29 : -1732429189, k30 : '7Qx1CguHp', id : 1, k26 : false});
CREATE (n0 :L5{k31 : 452920484, k33 : 'ZfdqJM', id : 2, k32 : false, k35 : 'Yk3', k34 : 'M', k36 : 1201636040});
CREATE (n0 :L5{k31 : 452920484, k33 : 'ZfdqJM', id : 3, k32 : true, k35 : 'L', k34 : 'M', k36 : 1914194336});
MATCH (n0 {id : 1}), (n1 {id : 2}) MERGE(n0)-[r :T3{k62 : false, k64 : -1212026600, k63 : false, k66 : 'qRg', id : 4, k65 : true, k67 : 142838034}]->(n1);
MATCH (n0 {id : 3}), (n1 {id : 0}) MERGE(n0)-[r :T1{k49 : 1260071648, k51 : 'O', k50 : 'Rp4', k53 : 'v', k52 : -1006869918, id : 5, k54 : -1719594848}]->(n1);
MATCH (n0 {id : 0}), (n1 {id : 0}) MERGE(n0)-[r :T5{k73 : -1118510927, k75 : 1186586453, k74 : true, k77 : -1346482465, id : 6, k76 : 'S', k79 : false, k78 : true}]->(n1);
MATCH (n0 {id : 2}), (n1 {id : 1}) MERGE(n0)-[r :T3{k62 : false, k64 : -257334275, id : 7, k65 : true, k67 : -1569527530}]->(n1);
MATCH (n0 {id : 1}), (n1 {id : 1}) MERGE(n0)-[r :T5{k73 : -717798911, k75 : -838113591, k74 : true, k77 : -2116761889, id : 8, k76 : 'Ki9CVQJ', k79 : false, k78 : true}]->(n1);
WITH * WHERE true CREATE ({id:9}) CREATE (n0{id:10})-[r0 :T5{k75:NULL, id:11}]->(n1 :L2{id:12})<-[ :T1{id:13}]-({id:14}) RETURN DISTINCT collect(NULL)[toIntegerOrNull(abs(-410581768))] AS a0;
WITH * WHERE true OPTIONAL MATCH ()-[:TYPE]-() CREATE ( { id : CASE WHEN FALSE THEN NULL ELSE 9 END } ) CREATE ( n0 { id : CASE WHEN FALSE THEN NULL ELSE 10 END } ) - [ r0 : T5 { k75 : NULL , id : 11 } ] - > ( n1 : L2 { id : 12 } ) < - [ : T1 { id : 13 } ] - ( { id : 14 } ) RETURN DISTINCT CASE WHEN FALSE THEN NULL ELSE (collect ( CASE WHEN TRUE THEN NULL END ) +[]) [ toIntegerOrNull ( abs ( -410581768 ) ) ] END AS a0 ;
MATCH (a) RETURN count(a);
MATCH (b)-[a]->(c) RETURN count(a);
MATCH (b)-[a]->(c) RETURN count(a);
MERGE (n0{id:15}) SET n0.k=NULL CREATE ({id:16})-[r0 :T5{id:17}]->({k17:'x2kjiZdPj', id:18})<-[ :T1{id:19}]-(n1{k34:'up', id:20}) RETURN 1 AS a0;
MERGE ( n0 { id : 15 } ) SET n0 . k = NULL WITH * UNWIND 1 as l0 CREATE ( { id : 16 } ) - [ r0 : T5 { id : 17 } ] - > ( { k17 : 'x2kjiZdPj' , id : 18 } ) < - [ : T1 { id : 19 } ] - ( n1 { k34 : ('up' +'') , id : 20 } ) WITH * OPTIONAL MATCH ()-[:TYPE]-() RETURN 1 AS a0 ;
MATCH (a) RETURN count(a);
MATCH (a) RETURN count(a);
MATCH (b)-[a]->(c) RETURN count(a);
MATCH (b)-[a]->(c) RETURN count(a);
CREATE p0=({k18:NULL, id:21})<-[r0 :T5{k76:reverse('3'), id:22}]-({k36:906904888, id:23}) CREATE (n0{k26:toBooleanList([NULL])[toIntegerOrNull(abs(NULL))], id:24})-[ :T5{id:25}]->(n1{id:26}) MERGE (n2{id:27}) RETURN 1 AS a0 SKIP 0;
CREATE p0 = ( { k18 : NULL , id : 21 } ) < - [ r0 : T5 { k76 : reverse ( '3' ) , id : 22 } ] - ( { k36 : 906904888 , id : 23 } ) WITH * CREATE ( n0 { k26 : toBooleanList ( [ NULL ] ) [ toIntegerOrNull ( CASE WHEN FALSE THEN NULL ELSE abs ( NULL ) END ) ] , id : 24 } ) - [ : T5 { id : 25 } ] - > ( n1 { id : CASE WHEN FALSE THEN NULL ELSE 26 END } ) MERGE ( n2 { id : CASE WHEN FALSE THEN NULL ELSE 27 END } ) WITH * OPTIONAL MATCH ()-[:TYPE]-() RETURN 1 AS a0 SKIP 0 LIMIT 1 ;
MATCH (a) RETURN count(a);
MATCH (a) RETURN count(a);
MATCH (b)-[a]->(c) RETURN count(a);
MATCH (b)-[a]->(c) RETURN count(a);
CREATE (n0{id:28})-[ :T1{id:29}]->( :L2{k18:-1319446773, id:30})-[r0 :T5{k74:NULL, id:31}]->(n1 :L2{id:32}), ( :L5{id:33})-[ :T1{k54:1333777416, id:34}]->(n2{id:35})-[r1 :T5{k78:false, id:36}]->(n3{id:37}) CREATE ({k33:NULL, id:38})<-[r2 :T5{id:39}]-( :L2{id:40}), (n4{id:41}) MERGE (n5{id:42}) RETURN 1 AS a0, n5 AS a1;
CREATE ( n0 { id : 28 } ) - [ : T1 { id : 29 } ] - > ( : L2 { k18 : -1319446773 , id : 30 } ) - [ r0 : T5 { k74 : NULL , id : 31 } ] - > ( n1 : L2 { id : 32 } ) CREATE ( : L5 { id : 33 } ) - [ : T1 { k54 : 1333777416 , id : 34 } ] - > ( n2 { id : 35 } ) - [ r1 : T5 { k78 : false , id : CASE WHEN TRUE THEN 36 END } ] - > ( n3 { id : 37 } ) WITH * OPTIONAL MATCH ()-[:TYPE]-() CREATE ( { k33 : NULL , id : 38 } ) < - [ r2 : T5 { id : CASE WHEN TRUE THEN 39 END } ] - ( : L2 { id : 40 } ) CREATE ( n4 { id : 41 } ) MERGE ( n5 { id : 42 } ) RETURN DISTINCT CASE WHEN TRUE THEN 1 END AS a0 , n5 AS a1 ;
