-- Time: 2024/04/11 13:23:28
-- Database: janusgraph_database130
-- Database version: composite
-- seed value: 1712812406612
CREATE (n0 :L4{k28 : false, k27 : true, k29 : '5', k31 : 'T', k30 : true, id : 0});
CREATE (n0 :L2{k17 : 'G', k16 : 'U5zcBUi4Q', k18 : true, id : 1, k13 : true, k15 : '3RQhNJl', k14 : 'fH0'});
CREATE (n0 :L2{k17 : 'V', k16 : 'O', k19 : false, k18 : true, id : 2, k13 : true, k15 : 'w', k14 : 'dx2ne4HVB'});
CREATE (n0 :L3{k22 : 'LZyZCGk', id : 3, k21 : -1053172472, k24 : true, k23 : 'kI', k26 : true});
MATCH (n0 {id : 2}), (n1 {id : 0}) MERGE(n0)-[r :T3{k53 : 'oYd', k55 : '9t93', id : 4, k54 : 'a', k57 : true, k56 : 'kmqy5Tfr', k59 : false, k58 : 'y'}]->(n1);
MATCH (n0 {id : 2}), (n1 {id : 0}) MERGE(n0)-[r :T3{k53 : 'Q', k55 : '9t93', id : 5, k54 : 'N9', k57 : true, k56 : 'Zz4eQB', k59 : false, k58 : 'D'}]->(n1);
MATCH (n0 {id : 0}), (n1 {id : 3}) MERGE(n0)-[r :T1{k44 : 1258208937, id : 6, k43 : 1341509442, k46 : false, k45 : -1244737837, k47 : 'u7'}]->(n1);
MATCH (n0 {id : 1}), (n1 {id : 1}) MERGE(n0)-[r :T3{k53 : 'u4', k55 : '9', id : 7, k54 : 'kSe', k57 : false, k56 : 'OT2', k59 : false, k58 : 'J'}]->(n1);
UNWIND [x IN [NULL, 1524668699]] AS a0 MATCH p0=(n0)-[r0 :T3{k54:'WStXhPx'}]-({k29:(r0.k53)})-[r1]->(), (n1) WHERE (NULL = NULL) SET n1.k=(r0.k55) RETURN *, n1 AS a1;
UNWIND CASE WHEN TRUE THEN [ x IN ([ NULL , 1524668699 ] +[]) ] END AS a0 MATCH p0=(n0)-[r0 :T3{k54:'WStXhPx'}]-({k29:(r0.k53)})-[r1]->(),(n1) WHERE ( NULL = NULL ) WITH * CALL{WITH *SET n1 . k = CASE WHEN TRUE THEN ( r0 . k55 ) END } RETURN * , n1 AS a1 ORDER BY FALSE ;
MATCH (a) RETURN count(a);
MATCH (b)-[a]->(c) RETURN count(a);
MATCH (b)-[a]->(c) RETURN count(a);
WITH DISTINCT NULL AS a0 OPTIONAL MATCH (n0 :L4{k29:NULL}) SET n0.k=substring((n0.k29), toIntegerOrNull(abs(NULL)), toIntegerOrNull(abs(NULL))) RETURN *;
WITH DISTINCT NULL AS a0 OPTIONAL MATCH ( n0 : L4 { k29 : NULL } ) SET n0 . k = (''+substring ( ( n0 . k29 ) , toIntegerOrNull ( abs ( NULL ) ) , toIntegerOrNull ( abs ( NULL ) ) ) )RETURN * ;
MATCH (a) RETURN count(a);
MATCH (a) RETURN count(a);
MATCH (b)-[a]->(c) RETURN count(a);
MATCH (b)-[a]->(c) RETURN count(a);
WITH (NOT false) AS a0 MERGE ({k27:a0, id:8})-[r0 :T3{id:9}]-({id:10}) DETACH DELETE r0  RETURN 1 AS a1 SKIP 0;
WITH ( CASE WHEN FALSE THEN NULL ELSE NOT false END ) AS a0 MERGE ( { k27 : a0 , id : 8 } ) - [ r0 : T3 { id : 9 } ] - ( { id : CASE WHEN TRUE THEN 10 END } ) DETACH DELETE CASE WHEN FALSE THEN NULL ELSE r0 END RETURN 1 AS a1 SKIP 0 ;
MATCH (a) RETURN count(a);
MATCH (a) RETURN count(a);
MATCH (b)-[a]->(c) RETURN count(a);
MATCH (b)-[a]->(c) RETURN count(a);
UNWIND [NULL] AS a0 CREATE ({id:11})-[ :T3{k53:NULL, id:12}]->( :L2{k13:false, id:13}), ( :L2{k18:((NULL AND isEmpty(('y'+'Bn'))) OR true), id:14})-[r0 :T3{id:15}]->(n0 :L2{id:16}) CREATE (n1{k13:isEmpty([{k1: -24618464, k2: NULL}]), id:17}), (n2 :L2{id:18}) RETURN 1 AS a1, 1 AS a2;
UNWIND [ NULL ] AS a0 CREATE ( { id : 11 } ) - [ : T3 { k53 : NULL , id : 12 } ] - > ( : L2 { k13 : CASE WHEN FALSE THEN NULL ELSE false END , id : 13 } ) CREATE ( : L2 { k18 : ( ( NULL AND isEmpty ( ( 'y' + 'Bn' ) ) ) OR true ) , id : 14 } ) - [ r0 : T3 { id : 15 } ] - > ( n0 : L2 { id : 16 } ) CREATE ( n1 { k13 : isEmpty ( [ { k1 : -24618464 , k2 : NULL } ] ) , id : 17 } ) CREATE ( n2 : L2 { id : 18 } ) RETURN 1 AS a1 , 1 AS a2 ;
MATCH (a) RETURN count(a);
MATCH (a) RETURN count(a);
MATCH (b)-[a]->(c) RETURN count(a);
MATCH (b)-[a]->(c) RETURN count(a);
MERGE (n0{k18:false, id:19}) SET n0.k=NULL MERGE ({id:20}) RETURN n0 AS a0, n0 AS a1;
MERGE ( n0 { k18 : false , id : 19 } ) WITH * SET n0 . k = NULL MERGE pp0=( { id : 20 } ) WITH * OPTIONAL MATCH ()-[:TYPE]-() RETURN CASE WHEN FALSE THEN NULL ELSE n0 END AS a0 , n0 AS a1 ;
MATCH (a) RETURN count(a);
MATCH (a) RETURN count(a);
MATCH (b)-[a]->(c) RETURN count(a);
MATCH (b)-[a]->(c) RETURN count(a);
WITH * CREATE ({id:21})-[r0 :T3{k59:NULL, id:22}]->(n0 :L2{id:23}) MERGE (n1{id:24})-[r1 :T3{id:25}]-({id:26}) RETURN n1 AS a0, n1 AS a1;
WITH * OPTIONAL MATCH ()-[:TYPE]-() CREATE ( { id : 21 } ) - [ r0 : T3 { k59 : NULL , id : 22 } ] - > ( n0 : L2 { id : CASE WHEN TRUE THEN 23 END } ) WITH * OPTIONAL MATCH ()-[:TYPE]-() MERGE ( n1 { id : 24 } ) - [ r1 : T3 { id : 25 } ] - ( { id : 26 } ) RETURN n1 AS a0 , n1 AS a1 ;
