-- Time: 2024/04/11 14:34:24
-- Database: janusgraph_database1088
-- Database version: composite
-- seed value: 1712812407613
CREATE (n0 {id : 0});
CREATE (n0 :L0{k0 : true, k1 : true, k2 : 'FuraR', k3 : -2081323860, k4 : true, k5 : 'K', id : 1, k6 : true});
CREATE (n0 :L3{k20 : 'VFqVshTn', k22 : -1592097572, id : 2, k24 : true, k23 : 873079752, k25 : true});
CREATE (n0 :L2{k17 : 'p1OP5L', k16 : 'W', k19 : -1121266771, k18 : false, id : 3, k15 : 'V', k14 : 776524691});
MATCH (n0 {id : 1}), (n1 {id : 0}) MERGE(n0)-[r :T1{k39 : 953089055, k38 : false, k42 : true, id : 4, k37 : 'JSVnxNpAF'}]->(n1);
MATCH (n0 {id : 0}), (n1 {id : 2}) MERGE(n0)-[r :T5{k64 : -464675944, k66 : -1140784239, id : 5, k65 : -1626668060, k67 : 'LKP'}]->(n1);
MATCH (n0 {id : 3}), (n1 {id : 3}) MERGE(n0)-[r :T3{k51 : true, k50 : 685237562, k53 : false, k52 : -342738935, k55 : false, id : 6, k54 : false, k56 : 1840447740}]->(n1);
MATCH (n0 {id : 2}), (n1 {id : 2}) MERGE(n0)-[r :T3{k51 : false, k50 : -681369193, k53 : false, k52 : -1159379785, k55 : true, id : 7, k54 : false, k56 : 2009630270}]->(n1);
MATCH (n0 {id : 0}), (n1 {id : 1}) MERGE(n0)-[r :T1{k39 : -1172797424, k38 : true, k42 : true, k41 : -1753400870, id : 8, k37 : 'U'}]->(n1);
MATCH (n0 {id : 2}), (n1 {id : 0}) MERGE(n0)-[r :T4{k62 : 1196181333, k61 : -476231226, id : 9, k57 : 1298078890}]->(n1);
MERGE p0=(n0{id:10})<-[r0 :T1{k42:false, id:11}]-(n1{id:12}) SET n1.k=NULL REMOVE n1.k2 RETURN n0 AS a0 UNION MERGE (n0{id:13})-[r0 :T1{k40:true, id:14}]-({id:15}) CREATE p0=(n1{id:16})<-[ :T1{k39:-1994960832, id:17}]-({k19:(r0.k39), id:18}), p1=( :L2{id:19})<-[r1 :T1{k39:-1745929645, id:20}]-(n2 :L2{id:21}) DETACH DELETE n0  RETURN 1 AS a0 SKIP 0;
MERGE p0 = ( n0 { id : 10 } ) < - [ r0 : T1 { k42 : CASE WHEN FALSE THEN NULL ELSE false END , id : 11 } ] - ( n1 { id : CASE WHEN FALSE THEN NULL ELSE 12 END } ) SET n1 . k = CASE WHEN FALSE THEN NULL ELSE NULL END REMOVE n1 . k2 WITH * UNWIND 1 as l0 RETURN n0 AS a0 SKIP 1 UNION MERGE ( n0 { id : 13 } ) - [ r0 : T1 { k40 : true , id : CASE WHEN FALSE THEN NULL ELSE 14 END } ] - ( { id : 15 } ) CREATE p0 = ( n1 { id : 16 } ) < - [ : T1 { k39 : CASE WHEN FALSE THEN NULL ELSE -1994960832 END , id : CASE WHEN FALSE THEN NULL ELSE 17 END } ] - ( { k19 : ( r0 . k39 ) , id : 18 } ) CREATE p1=(n2 :L2{id:21})-[ r1 : T1 { k39 : -1745929645 , id : 20 } ] ->( : L2 { id : 19 } ) WITH * CALL{WITH *DETACH DELETE n0 } RETURN 1 AS a0 SKIP 0 ;
MATCH (a) RETURN count(a);
MATCH (b)-[a]->(c) RETURN count(a);
MATCH (b)-[a]->(c) RETURN count(a);
OPTIONAL MATCH ({k19:NULL}) WHERE false CREATE (n0 :L3{id:22})<-[r0 :T5{id:23}]-(n1{id:24}) MERGE p0=({k16:('sd52'+'7'), id:25})<-[r1 :T1{id:26}]-(n2{id:27}) RETURN 1 AS a0, 572427042 AS a1;
OPTIONAL MATCH ( { k19 : CASE WHEN TRUE THEN NULL END } ) WHERE false CREATE ( n0 : L3 { id : 22 } ) < - [ r0 : T5 { id : 23 } ] - ( n1 { id : 24 } ) MERGE p0 = ( { k16 : ( 'sd52' + '7' ) , id : 25 } ) < - [ r1 : T1 { id : 26 } ] - ( n2 { id : CASE WHEN FALSE THEN NULL ELSE 27 END } ) RETURN 1 AS a0 , 572427042 AS a1 ;
MATCH (a) RETURN count(a);
MATCH (a) RETURN count(a);
MATCH (b)-[a]->(c) RETURN count(a);
MATCH (b)-[a]->(c) RETURN count(a);
OPTIONAL MATCH ()<-[ :T4{k57:length(NULL)}]-(n0) MERGE ( :L0{k4:false, id:28})<-[ :T1{id:29}]-({id:30})-[ :T5{id:31}]->( :L3{id:32}) SET n0.k=toBooleanOrNull(NULL) RETURN n0 AS a2;
OPTIONAL MATCH ( ) < - [ : T4 { k57 : length ( NULL ) } ] - ( n0 ) MERGE ( : L0 { k4 : false , id : 28 } ) < - [ : T1 { id : 29 } ] - ( { id : 30 } ) - [ : T5 { id : 31 } ] - > ( : L3 { id : 32 } ) WITH * OPTIONAL MATCH ()-[:TYPE]-() SET n0 . k = toBooleanOrNull ( NULL ) OR FALSE RETURN n0 AS a2 ORDER BY FALSE SKIP 1 ;
MATCH (a) RETURN count(a);
MATCH (a) RETURN count(a);
MATCH (b)-[a]->(c) RETURN count(a);
MATCH (b)-[a]->(c) RETURN count(a);
WITH NULL AS a0 MERGE ({id:33})-[r0 :T1{id:34}]-(n0{id:35})<-[r1 :T1{id:36}]-(n1{id:37}) DETACH DELETE r0  RETURN n1 AS a1 SKIP 1;
WITH NULL AS a0 MERGE ( { id : 33 } ) - [ r0 : T1 { id : 34 } ] - ( n0 { id : 35 } ) < - [ r1 : T1 { id : 36 } ] - ( n1 { id : 37 } ) DETACH DELETE r0 WITH * OPTIONAL MATCH ()-[:TYPE]-() RETURN DISTINCT n1 AS a1 SKIP 1 ;
