-- Time: 2024/04/11 14:20:05
-- Database: janusgraph_database895
-- Database version: composite
-- seed value: 1712812407420
CREATE (n0 :L0{k0 : 'I', k1 : false, k2 : -595536720, k3 : 'gYMwsZH', k4 : 'nKHo9', k5 : 'c', id : 0, k6 : false});
CREATE (n0 :L0{k0 : 'E', k1 : false, k2 : 924777577, k3 : 'R3', k4 : 'SQ7wxt', k5 : 'Z', id : 1, k6 : false});
CREATE (n0 :L0{k0 : 'E', k1 : true, k2 : -696772605, k3 : 'ul', k4 : 'xk7diX', k5 : 'c', id : 2, k6 : true});
CREATE (n0 :L0{k0 : 'qPdhxo4HR', k1 : true, k2 : 764223736, k3 : 'srTWaU4J5', k4 : '5txRpi', k5 : '8Tlvuakx', id : 3, k6 : true});
MATCH (n0 {id : 2}), (n1 {id : 2}) MERGE(n0)-[r :T3{k49 : 'P', k51 : true, k50 : 'icZO2', k52 : -44057847, id : 4, k48 : -457058518}]->(n1);
MATCH (n0 {id : 2}), (n1 {id : 2}) MERGE(n0)-[r :T4{k53 : -1312711394, k55 : false, id : 5, k54 : 'GNsWU1', k57 : 1273378843, k56 : 'm', k59 : true, k58 : true}]->(n1);
MATCH (n0{k6:false}) CREATE ( :L0{k5:NULL, id:6}) CREATE ({id:7}), (n1{id:8}) RETURN n0 AS a0, 1 AS a1;
MATCH ( n0 { k6 : false } ) OPTIONAL MATCH ()-[:TYPE]-() CREATE ( : L0 { k5 : NULL , id : 6 } ) CREATE ( { id : 7 } ) CREATE ( n1 { id : 8 } ) WITH * RETURN n0 AS a0 , 1 AS a1 ;
MATCH (a) RETURN count(a);
MATCH (b)-[a]->(c) RETURN count(a);
MATCH (b)-[a]->(c) RETURN count(a);
CREATE p0=({id:9}) MERGE ({id:10}) MERGE p1=(n0{k1:false, id:11}) RETURN 1 AS a0, properties(startNode(relationships(NULL)[toIntegerOrNull(abs(-572052521))])) AS a1;
CREATE p0 = ( { id : CASE WHEN TRUE THEN 9 END } ) WITH * UNWIND [1] as l0 MERGE ( { id : 10 } ) WITH * UNWIND 1 as l1 MERGE p1 = ( n0 { k1 : false , id : 11 } ) WITH * RETURN 1 AS a0 , properties ( startNode ( relationships ( NULL ) [ toIntegerOrNull ( CASE WHEN TRUE THEN abs ( -572052521 ) END ) ] ) ) AS a1 ORDER BY 1 LIMIT 1 ;
MATCH (a) RETURN count(a);
MATCH (a) RETURN count(a);
MATCH (b)-[a]->(c) RETURN count(a);
MATCH (b)-[a]->(c) RETURN count(a);
UNWIND NULL AS a0 MATCH (), () WHERE false MERGE (n0 :L0{id:12}) RETURN DISTINCT 1 AS a1;
UNWIND NULL AS a0 MATCH ( ) ,( ) WHERE false OPTIONAL MATCH ()-[:TYPE]-() MERGE ( n0 : L0 { id : 12 } ) RETURN DISTINCT 1 AS a1 ;
MATCH (a) RETURN count(a);
MATCH (a) RETURN count(a);
MATCH (b)-[a]->(c) RETURN count(a);
MATCH (b)-[a]->(c) RETURN count(a);
CREATE p0=(n1{id:13}) MERGE (n2{id:14}) DETACH DELETE n2  RETURN 1 AS a1;
CREATE p0 = ( n1 { id : 13 } ) WITH * MERGE ( n2 { id : 14 } ) WITH * DETACH DELETE n2 WITH * OPTIONAL MATCH ()-[:TYPE]-() RETURN 1 AS a1 ;
