-- Time: 2024/04/11 14:00:32
-- Database: janusgraph_database631
-- Database version: composite
-- seed value: 1712812407155
CREATE (n0 :L2{k11 : true, id : 0, k10 : false, k13 : true, k12 : true, k15 : -1035850963, k14 : true});
CREATE (n0 :L5{k27 : 630246014, k29 : 'GXMT', k31 : false, id : 1, k26 : 1213141113});
CREATE (n0 :L1{k5 : 898912320, id : 2, k6 : 'E', k7 : -718566781, k8 : true, k9 : true});
CREATE (n0 :L3{k17 : -325882988, k16 : true, k19 : 'Y', k20 : true, id : 3});
MATCH (n0 {id : 2}), (n1 {id : 2}) MERGE(n0)-[r :T5{k70 : '4', k66 : -181245652, id : 4, k65 : 't', k68 : 'mZ', k67 : true, k69 : -1706900141}]->(n1);
MATCH (n0 {id : 2}), (n1 {id : 0}) MERGE(n0)-[r :T2{k49 : 'j', k51 : -1542470010, k50 : -1576017018, k52 : 'd', id : 5, k48 : 1928086653, k47 : true}]->(n1);
MATCH (n0 {id : 2}), (n1 {id : 2}) MERGE(n0)-[r :T1{k39 : false, k40 : 'Y', k42 : -466672084, k44 : false, id : 6, k45 : 'xv'}]->(n1);
MATCH (n0 {id : 0}), (n1 {id : 1}) MERGE(n0)-[r :T1{k39 : false, k40 : 'k', k42 : 1170698674, k41 : 11073708, k44 : false, id : 7, k43 : 272578818, k45 : '7'}]->(n1);
MATCH (n0 {id : 1}), (n1 {id : 2}) MERGE(n0)-[r :T0{k38 : -397288312, id : 8, k32 : 'm', k35 : 'o0R', k34 : 1895007797, k37 : true}]->(n1);
MATCH (n0 {id : 1}), (n1 {id : 0}) MERGE(n0)-[r :T0{k38 : 1739293433, k33 : -657902444, id : 9, k32 : 'x', k35 : 'f', k34 : -876922747, k37 : true, k36 : 'kQWmnAjF'}]->(n1);
MATCH (n0 {id : 1}), (n1 {id : 1}) MERGE(n0)-[r :T3{k53 : 998383987, k55 : true, id : 10, k54 : true, k57 : true, k56 : 169432602, k58 : 1934463179}]->(n1);
MATCH (n0)-[r0 :T0{k33:NULL}]->(n1) SET n0.k=(r0.k38) CREATE ( :L5{id:11})-[r1 :T3{k55:(r0.k37), id:12}]->(n2{k31:false, id:13})-[r2 :T0{id:14}]->(n3{id:15}) RETURN 1 AS a0;
MATCH (n0),()-[r0:T0{k33:NULL}]->(),(n1) WHERE exists((n0)-[r0]->(n1)) OPTIONAL MATCH ()-[:TYPE]-() SET n0 . k = ( r0 . k38 ) CREATE ( : L5 { id : 11 } ) - [ r1 : T3 { k55 : ( r0 . k37 ) , id : CASE WHEN FALSE THEN NULL ELSE 12 END } ] - > ( n2 { k31 : false , id : CASE WHEN TRUE THEN 13 END } ) - [ r2 : T0 { id : 14 } ] - > ( n3 { id : 15 } ) WITH * UNWIND 1 as l0 RETURN 1 AS a0 ORDER BY FALSE ;
MATCH (a) RETURN count(a);
MATCH (b)-[a]->(c) RETURN count(a);
MATCH (b)-[a]->(c) RETURN count(a);
MERGE ({k5:-48407347, id:16})-[r0 :T1{id:17}]-(n0{id:18})-[r1 :T5{id:19}]->(n1 :L1{id:20}) REMOVE n1.k2 SET n0.k=round(997186319) RETURN [(n2 :L5{k26:-322887808})-[]->(n3)|[properties(r0), NULL]] AS a0, (n1.k8) AS a1;
MERGE ( { k5 : -48407347 , id : 16 } ) - [ r0 : T1 { id : CASE WHEN FALSE THEN NULL ELSE 17 END } ] - ( n0 { id : 18 } ) - [ r1 : T5 { id : CASE WHEN FALSE THEN NULL ELSE 19 END } ] - > ( n1 : L1 { id : 20 } ) REMOVE n1 . k2 WITH * OPTIONAL MATCH ()-[:TYPE]-() SET n0 . k = round ( 997186319 ) RETURN [ ( n2 : L5 { k26 : -322887808 } ) - [ ] - > ( n3 ) | [ properties ( r0 ) , NULL ] ] AS a0 , CASE WHEN FALSE THEN NULL ELSE ( n1 . k8 ) END AS a1 SKIP 1 ;
MATCH (a) RETURN count(a);
MATCH (a) RETURN count(a);
MATCH (b)-[a]->(c) RETURN count(a);
MATCH (b)-[a]->(c) RETURN count(a);
MERGE (n0{id:21}) REMOVE n0.k2 REMOVE n0.k2 RETURN 1 AS a0, 'T' AS a1;
MERGE ( n0 { id : CASE WHEN TRUE THEN 21 END } ) REMOVE n0 . k2 WITH * FOREACH(f in [1]|REMOVE n0 . k2 ) RETURN 1 AS a0 , 'T' AS a1 ORDER BY 1 ;
