-- Time: 2024/04/11 14:19:43
-- Database: janusgraph_database890
-- Database version: composite
-- seed value: 1712812407415
CREATE (n0 :L1{k5 : true, k11 : false, id : 0, k10 : 1047937939, k7 : true, k8 : false, k9 : true});
CREATE (n0 {id : 1});
CREATE (n0 {id : 2});
CREATE (n0 {id : 3});
MATCH (n0 {id : 0}), (n1 {id : 1}) MERGE(n0)-[r :T3{k64 : 'yQdE', k66 : false, id : 4, k65 : false, k68 : true, k67 : '5', k69 : '7RWDmFdy0'}]->(n1);
MATCH (n0 {id : 0}), (n1 {id : 0}) MERGE(n0)-[r :T2{k62 : 1614113996, k61 : true, id : 5, k57 : false, k59 : false}]->(n1);
MATCH (n0 {id : 1}), (n1 {id : 1}) MERGE(n0)-[r :T3{k70 : -31267405, k66 : true, id : 6, k65 : false, k68 : true, k67 : 'G', k69 : 'uz5xq'}]->(n1);
MATCH (n0 {id : 2}), (n1 {id : 0}) MERGE(n0)-[r :T3{k70 : 1619660525, k64 : 'Z', id : 7, k65 : true, k68 : true, k67 : 'YMpHf5YU', k69 : 'rR'}]->(n1);
MATCH (n0 {id : 0}), (n1 {id : 1}) MERGE(n0)-[r :T1{k51 : 211234010, k53 : -1517139451, k52 : 'GXqSqATG', k55 : false, id : 8, k54 : 'ayaEcDse', k56 : 'Q2TaXbY6'}]->(n1);
OPTIONAL MATCH p0=(n0)-[]-(n1), p1=(n2) WHERE isEmpty(NULL) SET n2.k=NULL SET n0.k=true RETURN 1 AS a0, n0 AS a1;
OPTIONAL MATCH p0=(n0)-[]-(n1),p1=(n2) WHERE isEmpty ( NULL ) SET n2 . k = NULL WITH * SET n0 . k = true WITH * RETURN 1 AS a0 , n0 AS a1 ;
MATCH (a) RETURN count(a);
MATCH (b)-[a]->(c) RETURN count(a);
MATCH (b)-[a]->(c) RETURN count(a);
MERGE (n0{id:9})-[r0 :T3{k70:-625205964, id:10}]-({id:11})-[r1 :T2{k63:160571906, id:12}]->({k6:'V', id:13}) REMOVE n0.k2 SET n0.k=(r1.k58) RETURN 1152743824 AS a0 UNION WITH * SKIP 1 WHERE ('XM' >= 'nwQVBMkNQ') MERGE (n0{id:14}) REMOVE n0.k2 RETURN 1 AS a0;
MERGE ( n0 { id : 9 } ) - [ r0 : T3 { k70 : -625205964 , id : 10 } ] - ( { id : 11 } ) - [ r1 : T2 { k63 : CASE WHEN TRUE THEN 160571906 END , id : 12 } ] - > ( { k6 : 'V' , id : 13 } ) WITH * UNWIND [1] as l0 FOREACH(f in [1]|REMOVE n0 . k2 ) SET n0 . k = ( CASE WHEN TRUE THEN r1 . k58 END ) WITH * RETURN 1152743824 AS a0 UNION WITH * SKIP 1 WHERE ( CASE WHEN TRUE THEN ('XM' +'') >= 'nwQVBMkNQ' END ) MERGE ( n0 { id : 14 } ) WITH * OPTIONAL MATCH ()-[:TYPE]-() REMOVE n0 . k2 RETURN 1 AS a0 ORDER BY 1 ;
MATCH (a) RETURN count(a);
MATCH (a) RETURN count(a);
MATCH (b)-[a]->(c) RETURN count(a);
MATCH (b)-[a]->(c) RETURN count(a);
CREATE (n0{id:15}), p0=(n1 :L1{k11:NULL, id:16}) CREATE (n2{id:17})-[ :T3{k67:NULL, id:18}]->({id:19})<-[r0 :T1{id:20}]-(n3{id:21}) CREATE (n4{id:22})-[ :T3{k66:false, id:23}]->({id:24}) RETURN DISTINCT -2023568471 AS a0;
CREATE ( n0 { id : 15 } ) CREATE p0 = ( n1 : L1 { k11 : NULL , id : CASE WHEN TRUE THEN 16 END } ) CREATE ( n2 { id : 17 } ) - [ : T3 { k67 : NULL , id : 18 } ] - > ( { id : 19 } ) < - [ r0 : T1 { id : 20 } ] - ( n3 { id : 21 } ) CREATE ({id:24})<-[ : T3 { k66 : false , id : 23 } ] -( n4 { id : 22 } ) WITH * RETURN DISTINCT -2023568471 AS a0 ;
