-- Time: 2024/04/11 13:32:29
-- Database: janusgraph_database252
-- Database version: composite
-- seed value: 1712812406775
CREATE (n0 :L4{k29 : -1834078255, k31 : 1816584626, k30 : false, id : 0, k32 : false});
CREATE (n0 :L2{k17 : false, k16 : '5', k19 : false, k20 : 'w6', id : 1, k15 : true, k14 : '77GKom2'});
CREATE (n0 :L5{k39 : true, k38 : 'S41R', id : 2, k35 : -818512675, k34 : 'e', k37 : true, k36 : 365411102});
CREATE (n0 :L2{k17 : false, k16 : '0MYoD', k18 : -1204369001, k20 : 'V44DJcvw', id : 3, k15 : false, k14 : 'pFxxn7i4b'});
MATCH (n0 {id : 0}), (n1 {id : 2}) MERGE(n0)-[r :T5{k71 : 'n', k70 : 'uFcQwSmo', k73 : true, k72 : 'bIDb', k74 : 'Q', id : 4, k68 : 'QH3oey', k69 : false}]->(n1);
MATCH (n0 {id : 2}), (n1 {id : 2}) MERGE(n0)-[r :T2{k51 : 'I', k53 : 'F', k55 : '6Vg', id : 5, k54 : 'JlSf9'}]->(n1);
MATCH (n0 {id : 3}), (n1 {id : 1}) MERGE(n0)-[r :T2{k51 : '51tc', k53 : 'ay', k52 : 1368912293, k55 : 'Cs', id : 6, k54 : 'YXy9'}]->(n1);
MATCH (n0 {id : 3}), (n1 {id : 3}) MERGE(n0)-[r :T0{k40 : 'M', k42 : false, k41 : 'IF', k44 : -264459998, id : 7, k43 : -1164816411}]->(n1);
MATCH (n0 {id : 1}), (n1 {id : 2}) MERGE(n0)-[r :T3{k60 : -152777748, k62 : 281176291, k61 : 967404604, id : 8, k57 : false, k56 : 'QB', k59 : -1294383240, k58 : true}]->(n1);
MERGE ( :L2{id:9})-[r0 :T3{id:10}]->(n0 :L5{id:11})-[r1 :T2{id:12}]-({id:13}) CREATE ({id:14})<-[r2 :T3{id:15}]-(n1{id:16}), (n2{k16:elementId(relationships(NULL)[toIntegerOrNull(abs(2034747498))]), id:17}) MERGE ( :L2{k17:false, id:18})-[ :T3{id:19}]->({id:20}) RETURN n0 AS a0;
MERGE ( : L2 { id : 9 } ) - [ r0 : T3 { id : 10 } ] - > ( n0 : L5 { id : 11 } ) - [ r1 : T2 { id : CASE WHEN TRUE THEN 12 END } ] - ( { id : 13 } ) CREATE ( { id : 14 } ) < - [ r2 : T3 { id : 15 } ] - ( n1 { id : 16 } ) CREATE ( n2 { k16 : CASE WHEN TRUE THEN elementId ( relationships ( NULL ) [ toIntegerOrNull ( abs ( 2034747498 ) ) ] ) END , id : CASE WHEN TRUE THEN 17 END } ) WITH * MERGE pp0=( : L2 { k17 : CASE WHEN TRUE THEN false END , id : 18 } ) - [ : T3 { id : 19 } ] - > ( { id : 20 } ) RETURN DISTINCT n0 AS a0 ORDER BY FALSE ;
MATCH (a) RETURN count(a);
MATCH (b)-[a]->(c) RETURN count(a);
MATCH (b)-[a]->(c) RETURN count(a);
MATCH ( :L5)-[r0]-( :L5{k39:false})<-[ :T3{k60:-589440793}]-(n0), (n0)-[]-(n1)-[]-(n2) MERGE ( :L5{id:21}) REMOVE n0.k2 RETURN n1 AS a0 LIMIT 1;
MATCH ( : L5 ) - [ r0 ] - ( : L5 { k39 : false } ) < - [ : T3 { k60 : -589440793 } ] - ( n0 ) ,(n0)-[*0..0]-( n0 ) - [ ] - ( n1 ) - [ ] - ( n2 ) MERGE ( : L5 { id : 21 } ) WITH * REMOVE n0 . k2 RETURN n1 AS a0 LIMIT 1 ;
