-- Time: 2024/04/11 13:53:21
-- Database: janusgraph_database534
-- Database version: composite
-- seed value: 1712812407058
CREATE (n0 :L0{k0 : 2009578635, k1 : 2138267542, k2 : 'W9DYzw2', k4 : -1324707642, id : 0});
CREATE (n0 :L1{k5 : 331918873, id : 1, k6 : 'Uiw', k10 : 'm', k7 : 99049238, k8 : 1889536171, k9 : 'HqQ'});
CREATE (n0 {id : 2});
CREATE (n0 {id : 3});
MATCH (n0 {id : 3}), (n1 {id : 3}) MERGE(n0)-[r :T0{k28 : -948826220, k27 : -188445944, k29 : false, id : 4, k26 : -974423272}]->(n1);
MATCH (n0 {id : 0}), (n1 {id : 1}) MERGE(n0)-[r :T5{k60 : 'bLH', id : 5, k57 : 427215768, k56 : true, k59 : 255548729}]->(n1);
MATCH (n0 {id : 0}), (n1 {id : 1}) MERGE(n0)-[r :T4{k51 : 'U', k53 : false, k52 : true, k55 : '4go9', id : 6, k54 : true}]->(n1);
MATCH (n0 {id : 1}), (n1 {id : 0}) MERGE(n0)-[r :T3{k49 : '4jcWXFY', k50 : false, id : 7, k46 : -1055411351, k45 : true, k48 : 171259755, k47 : 'wMf'}]->(n1);
MATCH (n0 {id : 3}), (n1 {id : 0}) MERGE(n0)-[r :T4{k51 : 'GrHF0V', k53 : true, k52 : true, k55 : '4EO', id : 8, k54 : true}]->(n1);
MATCH (n0 {id : 1}), (n1 {id : 1}) MERGE(n0)-[r :T5{k60 : 'U', id : 9, k57 : -226308738, k56 : false}]->(n1);
MATCH (n0 {id : 3}), (n1 {id : 3}) MERGE(n0)-[r :T5{k60 : 'P', id : 10, k57 : -1728392459, k56 : true, k58 : 1152245465}]->(n1);
OPTIONAL MATCH (n0) WHERE NULL DETACH DELETE n0  CREATE p0=({id:11}) RETURN nodes(NULL)[toIntegerOrNull(abs(1874137422))] AS a0, nodes(NULL)[toIntegerOrNull(abs(round(1687250924)))] AS a1;
OPTIONAL MATCH ( n0 ) WHERE NULL WITH * WITH * CALL{WITH *DETACH DELETE n0 } CREATE p0 = ( { id : 11 } ) RETURN nodes ( NULL ) [ toIntegerOrNull ( abs ( 1874137422 ) ) ] AS a0 , nodes ( NULL ) [ CASE WHEN TRUE THEN toIntegerOrNull ( abs ( round ( 1687250924 ) ) ) END ] AS a1 ;
MATCH (a) RETURN count(a);
MATCH (b)-[a]->(c) RETURN count(a);
MATCH (b)-[a]->(c) RETURN count(a);
MATCH (n0) OPTIONAL MATCH (n0) DETACH DELETE n0  RETURN 1 AS a0, 1 AS a1 LIMIT 1;
MATCH (n0)-[*0..0]-( n0 ) WITH * OPTIONAL MATCH ( n0 ) DETACH DELETE n0 RETURN 1 AS a0 , 1 AS a1 LIMIT 1 ;
