-- Time: 2024/04/11 14:26:36
-- Database: janusgraph_database983
-- Database version: composite
-- seed value: 1712812407508
CREATE (n0 :L3{k19 : -1122835734, k18 : 'A6I2bO', k20 : '9MkuYnbip', k22 : 'fnHjG', id : 0, k21 : -947195587, k24 : 1272997205});
CREATE (n0 :L0{k0 : false, k1 : 680141078, k2 : -1518744542, k3 : 'x', id : 1});
CREATE (n0 :L3{k19 : -977941945, k18 : '2PA', k22 : '8vgec', id : 2, k21 : 1150037703, k24 : -2101019018, k23 : 'fe'});
CREATE (n0 {id : 3});
MATCH (n0 {id : 0}), (n1 {id : 0}) MERGE(n0)-[r :T0{k39 : 1303195118, k38 : true, k40 : 1799260287, k42 : -629297279, k41 : 'p', id : 4, k37 : false}]->(n1);
MATCH (n0 {id : 3}), (n1 {id : 0}) MERGE(n0)-[r :T0{k39 : 2009483546, k40 : -1743346231, k42 : 1317954132, k41 : 'Y', id : 5, k37 : true}]->(n1);
MATCH (n0 {id : 3}), (n1 {id : 2}) MERGE(n0)-[r :T5{k71 : 971000904, k72 : -600596110, k66 : -1213199928, id : 6, k68 : 1475831066, k67 : true, k69 : false}]->(n1);
MATCH (n0 {id : 3}), (n1 {id : 0}) MERGE(n0)-[r :T4{k62 : false, k61 : -194629193, k64 : -1806908090, k63 : 'm', id : 7, k65 : -1948825924}]->(n1);
MATCH (n0 {id : 1}), (n1 {id : 3}) MERGE(n0)-[r :T4{k62 : false, k61 : 1183024618, k64 : 736560681, k63 : 'wy', id : 8, k65 : -1061479064}]->(n1);
MATCH (n0 {id : 0}), (n1 {id : 3}) MERGE(n0)-[r :T6{k73 : 'M', k75 : true, k77 : 10732798, id : 9}]->(n1);
MATCH (n0 {id : 2}), (n1 {id : 1}) MERGE(n0)-[r :T5{k71 : 1710696126, k70 : false, k72 : 1394301619, k66 : 1001148733, id : 10, k68 : -67470863, k69 : false}]->(n1);
MERGE p0=({id:11}) DETACH DELETE p0  MERGE ({id:12}) RETURN 1 AS a0, 1 AS a1;
MERGE p0 = ( { id : 11 } ) WITH * UNWIND [1] as l0 DETACH DELETE p0 WITH * OPTIONAL MATCH ()-[:TYPE]-() MERGE ( { id : 12 } ) RETURN DISTINCT 1 AS a0 , 1 AS a1 ;
MATCH (a) RETURN count(a);
MATCH (b)-[a]->(c) RETURN count(a);
MATCH (b)-[a]->(c) RETURN count(a);
UNWIND NULL AS a0 OPTIONAL MATCH ()<-[]-(n0) DETACH DELETE n0  RETURN 1 AS a1 ORDER BY a1;
UNWIND NULL AS a0 OPTIONAL MATCH ( ) < - [ ] - ( n0 ) WHERE TRUE DETACH DELETE n0 WITH * UNWIND [NULL] as l0 RETURN DISTINCT 1 AS a1 ORDER BY a1 ;
MATCH (a) RETURN count(a);
MATCH (a) RETURN count(a);
MATCH (b)-[a]->(c) RETURN count(a);
MATCH (b)-[a]->(c) RETURN count(a);
UNWIND NULL AS a0 OPTIONAL MATCH (n0) MERGE ({id:13})-[r0 :T0{id:14}]-(n1{id:15}) RETURN NULL AS a1 ORDER BY n1 DESC;
UNWIND NULL AS a0 OPTIONAL MATCH (n0)-[*0..0]-( n0 ) WHERE TRUE OPTIONAL MATCH ()-[:TYPE]-() MERGE ( { id : 13 } ) - [ r0 : T0 { id : 14 } ] - ( n1 { id : 15 } ) RETURN NULL AS a1 ORDER BY n1 DESC ;
MATCH (a) RETURN count(a);
MATCH (a) RETURN count(a);
MATCH (b)-[a]->(c) RETURN count(a);
MATCH (b)-[a]->(c) RETURN count(a);
OPTIONAL MATCH ()-[]->()-[r1 :T4{k64:NULL}]-(n2), p0=(n3)-[ :T5{k67:false}]->() WHERE (r1.k62) DETACH DELETE r1  MERGE ({id:16})-[r2 :T6{id:17}]-(n4{k21:563751488, id:18})<-[r3 :T4{k65:-55472580, id:19}]-({id:20}) RETURN NULL AS a0;
OPTIONAL MATCH ( ) - [ ] - > ( ) - [ r1 : T4 { k64 : NULL } ] - ( n2 ) ,p0 = ( n3 ) - [ : T5 { k67 : false } ] - > ( ) WHERE ( r1 . k62 ) UNWIND [NULL] as l0 DETACH DELETE r1 MERGE ( { id : 16 } ) - [ r2 : T6 { id : 17 } ] - ( n4 { k21 : 563751488 , id : 18 } ) < - [ r3 : T4 { k65 : -55472580 , id : 19 } ] - ( { id : 20 } ) WITH * OPTIONAL MATCH ()-[:TYPE]-() RETURN NULL AS a0 ;
MATCH (a) RETURN count(a);
MATCH (a) RETURN count(a);
MATCH (b)-[a]->(c) RETURN count(a);
MATCH (b)-[a]->(c) RETURN count(a);
MERGE ( :L3{id:21})-[r1 :T0{id:22}]->(n1 :L3{id:23})-[r2 :T4{k61:1389149930, id:24}]-({id:25}) CREATE p0=(n2{id:26}) MERGE p1=(n3{id:27})-[r3 :T5{k68:round(-1605926462), id:28}]-(n4{id:29}) RETURN (r1.k38) AS a2, collect(n4)[toIntegerOrNull(abs(-2046609118))] AS a3 SKIP 0;
MERGE pp0=( : L3 { id : CASE WHEN TRUE THEN 21 END } ) - [ r1 : T0 { id : 22 } ] - > ( n1 : L3 { id : 23 } ) - [ r2 : T4 { k61 : 1389149930 , id : 24 } ] - ( { id : 25 } ) WITH * UNWIND [1] as l0 CREATE p0 = ( n2 { id : 26 } ) WITH * UNWIND 1 as l1 MERGE p1 = ( n3 { id : 27 } ) - [ r3 : T5 { k68 : round ( CASE WHEN FALSE THEN NULL ELSE -1605926462 END ) , id : 28 } ] - ( n4 { id : 29 } ) RETURN ( r1 . k38 ) AS a2 , (collect ( n4 ) +[]) [ CASE WHEN FALSE THEN NULL ELSE toIntegerOrNull ( abs ( -2046609118 ) ) END ] AS a3 SKIP 0 ;
MATCH (a) RETURN count(a);
MATCH (a) RETURN count(a);
MATCH (b)-[a]->(c) RETURN count(a);
MATCH (b)-[a]->(c) RETURN count(a);
MERGE ( :L3{id:30})-[r0 :T0{id:31}]->(n0 :L3{id:32}) CREATE (n1 :L3{id:33})<-[r1 :T4{id:34}]-(n2{id:35}) DETACH DELETE r0  RETURN (n0.k19) AS a0, 1 AS a1;
MERGE pp0=( : L3 { id : 30 } ) - [ r0 : T0 { id : 31 } ] - > ( n0 : L3 { id : 32 } ) WITH * UNWIND [1] as l0 CREATE ( n1 : L3 { id : 33 } ) < - [ r1 : T4 { id : CASE WHEN FALSE THEN NULL ELSE 34 END } ] - ( n2 { id : 35 } ) DETACH DELETE r0 WITH * UNWIND [NULL] as l1 RETURN ( n0 . k19 ) AS a0 , 1 AS a1 ;
