-- Time: 2024/04/11 13:32:52
-- Database: janusgraph_database257
-- Database version: composite
-- seed value: 1712812406780
CREATE (n0 :L3{k19 : 'HNp6dOO', k20 : 'wFa1N', id : 0, k21 : 'xfM', k23 : -987954017});
CREATE (n0 {id : 1});
CREATE (n0 :L5{k31 : 1588367187, k33 : 'Hf8T', id : 2, k32 : false, k35 : -953930263, k34 : false, k37 : 'WKDN9Uf', k36 : 'J'});
CREATE (n0 :L2{k17 : 'e', k16 : -397984573, k18 : true, id : 3, k15 : 'D', k14 : true});
MATCH (n0 {id : 0}), (n1 {id : 2}) MERGE(n0)-[r :T0{k49 : '1XktHy8', k51 : -1084464544, k50 : '11uoRi1', id : 4, k46 : 'wT8PKT', k45 : false, k48 : -1138746033}]->(n1);
MATCH (n0 {id : 2}), (n1 {id : 3}) MERGE(n0)-[r :T0{k49 : '6rPizdw', k50 : '0qe', id : 5, k46 : '7', k45 : false, k48 : -1785098794, k47 : false}]->(n1);
MATCH (n0 {id : 0}), (n1 {id : 0}) MERGE(n0)-[r :T0{k49 : '9k', k51 : 1338820023, k50 : 'T', id : 6, k46 : 'PZN', k45 : false, k48 : -1529886259}]->(n1);
MATCH (n0 {id : 3}), (n1 {id : 3}) MERGE(n0)-[r :T3{k64 : -2106417263, k63 : 'bpa', k66 : -1735710994, id : 7, k65 : false}]->(n1);
MATCH (n0 {id : 3}), (n1 {id : 3}) MERGE(n0)-[r :T4{k71 : false, k70 : false, k72 : 'Sp38A1r', id : 8, k68 : 'Q', k69 : 1546272663}]->(n1);
MATCH (n0 {id : 2}), (n1 {id : 3}) MERGE(n0)-[r :T1{k53 : 1550573018, k55 : -870205017, id : 9, k54 : true, k57 : true, k56 : 'n'}]->(n1);
MERGE p0=({k36:reverse(reverse('0')), id:10})-[r0 :T1{k54:isEmpty('j'), id:11}]->(n0{id:12})-[r1 :T0{id:13}]-( :L5{id:14}) DETACH DELETE p0  CREATE (n1{k16:round(-524976586), id:15})<-[r2 :T0{k49:elementId(nodes(NULL)[toIntegerOrNull(abs(NULL))]), id:16}]-(n2{id:17})-[r3 :T1{id:18}]->(n3{k16:-1493488550, id:19}), (n4{id:20}) RETURN 1 AS a0;
MERGE p0 = ( { k36 : reverse ( reverse ( '0' ) ) , id : 10 } ) - [ r0 : T1 { k54 : isEmpty ( 'j' ) , id : 11 } ] - > ( n0 { id : 12 } ) - [ r1 : T0 { id : 13 } ] - ( : L5 { id : 14 } ) WITH * DETACH DELETE p0 WITH * UNWIND 1 as l0 CREATE ( n1 { k16 : round ( -524976586 ) , id : 15 } ) < - [ r2 : T0 { k49 : elementId ( ([]+nodes ( CASE WHEN FALSE THEN NULL ELSE NULL END ) )[ toIntegerOrNull ( abs ( NULL ) ) ] ) , id : 16 } ] - ( n2 { id : CASE WHEN TRUE THEN 17 END } ) - [ r3 : T1 { id : 18 } ] - > ( n3 { k16 : -1493488550 , id : 19 } ) CREATE ( n4 { id : 20 } ) RETURN 1 AS a0 ;
MATCH (a) RETURN count(a);
MATCH (b)-[a]->(c) RETURN count(a);
MATCH (b)-[a]->(c) RETURN count(a);
CREATE p0=(n0 :L2{id:21})-[r0 :T4{id:22}]->(n1 :L2{id:23})-[r1 :T3{id:24}]->({k16:(((-1181538594+(2113455515+CASE WHEN false THEN -349440228 END))-NULL)*-1446692521), id:25}) CREATE ( :L2{id:26}) MERGE (n2 :L2{id:27})-[r2 :T4{id:28}]-(n3{id:29}) RETURN (r2.k69) AS a0, 1 AS a1 ORDER BY a0, a1 DESC UNION UNWIND NULL AS a0 MATCH p0=()-[r0]->({k16:1908123245}), p1=()-[*0..0]-(n0)<-[r1]-( :L5) CREATE (n1{k17:NULL, id:30})-[r2 :T4{k68:'Dq', id:31}]->(n2 :L2{id:32}), (n3 :L2{id:33}) RETURN DISTINCT n0 AS a0, a0 AS a1;
CREATE p0 = ( n0 : L2 { id : 21 } ) - [ r0 : T4 { id : 22 } ] - > ( n1 : L2 { id : 23 } ) - [ r1 : T3 { id : 24 } ] - > ( { k16 : ( ( ( -1181538594 + ( 2113455515 + CASE WHEN false THEN -349440228 END ) ) - NULL ) * -1446692521 ) , id : 25 } ) WITH * CREATE ( : L2 { id : 26 } ) MERGE ( n2 : L2 { id : 27 } ) - [ r2 : T4 { id : 28 } ] - ( n3 { id : 29 } ) RETURN ( r2 . k69 ) AS a0 , 1 AS a1 ORDER BY a0, a1 DESC UNION UNWIND NULL AS a0 UNWIND [1] as l0 MATCH p0 = ( ) - [ r0 ] - > ( { k16 : 1908123245 } ) ,p1 = ( ) - [ * 0 .. 0 ] - ( n0 ) < - [ r1 ] - ( : L5 ) WITH * WHERE TRUE CREATE ( n1 { k17 : NULL , id : 30 } ) - [ r2 : T4 { k68 : 'Dq' , id : 31 } ] - > ( n2 : L2 { id : CASE WHEN TRUE THEN 32 END } ) CREATE ( n3 : L2 { id : 33 } ) WITH * RETURN DISTINCT n0 AS a0 , a0 AS a1 ;
