-- Time: 2024/04/11 14:26:45
-- Database: janusgraph_database985
-- Database version: composite
-- seed value: 1712812407510
CREATE (n0 {id : 0});
CREATE (n0 :L2{k16 : 698554917, k18 : false, id : 1, k13 : -1871863272, k12 : 'ZVzY4', k15 : 'gVz94', k14 : 'nQzY7Ov'});
CREATE (n0 :L2{k17 : true, k16 : -1910991607, k18 : false, id : 2, k13 : 2046587768, k12 : '6', k15 : 'pSD', k14 : 'FU'});
CREATE (n0 {id : 3});
MATCH (n0 {id : 2}), (n1 {id : 0}) MERGE(n0)-[r :T2{k49 : 702558860, k51 : 'O', k50 : 'RwwDP1twa', k52 : true, id : 4, k48 : -1849234397}]->(n1);
MATCH (n0 {id : 3}), (n1 {id : 3}) MERGE(n0)-[r :T5{k71 : true, k70 : 1453676458, k73 : 'I', k72 : false, id : 5, k68 : true, k67 : false}]->(n1);
MATCH (n0 {id : 2}), (n1 {id : 1}) MERGE(n0)-[r :T2{k51 : 'O', k50 : 'X', k52 : false, id : 6, k48 : 1908430312}]->(n1);
MATCH (n0)<-[]-() MATCH (n1) DETACH DELETE n1  RETURN startNode(relationships(NULL)[toIntegerOrNull(abs(NULL))]) AS a0, n0 AS a1;
MATCH ( n0 ) < - [ ] - ( ) WITH * MATCH ( n1 ) OPTIONAL MATCH ()-[:TYPE]-() DETACH DELETE n1 RETURN startNode ( relationships ( NULL ) [ CASE WHEN TRUE THEN toIntegerOrNull ( abs ( NULL ) ) END ] ) AS a0 , n0 AS a1 ;
MATCH (a) RETURN count(a);
MATCH (b)-[a]->(c) RETURN count(a);
MATCH (b)-[a]->(c) RETURN count(a);
MERGE (n0{id:7})-[r0 :T2{id:8}]-(n1{id:9}) DETACH DELETE n0  MERGE (n2{id:10})-[r1 :T2{id:11}]->(n3{id:12}) RETURN n2 AS a0 SKIP 1 UNION ALL UNWIND [{k1: [-1344755936], k2: true}, {k1: relationships(NULL)[toIntegerOrNull(abs(-1288316526))], k2: NULL}] AS a0 CREATE (n0{id:13})<-[ :T2{k51:'QW', id:14}]-({id:15}) MERGE (n1{id:16}) RETURN n1 AS a0 ORDER BY endNode(NULL), a0 DESC;
MERGE ( n0 { id : 7 } ) - [ r0 : T2 { id : 8 } ] - ( n1 { id : 9 } ) DETACH DELETE n0 MERGE ( n2 { id : 10 } ) - [ r1 : T2 { id : 11 } ] - > ( n3 { id : 12 } ) RETURN n2 AS a0 SKIP 1 UNION ALL UNWIND [ { k1 : [ -1344755936 ] , k2 : true } , { k1 : relationships ( NULL ) [ toIntegerOrNull ( abs ( CASE WHEN FALSE THEN NULL ELSE -1288316526 END ) ) ] , k2 : NULL } ] AS a0 CREATE ( n0 { id : 13 } ) < - [ : T2 { k51 : 'QW' , id : CASE WHEN TRUE THEN 14 END } ] - ( { id : 15 } ) MERGE ( n1 { id : 16 } ) RETURN n1 AS a0 ORDER BY endNode(NULL), a0 DESC ;
MATCH (a) RETURN count(a);
MATCH (a) RETURN count(a);
MATCH (b)-[a]->(c) RETURN count(a);
MATCH (b)-[a]->(c) RETURN count(a);
OPTIONAL MATCH p0=( :L2)-[ :T2{k50:'X'}]-(n0 :L2), (n1) OPTIONAL MATCH ()-[]-( :L2), p1=()<-[r0]-(n2) WHERE false SET n2.k='fS' RETURN p0 AS a0, p0 AS a1;
OPTIONAL MATCH p0 = ( : L2 ) - [ : T2 { k50 : 'X' } ] - ( n0 : L2 ) ,( n1 ) WITH * OPTIONAL MATCH ( ) - [ ] - ( : L2 ) ,p1 = ( ) < - [ r0 ] - ( n2 ) WHERE false WITH * SET n2 . k = ('fS' +'') WITH * OPTIONAL MATCH ()-[:TYPE]-() RETURN p0 AS a0 , p0 AS a1 ;
