-- Time: 2024/04/11 14:20:32
-- Database: janusgraph_database901
-- Database version: composite
-- seed value: 1712812407426
CREATE (n0 :L3{k19 : -1638426798, k20 : false, k22 : false, id : 0, k21 : -538977111, k24 : true, k23 : 493842186, k25 : 'fGzj'});
CREATE (n0 {id : 1});
CREATE (n0 :L6{k39 : -177297265, k40 : 'F', k42 : 1849937251, k41 : -1019636222, k44 : 'ugmH8IZB', id : 2, k43 : -569422314});
CREATE (n0 {id : 3});
MATCH (n0 {id : 0}), (n1 {id : 3}) MERGE(n0)-[r :T0{k49 : 'yzH', id : 4, k46 : false, k45 : 'Lz', k47 : 245800468}]->(n1);
MATCH (n0 {id : 1}), (n1 {id : 2}) MERGE(n0)-[r :T4{k70 : 2144286741, k66 : false, id : 5, k68 : true, k67 : 'eitWa', k69 : true}]->(n1);
UNWIND [false] AS a0 OPTIONAL MATCH p0=() WHERE (-1793690181 <= NULL) DETACH DELETE p0  RETURN DISTINCT 1 AS a1 SKIP 1;
UNWIND [ false ] AS a0 OPTIONAL MATCH p0 = ( ) WHERE ( CASE WHEN FALSE THEN NULL ELSE -1793690181 <= NULL END ) DETACH DELETE p0 RETURN DISTINCT 1 AS a1 SKIP 1 LIMIT 1 ;
MATCH (a) RETURN count(a);
MATCH (b)-[a]->(c) RETURN count(a);
MATCH (b)-[a]->(c) RETURN count(a);
UNWIND [NULL, NULL] AS a0 MATCH (n0)-[ :T4{k69:(NULL CONTAINS substring(NULL, toIntegerOrNull(abs(-760440560)), toIntegerOrNull(abs(NULL))))}]-(n2) DETACH DELETE n2  RETURN 1 AS a1, n0 AS a2;
UNWIND CASE WHEN TRUE THEN [ NULL , NULL ] END AS a0 WITH * MATCH (n0)-[*0..0]-( n0 ) - [ : T4 { k69 : ( NULL CONTAINS substring ( NULL , CASE WHEN TRUE THEN toIntegerOrNull ( abs ( CASE WHEN TRUE THEN -760440560 END ) ) END , toIntegerOrNull ( abs ( NULL ) ) ) ) } ] - ( n2 ) DETACH DELETE n2 WITH * OPTIONAL MATCH ()-[:TYPE]-() RETURN DISTINCT 1 AS a1 , n0 AS a2 ;
MATCH (a) RETURN count(a);
MATCH (a) RETURN count(a);
MATCH (b)-[a]->(c) RETURN count(a);
MATCH (b)-[a]->(c) RETURN count(a);
UNWIND [[NULL, NULL]] AS a0 CREATE ({id:6})<-[ :T0{id:7}]-({id:8}), (n0{id:9})<-[ :T0{id:10}]-({id:11}) CREATE (n1 :L3{id:12})-[r0 :T0{id:13}]->({id:14}), (n2{id:15})<-[r1 :T0{id:16}]-( :L3{id:17}) RETURN 1 AS a1, a0 AS a2;
UNWIND [ CASE WHEN TRUE THEN [ NULL , NULL ] END ] AS a0 CREATE ( { id : 6 } ) < - [ : T0 { id : 7 } ] - ( { id : 8 } ) CREATE ( n0 { id : 9 } ) < - [ : T0 { id : 10 } ] - ( { id : 11 } ) CREATE ( n1 : L3 { id : 12 } ) - [ r0 : T0 { id : 13 } ] - > ( { id : 14 } ) CREATE ( n2 { id : CASE WHEN FALSE THEN NULL ELSE 15 END } ) < - [ r1 : T0 { id : 16 } ] - ( : L3 { id : 17 } ) RETURN 1 AS a1 , a0 AS a2 ;
