-- Time: 2024/04/11 14:12:12
-- Database: janusgraph_database789
-- Database version: composite
-- seed value: 1712812407313
CREATE (n0 :L5{k29 : 1123119608, k31 : true, k30 : -1583633351, k33 : false, id : 0, k32 : 412412755, k34 : 566454321});
CREATE (n0 {id : 1});
CREATE (n0 :L0{k0 : 'S', k1 : true, k2 : 1287909177, k3 : -1137268726, k4 : 1283810103, k5 : true, id : 2});
CREATE (n0 :L5{k31 : false, k30 : -507918498, k33 : false, id : 3, k32 : 650173998, k34 : -1794017665});
MATCH (n0 {id : 1}), (n1 {id : 3}) MERGE(n0)-[r :T4{k70 : -1518594780, k66 : false, id : 4, k68 : -1017262875, k69 : 'g'}]->(n1);
MATCH (n0 {id : 2}), (n1 {id : 1}) MERGE(n0)-[r :T3{k60 : 'a', k62 : 'Y', k61 : 1576452579, k64 : 'V', k63 : -16228965, id : 5, k65 : 'y', k59 : 'A'}]->(n1);
MATCH (n0 {id : 2}), (n1 {id : 2}) MERGE(n0)-[r :T0{k42 : 1095645835, k41 : 'w', k44 : false, id : 6, k43 : true, k45 : 'kCOpWM'}]->(n1);
MATCH (n0 {id : 0}), (n1 {id : 3}) MERGE(n0)-[r :T5{k71 : 'd', k73 : 'q', k72 : -28773922, k75 : -663641718, k74 : 'i', id : 7}]->(n1);
MATCH (n0 {id : 3}), (n1 {id : 0}) MERGE(n0)-[r :T1{k49 : 'l', k51 : 435433214, k50 : -1706775353, k52 : 'S', id : 8, k46 : -476337982, k48 : false, k47 : 'H7'}]->(n1);
MATCH (n0 {id : 2}), (n1 {id : 1}) MERGE(n0)-[r :T0{k42 : -684759442, k41 : 'X', k44 : false, id : 9, k43 : true, k45 : 'xDX16qkN6'}]->(n1);
MATCH (n0 {id : 2}), (n1 {id : 3}) MERGE(n0)-[r :T1{k51 : -186828877, k50 : -863604285, k52 : '9F', id : 10, k46 : -1915137430, k48 : false, k47 : 'H7'}]->(n1);
UNWIND [[(n0)-[ :T3{k60:NULL}]-(n1 :L0) WHERE (n1.k5)|[[], []]]] AS a0 CREATE (n2{k29:-842537801, id:11})<-[r0 :T1{k50:NULL, id:12}]-( :L5{id:13}) MERGE (n3 :L0{id:14})-[r1 :T1{id:15}]-(n4{id:16})<-[r2 :T5{id:17}]-({k32:1638045393, id:18}) RETURN (r1.k48) AS a1;
UNWIND [ [ ( n0 ) - [ : T3 { k60 : NULL } ] - ( n1 : L0 ) WHERE ( n1 . k5 ) | [ [ ] , [ ] ] ] ] AS a0 CREATE ( n2 { k29 : -842537801 , id : 11 } ) < - [ r0 : T1 { k50 : NULL , id : 12 } ] - ( : L5 { id : CASE WHEN FALSE THEN NULL ELSE 13 END } ) WITH * UNWIND [NULL] as l0 MERGE ( n3 : L0 { id : 14 } ) - [ r1 : T1 { id : 15 } ] - ( n4 { id : 16 } ) < - [ r2 : T5 { id : 17 } ] - ( { k32 : 1638045393 , id : 18 } ) WITH * OPTIONAL MATCH ()-[:TYPE]-() RETURN ( r1 . k48 ) AS a1 ;
MATCH (a) RETURN count(a);
MATCH (b)-[a]->(c) RETURN count(a);
MATCH (b)-[a]->(c) RETURN count(a);
MERGE ( :L5{id:19})-[r0 :T5{k74:'X', id:20}]-(n0{id:21})<-[r1 :T1{id:22}]-({id:23}) CREATE (n1{id:24})-[r2 :T4{id:25}]->(n2{id:26})<-[ :T5{k72:(r0.k72), id:27}]-(n3{id:28}) DETACH DELETE n0  RETURN DISTINCT 1 AS a0, 1 AS a1 UNION ALL WITH DISTINCT NULL AS a0 SKIP 1 MERGE p0=({id:29})<-[r0 :T3{id:30}]-({k3:-619436317, id:31}) MERGE ({id:32}) RETURN 1 AS a0, keys(CASE WHEN (false AND true) THEN relationships(NULL)[toIntegerOrNull(abs(1386564190))] END) AS a1 SKIP 0;
MERGE ( : L5 { id : 19 } ) - [ r0 : T5 { k74 : 'X' , id : 20 } ] - ( n0 { id : 21 } ) < - [ r1 : T1 { id : 22 } ] - ( { id : 23 } ) WITH * OPTIONAL MATCH ()-[:TYPE]-() CREATE ( n1 { id : 24 } ) - [ r2 : T4 { id : 25 } ] - > ( n2 { id : 26 } ) < - [ : T5 { k72 : ( r0 . k72 ) , id : 27 } ] - ( n3 { id : 28 } ) WITH * DETACH DELETE n0 RETURN DISTINCT 1 AS a0 , 1 AS a1 SKIP 1 UNION ALL WITH DISTINCT NULL AS a0 SKIP 1 WITH * MERGE p0 = ( { id : 29 } ) < - [ r0 : T3 { id : CASE WHEN FALSE THEN NULL ELSE 30 END } ] - ( { k3 : CASE WHEN FALSE THEN NULL ELSE -619436317 END , id : CASE WHEN FALSE THEN NULL ELSE 31 END } ) WITH * MERGE ( { id : 32 } ) RETURN 1 AS a0 , keys ( CASE WHEN ( false AND true ) THEN ([]+relationships ( NULL ) )[ toIntegerOrNull ( CASE WHEN FALSE THEN NULL ELSE abs ( 1386564190 ) END ) ] END ) AS a1 SKIP 0 ;
MATCH (a) RETURN count(a);
MATCH (a) RETURN count(a);
MATCH (b)-[a]->(c) RETURN count(a);
MATCH (b)-[a]->(c) RETURN count(a);
MERGE p0=({id:33})-[r0 :T1{id:34}]->(n0{k33:false, id:35}) MERGE p1=({id:36})-[ :T1{k52:'C', id:37}]-(n1{id:38}) REMOVE n0.k2 RETURN (r0.k50) AS a0;
MERGE p0 = ( { id : 33 } ) - [ r0 : T1 { id : 34 } ] - > ( n0 { k33 : false , id : 35 } ) WITH * MERGE p1 = ( { id : 36 } ) - [ : T1 { k52 : 'C' , id : 37 } ] - ( n1 { id : 38 } ) WITH * UNWIND [1] as l0 REMOVE n0 . k2 WITH * RETURN ( r0 . k50 ) AS a0 ORDER BY NULL ;
