-- Time: 2024/04/11 13:23:24
-- Database: janusgraph_database129
-- Database version: composite
-- seed value: 1712812406611
CREATE (n0 :L3{k19 : 'Z', k20 : true, k22 : 'EKw', id : 0, k21 : -329057887, k24 : 'X', k23 : 240815937});
CREATE (n0 :L1{k11 : 732180893, id : 1, k10 : -928465173, k7 : '7QjoZk', k13 : false, k8 : 'vr9eVLX', k12 : true, k9 : false});
CREATE (n0 {id : 2});
CREATE (n0 :L3{k19 : '6bEtHjuB', k20 : true, k22 : 'b', id : 3, k21 : 661888012, k24 : 'hAVK', k23 : 354212262});
MATCH (n0 {id : 1}), (n1 {id : 3}) MERGE(n0)-[r :T0{k31 : 't', k33 : 'H', id : 4, k35 : false, k34 : true, k36 : true}]->(n1);
MATCH (n0 {id : 2}), (n1 {id : 1}) MERGE(n0)-[r :T4{k62 : 1984692788, k61 : -1591231207, id : 5, k56 : 'HCeM', k59 : 'jw', k58 : false}]->(n1);
MATCH (n0 {id : 0}), (n1 {id : 2}) MERGE(n0)-[r :T2{id : 6, k46 : false, k45 : 'mgT', k48 : 'L', k47 : 'w'}]->(n1);
MERGE ({id:7}) CREATE (n0{id:8})-[ :T4{id:9}]->(n1{id:10})-[ :T0{id:11}]->({id:12}), (n2{id:13}) MERGE ( :L1{k8:'W0ptI', id:14}) RETURN 1 AS a0;
MERGE ( { id : 7 } ) CREATE ( n0 { id : 8 } ) - [ : T4 { id : 9 } ] - > ( n1 { id : 10 } ) - [ : T0 { id : 11 } ] - > ( { id : 12 } ) CREATE ( n2 { id : 13 } ) WITH * OPTIONAL MATCH ()-[:TYPE]-() MERGE ( : L1 { k8 : 'W0ptI' , id : 14 } ) WITH * UNWIND 1 as l0 RETURN 1 AS a0 ;
MATCH (a) RETURN count(a);
MATCH (b)-[a]->(c) RETURN count(a);
MATCH (b)-[a]->(c) RETURN count(a);
UNWIND relationships(NULL) AS a0 DETACH DELETE a0  MERGE p0=(n0{id:15}) RETURN a0 AS a1, collect(1789778734)[toIntegerOrNull(abs(2086591804))] AS a2 ORDER BY a1 DESC LIMIT 1;
UNWIND relationships ( NULL ) AS a0 WITH * DETACH DELETE CASE WHEN TRUE THEN a0 END MERGE p0 = ( n0 { id : 15 } ) RETURN a0 AS a1 , CASE WHEN TRUE THEN collect ( CASE WHEN TRUE THEN 1789778734 END ) [ toIntegerOrNull ( abs ( CASE WHEN FALSE THEN NULL ELSE 2086591804 END ) ) ] END AS a2 ORDER BY a1 DESC LIMIT 1 ;
MATCH (a) RETURN count(a);
MATCH (a) RETURN count(a);
MATCH (b)-[a]->(c) RETURN count(a);
MATCH (b)-[a]->(c) RETURN count(a);
MATCH ({k8:NULL}), (n0)<-[]-({k19:NULL}) WHERE NULL MATCH (n0), p0=(n1)-[r0]-() SET n1.k=reverse('T4bhS83U') RETURN 1 AS a0, n0 AS a1;
MATCH ( { k8 : NULL } ) ,( n0 ) < - [ ] - ( { k19 : CASE WHEN TRUE THEN NULL END } ) WHERE NULL MATCH (n0)-[*0..0]-( n0 ) ,p0 = ( n1 ) - [ r0 ] - ( ) WITH * SET n1 . k = CASE WHEN FALSE THEN NULL ELSE reverse ( 'T4bhS83U' ) END RETURN DISTINCT 1 AS a0 , CASE WHEN TRUE THEN n0 END AS a1 ;
MATCH (a) RETURN count(a);
MATCH (a) RETURN count(a);
MATCH (b)-[a]->(c) RETURN count(a);
MATCH (b)-[a]->(c) RETURN count(a);
WITH * LIMIT 0 MATCH ()<-[ :T2{k48:toStringList(NULL)[toIntegerOrNull(abs(298586022))]}]-(n0 :L1) SET n0.k=substring('f', toIntegerOrNull(abs((n0.k10))), toIntegerOrNull(abs((n0.k10)))) RETURN (n0.k10) AS a0 UNION MATCH ()-[]->() MATCH ()-[r0]-(n0), ()-[]-(n1)-[r0]->() WHERE NULL SET n1.k=(676626334 < (NULL*NULL)) RETURN n1 AS a0;
WITH * LIMIT 0 MATCH ( ) < - [ : T2 { k48 : toStringList ( NULL ) [ toIntegerOrNull ( abs ( 298586022 ) ) ] } ] - ( n0 : L1 ) WITH * CALL{WITH *SET n0 . k = substring ( CASE WHEN TRUE THEN 'f' END , toIntegerOrNull ( abs ( ( n0 . k10 ) ) ) , CASE WHEN FALSE THEN NULL ELSE toIntegerOrNull ( abs ( ( n0 . k10 ) ) ) END ) } RETURN ( n0 . k10 ) AS a0 UNION MATCH ()-[*0..0]-( ) - [ ] - > ( ) WHERE TRUE UNWIND [1] as l0 MATCH ( ) - [ r0 ] - ( n0 ) ,( ) - [ ] - ( n1 ) - [ r0 ] - > ( ) WHERE NULL OPTIONAL MATCH ()-[:TYPE]-() FOREACH(f in [1]|SET n1 . k = ( 676626334 < ( NULL * NULL ) ) ) WITH * OPTIONAL MATCH ()-[:TYPE]-() RETURN n1 AS a0 ;
MATCH (a) RETURN count(a);
MATCH (a) RETURN count(a);
MATCH (b)-[a]->(c) RETURN count(a);
MATCH (b)-[a]->(c) RETURN count(a);
WITH * WHERE NULL MERGE ({k7:'f', id:16})-[r0 :T4{id:17}]-(n0{id:18})<-[r1 :T2{id:19}]-({k22:'0', id:20}) MERGE p0=(n1{k7:'DmA', id:21}) RETURN DISTINCT * ORDER BY [[false]] DESC;
WITH * WHERE NULL MERGE ( { k7 : 'f' , id : 16 } ) - [ r0 : T4 { id : 17 } ] - ( n0 { id : 18 } ) < - [ r1 : T2 { id : 19 } ] - ( { k22 : CASE WHEN TRUE THEN '0' END , id : 20 } ) MERGE p0 = ( n1 { k7 : 'DmA' , id : 21 } ) WITH * OPTIONAL MATCH ()-[:TYPE]-() RETURN DISTINCT * ORDER BY [[false]] DESC ;
MATCH (a) RETURN count(a);
MATCH (a) RETURN count(a);
MATCH (b)-[a]->(c) RETURN count(a);
MATCH (b)-[a]->(c) RETURN count(a);
WITH true AS a0 MATCH ()-[r0]-() CREATE ({id:22})-[r1 :T0{k31:'SSMgY', id:23}]->( :L3{id:24}), ({id:25})-[r2 :T0{id:26}]->(n0{k22:'h', id:27}) RETURN 1 AS a1;
WITH true AS a0 UNWIND [1] as l0 MATCH ( ) - [ r0 ] - ( ) CREATE ( { id : CASE WHEN FALSE THEN NULL ELSE 22 END } ) - [ r1 : T0 { k31 : 'SSMgY' , id : 23 } ] - > ( : L3 { id : 24 } ) CREATE (m0{ id : 25 } )CREATE (m0)- [ r2 : T0 { id : 26 } ] - > ( n0 { k22 : 'h' , id : 27 } ) RETURN DISTINCT 1 AS a1 ;
