-- Time: 2024/04/11 14:30:45
-- Database: janusgraph_database1039
-- Database version: composite
-- seed value: 1712812407564
CREATE (n0 {id : 0});
CREATE (n0 :L6{k39 : false, k38 : false, k40 : false, k42 : false, k41 : 'i', k44 : 'Sk', id : 1, k43 : 1888077632});
CREATE (n0 {id : 2});
CREATE (n0 :L2{k17 : 1850430076, k16 : 'z', id : 3, k13 : 'O', k12 : 1644881649, k15 : 'xfly37D', k14 : -568754372});
MATCH (n0 {id : 3}), (n1 {id : 0}) MERGE(n0)-[r :T1{k53 : 1883715643, k52 : -741603860, k55 : true, id : 4, k54 : 1367435650, k57 : false, k56 : -431335689}]->(n1);
MATCH (n0 {id : 1}), (n1 {id : 1}) MERGE(n0)-[r :T4{k71 : -425540167, k70 : true, k72 : 24852694, id : 5, k68 : 'Q', k69 : true}]->(n1);
MATCH (n0 {id : 2}), (n1 {id : 1}) MERGE(n0)-[r :T1{k53 : 1471725166, k52 : 1346051016, k55 : false, id : 6, k54 : -1061437994, k57 : true, k56 : -2024263812}]->(n1);
MATCH (n0 {id : 3}), (n1 {id : 1}) MERGE(n0)-[r :T1{k53 : 1546266038, k55 : true, id : 7, k54 : 574303370, k57 : false, k56 : -431335689}]->(n1);
MATCH (n0 {id : 0}), (n1 {id : 3}) MERGE(n0)-[r :T2{k60 : 't', k62 : false, k61 : 'I', id : 8, k59 : false, k58 : false}]->(n1);
MATCH (n0 {id : 0}), (n1 {id : 3}) MERGE(n0)-[r :T2{k60 : 't', k62 : true, k61 : 'ZqnGxW', id : 9, k59 : true, k58 : false}]->(n1);
MATCH (n0 {id : 2}), (n1 {id : 3}) MERGE(n0)-[r :T2{k60 : '9', k62 : false, k61 : 'gSj6R66', id : 10, k59 : true, k58 : false}]->(n1);
CREATE p0=( :L2{k12:round(1112304543), id:11})<-[r0 :T2{id:12}]-({id:13}), ({id:14})-[r1 :T2{id:15}]->( :L2{id:16})-[r2 :T1{id:17}]->(n0{k43:25829922, id:18}) CREATE (n1{id:19})-[r3 :T4{id:20}]->(n2 :L6{id:21})<-[ :T1{id:22}]-(n3{id:23}), ({id:24})<-[r4 :T2{k61:reverse('f'), id:25}]-(n4{id:26})-[ :T2{k58:false, id:27}]->({id:28}) MERGE (n5{id:29}) RETURN 1 AS a0;
CREATE (m0: L2 { k12 : round ( 1112304543 ) , id : 11 } )CREATE (m0)< - [ r0 : T2 { id : 12 } ] - ( { id : 13 } ) CREATE (m1{ id : 14 } )CREATE (m1)- [ r1 : T2 { id : CASE WHEN TRUE THEN 15 END } ] - > ( : L2 { id : 16 } ) - [ r2 : T1 { id : 17 } ] - > ( n0 { k43 : 25829922 , id : 18 } ) CREATE ( n1 { id : 19 } ) - [ r3 : T4 { id : CASE WHEN FALSE THEN NULL ELSE 20 END } ] - > ( n2 : L6 { id : 21 } ) < - [ : T1 { id : CASE WHEN FALSE THEN NULL ELSE 22 END } ] - ( n3 { id : CASE WHEN TRUE THEN 23 END } ) CREATE ({id:28})<-[ : T2 { k58 : false , id : 27 } ] -(n4{id:26})-[ r4 : T2 { k61 : reverse ( 'f' ) , id : 25 } ] ->( { id : 24 } ) MERGE ( n5 { id : 29 } ) WITH * OPTIONAL MATCH ()-[:TYPE]-() RETURN 1 AS a0 LIMIT 1 ;
MATCH (a) RETURN count(a);
MATCH (b)-[a]->(c) RETURN count(a);
MATCH (b)-[a]->(c) RETURN count(a);
MATCH ()-[r0]->()-[ :T1{k54:((NULL-NULL)*(round(-1881317073)*size(NULL)))}]->(), ()-[r0]-()-[]-() UNWIND [NULL] AS a0 MERGE (n0{k18:1484924400, id:30})-[r1 :T2{k60:'D', id:31}]-({id:32})-[ :T2{id:33}]-(n1{k16:'75t', id:34}) RETURN a0 AS a1, 1 AS a2 ORDER BY a1 SKIP 1 LIMIT 1;
MATCH ( ) - [ r0 ] - > ( ) - [ : T1 { k54 : ( ( NULL - NULL ) * ( round ( -1881317073 ) * size ( NULL ) ) ) } ] - > ( ) ,( ) - [ r0 ] - ( ) - [ ] - ( ) UNWIND [ NULL ] AS a0 MERGE ( n0 { k18 : 1484924400 , id : 30 } ) - [ r1 : T2 { k60 : CASE WHEN FALSE THEN NULL ELSE 'D' END , id : 31 } ] - ( { id : 32 } ) - [ : T2 { id : 33 } ] - ( n1 { k16 : '75t' , id : 34 } ) RETURN DISTINCT a0 AS a1 , 1 AS a2 ORDER BY a1 SKIP 1 LIMIT 1 ;
MATCH (a) RETURN count(a);
MATCH (a) RETURN count(a);
MATCH (b)-[a]->(c) RETURN count(a);
MATCH (b)-[a]->(c) RETURN count(a);
UNWIND NULL AS a2 CREATE ({id:35}), ({id:36})-[ :T4{id:37}]->(n4{k39:false, id:38})<-[ :T1{id:39}]-(n5 :L2{k14:((NULL+NULL)+1290043427), id:40}) CREATE ({id:41}) RETURN DISTINCT NULL AS a3, 1 AS a4;
UNWIND NULL AS a2 UNWIND [1] as l0 CREATE ( { id : 35 } ) CREATE ( { id : 36 } ) - [ : T4 { id : 37 } ] - > ( n4 { k39 : false , id : 38 } ) < - [ : T1 { id : 39 } ] - ( n5 : L2 { k14 : ( CASE WHEN FALSE THEN NULL ELSE ( NULL + NULL ) + 1290043427 END ) , id : 40 } ) WITH * CREATE ( { id : CASE WHEN FALSE THEN NULL ELSE 41 END } ) RETURN DISTINCT NULL AS a3 , 1 AS a4 ;
MATCH (a) RETURN count(a);
MATCH (a) RETURN count(a);
MATCH (b)-[a]->(c) RETURN count(a);
MATCH (b)-[a]->(c) RETURN count(a);
MATCH ()-[ :T1{k57:NULL}]->(n0)-[r0]->() REMOVE n0.k2 SET n0.k=exists(()-[]-( :L6)-[]-()) RETURN n0 AS a0 ORDER BY a0 DESC;
MATCH ( ) - [ : T1 { k57 : NULL } ] - > ( n0 ) - [ r0 ] - > ( ) REMOVE n0 . k2 SET n0 . k = exists ( ( ) - [ ] - ( : L6 ) - [ ] - ( ) ) RETURN n0 AS a0 ORDER BY a0 DESC ;
MATCH (a) RETURN count(a);
MATCH (a) RETURN count(a);
MATCH (b)-[a]->(c) RETURN count(a);
MATCH (b)-[a]->(c) RETURN count(a);
CREATE (n0{id:42}) CREATE (n1{id:43})<-[ :T1{id:44}]-({id:45})-[ :T1{k53:-1328525694, id:46}]->(n2{id:47}) MERGE p0=(n3{id:48})-[r0 :T2{id:49}]-(n4 :L2{id:50})-[r1 :T2{k61:'p9vR', id:51}]-(n5{id:52}) RETURN r0 AS a0, r1 AS a1;
CREATE ( n0 { id : 42 } ) CREATE ( n1 { id : 43 } ) < - [ : T1 { id : 44 } ] - ( { id : CASE WHEN TRUE THEN 45 END } ) - [ : T1 { k53 : -1328525694 , id : 46 } ] - > ( n2 { id : 47 } ) MERGE p0 = ( n3 { id : 48 } ) - [ r0 : T2 { id : 49 } ] - ( n4 : L2 { id : 50 } ) - [ r1 : T2 { k61 : ('p9vR' +'') , id : 51 } ] - ( n5 { id : CASE WHEN TRUE THEN 52 END } ) RETURN r0 AS a0 , r1 AS a1 ;
