-- Time: 2024/04/11 13:50:10
-- Database: janusgraph_database491
-- Database version: composite
-- seed value: 1712812407014
CREATE (n0 :L1{k5 : 'I5lNInu', k11 : -1707245711, id : 0, k6 : true, k10 : true, k7 : 'wK0R3', k8 : 'PWTAdmBq', k9 : -30739165});
CREATE (n0 :L3{k19 : 2015216139, k18 : false, k22 : false, id : 1, k21 : false, k24 : -1394656593, k23 : false});
CREATE (n0 :L0{k0 : 'xc', k1 : 'w', k2 : false, k3 : 'u', id : 2});
CREATE (n0 :L0{k0 : 'v', k1 : 'kU', k2 : false, k3 : 'xdlMRHceE', k4 : true, id : 3});
MATCH (n0 {id : 1}), (n1 {id : 1}) MERGE(n0)-[r :T3{k52 : 'rXR260Pni', k55 : 'x', id : 4, k54 : 941225991, k57 : true}]->(n1);
MATCH (n0 {id : 1}), (n1 {id : 3}) MERGE(n0)-[r :T1{k44 : false, id : 5, k43 : false, k45 : false}]->(n1);
MATCH (n0 {id : 2}), (n1 {id : 2}) MERGE(n0)-[r :T4{k60 : 't', k61 : false, k64 : false, k63 : 'HV', id : 6, k59 : -1554259315, k58 : true}]->(n1);
MATCH (n0 {id : 0}), (n1 {id : 0}) MERGE(n0)-[r :T2{k49 : true, k51 : 'I', k50 : 'ISc', id : 7, k48 : 'Q', k47 : 'Au'}]->(n1);
MATCH (n0)-[]-({k7:substring(NULL, toIntegerOrNull(abs(toIntegerOrNull(NULL))), toIntegerOrNull(abs(NULL)))}), ()-[]->(n1)-[r0]->( :L0{k2:NULL}) UNWIND [properties(relationships(NULL)[toIntegerOrNull(abs(371013886))])] AS a0 CREATE (n2{k6:(true AND (NULL = NULL)), id:8})-[r1 :T2{id:9}]->( :L1{id:10}) RETURN n1 AS a1 LIMIT 0;
MATCH ( n0 ) - [ ] - ( { k7 : (''+substring ( NULL , toIntegerOrNull ( abs ( toIntegerOrNull ( NULL ) ) ) , toIntegerOrNull ( abs ( CASE WHEN FALSE THEN NULL ELSE NULL END ) ) ) )} ) ,( ) - [ ] - > ( n1 ) - [ r0 ] - > ( : L0 { k2 : NULL } ) UNWIND [ properties ( relationships ( NULL ) [ toIntegerOrNull ( abs ( 371013886 ) ) ] ) ] AS a0 CREATE ( n2 { k6 : ( true AND ( NULL = NULL ) ) , id : 8 } ) - [ r1 : T2 { id : 9 } ] - > ( : L1 { id : 10 } ) WITH * UNWIND [1] as l0 RETURN n1 AS a1 LIMIT 0 ;
MATCH (a) RETURN count(a);
MATCH (b)-[a]->(c) RETURN count(a);
MATCH (b)-[a]->(c) RETURN count(a);
MERGE p0=(n0{k5:'QKlzUz', id:11})-[r0 :T2{id:12}]->(n1 :L1{id:13}) REMOVE n1.k2 SET n0.k=(r0.k49) RETURN p0 AS a0;
MERGE p0 = ( n0 { k5 : ('QKlzUz' +'') , id : 11 } ) - [ r0 : T2 { id : 12 } ] - > ( n1 : L1 { id : 13 } ) WITH * CALL{WITH *REMOVE n1 . k2 } WITH * SET n0 . k = ( r0 . k49 ) RETURN p0 AS a0 ORDER BY 1 LIMIT 1 ;
MATCH (a) RETURN count(a);
MATCH (a) RETURN count(a);
MATCH (b)-[a]->(c) RETURN count(a);
MATCH (b)-[a]->(c) RETURN count(a);
CREATE (n0{id:14})<-[r0 :T1{id:15}]-(n1{id:16})-[ :T3{id:17}]->( :L3{id:18}), (n2{k0:reverse(('J'+'6')), id:19}) MERGE (n3 :L0{id:20})-[r1 :T2{id:21}]-( :L0{k3:'jxHlsfcZ', id:22}) CREATE (n4{k21:(r1.k49), id:23})<-[ :T2{k48:'v27', id:24}]-( :L0{k4:(r1.k49), id:25}), (n5 :L3{id:26})<-[r2 :T2{k51:(r1.k51), id:27}]-(n6{k0:(n3.k1), id:28}) RETURN n3 AS a0, (n3.k4) AS a1;
CREATE (n0{ id : 14 } )CREATE (n0)< - [ r0 : T1 { id : 15 } ] - ( n1 { id : 16 } ) - [ : T3 { id : 17 } ] - > ( : L3 { id : 18 } ) CREATE ( n2 { k0 : reverse ( ( 'J' + '6' ) ) , id : 19 } ) MERGE ( n3 : L0 { id : 20 } ) - [ r1 : T2 { id : 21 } ] - ( : L0 { k3 : 'jxHlsfcZ' , id : 22 } ) WITH * OPTIONAL MATCH ()-[:TYPE]-() CREATE ( n4 { k21 : ( r1 . k49 ) , id : 23 } ) < - [ : T2 { k48 : 'v27' , id : 24 } ] - ( : L0 { k4 : ( CASE WHEN TRUE THEN r1 . k49 END ) , id : 25 } ) CREATE ( n5 : L3 { id : 26 } ) < - [ r2 : T2 { k51 : ( r1 . k51 ) , id : 27 } ] - ( n6 { k0 : CASE WHEN FALSE THEN NULL ELSE ( n3 . k1 ) END , id : 28 } ) RETURN CASE WHEN FALSE THEN NULL ELSE n3 END AS a0 , ( n3 . k4 ) AS a1 ;
MATCH (a) RETURN count(a);
MATCH (a) RETURN count(a);
MATCH (b)-[a]->(c) RETURN count(a);
MATCH (b)-[a]->(c) RETURN count(a);
WITH DISTINCT ('H' <> (NULL+NULL)) AS a0 SKIP 1 WHERE isEmpty(NULL) MATCH ( :L0)<-[*0..0]-(), ()<-[]-() WHERE false CREATE p0=( :L0{k4:(NOT (NULL CONTAINS NULL)), id:29})<-[ :T1{id:30}]-(n0{id:31}) RETURN 1 AS a1 UNION CREATE (n0{id:32}), ({id:33})<-[ :T1{id:34}]-({id:35}) MERGE (n1{id:36})<-[r0 :T2{id:37}]-({id:38}) CREATE (n2 :L1{id:39})<-[r1 :T3{k57:((r0.k51) STARTS WITH (r0.k47)), id:40}]-(n3{id:41}) RETURN r0 AS a1;
WITH DISTINCT ( 'H' <> ( NULL + NULL ) ) AS a0 SKIP 1 WHERE isEmpty ( NULL ) MATCH ( : L0 ) < - [ * 0 .. 0 ] - ( ) ,( ) < - [ ] - ( ) WHERE false WITH * CREATE p0 = ( : L0 { k4 : ( NOT ( NULL CONTAINS NULL ) ) , id : 29 } ) < - [ : T1 { id : 30 } ] - ( n0 { id : 31 } ) RETURN 1 AS a1 SKIP 1 LIMIT 1 UNION CREATE ( n0 { id : 32 } ) CREATE ( { id : 33 } ) < - [ : T1 { id : 34 } ] - ( { id : 35 } ) WITH * UNWIND 1 as l0 MERGE ( n1 { id : 36 } ) < - [ r0 : T2 { id : 37 } ] - ( { id : 38 } ) CREATE (n3{id:41})-[ r1 : T3 { k57 : ( ( r0 . k51 ) STARTS WITH ( CASE WHEN FALSE THEN NULL ELSE r0 . k47 END ) ) , id : 40 } ] ->( n2 : L1 { id : 39 } ) RETURN r0 AS a1 ;
MATCH (a) RETURN count(a);
MATCH (a) RETURN count(a);
MATCH (b)-[a]->(c) RETURN count(a);
MATCH (b)-[a]->(c) RETURN count(a);
MATCH ()<-[r0]-(n0), p0=() REMOVE n0.k2 REMOVE n0.k2 RETURN p0 AS a0;
MATCH ( ) < - [ r0 ] - ( n0 ) ,p0 = ( ) UNWIND [1] as l0 REMOVE n0 . k2 WITH * REMOVE n0 . k2 WITH * UNWIND 1 as l1 RETURN p0 AS a0 ;
