-- Time: 2024/04/11 14:03:41
-- Database: janusgraph_database674
-- Database version: composite
-- seed value: 1712812407198
CREATE (n0 :L6{k39 : -699855045, k38 : true, k40 : 'eDeK', id : 0, k35 : true, k37 : '55PZZqc', k36 : -1006498247});
CREATE (n0 :L6{k39 : 1143541858, k38 : false, k40 : 'YDJFGu', id : 1, k35 : false, k37 : 'E', k36 : -1639764604});
CREATE (n0 :L2{k17 : -1580985539, k16 : -1232660861, k18 : false, id : 2, k13 : -1130759760, k12 : -2037081499, k15 : 579916318, k14 : true});
CREATE (n0 {id : 3});
MATCH (n0 {id : 1}), (n1 {id : 3}) MERGE(n0)-[r :T1{k49 : 'k', k50 : 311673255, k52 : false, id : 4, k48 : true, k47 : false}]->(n1);
MATCH (n0 {id : 1}), (n1 {id : 3}) MERGE(n0)-[r :T2{k53 : 'Oh', k55 : 'a', id : 5, k54 : -809478468, k57 : 'o', k56 : false, k59 : -1463204519, k58 : false}]->(n1);
MATCH (n0 {id : 2}), (n1 {id : 0}) MERGE(n0)-[r :T3{k62 : false, k61 : -1540697411, k64 : 'eBPS', k63 : 'vu', id : 6, k65 : 'L'}]->(n1);
MATCH (n0 {id : 1}), (n1 {id : 1}) MERGE(n0)-[r :T4{k71 : -767690118, k70 : '6ZIc', k72 : '84', k66 : -880109859, id : 7, k68 : 174869493, k67 : -693804899, k69 : 1434824216}]->(n1);
UNWIND NULL AS a1 CREATE ({id:8})<-[ :T1{id:9}]-({id:10}), p0=( :L6{k39:NULL, id:11}) MERGE ({id:12})<-[r0 :T1{k49:'S5vf5', id:13}]-(n2{k13:-1073504374, id:14}) RETURN r0 AS a2;
UNWIND NULL AS a1 CREATE ( { id : 8 } ) < - [ : T1 { id : 9 } ] - ( { id : 10 } ) CREATE p0 = ( : L6 { k39 : NULL , id : 11 } ) WITH * MERGE pp0=( { id : 12 } ) < - [ r0 : T1 { k49 : 'S5vf5' , id : 13 } ] - ( n2 { k13 : -1073504374 , id : 14 } ) RETURN r0 AS a2 ;
MATCH (a) RETURN count(a);
MATCH (b)-[a]->(c) RETURN count(a);
MATCH (b)-[a]->(c) RETURN count(a);
UNWIND NULL AS a0 MATCH ()<-[*0..]-(), (n0) WHERE true SET n0.k=toStringOrNull(NULL) RETURN n0 AS a1 LIMIT 0;
UNWIND CASE WHEN FALSE THEN NULL ELSE NULL END AS a0 WITH * MATCH ( ) < - [ * 0 .. ] - ( ) ,( n0 ) WHERE true UNWIND [NULL] as l0 SET n0 . k = toStringOrNull ( NULL ) RETURN n0 AS a1 LIMIT 0 ;
MATCH (a) RETURN count(a);
MATCH (a) RETURN count(a);
MATCH (b)-[a]->(c) RETURN count(a);
MATCH (b)-[a]->(c) RETURN count(a);
UNWIND [NULL] AS a0 MERGE p0=(n0{id:15})-[r0 :T2{id:16}]->(n1{id:17}) DETACH DELETE n0  RETURN n1 AS a1, 1 AS a2;
UNWIND [ CASE WHEN TRUE THEN NULL END ] AS a0 MERGE p0 = ( n0 { id : 15 } ) - [ r0 : T2 { id : 16 } ] - > ( n1 { id : 17 } ) DETACH DELETE n0 RETURN n1 AS a1 , 1 AS a2 ;
