-- Time: 2024/04/11 14:14:31
-- Database: janusgraph_database820
-- Database version: composite
-- seed value: 1712812407344
CREATE (n0 :L0{k0 : -2022653295, k1 : 653219694, k2 : 1489174840, k3 : false, k4 : false, k5 : true, id : 0});
CREATE (n0 :L0{k0 : 1900493654, k1 : -1901249476, k2 : 1095001451, k3 : true, k4 : false, k5 : true, id : 1});
CREATE (n0 :L2{k17 : 'RmtEP9lp', k16 : -1658581188, id : 2, k13 : 'XZ9m', k15 : 'VRmFl', k14 : false});
CREATE (n0 :L0{k0 : 430341098, k1 : -1901249476, k2 : 297241506, k3 : false, k4 : true, k5 : true, id : 3});
MATCH (n0 {id : 0}), (n1 {id : 0}) MERGE(n0)-[r :T0{k31 : 'E', k30 : 'y', k33 : -267022096, id : 4, k32 : false, k35 : 2043763296, k34 : true}]->(n1);
MATCH (n0 {id : 2}), (n1 {id : 2}) MERGE(n0)-[r :T5{k62 : 434274510, k61 : 'FD4', k64 : true, k63 : true, k66 : 'rfaVJzY7s', id : 5, k65 : true}]->(n1);
MERGE ({id:6})-[r0 :T0{id:7}]-(n0{id:8}) MERGE ( :L2{k16:1199109734, id:9})<-[ :T0{k33:-1609310470, id:10}]-(n1{k16:354482561, id:11}) MERGE ( :L2{id:12})<-[ :T0{id:13}]-(n2{k17:'p', id:14}) RETURN n1 AS a0;
MERGE ( { id : 6 } ) - [ r0 : T0 { id : 7 } ] - ( n0 { id : 8 } ) MERGE ( : L2 { k16 : 1199109734 , id : 9 } ) < - [ : T0 { k33 : -1609310470 , id : 10 } ] - ( n1 { k16 : 354482561 , id : 11 } ) WITH * MERGE ( : L2 { id : CASE WHEN TRUE THEN 12 END } ) < - [ : T0 { id : 13 } ] - ( n2 { k17 : 'p' , id : 14 } ) WITH * RETURN n1 AS a0 ;
MATCH (a) RETURN count(a);
MATCH (b)-[a]->(c) RETURN count(a);
MATCH (b)-[a]->(c) RETURN count(a);
UNWIND [relationships(NULL)[toIntegerOrNull(abs((-1447551434/1782531819)))]] AS a1 MERGE (n0{id:15}) CREATE (n1{k4:NULL, id:16}) RETURN DISTINCT 1 AS a2, 1 AS a3 SKIP 1 UNION WITH * WHERE (substring(NULL, toIntegerOrNull(abs(((116831907/807666979)*-2110190361))), toIntegerOrNull(abs(-1577189779))) ENDS WITH toStringList(NULL)[toIntegerOrNull(abs(length(NULL)))]) MERGE p0=(n0{k5:false, id:17})-[r0 :T5{k66:'R', id:18}]-( :L0{id:19}) REMOVE n0.k2 RETURN n0 AS a2, [NULL, NULL] AS a3 ORDER BY a2, a3 DESC LIMIT 1;
UNWIND [ ([]+relationships ( CASE WHEN TRUE THEN NULL END ) )[ CASE WHEN FALSE THEN NULL ELSE toIntegerOrNull ( abs ( ( -1447551434 / 1782531819 ) ) ) END ] ] AS a1 MERGE ( n0 { id : 15 } ) CREATE ( n1 { k4 : NULL , id : 16 } ) RETURN DISTINCT 1 AS a2 , 1 AS a3 SKIP 1 UNION WITH * WHERE ( substring ( NULL , toIntegerOrNull ( CASE WHEN TRUE THEN abs ( ( ( 116831907 / 807666979 ) * -2110190361 ) ) END ) , toIntegerOrNull ( abs ( CASE WHEN FALSE THEN NULL ELSE -1577189779 END ) ) ) ENDS WITH toStringList ( NULL ) [ CASE WHEN TRUE THEN toIntegerOrNull ( abs ( length ( NULL ) ) ) END ] ) MERGE p0 = ( n0 { k5 : false , id : 17 } ) - [ r0 : T5 { k66 : 'R' , id : 18 } ] - ( : L0 { id : 19 } ) WITH * WITH * CALL{WITH *REMOVE n0 . k2 } WITH * RETURN n0 AS a2 , [ NULL , NULL ] AS a3 ORDER BY a2, a3 DESC SKIP 1 LIMIT 1 ;
MATCH (a) RETURN count(a);
MATCH (a) RETURN count(a);
MATCH (b)-[a]->(c) RETURN count(a);
MATCH (b)-[a]->(c) RETURN count(a);
OPTIONAL MATCH (n0 :L2{k13:NULL}), p0=(n0) MERGE (n1{id:20})-[r0 :T5{id:21}]->( :L2{k13:reverse('p'), id:22}) MERGE (n2{id:23})-[ :T5{k61:'W0', id:24}]-(n3 :L2{id:25}) RETURN 1 AS a0 ORDER BY 41557224;
OPTIONAL MATCH ( n0 : L2 { k13 : NULL } ) ,p0 = ( n0 ) MERGE pp0=( n1 { id : 20 } ) - [ r0 : T5 { id : 21 } ] - > ( : L2 { k13 : reverse ( 'p' ) , id : 22 } ) MERGE ( n2 { id : 23 } ) - [ : T5 { k61 : 'W0' , id : 24 } ] - ( n3 : L2 { id : 25 } ) RETURN 1 AS a0 ORDER BY 41557224 SKIP 1 ;
MATCH (a) RETURN count(a);
MATCH (a) RETURN count(a);
MATCH (b)-[a]->(c) RETURN count(a);
MATCH (b)-[a]->(c) RETURN count(a);
OPTIONAL MATCH (n0)-[*0..1]-(n1) DETACH DELETE n1  CREATE ({id:26})-[ :T0{id:27}]->(n2{id:28}), (n3 :L0{id:29})-[ :T0{k33:2034516644, id:30}]->({k4:(NULL AND (NOT false)), id:31}) RETURN n0 AS a0;
OPTIONAL MATCH ( n0 ) - [ * 0 .. 1 ] - ( n1 ) WITH * WITH * CALL{WITH *DETACH DELETE n1 } WITH * CREATE ( { id : CASE WHEN TRUE THEN 26 END } ) - [ : T0 { id : 27 } ] - > ( n2 { id : 28 } ) CREATE ( n3 : L0 { id : CASE WHEN TRUE THEN 29 END } ) - [ : T0 { k33 : 2034516644 , id : 30 } ] - > ( { k4 : CASE WHEN TRUE THEN ( NULL AND ( NOT false ) ) END , id : 31 } ) RETURN n0 AS a0 LIMIT 1 ;
