-- Time: 2024/04/11 14:02:58
-- Database: janusgraph_database664
-- Database version: composite
-- seed value: 1712812407188
CREATE (n0 :L2{k17 : true, k16 : 233274156, id : 0, k13 : 'c', k15 : 193108208, k14 : false});
CREATE (n0 {id : 1});
CREATE (n0 {id : 2});
CREATE (n0 :L4{k28 : 'mZ', k27 : false, k29 : false, k31 : 'E', k30 : 2013156694, id : 3, k26 : 'RLqGf5R2', k25 : true});
MATCH (n0 {id : 2}), (n1 {id : 2}) MERGE(n0)-[r :T0{k33 : '0', id : 4, k32 : 2062161771, k35 : -51150589, k36 : false}]->(n1);
MATCH (n0 {id : 0}), (n1 {id : 0}) MERGE(n0)-[r :T5{k64 : 'Q', k66 : 'gZ', id : 5, k65 : 'ld', k68 : -1525341118, k67 : false}]->(n1);
MATCH (n0 {id : 0}), (n1 {id : 0}) MERGE(n0)-[r :T2{k49 : false, k50 : false, k44 : 2100688957, id : 6, k46 : -1006597209, k45 : 527903887, k48 : 'o', k47 : -1474462681}]->(n1);
MATCH (n0 {id : 2}), (n1 {id : 0}) MERGE(n0)-[r :T1{k39 : 'VSTdL', k38 : -351742204, k40 : true, k42 : -805475938, k41 : true, id : 7, k43 : 'kq7GUjI', k37 : false}]->(n1);
MERGE (n0{id:8}) CREATE p0=(n1{id:9}), ({id:10}) REMOVE n0.k2 RETURN n0 AS a0, 1 AS a1 SKIP 1 UNION ALL UNWIND [relationships(NULL)[toIntegerOrNull(abs(1685003587))]] AS a0 MERGE ({id:11})-[r0 :T0{id:12}]->(n0{id:13}) CREATE (n1{id:14}), ( :L4{k31:reverse('RgqL'), id:15}) RETURN 1 AS a0, 1 AS a1 SKIP 0;
MERGE ( n0 { id : 8 } ) CREATE p0 = ( n1 { id : 9 } ) CREATE ( { id : 10 } ) REMOVE n0 . k2 RETURN n0 AS a0 , 1 AS a1 SKIP 1 UNION ALL UNWIND [ relationships ( NULL ) [ toIntegerOrNull ( abs ( 1685003587 ) ) ] ] AS a0 MERGE ( { id : 11 } ) - [ r0 : T0 { id : 12 } ] - > ( n0 { id : 13 } ) WITH * OPTIONAL MATCH ()-[:TYPE]-() CREATE ( n1 { id : 14 } ) CREATE ( : L4 { k31 : reverse ( 'RgqL' ) , id : 15 } ) RETURN CASE WHEN FALSE THEN NULL ELSE 1 END AS a0 , 1 AS a1 SKIP 0 LIMIT 1 ;
MATCH (a) RETURN count(a);
MATCH (b)-[a]->(c) RETURN count(a);
MATCH (b)-[a]->(c) RETURN count(a);
OPTIONAL MATCH () MERGE ({id:16}) CREATE (n0{k13:toStringOrNull(NULL), id:17})<-[ :T1{id:18}]-(n1{id:19}) RETURN endNode(relationships(NULL)[toIntegerOrNull(abs(-1806073938))]) AS a0, NULL AS a1;
OPTIONAL MATCH ( ) WHERE TRUE MERGE ( { id : 16 } ) WITH * CREATE ( n0 { k13 : toStringOrNull ( NULL ) , id : 17 } ) < - [ : T1 { id : 18 } ] - ( n1 { id : 19 } ) WITH * RETURN endNode ( CASE WHEN FALSE THEN NULL ELSE relationships ( NULL ) [ toIntegerOrNull ( abs ( -1806073938 ) ) ] END ) AS a0 , NULL AS a1 ;
MATCH (a) RETURN count(a);
MATCH (a) RETURN count(a);
MATCH (b)-[a]->(c) RETURN count(a);
MATCH (b)-[a]->(c) RETURN count(a);
OPTIONAL MATCH (n0), (n1) OPTIONAL MATCH p0=(n2), p1=()-[]-({k17:(false AND false)})-[r0]-(n3) DETACH DELETE r0  RETURN *, p0 AS a0;
OPTIONAL MATCH ( n0 ) ,(n1)-[*0..0]-( n1 ) WHERE TRUE OPTIONAL MATCH p0 = ( n2 ) ,p1 = ( ) - [ ] - ( { k17 : ( false AND false ) } ) - [ r0 ] - ( n3 ) UNWIND [NULL] as l0 DETACH DELETE r0 WITH * OPTIONAL MATCH ()-[:TYPE]-() RETURN * , p0 AS a0 LIMIT 1 ;
