-- Time: 2024/04/11 14:17:56
-- Database: janusgraph_database866
-- Database version: composite
-- seed value: 1712812407391
CREATE (n0 :L3{k19 : true, k18 : -77750894, k20 : -475577907, k22 : 1186105467, id : 0, k21 : 't', k23 : false});
CREATE (n0 :L6{k39 : 234344315, k38 : -722246605, k40 : 819649978, id : 1, k35 : -283974556, k34 : 'a7m7iE', k37 : 1439844546, k36 : 659513893});
CREATE (n0 {id : 2});
CREATE (n0 :L5{k29 : true, k31 : false, k30 : true, k33 : 277326140, id : 3, k32 : 'R'});
MATCH (n0 {id : 0}), (n1 {id : 0}) MERGE(n0)-[r :T2{k53 : 1826803294, k55 : -473317569, id : 4, k54 : -1857156842, k57 : false, k56 : 694973476, k58 : 2107876489}]->(n1);
MATCH (n0 {id : 2}), (n1 {id : 1}) MERGE(n0)-[r :T0{k42 : 'D', k41 : 'gC4a', k44 : 1245955220, id : 5, k43 : 895620753, k46 : 1021654982, k45 : false, k47 : false}]->(n1);
MATCH (n0 {id : 1}), (n1 {id : 2}) MERGE(n0)-[r :T3{k60 : 1983075107, k62 : -1921586377, k61 : 'Y', k64 : 'w', id : 6, k65 : '8Y5'}]->(n1);
MATCH (n0 {id : 1}), (n1 {id : 2}) MERGE(n0)-[r :T3{k60 : 436365561, k62 : -1984455432, k61 : 'FLxaMTrO', k64 : 'P', k63 : true, id : 7, k65 : 's3Vvz3yib'}]->(n1);
MATCH (n0 {id : 3}), (n1 {id : 2}) MERGE(n0)-[r :T5{k73 : -752898176, k72 : 1820931538, k75 : false, k74 : -608825486, id : 8, k76 : -375893180}]->(n1);
MATCH (n0 {id : 1}), (n1 {id : 0}) MERGE(n0)-[r :T4{k70 : false, k66 : 1252260006, id : 9, k68 : true, k67 : 'fKFx7', k69 : 2052846414}]->(n1);
MATCH (n0 {id : 1}), (n1 {id : 1}) MERGE(n0)-[r :T4{k70 : false, k66 : -323288276, id : 10, k68 : false, k67 : 'X', k69 : 754396462}]->(n1);
MATCH p0=()-[]->(), p1=(n0) MATCH p2=(n1{k37:-1814573576})-[r0 :T3{k64:NULL}]-(), p3=(n2{k23:CASE WHEN (round(-631654655) < (r0.k60)) THEN true END})<-[r1]-() MERGE (n3{id:11}) RETURN n0 AS a0, 1 AS a1 SKIP 1;
MATCH p0=()-[]->(),p1=(n0) WITH * MATCH p2 = ( n1 { k37 : CASE WHEN FALSE THEN NULL ELSE -1814573576 END } ) - [ r0 : T3 { k64 : NULL } ] - ( ) ,p3 = ( n2 { k23 : CASE WHEN ( round ( -631654655 ) < ( r0 . k60 ) ) THEN true END } ) < - [ r1 ] - ( ) WHERE TRUE WITH * MERGE ( n3 { id : 11 } ) RETURN DISTINCT n0 AS a0 , 1 AS a1 SKIP 1 ;
MATCH (a) RETURN count(a);
MATCH (b)-[a]->(c) RETURN count(a);
MATCH (b)-[a]->(c) RETURN count(a);
CREATE (n0{k35:644404195, id:12})-[ :T3{k60:1004395110, id:13}]->(n1{id:14}) CREATE ({id:15})<-[r0 :T3{id:16}]-({k36:-628379656, id:17})-[r1 :T4{id:18}]->({id:19}) MERGE (n2{id:20}) RETURN n2 AS a0, n2 AS a1;
CREATE (n1{id:14})<-[ : T3 { k60 : 1004395110 , id : 13 } ] -( n0 { k35 : CASE WHEN TRUE THEN 644404195 END , id : 12 } ) CREATE (m0{ id : 15 } )CREATE (m0)< - [ r0 : T3 { id : 16 } ] - ( { k36 : -628379656 , id : 17 } ) - [ r1 : T4 { id : 18 } ] - > ( { id : 19 } ) MERGE pp0=( n2 { id : 20 } ) RETURN n2 AS a0 , n2 AS a1 ;
MATCH (a) RETURN count(a);
MATCH (a) RETURN count(a);
MATCH (b)-[a]->(c) RETURN count(a);
MATCH (b)-[a]->(c) RETURN count(a);
UNWIND NULL AS a1 CREATE (n1{id:21})<-[ :T2{id:22}]-({k30:false, id:23}) CREATE ({id:24}) RETURN 1 AS a2, 1 AS a3;
UNWIND NULL AS a1 OPTIONAL MATCH ()-[:TYPE]-() CREATE ( n1 { id : 21 } ) < - [ : T2 { id : 22 } ] - ( { k30 : false , id : 23 } ) WITH * OPTIONAL MATCH ()-[:TYPE]-() CREATE ( { id : 24 } ) RETURN 1 AS a2 , 1 AS a3 LIMIT 1 ;
MATCH (a) RETURN count(a);
MATCH (a) RETURN count(a);
MATCH (b)-[a]->(c) RETURN count(a);
MATCH (b)-[a]->(c) RETURN count(a);
UNWIND CASE WHEN NULL THEN NULL END AS a0 MATCH (n0)-[*0..1]->(n1), (n2{k39:-461462849})-[r0]->(n3)-[*0..]-() DETACH DELETE n2  RETURN n0 AS a1, n1 AS a2;
UNWIND CASE WHEN CASE WHEN TRUE THEN NULL END THEN NULL END AS a0 OPTIONAL MATCH ()-[:TYPE]-() MATCH ( n0 ) - [ * 0 .. 1 ] - > ( n1 ) ,(n2)-[*0..0]-( n2 { k39 : -461462849 } ) - [ r0 ] - > ( n3 ) - [ * 0 .. ] - ( ) WITH * WITH * DETACH DELETE n2 RETURN n0 AS a1 , n1 AS a2 ;
