-- Time: 2024/04/11 14:13:37
-- Database: janusgraph_database808
-- Database version: composite
-- seed value: 1712812407332
CREATE (n0 :L3{k19 : 38345724, k20 : true, k22 : -1535190844, id : 0, k21 : 'dFQdV'});
CREATE (n0 :L0{k0 : 'n', k1 : 1159475684, k2 : 1265923799, k3 : 1655930413, k4 : 'V', id : 1});
CREATE (n0 :L4{k27 : 'uzuk', id : 2, k24 : 'hUB7', k23 : 679091755, k26 : 'HD', k25 : false});
CREATE (n0 {id : 3});
MATCH (n0 {id : 1}), (n1 {id : 0}) MERGE(n0)-[r :T0{k39 : -119989554, k38 : true, k40 : 'z1', id : 4, k35 : -1761579515, k37 : 'oOi'}]->(n1);
MATCH (n0 {id : 2}), (n1 {id : 0}) MERGE(n0)-[r :T5{k64 : 'PRAIgzh', k63 : false, k66 : 'r', id : 5, k65 : true, k67 : '1pa'}]->(n1);
MATCH (n0 {id : 1}), (n1 {id : 0}) MERGE(n0)-[r :T1{k42 : 'qSY', k41 : false, id : 6, k43 : false, k45 : 'EdIBEj'}]->(n1);
MATCH (n0 {id : 3}), (n1 {id : 1}) MERGE(n0)-[r :T3{k53 : false, k55 : 'JRvzUPT', id : 7, k54 : 'UcuxveF', k57 : 656414889, k56 : -1151690424}]->(n1);
MATCH (n0 {id : 3}), (n1 {id : 3}) MERGE(n0)-[r :T2{k49 : true, k51 : false, k50 : '6', k52 : 'Bm', id : 8, k46 : true, k48 : 'Mxr', k47 : false}]->(n1);
MATCH (n0 {id : 2}), (n1 {id : 3}) MERGE(n0)-[r :T1{k42 : 'Kb3', k41 : false, k44 : 1678377718, id : 9, k43 : false, k45 : 'A'}]->(n1);
MATCH (n0 {id : 0}), (n1 {id : 2}) MERGE(n0)-[r :T2{k49 : true, k51 : false, k50 : 'HB2c5m', k52 : 'v', id : 10, k46 : true, k47 : false}]->(n1);
OPTIONAL MATCH (n0)-[]->( :L3)-[r0]-(), ({k18:NULL}) CREATE (n1{k21:'V', id:11}), p0=({id:12}) SET n0.k=true RETURN 1 AS a0, 1 AS a1;
OPTIONAL MATCH (n0)-[]->( :L3)-[r0]-(),({k18:NULL}) WHERE TRUE CREATE ( n1 { k21 : 'V' , id : 11 } ) CREATE p0 = ( { id : 12 } ) WITH * CALL{WITH *SET n0 . k = true } RETURN 1 AS a0 , 1 AS a1 ;
MATCH (a) RETURN count(a);
MATCH (b)-[a]->(c) RETURN count(a);
MATCH (b)-[a]->(c) RETURN count(a);
CREATE (n0{id:13})-[r0 :T3{k56:NULL, id:14}]->(n1 :L0{id:15}), (n2 :L3{id:16})<-[ :T1{id:17}]-({k1:-523029020, id:18}) CREATE ( :L3{k19:-781076238, id:19})<-[ :T1{k45:NULL, id:20}]-(n3{k2:-1308534903, id:21}), ( :L4{id:22})-[r1 :T5{k66:NULL, id:23}]->(n4{k22:1661461697, id:24})<-[r2 :T0{id:25}]-( :L0{id:26}) CREATE p0=(n5{id:27})-[ :T1{k45:NULL, id:28}]->(n6{id:29})-[ :T2{k52:toStringOrNull(NULL), id:30}]->({id:31}), p1=({id:32})-[r3 :T2{k50:toStringList(NULL)[toIntegerOrNull(abs(518843748))], id:33}]->({id:34}) RETURN 1 AS a0, [NULL] AS a1 ORDER BY a1 DESC;
CREATE ( n0 { id : 13 } ) - [ r0 : T3 { k56 : NULL , id : 14 } ] - > ( n1 : L0 { id : CASE WHEN TRUE THEN 15 END } ) CREATE ({k1:-523029020, id:18})-[ : T1 { id : 17 } ] ->( n2 : L3 { id : CASE WHEN TRUE THEN 16 END } ) WITH * CREATE ( : L3 { k19 : -781076238 , id : 19 } ) < - [ : T1 { k45 : NULL , id : 20 } ] - ( n3 { k2 : -1308534903 , id : 21 } ) CREATE ( :L0{id:26})-[ r2 : T0 { id : 25 } ] ->(n4{k22:1661461697, id:24})<-[ r1 : T5 { k66 : NULL , id : 23 } ] -( : L4 { id : 22 } ) CREATE p0 = ( n5 { id : 27 } ) - [ : T1 { k45 : NULL , id : 28 } ] - > ( n6 { id : 29 } ) - [ : T2 { k52 : toStringOrNull ( NULL ) , id : 30 } ] - > ( { id : 31 } ) CREATE p1 = ( { id : 32 } ) - [ r3 : T2 { k50 : toStringList ( CASE WHEN FALSE THEN NULL ELSE NULL END ) [ toIntegerOrNull ( abs ( 518843748 ) ) ] , id : 33 } ] - > ( { id : CASE WHEN TRUE THEN 34 END } ) RETURN 1 AS a0 , [ NULL ] AS a1 ORDER BY a1 DESC ;
MATCH (a) RETURN count(a);
MATCH (a) RETURN count(a);
MATCH (b)-[a]->(c) RETURN count(a);
MATCH (b)-[a]->(c) RETURN count(a);
OPTIONAL MATCH ()<-[r0]-(n0) REMOVE n0.k2 CREATE (n1{id:35}) RETURN n0 AS a0, n0 AS a1 UNION ALL OPTIONAL MATCH (n0{k18:NULL})-[r0]-() DETACH DELETE r0  REMOVE n0.k2 RETURN n0 AS a0, n0 AS a1;
OPTIONAL MATCH ( ) < - [ r0 ] - ( n0 ) OPTIONAL MATCH ()-[:TYPE]-() REMOVE n0 . k2 WITH * CREATE ( n1 { id : 35 } ) RETURN n0 AS a0 , n0 AS a1 UNION ALL OPTIONAL MATCH ( n0 { k18 : NULL } ) - [ r0 ] - ( ) DETACH DELETE r0 REMOVE n0 . k2 WITH * OPTIONAL MATCH ()-[:TYPE]-() RETURN n0 AS a0 , n0 AS a1 ;
MATCH (a) RETURN count(a);
MATCH (a) RETURN count(a);
MATCH (b)-[a]->(c) RETURN count(a);
MATCH (b)-[a]->(c) RETURN count(a);
UNWIND NULL AS a0 MERGE (n0 :L4{id:36})-[r0 :T2{k51:false, id:37}]-(n1{id:38}) MERGE ({id:39})<-[ :T2{id:40}]-( :L3{id:41})<-[r1 :T1{id:42}]-({id:43}) RETURN *;
UNWIND NULL AS a0 UNWIND [1] as l0 MERGE ( n0 : L4 { id : 36 } ) - [ r0 : T2 { k51 : false , id : 37 } ] - ( n1 { id : 38 } ) MERGE ( { id : 39 } ) < - [ : T2 { id : CASE WHEN FALSE THEN NULL ELSE 40 END } ] - ( : L3 { id : 41 } ) < - [ r1 : T1 { id : 42 } ] - ( { id : 43 } ) RETURN * ;
MATCH (a) RETURN count(a);
MATCH (a) RETURN count(a);
MATCH (b)-[a]->(c) RETURN count(a);
MATCH (b)-[a]->(c) RETURN count(a);
UNWIND NULL AS a0 CREATE ({id:44}), (n1{k23:-505590274, id:45})<-[ :T2{id:46}]-({id:47})<-[r1 :T0{k40:NULL, id:48}]-(n2{id:49}) MERGE ({id:50})-[r2 :T3{k55:'g', id:51}]-( :L0{k3:155257392, id:52})-[ :T0{k36:'g', id:53}]-({id:54}) RETURN 1 AS a1, NULL AS a2 LIMIT 0;
UNWIND NULL AS a0 CREATE ( { id : 44 } ) CREATE (n1{ k23 : CASE WHEN TRUE THEN -505590274 END , id : 45 } )CREATE (n1)< - [ : T2 { id : 46 } ] - ( { id : CASE WHEN FALSE THEN NULL ELSE 47 END } ) < - [ r1 : T0 { k40 : NULL , id : 48 } ] - ( n2 { id : 49 } ) MERGE ( { id : 50 } ) - [ r2 : T3 { k55 : 'g' , id : 51 } ] - ( : L0 { k3 : 155257392 , id : 52 } ) - [ : T0 { k36 : 'g' , id : 53 } ] - ( { id : 54 } ) RETURN 1 AS a1 , NULL AS a2 ORDER BY NULL LIMIT 0 ;
MATCH (a) RETURN count(a);
MATCH (a) RETURN count(a);
MATCH (b)-[a]->(c) RETURN count(a);
MATCH (b)-[a]->(c) RETURN count(a);
CREATE (n0{id:55})-[ :T2{id:56}]->({id:57}) CREATE ({k18:NULL, id:58}), (n1{id:59}) MERGE (n2{id:60}) RETURN *, 1 AS a0;
CREATE ( n0 { id : 55 } ) - [ : T2 { id : 56 } ] - > ( { id : CASE WHEN TRUE THEN 57 END } ) CREATE ( { k18 : NULL , id : 58 } ) CREATE ( n1 { id : 59 } ) MERGE ( n2 { id : 60 } ) WITH * OPTIONAL MATCH ()-[:TYPE]-() RETURN * , CASE WHEN TRUE THEN 1 END AS a0 ;
