-- Time: 2024/04/11 13:33:45
-- Database: janusgraph_database269
-- Database version: composite
-- seed value: 1712812406792
CREATE (n0 :L1{id : 0, k6 : -2118893320, k10 : 'yaR4OH', k7 : 'E', k8 : -1949796883, k9 : 'TW3iDuOm'});
CREATE (n0 :L3{k19 : 745608609, k20 : -2087631788, k22 : '1', id : 1, k21 : -90643643, k24 : 'fI'});
CREATE (n0 :L3{k19 : 1153647807, k20 : 2138409961, k22 : 'q2PH', id : 2, k21 : -1330887584, k24 : 'FHK0', k23 : 257834010});
CREATE (n0 :L4{k28 : 'mxP7bW', k27 : false, k29 : false, k30 : false, id : 3, k26 : 55766211, k25 : -932136097});
MATCH (n0 {id : 0}), (n1 {id : 3}) MERGE(n0)-[r :T0{k31 : 'ZQttpjf', k33 : 'm', id : 4, k32 : false, k35 : 924637714, k34 : 91156177, k36 : -1238853592}]->(n1);
MATCH (n0 {id : 3}), (n1 {id : 2}) MERGE(n0)-[r :T3{k49 : 'N', k51 : 'w', k53 : 1385086244, k52 : -1053566793, id : 5, k54 : false, k48 : 'c'}]->(n1);
MATCH (n0), (n0) UNWIND NULL AS a0 SET n0.k=type(relationships(NULL)[toIntegerOrNull(abs(NULL))]) RETURN n0 AS a1, NULL AS a2;
MATCH ( n0 ) ,(n0)-[*0..0]-( n0 ) WITH * UNWIND CASE WHEN TRUE THEN NULL END AS a0 OPTIONAL MATCH ()-[:TYPE]-() SET n0 . k = type ( relationships ( NULL ) [ toIntegerOrNull ( CASE WHEN FALSE THEN NULL ELSE abs ( NULL ) END ) ] ) WITH * UNWIND [NULL] as l0 RETURN CASE WHEN FALSE THEN NULL ELSE n0 END AS a1 , NULL AS a2 ORDER BY 1 ;
MATCH (a) RETURN count(a);
MATCH (b)-[a]->(c) RETURN count(a);
MATCH (b)-[a]->(c) RETURN count(a);
UNWIND NULL AS a0 MERGE (n0{k9:'O', id:6})-[r0 :T0{id:7}]->(n1 :L4{k25:1168462191, id:8}) SET n1.k=(n1.k30) RETURN (r0.k33) AS a1, (n1.k30) AS a2;
UNWIND NULL AS a0 MERGE pp0=( n0 { k9 : 'O' , id : 6 } ) - [ r0 : T0 { id : 7 } ] - > ( n1 : L4 { k25 : 1168462191 , id : 8 } ) WITH * UNWIND [NULL] as l0 SET n1 . k = ( n1 . k30 ) WITH * UNWIND [NULL] as l1 RETURN ( r0 . k33 ) AS a1 , ( n1 . k30 ) AS a2 LIMIT 1 ;
MATCH (a) RETURN count(a);
MATCH (a) RETURN count(a);
MATCH (b)-[a]->(c) RETURN count(a);
MATCH (b)-[a]->(c) RETURN count(a);
CREATE (n0 :L3{k24:reverse(NULL), id:9})<-[ :T3{id:10}]-( :L4{id:11})<-[r0 :T0{id:12}]-({k6:-1777295898, id:13}), ( :L4{id:14})-[r1 :T3{id:15}]->(n1{id:16}) CREATE ({id:17})-[ :T3{k53:(NULL/CASE WHEN (759955809 = 2065287622) THEN round(1529287250) END), id:18}]->({k9:NULL, id:19}), p0=({k29:false, id:20}) MERGE p1=(n2 :L1{k7:'m', id:21}) RETURN 1 AS a0;
CREATE ( n0 : L3 { k24 : reverse ( NULL ) , id : 9 } ) < - [ : T3 { id : 10 } ] - ( : L4 { id : 11 } ) < - [ r0 : T0 { id : 12 } ] - ( { k6 : -1777295898 , id : 13 } ) CREATE ( : L4 { id : CASE WHEN TRUE THEN 14 END } ) - [ r1 : T3 { id : 15 } ] - > ( n1 { id : 16 } ) CREATE ( { id : 17 } ) - [ : T3 { k53 : ( NULL / CASE WHEN ( 759955809 = 2065287622 ) THEN round ( 1529287250 ) END ) , id : 18 } ] - > ( { k9 : NULL , id : 19 } ) CREATE p0 = ( { k29 : CASE WHEN FALSE THEN NULL ELSE false END , id : 20 } ) WITH * OPTIONAL MATCH ()-[:TYPE]-() MERGE p1 = ( n2 : L1 { k7 : CASE WHEN TRUE THEN 'm' END , id : 21 } ) WITH * OPTIONAL MATCH ()-[:TYPE]-() RETURN CASE WHEN FALSE THEN NULL ELSE 1 END AS a0 ;
MATCH (a) RETURN count(a);
MATCH (a) RETURN count(a);
MATCH (b)-[a]->(c) RETURN count(a);
MATCH (b)-[a]->(c) RETURN count(a);
CREATE (n0{id:22}) CREATE p0=(n1{id:23})-[ :T0{k33:'a', id:24}]->(n2{id:25}), ({k22:NULL, id:26}) CREATE p1=({id:27})-[ :T0{id:28}]->(n3{id:29}), p2=(n4{id:30}) RETURN 1 AS a0, 1 AS a1;
CREATE ( n0 { id : 22 } ) CREATE p0 = ( n1 { id : 23 } ) - [ : T0 { k33 : 'a' , id : 24 } ] - > ( n2 { id : 25 } ) CREATE ( { k22 : CASE WHEN FALSE THEN NULL ELSE NULL END , id : 26 } ) CREATE p1 = ( { id : 27 } ) - [ : T0 { id : CASE WHEN FALSE THEN NULL ELSE 28 END } ] - > ( n3 { id : CASE WHEN FALSE THEN NULL ELSE 29 END } ) CREATE p2 = ( n4 { id : 30 } ) WITH * UNWIND [1] as l0 RETURN 1 AS a0 , 1 AS a1 LIMIT 1 ;
