-- Time: 2024/04/11 14:06:30
-- Database: janusgraph_database712
-- Database version: composite
-- seed value: 1712812407236
CREATE (n0 :L0{k0 : -845843115, k1 : true, k2 : 'xub9PDQA', k3 : 1670300720, k4 : false, id : 0});
CREATE (n0 :L1{id : 1, k6 : false, k10 : 'bq', k7 : '5kDOebuar', k8 : 'N', k9 : 'M'});
CREATE (n0 {id : 2});
CREATE (n0 :L1{id : 3, k6 : true, k10 : 'o59mN', k7 : 'M', k8 : 'z', k9 : 'uO'});
MATCH (n0 {id : 2}), (n1 {id : 1}) MERGE(n0)-[r :T4{k55 : -1402691111, id : 4, k56 : 'KG', k59 : 'ne', k58 : false}]->(n1);
MATCH (n0 {id : 1}), (n1 {id : 0}) MERGE(n0)-[r :T3{k49 : -362308829, k51 : 1392537663, k50 : true, k53 : 395603373, k52 : false, id : 5, k48 : true}]->(n1);
MATCH (n0 {id : 3}), (n1 {id : 2}) MERGE(n0)-[r :T1{k39 : false, k38 : '3', k40 : false, id : 6, k35 : -1959545290, k37 : 'sziLe', k36 : 616155613}]->(n1);
MATCH (n0 {id : 2}), (n1 {id : 1}) MERGE(n0)-[r :T0{k29 : 153946934, k31 : -313218024, k30 : -599821602, k33 : 1583629288, id : 7, k34 : 'Tl'}]->(n1);
MATCH (n0 {id : 0}), (n1 {id : 2}) MERGE(n0)-[r :T2{k42 : -1603363623, k41 : '6a', id : 8, k43 : -2005672751, k46 : -1387628915, k45 : 'e', k47 : '5uOuQK2N'}]->(n1);
MATCH (n0 {id : 1}), (n1 {id : 1}) MERGE(n0)-[r :T1{k39 : false, k38 : 'LDXLyz', k40 : true, id : 9, k35 : 1810924212, k37 : '5LW0', k36 : -74866476}]->(n1);
CREATE ( :L0{id:10})<-[ :T3{id:11}]-(n0 :L1{id:12}), ({k4:NULL, id:13})-[ :T2{k47:reverse(NULL), id:14}]->({id:15})-[r0 :T4{k55:2142078164, id:16}]->({id:17}) MERGE ({id:18})-[r1 :T2{k44:'tG0', id:19}]-(n1{id:20})-[r2 :T4{id:21}]->( :L1{id:22}) SET n1.k=reverse(reverse(toStringList([])[toIntegerOrNull(abs(1477198797))])) RETURN 1 AS a0;
CREATE ( : L0 { id : 10 } ) < - [ : T3 { id : 11 } ] - ( n0 : L1 { id : 12 } ) CREATE ({id:17})<-[ r0 : T4 { k55 : 2142078164 , id : 16 } ] -({id:15})<-[ : T2 { k47 : reverse ( NULL ) , id : 14 } ] -( { k4 : NULL , id : 13 } ) MERGE ( { id : 18 } ) - [ r1 : T2 { k44 : (''+'tG0' ), id : CASE WHEN FALSE THEN NULL ELSE 19 END } ] - ( n1 { id : 20 } ) - [ r2 : T4 { id : 21 } ] - > ( : L1 { id : 22 } ) FOREACH(f in [1]|SET n1 . k = reverse ( reverse ( ([]+toStringList ( [ ] ) )[ toIntegerOrNull ( abs ( 1477198797 ) ) ] ) ) ) RETURN 1 AS a0 ;
MATCH (a) RETURN count(a);
MATCH (b)-[a]->(c) RETURN count(a);
MATCH (b)-[a]->(c) RETURN count(a);
CREATE (n0{id:23}), (n1{id:24})-[r0 :T0{id:25}]->(n2{id:26})<-[ :T4{id:27}]-({id:28}) CREATE (n3{id:29})-[r1 :T0{id:30}]->(n4 :L1{id:31})<-[r2 :T4{id:32}]-({id:33}), ({id:34})<-[ :T0{id:35}]-(n5{id:36})<-[r3 :T2{id:37}]-({k1:(toStringList(NULL)[toIntegerOrNull(abs(1443262677))] < 'Q'), id:38}) CREATE (n6{id:39}), p0=(n7{id:40})-[r4 :T0{id:41}]->(n8{k7:toStringOrNull(relationships(NULL)[toIntegerOrNull(abs(NULL))]), id:42}) RETURN 1 AS a0, 1 AS a1;
CREATE ( n0 { id : 23 } ) CREATE ( n1 { id : 24 } ) - [ r0 : T0 { id : 25 } ] - > ( n2 { id : 26 } ) < - [ : T4 { id : 27 } ] - ( { id : 28 } ) CREATE (n3{ id : 29 } )CREATE (n3)- [ r1 : T0 { id : 30 } ] - > ( n4 : L1 { id : 31 } ) < - [ r2 : T4 { id : 32 } ] - ( { id : 33 } ) CREATE (m0{ id : 34 } )CREATE (m0)< - [ : T0 { id : 35 } ] - ( n5 { id : CASE WHEN TRUE THEN 36 END } ) < - [ r3 : T2 { id : 37 } ] - ( { k1 : ( toStringList ( NULL ) [ toIntegerOrNull ( abs ( 1443262677 ) ) ] < 'Q' ) , id : 38 } ) CREATE ( n6 { id : 39 } ) CREATE p0 = ( n7 { id : CASE WHEN TRUE THEN 40 END } ) - [ r4 : T0 { id : 41 } ] - > ( n8 { k7 : (''+toStringOrNull ( (relationships ( NULL ) +[]) [ toIntegerOrNull ( abs ( NULL ) ) ] ) ), id : 42 } ) RETURN 1 AS a0 , 1 AS a1 SKIP 1 ;
MATCH (a) RETURN count(a);
MATCH (a) RETURN count(a);
MATCH (b)-[a]->(c) RETURN count(a);
MATCH (b)-[a]->(c) RETURN count(a);
OPTIONAL MATCH (n0)-[]-(n1)-[]-(n2) REMOVE n2.k2 REMOVE n1.k2 RETURN 1 AS a0;
OPTIONAL MATCH ( n0 ) - [ ] - ( n1 ) - [ ] - ( n2 ) FOREACH(f in [1]|REMOVE n2 . k2 ) REMOVE n1 . k2 RETURN DISTINCT 1 AS a0 ;
