-- Time: 2024/04/11 13:26:03
-- Database: janusgraph_database165
-- Database version: composite
-- seed value: 1712812406647
CREATE (n0 {id : 0});
CREATE (n0 :L1{k5 : '6', k11 : '9i', id : 1, k6 : 'xmV965j', k7 : false, k8 : true, k9 : true});
CREATE (n0 :L5{k29 : false, k31 : 273887719, k30 : 'nV', k33 : '5c', id : 2, k32 : 1896609023});
CREATE (n0 :L1{k5 : 'bW0boA', k11 : '9i', id : 3, k6 : 'd', k10 : -133798247, k7 : false, k8 : false, k9 : true});
MATCH (n0 {id : 0}), (n1 {id : 0}) MERGE(n0)-[r :T1{k39 : 'Rv6Xs', k40 : 1951710143, k42 : 'Y', k41 : 'dw', k44 : false, id : 4, k43 : 'z'}]->(n1);
MATCH (n0 {id : 1}), (n1 {id : 1}) MERGE(n0)-[r :T5{k62 : true, k61 : 'f', k63 : -32140826, k66 : 'me1qD', id : 5, k65 : 'R'}]->(n1);
MATCH (n0 {id : 3}), (n1 {id : 3}) MERGE(n0)-[r :T5{k61 : 'K', k64 : true, k63 : -112054896, k66 : 'h', id : 6, k65 : 'Rb'}]->(n1);
MATCH (n0 {id : 3}), (n1 {id : 2}) MERGE(n0)-[r :T4{id : 7, k57 : true, k56 : 550740339, k59 : false, k58 : 1640253997}]->(n1);
MATCH (n0 {id : 2}), (n1 {id : 2}) MERGE(n0)-[r :T3{k51 : 'tA', k50 : false, k53 : 't', k52 : false, k55 : '1', id : 8, k54 : true}]->(n1);
MATCH (n0 {id : 3}), (n1 {id : 1}) MERGE(n0)-[r :T2{k49 : -828696807, id : 9, k46 : -1621009467, k45 : false, k48 : '4Enba1', k47 : 'k'}]->(n1);
CREATE ( :L1{id:10}), (n0{id:11})<-[ :T2{id:12}]-(n1{id:13}) CREATE (n2{id:14})<-[r0 :T2{id:15}]-(n3{id:16}), ( :L1{id:17}) MERGE ({id:18}) RETURN 1 AS a0;
CREATE ( : L1 { id : 10 } ) CREATE ( n0 { id : 11 } ) < - [ : T2 { id : 12 } ] - ( n1 { id : 13 } ) WITH * UNWIND [1] as l0 CREATE (n2{ id : CASE WHEN FALSE THEN NULL ELSE 14 END } )CREATE (n2)< - [ r0 : T2 { id : 15 } ] - ( n3 { id : CASE WHEN FALSE THEN NULL ELSE 16 END } ) CREATE ( : L1 { id : 17 } ) MERGE ( { id : 18 } ) WITH * UNWIND 1 as l1 RETURN 1 AS a0 ;
MATCH (a) RETURN count(a);
MATCH (b)-[a]->(c) RETURN count(a);
MATCH (b)-[a]->(c) RETURN count(a);
MATCH ()-[r0 :T5{k65:toStringList([NULL])[toIntegerOrNull(abs(-2039598529))]}]-()-[*0..0]->(n3), p0=({k6:toStringOrNull(endNode(relationships(NULL)[toIntegerOrNull(abs(857585149))]))})-[]->() MATCH (n1), ()-[r0]->()-[*0..0]-(n4) MERGE (n5{k9:false, id:19})-[r1 :T2{id:20}]-({id:21}) RETURN DISTINCT 1 AS a0 ORDER BY {k1: relationships(NULL)[toIntegerOrNull(abs(CASE WHEN true THEN 1 END))], k2: 1587710222}, a0 DESC;
MATCH ( ) - [ r0 : T5 { k65 : toStringList ( [ NULL ] ) [ toIntegerOrNull ( abs ( -2039598529 ) ) ] } ] - ( ) - [ * 0 .. 0 ] - > ( n3 ) ,p0 = ( { k6 : toStringOrNull ( endNode ( relationships ( NULL ) [ toIntegerOrNull ( CASE WHEN FALSE THEN NULL ELSE abs ( 857585149 ) END ) ] ) ) } ) - [ ] - > ( ) MATCH ( n1 ) ,( ) - [ r0 ] - > ( ) - [ * 0 .. 0 ] - ( n4 ) MERGE ( n5 { k9 : false , id : 19 } ) - [ r1 : T2 { id : 20 } ] - ( { id : 21 } ) RETURN DISTINCT 1 AS a0 ORDER BY {k1: relationships(NULL)[toIntegerOrNull(abs(CASE WHEN true THEN 1 END))], k2: 1587710222}, a0 DESC ;
MATCH (a) RETURN count(a);
MATCH (a) RETURN count(a);
MATCH (b)-[a]->(c) RETURN count(a);
MATCH (b)-[a]->(c) RETURN count(a);
MATCH (n0)<-[]-()-[]-(n1) MERGE ( :L5{k30:'a', id:22})-[ :T4{id:23}]-(n2 :L1{id:24})-[r0 :T2{id:25}]->({k9:true, id:26}) SET n0.k=(r0.k47) RETURN 1 AS a0 SKIP 0;
MATCH (n0),()<-[m0]-(),(nn1),()<-[m2]-(),(n1) WHERE exists((n0)<-[m0]-(nn1)-[m2]-(n1)) MERGE ( : L5 { k30 : 'a' , id : 22 } ) - [ : T4 { id : 23 } ] - ( n2 : L1 { id : CASE WHEN TRUE THEN 24 END } ) - [ r0 : T2 { id : 25 } ] - > ( { k9 : true , id : 26 } ) SET n0 . k = ( r0 . k47 ) RETURN DISTINCT 1 AS a0 SKIP 0 ;
