-- Time: 2024/04/11 14:33:34
-- Database: janusgraph_database1077
-- Database version: composite
-- seed value: 1712812407602
CREATE (n0 {id : 0});
CREATE (n0 :L2{k11 : -1177186083, id : 1, k10 : false, k13 : 'pdf', k12 : 1632710862, k14 : true});
CREATE (n0 {id : 2});
CREATE (n0 {id : 3});
MATCH (n0 {id : 2}), (n1 {id : 0}) MERGE(n0)-[r :T4{k53 : 'F', k55 : 'A', id : 4, k54 : 'b', k57 : true, k56 : 'H'}]->(n1);
MATCH (n0 {id : 2}), (n1 {id : 3}) MERGE(n0)-[r :T4{k53 : 'vuT', k55 : 'w', id : 5, k54 : 'kWTi', k57 : true, k56 : 'U'}]->(n1);
MATCH (n0 {id : 0}), (n1 {id : 3}) MERGE(n0)-[r :T3{k49 : 405760786, k51 : false, k50 : true, k52 : false, id : 6, k48 : true}]->(n1);
MATCH () MERGE (n0{id:7}) MERGE (n1{k14:('PZvPz' ENDS WITH reverse((('nP'+'w')+'I'))), id:8}) RETURN n0 AS a0 SKIP 0;
MATCH ( ) OPTIONAL MATCH ()-[:TYPE]-() MERGE ( n0 { id : 7 } ) WITH * UNWIND [NULL] as l0 MERGE ( n1 { k14 : CASE WHEN FALSE THEN NULL ELSE ( ('PZvPz' +'') ENDS WITH reverse ( ( ( CASE WHEN FALSE THEN NULL ELSE 'nP' + 'w' END ) + 'I' ) ) ) END , id : 8 } ) RETURN CASE WHEN TRUE THEN n0 END AS a0 SKIP 0 ;
MATCH (a) RETURN count(a);
MATCH (b)-[a]->(c) RETURN count(a);
MATCH (b)-[a]->(c) RETURN count(a);
WITH NULL AS a0 ORDER BY (NULL/2027918973), a0 CREATE ({id:9})<-[r0 :T4{k54:type(relationships(NULL)[toIntegerOrNull(abs(NULL))]), id:10}]-({id:11})-[ :T4{id:12}]->({id:13}) CREATE ({id:14})-[r1 :T3{k50:toBooleanList(NULL)[toIntegerOrNull(abs(NULL))], id:15}]->({id:16})<-[ :T4{k57:NULL, id:17}]-({id:18}), p0=(n0{id:19}) RETURN 1 AS a1, a0 AS a2 ORDER BY NULL, a1;
WITH NULL AS a0 ORDER BY ( NULL / 2027918973 ) , a0 CREATE ({id:13})<-[ : T4 { id : 12 } ] -({id:11})-[ r0 : T4 { k54 : type ( relationships ( NULL ) [ toIntegerOrNull ( abs ( NULL ) ) ] ) , id : 10 } ] ->( { id : CASE WHEN FALSE THEN NULL ELSE 9 END } ) CREATE ( { id : 14 } ) - [ r1 : T3 { k50 : toBooleanList ( CASE WHEN FALSE THEN NULL ELSE NULL END ) [ toIntegerOrNull ( abs ( NULL ) ) ] , id : 15 } ] - > ( { id : 16 } ) < - [ : T4 { k57 : NULL , id : 17 } ] - ( { id : 18 } ) CREATE p0 = ( n0 { id : 19 } ) RETURN 1 AS a1 , a0 AS a2 ORDER BY NULL, a1 ,NULL SKIP 1 ;
MATCH (a) RETURN count(a);
MATCH (a) RETURN count(a);
MATCH (b)-[a]->(c) RETURN count(a);
MATCH (b)-[a]->(c) RETURN count(a);
UNWIND [-33314719, 338763538] AS a0 CREATE p0=({id:20})-[r0 :T4{id:21}]->({id:22}), p1=(n0{id:23})<-[r1 :T4{id:24}]-(n1{id:25})-[r2 :T4{k53:'H', id:26}]->({id:27}) CREATE ({id:28}) RETURN 1 AS a1, NULL AS a2 LIMIT 0;
UNWIND CASE WHEN TRUE THEN ([]+[ -33314719 , 338763538 ] )END AS a0 UNWIND [1] as l0 CREATE (m0{ id : 20 } )CREATE (m0)- [ r0 : T4 { id : 21 } ] - > ( { id : 22 } ) CREATE p1 = ( n0 { id : 23 } ) < - [ r1 : T4 { id : 24 } ] - ( n1 { id : CASE WHEN FALSE THEN NULL ELSE 25 END } ) - [ r2 : T4 { k53 : 'H' , id : 26 } ] - > ( { id : 27 } ) CREATE ( { id : 28 } ) WITH * OPTIONAL MATCH ()-[:TYPE]-() RETURN 1 AS a1 , NULL AS a2 LIMIT 0 ;
