-- Time: 2024/04/11 13:22:13
-- Database: janusgraph_database113
-- Database version: composite
-- seed value: 1712812406595
CREATE (n0 :L1{k11 : -1698709422, id : 0, k7 : 'B', k8 : 'zliyX3Oj', k12 : true});
CREATE (n0 :L2{k17 : '7', k16 : 'CI', id : 1, k13 : 'OcLNMyFX', k14 : false});
CREATE (n0 :L2{k17 : '7', k16 : 'B', id : 2, k13 : 'M1', k15 : true, k14 : false});
CREATE (n0 {id : 3});
MATCH (n0 {id : 0}), (n1 {id : 3}) MERGE(n0)-[r :T4{k53 : 'uwPQg', k55 : true, id : 4, k54 : false, k57 : 'I', k56 : false}]->(n1);
MATCH (n0 {id : 1}), (n1 {id : 3}) MERGE(n0)-[r :T2{k44 : false, id : 5, k43 : true, k46 : -1389104059, k45 : false}]->(n1);
MATCH (n0 {id : 3}), (n1 {id : 3}) MERGE(n0)-[r :T4{k53 : 'c37Z', k55 : true, id : 6, k54 : false, k56 : true, k58 : true}]->(n1);
MATCH (n0 {id : 0}), (n1 {id : 3}) MERGE(n0)-[r :T1{k39 : 325270667, k38 : true, k40 : 'r', k42 : 388080590, k41 : -346862057, id : 7, k37 : false}]->(n1);
MATCH (n0 {id : 2}), (n1 {id : 0}) MERGE(n0)-[r :T5{k60 : 805731608, k62 : -319114019, k61 : 'zx9Td', k63 : false, id : 8}]->(n1);
MATCH (n0 {id : 1}), (n1 {id : 0}) MERGE(n0)-[r :T5{k60 : 355820531, k62 : 648445020, k61 : 'u', k63 : true, id : 9, k59 : 1292977573}]->(n1);
OPTIONAL MATCH ()-[ :T4{k53:toStringOrNull([reverse('kQn')])}]-(), p0=()<-[r0 :T5{k62:NULL}]-() OPTIONAL MATCH () DETACH DELETE p0  RETURN 1 AS a0;
OPTIONAL MATCH (nn0),()<-[m1:T4{k53:toStringOrNull([reverse('kQn')])}]-(),(nn2),p0=()<-[r0 :T5{k62:NULL}]-() WHERE exists((nn0)-[m1]-(nn2)) OPTIONAL MATCH ( ) UNWIND [NULL] as l0 DETACH DELETE p0 WITH * UNWIND 1 as l1 RETURN 1 AS a0 ;
MATCH (a) RETURN count(a);
MATCH (b)-[a]->(c) RETURN count(a);
MATCH (b)-[a]->(c) RETURN count(a);
WITH DISTINCT NULL AS a0 OPTIONAL MATCH (n0)-[]-(n1)-[*0..]->(n2) WHERE false SET n1.k=NULL RETURN n0 AS a1, percentileDisc(NULL, 0) AS a2;
WITH DISTINCT NULL AS a0 OPTIONAL MATCH ( n0 ) - [ ] - ( n1 ) - [ * 0 .. ] - > ( n2 ) WHERE false SET n1 . k = NULL RETURN n0 AS a1 , percentileDisc ( NULL , 0 ) AS a2 ;
MATCH (a) RETURN count(a);
MATCH (a) RETURN count(a);
MATCH (b)-[a]->(c) RETURN count(a);
MATCH (b)-[a]->(c) RETURN count(a);
MATCH p0=(n0)-[*..2]-()-[]-({k10:isEmpty([NULL])}), (n1)-[*0..]-() REMOVE n1.k2 MERGE (n2{k17:'mkZ', id:10})-[r0 :T5{id:11}]-(n3{id:12}) RETURN *;
MATCH p0 = ( n0 ) - [ * .. 2 ] - ( ) - [ ] - ( { k10 : isEmpty ( [ NULL ] ) } ) ,( n1 ) - [ * 0 .. ] - ( ) WITH * WITH * REMOVE n1 . k2 MERGE ( n2 { k17 : ('mkZ' +'') , id : 10 } ) - [ r0 : T5 { id : 11 } ] - ( n3 { id : 12 } ) WITH * UNWIND [1] as l0 RETURN * ;
MATCH (a) RETURN count(a);
MATCH (a) RETURN count(a);
MATCH (b)-[a]->(c) RETURN count(a);
MATCH (b)-[a]->(c) RETURN count(a);
OPTIONAL MATCH ()<-[r0 :T5{k63:NULL}]-({k9:(r0.k63)}) MERGE ({id:13})-[ :T5{k60:(-672264092*1203761214), id:14}]-({id:15}) DETACH DELETE r0  RETURN 1 AS a0, NULL AS a1;
OPTIONAL MATCH ( ) < - [ r0 : T5 { k63 : NULL } ] - ( { k9 : CASE WHEN FALSE THEN NULL ELSE ( r0 . k63 ) END } ) MERGE ( { id : CASE WHEN TRUE THEN 13 END } ) - [ : T5 { k60 : ( -672264092 * 1203761214 ) , id : 14 } ] - ( { id : 15 } ) DETACH DELETE r0 RETURN 1 AS a0 , NULL AS a1 ;
MATCH (a) RETURN count(a);
MATCH (a) RETURN count(a);
MATCH (b)-[a]->(c) RETURN count(a);
MATCH (b)-[a]->(c) RETURN count(a);
OPTIONAL MATCH (n0{k13:NULL}), (n0) UNWIND NULL AS a0 MERGE (n1{id:16})-[r0 :T4{id:17}]-({id:18})-[r1 :T4{id:19}]-(n2{k8:'3Y', id:20}) RETURN 1 AS a1, n2 AS a2 LIMIT 0;
OPTIONAL MATCH ( n0 { k13 : NULL } ) ,( n0 ) UNWIND NULL AS a0 MERGE ( n1 { id : 16 } ) - [ r0 : T4 { id : CASE WHEN FALSE THEN NULL ELSE 17 END } ] - ( { id : 18 } ) - [ r1 : T4 { id : 19 } ] - ( n2 { k8 : '3Y' , id : 20 } ) RETURN 1 AS a1 , n2 AS a2 ORDER BY FALSE SKIP 1 LIMIT CASE WHEN FALSE THEN NULL ELSE 0 END ;
