-- Time: 2024/04/11 13:27:23
-- Database: janusgraph_database183
-- Database version: composite
-- seed value: 1712812406706
CREATE (n0 {id : 0});
CREATE (n0 :L3{k19 : 'J5', k20 : 'ID', k22 : false, id : 1});
CREATE (n0 {id : 2});
CREATE (n0 :L4{k28 : 'S62', k27 : 1588459207, k29 : 'C', id : 3, k24 : 1980503003, k26 : false, k25 : true});
MATCH (n0 {id : 1}), (n1 {id : 3}) MERGE(n0)-[r :T1{k39 : -331671371, k38 : false, k40 : 'tO', k41 : 'JJWGor7ab', id : 4, k35 : '3LFC', k36 : false}]->(n1);
MATCH (n0 {id : 2}), (n1 {id : 3}) MERGE(n0)-[r :T4{k53 : -1555740815, k55 : -1271084856, id : 5, k54 : true, k57 : 1953261052, k56 : 'I'}]->(n1);
MATCH (n0 {id : 3}), (n1 {id : 2}) MERGE(n0)-[r :T4{k55 : -486217103, id : 6, k54 : true, k57 : 303191600, k56 : 'Z'}]->(n1);
MATCH (n0 {id : 2}), (n1 {id : 2}) MERGE(n0)-[r :T6{k71 : -1131384930, k70 : 481545143, k66 : 1666356980, id : 7, k68 : -627949246, k67 : 1003542439, k69 : 952961537}]->(n1);
MATCH (n0 {id : 1}), (n1 {id : 1}) MERGE(n0)-[r :T0{k31 : false, k30 : 'O', k33 : false, id : 8, k32 : -560766986, k34 : true}]->(n1);
UNWIND NULL AS a0 UNWIND [CASE WHEN false THEN startNode(NULL) END] AS a1 CREATE ({id:9}), (n0{id:10}) RETURN 1 AS a2;
UNWIND NULL AS a0 UNWIND [ CASE WHEN false THEN startNode ( NULL ) END ] AS a1 CREATE ( { id : 9 } ) CREATE ( n0 { id : 10 } ) RETURN 1 AS a2 ;
MATCH (a) RETURN count(a);
MATCH (b)-[a]->(c) RETURN count(a);
MATCH (b)-[a]->(c) RETURN count(a);
MATCH (n0)-[ :T4{k55:round(NULL)}]->() WHERE true DETACH DELETE n0  CREATE ({id:11})-[r0 :T4{id:12}]->({id:13}) RETURN 1 AS a0 UNION MERGE ({k24:101021454, id:14})<-[r1 :T1{k38:false, id:15}]-({id:16}) DETACH DELETE r1  CREATE ({id:17})<-[ :T1{id:18}]-( :L3{id:19})-[r2 :T0{id:20}]->({k21:1390307210, id:21}), (n1{id:22}) RETURN 1 AS a0;
MATCH ( n0 ) - [ : T4 { k55 : round ( NULL ) } ] - > ( ) WHERE CASE WHEN TRUE THEN true END UNWIND [1] as l0 DETACH DELETE n0 CREATE ( { id : 11 } ) - [ r0 : T4 { id : 12 } ] - > ( { id : 13 } ) RETURN 1 AS a0 LIMIT 1 UNION MERGE ( { k24 : 101021454 , id : 14 } ) < - [ r1 : T1 { k38 : CASE WHEN TRUE THEN false END , id : 15 } ] - ( { id : 16 } ) FOREACH(f in [1]|DETACH DELETE r1 ) WITH * CREATE (m0{ id : 17 } )CREATE (m0)< - [ : T1 { id : 18 } ] - ( : L3 { id : 19 } ) - [ r2 : T0 { id : 20 } ] - > ( { k21 : 1390307210 , id : CASE WHEN FALSE THEN NULL ELSE 21 END } ) CREATE ( n1 { id : 22 } ) RETURN 1 AS a0 LIMIT 1 ;
MATCH (a) RETURN count(a);
MATCH (a) RETURN count(a);
MATCH (b)-[a]->(c) RETURN count(a);
MATCH (b)-[a]->(c) RETURN count(a);
CREATE ({id:23})-[ :T4{id:24}]->(n0{id:25}), p0=( :L3{id:26})-[r0 :T1{k39:NULL, id:27}]->({id:28}) CREATE (n1{id:29}) MERGE ({id:30})<-[r1 :T1{id:31}]-({id:32}) RETURN *;
CREATE ( { id : 23 } ) - [ : T4 { id : CASE WHEN FALSE THEN NULL ELSE 24 END } ] - > ( n0 { id : 25 } ) CREATE p0 = ( : L3 { id : 26 } ) - [ r0 : T1 { k39 : CASE WHEN TRUE THEN NULL END , id : 27 } ] - > ( { id : 28 } ) CREATE ( n1 { id : 29 } ) WITH * MERGE ( { id : 30 } ) < - [ r1 : T1 { id : 31 } ] - ( { id : 32 } ) RETURN * ;
