-- Time: 2024/04/11 14:20:41
-- Database: janusgraph_database903
-- Database version: composite
-- seed value: 1712812407428
CREATE (n0 {id : 0});
CREATE (n0 :L3{k17 : 'R', k19 : true, k18 : 1136191270, k20 : -2020368254, k22 : true, id : 1, k21 : '1O', k23 : 'U'});
CREATE (n0 {id : 2});
CREATE (n0 :L6{k39 : true, k38 : 363748683, k40 : false, k42 : -1671976417, k41 : -1334453132, id : 3, k37 : 'haC'});
MATCH (n0 {id : 1}), (n1 {id : 2}) MERGE(n0)-[r :T1{k51 : 'D0v', k53 : -1609394158, k55 : false, id : 4, k54 : 324546561, k56 : 'w'}]->(n1);
MATCH (n0 {id : 1}), (n1 {id : 1}) MERGE(n0)-[r :T1{k51 : 'PsV', k50 : false, k53 : 1738571955, k52 : false, k55 : false, id : 5, k54 : -1212028927, k56 : 'p'}]->(n1);
MATCH (n0 {id : 3}), (n1 {id : 2}) MERGE(n0)-[r :T4{k71 : false, k70 : 'vKxiKPh', k73 : true, k72 : 457376685, id : 6, k69 : 'v'}]->(n1);
MATCH (n0 {id : 2}), (n1 {id : 0}) MERGE(n0)-[r :T3{k62 : true, k64 : 56253510, k63 : 1114793924, k66 : 'c', id : 7, k65 : 'dqzCQCcI6', k68 : true, k67 : -1069703876}]->(n1);
MATCH (n0 {id : 2}), (n1 {id : 0}) MERGE(n0)-[r :T4{k71 : false, k70 : 'R', k73 : true, k72 : 92404887, id : 8, k69 : 'jYjGu'}]->(n1);
MATCH (n0 {id : 0}), (n1 {id : 0}) MERGE(n0)-[r :T3{k62 : true, k64 : 1032725470, k63 : -253646765, k66 : 'L', id : 9, k67 : 352098861}]->(n1);
MATCH (n0 {id : 1}), (n1 {id : 2}) MERGE(n0)-[r :T4{k71 : false, k70 : '2', k73 : true, k72 : -1651557656, id : 10, k69 : 'jYjGu'}]->(n1);
MATCH ()<-[r0]-( :L3) WHERE NULL OPTIONAL MATCH ()<-[r0]-() WHERE true DETACH DELETE r0  RETURN DISTINCT NULL AS a0, 1 AS a1;
MATCH ()-[*0..0]-( ) < - [ r0 ] - ( : L3 ) WITH * WHERE NULL OPTIONAL MATCH ( ) < - [ r0 ] - ( ) WHERE true WITH * CALL{WITH *DETACH DELETE r0 } RETURN DISTINCT NULL AS a0 , 1 AS a1 ;
MATCH (a) RETURN count(a);
MATCH (b)-[a]->(c) RETURN count(a);
MATCH (b)-[a]->(c) RETURN count(a);
WITH (((toStringList([])[toIntegerOrNull(abs(-698820284))]+NULL) STARTS WITH 'NW89jW19') AND true) AS a0 WHERE NULL MERGE ({id:11}) MERGE (n0{id:12}) RETURN NULL AS a1, 1 AS a2 ORDER BY reverse(NULL) UNION ALL CREATE (n0 :L3{id:13})-[r0 :T1{k55:NULL, id:14}]->({id:15}) CREATE (n1{id:16})-[ :T1{id:17}]->({id:18})<-[r1 :T4{id:19}]-({id:20}), ({id:21})-[r2 :T4{id:22}]->(n2{id:23})<-[ :T3{id:24}]-({id:25}) MERGE ({id:26}) RETURN 1 AS a1, 1 AS a2 SKIP 1;
WITH ( ( ( (toStringList ( [ ] ) +[]) [ toIntegerOrNull ( abs ( -698820284 ) ) ] + NULL ) STARTS WITH 'NW89jW19' ) AND true ) AS a0 WHERE NULL MERGE ( { id : 11 } ) WITH * MERGE ( n0 { id : 12 } ) WITH * OPTIONAL MATCH ()-[:TYPE]-() RETURN CASE WHEN FALSE THEN NULL ELSE NULL END AS a1 , 1 AS a2 ORDER BY reverse(NULL) DESC UNION ALL CREATE ( n0 : L3 { id : 13 } ) - [ r0 : T1 { k55 : NULL , id : 14 } ] - > ( { id : CASE WHEN TRUE THEN 15 END } ) WITH * UNWIND 1 as l0 CREATE (n1{ id : 16 } )CREATE (n1)- [ : T1 { id : 17 } ] - > ( { id : 18 } ) < - [ r1 : T4 { id : 19 } ] - ( { id : CASE WHEN TRUE THEN 20 END } ) CREATE (m0{ id : 21 } )CREATE (m0)- [ r2 : T4 { id : CASE WHEN TRUE THEN 22 END } ] - > ( n2 { id : 23 } ) < - [ : T3 { id : 24 } ] - ( { id : 25 } ) WITH * UNWIND [NULL] as l1 MERGE ( { id : 26 } ) RETURN 1 AS a1 , 1 AS a2 SKIP CASE WHEN FALSE THEN NULL ELSE 1 END ;
MATCH (a) RETURN count(a);
MATCH (a) RETURN count(a);
MATCH (b)-[a]->(c) RETURN count(a);
MATCH (b)-[a]->(c) RETURN count(a);
UNWIND reverse(keys(nodes(NULL)[toIntegerOrNull(abs(302913791))])) AS a0 CREATE ({id:27})<-[r0 :T3{id:28}]-({id:29}) CREATE (n0{id:30})<-[r1 :T3{id:31}]-({id:32}) RETURN *;
UNWIND reverse ( keys ( nodes ( NULL ) [ toIntegerOrNull ( abs ( CASE WHEN FALSE THEN NULL ELSE 302913791 END ) ) ] ) ) AS a0 UNWIND [1] as l0 CREATE ( { id : 27 } ) < - [ r0 : T3 { id : 28 } ] - ( { id : 29 } ) CREATE ( n0 { id : 30 } ) < - [ r1 : T3 { id : 31 } ] - ( { id : 32 } ) RETURN * ORDER BY FALSE ;
MATCH (a) RETURN count(a);
MATCH (a) RETURN count(a);
MATCH (b)-[a]->(c) RETURN count(a);
MATCH (b)-[a]->(c) RETURN count(a);
OPTIONAL MATCH () MERGE (n0{id:33})-[r0 :T4{k72:-1338244440, id:34}]-(n1{id:35})-[r1 :T1{id:36}]-(n2 :L3{id:37}) CREATE ({id:38})-[ :T4{id:39}]->(n3{id:40})-[ :T3{id:41}]->(n4{id:42}), (n5{id:43})-[ :T1{id:44}]->({id:45}) RETURN n1 AS a0 ORDER BY r0, a0 DESC;
OPTIONAL MATCH () MERGE ( n0 { id : 33 } ) - [ r0 : T4 { k72 : -1338244440 , id : 34 } ] - ( n1 { id : 35 } ) - [ r1 : T1 { id : 36 } ] - ( n2 : L3 { id : 37 } ) WITH * OPTIONAL MATCH ()-[:TYPE]-() CREATE ( { id : 38 } ) - [ : T4 { id : CASE WHEN TRUE THEN 39 END } ] - > ( n3 { id : CASE WHEN FALSE THEN NULL ELSE 40 END } ) - [ : T3 { id : 41 } ] - > ( n4 { id : 42 } ) CREATE ( n5 { id : 43 } ) - [ : T1 { id : 44 } ] - > ( { id : 45 } ) WITH * RETURN DISTINCT n1 AS a0 ORDER BY r0, a0 DESC ;
