-- Time: 2024/04/11 13:26:16
-- Database: janusgraph_database168
-- Database version: composite
-- seed value: 1712812406650
CREATE (n0 {id : 0});
CREATE (n0 {id : 1});
CREATE (n0 :L5{k29 : false, k31 : 'z6', k30 : 1388660729, k33 : 'FAYaL', id : 2, k32 : 'Pi7hdk', k35 : 'lGs', k34 : 1218720288});
CREATE (n0 {id : 3});
MATCH (n0 {id : 3}), (n1 {id : 2}) MERGE(n0)-[r :T2{k49 : false, k51 : 'YZWCOaLC', k50 : false, k52 : 'FA', id : 4, k48 : -225442677}]->(n1);
MATCH (n0 {id : 1}), (n1 {id : 3}) MERGE(n0)-[r :T5{k71 : 'y', k70 : -673000487, k66 : 1884793476, id : 5, k68 : false, k67 : 'XjT', k69 : -291096092}]->(n1);
MATCH (n0 {id : 1}), (n1 {id : 1}) MERGE(n0)-[r :T1{k42 : 'L', k44 : -1830519835, id : 6, k43 : true, k46 : 'qvsw160Fi', k45 : 'o', k47 : 'za'}]->(n1);
MATCH (n0 {id : 1}), (n1 {id : 0}) MERGE(n0)-[r :T2{k49 : true, k51 : 'p', k50 : false, k52 : '4wT', id : 7, k48 : -1438595597}]->(n1);
MATCH (n0 {id : 2}), (n1 {id : 3}) MERGE(n0)-[r :T5{k71 : '2', k70 : -2055108415, k66 : 14071741, id : 8, k68 : true, k67 : 'XjT'}]->(n1);
UNWIND NULL AS a0 CREATE p0=(n0{k35:'Y', id:9})<-[ :T2{id:10}]-({id:11}) MERGE ({id:12}) RETURN *, 1 AS a1;
UNWIND NULL AS a0 CREATE p0 = ( n0 { k35 : 'Y' , id : CASE WHEN TRUE THEN 9 END } ) < - [ : T2 { id : 10 } ] - ( { id : CASE WHEN FALSE THEN NULL ELSE 11 END } ) WITH * OPTIONAL MATCH ()-[:TYPE]-() MERGE ( { id : CASE WHEN FALSE THEN NULL ELSE 12 END } ) WITH * RETURN * , CASE WHEN TRUE THEN 1 END AS a1 ;
MATCH (a) RETURN count(a);
MATCH (b)-[a]->(c) RETURN count(a);
MATCH (b)-[a]->(c) RETURN count(a);
OPTIONAL MATCH ()-[r0]-()-[]->() DETACH DELETE r0  CREATE (n0{id:13})-[ :T2{k48:-1918076119, id:14}]->({id:15}) RETURN 1 AS a0, 'Wg8VyYT6t' AS a1;
OPTIONAL MATCH ( ) - [ r0 ] - ( ) - [ ] - > ( ) DETACH DELETE r0 CREATE ( n0 { id : 13 } ) - [ : T2 { k48 : -1918076119 , id : 14 } ] - > ( { id : 15 } ) RETURN 1 AS a0 , 'Wg8VyYT6t' AS a1 ;
MATCH (a) RETURN count(a);
MATCH (a) RETURN count(a);
MATCH (b)-[a]->(c) RETURN count(a);
MATCH (b)-[a]->(c) RETURN count(a);
WITH * CREATE ({id:16})-[r0 :T1{id:17}]->({id:18}) MERGE (n0{id:19}) RETURN 1 AS a0, n0 AS a1 ORDER BY a1 UNION UNWIND NULL AS a0 OPTIONAL MATCH (n0)<-[]-(n1)-[]->(n2), () WHERE false REMOVE n1.k2 RETURN n2 AS a0, 1 AS a1;
WITH * CREATE ( { id : 16 } ) - [ r0 : T1 { id : 17 } ] - > ( { id : 18 } ) MERGE ( n0 { id : 19 } ) WITH * OPTIONAL MATCH ()-[:TYPE]-() RETURN 1 AS a0 , n0 AS a1 ORDER BY a1 UNION UNWIND NULL AS a0 WITH * OPTIONAL MATCH ( n0 ) < - [ ] - ( n1 ) - [ ] - > ( n2 ) ,( ) WHERE false WITH * CALL{WITH *REMOVE n1 . k2 } RETURN n2 AS a0 , 1 AS a1 SKIP 1 ;
MATCH (a) RETURN count(a);
MATCH (a) RETURN count(a);
MATCH (b)-[a]->(c) RETURN count(a);
MATCH (b)-[a]->(c) RETURN count(a);
MATCH ()-[r0]->(), (n0)<-[r0]-(n1) SET n1.k=NULL MERGE ({id:20}) RETURN DISTINCT r0 AS a0, n0 AS a1 LIMIT 0;
MATCH ()-[r0]->(),(n0),()<-[r0]-(),(n1) WHERE exists((n0)<-[r0]-(n1)) SET n1 . k = CASE WHEN TRUE THEN NULL END MERGE pp0=( { id : CASE WHEN TRUE THEN 20 END } ) RETURN DISTINCT CASE WHEN FALSE THEN NULL ELSE r0 END AS a0 , CASE WHEN FALSE THEN NULL ELSE n0 END AS a1 ORDER BY 1 LIMIT CASE WHEN TRUE THEN 0 END ;
MATCH (a) RETURN count(a);
MATCH (a) RETURN count(a);
MATCH (b)-[a]->(c) RETURN count(a);
MATCH (b)-[a]->(c) RETURN count(a);
CREATE ({id:21}) CREATE (n0{id:22})-[r0 :T5{id:23}]->({id:24}) MERGE ({id:25}) RETURN ((NULL <= -1395745611) IS NULL) AS a0;
CREATE ( { id : 21 } ) WITH * UNWIND 1 as l0 CREATE (n0{ id : 22 } )CREATE (n0)- [ r0 : T5 { id : CASE WHEN FALSE THEN NULL ELSE 23 END } ] - > ( { id : 24 } ) WITH * MERGE ( { id : 25 } ) WITH * RETURN ( ( NULL <= -1395745611 ) IS NULL ) AS a0 ORDER BY FALSE ;
