-- Time: 2024/04/11 13:27:19
-- Database: janusgraph_database182
-- Database version: composite
-- seed value: 1712812406705
CREATE (n0 :L6{k39 : 'V', k38 : -1203863723, k40 : '3DgxShv4l', id : 0, k37 : -1189087117});
CREATE (n0 :L4{k28 : 297847616, k27 : false, k29 : true, k30 : 1001839243, id : 1, k26 : true, k25 : 'NU'});
CREATE (n0 :L0{k0 : true, k2 : 1740060627, k3 : 957836543, k4 : 778648444, id : 2});
CREATE (n0 :L5{k31 : 'd', k33 : 1881407752, id : 3, k32 : true, k35 : 'V', k34 : false});
MATCH (n0 {id : 3}), (n1 {id : 3}) MERGE(n0)-[r :T2{k60 : 2094993513, k55 : true, id : 4, k57 : 718381211, k56 : true, k59 : 'kV0oNudJ', k58 : 'KsROfgc9'}]->(n1);
MATCH (n0 {id : 2}), (n1 {id : 0}) MERGE(n0)-[r :T4{k71 : 327113150, k70 : 'a', k73 : 817212506, k72 : 196916601, id : 5, k68 : 855469580, k69 : 177339268}]->(n1);
MATCH (n0 {id : 3}), (n1 {id : 3}) MERGE(n0)-[r :T4{k71 : -266724249, k70 : 'a', k73 : -250476053, k72 : 196916601, id : 6, k68 : 1875137439}]->(n1);
MATCH (n0 {id : 3}), (n1 {id : 0}) MERGE(n0)-[r :T5{k74 : 'Xn0dl', k77 : -790752445, id : 7, k79 : true, k78 : 422825586}]->(n1);
MATCH (n0 {id : 3}), (n1 {id : 1}) MERGE(n0)-[r :T5{k75 : 533034511, k74 : 'X', k77 : 1129824306, id : 8, k76 : -971981573, k79 : false, k78 : 1902282527}]->(n1);
MATCH (n0 {id : 3}), (n1 {id : 2}) MERGE(n0)-[r :T4{k71 : -1149742978, k70 : 'hvYR', k73 : -1239787343, k72 : 2044498597, id : 9, k68 : 1409429323, k69 : -827569028}]->(n1);
MATCH (n0 {id : 2}), (n1 {id : 0}) MERGE(n0)-[r :T6{k80 : 'f', k82 : 1463846003, k81 : false, k84 : false, k83 : 77170008, id : 10}]->(n1);
MERGE (n0{id:11})-[r0 :T6{id:12}]-({id:13}) DETACH DELETE n0  MERGE (n1 :L5{id:14}) RETURN *;
MERGE ( n0 { id : 11 } ) - [ r0 : T6 { id : 12 } ] - ( { id : 13 } ) DETACH DELETE n0 WITH * OPTIONAL MATCH ()-[:TYPE]-() MERGE ( n1 : L5 { id : 14 } ) WITH * OPTIONAL MATCH ()-[:TYPE]-() RETURN * ;
MATCH (a) RETURN count(a);
MATCH (b)-[a]->(c) RETURN count(a);
MATCH (b)-[a]->(c) RETURN count(a);
WITH NULL AS a0 WHERE ('uyga7Vl' ENDS WITH 'Onarm') MERGE p0=(n0{id:15})-[r0 :T2{k59:'h', id:16}]->(n1{id:17}) REMOVE n0.k2 RETURN p0 AS a1;
WITH NULL AS a0 WHERE CASE WHEN FALSE THEN NULL ELSE ( (''+'uyga7Vl' )ENDS WITH ('Onarm' +'') ) END MERGE p0 = ( n0 { id : 15 } ) - [ r0 : T2 { k59 : CASE WHEN FALSE THEN NULL ELSE 'h' END , id : 16 } ] - > ( n1 { id : 17 } ) FOREACH(f in [1]|REMOVE n0 . k2 ) WITH * RETURN p0 AS a1 SKIP 1 ;
