-- Time: 2024/04/11 13:38:02
-- Database: janusgraph_database327
-- Database version: composite
-- seed value: 1712812406850
CREATE (n0 :L0{k0 : 'v', k1 : 'j5ZTVihVM', k2 : 'e', k4 : 'U', id : 0});
CREATE (n0 :L0{k0 : '7', k1 : 'l', k2 : 'gu', k3 : false, k4 : 'Otjr', id : 1});
CREATE (n0 :L0{k1 : 'q4zArJqY', k2 : '6ar7', k3 : true, k4 : 'Otjr', id : 2});
CREATE (n0 :L3{k17 : true, k19 : 16979902, k18 : -1998113027, k20 : 1417380684, id : 3, k21 : 'vm9'});
MATCH (n0 {id : 2}), (n1 {id : 2}) MERGE(n0)-[r :T1{id : 4, k35 : -1919088514, k34 : '8EfLm7', k37 : false, k36 : true}]->(n1);
MATCH (n0 {id : 0}), (n1 {id : 0}) MERGE(n0)-[r :T3{k49 : true, k50 : 'jm', k44 : true, id : 5, k46 : true, k45 : true, k48 : 'ScNS', k47 : 'n'}]->(n1);
MATCH (n0)<-[r0]-(n1), ()-[]-(n2 :L0) OPTIONAL MATCH (n0), p0=()-[*..2]-(n3) DETACH DELETE p0  RETURN (n2.k3) AS a0, 1 AS a1 SKIP 0;
MATCH ( n0 ) < - [ r0 ] - ( n1 ) ,( ) - [ ] - ( n2 : L0 ) OPTIONAL MATCH ( n0 ) ,p0 = ( ) - [ * .. 2 ] - ( n3 ) WITH * FOREACH(f in [1]|DETACH DELETE p0 ) RETURN ( n2 . k3 ) AS a0 , 1 AS a1 SKIP CASE WHEN TRUE THEN 0 END LIMIT 1 ;
MATCH (a) RETURN count(a);
MATCH (b)-[a]->(c) RETURN count(a);
MATCH (b)-[a]->(c) RETURN count(a);
UNWIND [(n0)-[r0]-(n1) WHERE true|['4Jmm']] AS a0 CREATE (n2{id:6}), ( :L0{id:7}) CREATE ( :L0{id:8})<-[r1 :T1{id:9}]-({k0:'7y8GO', id:10}), ({id:11}) RETURN a0 AS a1, 1 AS a2;
UNWIND CASE WHEN FALSE THEN NULL ELSE [ ( n0 ) - [ r0 ] - ( n1 ) WHERE true | ([ CASE WHEN FALSE THEN NULL ELSE ('4Jmm' +'') END ] +[]) ] END AS a0 CREATE ( n2 { id : 6 } ) CREATE ( : L0 { id : CASE WHEN FALSE THEN NULL ELSE 7 END } ) CREATE ( : L0 { id : 8 } ) < - [ r1 : T1 { id : 9 } ] - ( { k0 : ('7y8GO' +'') , id : 10 } ) CREATE ( { id : 11 } ) WITH * UNWIND [1] as l0 RETURN a0 AS a1 , 1 AS a2 ;
MATCH (a) RETURN count(a);
MATCH (a) RETURN count(a);
MATCH (b)-[a]->(c) RETURN count(a);
MATCH (b)-[a]->(c) RETURN count(a);
MERGE (n1 :L3{k20:-203889605, id:12}) REMOVE n1.k2 MERGE ( :L0{id:13}) RETURN 1 AS a1, (n1.k17) AS a2 ORDER BY a1, a2 UNION WITH NULL AS a0 SKIP 1 UNWIND toIntegerList(keys(NULL)) AS a1 MERGE ({id:14}) RETURN 1 AS a1, 1 AS a2;
MERGE ( n1 : L3 { k20 : -203889605 , id : 12 } ) WITH * UNWIND [1] as l0 REMOVE n1 . k2 WITH * MERGE ( : L0 { id : 13 } ) WITH * RETURN 1 AS a1 , ( n1 . k17 ) AS a2 ORDER BY a1, a2 ,TRUE UNION WITH NULL AS a0 SKIP CASE WHEN FALSE THEN NULL ELSE 1 END UNWIND toIntegerList ( keys ( NULL ) ) AS a1 UNWIND [1] as l1 MERGE ( { id : 14 } ) RETURN 1 AS a1 , 1 AS a2 ORDER BY TRUE SKIP 1 ;
MATCH (a) RETURN count(a);
MATCH (a) RETURN count(a);
MATCH (b)-[a]->(c) RETURN count(a);
MATCH (b)-[a]->(c) RETURN count(a);
UNWIND NULL AS a0 MERGE p0=( :L0{id:15})-[r0 :T1{id:16}]->(n0 :L0{id:17}) MERGE (n1{k20:round(-914077490), id:18}) RETURN 1 AS a1 SKIP 0;
UNWIND NULL AS a0 OPTIONAL MATCH ()-[:TYPE]-() MERGE p0 = ( : L0 { id : 15 } ) - [ r0 : T1 { id : 16 } ] - > ( n0 : L0 { id : 17 } ) WITH * UNWIND [1] as l0 MERGE ( n1 { k20 : CASE WHEN FALSE THEN NULL ELSE round ( -914077490 ) END , id : CASE WHEN FALSE THEN NULL ELSE 18 END } ) WITH * OPTIONAL MATCH ()-[:TYPE]-() RETURN 1 AS a1 SKIP 0 ;
MATCH (a) RETURN count(a);
MATCH (a) RETURN count(a);
MATCH (b)-[a]->(c) RETURN count(a);
MATCH (b)-[a]->(c) RETURN count(a);
CREATE (n3 :L0{k1:'Fonskp', id:19})-[r1 :T1{id:20}]->(n4 :L0{k1:(('B'+'yGItep')+'gF7m'), id:21}) MERGE (n5{id:22})-[r2 :T1{k35:-1512638708, id:23}]->({id:24}) CREATE p1=(n8{id:25})-[ :T1{k33:true, id:26}]->(n9{id:27}), (n10{id:28})-[r3 :T1{id:29}]->({id:30}) RETURN [(r2.k34), (('j'+'9')+type(NULL))] AS a4 UNION ALL CREATE ({k1:'Za0Qlt', id:31}), (n0{id:32}) MERGE (n1{id:33}) CREATE ({id:34})-[ :T3{id:35}]->({k0:NULL, id:36}), ({id:37}) RETURN n1 AS a4;
CREATE ( n3 : L0 { k1 : 'Fonskp' , id : 19 } ) - [ r1 : T1 { id : 20 } ] - > ( n4 : L0 { k1 : ( ( 'B' + 'yGItep' ) + 'gF7m' ) , id : 21 } ) MERGE pp0=( n5 { id : 22 } ) - [ r2 : T1 { k35 : -1512638708 , id : 23 } ] - > ( { id : 24 } ) CREATE p1 = ( n8 { id : CASE WHEN FALSE THEN NULL ELSE 25 END } ) - [ : T1 { k33 : true , id : 26 } ] - > ( n9 { id : 27 } ) CREATE ( n10 { id : 28 } ) - [ r3 : T1 { id : 29 } ] - > ( { id : 30 } ) WITH * OPTIONAL MATCH ()-[:TYPE]-() RETURN [ ( CASE WHEN FALSE THEN NULL ELSE r2 . k34 END ) , ( ( 'j' + '9' ) + type ( NULL ) ) ] AS a4 ORDER BY FALSE UNION ALL CREATE ( { k1 : CASE WHEN FALSE THEN NULL ELSE (''+'Za0Qlt' )END , id : 31 } ) CREATE ( n0 { id : 32 } ) MERGE pp1=( n1 { id : 33 } ) CREATE ( { id : 34 } ) - [ : T3 { id : 35 } ] - > ( { k0 : NULL , id : 36 } ) CREATE ( { id : 37 } ) RETURN n1 AS a4 ;
MATCH (a) RETURN count(a);
MATCH (a) RETURN count(a);
MATCH (b)-[a]->(c) RETURN count(a);
MATCH (b)-[a]->(c) RETURN count(a);
CREATE ({id:38}), p0=({id:39}) CREATE p1=( :L0{id:40}), ({id:41}) CREATE (n1{id:42}) RETURN DISTINCT 1 AS a2;
CREATE ( { id : 38 } ) CREATE p0 = ( { id : 39 } ) WITH * CREATE p1 = ( : L0 { id : CASE WHEN TRUE THEN 40 END } ) CREATE ( { id : 41 } ) WITH * UNWIND 1 as l0 CREATE ( n1 { id : 42 } ) WITH * RETURN DISTINCT 1 AS a2 ;
