-- Time: 2024/04/11 14:13:59
-- Database: janusgraph_database813
-- Database version: composite
-- seed value: 1712812407337
CREATE (n0 :L0{k0 : 'p', k1 : -535177751, k2 : -1433168225, k3 : true, k4 : 'K3v6', k5 : 397194919, id : 0});
CREATE (n0 :L0{k0 : 'f2CYY6', k1 : 1724443270, k2 : 161867016, k3 : false, k4 : 'X', k5 : 580399773, id : 1});
CREATE (n0 :L1{k11 : 715334537, id : 2, k6 : 'bl5E5LP7u', k10 : -375954548, k7 : '1', k8 : 1292262105, k12 : 'P', k9 : true});
CREATE (n0 {id : 3});
MATCH (n0 {id : 1}), (n1 {id : 2}) MERGE(n0)-[r :T0{k29 : 2039186239, k31 : 273661878, k30 : 'H', k33 : '7', id : 4, k32 : 'lEHW2M'}]->(n1);
MATCH (n0 {id : 1}), (n1 {id : 0}) MERGE(n0)-[r :T3{k49 : -652221021, k51 : 'An', k50 : -409656551, k53 : 'jOYoU', k52 : -2137246525, k55 : -248669116, id : 5, k54 : 959935055}]->(n1);
MATCH (n0 {id : 1}), (n1 {id : 3}) MERGE(n0)-[r :T2{k44 : 'Z', id : 6, k43 : 467072079, k46 : false, k45 : true, k48 : '2', k47 : false}]->(n1);
MATCH (n0 {id : 2}), (n1 {id : 1}) MERGE(n0)-[r :T4{k60 : -424643917, id : 7, k57 : true, k56 : 748126643, k59 : false, k58 : -1636538968}]->(n1);
MATCH (n0 {id : 1}), (n1 {id : 0}) MERGE(n0)-[r :T5{k62 : 1308809165, k61 : -1550014647, k63 : 1846412347, k66 : true, id : 8, k65 : 1300477136}]->(n1);
MATCH (n0 {id : 1}), (n1 {id : 0}) MERGE(n0)-[r :T0{k29 : 293156755, k31 : -2138025217, k30 : '8', id : 9, k32 : 'Y', k34 : -52880003}]->(n1);
MERGE ({id:10}) CREATE (n0{id:11})<-[ :T2{id:12}]-(n1{k2:size([(n2)-[r0 :T4{k58:round(NULL)}]-( :L0)-[r1]->(n3)|relationships(NULL)[toIntegerOrNull(abs(1480828766))]]), id:13})-[ :T0{id:14}]->({id:15}) MERGE (n4 :L0{id:16})<-[r2 :T3{id:17}]-({id:18}) RETURN *, [startNode(CASE WHEN true THEN NULL END)] AS a0;
MERGE ( { id : 10 } ) CREATE ( n0 { id : 11 } ) < - [ : T2 { id : 12 } ] - ( n1 { k2 : size ( [ ( n2 ) - [ r0 : T4 { k58 : round ( NULL ) } ] - ( : L0 ) - [ r1 ] - > ( n3 ) | relationships ( CASE WHEN FALSE THEN NULL ELSE NULL END ) [ toIntegerOrNull ( abs ( 1480828766 ) ) ] ] ) , id : 13 } ) - [ : T0 { id : 14 } ] - > ( { id : 15 } ) WITH * MERGE ( n4 : L0 { id : CASE WHEN FALSE THEN NULL ELSE 16 END } ) < - [ r2 : T3 { id : 17 } ] - ( { id : 18 } ) WITH * OPTIONAL MATCH ()-[:TYPE]-() RETURN * , [ startNode ( CASE WHEN true THEN NULL END ) ] AS a0 LIMIT 1 ;
MATCH (a) RETURN count(a);
MATCH (b)-[a]->(c) RETURN count(a);
MATCH (b)-[a]->(c) RETURN count(a);
CREATE ( :L0{id:19}) MERGE ({id:20})-[r0 :T3{id:21}]-({id:22}) CREATE p0=( :L0{id:23})<-[r1 :T3{id:24}]-( :L0{id:25})<-[r2 :T4{id:26}]-({id:27}), p1=({k12:(r0.k53), id:28})<-[ :T0{id:29}]-(n0{id:30})-[r3 :T3{id:31}]->({k5:-844750688, id:32}) RETURN 1 AS a0, 1 AS a1 SKIP 1 UNION ALL MERGE (n0{id:33})<-[r0 :T2{k43:-1359038756, id:34}]-( :L0{id:35}) MERGE p0=( :L0{k0:'H', id:36})<-[r1 :T4{id:37}]-({id:38})<-[r2 :T0{id:39}]-(n1{k2:1318069612, id:40}) REMOVE n1.k2 RETURN n0 AS a0, p0 AS a1;
CREATE ( : L0 { id : 19 } ) MERGE ( { id : 20 } ) - [ r0 : T3 { id : 21 } ] - ( { id : 22 } ) WITH * OPTIONAL MATCH ()-[:TYPE]-() CREATE p0 = ( : L0 { id : 23 } ) < - [ r1 : T3 { id : 24 } ] - ( : L0 { id : CASE WHEN FALSE THEN NULL ELSE 25 END } ) < - [ r2 : T4 { id : 26 } ] - ( { id : 27 } ) CREATE p1=({k5:-844750688, id:32})<-[ r3 : T3 { id : 31 } ] -(n0{id:30})-[ : T0 { id : 29 } ] ->( { k12 : ( r0 . k53 ) , id : 28 } ) RETURN 1 AS a0 , 1 AS a1 SKIP 1 UNION ALL MERGE ( n0 { id : 33 } ) < - [ r0 : T2 { k43 : -1359038756 , id : 34 } ] - ( : L0 { id : 35 } ) WITH * UNWIND [1] as l0 MERGE p0 = ( : L0 { k0 : 'H' , id : 36 } ) < - [ r1 : T4 { id : 37 } ] - ( { id : 38 } ) < - [ r2 : T0 { id : 39 } ] - ( n1 { k2 : 1318069612 , id : 40 } ) REMOVE n1 . k2 RETURN n0 AS a0 , p0 AS a1 SKIP 1 ;
