-- Time: 2024/04/11 13:15:41
-- Database: janusgraph_database25
-- Database version: composite
-- seed value: 1712812406506
CREATE (n0 :L4{k27 : true, id : 0, k24 : -62861296, k23 : true, k26 : false, k25 : 'z'});
CREATE (n0 :L0{k0 : 92932494, k1 : 1818585522, k2 : '5BF78g', k3 : true, k5 : false, id : 1, k6 : false});
CREATE (n0 :L1{k11 : false, id : 2, k10 : 'bmAuM', k7 : false, k8 : 'rEG', k9 : 'juLD2DeT'});
CREATE (n0 :L3{k17 : false, k19 : false, k18 : 't80', k20 : 'Onuy', id : 3, k21 : -330770359});
MATCH (n0 {id : 0}), (n1 {id : 0}) MERGE(n0)-[r :T0{k28 : false, k29 : true, k31 : 472005546, id : 4, k34 : 961128542}]->(n1);
MATCH (n0 {id : 0}), (n1 {id : 2}) MERGE(n0)-[r :T5{k60 : 'F', k62 : -426102446, k61 : false, k64 : 1875698228, id : 5, k65 : false, k59 : 'H'}]->(n1);
WITH relationships(CASE WHEN true THEN NULL END)[toIntegerOrNull(abs(-511163846))] AS a0 WHERE ((substring('av', toIntegerOrNull(abs(-160150980)), toIntegerOrNull(abs(420494045))) CONTAINS reverse(NULL)) OR (true IS NOT NULL)) OPTIONAL MATCH p0=(n0) SET n0.k='iC' RETURN 1 AS a1, n0 AS a2;
WITH relationships ( CASE WHEN true THEN NULL END ) [ toIntegerOrNull ( abs ( -511163846 ) ) ] AS a0 WHERE CASE WHEN TRUE THEN ( ( substring ( ('av' +'') , toIntegerOrNull ( abs ( -160150980 ) ) , toIntegerOrNull ( abs ( 420494045 ) ) ) CONTAINS reverse ( NULL ) ) OR ( true IS NOT NULL ) ) END OPTIONAL MATCH p0 = ( n0 ) WITH * FOREACH(f in [1]|SET n0 . k = 'iC' ) RETURN 1 AS a1 , n0 AS a2 ;
MATCH (a) RETURN count(a);
MATCH (b)-[a]->(c) RETURN count(a);
MATCH (b)-[a]->(c) RETURN count(a);
CREATE p0=(n0 :L0{k6:((false AND NULL) IS NOT NULL), id:6}) MERGE (n1{k5:true, id:7}) SET n1.k=NULL RETURN n1 AS a0 UNION MATCH ({k17:NULL}) MATCH p0=() CREATE (n0{k18:NULL, id:8}) RETURN 1 AS a0;
CREATE p0 = ( n0 : L0 { k6 : ( CASE WHEN TRUE THEN ( false AND NULL ) IS NOT NULL END ) , id : 6 } ) MERGE pp0=( n1 { k5 : true , id : 7 } ) SET n1 . k = CASE WHEN FALSE THEN NULL ELSE NULL END WITH * RETURN n1 AS a0 UNION MATCH ( { k17 : NULL } ) WITH * MATCH p0 = ( ) OPTIONAL MATCH ()-[:TYPE]-() CREATE ( n0 { k18 : NULL , id : 8 } ) WITH * OPTIONAL MATCH ()-[:TYPE]-() RETURN 1 AS a0 LIMIT 1 ;
MATCH (a) RETURN count(a);
MATCH (a) RETURN count(a);
MATCH (b)-[a]->(c) RETURN count(a);
MATCH (b)-[a]->(c) RETURN count(a);
CREATE ( :L1{id:9}) CREATE (n0{k9:NULL, id:10})<-[ :T5{id:11}]-(n1{id:12}), ( :L4{id:13})-[ :T0{id:14}]->({k23:(true AND (reverse(NULL) > type(NULL))), id:15})-[r2 :T5{id:16}]->({id:17}) CREATE ({id:18})<-[ :T5{id:19}]-(n5{id:20})-[ :T0{id:21}]->(n6 :L4{id:22}) RETURN 1 AS a0, 1 AS a1 SKIP 0 LIMIT 1;
CREATE ( : L1 { id : 9 } ) CREATE ( n0 { k9 : NULL , id : 10 } ) < - [ : T5 { id : 11 } ] - ( n1 { id : 12 } ) CREATE ( : L4 { id : 13 } ) - [ : T0 { id : 14 } ] - > ( { k23 : ( true AND ( CASE WHEN FALSE THEN NULL ELSE reverse ( NULL ) > type ( NULL ) END ) ) , id : 15 } ) - [ r2 : T5 { id : 16 } ] - > ( { id : 17 } ) CREATE (m0{ id : 18 } )CREATE (m0)< - [ : T5 { id : 19 } ] - ( n5 { id : 20 } ) - [ : T0 { id : CASE WHEN FALSE THEN NULL ELSE 21 END } ] - > ( n6 : L4 { id : CASE WHEN FALSE THEN NULL ELSE 22 END } ) WITH * RETURN 1 AS a0 , 1 AS a1 SKIP 0 LIMIT 1 ;
MATCH (a) RETURN count(a);
MATCH (a) RETURN count(a);
MATCH (b)-[a]->(c) RETURN count(a);
MATCH (b)-[a]->(c) RETURN count(a);
UNWIND [false, NULL] AS a0 MERGE (n0{id:23}) SET n0.k=NULL RETURN DISTINCT n0 AS a1;
UNWIND ([ false , NULL ] +[]) AS a0 MERGE pp0=( n0 { id : 23 } ) SET n0 . k = CASE WHEN FALSE THEN NULL ELSE NULL END WITH * OPTIONAL MATCH ()-[:TYPE]-() RETURN DISTINCT n0 AS a1 ORDER BY FALSE SKIP 1 ;
