-- Time: 2024/04/11 14:35:31
-- Database: janusgraph_database1103
-- Database version: composite
-- seed value: 1712812407628
CREATE (n0 :L0{k0 : 859849936, k1 : true, k2 : '1', k3 : 'a', id : 0});
CREATE (n0 {id : 1});
CREATE (n0 :L3{k17 : -244122423, k16 : false, k19 : false, k18 : true, k20 : 'k5B', id : 2, k21 : '0IW'});
CREATE (n0 {id : 3});
MATCH (n0 {id : 0}), (n1 {id : 0}) MERGE(n0)-[r :T0{k29 : 'F', k31 : 'V', k30 : false, k33 : '8P5', id : 4, k35 : 2029078807, k34 : -1299799442}]->(n1);
MATCH (n0 {id : 1}), (n1 {id : 0}) MERGE(n0)-[r :T2{k42 : true, k44 : 'fbsq', id : 5, k43 : 'O', k46 : false}]->(n1);
MATCH (n0 {id : 3}), (n1 {id : 2}) MERGE(n0)-[r :T0{k29 : 'X', k31 : 'GS', k33 : 'T', id : 6, k35 : -103192734, k34 : -874453001}]->(n1);
MATCH (n0 {id : 0}), (n1 {id : 2}) MERGE(n0)-[r :T0{k29 : 'X2OL', k31 : 'K', k30 : false, k33 : 'y', id : 7, k32 : 1644491811, k35 : -95772757}]->(n1);
MATCH (n0 {id : 3}), (n1 {id : 1}) MERGE(n0)-[r :T3{k51 : true, k50 : 'l2s', k53 : 'Hb0QG', k52 : true, id : 8, k48 : false, k47 : -1876068389}]->(n1);
CREATE ({id:9})-[ :T3{id:10}]->(n0{id:11}), ({id:12})-[r0 :T0{id:13}]->({k17:-1758369027, id:14}) MERGE (n1{k0:1809518706, id:15}) MERGE ({k1:true, id:16})-[r1 :T0{id:17}]->(n2{id:18}) RETURN n2 AS a0 ORDER BY a0;
CREATE ( { id : 9 } ) - [ : T3 { id : 10 } ] - > ( n0 { id : 11 } ) CREATE ( { id : 12 } ) - [ r0 : T0 { id : CASE WHEN FALSE THEN NULL ELSE 13 END } ] - > ( { k17 : -1758369027 , id : 14 } ) WITH * OPTIONAL MATCH ()-[:TYPE]-() MERGE ( n1 { k0 : 1809518706 , id : 15 } ) MERGE ( { k1 : true , id : 16 } ) - [ r1 : T0 { id : 17 } ] - > ( n2 { id : 18 } ) WITH * RETURN n2 AS a0 ORDER BY a0 ;
MATCH (a) RETURN count(a);
MATCH (b)-[a]->(c) RETURN count(a);
MATCH (b)-[a]->(c) RETURN count(a);
MATCH ({k21:(NULL+'45MgajT')})<-[]-()<-[]-(), ()-[]-()-[]->(n0) CREATE ( :L3{k17:928986083, id:19})<-[ :T0{id:20}]-(n1{id:21})<-[r0 :T2{id:22}]-(n2{id:23}), ({id:24})<-[ :T0{id:25}]-({id:26})<-[ :T2{id:27}]-(n3{id:28}) REMOVE n0.k2 RETURN 1 AS a0 ORDER BY [toIntegerOrNull(CASE WHEN false THEN 'ILdW' END)], a0;
MATCH ()-[*0..0]-( { k21 : ( NULL + '45MgajT' ) } ) < - [ ] - ( ) < - [ ] - ( ) ,( ) - [ ] - ( ) - [ ] - > ( n0 ) WITH * CREATE ( : L3 { k17 : 928986083 , id : 19 } ) < - [ : T0 { id : 20 } ] - ( n1 { id : 21 } ) < - [ r0 : T2 { id : 22 } ] - ( n2 { id : 23 } ) CREATE ( { id : 24 } ) < - [ : T0 { id : CASE WHEN TRUE THEN 25 END } ] - ( { id : CASE WHEN TRUE THEN 26 END } ) < - [ : T2 { id : 27 } ] - ( n3 { id : 28 } ) REMOVE n0 . k2 WITH * OPTIONAL MATCH ()-[:TYPE]-() RETURN DISTINCT 1 AS a0 ORDER BY [toIntegerOrNull(CASE WHEN false THEN 'ILdW' END)], a0 ;
MATCH (a) RETURN count(a);
MATCH (a) RETURN count(a);
MATCH (b)-[a]->(c) RETURN count(a);
MATCH (b)-[a]->(c) RETURN count(a);
OPTIONAL MATCH (), ()-[]-(n0) DETACH DELETE n0  CREATE ({id:29}) RETURN 1 AS a0 UNION CREATE ( :L3{k19:true, id:30})<-[ :T0{id:31}]-({id:32}) MERGE ({id:33})-[r0 :T2{id:34}]-({id:35}) CREATE (n0{id:36})<-[r1 :T0{id:37}]-({id:38})-[ :T3{id:39}]->({id:40}) RETURN 1 AS a0;
OPTIONAL MATCH ( ) ,( ) - [ ] - ( n0 ) UNWIND 1 as l0 DETACH DELETE n0 CREATE ( { id : 29 } ) WITH * UNWIND 1 as l1 RETURN 1 AS a0 UNION CREATE ( : L3 { k19 : CASE WHEN TRUE THEN true END , id : 30 } ) < - [ : T0 { id : 31 } ] - ( { id : 32 } ) MERGE ( { id : 33 } ) - [ r0 : T2 { id : 34 } ] - ( { id : 35 } ) WITH * CREATE ({id:40})<-[ : T3 { id : 39 } ] -({id:38})-[ r1 : T0 { id : 37 } ] ->( n0 { id : 36 } ) WITH * UNWIND 1 as l2 RETURN 1 AS a0 ;
MATCH (a) RETURN count(a);
MATCH (a) RETURN count(a);
MATCH (b)-[a]->(c) RETURN count(a);
MATCH (b)-[a]->(c) RETURN count(a);
WITH * OPTIONAL MATCH ()-[r0]-(n0), ( :L0) WHERE true CREATE p0=(n1{id:41})<-[r1 :T0{id:42}]-(n2{k0:-2131945079, id:43})<-[r2 :T2{id:44}]-(n3{id:45}), (n4{id:46})<-[r3 :T3{id:47}]-(n5{id:48})-[ :T0{id:49}]->(n6{id:50}) RETURN n0 AS a0 SKIP 1;
WITH * OPTIONAL MATCH ( ) - [ r0 ] - ( n0 ) ,( : L0 ) WHERE true CREATE p0=(n3{id:45})-[ r2 : T2 { id : 44 } ] ->(n2{k0:-2131945079, id:43})-[ r1 : T0 { id : 42 } ] ->( n1 { id : 41 } ) CREATE ( n4 { id : 46 } ) < - [ r3 : T3 { id : 47 } ] - ( n5 { id : 48 } ) - [ : T0 { id : 49 } ] - > ( n6 { id : 50 } ) WITH * RETURN DISTINCT CASE WHEN FALSE THEN NULL ELSE n0 END AS a0 SKIP 1 ;
MATCH (a) RETURN count(a);
MATCH (a) RETURN count(a);
MATCH (b)-[a]->(c) RETURN count(a);
MATCH (b)-[a]->(c) RETURN count(a);
UNWIND [relationships(NULL)[toIntegerOrNull(abs(NULL))]] AS a0 MERGE (n0{id:51}) CREATE ({id:52})<-[r0 :T3{id:53}]-({id:54})-[r1 :T0{k30:false, id:55}]->({k18:toBooleanList(NULL)[toIntegerOrNull(abs(NULL))], id:56}), ({id:57})<-[r2 :T3{id:58}]-({id:59}) RETURN 1 AS a1;
UNWIND ([]+[ relationships ( NULL ) [ toIntegerOrNull ( abs ( NULL ) ) ] ] )AS a0 MERGE pp0=( n0 { id : 51 } ) WITH * UNWIND [1] as l0 CREATE ( { id : 52 } ) < - [ r0 : T3 { id : 53 } ] - ( { id : 54 } ) - [ r1 : T0 { k30 : false , id : 55 } ] - > ( { k18 : ([]+toBooleanList ( NULL ) )[ CASE WHEN FALSE THEN NULL ELSE toIntegerOrNull ( abs ( NULL ) ) END ] , id : 56 } ) CREATE (m0{ id : 57 } )CREATE (m0)< - [ r2 : T3 { id : 58 } ] - ( { id : 59 } ) RETURN 1 AS a1 LIMIT 1 ;
MATCH (a) RETURN count(a);
MATCH (a) RETURN count(a);
MATCH (b)-[a]->(c) RETURN count(a);
MATCH (b)-[a]->(c) RETURN count(a);
CREATE (n0{id:60})<-[ :T0{id:61}]-(n1{id:62}), ({id:63})-[ :T0{id:64}]->(n2 :L3{id:65})<-[ :T0{k35:size(keys(CASE WHEN true THEN {} END)), id:66}]-({id:67}) CREATE (n3{id:68})-[ :T3{k51:NULL, id:69}]->({id:70}) MERGE (n4{id:71})<-[r0 :T0{id:72}]-(n5 :L0{id:73}) RETURN n4 AS a0 UNION ALL MATCH (n0)-[]->(n1) DETACH DELETE n0  REMOVE n1.k2 RETURN DISTINCT 1 AS a0 SKIP 1 LIMIT 1;
CREATE ( n0 { id : 60 } ) < - [ : T0 { id : 61 } ] - ( n1 { id : 62 } ) CREATE ( { id : 63 } ) - [ : T0 { id : 64 } ] - > ( n2 : L3 { id : 65 } ) < - [ : T0 { k35 : size ( keys ( CASE WHEN true THEN CASE WHEN TRUE THEN { } END END ) ) , id : 66 } ] - ( { id : 67 } ) CREATE ( n3 { id : CASE WHEN TRUE THEN 68 END } ) - [ : T3 { k51 : NULL , id : 69 } ] - > ( { id : 70 } ) MERGE ( n4 { id : CASE WHEN TRUE THEN 71 END } ) < - [ r0 : T0 { id : 72 } ] - ( n5 : L0 { id : 73 } ) RETURN n4 AS a0 UNION ALL MATCH (n0)-[*0..0]-( n0 ) - [ ] - > ( n1 ) OPTIONAL MATCH ()-[:TYPE]-() DETACH DELETE CASE WHEN FALSE THEN NULL ELSE n0 END REMOVE n1 . k2 RETURN DISTINCT 1 AS a0 SKIP 1 LIMIT 1 ;
