-- Time: 2024/04/11 14:21:12
-- Database: janusgraph_database910
-- Database version: composite
-- seed value: 1712812407435
CREATE (n0 {id : 0});
CREATE (n0 :L1{k5 : true, id : 1, k6 : 'Qa', k10 : 'b', k7 : true, k8 : 'b', k9 : -874230358});
CREATE (n0 :L1{k5 : false, id : 2, k6 : 'E8zAz', k10 : '3ME2', k7 : true, k8 : 'GUk9', k9 : 2108299343});
CREATE (n0 :L6{k39 : 'P', k38 : true, k40 : -1456020278, id : 3, k34 : false, k37 : -86246248, k36 : -950873301});
MATCH (n0 {id : 2}), (n1 {id : 0}) MERGE(n0)-[r :T2{id : 4, k54 : true, k57 : true, k56 : 'zdd2R0', k58 : 1542235510}]->(n1);
MATCH (n0 {id : 3}), (n1 {id : 0}) MERGE(n0)-[r :T0{k42 : 'mz2cGD', k41 : 'WsSlgR4', k44 : true, id : 5, k43 : 's4PX', k46 : 'AcZsG', k45 : 'XC', k47 : true}]->(n1);
MATCH (n0 {id : 0}), (n1 {id : 0}) MERGE(n0)-[r :T0{k42 : 'UdEeEgyD', k41 : 'GgL', k44 : true, id : 6, k43 : 'cGfjuk', k45 : 'Lzxr', k47 : false}]->(n1);
MATCH (n0 {id : 1}), (n1 {id : 3}) MERGE(n0)-[r :T3{k60 : -1823212523, k62 : false, k61 : '1bgWco', k64 : true, k63 : 1077426946, id : 7, k59 : 1283565840}]->(n1);
MATCH (n0)-[r0]->(n1)-[r1 :T2{k55:(('s'+elementId(n0))+('V'+'jf'))}]-(n2) DETACH DELETE n1  SET n2.k=-140343854 RETURN 1 AS a0;
MATCH ( n0 ) - [ r0 ] - > ( n1 ) - [ r1 : T2 { k55 : CASE WHEN FALSE THEN NULL ELSE ( ( 's' + elementId ( n0 ) ) + ( 'V' + 'jf' ) ) END } ] - ( n2 ) DETACH DELETE n1 WITH * FOREACH(f in [1]|SET n2 . k = -140343854 ) RETURN DISTINCT 1 AS a0 ORDER BY FALSE ;
MATCH (a) RETURN count(a);
MATCH (b)-[a]->(c) RETURN count(a);
MATCH (b)-[a]->(c) RETURN count(a);
MERGE ( :L1{k8:'A', id:8}) CREATE (n0{k10:toStringList(NULL)[toIntegerOrNull(abs(toIntegerOrNull(NULL)))], id:9})-[ :T2{k55:NULL, id:10}]->({id:11}), (n1{id:12}) CREATE (n2{id:13})<-[ :T0{id:14}]-({id:15}) RETURN NULL AS a0 LIMIT 0;
MERGE ( : L1 { k8 : 'A' , id : 8 } ) CREATE (n0{ k10 : toStringList ( NULL ) [ CASE WHEN TRUE THEN toIntegerOrNull ( abs ( toIntegerOrNull ( NULL ) ) ) END ] , id : 9 } )CREATE (n0)- [ : T2 { k55 : NULL , id : 10 } ] - > ( { id : 11 } ) CREATE ( n1 { id : 12 } ) CREATE ({id:15})-[ : T0 { id : CASE WHEN FALSE THEN NULL ELSE 14 END } ] ->( n2 { id : 13 } ) RETURN NULL AS a0 LIMIT 0 ;
MATCH (a) RETURN count(a);
MATCH (a) RETURN count(a);
MATCH (b)-[a]->(c) RETURN count(a);
MATCH (b)-[a]->(c) RETURN count(a);
MERGE ({id:16})-[r0 :T0{id:17}]->({id:18}) DETACH DELETE r0  CREATE (n0{id:19})-[r1 :T3{id:20}]->(n1{id:21}), (n2{id:22})<-[r2 :T0{id:23}]-(n3{k40:2110785141, id:24}) RETURN 1 AS a0 ORDER BY NULL DESC;
MERGE ( { id : 16 } ) - [ r0 : T0 { id : 17 } ] - > ( { id : 18 } ) WITH * DETACH DELETE r0 WITH * OPTIONAL MATCH ()-[:TYPE]-() CREATE ( n0 { id : 19 } ) - [ r1 : T3 { id : 20 } ] - > ( n1 { id : 21 } ) CREATE (n2{ id : 22 } )CREATE (n2)< - [ r2 : T0 { id : 23 } ] - ( n3 { k40 : 2110785141 , id : 24 } ) RETURN 1 AS a0 ORDER BY NULL DESC ;
