-- Time: 2024/04/11 13:36:02
-- Database: janusgraph_database300
-- Database version: composite
-- seed value: 1712812406823
CREATE (n0 :L6{k39 : true, k40 : true, k42 : 'm', k41 : false, id : 0, k37 : 694985499});
CREATE (n0 :L2{k17 : -1924757903, k16 : 'v', k18 : -1887668997, id : 1, k13 : false, k12 : 415532414, k15 : true, k14 : 'v9bnzHE9N'});
CREATE (n0 :L4{k28 : -2084117169, k27 : -915302497, k29 : false, id : 2, k26 : -2060759372, k25 : -1769386390});
CREATE (n0 :L0{k0 : 'TP4', k1 : 1394159175, k3 : false, k4 : false, k5 : -929161130, id : 3, k6 : 'v8V'});
MATCH (n0 {id : 2}), (n1 {id : 3}) MERGE(n0)-[r :T2{k55 : 'jxnttdIK', id : 4, k57 : true, k56 : false, k59 : 1398068579, k58 : true}]->(n1);
MATCH (n0 {id : 3}), (n1 {id : 0}) MERGE(n0)-[r :T4{k71 : false, k70 : true, k72 : true, id : 5, k68 : -584501070, k69 : false}]->(n1);
MATCH (n0 {id : 1}), (n1 {id : 0}) MERGE(n0)-[r :T1{k49 : true, k51 : 'h', k50 : 'y28x', k53 : false, k52 : true, id : 6, k54 : 1964354334, k48 : 'Nvd'}]->(n1);
MATCH (n0 {id : 3}), (n1 {id : 1}) MERGE(n0)-[r :T1{k51 : 'C', k50 : '3Z3w', k53 : true, k52 : false, id : 7, k54 : -925730209, k48 : 'k'}]->(n1);
MATCH (n0 {id : 3}), (n1 {id : 1}) MERGE(n0)-[r :T3{k62 : '1G4y9', k61 : '5', k64 : 351742719, k66 : '4', id : 8, k65 : false, k67 : 1653362337}]->(n1);
MATCH (n0)-[]->(n1)-[r0]->() OPTIONAL MATCH (n1)-[ :T3{k62:toStringOrNull(NULL)}]-(n2), (n3) DETACH DELETE r0  RETURN n0 AS a0;
MATCH ( n0 ) - [ ] - > ( n1 ) - [ r0 ] - > ( ) OPTIONAL MATCH (n1),()<-[m0:T3{k62:toStringOrNull(NULL)}]-(),(n2),(n3) WHERE exists((n1)-[m0]-(n2)) DETACH DELETE r0 WITH * RETURN n0 AS a0 LIMIT 1 ;
MATCH (a) RETURN count(a);
MATCH (b)-[a]->(c) RETURN count(a);
MATCH (b)-[a]->(c) RETURN count(a);
WITH * LIMIT 1 CREATE (n0{k1:416417519, id:9})<-[ :T2{id:10}]-(n1{k27:NULL, id:11}) MERGE ({id:12})<-[r0 :T4{id:13}]-({id:14})-[r1 :T1{k51:'umLFJ', id:15}]-({id:16}) RETURN *, 1 AS a0;
WITH * LIMIT 1 CREATE ( n0 { k1 : CASE WHEN TRUE THEN 416417519 END , id : CASE WHEN TRUE THEN 9 END } ) < - [ : T2 { id : 10 } ] - ( n1 { k27 : NULL , id : 11 } ) MERGE pp0=( { id : 12 } ) < - [ r0 : T4 { id : 13 } ] - ( { id : 14 } ) - [ r1 : T1 { k51 : 'umLFJ' , id : 15 } ] - ( { id : 16 } ) WITH * RETURN * , 1 AS a0 ;
MATCH (a) RETURN count(a);
MATCH (a) RETURN count(a);
MATCH (b)-[a]->(c) RETURN count(a);
MATCH (b)-[a]->(c) RETURN count(a);
OPTIONAL MATCH (n0), ()-[]->() REMOVE n0.k2 REMOVE n0.k2 RETURN n0 AS a0 UNION CREATE (n0{id:17})-[r0 :T3{k65:true, id:18}]->(n1 :L4{k29:true, id:19}) CREATE p0=(n2{k18:NULL, id:20})-[ :T1{k51:NULL, id:21}]->({id:22})<-[ :T4{id:23}]-(n3 :L0{id:24}) MERGE (n4{k16:'NdfsmCnU', id:25})-[r1 :T1{id:26}]-(n5 :L6{id:27})<-[r2 :T4{id:28}]-({k2:-243506047, id:29}) RETURN (r1.k51) AS a0 LIMIT 1;
OPTIONAL MATCH ( n0 ) ,( ) - [ ] - > ( ) FOREACH(f in [1]|REMOVE n0 . k2 ) WITH * UNWIND [NULL] as l0 REMOVE n0 . k2 WITH * RETURN n0 AS a0 UNION CREATE (n0{ id : 17 } )CREATE (n0)- [ r0 : T3 { k65 : true , id : 18 } ] - > ( n1 : L4 { k29 : true , id : 19 } ) CREATE p0 = ( n2 { k18 : NULL , id : 20 } ) - [ : T1 { k51 : NULL , id : 21 } ] - > ( { id : 22 } ) < - [ : T4 { id : 23 } ] - ( n3 : L0 { id : 24 } ) MERGE ( n4 { k16 : 'NdfsmCnU' , id : CASE WHEN FALSE THEN NULL ELSE 25 END } ) - [ r1 : T1 { id : 26 } ] - ( n5 : L6 { id : 27 } ) < - [ r2 : T4 { id : 28 } ] - ( { k2 : -243506047 , id : 29 } ) RETURN ( r1 . k51 ) AS a0 ORDER BY TRUE LIMIT 1 ;
