-- Time: 2024/04/11 13:27:10
-- Database: janusgraph_database180
-- Database version: composite
-- seed value: 1712812406703
CREATE (n0 :L0{k0 : true, k1 : 'e', k2 : false, k3 : -1288205731, k4 : -1081739970, id : 0});
CREATE (n0 {id : 1});
CREATE (n0 :L3{k17 : false, k16 : 710205528, k19 : 1955287809, k18 : -1425181623, k20 : 725420502, id : 2, k21 : 261303298});
CREATE (n0 :L1{k5 : 'H', id : 3, k6 : false, k10 : true, k7 : false, k8 : true});
MATCH (n0 {id : 2}), (n1 {id : 2}) MERGE(n0)-[r :T0{k29 : '6', k31 : 'Ja33c', k30 : 'd', k33 : 1083426332, id : 4, k32 : false, k34 : true}]->(n1);
MATCH (n0 {id : 2}), (n1 {id : 3}) MERGE(n0)-[r :T3{k49 : false, k51 : true, k50 : 'fVMM', k52 : -1394327241, id : 5, k46 : 'xQzFA', k47 : 'l'}]->(n1);
MATCH (n0 {id : 1}), (n1 {id : 2}) MERGE(n0)-[r :T2{k42 : 'm2', k41 : 'chl', id : 6, k43 : 1626274190, k45 : true}]->(n1);
CREATE (n0{id:7}) CREATE (n1{id:8})-[r0 :T2{k45:true, id:9}]->(n2{k20:NULL, id:10}) CREATE ({id:11})-[r1 :T2{k44:toStringOrNull(CASE WHEN true THEN (false AND false) END), id:12}]->({id:13})-[r2 :T0{id:14}]->(n3{id:15}), (n4{id:16})-[r3 :T2{id:17}]->(n5{k20:NULL, id:18})-[r4 :T0{id:19}]->({k16:(NULL*((941894509-((361642127*1915906275)*1661600997))/((-1054248962*(1342864237+1339754019))-NULL))), id:20}) RETURN 1 AS a0 UNION ALL CREATE (n0{id:21}), (n1{id:22})-[r0 :T0{k34:((NULL+NULL) >= 'vN'), id:23}]->(n2{id:24}) CREATE ({id:25})-[r1 :T2{id:26}]->({id:27}) MERGE p0=({k21:-993178472, id:28}) RETURN 1 AS a0 LIMIT 0;
CREATE ( n0 { id : 7 } ) CREATE ( n1 { id : 8 } ) - [ r0 : T2 { k45 : true , id : 9 } ] - > ( n2 { k20 : NULL , id : CASE WHEN FALSE THEN NULL ELSE 10 END } ) CREATE ( { id : 11 } ) - [ r1 : T2 { k44 : toStringOrNull ( CASE WHEN true THEN ( false AND false ) END ) , id : 12 } ] - > ( { id : 13 } ) - [ r2 : T0 { id : 14 } ] - > ( n3 { id : CASE WHEN FALSE THEN NULL ELSE 15 END } ) CREATE ( n4 { id : 16 } ) - [ r3 : T2 { id : 17 } ] - > ( n5 { k20 : NULL , id : 18 } ) - [ r4 : T0 { id : 19 } ] - > ( { k16 : CASE WHEN FALSE THEN NULL ELSE ( CASE WHEN FALSE THEN NULL ELSE NULL * ( ( CASE WHEN FALSE THEN NULL ELSE 941894509 - ( ( 361642127 * 1915906275 ) * 1661600997 ) END ) / ( ( -1054248962 * ( 1342864237 + 1339754019 ) ) - NULL ) ) END ) END , id : 20 } ) RETURN 1 AS a0 UNION ALL CREATE ( n0 { id : 21 } ) CREATE ( n1 { id : 22 } ) - [ r0 : T0 { k34 : ( ( NULL + NULL ) >= (''+'vN' )) , id : 23 } ] - > ( n2 { id : 24 } ) CREATE (m0{ id : 25 } )CREATE (m0)- [ r1 : T2 { id : 26 } ] - > ( { id : 27 } ) MERGE p0 = ( { k21 : -993178472 , id : 28 } ) WITH * OPTIONAL MATCH ()-[:TYPE]-() RETURN 1 AS a0 LIMIT 0 ;
MATCH (a) RETURN count(a);
MATCH (b)-[a]->(c) RETURN count(a);
MATCH (b)-[a]->(c) RETURN count(a);
UNWIND NULL AS a0 MATCH ()-[r0 :T0{k32:CASE WHEN false THEN (NULL IS NULL) END}]->(n0) MERGE (n1{id:29})-[ :T0{id:30}]->({k21:1585403362, id:31}) RETURN DISTINCT n0 AS a1, a0 AS a2;
UNWIND NULL AS a0 MATCH (nn0),()-[r0:T0{k32:CASE WHEN false THEN (NULL IS NULL) END}]->(),(n0) WHERE exists((nn0)-[r0]->(n0)) MERGE ( n1 { id : CASE WHEN FALSE THEN NULL ELSE 29 END } ) - [ : T0 { id : 30 } ] - > ( { k21 : CASE WHEN FALSE THEN NULL ELSE 1585403362 END , id : 31 } ) WITH * RETURN DISTINCT n0 AS a1 , a0 AS a2 ;
MATCH (a) RETURN count(a);
MATCH (a) RETURN count(a);
MATCH (b)-[a]->(c) RETURN count(a);
MATCH (b)-[a]->(c) RETURN count(a);
WITH [(n0)-[]-() WHERE (NULL >= ((1469849148+103984688)/(-221841873/383447777)))|[NULL, NULL]] AS a0 SKIP 0 MERGE ({id:32})-[r0 :T0{id:33}]-({id:34})<-[r1 :T2{id:35}]-({id:36}) CREATE ({id:37})-[ :T2{k45:(r1.k45), id:38}]->( :L3{id:39}) RETURN 1 AS a1;
WITH [ ( n0 ) - [ ] - ( ) WHERE ( NULL >= ( ( 1469849148 + 103984688 ) / ( -221841873 / 383447777 ) ) ) | [ CASE WHEN FALSE THEN NULL ELSE NULL END , NULL ] ] AS a0 SKIP 0 UNWIND [NULL] as l0 MERGE ( { id : 32 } ) - [ r0 : T0 { id : 33 } ] - ( { id : 34 } ) < - [ r1 : T2 { id : 35 } ] - ( { id : 36 } ) CREATE ( :L3{id:39})<-[ : T2 { k45 : ( r1 . k45 ) , id : 38 } ] -( { id : 37 } ) RETURN CASE WHEN FALSE THEN NULL ELSE 1 END AS a1 ;
MATCH (a) RETURN count(a);
MATCH (a) RETURN count(a);
MATCH (b)-[a]->(c) RETURN count(a);
MATCH (b)-[a]->(c) RETURN count(a);
CREATE (n0{k18:-1933610091, id:40})-[r0 :T0{id:41}]->(n1{k19:NULL, id:42}) CREATE (n2{id:43}) CREATE (n3{k19:NULL, id:44})-[ :T0{id:45}]->(n4{id:46}) RETURN 1 AS a0;
CREATE ( n0 { k18 : -1933610091 , id : 40 } ) - [ r0 : T0 { id : 41 } ] - > ( n1 { k19 : NULL , id : 42 } ) CREATE ( n2 { id : 43 } ) WITH * CREATE ( n3 { k19 : NULL , id : CASE WHEN TRUE THEN 44 END } ) - [ : T0 { id : 45 } ] - > ( n4 { id : 46 } ) WITH * OPTIONAL MATCH ()-[:TYPE]-() RETURN 1 AS a0 ;
