-- Time: 2024/04/11 13:14:06
-- Database: janusgraph_database8
-- Database version: composite
-- seed value: 1712812406489
CREATE (n0 :L0{k1 : 'Oo', k2 : 81055243, k3 : '9', id : 0});
CREATE (n0 :L4{k28 : -1759667847, id : 1, k24 : 'rSTHA', k23 : 'o8b', k26 : 'g', k25 : -1570618590});
CREATE (n0 :L2{k16 : 'e', id : 2, k12 : false, k15 : 1382600661, k14 : 'a'});
CREATE (n0 :L4{k28 : 402195190, k27 : 'M', id : 3, k24 : 'JKYx', k23 : 'pugM', k26 : 'KObQsgO', k25 : -2021295436});
MATCH (n0 {id : 1}), (n1 {id : 2}) MERGE(n0)-[r :T6{k71 : 'UvZjSdr', k70 : true, k66 : -1272352477, id : 4, k68 : false, k67 : 'vjuX', k69 : 'ui1gzBQX2'}]->(n1);
MATCH (n0 {id : 1}), (n1 {id : 3}) MERGE(n0)-[r :T2{k44 : 'SnOaSiIV', id : 5, k43 : true, k46 : false, k45 : 'oh', k47 : true}]->(n1);
MATCH (n0 {id : 1}), (n1 {id : 2}) MERGE(n0)-[r :T4{k55 : '1', id : 6, k54 : true, k57 : -1001359398, k56 : true, k58 : 'R85'}]->(n1);
MATCH (n0 {id : 0}), (n1 {id : 3}) MERGE(n0)-[r :T3{k49 : 1811274416, k51 : '48kef', k50 : false, k52 : 1946176080, id : 7, k48 : 943855535}]->(n1);
MATCH (n0 {id : 2}), (n1 {id : 0}) MERGE(n0)-[r :T5{k60 : 1962495450, k62 : 488848678, k61 : 399680057, k64 : 411762194, k63 : '2pXL', id : 8, k65 : false, k59 : 'D0IIo2'}]->(n1);
MATCH (n0 {id : 1}), (n1 {id : 2}) MERGE(n0)-[r :T0{k31 : 1764627357, k30 : true, k33 : false, id : 9, k32 : 1832021981, k34 : 's'}]->(n1);
MATCH (n0 {id : 2}), (n1 {id : 2}) MERGE(n0)-[r :T5{k60 : -2122992813, k62 : -35306041, k61 : -1889234824, k64 : -1545497445, k63 : '2', id : 10, k65 : true, k59 : 'v2DhiHjc'}]->(n1);
OPTIONAL MATCH (n1)<-[ :T4{k56:false}]-() DETACH DELETE n1  CREATE (n2{id:11}) RETURN 1 AS a1, 1 AS a2 ORDER BY a2 DESC;
OPTIONAL MATCH ( n1 ) < - [ : T4 { k56 : false } ] - ( ) WITH * CALL{WITH *DETACH DELETE n1 } CREATE ( n2 { id : 11 } ) WITH * OPTIONAL MATCH ()-[:TYPE]-() RETURN 1 AS a1 , 1 AS a2 ORDER BY a2 DESC ;
MATCH (a) RETURN count(a);
MATCH (b)-[a]->(c) RETURN count(a);
MATCH (b)-[a]->(c) RETURN count(a);
CREATE (n0{k3:toStringOrNull(NULL), id:12})<-[r0 :T5{id:13}]-(n1{id:14}) MERGE p0=( :L0{id:15})-[r1 :T3{id:16}]-({id:17})-[r2 :T2{id:18}]-(n2{k26:'v', id:19}) REMOVE n2.k2 RETURN *, (r2.k45) AS a0 SKIP 0;
CREATE (n1{id:14})-[ r0 : T5 { id : 13 } ] ->( n0 { k3 : toStringOrNull ( NULL ) , id : 12 } ) WITH * MERGE p0 = ( : L0 { id : 15 } ) - [ r1 : T3 { id : 16 } ] - ( { id : 17 } ) - [ r2 : T2 { id : 18 } ] - ( n2 { k26 : CASE WHEN FALSE THEN NULL ELSE 'v' END , id : CASE WHEN TRUE THEN 19 END } ) WITH * UNWIND [1] as l0 REMOVE n2 . k2 RETURN * , ( CASE WHEN FALSE THEN NULL ELSE r2 . k45 END ) AS a0 SKIP 0 ;
MATCH (a) RETURN count(a);
MATCH (a) RETURN count(a);
MATCH (b)-[a]->(c) RETURN count(a);
MATCH (b)-[a]->(c) RETURN count(a);
CREATE (n0{k28:CASE WHEN true THEN 1850751901 END, id:20})<-[ :T3{k49:-1008165509, id:21}]-(n1 :L0{k1:NULL, id:22}) MERGE p0=({id:23})-[r0 :T2{id:24}]-({id:25}) MERGE p1=({id:26}) RETURN r0 AS a0, 1 AS a1;
CREATE ( n0 { k28 : CASE WHEN true THEN 1850751901 END , id : 20 } ) < - [ : T3 { k49 : -1008165509 , id : 21 } ] - ( n1 : L0 { k1 : NULL , id : 22 } ) WITH * OPTIONAL MATCH ()-[:TYPE]-() MERGE p0 = ( { id : 23 } ) - [ r0 : T2 { id : 24 } ] - ( { id : 25 } ) MERGE p1 = ( { id : 26 } ) WITH * UNWIND [1] as l0 RETURN r0 AS a0 , CASE WHEN TRUE THEN 1 END AS a1 ;
