-- Time: 2024/04/11 14:26:54
-- Database: janusgraph_database987
-- Database version: composite
-- seed value: 1712812407512
CREATE (n0 :L0{k0 : 'H', k1 : 'UPW', k2 : -1902539827, k3 : -235784145, k4 : -1122937312, id : 0});
CREATE (n0 :L1{k5 : 'Q1b4rlh', id : 1, k6 : -1125631710, k7 : 'VkxIz', k8 : 'v', k9 : 'gb'});
CREATE (n0 :L0{k0 : '4', k1 : '8o4uX05TA', k2 : -177270764, k4 : 102567290, id : 2});
CREATE (n0 :L3{k17 : true, k16 : 1877669275, k19 : false, k18 : true, k20 : 834611011, id : 3, k21 : 1258659786});
MATCH (n0 {id : 1}), (n1 {id : 1}) MERGE(n0)-[r :T0{k39 : '0QzDDoJOM', k38 : false, k40 : true, id : 4, k35 : 'Y', k37 : true, k36 : 844222423}]->(n1);
MATCH (n0 {id : 3}), (n1 {id : 0}) MERGE(n0)-[r :T3{k55 : 1146229178, id : 5, k54 : -1099665906, k56 : 'X', k59 : 'Akse', k58 : '1L'}]->(n1);
MATCH (n0 {id : 2}), (n1 {id : 0}) MERGE(n0)-[r :T6{k71 : 'ZK', k70 : false, k73 : -100493877, k72 : true, k75 : true, k74 : 'YW7ZsW', id : 6, k76 : 'DN'}]->(n1);
MATCH (n0 {id : 0}), (n1 {id : 0}) MERGE(n0)-[r :T4{k60 : -1065118429, k62 : -1106017287, k61 : -726620410, k64 : -1739620750, k63 : false, id : 7}]->(n1);
UNWIND [keys(NULL), [x IN [NULL, NULL]|NULL]] AS a0 CREATE (n0{id:8}) MERGE (n1 :L1{id:9}) RETURN n1 AS a1, 1 AS a2;
UNWIND [ keys ( NULL ) , [ x IN [ NULL , NULL ] | NULL ] ] AS a0 CREATE ( n0 { id : 8 } ) MERGE pp0=( n1 : L1 { id : 9 } ) WITH * UNWIND [1] as l0 RETURN n1 AS a1 , 1 AS a2 ;
MATCH (a) RETURN count(a);
MATCH (b)-[a]->(c) RETURN count(a);
MATCH (b)-[a]->(c) RETURN count(a);
MERGE (n0{k21:806485689, id:10})-[r0 :T3{id:11}]->(n1{id:12})<-[r1 :T6{k71:'hAsh', id:13}]-(n2 :L0{id:14}) MERGE p0=(n3{id:15}) MERGE p1=({id:16})-[r2 :T4{k63:false, id:17}]->({id:18})-[ :T6{id:19}]-(n4 :L0{id:20}) RETURN *, n0 AS a0 ORDER BY properties(startNode(relationships(NULL)[toIntegerOrNull(abs(-2073956684))]));
MERGE ( n0 { k21 : 806485689 , id : 10 } ) - [ r0 : T3 { id : 11 } ] - > ( n1 { id : CASE WHEN TRUE THEN 12 END } ) < - [ r1 : T6 { k71 : 'hAsh' , id : 13 } ] - ( n2 : L0 { id : CASE WHEN FALSE THEN NULL ELSE 14 END } ) MERGE p0 = ( n3 { id : 15 } ) MERGE p1 = ( { id : 16 } ) - [ r2 : T4 { k63 : false , id : 17 } ] - > ( { id : 18 } ) - [ : T6 { id : 19 } ] - ( n4 : L0 { id : 20 } ) WITH * UNWIND [NULL] as l0 RETURN * , n0 AS a0 ORDER BY properties(startNode(relationships(NULL)[toIntegerOrNull(abs(-2073956684))])) ;
MATCH (a) RETURN count(a);
MATCH (a) RETURN count(a);
MATCH (b)-[a]->(c) RETURN count(a);
MATCH (b)-[a]->(c) RETURN count(a);
OPTIONAL MATCH p0=(n0) REMOVE n0.k2 MERGE ({id:21})-[r0 :T4{id:22}]->({k2:-1340225932, id:23}) RETURN collect(relationships(NULL)[toIntegerOrNull(abs((r0.k60)))])[toIntegerOrNull(abs(-1025556088))] AS a0, 1 AS a1;
OPTIONAL MATCH p0 = ( n0 ) WITH * REMOVE n0 . k2 MERGE ( { id : 21 } ) - [ r0 : T4 { id : CASE WHEN FALSE THEN NULL ELSE 22 END } ] - > ( { k2 : -1340225932 , id : 23 } ) RETURN collect ( relationships ( CASE WHEN TRUE THEN NULL END ) [ toIntegerOrNull ( abs ( ( r0 . k60 ) ) ) ] ) [ toIntegerOrNull ( abs ( -1025556088 ) ) ] AS a0 , CASE WHEN FALSE THEN NULL ELSE 1 END AS a1 ;
MATCH (a) RETURN count(a);
MATCH (a) RETURN count(a);
MATCH (b)-[a]->(c) RETURN count(a);
MATCH (b)-[a]->(c) RETURN count(a);
WITH DISTINCT * LIMIT 1 WHERE true CREATE ({k1:NULL, id:24})-[r0 :T4{id:25}]->({id:26}), p0=(n0 :L0{k3:NULL, id:27}) CREATE (n1 :L0{k4:NULL, id:28})-[ :T4{id:29}]->(n2{id:30}), ({k20:(-1899996587--828479364), id:31})<-[r1 :T4{id:32}]-(n3{id:33}) RETURN NULL AS a0;
WITH DISTINCT * LIMIT 1 WHERE true CREATE (m0{ k1 : NULL , id : 24 } )CREATE (m0)- [ r0 : T4 { id : 25 } ] - > ( { id : 26 } ) CREATE p0 = ( n0 : L0 { k3 : CASE WHEN TRUE THEN NULL END , id : 27 } ) WITH * OPTIONAL MATCH ()-[:TYPE]-() CREATE (n1: L0 { k4 : NULL , id : 28 } )CREATE (n1)- [ : T4 { id : 29 } ] - > ( n2 { id : 30 } ) CREATE ( { k20 : ( -1899996587 - -828479364 ) , id : 31 } ) < - [ r1 : T4 { id : 32 } ] - ( n3 { id : 33 } ) RETURN NULL AS a0 LIMIT 1 ;
