-- Time: 2024/04/11 13:14:40
-- Database: janusgraph_database15
-- Database version: composite
-- seed value: 1712812406496
CREATE (n0 :L3{k19 : true, k20 : 204444270, id : 0, k24 : 'P', k23 : 157411502, k25 : 'i1X5x'});
CREATE (n0 {id : 1});
CREATE (n0 :L1{k11 : false, id : 2, k10 : false, k7 : -724035263, k13 : '3', k12 : 786248022, k9 : -1348813326});
CREATE (n0 :L0{k0 : 'L', k1 : false, k2 : 809668750, k3 : 'xx', k4 : false, k5 : true, id : 3, k6 : 567670596});
MATCH (n0 {id : 0}), (n1 {id : 1}) MERGE(n0)-[r :T1{k49 : 'a', k51 : -1064852785, id : 4, k46 : false, k48 : -1323557553, k47 : true}]->(n1);
MATCH (n0 {id : 0}), (n1 {id : 0}) MERGE(n0)-[r :T0{k39 : 'KB', k41 : 1542671464, k44 : true, id : 5, k43 : false, k45 : false}]->(n1);
MATCH (n0 {id : 2}), (n1 {id : 3}) MERGE(n0)-[r :T0{k39 : 'M', k40 : -760065736, k42 : true, k41 : -313892556, k44 : true, id : 6, k45 : false}]->(n1);
MATCH (n0 {id : 3}), (n1 {id : 0}) MERGE(n0)-[r :T3{k62 : 'ijMwh', k61 : 797880815, k64 : 'KR', k63 : 'oIa', id : 7, k58 : 'e'}]->(n1);
MATCH (n0 {id : 3}), (n1 {id : 2}) MERGE(n0)-[r :T1{k51 : 1704044742, k50 : -2146434357, id : 8, k46 : false, k47 : true}]->(n1);
CREATE (n0{id:9})-[ :T0{id:10}]->({k24:NULL, id:11})-[ :T1{k47:false, id:12}]->(n1{id:13}), ( :L1{id:14})-[r0 :T0{k43:NULL, id:15}]->({k3:'P', id:16})-[r1 :T3{k60:toBooleanOrNull(NULL), id:17}]->({id:18}) MERGE (n2{id:19}) REMOVE n2.k2 RETURN n2 AS a0 UNION ALL MERGE ({id:20}) CREATE p0=({id:21})-[ :T0{id:22}]->( :L0{id:23})-[ :T1{id:24}]->(n0{k12:round((-1864247789+NULL)), id:25}) CREATE p1=(n1{id:26}) RETURN -1297491310 AS a0;
CREATE ( n0 { id : CASE WHEN FALSE THEN NULL ELSE 9 END } ) - [ : T0 { id : 10 } ] - > ( { k24 : NULL , id : 11 } ) - [ : T1 { k47 : false , id : CASE WHEN TRUE THEN 12 END } ] - > ( n1 { id : 13 } ) CREATE ( : L1 { id : CASE WHEN FALSE THEN NULL ELSE 14 END } ) - [ r0 : T0 { k43 : NULL , id : 15 } ] - > ( { k3 : 'P' , id : 16 } ) - [ r1 : T3 { k60 : toBooleanOrNull ( CASE WHEN FALSE THEN NULL ELSE NULL END ) , id : 17 } ] - > ( { id : 18 } ) WITH * OPTIONAL MATCH ()-[:TYPE]-() MERGE ( n2 { id : 19 } ) REMOVE n2 . k2 WITH * RETURN n2 AS a0 UNION ALL MERGE ( { id : 20 } ) WITH * OPTIONAL MATCH ()-[:TYPE]-() CREATE p0 = ( { id : 21 } ) - [ : T0 { id : 22 } ] - > ( : L0 { id : CASE WHEN TRUE THEN 23 END } ) - [ : T1 { id : 24 } ] - > ( n0 { k12 : round ( ( CASE WHEN FALSE THEN NULL ELSE -1864247789 + NULL END ) ) , id : 25 } ) CREATE p1 = ( n1 { id : 26 } ) RETURN -1297491310 AS a0 SKIP 1 ;
MATCH (a) RETURN count(a);
MATCH (b)-[a]->(c) RETURN count(a);
MATCH (b)-[a]->(c) RETURN count(a);
MERGE (n0{id:27})-[r0 :T0{k45:false, id:28}]-(n1{k1:false, id:29})-[r1 :T3{k60:true, id:30}]-({k21:'a', id:31}) MERGE ({id:32})-[r2 :T0{id:33}]->({id:34})<-[r3 :T3{id:35}]-({k6:round(((-1559268044-(82675256-435227602))*1250364994)), id:36}) SET n0.k=1160158687 RETURN n1 AS a0, 1 AS a1 ORDER BY a0, a1 DESC;
MERGE ( n0 { id : 27 } ) - [ r0 : T0 { k45 : false , id : 28 } ] - ( n1 { k1 : false , id : 29 } ) - [ r1 : T3 { k60 : true , id : CASE WHEN FALSE THEN NULL ELSE 30 END } ] - ( { k21 : 'a' , id : 31 } ) MERGE ( { id : 32 } ) - [ r2 : T0 { id : 33 } ] - > ( { id : 34 } ) < - [ r3 : T3 { id : 35 } ] - ( { k6 : round ( ( CASE WHEN TRUE THEN ( -1559268044 - ( 82675256 -435227602 ) ) * 1250364994 END ) ) , id : 36 } ) SET n0 . k = 1160158687 WITH * UNWIND [1] as l0 RETURN CASE WHEN TRUE THEN n1 END AS a0 , 1 AS a1 ORDER BY a0, a1 DESC ,NULL ;
MATCH (a) RETURN count(a);
MATCH (a) RETURN count(a);
MATCH (b)-[a]->(c) RETURN count(a);
MATCH (b)-[a]->(c) RETURN count(a);
CREATE ( :L0{id:37})-[r0 :T1{id:38}]->({k11:NULL, id:39})-[r1 :T0{id:40}]->({k2:NULL, id:41}) CREATE ({k20:round(toIntegerList([-1921572438])[toIntegerOrNull(abs(((712807125/-1881401120)/(1837387988-1339291277))))]), id:42})<-[ :T3{id:43}]-(n0{id:44})<-[ :T0{k44:NULL, id:45}]-({k8:true, id:46}), (n1{k23:-1630196252, id:47})-[ :T0{id:48}]->(n2{k20:(NULL*size([NULL, NULL])), id:49})<-[ :T3{id:50}]-({k1:false, id:51}) CREATE p0=(n3 :L3{id:52})-[r2 :T0{id:53}]->(n4{k24:NULL, id:54}), ( :L0{k0:toStringOrNull((-1940981707*-650552357)), id:55}) RETURN 1 AS a0, 1 AS a1;
CREATE ( : L0 { id : CASE WHEN TRUE THEN 37 END } ) - [ r0 : T1 { id : 38 } ] - > ( { k11 : NULL , id : 39 } ) - [ r1 : T0 { id : 40 } ] - > ( { k2 : NULL , id : 41 } ) WITH * UNWIND 1 as l0 CREATE ( { k20 : round ( toIntegerList ( [ -1921572438 ] ) [ toIntegerOrNull ( abs ( ( ( 712807125 / -1881401120 ) / ( 1837387988 -1339291277 ) ) ) ) ] ) , id : 42 } ) < - [ : T3 { id : 43 } ] - ( n0 { id : 44 } ) < - [ : T0 { k44 : NULL , id : 45 } ] - ( { k8 : true , id : 46 } ) CREATE ( n1 { k23 : -1630196252 , id : 47 } ) - [ : T0 { id : 48 } ] - > ( n2 { k20 : ( NULL * size ( [ NULL , NULL ] ) ) , id : 49 } ) < - [ : T3 { id : 50 } ] - ( { k1 : false , id : CASE WHEN FALSE THEN NULL ELSE 51 END } ) WITH * OPTIONAL MATCH ()-[:TYPE]-() CREATE p0 = ( n3 : L3 { id : 52 } ) - [ r2 : T0 { id : 53 } ] - > ( n4 { k24 : NULL , id : CASE WHEN FALSE THEN NULL ELSE 54 END } ) CREATE ( : L0 { k0 : toStringOrNull ( ( -1940981707 * -650552357 ) ) , id : CASE WHEN FALSE THEN NULL ELSE 55 END } ) RETURN 1 AS a0 , CASE WHEN TRUE THEN 1 END AS a1 ;
MATCH (a) RETURN count(a);
