-- Time: 2024/04/11 13:59:24
-- Database: janusgraph_database616
-- Database version: composite
-- seed value: 1712812407140
CREATE (n0 :L1{k5 : true, k11 : false, id : 0, k6 : 'Sf0', k10 : false, k7 : true, k8 : false, k9 : -2145395745});
CREATE (n0 {id : 1});
CREATE (n0 :L3{k18 : -1822579952, k20 : 'zhVrx4x', k22 : 'cNgTgH9T', id : 2, k21 : 't'});
CREATE (n0 :L2{k17 : -1121292009, k16 : 'dFWoIgupl', id : 3, k12 : 'j', k15 : false, k14 : 'ysFc'});
MATCH (n0 {id : 1}), (n1 {id : 2}) MERGE(n0)-[r :T6{k70 : '2', k66 : '6g', id : 4, k65 : -756953606, k68 : true, k67 : '9J', k69 : -1806598907}]->(n1);
MATCH (n0 {id : 1}), (n1 {id : 2}) MERGE(n0)-[r :T1{k39 : true, k38 : -1026847498, id : 5, k35 : 'J', k37 : -1380879211, k36 : 1795610715}]->(n1);
MATCH (n0 {id : 0}), (n1 {id : 3}) MERGE(n0)-[r :T2{k40 : -1735601293, k41 : false, k44 : false, id : 6, k43 : true}]->(n1);
MATCH (n0 {id : 2}), (n1 {id : 0}) MERGE(n0)-[r :T4{k53 : '0Y', k52 : 'WiBXBfarU', k55 : -2014403746, id : 7, k54 : -1822377058, k57 : true, k56 : -746679666}]->(n1);
MATCH (n0 {id : 1}), (n1 {id : 2}) MERGE(n0)-[r :T0{k31 : 'moT', k30 : 651046108, k33 : true, id : 8, k34 : 1782339002}]->(n1);
CREATE (n0{id:9})<-[r0 :T6{id:10}]-({id:11})-[r1 :T0{id:12}]->(n1{id:13}) MERGE ({id:14})-[r2 :T0{k30:-1271392264, id:15}]-(n2{id:16}) SET n2.k=NULL RETURN n2 AS a0;
CREATE ( n0 { id : 9 } ) < - [ r0 : T6 { id : 10 } ] - ( { id : 11 } ) - [ r1 : T0 { id : 12 } ] - > ( n1 { id : 13 } ) MERGE ( { id : 14 } ) - [ r2 : T0 { k30 : -1271392264 , id : 15 } ] - ( n2 { id : 16 } ) WITH * OPTIONAL MATCH ()-[:TYPE]-() SET n2 . k = NULL RETURN n2 AS a0 ;
MATCH (a) RETURN count(a);
MATCH (b)-[a]->(c) RETURN count(a);
MATCH (b)-[a]->(c) RETURN count(a);
WITH endNode(relationships(NULL)[toIntegerOrNull(abs(NULL))]) AS a0 ORDER BY a0 DESC LIMIT 0 UNWIND nodes(NULL) AS a1 REMOVE a1.k2 RETURN 1 AS a2;
WITH CASE WHEN FALSE THEN NULL ELSE endNode ( relationships ( NULL ) [ toIntegerOrNull ( abs ( NULL ) ) ] ) END AS a0 ORDER BY a0 DESC LIMIT 0 UNWIND nodes ( NULL ) AS a1 REMOVE a1 . k2 WITH * RETURN 1 AS a2 ;
MATCH (a) RETURN count(a);
MATCH (a) RETURN count(a);
MATCH (b)-[a]->(c) RETURN count(a);
MATCH (b)-[a]->(c) RETURN count(a);
UNWIND [NULL, NULL] AS a0 MERGE p0=({id:17}) DETACH DELETE p0  RETURN *;
UNWIND ([ NULL , NULL ] +[]) AS a0 MERGE p0 = ( { id : 17 } ) DETACH DELETE p0 WITH * RETURN * ;
MATCH (a) RETURN count(a);
MATCH (a) RETURN count(a);
MATCH (b)-[a]->(c) RETURN count(a);
MATCH (b)-[a]->(c) RETURN count(a);
CREATE ({k9:-611693954, id:18})<-[r0 :T4{k52:'1q', id:19}]-({id:20}), p0=({id:21})<-[r1 :T0{id:22}]-(n0{id:23})-[ :T6{k70:NULL, id:24}]->(n1{k19:(NULL = 'VWEe2AmM'), id:25}) MERGE ({id:26})-[r2 :T4{id:27}]-( :L1{id:28})-[r3 :T2{id:29}]->(n2 :L2{k14:'u', id:30}) SET n2.k=reverse((r2.k52)) RETURN DISTINCT *;
CREATE ( { k9 : -611693954 , id : CASE WHEN FALSE THEN NULL ELSE 18 END } ) < - [ r0 : T4 { k52 : CASE WHEN FALSE THEN NULL ELSE '1q' END , id : 19 } ] - ( { id : 20 } ) CREATE p0 = ( { id : 21 } ) < - [ r1 : T0 { id : 22 } ] - ( n0 { id : 23 } ) - [ : T6 { k70 : NULL , id : CASE WHEN TRUE THEN 24 END } ] - > ( n1 { k19 : ( NULL = 'VWEe2AmM' ) , id : 25 } ) WITH * MERGE pp0=( { id : 26 } ) - [ r2 : T4 { id : 27 } ] - ( : L1 { id : 28 } ) - [ r3 : T2 { id : 29 } ] - > ( n2 : L2 { k14 : 'u' , id : 30 } ) WITH * FOREACH(f in [1]|SET n2 . k = reverse ( ( r2 . k52 ) ) ) WITH * OPTIONAL MATCH ()-[:TYPE]-() RETURN DISTINCT * ;
MATCH (a) RETURN count(a);
MATCH (a) RETURN count(a);
MATCH (b)-[a]->(c) RETURN count(a);
MATCH (b)-[a]->(c) RETURN count(a);
MATCH ()-[r0]->(n0), () MATCH p0=(n1)-[r1]->(n0)-[r0]-(), ()-[ :T4{k57:NULL}]-({k9:351820767})-[r2]-() CREATE (n2{id:31})<-[r3 :T0{k30:(round(NULL)/NULL), id:32}]-({id:33})-[ :T1{id:34}]->({id:35}), ( :L1{id:36})<-[ :T4{id:37}]-(n3 :L3{id:38})<-[ :T6{id:39}]-(n4{id:40}) RETURN n1 AS a0, properties(endNode(relationships(NULL)[toIntegerOrNull(abs(1267967043))])) AS a1;
MATCH ( ) - [ r0 ] - > ( n0 ) ,( ) WITH * MATCH p0 = ( n1 ) - [ r1 ] - > ( n0 ) - [ r0 ] - ( ) ,( ) - [ : T4 { k57 : NULL } ] - ( { k9 : 351820767 } ) - [ r2 ] - ( ) CREATE ( n2 { id : 31 } ) < - [ r3 : T0 { k30 : CASE WHEN TRUE THEN ( round ( NULL ) / NULL ) END , id : 32 } ] - ( { id : 33 } ) - [ : T1 { id : 34 } ] - > ( { id : 35 } ) CREATE ( : L1 { id : 36 } ) < - [ : T4 { id : 37 } ] - ( n3 : L3 { id : 38 } ) < - [ : T6 { id : 39 } ] - ( n4 { id : 40 } ) RETURN n1 AS a0 , properties ( endNode ( relationships ( NULL ) [ toIntegerOrNull ( abs ( 1267967043 ) ) ] ) ) AS a1 ;
MATCH (a) RETURN count(a);
MATCH (a) RETURN count(a);
MATCH (b)-[a]->(c) RETURN count(a);
MATCH (b)-[a]->(c) RETURN count(a);
OPTIONAL MATCH (), (n0)-[r0]->(n1) DETACH DELETE r0  CREATE (n2 :L2{id:41})<-[ :T6{k65:-1485969601, id:42}]-(n3{id:43}), (n4{id:44})-[r1 :T0{id:45}]->(n5{id:46}) RETURN n0 AS a0 UNION ALL MATCH ( :L3{k21:'GX'})-[]-(n0) CREATE (n1{id:47}) CREATE ({id:48})<-[ :T6{k66:toStringList(NULL)[toIntegerOrNull(abs(NULL))], id:49}]-({id:50}), ( :L3{id:51}) RETURN n0 AS a0;
OPTIONAL MATCH ( ) ,( n0 ) - [ r0 ] - > ( n1 ) DETACH DELETE r0 CREATE ( n2 : L2 { id : 41 } ) < - [ : T6 { k65 : -1485969601 , id : 42 } ] - ( n3 { id : 43 } ) CREATE ( n4 { id : 44 } ) - [ r1 : T0 { id : CASE WHEN TRUE THEN 45 END } ] - > ( n5 { id : 46 } ) WITH * RETURN CASE WHEN TRUE THEN n0 END AS a0 UNION ALL MATCH ( : L3 { k21 : 'GX' } ) - [ ] - ( n0 ) CREATE ( n1 { id : 47 } ) CREATE ( { id : CASE WHEN TRUE THEN 48 END } ) < - [ : T6 { k66 : toStringList ( NULL ) [ toIntegerOrNull ( abs ( NULL ) ) ] , id : 49 } ] - ( { id : CASE WHEN TRUE THEN 50 END } ) CREATE ( : L3 { id : 51 } ) RETURN n0 AS a0 ;
MATCH (a) RETURN count(a);
MATCH (a) RETURN count(a);
MATCH (b)-[a]->(c) RETURN count(a);
MATCH (b)-[a]->(c) RETURN count(a);
UNWIND [-1014696581] AS a0 CREATE (n0{id:52})-[r0 :T6{id:53}]->({id:54})<-[r1 :T1{k39:NULL, id:55}]-({id:56}), p0=(n1{id:57})-[ :T1{id:58}]->({id:59})<-[ :T0{id:60}]-(n2{id:61}) MERGE (n3{id:62})<-[r2 :T2{k42:true, id:63}]-({id:64})<-[r3 :T4{k55:-244753342, id:65}]-(n4 :L3{k22:'le2', id:66}) RETURN n3 AS a1, n3 AS a2 ORDER BY false, a2 DESC;
UNWIND ([ -1014696581 ] +[]) AS a0 CREATE ( n0 { id : 52 } ) - [ r0 : T6 { id : 53 } ] - > ( { id : 54 } ) < - [ r1 : T1 { k39 : NULL , id : 55 } ] - ( { id : 56 } ) CREATE p0 = ( n1 { id : 57 } ) - [ : T1 { id : 58 } ] - > ( { id : 59 } ) < - [ : T0 { id : 60 } ] - ( n2 { id : 61 } ) MERGE ( n3 { id : 62 } ) < - [ r2 : T2 { k42 : true , id : 63 } ] - ( { id : 64 } ) < - [ r3 : T4 { k55 : -244753342 , id : 65 } ] - ( n4 : L3 { k22 : ('le2' +'') , id : 66 } ) WITH * OPTIONAL MATCH ()-[:TYPE]-() RETURN n3 AS a1 , n3 AS a2 ORDER BY false, a2 DESC SKIP 1 ;
