-- Time: 2024/04/11 14:11:54
-- Database: janusgraph_database785
-- Database version: composite
-- seed value: 1712812407309
CREATE (n0 {id : 0});
CREATE (n0 {id : 1});
CREATE (n0 {id : 2});
CREATE (n0 {id : 3});
MATCH (n0 {id : 1}), (n1 {id : 0}) MERGE(n0)-[r :T2{k49 : false, k51 : -1923153867, k50 : true, k52 : 'Hq', id : 4, k48 : false}]->(n1);
MATCH (n0 {id : 0}), (n1 {id : 1}) MERGE(n0)-[r :T4{k60 : false, k62 : 'P', k61 : 'AXdTASB', k64 : true, id : 5, k65 : false}]->(n1);
MATCH (n0 {id : 3}), (n1 {id : 1}) MERGE(n0)-[r :T1{k42 : 'QKhjgbpJk', k41 : true, k44 : 'oQtnC', id : 6, k43 : 'AdxvXNA', k46 : false, k45 : 'Rm2d0ikw', k47 : false}]->(n1);
UNWIND toBooleanList([(n0)<-[r0 :T4{k64:false}]-(n1)-[r1 :T2{k48:false}]-(n2) WHERE (r1.k49)|(r0.k63)]) AS a0 MATCH (n1), p0=()-[r0]-(n0) REMOVE n0.k2 RETURN n1 AS a1, 1 AS a2;
UNWIND toBooleanList ( [ ( n0 ) < - [ r0 : T4 { k64 : false } ] - ( n1 ) - [ r1 : T2 { k48 : false } ] - ( n2 ) WHERE CASE WHEN TRUE THEN ( r1 . k49 ) END | ( r0 . k63 ) ] ) AS a0 WITH * MATCH ( n1 ) ,p0 = ( ) - [ r0 ] - ( n0 ) REMOVE n0 . k2 RETURN n1 AS a1 , 1 AS a2 ;
MATCH (a) RETURN count(a);
MATCH (b)-[a]->(c) RETURN count(a);
MATCH (b)-[a]->(c) RETURN count(a);
UNWIND [nodes(NULL)[toIntegerOrNull(abs(NULL))], startNode(NULL)] AS a0 CREATE ({id:7}), (n0{id:8}) CREATE p0=({id:9}), p1=(n1{id:10}) RETURN a0 AS a1 SKIP 1;
UNWIND [ nodes ( NULL ) [ toIntegerOrNull ( abs ( NULL ) ) ] , startNode ( NULL ) ] AS a0 WITH * CREATE ( { id : 7 } ) CREATE ( n0 { id : CASE WHEN FALSE THEN NULL ELSE 8 END } ) CREATE p0 = ( { id : 9 } ) CREATE p1 = ( n1 { id : 10 } ) RETURN a0 AS a1 ORDER BY NULL SKIP 1 ;
MATCH (a) RETURN count(a);
MATCH (a) RETURN count(a);
MATCH (b)-[a]->(c) RETURN count(a);
MATCH (b)-[a]->(c) RETURN count(a);
WITH (properties(NULL) <> NULL) AS a0 OPTIONAL MATCH (n0)<-[]-(), (n1)-[]->()-[r0]->(n2) WHERE a0 REMOVE n1.k2 RETURN 1 AS a1, r0 AS a2;
WITH ( properties ( NULL ) <> NULL ) AS a0 OPTIONAL MATCH ( n0 ) < - [ ] - ( ) ,( n1 ) - [ ] - > ( ) - [ r0 ] - > ( n2 ) WHERE a0 REMOVE n1 . k2 WITH * RETURN DISTINCT 1 AS a1 , r0 AS a2 ORDER BY TRUE ;
MATCH (a) RETURN count(a);
MATCH (a) RETURN count(a);
MATCH (b)-[a]->(c) RETURN count(a);
MATCH (b)-[a]->(c) RETURN count(a);
OPTIONAL MATCH (n0), () WHERE true DETACH DELETE n0  MERGE (n1{id:11}) RETURN n1 AS a0, 1 AS a1;
OPTIONAL MATCH ( n0 ) ,( ) WHERE true OPTIONAL MATCH ()-[:TYPE]-() DETACH DELETE n0 MERGE ( n1 { id : 11 } ) RETURN n1 AS a0 , 1 AS a1 ;
