-- Time: 2024/04/11 14:03:46
-- Database: janusgraph_database675
-- Database version: composite
-- seed value: 1712812407199
CREATE (n0 :L4{k28 : 'K', k29 : 'm', id : 0, k24 : 'ES', k26 : 2145177467});
CREATE (n0 {id : 1});
CREATE (n0 :L1{id : 2, k6 : false, k10 : true, k7 : false, k8 : 711975747, k9 : 2039556589});
CREATE (n0 :L5{k31 : -977145588, k30 : true, k33 : true, id : 3, k32 : false, k35 : 1479215384, k34 : 257955473});
MATCH (n0 {id : 3}), (n1 {id : 2}) MERGE(n0)-[r :T6{k73 : 'a', k72 : true, k75 : 'i', k74 : -1403113394, k77 : 'f2Nw', id : 4, k76 : 'mNO'}]->(n1);
MATCH (n0 {id : 0}), (n1 {id : 2}) MERGE(n0)-[r :T1{k41 : -1016545822, k44 : true, id : 5, k43 : 'A', k45 : 'p'}]->(n1);
MATCH (n0 {id : 2}), (n1 {id : 0}) MERGE(n0)-[r :T6{k73 : '02Q', k72 : true, k75 : 'dR', k74 : 911140808, k77 : 'PDY', id : 6, k76 : 'y4VVM'}]->(n1);
OPTIONAL MATCH ()-[]->(n0), ()-[]-(n1)-[r0 :T6{k75:substring(NULL, toIntegerOrNull(abs(toIntegerOrNull(NULL))), toIntegerOrNull(abs(length(NULL))))}]-(n2) UNWIND NULL AS a0 MERGE (n3{id:7}) RETURN n1 AS a1;
OPTIONAL MATCH ( ) - [ ] - > ( n0 ) ,()-[*0..0]-( ) - [ ] - ( n1 ) - [ r0 : T6 { k75 : substring ( NULL , toIntegerOrNull ( CASE WHEN FALSE THEN NULL ELSE abs ( toIntegerOrNull ( NULL ) ) END ) , toIntegerOrNull ( abs ( length ( NULL ) ) ) ) } ] - ( n2 ) UNWIND NULL AS a0 WITH * MERGE ( n3 { id : 7 } ) RETURN n1 AS a1 ;
MATCH (a) RETURN count(a);
MATCH (b)-[a]->(c) RETURN count(a);
MATCH (b)-[a]->(c) RETURN count(a);
UNWIND NULL AS a0 CREATE ({id:8}), (n0{id:9}) MERGE p0=({k35:-1583814742, id:10})-[r0 :T6{id:11}]->(n1 :L1{id:12})<-[r1 :T1{id:13}]-(n2{id:14}) RETURN CASE WHEN toBooleanOrNull(false) THEN n2 END AS a1 UNION MATCH (n1) SET n1.k=NULL DETACH DELETE n1  RETURN 1 AS a1;
UNWIND NULL AS a0 OPTIONAL MATCH ()-[:TYPE]-() CREATE ( { id : 8 } ) CREATE ( n0 { id : 9 } ) MERGE p0 = ( { k35 : -1583814742 , id : 10 } ) - [ r0 : T6 { id : 11 } ] - > ( n1 : L1 { id : 12 } ) < - [ r1 : T1 { id : 13 } ] - ( n2 { id : 14 } ) WITH * RETURN CASE WHEN TRUE THEN CASE WHEN toBooleanOrNull ( false ) THEN n2 END END AS a1 UNION MATCH (n1) WHERE TRUE OPTIONAL MATCH ()-[:TYPE]-() SET n1 . k = NULL WITH * DETACH DELETE n1 WITH * RETURN CASE WHEN FALSE THEN NULL ELSE 1 END AS a1 ;
MATCH (a) RETURN count(a);
MATCH (a) RETURN count(a);
MATCH (b)-[a]->(c) RETURN count(a);
MATCH (b)-[a]->(c) RETURN count(a);
UNWIND [(NULL*NULL), NULL] AS a0 UNWIND [347718702] AS a1 CREATE ({id:15}) RETURN 1 AS a2, 1 AS a3 UNION ALL OPTIONAL MATCH (), () MERGE p0=({id:16}) MERGE ({id:17}) RETURN 1 AS a2, 1 AS a3;
UNWIND CASE WHEN FALSE THEN NULL ELSE [ ( NULL * NULL ) , NULL ] END AS a0 UNWIND 1 as l0 UNWIND [ 347718702 ] AS a1 CREATE ( { id : 15 } ) WITH * RETURN CASE WHEN FALSE THEN NULL ELSE 1 END AS a2 , 1 AS a3 UNION ALL OPTIONAL MATCH ( ) ,( ) WITH * MERGE p0 = ( { id : 16 } ) MERGE ( { id : 17 } ) RETURN 1 AS a2 , CASE WHEN FALSE THEN NULL ELSE 1 END AS a3 ;
