-- Time: 2024/04/11 13:51:43
-- Database: janusgraph_database512
-- Database version: composite
-- seed value: 1712812407036
CREATE (n0 :L4{k28 : 770901439, k27 : 'b9Zs', k29 : 'M408x5O', k30 : 'QVm8CSS', id : 0, k26 : 'EFYR', k25 : '4'});
CREATE (n0 :L4{k28 : 643271063, k27 : 'ack', k29 : 'KoxAcGU', k30 : 'E925ja', id : 1, k26 : '8KJ', k25 : 'Z'});
CREATE (n0 :L2{k17 : -858122425, k16 : true, k11 : true, id : 2, k13 : 1221434018, k12 : -455247323, k15 : 'zCaIbn3I'});
CREATE (n0 :L1{id : 3, k10 : true, k7 : -1972728056, k8 : true, k9 : 'v'});
MATCH (n0 {id : 3}), (n1 {id : 3}) MERGE(n0)-[r :T4{k60 : -1404283123, k62 : 711080788, k61 : false, id : 4, k57 : 439688465, k59 : 'LJ', k58 : -2016378441}]->(n1);
MATCH (n0 {id : 1}), (n1 {id : 0}) MERGE(n0)-[r :T1{k42 : 'E', k41 : true, k44 : 'i', id : 5, k43 : 'N1', k46 : false, k45 : 'UWCdEI'}]->(n1);
MATCH (n0 {id : 3}), (n1 {id : 0}) MERGE(n0)-[r :T3{k53 : '2', k52 : 395279227, k55 : true, id : 6, k54 : -419083575}]->(n1);
MATCH (n0 {id : 3}), (n1 {id : 3}) MERGE(n0)-[r :T4{k61 : false, id : 7, k57 : -205221455, k58 : -964201034}]->(n1);
MATCH (n0 {id : 0}), (n1 {id : 3}) MERGE(n0)-[r :T2{k51 : -1378277545, id : 8, k48 : 'O', k47 : -464362780}]->(n1);
MATCH (n0 {id : 2}), (n1 {id : 1}) MERGE(n0)-[r :T5{k63 : 'w', k66 : -352074683, id : 9, k67 : 'VszDp'}]->(n1);
MATCH (n0 {id : 1}), (n1 {id : 3}) MERGE(n0)-[r :T2{k49 : 221846795, k51 : 743273239, k50 : 'wg', id : 10, k48 : '3', k47 : 1655881454}]->(n1);
MERGE p0=(n0{k7:860334389, id:11})-[r0 :T2{id:12}]-(n1{id:13}) MERGE (n2 :L4{id:14}) MERGE (n3{k30:'NXmzkcb4v', id:15}) RETURN n2 AS a0 LIMIT 0;
MERGE p0 = ( n0 { k7 : CASE WHEN TRUE THEN 860334389 END , id : 11 } ) - [ r0 : T2 { id : 12 } ] - ( n1 { id : 13 } ) MERGE ( n2 : L4 { id : 14 } ) WITH * MERGE ( n3 { k30 : 'NXmzkcb4v' , id : 15 } ) WITH * OPTIONAL MATCH ()-[:TYPE]-() RETURN DISTINCT n2 AS a0 LIMIT 0 ;
MATCH (a) RETURN count(a);
MATCH (b)-[a]->(c) RETURN count(a);
MATCH (b)-[a]->(c) RETURN count(a);
UNWIND NULL AS a0 CREATE (n0{id:16})<-[r0 :T3{k54:1230204868, id:17}]-(n1 :L1{id:18}), ( :L1{id:19}) CREATE ({k27:'0NmLNRT', id:20})<-[r1 :T3{k55:false, id:21}]-( :L1{id:22})-[ :T4{k62:NULL, id:23}]->({id:24}), ({k27:'26w0JWhG', id:25})<-[ :T1{id:26}]-({k28:-1476622261, id:27}) RETURN 1 AS a1, 1 AS a2 SKIP 0;
UNWIND NULL AS a0 CREATE ( n0 { id : CASE WHEN TRUE THEN 16 END } ) < - [ r0 : T3 { k54 : CASE WHEN TRUE THEN 1230204868 END , id : 17 } ] - ( n1 : L1 { id : 18 } ) CREATE ( : L1 { id : CASE WHEN TRUE THEN 19 END } ) CREATE ( { k27 : CASE WHEN TRUE THEN (''+'0NmLNRT' )END , id : CASE WHEN TRUE THEN 20 END } ) < - [ r1 : T3 { k55 : false , id : 21 } ] - ( : L1 { id : 22 } ) - [ : T4 { k62 : NULL , id : 23 } ] - > ( { id : 24 } ) CREATE ( { k27 : (''+'26w0JWhG' ), id : 25 } ) < - [ : T1 { id : 26 } ] - ( { k28 : -1476622261 , id : 27 } ) RETURN 1 AS a1 , CASE WHEN TRUE THEN 1 END AS a2 SKIP CASE WHEN FALSE THEN NULL ELSE 0 END ;
