-- Time: 2024/04/11 14:23:42
-- Database: janusgraph_database944
-- Database version: composite
-- seed value: 1712812407469
CREATE (n0 :L0{k0 : false, k1 : 'VzI', k2 : false, k3 : 564986909, k4 : 1564098316, id : 0});
CREATE (n0 :L0{k0 : false, k1 : '2', k2 : true, k3 : 1126661442, k4 : 907600873, id : 1});
CREATE (n0 :L0{k0 : false, k1 : '2', k2 : true, k3 : 1075663507, k4 : -828504676, id : 2});
CREATE (n0 :L0{k0 : false, k1 : 'q', k2 : true, k3 : -1276083679, k4 : 361028479, id : 3});
MATCH (n0 {id : 1}), (n1 {id : 1}) MERGE(n0)-[r :T0{k33 : 'UDrb0v', id : 4, k32 : 'uhcCt6', k35 : false, k36 : 1616880714}]->(n1);
MATCH (n0 {id : 2}), (n1 {id : 0}) MERGE(n0)-[r :T4{k60 : false, k61 : 1232598828, k55 : 809343115, id : 5, k57 : 1431454854, k56 : -1726740329, k59 : true}]->(n1);
MATCH (n0 {id : 3}), (n1 {id : 3}) MERGE(n0)-[r :T0{k33 : 's', id : 6, k32 : 'MQmQ1hBjX', k35 : true, k36 : 840978379}]->(n1);
MATCH (n0 {id : 1}), (n1 {id : 0}) MERGE(n0)-[r :T3{k49 : true, k51 : false, k50 : 'Emg', k53 : 'L', k52 : -1591063516, id : 7, k54 : -1729888486}]->(n1);
MATCH (n0 {id : 2}), (n1 {id : 1}) MERGE(n0)-[r :T1{k38 : true, k40 : -483500060, k42 : true, k41 : -1118035692, id : 8, k37 : 1856946661}]->(n1);
MATCH (n0 {id : 3}), (n1 {id : 2}) MERGE(n0)-[r :T1{k39 : 'X5', k38 : true, k40 : -567489317, k42 : false, k41 : -1736593844, id : 9}]->(n1);
MATCH (n0 {id : 0}), (n1 {id : 3}) MERGE(n0)-[r :T6{k71 : true, k70 : 'GXdm89', id : 10, k68 : -2052890269, k69 : false}]->(n1);
CREATE ({id:11})-[ :T6{id:12}]->({id:13}), ({k3:round(NULL), id:14}) CREATE (n0 :L0{id:15})-[ :T0{id:16}]->( :L0{id:17}), (n1{id:18})<-[ :T1{k42:false, id:19}]-( :L0{id:20}) CREATE ({id:21}), (n2 :L0{id:22})-[ :T6{id:23}]->({k2:true, id:24}) RETURN 1 AS a0, 1 AS a1 LIMIT 1;
CREATE ( { id : 11 } ) - [ : T6 { id : CASE WHEN TRUE THEN 12 END } ] - > ( { id : 13 } ) CREATE ( { k3 : round ( NULL ) , id : 14 } ) CREATE ( n0 : L0 { id : 15 } ) - [ : T0 { id : 16 } ] - > ( : L0 { id : 17 } ) CREATE ( n1 { id : CASE WHEN FALSE THEN NULL ELSE 18 END } ) < - [ : T1 { k42 : false , id : 19 } ] - ( : L0 { id : 20 } ) CREATE ( { id : 21 } ) CREATE ({k2:true, id:24})<-[ : T6 { id : 23 } ] -( n2 : L0 { id : 22 } ) WITH * UNWIND [1] as l0 RETURN 1 AS a0 , 1 AS a1 LIMIT 1 ;
MATCH (a) RETURN count(a);
MATCH (b)-[a]->(c) RETURN count(a);
MATCH (b)-[a]->(c) RETURN count(a);
UNWIND NULL AS a0 MERGE (n0{id:25})-[r0 :T0{id:26}]->({id:27})-[r1 :T1{id:28}]-({id:29}) CREATE (n1{id:30})-[r2 :T0{id:31}]->({k1:'Gw8Jnl', id:32}) RETURN n0 AS a1, a0 AS a2;
UNWIND NULL AS a0 WITH * MERGE ( n0 { id : CASE WHEN FALSE THEN NULL ELSE 25 END } ) - [ r0 : T0 { id : 26 } ] - > ( { id : 27 } ) - [ r1 : T1 { id : 28 } ] - ( { id : 29 } ) WITH * CREATE ( n1 { id : 30 } ) - [ r2 : T0 { id : 31 } ] - > ( { k1 : 'Gw8Jnl' , id : 32 } ) RETURN n0 AS a1 , a0 AS a2 ;
MATCH (a) RETURN count(a);
MATCH (a) RETURN count(a);
MATCH (b)-[a]->(c) RETURN count(a);
MATCH (b)-[a]->(c) RETURN count(a);
CREATE p0=( :L0{id:33}), (n0 :L0{id:34})<-[ :T6{id:35}]-({id:36}) MERGE (n1{id:37})-[r0 :T6{id:38}]->(n2{id:39})-[r1 :T0{id:40}]->({id:41}) CREATE ({id:42}), (n3 :L0{id:43}) RETURN 1 AS a0 SKIP 0 LIMIT 1;
CREATE p0 = ( : L0 { id : 33 } ) CREATE ( n0 : L0 { id : 34 } ) < - [ : T6 { id : 35 } ] - ( { id : 36 } ) MERGE ( n1 { id : 37 } ) - [ r0 : T6 { id : CASE WHEN TRUE THEN 38 END } ] - > ( n2 { id : 39 } ) - [ r1 : T0 { id : 40 } ] - > ( { id : CASE WHEN TRUE THEN 41 END } ) CREATE ( { id : 42 } ) CREATE ( n3 : L0 { id : CASE WHEN FALSE THEN NULL ELSE 43 END } ) RETURN 1 AS a0 SKIP 0 LIMIT 1 ;
