-- Time: 2024/04/11 14:14:08
-- Database: janusgraph_database815
-- Database version: composite
-- seed value: 1712812407339
CREATE (n0 :L4{k28 : 'jqVr69Wh', k27 : 'QJx', k29 : -918581567, id : 0, k24 : -1847149451, k23 : 'b', k26 : 2033054997, k25 : false});
CREATE (n0 :L6{k39 : 'Xrq8nB3F', k38 : true, k40 : -906430699, k42 : -261733474, k41 : true, id : 1, k37 : 'iSc'});
CREATE (n0 :L5{k31 : 290408178, k30 : '1', k33 : true, id : 2, k32 : 606485032, k35 : 'nslsVfM8V', k34 : 'J', k36 : false});
CREATE (n0 :L1{k5 : false, id : 3, k6 : 393957734, k10 : '6hKdtA8', k8 : '6', k9 : false});
MATCH (n0 {id : 0}), (n1 {id : 3}) MERGE(n0)-[r :T2{k55 : '1jN0', id : 4, k57 : -1031358648, k56 : true, k59 : 'Yppv'}]->(n1);
MATCH (n0 {id : 1}), (n1 {id : 0}) MERGE(n0)-[r :T1{k51 : 'YYLI5Dh', k50 : 'K', k53 : true, id : 5, k54 : true}]->(n1);
OPTIONAL MATCH (n0), (n0) WHERE (-1571991682 <= 1023246742) REMOVE n0.k2 SET n0.k=false RETURN *, n0 AS a0;
OPTIONAL MATCH ( n0 ) ,( n0 ) WHERE ( CASE WHEN TRUE THEN -1571991682 <= 1023246742 END ) REMOVE n0 . k2 WITH * UNWIND [1] as l0 FOREACH(f in [1]|SET n0 . k = CASE WHEN FALSE THEN NULL ELSE false END ) WITH * RETURN * , n0 AS a0 ;
MATCH (a) RETURN count(a);
MATCH (b)-[a]->(c) RETURN count(a);
MATCH (b)-[a]->(c) RETURN count(a);
MATCH (n0 :L1{k10:NULL})-[]-() MATCH (n0)-[]-(), (n1)-[]-() DETACH DELETE n1  RETURN false AS a0;
MATCH ( n0 : L1 { k10 : NULL } ) - [ ] - ( ) WITH * WITH * MATCH ( n0 ) - [ ] - ( ) ,( n1 ) - [ ] - ( ) DETACH DELETE n1 WITH * UNWIND [1] as l0 RETURN false AS a0 ;
MATCH (a) RETURN count(a);
MATCH (a) RETURN count(a);
MATCH (b)-[a]->(c) RETURN count(a);
MATCH (b)-[a]->(c) RETURN count(a);
WITH * MATCH p0=({k9:NULL})-[r0]-(n0)<-[r1 :T1{k50:substring(NULL, toIntegerOrNull(abs(-133771311)), toIntegerOrNull(abs(CASE WHEN (true OR false) THEN NULL END)))}]-( :L6{k38:isEmpty([r0])}) WHERE false SET n0.k=round((r1.k52)) RETURN 1 AS a0, 1 AS a1 UNION ALL MERGE (n0 :L6{k38:false, id:6})-[r0 :T1{id:7}]-({id:8}) REMOVE n0.k2 DETACH DELETE r0  RETURN 1 AS a0, 1 AS a1;
WITH * MATCH p0=({k9:NULL})-[r0]-(n0)<-[r1 :T1{k50:substring(NULL, toIntegerOrNull(abs(-133771311)), toIntegerOrNull(abs(CASE WHEN (true OR false) THEN NULL END)))}]-( :L6{k38:isEmpty([r0])}) WHERE false WITH * SET n0 . k = round ( ( r1 . k52 ) ) RETURN CASE WHEN TRUE THEN 1 END AS a0 , 1 AS a1 UNION ALL MERGE ( n0 : L6 { k38 : false , id : 6 } ) - [ r0 : T1 { id : 7 } ] - ( { id : 8 } ) WITH * WITH * CALL{WITH *REMOVE n0 . k2 } DETACH DELETE r0 RETURN 1 AS a0 , CASE WHEN TRUE THEN 1 END AS a1 ;
MATCH (a) RETURN count(a);
MATCH (a) RETURN count(a);
MATCH (b)-[a]->(c) RETURN count(a);
MATCH (b)-[a]->(c) RETURN count(a);
MATCH (n0)<-[r0]-( :L4), p0=() DETACH DELETE r0  SET n0.k=NULL RETURN 1 AS a0, n0 AS a1 ORDER BY a1 DESC;
MATCH (n0)<-[r0]-( :L4),p0=() DETACH DELETE r0 WITH * CALL{WITH *SET n0 . k = NULL } RETURN 1 AS a0 , CASE WHEN FALSE THEN NULL ELSE n0 END AS a1 ORDER BY a1 DESC SKIP 1 ;
