-- Time: 2024/04/11 13:16:34
-- Database: janusgraph_database37
-- Database version: composite
-- seed value: 1712812406518
CREATE (n0 :L5{k29 : -2046634801, k31 : false, k30 : false, k33 : 'h', id : 0, k32 : 'hlHnqs5LQ', k35 : 1163138709, k34 : true});
CREATE (n0 :L5{k29 : -1111143095, k31 : false, k30 : false, k33 : '9wdFVE', id : 1, k32 : 's06N3', k35 : -1366974868, k34 : true});
CREATE (n0 :L4{k28 : 438840657, k27 : true, id : 2, k24 : true, k26 : true, k25 : false});
CREATE (n0 :L1{k11 : false, id : 3, k10 : 391281868, k7 : true, k8 : -781863565, k12 : 'j3', k9 : 'XrN'});
MATCH (n0 {id : 3}), (n1 {id : 3}) MERGE(n0)-[r :T3{k60 : 1857504616, k62 : 'k8doFxqGR', k61 : -114217773, k64 : false, k63 : 806233463, id : 4, k65 : 'Ty6xUtxH'}]->(n1);
MATCH (n0 {id : 1}), (n1 {id : 0}) MERGE(n0)-[r :T1{k51 : 'Jic4', k52 : true, id : 5, k54 : -1267776763}]->(n1);
MATCH (n0 {id : 0}), (n1 {id : 1}) MERGE(n0)-[r :T1{k51 : 'b', k50 : 1473160177, k53 : 'l', k52 : true, id : 6, k54 : 1811267871}]->(n1);
MATCH (n0 {id : 1}), (n1 {id : 0}) MERGE(n0)-[r :T2{k55 : false, id : 7, k57 : 'Kcz', k58 : -1806722279}]->(n1);
MATCH (n0 {id : 2}), (n1 {id : 2}) MERGE(n0)-[r :T4{k71 : -1712181524, k70 : 'd', id : 8, k68 : -206938133, k67 : 1742014664, k69 : 'e'}]->(n1);
OPTIONAL MATCH () WHERE exists(()-[]-()) OPTIONAL MATCH (n0{k35:NULL}) MERGE ( :L5{id:9}) RETURN 1 AS a0, n0 AS a1;
OPTIONAL MATCH ( ) WHERE exists ( ( ) - [ ] - ( ) ) OPTIONAL MATCH ( n0 { k35 : NULL } ) UNWIND 1 as l0 MERGE pp0=( : L5 { id : 9 } ) RETURN CASE WHEN FALSE THEN NULL ELSE 1 END AS a0 , n0 AS a1 LIMIT 1 ;
MATCH (a) RETURN count(a);
MATCH (b)-[a]->(c) RETURN count(a);
MATCH (b)-[a]->(c) RETURN count(a);
CREATE ({id:10})<-[r0 :T1{id:11}]-(n0{id:12}), ( :L5{id:13})<-[ :T1{id:14}]-({k35:NULL, id:15}) MERGE (n1{id:16})<-[r1 :T1{id:17}]-({id:18}) SET n1.k=(r1.k51) RETURN 1 AS a0;
CREATE ( { id : 10 } ) < - [ r0 : T1 { id : CASE WHEN TRUE THEN 11 END } ] - ( n0 { id : 12 } ) CREATE (m0: L5 { id : 13 } )CREATE (m0)< - [ : T1 { id : 14 } ] - ( { k35 : NULL , id : 15 } ) WITH * UNWIND [NULL] as l0 MERGE ( n1 { id : 16 } ) < - [ r1 : T1 { id : 17 } ] - ( { id : 18 } ) SET n1 . k = CASE WHEN FALSE THEN NULL ELSE ( r1 . k51 ) END RETURN 1 AS a0 SKIP 1 ;
