-- Time: 2024/04/11 13:17:24
-- Database: janusgraph_database48
-- Database version: composite
-- seed value: 1712812406529
CREATE (n0 {id : 0});
CREATE (n0 :L6{k39 : 'IT7', k38 : 't', k40 : 1309747157, id : 1, k35 : 'P', k37 : -1430691495, k36 : 482675514});
CREATE (n0 {id : 2});
CREATE (n0 :L4{k28 : 'C0', k27 : 's7Kpqt3B', k29 : false, id : 3, k24 : 'X', k23 : 'kAydbth', k26 : -1693538505, k25 : 1042006760});
MATCH (n0 {id : 2}), (n1 {id : 1}) MERGE(n0)-[r :T0{k42 : true, k44 : 'I6inOWhTM', id : 4, k43 : -1586888545, k46 : -1882148196, k45 : -1479686214, k47 : -704211229}]->(n1);
MATCH (n0 {id : 2}), (n1 {id : 3}) MERGE(n0)-[r :T1{k49 : false, k51 : 2101522642, k50 : 'pJi', k53 : 'SX', id : 5, k48 : 2013608043}]->(n1);
MATCH (n0 {id : 3}), (n1 {id : 1}) MERGE(n0)-[r :T2{k55 : 751329888, id : 6, k57 : -1166890976, k56 : 'JGgNeY', k59 : false, k58 : 'iBwZ'}]->(n1);
MATCH (n0 {id : 2}), (n1 {id : 3}) MERGE(n0)-[r :T2{k60 : 'Rj9qf', k61 : 616971590, k55 : 1660742979, id : 7, k57 : -484560491, k56 : 'BT', k59 : false, k58 : 'WT'}]->(n1);
MATCH (n0 {id : 0}), (n1 {id : 3}) MERGE(n0)-[r :T4{k71 : -1111243035, k70 : false, k73 : false, k72 : 'kD', k74 : true, id : 8, k68 : true, k69 : 'x'}]->(n1);
MATCH (n0 {id : 0}), (n1 {id : 2}) MERGE(n0)-[r :T2{k60 : 'EZjHH', k61 : 1028184749, k55 : -271869163, id : 9, k57 : 1986112811, k56 : '3P', k59 : false, k58 : 'jeq'}]->(n1);
UNWIND [NULL, false] AS a0 CREATE (n0 :L4{id:10})-[ :T2{k59:true, id:11}]->(n1{id:12}) CREATE (n2{id:13}), (n3 :L6{k37:388340660, id:14}) RETURN DISTINCT 1 AS a1 UNION UNWIND NULL AS a0 CREATE (n0{id:15}), ({id:16}) CREATE p0=(n1{id:17}) RETURN a0 AS a1 ORDER BY CASE WHEN NULL THEN [x IN [NULL, NULL]|NULL] END;
UNWIND [ NULL , false ] AS a0 UNWIND [1] as l0 CREATE ( n0 : L4 { id : 10 } ) - [ : T2 { k59 : true , id : CASE WHEN FALSE THEN NULL ELSE 11 END } ] - > ( n1 { id : 12 } ) CREATE ( n2 { id : 13 } ) CREATE ( n3 : L6 { k37 : 388340660 , id : CASE WHEN TRUE THEN 14 END } ) RETURN DISTINCT 1 AS a1 UNION UNWIND NULL AS a0 CREATE ( n0 { id : 15 } ) CREATE ( { id : 16 } ) CREATE p0 = ( n1 { id : 17 } ) RETURN a0 AS a1 ORDER BY CASE WHEN NULL THEN [x IN [NULL, NULL]|NULL] END ;
MATCH (a) RETURN count(a);
MATCH (b)-[a]->(c) RETURN count(a);
MATCH (b)-[a]->(c) RETURN count(a);
CREATE ({id:18})-[r1 :T4{id:19}]->( :L4{id:20}), (n2{id:21})-[ :T2{id:22}]->( :L4{k29:((NULL STARTS WITH reverse(reverse('KUiD1VPql'))) IS NOT NULL), id:23}) MERGE ({id:24})-[ :T4{id:25}]-(n3{k26:(1/1205940903), id:26})<-[ :T1{k51:966784846, id:27}]-(n4{id:28}) CREATE (n5{id:29})-[ :T4{k70:NULL, id:30}]->(n6{id:31}) RETURN n3 AS a4, 1 AS a5 LIMIT 1;
CREATE ( { id : CASE WHEN TRUE THEN 18 END } ) - [ r1 : T4 { id : 19 } ] - > ( : L4 { id : 20 } ) CREATE (n2{ id : 21 } )CREATE (n2)- [ : T2 { id : 22 } ] - > ( : L4 { k29 : ( ( CASE WHEN FALSE THEN NULL ELSE NULL STARTS WITH reverse ( reverse ( 'KUiD1VPql' ) ) END ) IS NOT NULL ) , id : 23 } ) MERGE ( { id : 24 } ) - [ : T4 { id : 25 } ] - ( n3 { k26 : ( 1 / 1205940903 ) , id : 26 } ) < - [ : T1 { k51 : 966784846 , id : 27 } ] - ( n4 { id : 28 } ) WITH * OPTIONAL MATCH ()-[:TYPE]-() CREATE (n5{ id : 29 } )CREATE (n5)- [ : T4 { k70 : NULL , id : 30 } ] - > ( n6 { id : 31 } ) RETURN n3 AS a4 , 1 AS a5 LIMIT 1 ;
MATCH (a) RETURN count(a);
MATCH (a) RETURN count(a);
MATCH (b)-[a]->(c) RETURN count(a);
MATCH (b)-[a]->(c) RETURN count(a);
UNWIND relationships(NULL) AS a0 OPTIONAL MATCH (n0), ()-[]-(n0) WHERE true REMOVE n0.k2 RETURN 1 AS a1, n0 AS a2 LIMIT 1;
UNWIND relationships ( CASE WHEN TRUE THEN NULL END ) AS a0 OPTIONAL MATCH (n0),(nn0),()<-[m1]-(),(n0) WHERE exists((nn0)-[m1]-(n0)) AND (true )REMOVE n0 . k2 RETURN 1 AS a1 , n0 AS a2 ORDER BY 1 LIMIT 1 ;
MATCH (a) RETURN count(a);
MATCH (a) RETURN count(a);
MATCH (b)-[a]->(c) RETURN count(a);
MATCH (b)-[a]->(c) RETURN count(a);
MERGE (n0{k29:true, id:32})-[r0 :T2{id:33}]-({id:34}) CREATE (n1{id:35}), ({id:36})<-[ :T4{id:37}]-({id:38})-[r1 :T2{id:39}]->({id:40}) MERGE (n2{id:41})-[r2 :T2{k57:-733733600, id:42}]-(n3{id:43}) RETURN n0 AS a0, 1 AS a1;
MERGE ( n0 { k29 : true , id : 32 } ) - [ r0 : T2 { id : CASE WHEN TRUE THEN 33 END } ] - ( { id : CASE WHEN TRUE THEN 34 END } ) CREATE ( n1 { id : 35 } ) CREATE (m0{ id : 36 } )CREATE (m0)< - [ : T4 { id : 37 } ] - ( { id : 38 } ) - [ r1 : T2 { id : 39 } ] - > ( { id : 40 } ) MERGE ( n2 { id : CASE WHEN FALSE THEN NULL ELSE 41 END } ) - [ r2 : T2 { k57 : -733733600 , id : 42 } ] - ( n3 { id : 43 } ) WITH * RETURN n0 AS a0 , 1 AS a1 ;
