-- Time: 2024/04/11 14:32:37
-- Database: janusgraph_database1064
-- Database version: composite
-- seed value: 1712812407589
CREATE (n0 :L0{k0 : 1960098492, k1 : -676797469, k3 : '2', k5 : 1190035426, id : 0});
CREATE (n0 {id : 1});
CREATE (n0 {id : 2});
CREATE (n0 :L2{k17 : 'wQ', k16 : -539253011, k18 : true, id : 3, k15 : false, k14 : false});
MATCH (n0 {id : 2}), (n1 {id : 3}) MERGE(n0)-[r :T1{k39 : false, k38 : 'fDeGZuw', k40 : 473000695, k41 : true, id : 4, k37 : 1233140320}]->(n1);
MATCH (n0 {id : 0}), (n1 {id : 1}) MERGE(n0)-[r :T0{k31 : 170299538, k30 : 'Zr', k33 : true, id : 5, k35 : '8', k36 : true}]->(n1);
MATCH (n0 {id : 3}), (n1 {id : 0}) MERGE(n0)-[r :T5{k62 : 887162514, k64 : 'c8', k63 : -1353203556, k66 : 1742443195, id : 6, k65 : true, k67 : 'r'}]->(n1);
MATCH (n0 {id : 2}), (n1 {id : 1}) MERGE(n0)-[r :T2{k42 : 'Y', k44 : -326033971, id : 7, k43 : -227819267, k45 : true, k47 : false}]->(n1);
MATCH (n0 {id : 3}), (n1 {id : 1}) MERGE(n0)-[r :T5{k62 : -1098660424, k64 : 't', k63 : 98052334, k66 : 1742443195, id : 8, k65 : true, k67 : 'OnLBAfHQ'}]->(n1);
MERGE ({id:9}) MERGE (n2{id:10}) REMOVE n2.k2 RETURN 1 AS a1 LIMIT 1 UNION ALL UNWIND [{k1: NULL, k2: NULL}, properties(NULL)] AS a0 CREATE ({id:11})-[r0 :T1{id:12}]->(n0{id:13}), ({id:14}) CREATE (n1{id:15})-[ :T1{k41:true, id:16}]->(n2{id:17}), ({id:18})<-[ :T2{k45:false, id:19}]-({id:20}) RETURN 1 AS a1;
MERGE pp0=( { id : 9 } ) WITH * UNWIND [1] as l0 MERGE pp1=( n2 { id : 10 } ) REMOVE n2 . k2 RETURN 1 AS a1 ORDER BY FALSE LIMIT 1 UNION ALL UNWIND CASE WHEN TRUE THEN [ { k1 : NULL , k2 : NULL } , properties ( NULL ) ] END AS a0 CREATE (n0{id:13})<-[ r0 : T1 { id : CASE WHEN TRUE THEN 12 END } ] -( { id : 11 } ) CREATE ( { id : CASE WHEN FALSE THEN NULL ELSE 14 END } ) CREATE ( n1 { id : 15 } ) - [ : T1 { k41 : true , id : 16 } ] - > ( n2 { id : 17 } ) CREATE ({id:20})-[ : T2 { k45 : false , id : 19 } ] ->( { id : 18 } ) RETURN 1 AS a1 ;
MATCH (a) RETURN count(a);
MATCH (b)-[a]->(c) RETURN count(a);
MATCH (b)-[a]->(c) RETURN count(a);
MERGE p0=( :L0{id:21})<-[r0 :T5{id:22}]-(n0 :L2{k14:false, id:23}) SET n0.k=false SET n0.k=(r0.k63) RETURN p0 AS a0;
MERGE p0 = ( : L0 { id : 21 } ) < - [ r0 : T5 { id : 22 } ] - ( n0 : L2 { k14 : CASE WHEN TRUE THEN false END , id : 23 } ) SET n0 . k = false WITH * UNWIND 1 as l0 SET n0 . k = ( r0 . k63 ) RETURN p0 AS a0 LIMIT 1 ;
