-- Time: 2024/04/11 14:08:13
-- Database: janusgraph_database735
-- Database version: composite
-- seed value: 1712812407259
CREATE (n0 {id : 0});
CREATE (n0 :L2{k11 : 'OF', id : 1, k10 : true, k13 : -1787535983, k12 : -128931298, k15 : 'zP2NT', k14 : 'N8'});
CREATE (n0 :L4{k22 : false, id : 2, k21 : false, k24 : false, k23 : true, k25 : 's'});
CREATE (n0 :L1{k5 : 1791524022, id : 3, k6 : -1340486388, k7 : 779350723, k8 : 'h', k9 : true});
MATCH (n0 {id : 2}), (n1 {id : 3}) MERGE(n0)-[r :T0{k39 : true, k40 : -1085853917, k42 : 57712407, k41 : 542859614, k44 : false, id : 4, k43 : -714519404, k45 : true}]->(n1);
MATCH (n0 {id : 1}), (n1 {id : 2}) MERGE(n0)-[r :T5{k71 : -1397303182, k70 : 'ED', k73 : 'L6', k74 : 1037336574, id : 5, k69 : false}]->(n1);
MATCH (n0 {id : 1}), (n1 {id : 1}) MERGE(n0)-[r :T0{k39 : false, k40 : -639078951, k42 : -599597692, k41 : 542859614, k44 : false, id : 6, k43 : -1262380059, k45 : true}]->(n1);
MATCH (n0 {id : 1}), (n1 {id : 2}) MERGE(n0)-[r :T2{k51 : -1207648796, k53 : false, k52 : false, k55 : -1892248963, id : 7, k54 : 166306634, k56 : 'l8a'}]->(n1);
MATCH (n0 {id : 0}), (n1 {id : 2}) MERGE(n0)-[r :T5{k71 : -446196701, k73 : '8xOy', k72 : 377298889, k74 : -1923684147, id : 8, k69 : true}]->(n1);
MATCH (n0 {id : 3}), (n1 {id : 3}) MERGE(n0)-[r :T5{k70 : 'BTg', k73 : 'u3v3VIb', k72 : 1818777768, k74 : -623251336, id : 9}]->(n1);
MATCH (n0 {id : 1}), (n1 {id : 0}) MERGE(n0)-[r :T3{k60 : 'CUWY', k61 : -1593940217, id : 10, k57 : '6hY', k59 : true, k58 : false}]->(n1);
MATCH (n0 :L4), ()-[r0]-(n1) WHERE (n0.k21) OPTIONAL MATCH ()-[*0..1]->({k7:round(NULL)}), (n2 :L2)-[ :T0{k42:-2072599012}]->(n3) SET n2.k=NULL RETURN 1 AS a0 LIMIT 1;
MATCH ( n0 : L4 ) ,()-[*0..0]-( ) - [ r0 ] - ( n1 ) WHERE ( n0 . k21 ) UNWIND [NULL] as l0 OPTIONAL MATCH ( ) - [ * 0 .. 1 ] - > ( { k7 : round ( NULL ) } ) ,(n2)-[*0..0]-( n2 : L2 ) - [ : T0 { k42 : -2072599012 } ] - > ( n3 ) SET n2 . k = CASE WHEN TRUE THEN NULL END WITH * UNWIND [NULL] as l1 RETURN 1 AS a0 LIMIT 1 ;
MATCH (a) RETURN count(a);
MATCH (b)-[a]->(c) RETURN count(a);
MATCH (b)-[a]->(c) RETURN count(a);
MERGE (n0 :L4{k22:false, id:11}) CREATE (n1{id:12})<-[r0 :T5{id:13}]-(n2{id:14}), (n3{k21:false, id:15}) REMOVE n0.k2 RETURN n0 AS a0, (n0.k25) AS a1 UNION ALL CREATE (n0{id:16}) MERGE p0=(n1 :L2{id:17})-[r0 :T3{id:18}]-({id:19}) MERGE ({id:20}) RETURN r0 AS a0, n1 AS a1;
MERGE ( n0 : L4 { k22 : false , id : 11 } ) CREATE (n1{ id : 12 } )CREATE (n1)< - [ r0 : T5 { id : 13 } ] - ( n2 { id : 14 } ) CREATE ( n3 { k21 : false , id : 15 } ) REMOVE n0 . k2 WITH * RETURN n0 AS a0 , ( n0 . k25 ) AS a1 UNION ALL CREATE ( n0 { id : 16 } ) WITH * MERGE p0 = ( n1 : L2 { id : 17 } ) - [ r0 : T3 { id : 18 } ] - ( { id : 19 } ) WITH * OPTIONAL MATCH ()-[:TYPE]-() MERGE ( { id : 20 } ) WITH * OPTIONAL MATCH ()-[:TYPE]-() RETURN r0 AS a0 , CASE WHEN FALSE THEN NULL ELSE n1 END AS a1 ;
MATCH (a) RETURN count(a);
MATCH (a) RETURN count(a);
MATCH (b)-[a]->(c) RETURN count(a);
MATCH (b)-[a]->(c) RETURN count(a);
UNWIND [x IN [(-1665860789+NULL), (-1719401977-toIntegerList([])[toIntegerOrNull(abs(-2088069960))])]|NULL] AS a0 CREATE ({id:21}) CREATE (n0{id:22}) RETURN 1 AS a1;
UNWIND [ x IN [ ( -1665860789 + NULL ) , ( -1719401977 - toIntegerList ( ([]+[ ] )) [ toIntegerOrNull ( abs ( -2088069960 ) ) ] ) ] | NULL ] AS a0 CREATE ( { id : 21 } ) CREATE ( n0 { id : 22 } ) RETURN 1 AS a1 ;
MATCH (a) RETURN count(a);
MATCH (a) RETURN count(a);
MATCH (b)-[a]->(c) RETURN count(a);
MATCH (b)-[a]->(c) RETURN count(a);
OPTIONAL MATCH (n0)<-[]-(n1{k11:'VL'})-[r0]-() WHERE NULL DETACH DELETE r0  MERGE p0=(n2{k11:'DjETG', id:23}) RETURN * LIMIT 1;
OPTIONAL MATCH ( n0 ) < - [ ] - ( n1 { k11 : 'VL' } ) - [ r0 ] - ( ) WHERE NULL DETACH DELETE r0 WITH * MERGE p0 = ( n2 { k11 : 'DjETG' , id : 23 } ) RETURN * LIMIT 1 ;
