-- Time: 2024/04/11 14:27:12
-- Database: janusgraph_database991
-- Database version: composite
-- seed value: 1712812407516
CREATE (n0 :L1{k5 : 1953804011, id : 0, k6 : 847418297, k10 : 1880841723, k8 : false, k9 : -1553874042});
CREATE (n0 :L3{k17 : 'w', k16 : 'b9F', k19 : -1897395145, k18 : true, k20 : 1476009474, k22 : 'V', id : 1});
CREATE (n0 :L3{k17 : 'BSAef51qN', k16 : 'i', k19 : -1018167422, k18 : true, k20 : -877658958, id : 2, k21 : 'py5DPH'});
CREATE (n0 :L3{k17 : 'BSAef51qN', k16 : 'Gc6yO', k19 : 2047957165, k18 : true, k20 : 1305329197, k22 : 'C5FXp', id : 3, k21 : 'c'});
MATCH (n0 {id : 1}), (n1 {id : 0}) MERGE(n0)-[r :T3{k49 : -2096040416, k50 : true, k53 : -398446582, k52 : 'GvsJwx5mu', id : 4, k47 : -1323358354}]->(n1);
MATCH (n0 {id : 3}), (n1 {id : 0}) MERGE(n0)-[r :T1{k39 : -2071051079, k38 : 'c', k40 : false, id : 5, k35 : 1808286746, k37 : 312813507, k36 : 607908187}]->(n1);
MATCH (n0 {id : 3}), (n1 {id : 2}) MERGE(n0)-[r :T1{k39 : 1811766602, k38 : '7', k40 : true, id : 6, k35 : -1366676574, k36 : -1462415700}]->(n1);
MATCH (n0 {id : 3}), (n1 {id : 2}) MERGE(n0)-[r :T2{k42 : -1358173101, k41 : 886431037, k44 : false, id : 7, k43 : true, k46 : 'UzgtIxD'}]->(n1);
MATCH (n0 {id : 2}), (n1 {id : 1}) MERGE(n0)-[r :T4{id : 8, k54 : true, k57 : -440148098, k59 : false}]->(n1);
MATCH (n0 {id : 2}), (n1 {id : 1}) MERGE(n0)-[r :T4{k55 : 1788220470, id : 9, k54 : false, k57 : -1948466210, k56 : 'JE', k59 : false, k58 : -1412813661}]->(n1);
MATCH (n0 {id : 1}), (n1 {id : 0}) MERGE(n0)-[r :T2{k42 : -2125630288, k41 : -770353404, k44 : true, id : 10, k43 : false, k46 : 'utVit1x8', k45 : true}]->(n1);
MATCH (n2{k19:-109239481})-[]-(n3)<-[r0]-(n4), p0=()-[r1]->(n5) MATCH (n6)<-[]-() WHERE ('6' > 'i') CREATE ({id:11})<-[r2 :T3{k53:-1472499212, id:12}]-( :L3{k19:length(NULL), id:13})<-[ :T4{id:14}]-(n7{k16:NULL, id:15}) RETURN 1 AS a3 UNION CREATE (n6{id:16}), p0=({k10:1153475570, id:17})<-[r3 :T2{id:18}]-(n7{k16:toStringOrNull(NULL), id:19})<-[ :T4{id:20}]-(n8{id:21}) MERGE (n9{id:22}) CREATE (n10{id:23})-[r4 :T4{id:24}]->(n11{k16:NULL, id:25})<-[r5 :T4{id:26}]-({k16:'D', id:27}), p1=(n12 :L1{id:28}) RETURN NULL AS a3;
MATCH ( n2 { k19 : -109239481 } ) - [ ] - ( n3 ) < - [ r0 ] - ( n4 ) ,p0 = ( ) - [ r1 ] - > ( n5 ) WITH * WHERE TRUE MATCH (n6)-[*0..0]-( n6 ) < - [ ] - ( ) WHERE ( '6' > 'i' ) WITH * CREATE ( { id : 11 } ) < - [ r2 : T3 { k53 : CASE WHEN FALSE THEN NULL ELSE -1472499212 END , id : 12 } ] - ( : L3 { k19 : length ( NULL ) , id : CASE WHEN FALSE THEN NULL ELSE 13 END } ) < - [ : T4 { id : 14 } ] - ( n7 { k16 : NULL , id : 15 } ) WITH * OPTIONAL MATCH ()-[:TYPE]-() RETURN CASE WHEN FALSE THEN NULL ELSE 1 END AS a3 UNION CREATE ( n6 { id : 16 } ) CREATE p0 = ( { k10 : 1153475570 , id : 17 } ) < - [ r3 : T2 { id : 18 } ] - ( n7 { k16 : toStringOrNull ( NULL ) , id : 19 } ) < - [ : T4 { id : 20 } ] - ( n8 { id : 21 } ) MERGE ( n9 { id : 22 } ) WITH * OPTIONAL MATCH ()-[:TYPE]-() CREATE ( n10 { id : 23 } ) - [ r4 : T4 { id : 24 } ] - > ( n11 { k16 : NULL , id : 25 } ) < - [ r5 : T4 { id : 26 } ] - ( { k16 : 'D' , id : 27 } ) CREATE p1 = ( n12 : L1 { id : 28 } ) RETURN NULL AS a3 ;
MATCH (a) RETURN count(a);
MATCH (b)-[a]->(c) RETURN count(a);
MATCH (b)-[a]->(c) RETURN count(a);
MATCH (n0)-[r0 :T4{k55:468565612}]-()-[]-({k17:'C'}) OPTIONAL MATCH (n1 :L3) DETACH DELETE n0  RETURN -1149432370 AS a0;
MATCH (n0),()<-[r0:T4{k55:468565612}]-(),(nn0),()<-[m1]-(),(nn2) WHERE exists((n0)-[r0]-(nn0)-[m1]-(nn2{k17:'C'})) OPTIONAL MATCH ()-[:TYPE]-() OPTIONAL MATCH ( n1 : L3 ) UNWIND 1 as l0 FOREACH(f in [1]|DETACH DELETE n0 ) RETURN -1149432370 AS a0 ;
MATCH (a) RETURN count(a);
MATCH (a) RETURN count(a);
MATCH (b)-[a]->(c) RETURN count(a);
MATCH (b)-[a]->(c) RETURN count(a);
WITH false AS a0 ORDER BY CASE WHEN NULL THEN NULL END, a0 DESC CREATE p0=( :L1{id:29})<-[ :T3{k52:reverse(NULL), id:30}]-({k21:NULL, id:31}) MERGE ( :L3{id:32})-[r0 :T1{id:33}]-(n0{k19:-1334320640, id:34}) RETURN *, 1 AS a1 ORDER BY a1 DESC;
WITH false AS a0 ORDER BY CASE WHEN NULL THEN NULL END , a0 DESC CREATE p0 = ( : L1 { id : CASE WHEN FALSE THEN NULL ELSE 29 END } ) < - [ : T3 { k52 : CASE WHEN FALSE THEN NULL ELSE reverse ( NULL ) END , id : 30 } ] - ( { k21 : NULL , id : CASE WHEN FALSE THEN NULL ELSE 31 END } ) MERGE ( : L3 { id : 32 } ) - [ r0 : T1 { id : 33 } ] - ( n0 { k19 : -1334320640 , id : 34 } ) WITH * RETURN * , 1 AS a1 ORDER BY a1 DESC ,NULL ;
MATCH (a) RETURN count(a);
MATCH (a) RETURN count(a);
MATCH (b)-[a]->(c) RETURN count(a);
MATCH (b)-[a]->(c) RETURN count(a);
CREATE ( :L3{k21:toStringOrNull(NULL), id:35})<-[ :T1{id:36}]-(n0 :L3{id:37})-[ :T2{id:38}]->(n1{id:39}), (n2 :L3{id:40})-[ :T2{k41:NULL, id:41}]->(n3{id:42})-[ :T4{id:43}]->({id:44}) CREATE (n4{id:45})<-[ :T3{id:46}]-(n5{k18:(-1232762877 < NULL), id:47}), (n6{id:48})<-[ :T1{k35:NULL, id:49}]-({k20:NULL, id:50})-[ :T1{id:51}]->( :L1{id:52}) MERGE ( :L1{k6:-1088462220, id:53})<-[r0 :T2{id:54}]-(n7 :L3{id:55}) RETURN (n7.k19) AS a0;
CREATE ( : L3 { k21 : CASE WHEN FALSE THEN NULL ELSE toStringOrNull ( NULL ) END , id : 35 } ) < - [ : T1 { id : CASE WHEN TRUE THEN 36 END } ] - ( n0 : L3 { id : 37 } ) - [ : T2 { id : 38 } ] - > ( n1 { id : 39 } ) CREATE ( n2 : L3 { id : 40 } ) - [ : T2 { k41 : NULL , id : 41 } ] - > ( n3 { id : 42 } ) - [ : T4 { id : 43 } ] - > ( { id : 44 } ) WITH * OPTIONAL MATCH ()-[:TYPE]-() CREATE ( n4 { id : 45 } ) < - [ : T3 { id : 46 } ] - ( n5 { k18 : ( -1232762877 < NULL ) , id : 47 } ) CREATE ( :L1{id:52})<-[ : T1 { id : 51 } ] -({k20:NULL, id:50})-[ : T1 { k35 : NULL , id : 49 } ] ->( n6 { id : 48 } ) WITH * UNWIND [NULL] as l0 MERGE ( : L1 { k6 : CASE WHEN FALSE THEN NULL ELSE -1088462220 END , id : 53 } ) < - [ r0 : T2 { id : 54 } ] - ( n7 : L3 { id : 55 } ) WITH * OPTIONAL MATCH ()-[:TYPE]-() RETURN ( n7 . k19 ) AS a0 ;
MATCH (a) RETURN count(a);
MATCH (a) RETURN count(a);
MATCH (b)-[a]->(c) RETURN count(a);
MATCH (b)-[a]->(c) RETURN count(a);
OPTIONAL MATCH ()-[]->(n0) UNWIND toIntegerList(NULL) AS a0 MERGE ( :L1{id:56})-[r0 :T3{id:57}]-({id:58})<-[r1 :T4{k54:false, id:59}]-(n1{id:60}) RETURN DISTINCT 1 AS a1, 1 AS a2;
OPTIONAL MATCH ( ) - [ ] - > ( n0 ) UNWIND toIntegerList ( NULL ) AS a0 WITH * MERGE ( : L1 { id : 56 } ) - [ r0 : T3 { id : 57 } ] - ( { id : 58 } ) < - [ r1 : T4 { k54 : false , id : 59 } ] - ( n1 { id : 60 } ) RETURN DISTINCT 1 AS a1 , 1 AS a2 ;
MATCH (a) RETURN count(a);
MATCH (a) RETURN count(a);
MATCH (b)-[a]->(c) RETURN count(a);
MATCH (b)-[a]->(c) RETURN count(a);
MERGE ({id:61})-[r0 :T1{k39:-864362915, id:62}]-(n0{id:63})-[r1 :T4{id:64}]-({id:65}) MERGE ( :L3{id:66}) REMOVE n0.k2 RETURN n0 AS a0, round((r1.k57)) AS a1 ORDER BY NULL, a1;
MERGE pp0=( { id : 61 } ) - [ r0 : T1 { k39 : -864362915 , id : 62 } ] - ( n0 { id : 63 } ) - [ r1 : T4 { id : 64 } ] - ( { id : 65 } ) MERGE ( : L3 { id : 66 } ) WITH * REMOVE n0 . k2 RETURN n0 AS a0 , round ( ( r1 . k57 ) ) AS a1 ORDER BY NULL, a1 ,1 ;
MATCH (a) RETURN count(a);
MATCH (a) RETURN count(a);
MATCH (b)-[a]->(c) RETURN count(a);
MATCH (b)-[a]->(c) RETURN count(a);
WITH * LIMIT 0 OPTIONAL MATCH p0=(n0)-[*..2]->(n1)-[ :T2{k43:NULL}]-() CREATE (n2 :L3{id:67})-[ :T2{id:68}]->(n3{id:69})<-[r0 :T3{id:70}]-( :L3{id:71}), (n4{k17:NULL, id:72}) RETURN 1 AS a0, 1 AS a1;
WITH * LIMIT 0 WITH * OPTIONAL MATCH p0=(n0)-[*..2]->(n1)-[ :T2{k43:NULL}]-() OPTIONAL MATCH ()-[:TYPE]-() CREATE ( n2 : L3 { id : 67 } ) - [ : T2 { id : 68 } ] - > ( n3 { id : CASE WHEN FALSE THEN NULL ELSE 69 END } ) < - [ r0 : T3 { id : 70 } ] - ( : L3 { id : 71 } ) CREATE ( n4 { k17 : NULL , id : 72 } ) WITH * OPTIONAL MATCH ()-[:TYPE]-() RETURN 1 AS a0 , 1 AS a1 ;
MATCH (a) RETURN count(a);
MATCH (a) RETURN count(a);
MATCH (b)-[a]->(c) RETURN count(a);
MATCH (b)-[a]->(c) RETURN count(a);
MERGE (n0 :L3{id:73}) DETACH DELETE n0  MERGE p0=({id:74})-[r0 :T2{id:75}]->(n1 :L3{id:76})-[r1 :T4{id:77}]-({k21:'v', id:78}) RETURN DISTINCT p0 AS a0, p0 AS a1 ORDER BY a0, a1 DESC;
MERGE ( n0 : L3 { id : 73 } ) DETACH DELETE n0 WITH * OPTIONAL MATCH ()-[:TYPE]-() MERGE p0 = ( { id : 74 } ) - [ r0 : T2 { id : 75 } ] - > ( n1 : L3 { id : 76 } ) - [ r1 : T4 { id : 77 } ] - ( { k21 : 'v' , id : 78 } ) RETURN DISTINCT p0 AS a0 , p0 AS a1 ORDER BY a0, a1 DESC ;
