-- Time: 2024/04/11 13:18:22
-- Database: janusgraph_database61
-- Database version: composite
-- seed value: 1712812406542
CREATE (n0 :L4{k28 : 'QJgfRuxz', k27 : '3VENJg', k29 : true, k30 : '1UMKFJAon', id : 0, k26 : 'UE'});
CREATE (n0 :L3{k19 : true, k20 : -1172878292, k22 : 'CjTra', id : 1, k21 : -653635124, k24 : 'DIY', k23 : false, k25 : -97704311});
CREATE (n0 {id : 2});
CREATE (n0 {id : 3});
MATCH (n0 {id : 2}), (n1 {id : 2}) MERGE(n0)-[r :T4{k62 : 'v', k61 : '2yw', id : 4, k57 : true, k56 : -1194128212, k59 : 'i', k58 : -1036203951}]->(n1);
MATCH (n0 {id : 3}), (n1 {id : 3}) MERGE(n0)-[r :T4{k60 : 't2', k62 : 'r', k61 : '4GNJdWtSA', id : 5, k57 : false, k56 : -1558889413, k58 : 1440647966}]->(n1);
MATCH (n0 {id : 2}), (n1 {id : 2}) MERGE(n0)-[r :T0{k31 : 1126418806, k33 : false, id : 6, k32 : 'rxK', k35 : false, k34 : false, k37 : 'c', k36 : false}]->(n1);
MATCH (n0 {id : 1}), (n1 {id : 0}) MERGE(n0)-[r :T1{k39 : 'r', k38 : 'fp', k40 : false, k42 : '8aC6Jy', k41 : false, id : 7, k43 : false}]->(n1);
MATCH (n0 {id : 1}), (n1 {id : 0}) MERGE(n0)-[r :T3{k51 : -1109666356, k50 : -1583695720, k52 : -934588058, id : 8, k54 : 'Hm'}]->(n1);
CREATE ({k26:'tW', id:9}), (n0{id:10})<-[r0 :T3{id:11}]-({id:12})-[r1 :T1{k39:toStringList(NULL)[toIntegerOrNull(abs(size(NULL)))], id:13}]->({id:14}) CREATE p0=(n1{id:15})-[r2 :T4{id:16}]->(n2{id:17}), ( :L4{id:18})<-[ :T1{k42:NULL, id:19}]-(n3{id:20})-[r3 :T3{id:21}]->({k28:NULL, id:22}) MERGE (n4{id:23}) RETURN NULL AS a0;
CREATE ( { k26 : ('tW' +'') , id : 9 } ) CREATE ({id:14})<-[ r1 : T1 { k39 : CASE WHEN FALSE THEN NULL ELSE toStringList ( CASE WHEN TRUE THEN NULL END ) [ toIntegerOrNull ( abs ( size ( NULL ) ) ) ] END , id : 13 } ] -({id:12})-[ r0 : T3 { id : 11 } ] ->( n0 { id : 10 } ) CREATE p0 = ( n1 { id : 15 } ) - [ r2 : T4 { id : 16 } ] - > ( n2 { id : 17 } ) CREATE (m0: L4 { id : 18 } )CREATE (m0)< - [ : T1 { k42 : NULL , id : 19 } ] - ( n3 { id : 20 } ) - [ r3 : T3 { id : 21 } ] - > ( { k28 : NULL , id : 22 } ) WITH * OPTIONAL MATCH ()-[:TYPE]-() MERGE ( n4 { id : 23 } ) RETURN NULL AS a0 LIMIT 1 ;
MATCH (a) RETURN count(a);
MATCH (b)-[a]->(c) RETURN count(a);
MATCH (b)-[a]->(c) RETURN count(a);
WITH * WHERE CASE WHEN true THEN isEmpty(NULL) END MATCH (n0{k23:false})-[]-() MERGE ({id:24})-[ :T3{id:25}]->({id:26}) RETURN *;
WITH * WHERE CASE WHEN true THEN isEmpty ( NULL ) OR FALSE END OPTIONAL MATCH ()-[:TYPE]-() MATCH ( n0 { k23 : CASE WHEN FALSE THEN NULL ELSE false END } ) - [ ] - ( ) WHERE TRUE MERGE ( { id : 24 } ) - [ : T3 { id : 25 } ] - > ( { id : 26 } ) RETURN * LIMIT 1 ;
MATCH (a) RETURN count(a);
MATCH (a) RETURN count(a);
MATCH (b)-[a]->(c) RETURN count(a);
MATCH (b)-[a]->(c) RETURN count(a);
CREATE (n0{k19:NULL, id:27}), (n1{id:28})-[r0 :T3{k55:NULL, id:29}]->(n2 :L4{id:30})<-[ :T1{k41:false, id:31}]-(n3 :L3{k24:reverse(NULL), id:32}) MERGE (n4{id:33})-[r1 :T3{k52:1078649404, id:34}]->(n5{id:35})-[r2 :T1{k42:'J', id:36}]-(n6{id:37}) REMOVE n6.k2 RETURN *, n5 AS a0;
CREATE ( n0 { k19 : NULL , id : 27 } ) CREATE ( n1 { id : CASE WHEN FALSE THEN NULL ELSE 28 END } ) - [ r0 : T3 { k55 : NULL , id : 29 } ] - > ( n2 : L4 { id : 30 } ) < - [ : T1 { k41 : false , id : 31 } ] - ( n3 : L3 { k24 : reverse ( NULL ) , id : 32 } ) WITH * UNWIND 1 as l0 MERGE ( n4 { id : 33 } ) - [ r1 : T3 { k52 : 1078649404 , id : CASE WHEN FALSE THEN NULL ELSE 34 END } ] - > ( n5 { id : 35 } ) - [ r2 : T1 { k42 : 'J' , id : 36 } ] - ( n6 { id : 37 } ) REMOVE n6 . k2 RETURN * , n5 AS a0 ;
MATCH (a) RETURN count(a);
MATCH (a) RETURN count(a);
MATCH (b)-[a]->(c) RETURN count(a);
MATCH (b)-[a]->(c) RETURN count(a);
MERGE (n0{id:38})<-[r0 :T3{k52:-351770194, id:39}]-({id:40}) SET n0.k='e' REMOVE n0.k2 RETURN n0 AS a0, 1 AS a1;
MERGE ( n0 { id : 38 } ) < - [ r0 : T3 { k52 : -351770194 , id : 39 } ] - ( { id : 40 } ) SET n0 . k = 'e' WITH * OPTIONAL MATCH ()-[:TYPE]-() FOREACH(f in [1]|REMOVE n0 . k2 ) RETURN n0 AS a0 , 1 AS a1 ;
