-- Time: 2024/04/11 14:16:18
-- Database: janusgraph_database844
-- Database version: composite
-- seed value: 1712812407368
CREATE (n0 :L2{k16 : '6N', id : 0, k13 : 1686197103, k12 : 'pQ5N', k15 : 'W', k14 : false});
CREATE (n0 :L3{k17 : -1137996444, k19 : 'CiaEg6mQ8', k18 : false, k20 : -105277667, id : 1, k21 : false});
CREATE (n0 {id : 2});
CREATE (n0 :L3{k19 : 'AC', k18 : false, k20 : 102607566, id : 3, k21 : true});
MATCH (n0 {id : 2}), (n1 {id : 0}) MERGE(n0)-[r :T4{k53 : -1189977909, k55 : false, id : 4, k54 : 'FtqcmL', k57 : -1457430447, k56 : 'k', k58 : 133128293}]->(n1);
MATCH (n0 {id : 3}), (n1 {id : 0}) MERGE(n0)-[r :T1{k39 : -1766036453, k40 : 'YLHhseTq', id : 5, k35 : false, k34 : 'P', k37 : -786804628, k36 : 'JlZ7d88nW'}]->(n1);
MATCH (n0 {id : 3}), (n1 {id : 3}) MERGE(n0)-[r :T5{k60 : 1144485251, k62 : true, k61 : 'O3RSH', k63 : true, id : 6, k59 : 'H'}]->(n1);
MATCH (n0 {id : 2}), (n1 {id : 2}) MERGE(n0)-[r :T4{k53 : 1936173532, k52 : -1079628541, k55 : false, id : 7, k54 : 'LCK', k57 : -441200733, k56 : 'C', k58 : 1158990260}]->(n1);
MATCH (n0 {id : 1}), (n1 {id : 2}) MERGE(n0)-[r :T5{k60 : -499214726, k62 : true, k61 : 'OA3', k63 : false, id : 8, k59 : 'W'}]->(n1);
OPTIONAL MATCH (n0) SET n0.k='2' DETACH DELETE n0  RETURN 'U' AS a0, 1 AS a1 UNION MERGE p0=(n0{id:9})-[r0 :T4{id:10}]->(n1{id:11})<-[r1 :T1{id:12}]-(n2 :L3{k20:463997843, id:13}) SET n1.k='2' REMOVE n0.k2 RETURN n0 AS a0, n1 AS a1;
OPTIONAL MATCH ( n0 ) WITH * SET n0 . k = '2' DETACH DELETE n0 RETURN DISTINCT 'U' AS a0 , 1 AS a1 UNION MERGE p0 = ( n0 { id : 9 } ) - [ r0 : T4 { id : 10 } ] - > ( n1 { id : 11 } ) < - [ r1 : T1 { id : 12 } ] - ( n2 : L3 { k20 : 463997843 , id : 13 } ) SET n1 . k = '2' REMOVE n0 . k2 RETURN n0 AS a0 , n1 AS a1 ;
MATCH (a) RETURN count(a);
MATCH (b)-[a]->(c) RETURN count(a);
MATCH (b)-[a]->(c) RETURN count(a);
UNWIND [(n0)-[]->(n1)|NULL] AS a0 CREATE ({id:14}) CREATE (n2{id:15}), p0=({id:16})-[ :T4{id:17}]->({id:18})-[r0 :T4{k53:(NULL+567591731), id:19}]->(n3{id:20}) RETURN NULL AS a1;
UNWIND [ ( n0 ) - [ ] - > ( n1 ) | NULL ] AS a0 CREATE ( { id : 14 } ) CREATE ( n2 { id : CASE WHEN FALSE THEN NULL ELSE 15 END } ) CREATE p0 = ( { id : 16 } ) - [ : T4 { id : 17 } ] - > ( { id : CASE WHEN FALSE THEN NULL ELSE 18 END } ) - [ r0 : T4 { k53 : ( NULL + 567591731 ) , id : 19 } ] - > ( n3 { id : 20 } ) WITH * OPTIONAL MATCH ()-[:TYPE]-() RETURN NULL AS a1 ;
MATCH (a) RETURN count(a);
MATCH (a) RETURN count(a);
MATCH (b)-[a]->(c) RETURN count(a);
MATCH (b)-[a]->(c) RETURN count(a);
OPTIONAL MATCH (n0), (n0)-[r0 :T5{k63:CASE WHEN false THEN false END}]-(n1) WHERE true CREATE (n2{id:21})-[r1 :T1{id:22}]->({id:23}), (n3 :L2{id:24}) CREATE p0=( :L3{id:25})-[ :T1{k40:toStringOrNull(relationships(NULL)[toIntegerOrNull(abs(1537488601))]), id:26}]->({k12:(r0.k59), id:27})<-[r2 :T4{id:28}]-(n4{id:29}), ({k18:(r0.k63), id:30})-[ :T5{k62:true, id:31}]->({id:32})-[r3 :T4{id:33}]->({id:34}) RETURN n1 AS a0, endNode(relationships(NULL)[toIntegerOrNull(abs(1983571267))]) AS a1 UNION ALL UNWIND NULL AS a0 CREATE ({id:35}), (n0{id:36})-[r0 :T4{k56:toStringOrNull(NULL), id:37}]->({id:38}) CREATE ( :L2{id:39})<-[r1 :T4{id:40}]-({id:41})-[ :T4{k55:(NULL <= NULL), id:42}]->(n1{id:43}), (n2{id:44}) RETURN 1 AS a0, 1 AS a1;
OPTIONAL MATCH (n0)-[*0..0]-( n0 ) ,( n0 ) - [ r0 : T5 { k63 : CASE WHEN CASE WHEN FALSE THEN NULL ELSE false END THEN false END } ] - ( n1 ) WHERE true CREATE ( n2 { id : CASE WHEN FALSE THEN NULL ELSE 21 END } ) - [ r1 : T1 { id : 22 } ] - > ( { id : 23 } ) CREATE ( n3 : L2 { id : 24 } ) CREATE p0 = ( : L3 { id : 25 } ) - [ : T1 { k40 : toStringOrNull ( ([]+relationships ( NULL ) )[ toIntegerOrNull ( abs ( 1537488601 ) ) ] ) , id : 26 } ] - > ( { k12 : CASE WHEN FALSE THEN NULL ELSE ( r0 . k59 ) END , id : 27 } ) < - [ r2 : T4 { id : 28 } ] - ( n4 { id : 29 } ) CREATE (m0{ k18 : ( CASE WHEN FALSE THEN NULL ELSE r0 . k63 END ) , id : 30 } )CREATE (m0)- [ : T5 { k62 : true , id : 31 } ] - > ( { id : 32 } ) - [ r3 : T4 { id : 33 } ] - > ( { id : 34 } ) RETURN n1 AS a0 , endNode ( relationships ( NULL ) [ toIntegerOrNull ( abs ( 1983571267 ) ) ] ) AS a1 ORDER BY FALSE SKIP 1 UNION ALL UNWIND NULL AS a0 OPTIONAL MATCH ()-[:TYPE]-() CREATE ( { id : 35 } ) CREATE ({id:38})<-[ r0 : T4 { k56 : (''+toStringOrNull ( NULL ) ), id : 37 } ] -( n0 { id : CASE WHEN TRUE THEN 36 END } ) CREATE ( : L2 { id : 39 } ) < - [ r1 : T4 { id : 40 } ] - ( { id : 41 } ) - [ : T4 { k55 : ( NULL <= NULL ) , id : 42 } ] - > ( n1 { id : CASE WHEN FALSE THEN NULL ELSE 43 END } ) CREATE ( n2 { id : 44 } ) WITH * RETURN 1 AS a0 , 1 AS a1 ORDER BY NULL ;
MATCH (a) RETURN count(a);
MATCH (a) RETURN count(a);
MATCH (b)-[a]->(c) RETURN count(a);
MATCH (b)-[a]->(c) RETURN count(a);
UNWIND [NULL] AS a0 MERGE p0=({k17:-1118017877, id:45}) DETACH DELETE p0  RETURN 1 AS a1, 1 AS a2 SKIP 0;
UNWIND [ NULL ] AS a0 MERGE p0 = ( { k17 : -1118017877 , id : 45 } ) WITH * OPTIONAL MATCH ()-[:TYPE]-() DETACH DELETE CASE WHEN FALSE THEN NULL ELSE p0 END WITH * RETURN 1 AS a1 , 1 AS a2 SKIP 0 ;
MATCH (a) RETURN count(a);
MATCH (a) RETURN count(a);
MATCH (b)-[a]->(c) RETURN count(a);
MATCH (b)-[a]->(c) RETURN count(a);
UNWIND [NULL, NULL] AS a0 OPTIONAL MATCH (n0)-[r0 :T5{k61:reverse(NULL)}]-(), () MERGE (n1{id:46}) RETURN n0 AS a1 ORDER BY -876206019 DESC;
UNWIND [ NULL , NULL ] AS a0 OPTIONAL MATCH ( n0 ) - [ r0 : T5 { k61 : reverse ( NULL ) } ] - ( ) ,()-[*0..0]-( ) OPTIONAL MATCH ()-[:TYPE]-() MERGE ( n1 { id : 46 } ) WITH * UNWIND 1 as l0 RETURN n0 AS a1 ORDER BY -876206019 DESC ;
MATCH (a) RETURN count(a);
MATCH (a) RETURN count(a);
MATCH (b)-[a]->(c) RETURN count(a);
MATCH (b)-[a]->(c) RETURN count(a);
WITH * MERGE (n0{id:47})-[r0 :T4{id:48}]->(n1{k21:true, id:49}) MERGE (n2{id:50})-[r1 :T4{k54:'2cmlP', id:51}]->(n3{id:52}) RETURN DISTINCT n1 AS a0;
WITH * MERGE ( n0 { id : 47 } ) - [ r0 : T4 { id : CASE WHEN FALSE THEN NULL ELSE 48 END } ] - > ( n1 { k21 : true , id : 49 } ) MERGE ( n2 { id : 50 } ) - [ r1 : T4 { k54 : '2cmlP' , id : 51 } ] - > ( n3 { id : 52 } ) WITH * OPTIONAL MATCH ()-[:TYPE]-() RETURN DISTINCT n1 AS a0 ;
MATCH (a) RETURN count(a);
MATCH (a) RETURN count(a);
MATCH (b)-[a]->(c) RETURN count(a);
MATCH (b)-[a]->(c) RETURN count(a);
CREATE p0=({id:53})<-[ :T4{id:54}]-({id:55})<-[r0 :T5{id:56}]-( :L3{k21:false, id:57}) MERGE (n0{id:58})-[r1 :T5{id:59}]-(n1 :L3{k17:2085928206, id:60}) SET n0.k=elementId(relationships(NULL)[toIntegerOrNull(abs(-1497253750))]) RETURN 1 AS a0, n1 AS a1 LIMIT 0;
CREATE p0 = ( { id : 53 } ) < - [ : T4 { id : 54 } ] - ( { id : 55 } ) < - [ r0 : T5 { id : CASE WHEN FALSE THEN NULL ELSE 56 END } ] - ( : L3 { k21 : false , id : 57 } ) MERGE ( n0 { id : 58 } ) - [ r1 : T5 { id : 59 } ] - ( n1 : L3 { k17 : 2085928206 , id : 60 } ) SET n0 . k = elementId ( relationships ( NULL ) [ toIntegerOrNull ( abs ( -1497253750 ) ) ] ) RETURN 1 AS a0 , n1 AS a1 LIMIT CASE WHEN TRUE THEN 0 END ;
MATCH (a) RETURN count(a);
MATCH (a) RETURN count(a);
MATCH (b)-[a]->(c) RETURN count(a);
MATCH (b)-[a]->(c) RETURN count(a);
CREATE (n0{id:61})-[r0 :T5{id:62}]->(n1 :L3{id:63})-[r1 :T1{id:64}]->({id:65}), (n2{id:66}) MERGE (n3{k18:false, id:67})-[r2 :T5{id:68}]-({id:69}) MERGE (n4{id:70})-[r3 :T5{id:71}]->({id:72})-[r4 :T1{id:73}]->(n5{id:74}) RETURN (r4.k37) AS a0;
CREATE ( n0 { id : 61 } ) - [ r0 : T5 { id : 62 } ] - > ( n1 : L3 { id : 63 } ) - [ r1 : T1 { id : 64 } ] - > ( { id : CASE WHEN TRUE THEN 65 END } ) CREATE ( n2 { id : 66 } ) WITH * MERGE ( n3 { k18 : false , id : 67 } ) - [ r2 : T5 { id : 68 } ] - ( { id : CASE WHEN FALSE THEN NULL ELSE 69 END } ) MERGE ( n4 { id : 70 } ) - [ r3 : T5 { id : 71 } ] - > ( { id : 72 } ) - [ r4 : T1 { id : CASE WHEN FALSE THEN NULL ELSE 73 END } ] - > ( n5 { id : CASE WHEN TRUE THEN 74 END } ) RETURN ( r4 . k37 ) AS a0 ;
MATCH (a) RETURN count(a);
MATCH (a) RETURN count(a);
MATCH (b)-[a]->(c) RETURN count(a);
MATCH (b)-[a]->(c) RETURN count(a);
OPTIONAL MATCH (), ()-[]->(n0 :L2)<-[]-() WHERE true CREATE ({id:75}) DETACH DELETE n0  RETURN 1 AS a0;
OPTIONAL MATCH ( ) ,( ) - [ ] - > ( n0 : L2 ) < - [ ] - ( ) WHERE true WITH * CREATE ( { id : 75 } ) DETACH DELETE n0 RETURN 1 AS a0 ;
