-- Time: 2024/04/11 13:57:38
-- Database: janusgraph_database592
-- Database version: composite
-- seed value: 1712812407116
CREATE (n0 :L3{k18 : 905576886, k20 : 'x', k22 : true, id : 0, k21 : -1757121099, k23 : true});
CREATE (n0 :L3{k19 : 'A', k18 : 1585881420, k20 : 'm', k22 : false, id : 1, k21 : 809074494, k23 : true});
CREATE (n0 {id : 2});
CREATE (n0 {id : 3});
MATCH (n0 {id : 0}), (n1 {id : 1}) MERGE(n0)-[r :T5{k64 : 83122040, k63 : 'Z', k66 : false, id : 4, k65 : 1709574800, k68 : 'ua22', k67 : 'L', k69 : 'D'}]->(n1);
MATCH (n0 {id : 0}), (n1 {id : 1}) MERGE(n0)-[r :T1{k39 : true, k38 : true, k40 : -1499813661, k42 : 2108799689, id : 5, k37 : 1453228461, k36 : false}]->(n1);
MATCH (n0 {id : 1}), (n1 {id : 2}) MERGE(n0)-[r :T5{k64 : -417253228, k63 : 'VyQZ618I', k66 : false, id : 6, k65 : -2092713324, k68 : 'ua22', k67 : 'B'}]->(n1);
MATCH (n0 {id : 3}), (n1 {id : 2}) MERGE(n0)-[r :T5{k64 : -94355601, k63 : 'z2', k66 : true, id : 7, k65 : 1709413477, k69 : 'D'}]->(n1);
MATCH ()-[r0 :T5{k64:1509065132}]->()<-[*0..]-(n0), ()-[r0]->(n1)-[]-(n2) SET n2.k=NULL MERGE (n3{id:8}) RETURN 1 AS a0;
MATCH ()-[*0..0]-( ) - [ r0 : T5 { k64 : 1509065132 } ] - > ( ) < - [ * 0 .. ] - ( n0 ) ,( ) - [ r0 ] - > ( n1 ) - [ ] - ( n2 ) UNWIND 1 as l0 SET n2 . k = NULL MERGE ( n3 { id : 8 } ) RETURN 1 AS a0 ;
MATCH (a) RETURN count(a);
MATCH (b)-[a]->(c) RETURN count(a);
MATCH (b)-[a]->(c) RETURN count(a);
UNWIND toBooleanList([[670498386]]) AS a2 MERGE (n3 :L3{id:9})-[r1 :T5{k68:'5fBOdX', id:10}]-(n4{id:11}) SET n3.k='a' RETURN 1 AS a3;
UNWIND toBooleanList ( [ CASE WHEN FALSE THEN NULL ELSE [ 670498386 ] END ] ) AS a2 MERGE ( n3 : L3 { id : CASE WHEN TRUE THEN 9 END } ) - [ r1 : T5 { k68 : CASE WHEN FALSE THEN NULL ELSE '5fBOdX' END , id : 10 } ] - ( n4 { id : 11 } ) SET n3 . k = 'a' RETURN CASE WHEN FALSE THEN NULL ELSE 1 END AS a3 ;
MATCH (a) RETURN count(a);
MATCH (a) RETURN count(a);
MATCH (b)-[a]->(c) RETURN count(a);
MATCH (b)-[a]->(c) RETURN count(a);
MERGE (n0{id:12})-[r0 :T5{id:13}]->(n1{id:14})-[r1 :T5{id:15}]-({id:16}) MERGE (n2{id:17})-[ :T5{id:18}]->({id:19})<-[ :T5{id:20}]-( :L3{id:21}) SET n2.k='K' RETURN NULL AS a0, 1 AS a1 ORDER BY a0;
MERGE ( n0 { id : 12 } ) - [ r0 : T5 { id : 13 } ] - > ( n1 { id : 14 } ) - [ r1 : T5 { id : 15 } ] - ( { id : 16 } ) MERGE ( n2 { id : 17 } ) - [ : T5 { id : 18 } ] - > ( { id : 19 } ) < - [ : T5 { id : 20 } ] - ( : L3 { id : 21 } ) FOREACH(f in [1]|SET n2 . k = 'K' ) WITH * OPTIONAL MATCH ()-[:TYPE]-() RETURN NULL AS a0 , 1 AS a1 ORDER BY a0 ;
