-- Time: 2024/04/11 13:40:15
-- Database: janusgraph_database357
-- Database version: composite
-- seed value: 1712812406880
CREATE (n0 {id : 0});
CREATE (n0 {id : 1});
CREATE (n0 :L4{k22 : '0QsE', id : 2, k24 : 603166280, k23 : -535447475, k26 : 840068658, k25 : true});
CREATE (n0 :L2{k16 : '9', id : 3, k13 : -1038923007, k12 : 'BZU', k15 : true, k14 : 2034364359});
MATCH (n0 {id : 3}), (n1 {id : 3}) MERGE(n0)-[r :T4{k60 : false, id : 4, k57 : false, k56 : false, k59 : true, k58 : true}]->(n1);
MATCH (n0 {id : 1}), (n1 {id : 2}) MERGE(n0)-[r :T4{k60 : true, k61 : 'S', id : 5, k57 : true, k56 : true, k59 : true, k58 : false}]->(n1);
MATCH (n0 {id : 0}), (n1 {id : 1}) MERGE(n0)-[r :T2{k49 : '0', id : 6, k46 : 781722486, k45 : 'j', k48 : 'PbG'}]->(n1);
WITH DISTINCT * WHERE true UNWIND [(n0)-[]-(n1) WHERE true|[x IN [toStringList([]), keys(NULL)]|false]] AS a0 MERGE (n2{id:7}) RETURN n2 AS a1, 1 AS a2 ORDER BY round(1777368492), a1 DESC;
WITH DISTINCT * WHERE CASE WHEN FALSE THEN NULL ELSE true END OPTIONAL MATCH ()-[:TYPE]-() UNWIND [ ( n0 ) - [ ] - ( n1 ) WHERE true | [ x IN [ toStringList ( [ ] ) , keys ( NULL ) ] | false ] ] AS a0 MERGE ( n2 { id : 7 } ) WITH * UNWIND [NULL] as l0 RETURN n2 AS a1 , 1 AS a2 ORDER BY round(1777368492), a1 DESC SKIP 1 ;
MATCH (a) RETURN count(a);
MATCH (b)-[a]->(c) RETURN count(a);
MATCH (b)-[a]->(c) RETURN count(a);
UNWIND reverse(NULL) AS a0 CREATE p0=({id:8})<-[ :T4{k60:NULL, id:9}]-({id:10}) CREATE ({id:11})<-[ :T4{id:12}]-({id:13}) RETURN 1 AS a1 UNION OPTIONAL MATCH (n0)-[r0 :T2{k44:NULL}]->()-[]->(n1), () MERGE (n2{id:14})-[ :T2{id:15}]-({id:16}) REMOVE n1.k2 RETURN n1 AS a1 ORDER BY r0 DESC;
UNWIND reverse ( NULL ) AS a0 WITH * CREATE p0 = ( { id : 8 } ) < - [ : T4 { k60 : NULL , id : 9 } ] - ( { id : CASE WHEN TRUE THEN 10 END } ) WITH * UNWIND [1] as l0 CREATE ({id:13})-[ : T4 { id : 12 } ] ->( { id : 11 } ) WITH * UNWIND [NULL] as l1 RETURN 1 AS a1 UNION OPTIONAL MATCH ( n0 ) - [ r0 : T2 { k44 : CASE WHEN TRUE THEN NULL END } ] - > ( ) - [ ] - > ( n1 ) ,( ) WITH * MERGE ( n2 { id : CASE WHEN FALSE THEN NULL ELSE 14 END } ) - [ : T2 { id : 15 } ] - ( { id : 16 } ) WITH * REMOVE n1 . k2 RETURN n1 AS a1 ORDER BY r0 DESC ,NULL ;
MATCH (a) RETURN count(a);
MATCH (a) RETURN count(a);
MATCH (b)-[a]->(c) RETURN count(a);
MATCH (b)-[a]->(c) RETURN count(a);
CREATE (n0{id:17})<-[ :T4{id:18}]-(n1{id:19}) MERGE (n2{id:20})-[r0 :T2{id:21}]-(n3{id:22})-[r1 :T4{k61:'m', id:23}]-(n4{k23:1511335224, id:24}) CREATE (n5{id:25}), (n6{id:26})<-[ :T4{id:27}]-(n7{id:28}) RETURN DISTINCT n4 AS a0;
CREATE ( n0 { id : 17 } ) < - [ : T4 { id : 18 } ] - ( n1 { id : 19 } ) MERGE ( n2 { id : 20 } ) - [ r0 : T2 { id : 21 } ] - ( n3 { id : CASE WHEN FALSE THEN NULL ELSE 22 END } ) - [ r1 : T4 { k61 : 'm' , id : 23 } ] - ( n4 { k23 : 1511335224 , id : CASE WHEN FALSE THEN NULL ELSE 24 END } ) CREATE ( n5 { id : 25 } ) CREATE ( n6 { id : CASE WHEN FALSE THEN NULL ELSE 26 END } ) < - [ : T4 { id : 27 } ] - ( n7 { id : 28 } ) RETURN DISTINCT n4 AS a0 ;
MATCH (a) RETURN count(a);
MATCH (a) RETURN count(a);
MATCH (b)-[a]->(c) RETURN count(a);
MATCH (b)-[a]->(c) RETURN count(a);
UNWIND NULL AS a0 CREATE (n0{k13:-520445083, id:29}) MERGE p0=(n1 :L4{id:30})<-[r0 :T4{id:31}]-(n2{id:32})<-[r1 :T2{id:33}]-({id:34}) RETURN (r1.k49) AS a1, NULL AS a2;
UNWIND CASE WHEN TRUE THEN NULL END AS a0 OPTIONAL MATCH ()-[:TYPE]-() CREATE ( n0 { k13 : -520445083 , id : 29 } ) WITH * OPTIONAL MATCH ()-[:TYPE]-() MERGE p0 = ( n1 : L4 { id : 30 } ) < - [ r0 : T4 { id : 31 } ] - ( n2 { id : 32 } ) < - [ r1 : T2 { id : 33 } ] - ( { id : CASE WHEN TRUE THEN 34 END } ) WITH * RETURN ( r1 . k49 ) AS a1 , NULL AS a2 ORDER BY FALSE DESC ;
