-- Time: 2024/04/11 13:35:53
-- Database: janusgraph_database298
-- Database version: composite
-- seed value: 1712812406821
CREATE (n0 :L3{k18 : 'aX8xlsmO', k20 : 1146115504, k22 : 2141848101, id : 0, k21 : 'S'});
CREATE (n0 :L0{k0 : false, k1 : 'OwZLYK', k2 : false, k3 : 'q', k4 : 'jfD4cgTeD', k5 : false, id : 1, k6 : -315528937});
CREATE (n0 :L1{k11 : '8', id : 2, k10 : -1937268049, k7 : true, k8 : 'yn', k12 : false, k9 : '0'});
CREATE (n0 :L1{k11 : 'c', id : 3, k10 : 1721090412, k7 : false, k8 : 'E', k12 : false, k9 : '0'});
MATCH (n0 {id : 2}), (n1 {id : 3}) MERGE(n0)-[r :T6{k71 : false, k70 : -1704568857, k66 : -1725115925, id : 4, k65 : -1220075485, k68 : 463470194, k67 : true, k69 : 1603680181}]->(n1);
MATCH (n0 {id : 2}), (n1 {id : 3}) MERGE(n0)-[r :T5{k60 : -2115509312, k62 : false, k61 : 'mV', k64 : -733978615, k63 : false, id : 5, k59 : true}]->(n1);
MATCH (n0 {id : 0}), (n1 {id : 1}) MERGE(n0)-[r :T5{k60 : 909532572, k62 : true, k61 : '3', k64 : -862944329, k63 : false, id : 6, k58 : true}]->(n1);
MATCH (n0 {id : 3}), (n1 {id : 0}) MERGE(n0)-[r :T6{k71 : true, k70 : -1284506976, k66 : -358352933, id : 7, k65 : 866411567, k68 : 1974373915, k67 : true, k69 : 1326477195}]->(n1);
MATCH (n0 {id : 3}), (n1 {id : 3}) MERGE(n0)-[r :T0{k28 : -1120064008, k33 : false, id : 8}]->(n1);
MATCH (n0 {id : 0}), (n1 {id : 2}) MERGE(n0)-[r :T1{k39 : 'U', id : 9, k35 : -656712852, k34 : 'P', k37 : true, k36 : false}]->(n1);
MATCH (n0 {id : 2}), (n1 {id : 2}) MERGE(n0)-[r :T1{k38 : -823423459, id : 10, k35 : -407641939, k34 : 'UGe9xvR'}]->(n1);
UNWIND NULL AS a1 OPTIONAL MATCH (n5 :L1{k10:round((-358229400+-1851617283))})-[]-(n6) SET n5.k=NULL RETURN DISTINCT 1 AS a2, relationships(NULL)[toIntegerOrNull(abs(-2097922429))] AS a3;
UNWIND NULL AS a1 OPTIONAL MATCH ( n5 : L1 { k10 : round ( ( CASE WHEN FALSE THEN NULL ELSE -358229400 + -1851617283 END ) ) } ) - [ ] - ( n6 ) SET n5 . k = NULL WITH * OPTIONAL MATCH ()-[:TYPE]-() RETURN DISTINCT 1 AS a2 , relationships ( NULL ) [ toIntegerOrNull ( abs ( -2097922429 ) ) ] AS a3 SKIP 1 LIMIT 1 ;
MATCH (a) RETURN count(a);
MATCH (b)-[a]->(c) RETURN count(a);
MATCH (b)-[a]->(c) RETURN count(a);
MATCH ()-[r0 :T1{k34:NULL}]->()-[r1 :T1{k35:2093848551}]-(n0), ()-[r2]-()-[ :T5{k60:1591287700}]-() REMOVE n0.k2 DETACH DELETE n0  RETURN *, 1 AS a0;
MATCH ( ) - [ r0 : T1 { k34 : NULL } ] - > ( ) - [ r1 : T1 { k35 : 2093848551 } ] - ( n0 ) ,( ) - [ r2 ] - ( ) - [ : T5 { k60 : 1591287700 } ] - ( ) REMOVE n0 . k2 DETACH DELETE n0 WITH * OPTIONAL MATCH ()-[:TYPE]-() RETURN * , 1 AS a0 SKIP 1 ;
MATCH (a) RETURN count(a);
MATCH (a) RETURN count(a);
MATCH (b)-[a]->(c) RETURN count(a);
MATCH (b)-[a]->(c) RETURN count(a);
WITH * SKIP 0 MATCH (n0)-[]-(n1) WHERE isEmpty(reverse('nd')) DETACH DELETE n0  RETURN 1 AS a0, 1 AS a1;
WITH * SKIP 0 WHERE TRUE MATCH (n0)-[*0..0]-( n0 ) - [ ] - ( n1 ) WITH * WHERE isEmpty ( CASE WHEN FALSE THEN NULL ELSE reverse ( (''+'nd' )) END ) OPTIONAL MATCH ()-[:TYPE]-() DETACH DELETE n0 RETURN CASE WHEN FALSE THEN NULL ELSE 1 END AS a0 , 1 AS a1 ;
MATCH (a) RETURN count(a);
MATCH (a) RETURN count(a);
MATCH (b)-[a]->(c) RETURN count(a);
MATCH (b)-[a]->(c) RETURN count(a);
MATCH () WHERE (true AND true) CREATE ( :L3{k21:'k', id:11}), (n0{id:12}) MERGE ({id:13}) RETURN 1 AS a0;
MATCH ( ) WHERE ( true AND true ) CREATE ( : L3 { k21 : 'k' , id : 11 } ) CREATE ( n0 { id : CASE WHEN TRUE THEN 12 END } ) MERGE ( { id : 13 } ) RETURN 1 AS a0 SKIP 1 ;
MATCH (a) RETURN count(a);
MATCH (a) RETURN count(a);
MATCH (b)-[a]->(c) RETURN count(a);
MATCH (b)-[a]->(c) RETURN count(a);
MATCH p0=(n0)-[r0 :T0{k33:false}]->()<-[r1]-(), ( :L1) DETACH DELETE p0  MERGE ({id:14})-[r2 :T5{id:15}]-( :L1{k7:false, id:16}) RETURN 1 AS a0;
MATCH p0 = ( n0 ) - [ r0 : T0 { k33 : false } ] - > ( ) < - [ r1 ] - ( ) ,( : L1 ) WITH * CALL{WITH *DETACH DELETE p0 } MERGE ( { id : 14 } ) - [ r2 : T5 { id : CASE WHEN FALSE THEN NULL ELSE 15 END } ] - ( : L1 { k7 : false , id : 16 } ) RETURN 1 AS a0 ;
