-- Time: 2024/04/11 13:45:24
-- Database: janusgraph_database427
-- Database version: composite
-- seed value: 1712812406950
CREATE (n0 :L2{k16 : 'c', id : 0, k12 : true, k15 : 'k1XIYN', k14 : '0uS'});
CREATE (n0 :L1{k5 : false, k11 : false, id : 1, k6 : -1496861544, k10 : -863366161, k7 : -1159304218, k8 : -1220278195, k9 : -916484722});
CREATE (n0 :L3{k19 : -149230570, k18 : 'xyk', k20 : 'LH52N0r', k22 : 1531214829, id : 2, k21 : 'XftFD'});
CREATE (n0 :L4{k28 : -1253994182, k27 : false, id : 3, k24 : -1949309145, k23 : true, k26 : -1471083520, k25 : 'QO'});
MATCH (n0 {id : 2}), (n1 {id : 3}) MERGE(n0)-[r :T6{k71 : true, k70 : true, k73 : '9Ja6', k74 : 'Tb', id : 4, k69 : false}]->(n1);
MATCH (n0 {id : 0}), (n1 {id : 0}) MERGE(n0)-[r :T2{k49 : 'h', k50 : 'Byja', id : 5, k46 : 'w', k47 : -1984061969}]->(n1);
MATCH (n0 {id : 2}), (n1 {id : 2}) MERGE(n0)-[r :T6{k71 : true, k73 : 'm', k72 : -1169806596, k74 : 'MBiw', id : 6, k69 : true}]->(n1);
MATCH (n0 {id : 0}), (n1 {id : 0}) MERGE(n0)-[r :T4{k60 : 677102199, k62 : 'ih', k61 : -2008158811, k63 : true, id : 7, k59 : 'edeVWT', k58 : false}]->(n1);
MATCH (n0 {id : 3}), (n1 {id : 1}) MERGE(n0)-[r :T6{k71 : false, k70 : false, k73 : 'S', k72 : 1892170132, k74 : '1qp6', id : 8, k69 : true}]->(n1);
MATCH (n0 {id : 0}), (n1 {id : 2}) MERGE(n0)-[r :T5{k64 : -629743516, id : 9, k65 : true, k68 : 'Jq', k67 : true}]->(n1);
MATCH (n0 {id : 1}), (n1 {id : 2}) MERGE(n0)-[r :T5{k64 : 2116312901, id : 10, k65 : true, k68 : 'o', k67 : false}]->(n1);
OPTIONAL MATCH (n0)-[r0]-(n1)-[r1 :T6{k73:'A2X5Bo8E'}]->( :L4{k25:(r1.k74)}), (n0)-[r0]-(n1) SET n0.k=true CREATE ({id:11})-[ :T4{k62:CASE WHEN false THEN '1OmZkaED' END, id:12}]->( :L2{id:13})-[ :T5{id:14}]->(n2{id:15}) RETURN n1 AS a0 ORDER BY NULL, a0 DESC SKIP 0;
OPTIONAL MATCH (n0)-[*0..0]-( n0 ) - [ r0 ] - ( n1 ) - [ r1 : T6 { k73 : 'A2X5Bo8E' } ] - > ( : L4 { k25 : ( r1 . k74 ) } ) ,( n0 ) - [ r0 ] - ( n1 ) SET n0 . k = CASE WHEN FALSE THEN NULL ELSE true END CREATE ( { id : 11 } ) - [ : T4 { k62 : CASE WHEN CASE WHEN TRUE THEN false END THEN '1OmZkaED' END , id : 12 } ] - > ( : L2 { id : 13 } ) - [ : T5 { id : 14 } ] - > ( n2 { id : 15 } ) RETURN n1 AS a0 ORDER BY NULL, a0 DESC SKIP CASE WHEN FALSE THEN NULL ELSE 0 END ;
MATCH (a) RETURN count(a);
MATCH (b)-[a]->(c) RETURN count(a);
MATCH (b)-[a]->(c) RETURN count(a);
OPTIONAL MATCH (n0{k21:'W'})-[ :T5{k64:2023174377}]-(n1) DETACH DELETE n0  SET n1.k=NULL RETURN n1 AS a0;
OPTIONAL MATCH (n0),()<-[m0:T5{k64:2023174377}]-(),(n1) WHERE exists((n0{k21:'W'})-[m0]-(n1)) WITH * DETACH DELETE n0 SET n1 . k = NULL RETURN DISTINCT n1 AS a0 ;
MATCH (a) RETURN count(a);
MATCH (a) RETURN count(a);
MATCH (b)-[a]->(c) RETURN count(a);
MATCH (b)-[a]->(c) RETURN count(a);
MATCH (n0)<-[r0]-()-[r1]-( :L2) WHERE false UNWIND [(n1)<-[]-(n2{k6:NULL})<-[ :T6{k71:NULL}]-(n3 :L4) WHERE (substring('6Thweeo', toIntegerOrNull(abs(-349041343)), toIntegerOrNull(abs(-821587818))) CONTAINS substring('3r9gTK', toIntegerOrNull(abs(-1859570307)), toIntegerOrNull(abs(205310405))))|r0] AS a0 SET n0.k=NULL RETURN * LIMIT 1;
MATCH ( n0 ) < - [ r0 ] - ( ) - [ r1 ] - ( : L2 ) WHERE false UNWIND [ ( n1 ) < - [ ] - ( n2 { k6 : NULL } ) < - [ : T6 { k71 : CASE WHEN TRUE THEN NULL END } ] - ( n3 : L4 ) WHERE ( substring ( '6Thweeo' , toIntegerOrNull ( abs ( CASE WHEN TRUE THEN -349041343 END ) ) , toIntegerOrNull ( abs ( -821587818 ) ) ) CONTAINS substring ( '3r9gTK' , CASE WHEN FALSE THEN NULL ELSE toIntegerOrNull ( abs ( -1859570307 ) ) END , toIntegerOrNull ( abs ( 205310405 ) ) ) ) | r0 ] AS a0 SET n0 . k = NULL WITH * RETURN * LIMIT 1 ;
MATCH (a) RETURN count(a);
MATCH (a) RETURN count(a);
MATCH (b)-[a]->(c) RETURN count(a);
MATCH (b)-[a]->(c) RETURN count(a);
WITH 'r' AS a0 WHERE false MERGE ({k21:'K', id:16}) CREATE (n0 :L3{id:17})-[ :T6{id:18}]->({id:19})<-[ :T5{id:20}]-({id:21}), p0=(n1{id:22})-[ :T6{id:23}]->(n2{id:24}) RETURN 1 AS a1;
WITH 'r' AS a0 WHERE CASE WHEN TRUE THEN false END WITH * MERGE ( { k21 : CASE WHEN TRUE THEN 'K' END , id : 16 } ) WITH * OPTIONAL MATCH ()-[:TYPE]-() CREATE ( n0 : L3 { id : 17 } ) - [ : T6 { id : 18 } ] - > ( { id : 19 } ) < - [ : T5 { id : 20 } ] - ( { id : 21 } ) CREATE p0 = ( n1 { id : 22 } ) - [ : T6 { id : 23 } ] - > ( n2 { id : 24 } ) WITH * OPTIONAL MATCH ()-[:TYPE]-() RETURN 1 AS a1 ;
