-- Time: 2024/04/11 13:55:02
-- Database: janusgraph_database557
-- Database version: composite
-- seed value: 1712812407081
CREATE (n0 {id : 0});
CREATE (n0 {id : 1});
CREATE (n0 :L4{k27 : -145666801, k22 : 'cJrUKt', id : 2, k24 : 871625136, k23 : 'H', k26 : 'ipV', k25 : 'E4'});
CREATE (n0 :L3{k17 : 'eL', k19 : 'C', k18 : true, k20 : -781955318, id : 3});
MATCH (n0 {id : 2}), (n1 {id : 3}) MERGE(n0)-[r :T6{k70 : false, k66 : 'pnbrMLO', id : 4, k68 : -1236544742, k67 : false, k69 : -1235133684}]->(n1);
MATCH (n0 {id : 3}), (n1 {id : 1}) MERGE(n0)-[r :T6{k70 : true, k66 : 'fRLM', id : 5, k68 : 904609488, k67 : true, k69 : 699740344}]->(n1);
MATCH (n0 {id : 1}), (n1 {id : 1}) MERGE(n0)-[r :T4{k55 : 'DtZI7LL', id : 6, k54 : 912340784, k57 : 1090014357, k56 : 1970913615, k58 : 'SdozkHT'}]->(n1);
MATCH (n0 {id : 1}), (n1 {id : 3}) MERGE(n0)-[r :T6{k70 : false, k66 : 'fRLM', id : 7, k68 : -591146126, k67 : true, k69 : 809974305}]->(n1);
MATCH (n0 {id : 2}), (n1 {id : 1}) MERGE(n0)-[r :T6{k70 : true, k66 : 'isLTE', id : 8, k68 : -591146126, k67 : true, k69 : 152425981}]->(n1);
CREATE p0=(n1{id:9}), p1=({id:10}) CREATE p2=(n2{id:11}) CREATE (n3{id:12}) RETURN 1 AS a1 SKIP 1 UNION OPTIONAL MATCH p0=() WHERE (NULL < NULL) DETACH DELETE p0  CREATE (n0 :L3{k19:NULL, id:13})<-[r0 :T6{id:14}]-(n1{id:15}), p1=({id:16}) RETURN 1 AS a1;
CREATE p0 = ( n1 { id : 9 } ) CREATE p1 = ( { id : 10 } ) WITH * CREATE p2 = ( n2 { id : 11 } ) WITH * CREATE ( n3 { id : 12 } ) RETURN 1 AS a1 SKIP 1 UNION OPTIONAL MATCH p0 = ( ) WHERE ( NULL < NULL ) FOREACH(f in [1]|DETACH DELETE p0 ) CREATE ( n0 : L3 { k19 : NULL , id : 13 } ) < - [ r0 : T6 { id : 14 } ] - ( n1 { id : 15 } ) CREATE p1 = ( { id : 16 } ) WITH * UNWIND [1] as l0 RETURN 1 AS a1 LIMIT 1 ;
MATCH (a) RETURN count(a);
MATCH (b)-[a]->(c) RETURN count(a);
MATCH (b)-[a]->(c) RETURN count(a);
MERGE p0=(n0{id:17})-[r0 :T6{k67:true, id:18}]-({id:19}) SET n0.k=false MERGE (n1{id:20}) RETURN CASE WHEN (r0.k67) THEN NULL END AS a0;
MERGE p0 = ( n0 { id : CASE WHEN FALSE THEN NULL ELSE 17 END } ) - [ r0 : T6 { k67 : CASE WHEN FALSE THEN NULL ELSE true END , id : 18 } ] - ( { id : CASE WHEN FALSE THEN NULL ELSE 19 END } ) WITH * UNWIND 1 as l0 SET n0 . k = false MERGE ( n1 { id : 20 } ) RETURN DISTINCT CASE WHEN FALSE THEN NULL ELSE CASE WHEN ( r0 . k67 ) THEN NULL END END AS a0 LIMIT 1 ;
