-- Time: 2024/04/11 13:35:48
-- Database: janusgraph_database297
-- Database version: composite
-- seed value: 1712812406820
CREATE (n0 {id : 0});
CREATE (n0 :L3{k20 : 149042515, k22 : 's', id : 1, k21 : 'n39Xv', k23 : 625997968});
CREATE (n0 :L3{k20 : 1781401151, k22 : 'K', id : 2, k21 : 'f', k24 : 'imtZ', k23 : -206887658});
CREATE (n0 {id : 3});
MATCH (n0 {id : 2}), (n1 {id : 1}) MERGE(n0)-[r :T0{k39 : 'gg1D67', k38 : 'hcOclVI', k41 : 'c9P', id : 4, k43 : false}]->(n1);
MATCH (n0 {id : 2}), (n1 {id : 0}) MERGE(n0)-[r :T3{k60 : 'vj24e3', k62 : 'xA', k61 : -651705406, k64 : 604573951, k63 : 1217072861, id : 5, k59 : -2131767290, k58 : true}]->(n1);
MATCH (n0 {id : 0}), (n1 {id : 3}) MERGE(n0)-[r :T1{k49 : '66yJSa5', k50 : true, k44 : true, id : 6, k46 : 1322104769, k45 : true, k48 : 869089210, k47 : false}]->(n1);
MATCH (n0 {id : 1}), (n1 {id : 3}) MERGE(n0)-[r :T2{k51 : 'J', k53 : true, k52 : false, k55 : -856872954, id : 7, k54 : false, k57 : true, k56 : 'V'}]->(n1);
MATCH (n0 {id : 3}), (n1 {id : 3}) MERGE(n0)-[r :T1{k49 : 'o8aFDPc', k50 : true, k44 : true, id : 8, k46 : 16263719, k45 : false, k48 : -644187504, k47 : false}]->(n1);
MATCH (n0 {id : 2}), (n1 {id : 3}) MERGE(n0)-[r :T0{k39 : 'D', k38 : 'C', k40 : true, k42 : -88730256, k41 : 'T', id : 9, k43 : false}]->(n1);
MATCH (n0 {id : 2}), (n1 {id : 1}) MERGE(n0)-[r :T0{k39 : 'SuBzW', k42 : -113592959, k41 : 'uRn', id : 10, k43 : false}]->(n1);
OPTIONAL MATCH ()-[r0]-(n0), ()-[r0]-()<-[r1]-() WHERE true CREATE (n1{id:11})<-[ :T1{k45:NULL, id:12}]-({id:13})<-[ :T3{id:14}]-({id:15}), (n2 :L3{id:16}) DETACH DELETE n0  RETURN DISTINCT 1 AS a0, 1 AS a1;
OPTIONAL MATCH ( ) - [ r0 ] - ( n0 ) ,( ) - [ r0 ] - ( ) < - [ r1 ] - ( ) WHERE true CREATE ( n1 { id : 11 } ) < - [ : T1 { k45 : NULL , id : 12 } ] - ( { id : 13 } ) < - [ : T3 { id : 14 } ] - ( { id : 15 } ) CREATE ( n2 : L3 { id : 16 } ) DETACH DELETE n0 WITH * OPTIONAL MATCH ()-[:TYPE]-() RETURN DISTINCT 1 AS a0 , 1 AS a1 ;
MATCH (a) RETURN count(a);
MATCH (b)-[a]->(c) RETURN count(a);
MATCH (b)-[a]->(c) RETURN count(a);
WITH * CREATE ({id:17}), (n3{id:18})-[r2 :T2{id:19}]->(n4{id:20})<-[r3 :T1{id:21}]-({id:22}) MERGE ({id:23}) RETURN 1 AS a3;
WITH * CREATE ( { id : 17 } ) CREATE ( n3 { id : 18 } ) - [ r2 : T2 { id : 19 } ] - > ( n4 { id : 20 } ) < - [ r3 : T1 { id : 21 } ] - ( { id : 22 } ) MERGE pp0=( { id : 23 } ) RETURN DISTINCT CASE WHEN TRUE THEN 1 END AS a3 ;
