-- Time: 2024/04/11 14:25:29
-- Database: janusgraph_database968
-- Database version: composite
-- seed value: 1712812407493
CREATE (n0 :L0{k0 : true, k1 : -1534151627, k2 : 'Qn7jYU5', k3 : 'ahWy', k4 : 1234122565, k5 : true, id : 0, k6 : 1191540945});
CREATE (n0 :L4{k28 : -321163474, k29 : 'N', k30 : false, id : 1, k26 : true});
CREATE (n0 :L6{k39 : 'y', k38 : true, k40 : -776546358, k42 : false, k41 : -468152060, id : 2});
CREATE (n0 :L5{k31 : true, k33 : true, id : 3, k35 : true, k34 : -625371977, k36 : 'x'});
MATCH (n0 {id : 2}), (n1 {id : 1}) MERGE(n0)-[r :T2{k60 : 'b', k61 : 'tvDcM0qFr', id : 4, k57 : -220608540, k58 : true}]->(n1);
MATCH (n0 {id : 1}), (n1 {id : 1}) MERGE(n0)-[r :T5{k73 : false, k75 : -1134652280, k74 : -365928414, k77 : '3h', id : 5, k76 : true}]->(n1);
MATCH (n0 {id : 1}), (n1 {id : 1}) MERGE(n0)-[r :T2{k60 : 'm', k61 : 'pk5tGP', id : 6, k57 : 623620180, k58 : false}]->(n1);
MATCH (n0 {id : 1}), (n1 {id : 1}) MERGE(n0)-[r :T4{k71 : -2134894343, k70 : true, k72 : false, id : 7, k69 : true}]->(n1);
MATCH (n0 {id : 1}), (n1 {id : 2}) MERGE(n0)-[r :T5{k73 : true, k75 : 1980183915, k74 : 831177020, k77 : '9', id : 8, k76 : false}]->(n1);
MATCH (n0 {id : 0}), (n1 {id : 3}) MERGE(n0)-[r :T1{k51 : true, k50 : false, k53 : true, k52 : 'Ca', k55 : 2039705442, id : 9, k54 : 'AyLww', k56 : 'aJJZi'}]->(n1);
OPTIONAL MATCH (n0)-[]-() UNWIND keys(relationships(NULL)[toIntegerOrNull(abs(toIntegerOrNull([])))]) AS a0 SET n0.k=NULL RETURN DISTINCT 1 AS a1, n0 AS a2 SKIP 1;
OPTIONAL MATCH ( n0 ) - [ ] - ( ) WITH * UNWIND CASE WHEN TRUE THEN keys ( relationships ( NULL ) [ CASE WHEN TRUE THEN toIntegerOrNull ( abs ( toIntegerOrNull ( ([]+[ ] )) ) ) END ] ) END AS a0 SET n0 . k = NULL RETURN DISTINCT 1 AS a1 , n0 AS a2 SKIP 1 ;
MATCH (a) RETURN count(a);
MATCH (b)-[a]->(c) RETURN count(a);
MATCH (b)-[a]->(c) RETURN count(a);
UNWIND [toIntegerList(NULL)] AS a0 OPTIONAL MATCH (n0)-[r0]-({k6:NULL}) WHERE true DETACH DELETE n0  RETURN 1 AS a1;
UNWIND [ toIntegerList ( NULL ) ] AS a0 WITH * OPTIONAL MATCH (n0),()<-[r0]-(),(nn0) WHERE exists((n0)-[r0]-(nn0{k6:NULL})) AND (true )DETACH DELETE n0 WITH * RETURN 1 AS a1 ;
MATCH (a) RETURN count(a);
MATCH (a) RETURN count(a);
MATCH (b)-[a]->(c) RETURN count(a);
MATCH (b)-[a]->(c) RETURN count(a);
UNWIND NULL AS a0 MERGE p0=(n0 :L6{k42:false, id:10})<-[r0 :T5{k77:'wE', id:11}]-(n1{id:12})-[r1 :T4{id:13}]-(n2{id:14}) MERGE (n3{id:15})-[r2 :T2{k61:'qh', id:16}]-(n4 :L4{id:17})-[r3 :T5{id:18}]->(n5 :L4{id:19}) RETURN 1 AS a1;
UNWIND NULL AS a0 WITH * MERGE p0 = ( n0 : L6 { k42 : false , id : 10 } ) < - [ r0 : T5 { k77 : 'wE' , id : 11 } ] - ( n1 { id : CASE WHEN FALSE THEN NULL ELSE 12 END } ) - [ r1 : T4 { id : 13 } ] - ( n2 { id : 14 } ) MERGE ( n3 { id : 15 } ) - [ r2 : T2 { k61 : (''+'qh' ), id : 16 } ] - ( n4 : L4 { id : 17 } ) - [ r3 : T5 { id : 18 } ] - > ( n5 : L4 { id : 19 } ) RETURN 1 AS a1 ;
MATCH (a) RETURN count(a);
MATCH (a) RETURN count(a);
MATCH (b)-[a]->(c) RETURN count(a);
MATCH (b)-[a]->(c) RETURN count(a);
OPTIONAL MATCH (n0{k1:NULL})-[]-(), (n0) UNWIND [substring(type(NULL), toIntegerOrNull(abs(1429244321)), toIntegerOrNull(abs(size([]))))] AS a0 REMOVE n0.k2 RETURN n0 AS a1;
OPTIONAL MATCH (n0)-[*0..0]-( n0 { k1 : NULL } ) - [ ] - ( ) ,( n0 ) UNWIND [ substring ( type ( NULL ) , toIntegerOrNull ( abs ( CASE WHEN TRUE THEN 1429244321 END ) ) , toIntegerOrNull ( abs ( size ( CASE WHEN TRUE THEN [ ] END ) ) ) ) ] AS a0 REMOVE n0 . k2 WITH * RETURN n0 AS a1 ;
MATCH (a) RETURN count(a);
MATCH (a) RETURN count(a);
MATCH (b)-[a]->(c) RETURN count(a);
MATCH (b)-[a]->(c) RETURN count(a);
OPTIONAL MATCH (n0)<-[*0..0]-(), ()-[]-(n1) OPTIONAL MATCH (n0)<-[*..2]-(n2{k28:NULL}), ()-[r0]->() CREATE (n3{id:20})-[r1 :T2{id:21}]->({id:22})-[r2 :T4{id:23}]->(n4 :L4{id:24}), ({id:25})-[ :T4{id:26}]->({id:27}) RETURN 1 AS a0 UNION ALL MERGE p0=(n0 :L6{id:28})-[r0 :T2{id:29}]-({id:30}) REMOVE n0.k2 CREATE (n1{id:31})<-[ :T2{id:32}]-( :L5{id:33}), (n2{id:34})<-[r1 :T2{id:35}]-({k37:toBooleanList([(n0.k42), ('tQa' CONTAINS 'clijl')])[toIntegerOrNull(abs((r0.k57)))], id:36}) RETURN n0 AS a0;
OPTIONAL MATCH ( n0 ) < - [ * 0 .. 0 ] - ( ) ,()-[*0..0]-( ) - [ ] - ( n1 ) WITH * OPTIONAL MATCH ( n0 ) < - [ * .. 2 ] - ( n2 { k28 : CASE WHEN FALSE THEN NULL ELSE NULL END } ) ,( ) - [ r0 ] - > ( ) CREATE ( n3 { id : 20 } ) - [ r1 : T2 { id : 21 } ] - > ( { id : 22 } ) - [ r2 : T4 { id : 23 } ] - > ( n4 : L4 { id : 24 } ) CREATE (m0{ id : 25 } )CREATE (m0)- [ : T4 { id : 26 } ] - > ( { id : 27 } ) WITH * RETURN 1 AS a0 UNION ALL MERGE p0 = ( n0 : L6 { id : 28 } ) - [ r0 : T2 { id : CASE WHEN TRUE THEN 29 END } ] - ( { id : 30 } ) WITH * REMOVE n0 . k2 WITH * CREATE ( n1 { id : 31 } ) < - [ : T2 { id : 32 } ] - ( : L5 { id : 33 } ) CREATE ( n2 { id : 34 } ) < - [ r1 : T2 { id : 35 } ] - ( { k37 : toBooleanList ( ([ ( n0 . k42 ) , ( 'tQa' CONTAINS (''+'clijl' )) ] +[]) ) [ toIntegerOrNull ( abs ( ( r0 . k57 ) ) ) ] , id : 36 } ) WITH * UNWIND [NULL] as l0 RETURN n0 AS a0 ;
MATCH (a) RETURN count(a);
MATCH (a) RETURN count(a);
MATCH (b)-[a]->(c) RETURN count(a);
MATCH (b)-[a]->(c) RETURN count(a);
WITH NULL AS a0 MERGE (n0{k27:reverse('xwSVtFm7'), id:37})-[r0 :T2{id:38}]-({id:39}) DETACH DELETE n0  RETURN DISTINCT 1 AS a1 ORDER BY (-1204174033+-1014099784);
WITH CASE WHEN TRUE THEN NULL END AS a0 WHERE TRUE MERGE ( n0 { k27 : reverse ( 'xwSVtFm7' ) , id : 37 } ) - [ r0 : T2 { id : 38 } ] - ( { id : 39 } ) DETACH DELETE n0 RETURN DISTINCT 1 AS a1 ORDER BY (-1204174033+-1014099784) ,NULL LIMIT 1 ;
MATCH (a) RETURN count(a);
MATCH (a) RETURN count(a);
MATCH (b)-[a]->(c) RETURN count(a);
MATCH (b)-[a]->(c) RETURN count(a);
WITH *, -909479977 AS a0 CREATE (n0{k4:size([-407510811, NULL]), id:40})-[ :T1{id:41}]->(n1 :L5{id:42}) CREATE ({id:43}), (n2{k4:NULL, id:44})-[ :T1{id:45}]->(n3{id:46}) RETURN DISTINCT NULL AS a1;
WITH * , -909479977 AS a0 CREATE ( n0 { k4 : size ( [ -407510811 , NULL ] ) , id : 40 } ) - [ : T1 { id : 41 } ] - > ( n1 : L5 { id : 42 } ) WITH * OPTIONAL MATCH ()-[:TYPE]-() CREATE ( { id : 43 } ) CREATE ( n2 { k4 : NULL , id : 44 } ) - [ : T1 { id : 45 } ] - > ( n3 { id : 46 } ) RETURN DISTINCT NULL AS a1 SKIP 1 ;
MATCH (a) RETURN count(a);
MATCH (a) RETURN count(a);
MATCH (b)-[a]->(c) RETURN count(a);
MATCH (b)-[a]->(c) RETURN count(a);
CREATE (n0 :L0{k5:true, id:47}) CREATE p0=(n1{k1:1251447596, id:48})-[r0 :T1{k52:reverse(elementId(NULL)), id:49}]->({id:50}), (n2{id:51})-[r1 :T1{id:52}]->(n3{k31:true, id:53}) MERGE ( :L0{id:54})-[ :T1{id:55}]->(n4{k35:false, id:56}) RETURN 1 AS a2, 1 AS a3;
CREATE ( n0 : L0 { k5 : true , id : 47 } ) WITH * OPTIONAL MATCH ()-[:TYPE]-() CREATE p0 = ( n1 { k1 : CASE WHEN TRUE THEN 1251447596 END , id : 48 } ) - [ r0 : T1 { k52 : reverse ( elementId ( NULL ) ) , id : 49 } ] - > ( { id : CASE WHEN TRUE THEN 50 END } ) CREATE ( n2 { id : 51 } ) - [ r1 : T1 { id : 52 } ] - > ( n3 { k31 : true , id : 53 } ) MERGE ( : L0 { id : 54 } ) - [ : T1 { id : 55 } ] - > ( n4 { k35 : false , id : 56 } ) RETURN 1 AS a2 , 1 AS a3 ;
MATCH (a) RETURN count(a);
MATCH (a) RETURN count(a);
MATCH (b)-[a]->(c) RETURN count(a);
MATCH (b)-[a]->(c) RETURN count(a);
MERGE ({id:57})-[r0 :T5{id:58}]-({id:59}) MERGE ( :L4{k29:'m', id:60})-[r1 :T4{id:61}]->(n0{id:62})<-[r2 :T2{id:63}]-( :L6{id:64}) REMOVE n0.k2 RETURN r0 AS a0 ORDER BY (r2.k60), a0 SKIP 1;
MERGE ( { id : 57 } ) - [ r0 : T5 { id : CASE WHEN TRUE THEN 58 END } ] - ( { id : 59 } ) WITH * OPTIONAL MATCH ()-[:TYPE]-() MERGE ( : L4 { k29 : 'm' , id : 60 } ) - [ r1 : T4 { id : 61 } ] - > ( n0 { id : 62 } ) < - [ r2 : T2 { id : 63 } ] - ( : L6 { id : 64 } ) WITH * WITH * CALL{WITH *REMOVE n0 . k2 } RETURN r0 AS a0 ORDER BY (r2.k60), a0 ,1 SKIP CASE WHEN TRUE THEN 1 END ;
