-- Time: 2024/04/11 13:54:58
-- Database: janusgraph_database556
-- Database version: composite
-- seed value: 1712812407080
CREATE (n0 :L1{k5 : 'O82K23Fd', id : 0, k6 : false, k7 : 'dRr2yjeR', k8 : 'gu6', k9 : 'xg'});
CREATE (n0 {id : 1});
CREATE (n0 :L2{k11 : 'f', id : 2, k10 : -378159372, k12 : 1996372528, k14 : true});
CREATE (n0 :L2{k11 : '1', id : 3, k10 : 128630568, k13 : true, k12 : -1911922578, k14 : false});
MATCH (n0 {id : 0}), (n1 {id : 3}) MERGE(n0)-[r :T2{k53 : 'a7', k55 : false, id : 4, k54 : 'f', k57 : 'D', k56 : false, k58 : 'l'}]->(n1);
MATCH (n0 {id : 3}), (n1 {id : 1}) MERGE(n0)-[r :T3{k60 : true, k62 : 'IJ', k61 : 'l5mk6Lp', k64 : -451714938, k63 : '6', id : 5, k59 : 'WRr2lWk'}]->(n1);
MATCH (n0 {id : 3}), (n1 {id : 3}) MERGE(n0)-[r :T0{k40 : 873268001, k42 : 199583655, k41 : true, k44 : true, id : 6, k43 : -157124882, k45 : 'Z56bA9o'}]->(n1);
MATCH (n0 {id : 1}), (n1 {id : 2}) MERGE(n0)-[r :T0{k40 : 1164567744, k42 : 963406537, k41 : true, k44 : true, id : 7, k43 : 1227695473, k45 : 'jbuAPw'}]->(n1);
MATCH (n0 {id : 1}), (n1 {id : 3}) MERGE(n0)-[r :T3{k60 : true, k62 : 'Da9s', k61 : 'k', k64 : -1905739580, k63 : 'DWonFRM', id : 8, k59 : 'r'}]->(n1);
MATCH (n0 {id : 3}), (n1 {id : 0}) MERGE(n0)-[r :T0{k40 : 885769408, k42 : 2001121727, k41 : false, k44 : true, id : 9, k43 : -200491527, k45 : 'Hh'}]->(n1);
OPTIONAL MATCH ()-[*0..1]->(n0), ()<-[*..2]-(n0)-[r0]-() MERGE (n1 :L2{id:10})-[ :T2{id:11}]-({id:12})<-[ :T0{id:13}]-({id:14}) CREATE ({k6:(n1.k13), id:15})-[r1 :T2{id:16}]->({id:17})-[ :T0{k40:(n1.k10), id:18}]->( :L1{k6:(n1.k14), id:19}), ( :L2{id:20})<-[ :T2{id:21}]-( :L1{id:22})<-[ :T0{id:23}]-(n2{id:24}) RETURN n0 AS a0 ORDER BY a0 DESC;
OPTIONAL MATCH ( ) - [ * 0 .. 1 ] - > ( n0 ) ,( ) < - [ * .. 2 ] - ( n0 ) - [ r0 ] - ( ) WHERE TRUE WITH * MERGE ( n1 : L2 { id : CASE WHEN TRUE THEN 10 END } ) - [ : T2 { id : 11 } ] - ( { id : 12 } ) < - [ : T0 { id : 13 } ] - ( { id : CASE WHEN TRUE THEN 14 END } ) WITH * UNWIND 1 as l0 CREATE ( { k6 : ( n1 . k13 ) , id : 15 } ) - [ r1 : T2 { id : 16 } ] - > ( { id : CASE WHEN TRUE THEN 17 END } ) - [ : T0 { k40 : ( n1 . k10 ) , id : 18 } ] - > ( : L1 { k6 : ( n1 . k14 ) , id : 19 } ) CREATE ( : L2 { id : 20 } ) < - [ : T2 { id : 21 } ] - ( : L1 { id : 22 } ) < - [ : T0 { id : 23 } ] - ( n2 { id : 24 } ) WITH * UNWIND 1 as l1 RETURN n0 AS a0 ORDER BY a0 DESC ;
MATCH (a) RETURN count(a);
MATCH (b)-[a]->(c) RETURN count(a);
MATCH (b)-[a]->(c) RETURN count(a);
MERGE p0=({id:25})-[r0 :T0{id:26}]->({k10:-305688914, id:27})<-[r1 :T2{id:28}]-({k7:'d', id:29}) MERGE p1=(n0{id:30}) MERGE (n1 :L1{id:31})-[r2 :T0{k44:false, id:32}]-(n2{id:33}) RETURN 1 AS a0 UNION ALL WITH *, ([(n0)-[]->(n1)-[r0]->(n2) WHERE NULL|NULL] < relationships(CASE WHEN false THEN NULL END)[toIntegerOrNull(abs(length(NULL)))]) AS a0 CREATE (n3{id:34}), ({id:35})<-[ :T0{id:36}]-({id:37}) MERGE p0=({id:38})-[ :T2{id:39}]->( :L2{id:40})-[ :T3{id:41}]->(n4{id:42}) RETURN n4 AS a0;
MERGE p0 = ( { id : 25 } ) - [ r0 : T0 { id : 26 } ] - > ( { k10 : CASE WHEN TRUE THEN -305688914 END , id : 27 } ) < - [ r1 : T2 { id : 28 } ] - ( { k7 : 'd' , id : 29 } ) MERGE p1 = ( n0 { id : 30 } ) WITH * OPTIONAL MATCH ()-[:TYPE]-() MERGE ( n1 : L1 { id : 31 } ) - [ r2 : T0 { k44 : false , id : 32 } ] - ( n2 { id : 33 } ) RETURN 1 AS a0 UNION ALL WITH * , ( [ ( n0 ) - [ ] - > ( n1 ) - [ r0 ] - > ( n2 ) WHERE NULL | NULL ] < relationships ( CASE WHEN false THEN NULL END ) [ CASE WHEN TRUE THEN toIntegerOrNull ( abs ( length ( NULL ) ) ) END ] ) AS a0 OPTIONAL MATCH ()-[:TYPE]-() CREATE ( n3 { id : CASE WHEN TRUE THEN 34 END } ) CREATE ( { id : 35 } ) < - [ : T0 { id : 36 } ] - ( { id : CASE WHEN FALSE THEN NULL ELSE 37 END } ) WITH * OPTIONAL MATCH ()-[:TYPE]-() MERGE p0 = ( { id : CASE WHEN FALSE THEN NULL ELSE 38 END } ) - [ : T2 { id : 39 } ] - > ( : L2 { id : 40 } ) - [ : T3 { id : 41 } ] - > ( n4 { id : 42 } ) WITH * OPTIONAL MATCH ()-[:TYPE]-() RETURN DISTINCT n4 AS a0 ;
MATCH (a) RETURN count(a);
MATCH (a) RETURN count(a);
MATCH (b)-[a]->(c) RETURN count(a);
MATCH (b)-[a]->(c) RETURN count(a);
MERGE ({id:43})<-[r0 :T3{id:44}]-({id:45}) DETACH DELETE r0  MERGE ({id:46})<-[r1 :T2{id:47}]-(n0{id:48}) RETURN n0 AS a0 ORDER BY a0;
MERGE ( { id : 43 } ) < - [ r0 : T3 { id : 44 } ] - ( { id : 45 } ) DETACH DELETE r0 WITH * OPTIONAL MATCH ()-[:TYPE]-() MERGE pp0=( { id : 46 } ) < - [ r1 : T2 { id : CASE WHEN FALSE THEN NULL ELSE 47 END } ] - ( n0 { id : 48 } ) RETURN n0 AS a0 ORDER BY a0 DESC ;
