-- Time: 2024/04/11 13:52:32
-- Database: janusgraph_database523
-- Database version: composite
-- seed value: 1712812407047
CREATE (n0 {id : 0});
CREATE (n0 :L1{k11 : 486787759, id : 1, k10 : 2031353050, k7 : 'r', k8 : true});
CREATE (n0 :L5{k31 : 86813000, k30 : false, k33 : true, id : 2, k32 : false, k35 : '4', k34 : true});
CREATE (n0 :L5{k31 : -1824301201, k30 : false, k33 : true, id : 3, k32 : true, k35 : 'p', k34 : true});
MATCH (n0 {id : 2}), (n1 {id : 3}) MERGE(n0)-[r :T4{k62 : 278011965, k61 : 'tiWx4I', k64 : '2B', k63 : -972030948, k66 : 'l', id : 4, k65 : 2147197660, k67 : -490662625}]->(n1);
MATCH (n0 {id : 3}), (n1 {id : 0}) MERGE(n0)-[r :T4{k62 : -907782095, k61 : 'M', k64 : 'D86VB', k63 : -1977051782, k66 : 'o', id : 5, k65 : 942141946, k67 : -474022216}]->(n1);
MATCH (n0 {id : 2}), (n1 {id : 1}) MERGE(n0)-[r :T2{k49 : 36568740, k51 : 'p', k50 : false, k53 : true, k52 : 'v', id : 6, k48 : true}]->(n1);
MATCH (n0 {id : 3}), (n1 {id : 1}) MERGE(n0)-[r :T0{k39 : 'dfo', k38 : '0hOgbMg', k40 : true, k41 : -1998086610, id : 7, k37 : true, k36 : false}]->(n1);
OPTIONAL MATCH (n0)<-[r0]-()-[r1]->(n1) SET n0.k=1305167007 CREATE p0=(n2{id:8}), (n3{id:9})<-[ :T2{id:10}]-({id:11}) RETURN n0 AS a0 UNION UNWIND NULL AS a0 UNWIND NULL AS a1 MERGE (n6{id:12}) RETURN n6 AS a0;
OPTIONAL MATCH ( n0 ) < - [ r0 ] - ( ) - [ r1 ] - > ( n1 ) OPTIONAL MATCH ()-[:TYPE]-() SET n0 . k = 1305167007 WITH * CREATE p0 = ( n2 { id : 8 } ) CREATE ({id:11})-[ : T2 { id : 10 } ] ->( n3 { id : 9 } ) WITH * UNWIND 1 as l0 RETURN n0 AS a0 UNION UNWIND NULL AS a0 UNWIND 1 as l1 UNWIND NULL AS a1 MERGE ( n6 { id : 12 } ) RETURN n6 AS a0 ;
MATCH (a) RETURN count(a);
MATCH (b)-[a]->(c) RETURN count(a);
MATCH (b)-[a]->(c) RETURN count(a);
OPTIONAL MATCH (n0)-[*0..]->(), ()-[r0]-(n1) CREATE (n2{id:13})<-[r1 :T2{k51:reverse('ahELHD'), id:14}]-( :L5{id:15}), (n3{k10:NULL, id:16}) DETACH DELETE n1  RETURN 1 AS a0 LIMIT 0;
OPTIONAL MATCH (n0),()-[*0..]->(),(nn0),()-[r0]-(n1) WHERE exists((n0)-[*0..]->(nn0)) CREATE ( n2 { id : 13 } ) < - [ r1 : T2 { k51 : reverse ( 'ahELHD' ) , id : CASE WHEN TRUE THEN 14 END } ] - ( : L5 { id : 15 } ) CREATE ( n3 { k10 : NULL , id : 16 } ) WITH * OPTIONAL MATCH ()-[:TYPE]-() DETACH DELETE n1 WITH * OPTIONAL MATCH ()-[:TYPE]-() RETURN 1 AS a0 ORDER BY TRUE LIMIT 0 ;
MATCH (a) RETURN count(a);
MATCH (a) RETURN count(a);
MATCH (b)-[a]->(c) RETURN count(a);
MATCH (b)-[a]->(c) RETURN count(a);
OPTIONAL MATCH (n0)-[]-(n1), (n2 :L1) CREATE ({k35:'lYoO', id:17})<-[r0 :T4{k66:toStringOrNull(properties(relationships(NULL)[toIntegerOrNull(abs(654269469))])), id:18}]-({id:19}) DETACH DELETE n0  RETURN *, {k1: NULL, k2: false} AS a0;
OPTIONAL MATCH ( n0 ) - [ ] - ( n1 ) ,( n2 : L1 ) WITH * CREATE ( { k35 : (''+'lYoO' ), id : 17 } ) < - [ r0 : T4 { k66 : CASE WHEN FALSE THEN NULL ELSE toStringOrNull ( properties ( CASE WHEN TRUE THEN relationships ( NULL ) [ toIntegerOrNull ( abs ( CASE WHEN TRUE THEN 654269469 END ) ) ] END ) ) END , id : CASE WHEN FALSE THEN NULL ELSE 18 END } ] - ( { id : 19 } ) DETACH DELETE n0 RETURN * , { k1 : NULL , k2 : false } AS a0 ;
MATCH (a) RETURN count(a);
MATCH (a) RETURN count(a);
MATCH (b)-[a]->(c) RETURN count(a);
MATCH (b)-[a]->(c) RETURN count(a);
WITH * ORDER BY exists(( :L1)-[]-()) WHERE exists(( :L5)<-[ :T4{k63:41377601}]-()) MERGE ( :L1{k10:round(-1003040154), id:20}) MERGE ({id:21})-[ :T2{k49:2047477486, id:22}]-({id:23}) RETURN 1 AS a0 UNION UNWIND [NULL] AS a0 CREATE ({id:24}), p0=(n0{id:25}) CREATE p1=(n1 :L5{k30:NULL, id:26})-[r0 :T4{id:27}]->(n2{id:28})-[ :T4{k65:-2040296330, id:29}]->(n3{id:30}), ({id:31})-[ :T2{id:32}]->(n4{id:33})<-[r1 :T0{id:34}]-({id:35}) RETURN DISTINCT 1 AS a0 LIMIT 1;
WITH * ORDER BY exists ( ( : L1 ) - [ ] - ( ) ) WHERE exists ( ( : L5 ) < - [ : T4 { k63 : 41377601 } ] - ( ) ) MERGE ( : L1 { k10 : round ( -1003040154 ) , id : 20 } ) WITH * MERGE ( { id : 21 } ) - [ : T2 { k49 : 2047477486 , id : CASE WHEN TRUE THEN 22 END } ] - ( { id : 23 } ) WITH * UNWIND 1 as l0 RETURN DISTINCT 1 AS a0 SKIP 1 UNION UNWIND [ NULL ] AS a0 CREATE ( { id : CASE WHEN FALSE THEN NULL ELSE 24 END } ) CREATE p0 = ( n0 { id : 25 } ) CREATE p1 = ( n1 : L5 { k30 : NULL , id : 26 } ) - [ r0 : T4 { id : 27 } ] - > ( n2 { id : CASE WHEN FALSE THEN NULL ELSE 28 END } ) - [ : T4 { k65 : -2040296330 , id : 29 } ] - > ( n3 { id : CASE WHEN TRUE THEN 30 END } ) CREATE ( { id : CASE WHEN TRUE THEN 31 END } ) - [ : T2 { id : 32 } ] - > ( n4 { id : 33 } ) < - [ r1 : T0 { id : 34 } ] - ( { id : 35 } ) RETURN DISTINCT CASE WHEN FALSE THEN NULL ELSE 1 END AS a0 ORDER BY NULL LIMIT CASE WHEN TRUE THEN 1 END ;
MATCH (a) RETURN count(a);
MATCH (a) RETURN count(a);
MATCH (b)-[a]->(c) RETURN count(a);
MATCH (b)-[a]->(c) RETURN count(a);
WITH -553975534 AS a0 CREATE (n0{id:36}), (n1{id:37}) MERGE p0=(n2{id:38})<-[r0 :T2{id:39}]-(n3{id:40})-[r1 :T4{k61:'1S', id:41}]-({id:42}) RETURN NULL AS a1, n3 AS a2;
WITH -553975534 AS a0 WHERE TRUE CREATE ( n0 { id : 36 } ) CREATE ( n1 { id : 37 } ) WITH * OPTIONAL MATCH ()-[:TYPE]-() MERGE p0 = ( n2 { id : 38 } ) < - [ r0 : T2 { id : CASE WHEN FALSE THEN NULL ELSE 39 END } ] - ( n3 { id : 40 } ) - [ r1 : T4 { k61 : '1S' , id : 41 } ] - ( { id : 42 } ) RETURN NULL AS a1 , n3 AS a2 ;
