-- Time: 2024/04/11 13:58:13
-- Database: janusgraph_database600
-- Database version: composite
-- seed value: 1712812407124
CREATE (n0 :L2{k17 : 1780709594, k16 : 591053192, k18 : false, id : 0, k13 : -335161040, k12 : 2066042120, k15 : -1250053055, k14 : true});
CREATE (n0 {id : 1});
CREATE (n0 :L2{k17 : 822042817, k16 : 415845982, id : 2, k12 : 2066042120, k15 : 802166434, k14 : false});
CREATE (n0 {id : 3});
MATCH (n0 {id : 1}), (n1 {id : 3}) MERGE(n0)-[r :T0{k29 : 'f', k33 : 'D', id : 4, k32 : false}]->(n1);
MATCH (n0 {id : 3}), (n1 {id : 2}) MERGE(n0)-[r :T2{k39 : '5', k40 : 'pFdr', k42 : 118253103, k41 : 's', k44 : false, id : 5, k43 : '13'}]->(n1);
MATCH (n0 {id : 3}), (n1 {id : 1}) MERGE(n0)-[r :T3{k49 : -1035108191, id : 6, k45 : -1613342678, k48 : -630314543, k47 : true}]->(n1);
MATCH (n0 {id : 3}), (n1 {id : 2}) MERGE(n0)-[r :T4{k51 : false, k50 : 1339795546, k53 : '9', k52 : 'ZA2', k55 : 'hM', id : 7, k54 : '5Vtoz8kLK', k56 : -1616295781}]->(n1);
MATCH (n0 {id : 1}), (n1 {id : 1}) MERGE(n0)-[r :T0{k29 : 'v0', k31 : false, k33 : 'dLGcStKJ', id : 8, k32 : true}]->(n1);
OPTIONAL MATCH p2=(n1)-[*0..1]->(n2)<-[ :T2{k39:'U'}]-(n1) WHERE exists(()-[{k30:exists(()-[ :T0]-())}]-()) OPTIONAL MATCH (n3) WHERE true DETACH DELETE n1  RETURN *, 1 AS a1;
OPTIONAL MATCH p2 = (n1)-[*0..0]-( n1 ) - [ * 0 .. 1 ] - > ( n2 ) < - [ : T2 { k39 : 'U' } ] - ( n1 ) WHERE exists ( ( ) - [ { k30 : exists ( ( ) - [ : T0 ] - ( ) ) } ] - ( ) ) OPTIONAL MATCH (n3) WHERE true DETACH DELETE n1 RETURN * , 1 AS a1 ;
MATCH (a) RETURN count(a);
MATCH (b)-[a]->(c) RETURN count(a);
MATCH (b)-[a]->(c) RETURN count(a);
MATCH ()<-[*..2]-(n0)<-[r0]-(), ()<-[r1 :T3{k47:((reverse('AhcA5NmVI') <= substring(NULL, toIntegerOrNull(abs(253019591)), toIntegerOrNull(abs(NULL)))) IS NULL)}]-(n1)-[]->( :L2) MERGE ({id:9})-[r2 :T0{id:10}]-({id:11})-[ :T2{id:12}]-(n2 :L2{id:13}) SET n2.k=((r1.k46) AND (r2.k30)) RETURN (n2.k14) AS a0, (n2.k18) AS a1;
MATCH ( ) < - [ * .. 2 ] - ( n0 ) < - [ r0 ] - ( ) ,()-[*0..0]-( ) < - [ r1 : T3 { k47 : ( ( reverse ( ('AhcA5NmVI' +'') ) <= substring ( NULL , toIntegerOrNull ( abs ( 253019591 ) ) , toIntegerOrNull ( abs ( NULL ) ) ) ) IS NULL ) } ] - ( n1 ) - [ ] - > ( : L2 ) MERGE pp0=( { id : 9 } ) - [ r2 : T0 { id : 10 } ] - ( { id : 11 } ) - [ : T2 { id : 12 } ] - ( n2 : L2 { id : 13 } ) SET n2 . k = ( ( r1 . k46 ) AND ( r2 . k30 ) ) WITH * RETURN ( n2 . k14 ) AS a0 , ( n2 . k18 ) AS a1 ;
MATCH (a) RETURN count(a);
MATCH (a) RETURN count(a);
MATCH (b)-[a]->(c) RETURN count(a);
MATCH (b)-[a]->(c) RETURN count(a);
MERGE p0=(n0{id:14})-[r0 :T2{id:15}]-(n1{id:16}) SET n0.k='V' SET n1.k=(r0.k44) RETURN DISTINCT 1 AS a0, n1 AS a1 SKIP 0 UNION ALL CREATE ( :L2{k13:-1843887846, id:17})<-[r0 :T4{id:18}]-(n0{id:19}) MERGE ({id:20})-[r1 :T4{id:21}]-({id:22})<-[r2 :T2{id:23}]-(n1{id:24}) DETACH DELETE r2  RETURN 1 AS a0, n1 AS a1;
MERGE p0 = ( n0 { id : 14 } ) - [ r0 : T2 { id : 15 } ] - ( n1 { id : CASE WHEN TRUE THEN 16 END } ) WITH * FOREACH(f in [1]|SET n0 . k = 'V' ) FOREACH(f in [1]|SET n1 . k = ( r0 . k44 ) ) RETURN DISTINCT 1 AS a0 , n1 AS a1 SKIP 0 UNION ALL CREATE ( : L2 { k13 : CASE WHEN FALSE THEN NULL ELSE -1843887846 END , id : 17 } ) < - [ r0 : T4 { id : CASE WHEN TRUE THEN 18 END } ] - ( n0 { id : 19 } ) MERGE ( { id : 20 } ) - [ r1 : T4 { id : 21 } ] - ( { id : 22 } ) < - [ r2 : T2 { id : 23 } ] - ( n1 { id : 24 } ) WITH * DETACH DELETE r2 WITH * RETURN 1 AS a0 , n1 AS a1 SKIP 1 ;
MATCH (a) RETURN count(a);
MATCH (a) RETURN count(a);
MATCH (b)-[a]->(c) RETURN count(a);
MATCH (b)-[a]->(c) RETURN count(a);
WITH * SKIP 1 MATCH (n0 :L2), (n1)-[]->(n2)-[*0..]->(n3) DETACH DELETE n1  RETURN (n0.k12) AS a0, n0 AS a1;
WITH * SKIP 1 WHERE TRUE MATCH (n0)-[*0..0]-( n0 : L2 ) ,( n1 ) - [ ] - > ( n2 ) - [ * 0 .. ] - > ( n3 ) DETACH DELETE n1 RETURN ( n0 . k12 ) AS a0 , n0 AS a1 ;
MATCH (a) RETURN count(a);
MATCH (a) RETURN count(a);
MATCH (b)-[a]->(c) RETURN count(a);
MATCH (b)-[a]->(c) RETURN count(a);
MERGE (n0 :L2{k14:false, id:25}) SET n0.k=NULL CREATE ( :L2{id:26}), ({id:27})<-[ :T0{k31:(NOT (false IS NULL)), id:28}]-({id:29}) RETURN n0 AS a0, 1 AS a1 UNION ALL OPTIONAL MATCH ()-[ :T2{k39:NULL}]-()-[]-(n0) DETACH DELETE n0  CREATE p0=({id:30})-[ :T0{k29:(CASE WHEN true THEN ('3'+'nzJw') END+NULL), id:31}]->(n1{id:32})-[r0 :T2{k43:NULL, id:33}]->( :L2{id:34}), ({id:35})-[ :T2{k44:NULL, id:36}]->(n2{id:37})<-[r1 :T4{id:38}]-({id:39}) RETURN 1 AS a0, 1 AS a1;
MERGE ( n0 : L2 { k14 : false , id : 25 } ) SET n0 . k = NULL CREATE ( : L2 { id : 26 } ) CREATE ( { id : 27 } ) < - [ : T0 { k31 : CASE WHEN TRUE THEN ( NOT ( false IS NULL ) ) END , id : 28 } ] - ( { id : 29 } ) WITH * UNWIND [NULL] as l0 RETURN n0 AS a0 , 1 AS a1 UNION ALL OPTIONAL MATCH ( ) - [ : T2 { k39 : NULL } ] - ( ) - [ ] - ( n0 ) DETACH DELETE CASE WHEN FALSE THEN NULL ELSE n0 END WITH * OPTIONAL MATCH ()-[:TYPE]-() CREATE p0=( :L2{id:34})<-[ r0 : T2 { k43 : NULL , id : CASE WHEN TRUE THEN 33 END } ] -(n1{id:32})<-[ : T0 { k29 : ( CASE WHEN true THEN ( '3' + 'nzJw' ) END + NULL ) , id : 31 } ] -( { id : 30 } ) CREATE (m0{ id : CASE WHEN FALSE THEN NULL ELSE 35 END } )CREATE (m0)- [ : T2 { k44 : NULL , id : CASE WHEN FALSE THEN NULL ELSE 36 END } ] - > ( n2 { id : 37 } ) < - [ r1 : T4 { id : 38 } ] - ( { id : 39 } ) WITH * RETURN 1 AS a0 , 1 AS a1 ;
MATCH (a) RETURN count(a);
MATCH (a) RETURN count(a);
MATCH (b)-[a]->(c) RETURN count(a);
MATCH (b)-[a]->(c) RETURN count(a);
WITH NULL AS a0 OPTIONAL MATCH (n0)-[]-(), ()-[]-()<-[]-(n0) WHERE NULL SET n0.k=1980434280 RETURN n0 AS a1;
WITH NULL AS a0 UNWIND 1 as l0 OPTIONAL MATCH ( n0 ) - [ ] - ( ) ,()-[*0..0]-( ) - [ ] - ( ) < - [ ] - ( n0 ) WHERE NULL UNWIND [1] as l1 WITH * CALL{WITH *SET n0 . k = 1980434280 } RETURN CASE WHEN FALSE THEN NULL ELSE n0 END AS a1 ;
