-- Time: 2024/04/11 13:47:11
-- Database: janusgraph_database451
-- Database version: composite
-- seed value: 1712812406974
CREATE (n0 :L4{k22 : 1916116576, id : 0, k21 : 'Y', k24 : 'y', k23 : false, k25 : true});
CREATE (n0 :L6{k33 : 451116535, id : 1, k32 : 'qC', k35 : 'SUHTH', k34 : 675335257, k36 : 'kpq4Y'});
CREATE (n0 {id : 2});
CREATE (n0 :L6{k33 : -297568903, id : 3, k32 : 'e4SKpDIg', k35 : 'AOEzNYl', k34 : -92265422});
MATCH (n0 {id : 3}), (n1 {id : 1}) MERGE(n0)-[r :T0{k39 : -689595950, k38 : false, k40 : 'MMMLJHEi', k41 : 'aveQTQJK', id : 4, k37 : '2'}]->(n1);
MATCH (n0 {id : 2}), (n1 {id : 3}) MERGE(n0)-[r :T0{k39 : -24277741, k38 : false, k40 : '3', k41 : 'CB', id : 5, k37 : '6XzNE'}]->(n1);
MATCH (n0 {id : 1}), (n1 {id : 3}) MERGE(n0)-[r :T0{k39 : 384992575, k38 : true, k40 : 'g5yZccK8q', k41 : '8tBFkFFp', id : 6, k37 : 'TdeD3'}]->(n1);
MATCH (n0 {id : 1}), (n1 {id : 1}) MERGE(n0)-[r :T2{k49 : -1846085314, k51 : 'ZK', k50 : true, k53 : true, k52 : 'Y', id : 7, k48 : 'dBW'}]->(n1);
MATCH (n0 {id : 2}), (n1 {id : 0}) MERGE(n0)-[r :T3{k55 : 'JQCD', id : 8, k54 : true, k57 : 1650008552, k56 : 2045161050, k58 : false}]->(n1);
MERGE ({id:9})-[r0 :T0{k38:false, id:10}]->( :L6{id:11}) DETACH DELETE r0  MERGE (n0{id:12}) RETURN DISTINCT n0 AS a0, CASE WHEN NULL THEN endNode(relationships(NULL)[toIntegerOrNull(abs(-1890652927))]) END AS a1 SKIP 0;
MERGE ( { id : 9 } ) - [ r0 : T0 { k38 : false , id : 10 } ] - > ( : L6 { id : 11 } ) DETACH DELETE r0 MERGE ( n0 { id : 12 } ) RETURN DISTINCT n0 AS a0 , CASE WHEN NULL THEN endNode ( relationships ( NULL ) [ toIntegerOrNull ( CASE WHEN TRUE THEN abs ( -1890652927 ) END ) ] ) END AS a1 SKIP 0 ;
MATCH (a) RETURN count(a);
MATCH (b)-[a]->(c) RETURN count(a);
MATCH (b)-[a]->(c) RETURN count(a);
MERGE (n0 :L6{k34:1296721914, id:13}) REMOVE n0.k2 MERGE (n1{id:14}) RETURN n1 AS a0 SKIP 1;
MERGE ( n0 : L6 { k34 : 1296721914 , id : 13 } ) REMOVE n0 . k2 MERGE ( n1 { id : 14 } ) RETURN n1 AS a0 SKIP 1 ;
