-- Time: 2024/04/11 13:42:28
-- Database: janusgraph_database387
-- Database version: composite
-- seed value: 1712812406910
CREATE (n0 :L1{k11 : -975843782, id : 0, k10 : false, k7 : 1918057435, k8 : '9', k9 : 179478293});
CREATE (n0 :L4{k28 : -1066705232, k27 : -619191949, k29 : false, k31 : 'XRP9U', k30 : false, id : 1, k26 : 'D'});
CREATE (n0 :L1{k11 : 1181640221, id : 2, k10 : true, k7 : -1525101007, k9 : 1494159855});
CREATE (n0 :L2{k17 : 'Jzh', k16 : -177906334, k18 : false, id : 3, k13 : true, k12 : -915049764, k15 : true, k14 : 1132077219});
MATCH (n0 {id : 3}), (n1 {id : 0}) MERGE(n0)-[r :T1{k49 : -903979879, k50 : 'g', k52 : true, id : 4, k46 : true, k48 : 'IWL', k47 : 'P'}]->(n1);
MATCH (n0 {id : 3}), (n1 {id : 0}) MERGE(n0)-[r :T1{k49 : 389027923, k51 : true, k50 : 'PrEo8pqs', k52 : false, id : 5, k46 : false, k48 : 'X', k47 : 'lqw'}]->(n1);
MATCH (n0 {id : 0}), (n1 {id : 2}) MERGE(n0)-[r :T2{k53 : 'WzN0X', k55 : 2033958719, id : 6, k54 : 'a', k57 : 'P', k56 : -194813051, k58 : 1662477790}]->(n1);
MATCH (n0 {id : 0}), (n1 {id : 2}) MERGE(n0)-[r :T2{k53 : 'T', k55 : 1138936141, id : 7, k54 : 'RLsjHLz', k57 : 'Rx6w', k56 : 1963513534, k58 : -182025972}]->(n1);
MATCH (n0 {id : 0}), (n1 {id : 2}) MERGE(n0)-[r :T4{k71 : -1082609597, k70 : -925683420, k72 : true, k66 : -175658900, id : 8, k68 : 958591577, k67 : true, k69 : 'E8VpKRVBC'}]->(n1);
MATCH (n0 {id : 2}), (n1 {id : 3}) MERGE(n0)-[r :T4{k71 : 2040557536, k70 : -298310987, k72 : false, id : 9, k68 : 430309008, k67 : true, k69 : 'Z'}]->(n1);
CREATE (n0{id:10})-[ :T1{id:11}]->(n1 :L1{id:12})-[r0 :T2{id:13}]->(n2{id:14}) CREATE (n3{k8:NULL, id:15})<-[r1 :T2{id:16}]-( :L1{id:17})-[r2 :T2{id:18}]->( :L1{id:19}), ({id:20})<-[ :T4{id:21}]-({id:22})<-[ :T4{id:23}]-( :L1{id:24}) CREATE (n4{k7:NULL, id:25})<-[ :T2{id:26}]-(n5{k10:true, id:27}) RETURN 1 AS a0, min(NULL) AS a1;
CREATE (n0{ id : 10 } )CREATE (n0)- [ : T1 { id : 11 } ] - > ( n1 : L1 { id : 12 } ) - [ r0 : T2 { id : 13 } ] - > ( n2 { id : 14 } ) CREATE ( :L1{id:19})<-[ r2 : T2 { id : 18 } ] -( :L1{id:17})-[ r1 : T2 { id : 16 } ] ->( n3 { k8 : NULL , id : 15 } ) CREATE (m0{ id : 20 } )CREATE (m0)< - [ : T4 { id : 21 } ] - ( { id : 22 } ) < - [ : T4 { id : 23 } ] - ( : L1 { id : 24 } ) WITH * CREATE ( n4 { k7 : CASE WHEN FALSE THEN NULL ELSE NULL END , id : 25 } ) < - [ : T2 { id : CASE WHEN TRUE THEN 26 END } ] - ( n5 { k10 : true , id : 27 } ) RETURN CASE WHEN TRUE THEN 1 END AS a0 , min ( CASE WHEN TRUE THEN NULL END ) AS a1 ;
MATCH (a) RETURN count(a);
MATCH (b)-[a]->(c) RETURN count(a);
MATCH (b)-[a]->(c) RETURN count(a);
CREATE ({id:28}) CREATE (n0{id:29}), p0=( :L1{id:30}) CREATE (n1{id:31})<-[ :T2{id:32}]-(n2{id:33}), ({id:34}) RETURN 1 AS a0, 1 AS a1;
CREATE ( { id : 28 } ) WITH * OPTIONAL MATCH ()-[:TYPE]-() CREATE ( n0 { id : 29 } ) CREATE p0 = ( : L1 { id : 30 } ) WITH * OPTIONAL MATCH ()-[:TYPE]-() CREATE ( n1 { id : 31 } ) < - [ : T2 { id : 32 } ] - ( n2 { id : 33 } ) CREATE ( { id : 34 } ) WITH * OPTIONAL MATCH ()-[:TYPE]-() RETURN 1 AS a0 , 1 AS a1 ;
