-- Time: 2024/04/11 13:39:18
-- Database: janusgraph_database344
-- Database version: composite
-- seed value: 1712812406867
CREATE (n0 :L5{k28 : '3Tr9p', k27 : 'pCg', k29 : 91773185, k31 : 'J', k30 : 'l', id : 0});
CREATE (n0 :L5{k28 : '5', k27 : '9', k29 : 134275581, k30 : 'z', id : 1});
CREATE (n0 :L0{k0 : -1620205425, k1 : 1629955722, k2 : 'gS', k3 : '0', k4 : true, k5 : 'W', id : 2});
CREATE (n0 {id : 3});
MATCH (n0 {id : 2}), (n1 {id : 3}) MERGE(n0)-[r :T0{k39 : 1184171846, k38 : 'ZnTNQ', k42 : true, k41 : false, id : 4, k37 : 'X'}]->(n1);
MATCH (n0 {id : 1}), (n1 {id : 3}) MERGE(n0)-[r :T1{k44 : '86', id : 5, k43 : true, k46 : true, k45 : 1090077125, k47 : 'IG3kl'}]->(n1);
MATCH (n0 {id : 2}), (n1 {id : 1}) MERGE(n0)-[r :T5{k71 : 'V', k70 : '0JPsb5', k66 : -1403380217, id : 6, k69 : 'J'}]->(n1);
MATCH (n0 {id : 1}), (n1 {id : 2}) MERGE(n0)-[r :T5{k71 : 'MxSVeX', k70 : 'QgRLOPz', id : 7, k68 : false, k67 : 1775915076, k69 : 'XR'}]->(n1);
MATCH (n0 {id : 1}), (n1 {id : 0}) MERGE(n0)-[r :T5{k71 : '0KEdAQh', k66 : -1735925131, id : 8, k68 : true, k67 : -2016232069, k69 : 'Fl'}]->(n1);
MATCH (n0 {id : 1}), (n1 {id : 0}) MERGE(n0)-[r :T2{k49 : false, k50 : 'iyE', k53 : 'nD', k52 : 753450045, id : 9, k54 : 'U', k48 : -151361114}]->(n1);
MERGE (n0{k5:reverse(('W'+'nc')), id:10}) SET n0.k=toStringOrNull(NULL) REMOVE n0.k2 RETURN *;
MERGE ( n0 { k5 : reverse ( ( 'W' + 'nc' ) ) , id : 10 } ) WITH * OPTIONAL MATCH ()-[:TYPE]-() SET n0 . k = toStringOrNull ( NULL ) REMOVE n0 . k2 RETURN * ORDER BY TRUE ;
MATCH (a) RETURN count(a);
MATCH (b)-[a]->(c) RETURN count(a);
MATCH (b)-[a]->(c) RETURN count(a);
MERGE ( :L0{id:11}) MERGE ({k0:-1356820780, id:12})-[r0 :T5{k68:false, id:13}]-({id:14}) MERGE ({id:15})-[r1 :T5{id:16}]-({k29:1181233869, id:17}) RETURN 1 AS a0, (r0.k70) AS a1;
MERGE ( : L0 { id : 11 } ) MERGE pp0=( { k0 : -1356820780 , id : 12 } ) - [ r0 : T5 { k68 : false , id : 13 } ] - ( { id : 14 } ) WITH * MERGE ( { id : 15 } ) - [ r1 : T5 { id : 16 } ] - ( { k29 : 1181233869 , id : 17 } ) WITH * OPTIONAL MATCH ()-[:TYPE]-() RETURN 1 AS a0 , ( r0 . k70 ) AS a1 ;
MATCH (a) RETURN count(a);
MATCH (a) RETURN count(a);
MATCH (b)-[a]->(c) RETURN count(a);
MATCH (b)-[a]->(c) RETURN count(a);
WITH * SKIP 1 MERGE ({id:18})<-[r0 :T1{id:19}]-( :L5{k28:'G', id:20}) DETACH DELETE r0  RETURN 1 AS a0;
WITH * SKIP CASE WHEN FALSE THEN NULL ELSE 1 END MERGE ( { id : 18 } ) < - [ r0 : T1 { id : CASE WHEN FALSE THEN NULL ELSE 19 END } ] - ( : L5 { k28 : 'G' , id : 20 } ) DETACH DELETE r0 RETURN 1 AS a0 SKIP 1 ;
