-- Time: 2024/04/11 13:17:06
-- Database: janusgraph_database44
-- Database version: composite
-- seed value: 1712812406525
CREATE (n0 :L1{k5 : 'H', id : 0, k7 : 'J84', k8 : '3', k9 : false});
CREATE (n0 :L4{k28 : '1o8wQQ', k27 : false, id : 1, k24 : 335619851, k26 : 1686949323, k25 : 'd'});
CREATE (n0 :L5{k29 : -1255413334, k31 : 28592314, k30 : 'EB78c1', k33 : 1497606581, id : 2, k34 : 1041875294});
CREATE (n0 {id : 3});
MATCH (n0 {id : 2}), (n1 {id : 3}) MERGE(n0)-[r :T2{k51 : '1qibcBsxs', k52 : true, id : 4, k56 : 'M'}]->(n1);
MATCH (n0 {id : 1}), (n1 {id : 0}) MERGE(n0)-[r :T1{k49 : '6', k50 : -1554832646, id : 5, k46 : 'OC', k48 : true, k47 : 1450027185}]->(n1);
MATCH (n0 {id : 1}), (n1 {id : 0}) MERGE(n0)-[r :T4{k62 : 'H87i', k63 : 'sZFC7kVjW', k66 : true, id : 6}]->(n1);
WITH * LIMIT 0 OPTIONAL MATCH ()-[r0]-() MERGE ({id:7})-[ :T4{id:8}]-( :L5{id:9}) RETURN 1 AS a0, 1 AS a1;
WITH * LIMIT 0 OPTIONAL MATCH (nn0),()<-[r0]-(),(nn1) WHERE exists((nn0)-[r0]-(nn1)) OPTIONAL MATCH ()-[:TYPE]-() MERGE ( { id : 7 } ) - [ : T4 { id : 8 } ] - ( : L5 { id : 9 } ) RETURN 1 AS a0 , 1 AS a1 ;
MATCH (a) RETURN count(a);
MATCH (b)-[a]->(c) RETURN count(a);
MATCH (b)-[a]->(c) RETURN count(a);
MERGE ({id:10})-[r0 :T2{k55:1856201982, id:11}]->({id:12}) DETACH DELETE r0  CREATE (n0 :L5{id:13})-[ :T2{id:14}]->(n1{id:15}) RETURN NULL AS a0, 1 AS a1 UNION ALL MATCH (n0)-[r0]-(n1), (n0)-[r0]-(n1) REMOVE n1.k2 SET n1.k=NULL RETURN n0 AS a0, collect(relationships(NULL)[toIntegerOrNull(abs(-1613612871))])[toIntegerOrNull(abs(1418130016))] AS a1 LIMIT 0;
MERGE ( { id : 10 } ) - [ r0 : T2 { k55 : 1856201982 , id : 11 } ] - > ( { id : CASE WHEN FALSE THEN NULL ELSE 12 END } ) WITH * OPTIONAL MATCH ()-[:TYPE]-() DETACH DELETE r0 CREATE (n0: L5 { id : 13 } )CREATE (n0)- [ : T2 { id : 14 } ] - > ( n1 { id : 15 } ) RETURN NULL AS a0 , 1 AS a1 SKIP 1 UNION ALL MATCH ( n0 ) - [ r0 ] - ( n1 ) ,( n0 ) - [ r0 ] - ( n1 ) WITH * CALL{WITH *REMOVE n1 . k2 } WITH * UNWIND [NULL] as l0 SET n1 . k = NULL RETURN n0 AS a0 , collect ( relationships ( NULL ) [ toIntegerOrNull ( CASE WHEN TRUE THEN abs ( -1613612871 ) END ) ] ) [ toIntegerOrNull ( abs ( 1418130016 ) ) ] AS a1 LIMIT 0 ;
MATCH (a) RETURN count(a);
MATCH (a) RETURN count(a);
MATCH (b)-[a]->(c) RETURN count(a);
MATCH (b)-[a]->(c) RETURN count(a);
WITH * CREATE ( :L4{id:16}), ({id:17}) MERGE p0=({id:18})-[r0 :T1{id:19}]-({id:20}) RETURN 1 AS a0 UNION UNWIND NULL AS a1 CREATE (n2{k27:false, id:21})-[r0 :T1{k50:NULL, id:22}]->( :L1{id:23}), (n3{id:24})-[r1 :T1{k48:exists(()-[]->( :L1{k5:NULL})-[{k65:NULL}]-({k25:reverse(CASE WHEN NULL THEN toStringOrNull(NULL) END)})), id:25}]->(n4{id:26}) MERGE ({k5:'ydrNy0N', id:27})-[ :T4{k62:'E9', id:28}]-(n5{id:29}) RETURN DISTINCT NULL AS a0;
WITH * OPTIONAL MATCH ()-[:TYPE]-() CREATE ( : L4 { id : 16 } ) CREATE ( { id : CASE WHEN FALSE THEN NULL ELSE 17 END } ) WITH * OPTIONAL MATCH ()-[:TYPE]-() MERGE p0 = ( { id : CASE WHEN TRUE THEN 18 END } ) - [ r0 : T1 { id : 19 } ] - ( { id : 20 } ) RETURN 1 AS a0 ORDER BY 1 UNION UNWIND NULL AS a1 CREATE ( n2 { k27 : false , id : 21 } ) - [ r0 : T1 { k50 : NULL , id : 22 } ] - > ( : L1 { id : 23 } ) CREATE (n4{id:26})<-[ r1 : T1 { k48 : exists ( ( ) - [ ] - > ( : L1 { k5 : NULL } ) - [ { k65 : CASE WHEN FALSE THEN NULL ELSE NULL END } ] - ( { k25 : reverse ( CASE WHEN NULL THEN (''+toStringOrNull ( NULL ) )END ) } ) ) , id : 25 } ] -( n3 { id : 24 } ) WITH * UNWIND [1] as l0 MERGE ( { k5 : 'ydrNy0N' , id : 27 } ) - [ : T4 { k62 : 'E9' , id : CASE WHEN TRUE THEN 28 END } ] - ( n5 { id : 29 } ) WITH * OPTIONAL MATCH ()-[:TYPE]-() RETURN DISTINCT NULL AS a0 LIMIT 1 ;
MATCH (a) RETURN count(a);
MATCH (a) RETURN count(a);
MATCH (b)-[a]->(c) RETURN count(a);
MATCH (b)-[a]->(c) RETURN count(a);
UNWIND NULL AS a0 MERGE ({id:30})-[r0 :T2{id:31}]-( :L5{id:32}) DETACH DELETE r0  RETURN a0 AS a1 LIMIT 0 UNION MERGE (n0 :L1{id:33})<-[r0 :T1{k45:true, id:34}]-(n1{id:35})-[r1 :T4{id:36}]-({id:37}) SET n0.k=(r0.k50) SET n1.k=(r0.k50) RETURN 1 AS a1 LIMIT 0;
UNWIND NULL AS a0 MERGE ( { id : CASE WHEN FALSE THEN NULL ELSE 30 END } ) - [ r0 : T2 { id : 31 } ] - ( : L5 { id : 32 } ) WITH * DETACH DELETE r0 WITH * UNWIND 1 as l0 RETURN a0 AS a1 LIMIT 0 UNION MERGE ( n0 : L1 { id : 33 } ) < - [ r0 : T1 { k45 : true , id : 34 } ] - ( n1 { id : 35 } ) - [ r1 : T4 { id : 36 } ] - ( { id : 37 } ) WITH * OPTIONAL MATCH ()-[:TYPE]-() SET n0 . k = ( r0 . k50 ) WITH * SET n1 . k = ( r0 . k50 ) RETURN 1 AS a1 LIMIT 0 ;
