-- Time: 2024/04/11 13:57:51
-- Database: janusgraph_database595
-- Database version: composite
-- seed value: 1712812407119
CREATE (n0 :L4{k28 : 1687280606, k27 : 2082787867, k29 : '3', k30 : -2038443237, id : 0, k24 : 'sYC3YjsAF', k25 : false});
CREATE (n0 :L4{k28 : -8298360, k27 : -900993796, k29 : 'p', k30 : -1385129608, id : 1, k24 : 'q', k25 : true});
CREATE (n0 :L2{k17 : 'N', k18 : false, id : 2, k13 : 'xio', k15 : -369176530, k14 : 'o'});
CREATE (n0 :L3{k19 : false, k20 : 'c', id : 3, k21 : false, k23 : '8'});
MATCH (n0 {id : 3}), (n1 {id : 0}) MERGE(n0)-[r :T2{k60 : 'kt3vVU6', k62 : -733932377, k61 : -1934222400, id : 4, k57 : false, k56 : true, k59 : 1780188414, k58 : 247433410}]->(n1);
MATCH (n0 {id : 2}), (n1 {id : 1}) MERGE(n0)-[r :T2{k60 : '3xo', k62 : 1847017992, k61 : 7725359, id : 5, k57 : false, k56 : false, k59 : 1008028312, k58 : 907767342}]->(n1);
MATCH (n0 {id : 0}), (n1 {id : 2}) MERGE(n0)-[r :T1{k50 : true, k52 : false, k55 : false, id : 6, k54 : 'jJTt'}]->(n1);
MATCH (n0 {id : 2}), (n1 {id : 3}) MERGE(n0)-[r :T0{k49 : 'ZYUjiKx', k44 : false, id : 7, k43 : 'd', k46 : -393515314, k45 : false, k48 : 'YG', k47 : '0NN'}]->(n1);
OPTIONAL MATCH (n0 :L2), ()-[]-(n1) REMOVE n0.k2 DETACH DELETE n1  RETURN 1 AS a0, 1 AS a1 UNION ALL CREATE ({id:8})<-[r0 :T2{id:9}]-( :L3{id:10}) CREATE ({id:11})<-[r1 :T2{k62:-1558849459, id:12}]-(n0 :L3{k22:CASE WHEN (NULL <> -2083014351) THEN 'hDpp6Km8L' END, id:13}) MERGE ({id:14})<-[r2 :T2{k61:-724509701, id:15}]-( :L3{k20:'s', id:16})<-[r3 :T0{id:17}]-(n1{id:18}) RETURN DISTINCT 1 AS a0, (r3.k47) AS a1;
OPTIONAL MATCH (n0 :L2),(nn0),()<-[m1]-(),(n1) WHERE exists((nn0)-[m1]-(n1)) REMOVE n0 . k2 WITH * CALL{WITH *DETACH DELETE n1 } RETURN 1 AS a0 , 1 AS a1 UNION ALL CREATE ( { id : 8 } ) < - [ r0 : T2 { id : 9 } ] - ( : L3 { id : 10 } ) WITH * OPTIONAL MATCH ()-[:TYPE]-() CREATE (n0 :L3{k22:CASE WHEN (NULL <> -2083014351) THEN 'hDpp6Km8L' END, id:13})-[ r1 : T2 { k62 : -1558849459 , id : 12 } ] ->( { id : CASE WHEN TRUE THEN 11 END } ) MERGE ( { id : 14 } ) < - [ r2 : T2 { k61 : -724509701 , id : 15 } ] - ( : L3 { k20 : 's' , id : 16 } ) < - [ r3 : T0 { id : 17 } ] - ( n1 { id : 18 } ) WITH * RETURN DISTINCT 1 AS a0 , ( r3 . k47 ) AS a1 SKIP 1 ;
MATCH (a) RETURN count(a);
MATCH (b)-[a]->(c) RETURN count(a);
MATCH (b)-[a]->(c) RETURN count(a);
UNWIND [(-803461148 > '3L4IaO'), NULL] AS a0 CREATE (n0{id:19})-[r0 :T2{k56:false, id:20}]->(n1 :L4{k28:-626564629, id:21})-[ :T1{k51:1489463519, id:22}]->(n2{id:23}) CREATE (n3{id:24}), p0=({k26:(NULL < NULL), id:25})<-[r1 :T0{k48:'yq', id:26}]-({k16:1, id:27}) RETURN 1 AS a1, 1 AS a2 ORDER BY false;
UNWIND [ ( -803461148 > '3L4IaO' ) , CASE WHEN FALSE THEN NULL ELSE NULL END ] AS a0 CREATE (n0{ id : 19 } )CREATE (n0)- [ r0 : T2 { k56 : false , id : 20 } ] - > ( n1 : L4 { k28 : -626564629 , id : 21 } ) - [ : T1 { k51 : 1489463519 , id : 22 } ] - > ( n2 { id : 23 } ) CREATE ( n3 { id : 24 } ) CREATE p0=({k16:1, id:27})-[ r1 : T0 { k48 : (''+'yq' ), id : CASE WHEN FALSE THEN NULL ELSE 26 END } ] ->( { k26 : ( NULL < NULL ) , id : 25 } ) RETURN 1 AS a1 , 1 AS a2 ORDER BY false ,TRUE ;
MATCH (a) RETURN count(a);
MATCH (a) RETURN count(a);
MATCH (b)-[a]->(c) RETURN count(a);
MATCH (b)-[a]->(c) RETURN count(a);
CREATE (n0{id:28}), ({id:29})<-[r0 :T1{k51:round(2120478094), id:30}]-(n1{id:31}) MERGE ( :L2{k13:'S', id:32})-[r1 :T1{id:33}]-(n2{id:34}) DETACH DELETE n2  RETURN false AS a0, 1 AS a1;
CREATE ( n0 { id : 28 } ) CREATE ( { id : 29 } ) < - [ r0 : T1 { k51 : round ( CASE WHEN TRUE THEN 2120478094 END ) , id : CASE WHEN TRUE THEN 30 END } ] - ( n1 { id : CASE WHEN TRUE THEN 31 END } ) MERGE ( : L2 { k13 : 'S' , id : 32 } ) - [ r1 : T1 { id : 33 } ] - ( n2 { id : 34 } ) DETACH DELETE n2 RETURN false AS a0 , 1 AS a1 LIMIT 1 ;
MATCH (a) RETURN count(a);
MATCH (a) RETURN count(a);
MATCH (b)-[a]->(c) RETURN count(a);
MATCH (b)-[a]->(c) RETURN count(a);
UNWIND NULL AS a0 MERGE (n0 :L4{id:35})-[r0 :T2{id:36}]-( :L2{id:37}) SET n0.k=((-888481727/toIntegerOrNull(NULL))+-1773578806) RETURN (n0.k29) AS a1;
UNWIND NULL AS a0 MERGE ( n0 : L4 { id : 35 } ) - [ r0 : T2 { id : 36 } ] - ( : L2 { id : 37 } ) WITH * OPTIONAL MATCH ()-[:TYPE]-() WITH * CALL{WITH *SET n0 . k = ( ( -888481727 / toIntegerOrNull ( NULL ) ) + -1773578806 ) } RETURN ( n0 . k29 ) AS a1 ;
MATCH (a) RETURN count(a);
MATCH (a) RETURN count(a);
MATCH (b)-[a]->(c) RETURN count(a);
MATCH (b)-[a]->(c) RETURN count(a);
MERGE p1=(n2 :L2{id:38})-[ :T0{k46:-71811785, id:39}]-({id:40}) MERGE p2=({id:41})-[r0 :T2{id:42}]-(n3{k16:332961767, id:43}) SET n2.k=(((n2.k13)+reverse('0')) < (r0.k60)) RETURN * SKIP 1;
MERGE p1 = ( n2 : L2 { id : CASE WHEN FALSE THEN NULL ELSE 38 END } ) - [ : T0 { k46 : -71811785 , id : 39 } ] - ( { id : 40 } ) MERGE p2 = ( { id : CASE WHEN FALSE THEN NULL ELSE 41 END } ) - [ r0 : T2 { id : CASE WHEN TRUE THEN 42 END } ] - ( n3 { k16 : 332961767 , id : 43 } ) WITH * OPTIONAL MATCH ()-[:TYPE]-() SET n2 . k = ( ( CASE WHEN FALSE THEN NULL ELSE ( n2 . k13 ) + reverse ( '0' ) END ) < ( r0 . k60 ) ) RETURN * SKIP CASE WHEN TRUE THEN 1 END ;
MATCH (a) RETURN count(a);
MATCH (a) RETURN count(a);
MATCH (b)-[a]->(c) RETURN count(a);
MATCH (b)-[a]->(c) RETURN count(a);
OPTIONAL MATCH (n0) MERGE (n1{k30:-1895028313, id:44})<-[r0 :T2{id:45}]-( :L3{id:46}) DETACH DELETE r0  RETURN n0 AS a0, 1 AS a1;
OPTIONAL MATCH ( n0 ) MERGE ( n1 { k30 : -1895028313 , id : 44 } ) < - [ r0 : T2 { id : 45 } ] - ( : L3 { id : CASE WHEN FALSE THEN NULL ELSE 46 END } ) DETACH DELETE CASE WHEN TRUE THEN r0 END WITH * RETURN n0 AS a0 , 1 AS a1 ;
MATCH (a) RETURN count(a);
MATCH (a) RETURN count(a);
MATCH (b)-[a]->(c) RETURN count(a);
MATCH (b)-[a]->(c) RETURN count(a);
CREATE (n0 :L4{id:47})<-[ :T0{id:48}]-(n1{id:49}) CREATE (n2{id:50}) CREATE (n3 :L4{id:51})<-[ :T2{id:52}]-( :L3{id:53})<-[ :T0{k47:NULL, id:54}]-(n4{id:55}), p0=(n5{id:56}) RETURN 1 AS a0, 1 AS a1;
CREATE (n1{id:49})-[ : T0 { id : 48 } ] ->( n0 : L4 { id : 47 } ) CREATE ( n2 { id : CASE WHEN TRUE THEN 50 END } ) CREATE ( n3 : L4 { id : 51 } ) < - [ : T2 { id : 52 } ] - ( : L3 { id : 53 } ) < - [ : T0 { k47 : NULL , id : 54 } ] - ( n4 { id : 55 } ) CREATE p0 = ( n5 { id : 56 } ) WITH * OPTIONAL MATCH ()-[:TYPE]-() RETURN 1 AS a0 , 1 AS a1 ;
