-- Time: 2024/04/11 13:50:19
-- Database: janusgraph_database493
-- Database version: composite
-- seed value: 1712812407017
CREATE (n0 :L4{k28 : -356369316, k27 : -1156646697, k29 : -1729177083, k30 : -1647017962, id : 0, k26 : 'r', k25 : 'Fdx'});
CREATE (n0 {id : 1});
CREATE (n0 :L1{k11 : true, id : 2, k10 : false, k7 : -723183404, k13 : false, k8 : true, k12 : true, k9 : false});
CREATE (n0 :L3{k22 : true, id : 3, k21 : 'i', k24 : 'aAwBiqQO', k23 : 131531040});
MATCH (n0 {id : 2}), (n1 {id : 3}) MERGE(n0)-[r :T5{k62 : 669141596, k64 : 982417934, k63 : false, k66 : -56983936, id : 4, k68 : -1741512569, k67 : 'rnfp7U0'}]->(n1);
MATCH (n0 {id : 1}), (n1 {id : 2}) MERGE(n0)-[r :T0{k31 : -1158729392, k33 : false, id : 5, k32 : 135060062, k35 : 'HOpO4d4X4', k34 : 1002161691}]->(n1);
MATCH (n0 {id : 1}), (n1 {id : 1}) MERGE(n0)-[r :T4{k60 : '46EFIh', k61 : false, id : 6, k57 : 1237333190, k59 : false, k58 : '6jmzjU'}]->(n1);
MATCH (n0 {id : 2}), (n1 {id : 1}) MERGE(n0)-[r :T2{k49 : -303538645, id : 7, k43 : 'QwMqBhMy0', k46 : 368133122, k45 : 'T', k48 : -629315553, k47 : true}]->(n1);
MERGE (n0{id:8})-[r0 :T0{k31:-1028617424, id:9}]-({id:10}) CREATE (n1{id:11}) SET n0.k=-1529904545 RETURN n0 AS a0;
MERGE ( n0 { id : 8 } ) - [ r0 : T0 { k31 : -1028617424 , id : 9 } ] - ( { id : CASE WHEN FALSE THEN NULL ELSE 10 END } ) CREATE ( n1 { id : 11 } ) FOREACH(f in [1]|SET n0 . k = -1529904545 ) RETURN n0 AS a0 ;
MATCH (a) RETURN count(a);
MATCH (b)-[a]->(c) RETURN count(a);
MATCH (b)-[a]->(c) RETURN count(a);
OPTIONAL MATCH (), ( :L4{k28:NULL}) UNWIND [endNode(NULL)] AS a0 MERGE ( :L4{k28:-997266218, id:12}) RETURN 1 AS a1 UNION MERGE ({id:13}) MERGE p0=(n0{id:14}) CREATE (n1{id:15}) RETURN 1 AS a1;
OPTIONAL MATCH ()-[*0..0]-( ) ,( : L4 { k28 : NULL } ) UNWIND ([ CASE WHEN TRUE THEN endNode ( NULL ) END ] +[]) AS a0 MERGE ( : L4 { k28 : -997266218 , id : 12 } ) RETURN 1 AS a1 UNION MERGE ( { id : 13 } ) MERGE p0 = ( n0 { id : 14 } ) CREATE ( n1 { id : 15 } ) RETURN 1 AS a1 ;
MATCH (a) RETURN count(a);
MATCH (a) RETURN count(a);
MATCH (b)-[a]->(c) RETURN count(a);
MATCH (b)-[a]->(c) RETURN count(a);
UNWIND keys(relationships(NULL)[toIntegerOrNull(abs(-1357475963))]) AS a0 OPTIONAL MATCH (), ()-[r0]-(n0) REMOVE n0.k2 RETURN n0 AS a1, r0 AS a2;
UNWIND keys ( relationships ( NULL ) [ toIntegerOrNull ( abs ( -1357475963 ) ) ] ) AS a0 OPTIONAL MATCH (),()-[r0]-(n0) REMOVE n0 . k2 RETURN DISTINCT n0 AS a1 , r0 AS a2 SKIP 1 ;
MATCH (a) RETURN count(a);
MATCH (a) RETURN count(a);
MATCH (b)-[a]->(c) RETURN count(a);
MATCH (b)-[a]->(c) RETURN count(a);
OPTIONAL MATCH p0=()-[]-()<-[*0..1]-(), () WHERE (NULL OR NULL) MERGE ( :L1{id:16})-[ :T2{id:17}]-(n0{id:18}) REMOVE n0.k2 RETURN n0 AS a0, 1 AS a1;
OPTIONAL MATCH p0 = ( ) - [ ] - ( ) < - [ * 0 .. 1 ] - ( ) ,( ) WHERE ( CASE WHEN FALSE THEN NULL ELSE NULL OR NULL END ) MERGE ( : L1 { id : 16 } ) - [ : T2 { id : 17 } ] - ( n0 { id : 18 } ) WITH * OPTIONAL MATCH ()-[:TYPE]-() REMOVE n0 . k2 WITH * UNWIND 1 as l0 RETURN n0 AS a0 , 1 AS a1 ORDER BY FALSE ;
