-- Time: 2024/04/11 13:49:47
-- Database: janusgraph_database486
-- Database version: composite
-- seed value: 1712812407009
CREATE (n0 :L5{k33 : false, id : 0, k32 : 128952889, k35 : true, k34 : 'dNvdovH', k37 : true, k36 : false});
CREATE (n0 :L4{k28 : true, k27 : 'RT2h', k29 : false, k30 : false, id : 1, k26 : -505107759, k25 : '9s'});
CREATE (n0 {id : 2});
CREATE (n0 {id : 3});
MATCH (n0 {id : 0}), (n1 {id : 2}) MERGE(n0)-[r :T2{k51 : 'g', k53 : false, k52 : 'qUjNgbInd', id : 4, k54 : false, k56 : false}]->(n1);
MATCH (n0 {id : 0}), (n1 {id : 3}) MERGE(n0)-[r :T1{k49 : true, k50 : 'u', id : 5, k46 : -502287920, k45 : 'q', k48 : 'X1Bu9g7q7', k47 : 995118847}]->(n1);
MERGE ({id:6}) MERGE (n0{id:7})<-[r0 :T2{id:8}]-(n1{id:9}) CREATE (n2{k36:(((-185021814-(-491944285*-1259592029))/-200104658) > CASE WHEN true THEN round(1315182780) END), id:10})-[ :T2{id:11}]->({id:12}) RETURN n0 AS a0;
MERGE pp0=( { id : 6 } ) WITH * UNWIND [1] as l0 MERGE pp1=( n0 { id : 7 } ) < - [ r0 : T2 { id : 8 } ] - ( n1 { id : 9 } ) CREATE ({id:12})<-[ : T2 { id : 11 } ] -( n2 { k36 : CASE WHEN FALSE THEN NULL ELSE ( ( ( -185021814 - ( -491944285 * -1259592029 ) ) / -200104658 ) > CASE WHEN true THEN round ( 1315182780 ) END ) END , id : 10 } ) WITH * RETURN n0 AS a0 ;
MATCH (a) RETURN count(a);
MATCH (b)-[a]->(c) RETURN count(a);
MATCH (b)-[a]->(c) RETURN count(a);
UNWIND [('6I93jua' STARTS WITH NULL), true] AS a0 OPTIONAL MATCH () CREATE ( :L4{k31:NULL, id:13}) RETURN 1 AS a1, a0 AS a2;
UNWIND ([]+[ ( (''+'6I93jua' )STARTS WITH NULL ) , true ] )AS a0 OPTIONAL MATCH ( ) CREATE ( : L4 { k31 : NULL , id : 13 } ) RETURN 1 AS a1 , a0 AS a2 ;
MATCH (a) RETURN count(a);
MATCH (a) RETURN count(a);
MATCH (b)-[a]->(c) RETURN count(a);
MATCH (b)-[a]->(c) RETURN count(a);
UNWIND [x IN [NULL, NULL]|NULL] AS a0 MATCH p0=(n0) WHERE NULL SET n0.k=(30462540 <> (-156914719-CASE WHEN true THEN -2055208788 END)) RETURN p0 AS a1 SKIP 0;
UNWIND [ x IN [ NULL , NULL ] | NULL ] AS a0 MATCH p0 = ( n0 ) WHERE CASE WHEN FALSE THEN NULL ELSE NULL END SET n0 . k = ( 30462540 <> ( -156914719 - CASE WHEN true THEN -2055208788 END ) ) RETURN DISTINCT p0 AS a1 SKIP 0 ;
