-- Time: 2024/04/11 13:13:26
-- Database: janusgraph_database0
-- Database version: composite
-- seed value: 1712812406471
CREATE (n0 :L4{k27 : 'JP', k29 : 1870611793, k31 : 'b', k30 : -344048970, id : 0, k26 : -1512812256});
CREATE (n0 :L4{k28 : 'T', k29 : -2089163635, k31 : 'j', k30 : 980015008, id : 1, k26 : -729049147});
CREATE (n0 {id : 2});
CREATE (n0 :L5{k33 : 'vyuvUDN3d', id : 3, k32 : 'F', k35 : true, k34 : 'p', k37 : true, k36 : 1255463000});
MATCH (n0 {id : 0}), (n1 {id : 1}) MERGE(n0)-[r :T0{k39 : 314751973, k38 : -1159165643, k41 : true, k44 : true, id : 4, k43 : false}]->(n1);
MATCH (n0 {id : 0}), (n1 {id : 3}) MERGE(n0)-[r :T4{k62 : 1197408484, k61 : -179593120, k64 : 2012787277, k63 : true, k66 : 'llzMRYf8s', id : 5}]->(n1);
MATCH (n0 {id : 1}), (n1 {id : 3}) MERGE(n0)-[r :T4{k62 : -471582868, k64 : -1260443975, k63 : false, k66 : 'sBzlbk', id : 6, k65 : 'c'}]->(n1);
MATCH (n0 {id : 1}), (n1 {id : 1}) MERGE(n0)-[r :T4{k62 : -834722698, k61 : -316448868, k63 : false, k66 : 'LsdhVn', id : 7, k65 : 'fT'}]->(n1);
MATCH (n0 {id : 2}), (n1 {id : 0}) MERGE(n0)-[r :T3{k55 : -183156452, id : 8, k57 : false, k56 : 'V', k58 : 'q'}]->(n1);
WITH NULL AS a0 LIMIT 1 WHERE NULL MERGE (n0 :L4{id:9})-[r0 :T0{id:10}]-( :L4{id:11})-[r1 :T4{id:12}]-({id:13}) CREATE p0=(n1 :L4{k27:toStringOrNull(NULL), id:14}), p1=({k32:toStringOrNull(NULL), id:15})<-[ :T4{id:16}]-( :L4{id:17})-[ :T0{k40:(n0.k29), id:18}]->(n2{k28:'5fGR4', id:19}) RETURN 1 AS a1, 1 AS a2;
WITH NULL AS a0 LIMIT 1 WHERE NULL MERGE ( n0 : L4 { id : 9 } ) - [ r0 : T0 { id : 10 } ] - ( : L4 { id : 11 } ) - [ r1 : T4 { id : 12 } ] - ( { id : 13 } ) CREATE p0 = ( n1 : L4 { k27 : toStringOrNull ( NULL ) , id : 14 } ) CREATE p1=(n2{k28:'5fGR4', id:19})<-[ : T0 { k40 : ( n0 . k29 ) , id : 18 } ] -( :L4{id:17})-[ : T4 { id : CASE WHEN FALSE THEN NULL ELSE 16 END } ] ->( { k32 : CASE WHEN FALSE THEN NULL ELSE toStringOrNull ( NULL ) END , id : 15 } ) RETURN 1 AS a1 , 1 AS a2 ;
MATCH (a) RETURN count(a);
MATCH (b)-[a]->(c) RETURN count(a);
MATCH (b)-[a]->(c) RETURN count(a);
MERGE p0=(n0{id:20}) MERGE (n1{k31:'u', id:21})-[r0 :T0{k40:-742815561, id:22}]-( :L4{id:23})-[r1 :T4{id:24}]-( :L5{id:25}) MERGE (n2{k36:1165095780, id:26})-[r2 :T4{k62:1533425701, id:27}]-( :L4{id:28}) RETURN n1 AS a0;
MERGE p0 = ( n0 { id : 20 } ) WITH * MERGE ( n1 { k31 : 'u' , id : 21 } ) - [ r0 : T0 { k40 : -742815561 , id : 22 } ] - ( : L4 { id : 23 } ) - [ r1 : T4 { id : 24 } ] - ( : L5 { id : 25 } ) MERGE ( n2 { k36 : 1165095780 , id : 26 } ) - [ r2 : T4 { k62 : 1533425701 , id : 27 } ] - ( : L4 { id : 28 } ) RETURN n1 AS a0 ;
