-- Time: 2024/04/11 14:29:43
-- Database: janusgraph_database1025
-- Database version: composite
-- seed value: 1712812407550
CREATE (n0 :L2{k17 : true, k16 : false, id : 0, k13 : 'WgVIcS2pj', k12 : true, k15 : -2056209754, k14 : 'G'});
CREATE (n0 :L5{k31 : false, k30 : 111152291, k33 : 'RPH9n', id : 1, k32 : 'f', k35 : 'r', k34 : 'J'});
CREATE (n0 :L2{k17 : false, k16 : true, id : 2, k13 : 'NRwdgsPj', k12 : true, k15 : -2126914299, k14 : 'b'});
CREATE (n0 {id : 3});
MATCH (n0 {id : 3}), (n1 {id : 0}) MERGE(n0)-[r :T1{k51 : 'Ih8', k50 : 'vr9', k52 : false, id : 4, k46 : -473258404, k48 : -1779174046, k47 : 'Mp71'}]->(n1);
MATCH (n0 {id : 1}), (n1 {id : 2}) MERGE(n0)-[r :T3{k60 : false, id : 5, k65 : true}]->(n1);
MATCH (n0 {id : 0}), (n1 {id : 2}) MERGE(n0)-[r :T0{k42 : 621486144, k44 : 887450982, id : 6, k43 : 'Djn', k45 : -1963527585}]->(n1);
MATCH (n0 {id : 1}), (n1 {id : 0}) MERGE(n0)-[r :T0{k42 : 1479669078, k41 : true, k44 : 1370151192, id : 7, k43 : 'O', k45 : -1221221878}]->(n1);
MATCH (n0 {id : 0}), (n1 {id : 3}) MERGE(n0)-[r :T2{k53 : 'r7E', k55 : 'H', id : 8, k57 : false, k59 : 'kW'}]->(n1);
MATCH (n0 {id : 0}), (n1 {id : 3}) MERGE(n0)-[r :T0{k42 : -1195853140, k44 : -1921651730, id : 9, k43 : '9', k45 : -1173872055}]->(n1);
MERGE p0=({id:10}) MERGE ({k17:false, id:11})-[r0 :T0{k43:'bF', id:12}]-({id:13}) CREATE ( :L5{id:14})-[r1 :T3{k64:-494614280, id:15}]->(n1{id:16})<-[r2 :T0{k44:(r0.k42), id:17}]-(n2{k12:(r0.k41), id:18}), (n3{id:19}) RETURN 1 AS a0;
MERGE p0 = ( { id : 10 } ) MERGE ( { k17 : CASE WHEN FALSE THEN NULL ELSE false END , id : 11 } ) - [ r0 : T0 { k43 : (''+'bF' ), id : CASE WHEN TRUE THEN 12 END } ] - ( { id : CASE WHEN FALSE THEN NULL ELSE 13 END } ) CREATE ( : L5 { id : 14 } ) - [ r1 : T3 { k64 : -494614280 , id : 15 } ] - > ( n1 { id : 16 } ) < - [ r2 : T0 { k44 : ( r0 . k42 ) , id : 17 } ] - ( n2 { k12 : ( r0 . k41 ) , id : 18 } ) CREATE ( n3 { id : 19 } ) RETURN 1 AS a0 ;
MATCH (a) RETURN count(a);
MATCH (b)-[a]->(c) RETURN count(a);
MATCH (b)-[a]->(c) RETURN count(a);
CREATE (n0{id:20})-[ :T0{id:21}]->(n1{k12:NULL, id:22})<-[r0 :T3{k61:toStringOrNull(round(1125001191)), id:23}]-({id:24}) CREATE ( :L2{k14:'V3', id:25})-[r1 :T0{id:26}]->({id:27})-[ :T1{id:28}]->(n4 :L2{k15:toIntegerList([x IN [((-707820375--712222763) <> -1402575490), true]|x])[toIntegerOrNull(abs(-277802469))], id:29}) MERGE ({k14:'7', id:30}) RETURN min(NULL) AS a0;
CREATE ( n0 { id : 20 } ) - [ : T0 { id : 21 } ] - > ( n1 { k12 : NULL , id : 22 } ) < - [ r0 : T3 { k61 : toStringOrNull ( round ( 1125001191 ) ) , id : 23 } ] - ( { id : 24 } ) WITH * OPTIONAL MATCH ()-[:TYPE]-() CREATE (n4 :L2{k15:toIntegerList([x IN [((-707820375--712222763) <> -1402575490), true]|x])[toIntegerOrNull(abs(-277802469))], id:29})<-[ : T1 { id : 28 } ] -({id:27})<-[ r1 : T0 { id : 26 } ] -( : L2 { k14 : (''+'V3' ), id : 25 } ) WITH * OPTIONAL MATCH ()-[:TYPE]-() MERGE ( { k14 : '7' , id : 30 } ) WITH * RETURN min ( NULL ) AS a0 ORDER BY 1 DESC ;
MATCH (a) RETURN count(a);
MATCH (a) RETURN count(a);
MATCH (b)-[a]->(c) RETURN count(a);
MATCH (b)-[a]->(c) RETURN count(a);
CREATE ({id:31})<-[r0 :T0{id:32}]-({id:33})<-[r1 :T0{k41:NULL, id:34}]-(n2{id:35}) MERGE ({id:36}) MERGE (n3{id:37}) RETURN n3 AS a2, NULL AS a3 SKIP 1;
CREATE (m0{ id : 31 } )CREATE (m0)< - [ r0 : T0 { id : 32 } ] - ( { id : 33 } ) < - [ r1 : T0 { k41 : NULL , id : 34 } ] - ( n2 { id : 35 } ) MERGE ( { id : 36 } ) MERGE ( n3 { id : 37 } ) RETURN n3 AS a2 , NULL AS a3 ORDER BY TRUE DESC SKIP 1 ;
