-- Time: 2024/04/11 14:00:00
-- Database: janusgraph_database624
-- Database version: composite
-- seed value: 1712812407148
CREATE (n0 :L3{k17 : false, k19 : 'p', k18 : true, k20 : false, id : 0});
CREATE (n0 {id : 1});
CREATE (n0 :L3{k16 : 'jtP', k19 : 'U', k20 : false, id : 2});
CREATE (n0 :L0{k0 : -913695873, k1 : 'Yn2D10Smx', k2 : false, k3 : true, k4 : -1560104468, id : 3});
MATCH (n0 {id : 1}), (n1 {id : 0}) MERGE(n0)-[r :T6{k62 : -1768233270, k64 : 'RF', k63 : 'qcWK', k66 : false, id : 4, k65 : 'Z75', k67 : true}]->(n1);
MATCH (n0 {id : 0}), (n1 {id : 0}) MERGE(n0)-[r :T1{k39 : 'H', k38 : -1537328096, k33 : true, id : 5, k35 : 'Zlx48d', k34 : 'gZo', k37 : -1055189974, k36 : 'MUL'}]->(n1);
MATCH (n0 {id : 0}), (n1 {id : 0}) MERGE(n0)-[r :T5{k60 : 'u', k55 : 'zLI', id : 6, k59 : -513705028, k58 : false}]->(n1);
MATCH (n0 {id : 0}), (n1 {id : 1}) MERGE(n0)-[r :T6{k62 : -730679705, k64 : 's', k63 : 'ynRyOFto', k66 : false, id : 7, k67 : false}]->(n1);
MATCH (n0 {id : 1}), (n1 {id : 1}) MERGE(n0)-[r :T5{k60 : 'qj', k61 : 'XGHfM8ZO0', k55 : 'YqXdyGXCd', id : 8, k57 : 581315579, k56 : false, k59 : 1406498029, k58 : true}]->(n1);
MATCH (n0 {id : 1}), (n1 {id : 1}) MERGE(n0)-[r :T0{k28 : 'BXg0r', k27 : -822894008, k29 : -1824672765, k31 : false, k30 : 'N', id : 9, k32 : 658295464, k26 : 1059887471}]->(n1);
UNWIND NULL AS a0 CREATE (n1{k2:NULL, id:10}), p1=({id:11}) MERGE p2=(n2 :L0{id:12}) RETURN 1 AS a1, percentileDisc((n2.k4), 0) AS a2 SKIP 0;
UNWIND NULL AS a0 WITH * CREATE ( n1 { k2 : NULL , id : 10 } ) CREATE p1 = ( { id : 11 } ) MERGE p2 = ( n2 : L0 { id : 12 } ) WITH * RETURN 1 AS a1 , percentileDisc ( ( n2 . k4 ) , CASE WHEN FALSE THEN NULL ELSE 0 END ) AS a2 SKIP 0 ;
MATCH (a) RETURN count(a);
MATCH (b)-[a]->(c) RETURN count(a);
MATCH (b)-[a]->(c) RETURN count(a);
MATCH p0=()-[r0 :T0{k28:'O'}]->() MERGE p1=({k17:true, id:13}) MERGE (n0{k19:'krv', id:14}) RETURN *, (r0.k30) AS a0 LIMIT 0;
MATCH p0 = ( ) - [ r0 : T0 { k28 : 'O' } ] - > ( ) WITH * UNWIND [1] as l0 MERGE p1 = ( { k17 : true , id : 13 } ) WITH * UNWIND 1 as l1 MERGE ( n0 { k19 : 'krv' , id : 14 } ) RETURN * , ( r0 . k30 ) AS a0 LIMIT 0 ;
MATCH (a) RETURN count(a);
MATCH (a) RETURN count(a);
MATCH (b)-[a]->(c) RETURN count(a);
MATCH (b)-[a]->(c) RETURN count(a);
CREATE p0=({id:15}) CREATE ({id:16}), ({k0:NULL, id:17}) CREATE (n0{id:18}), ({id:19})-[r0 :T6{id:20}]->( :L3{k19:'N', id:21})-[r1 :T5{k61:toStringList([false])[toIntegerOrNull(abs(-1065021132))], id:22}]->({k19:NULL, id:23}) RETURN NULL AS a0;
CREATE p0 = ( { id : 15 } ) WITH * CREATE ( { id : 16 } ) CREATE ( { k0 : NULL , id : 17 } ) WITH * OPTIONAL MATCH ()-[:TYPE]-() CREATE ( n0 { id : CASE WHEN FALSE THEN NULL ELSE 18 END } ) CREATE ( { id : 19 } ) - [ r0 : T6 { id : 20 } ] - > ( : L3 { k19 : 'N' , id : CASE WHEN FALSE THEN NULL ELSE 21 END } ) - [ r1 : T5 { k61 : toStringList ( [ false ] ) [ toIntegerOrNull ( abs ( -1065021132 ) ) ] , id : 22 } ] - > ( { k19 : NULL , id : 23 } ) RETURN NULL AS a0 ;
MATCH (a) RETURN count(a);
MATCH (a) RETURN count(a);
MATCH (b)-[a]->(c) RETURN count(a);
MATCH (b)-[a]->(c) RETURN count(a);
UNWIND toBooleanList([nodes(NULL)[toIntegerOrNull(abs(-1929873907))], NULL]) AS a1 CREATE (n0{id:24}) MERGE (n1 :L3{k16:'x', id:25}) RETURN DISTINCT 1 AS a2;
UNWIND toBooleanList ( [ nodes ( NULL ) [ toIntegerOrNull ( abs ( -1929873907 ) ) ] , NULL ] ) AS a1 CREATE ( n0 { id : 24 } ) MERGE ( n1 : L3 { k16 : 'x' , id : 25 } ) WITH * RETURN DISTINCT CASE WHEN FALSE THEN NULL ELSE 1 END AS a2 LIMIT 1 ;
MATCH (a) RETURN count(a);
MATCH (a) RETURN count(a);
MATCH (b)-[a]->(c) RETURN count(a);
MATCH (b)-[a]->(c) RETURN count(a);
OPTIONAL MATCH (n0), (n1) MERGE (n2{id:26}) DETACH DELETE n1  RETURN n2 AS a0;
OPTIONAL MATCH ( n0 ) ,( n1 ) OPTIONAL MATCH ()-[:TYPE]-() MERGE ( n2 { id : CASE WHEN TRUE THEN 26 END } ) WITH * OPTIONAL MATCH ()-[:TYPE]-() DETACH DELETE CASE WHEN FALSE THEN NULL ELSE n1 END WITH * RETURN n2 AS a0 ;
