-- Time: 2024/04/11 13:18:53
-- Database: janusgraph_database68
-- Database version: composite
-- seed value: 1712812406549
CREATE (n0 :L3{k19 : -1767563647, k18 : 'b', k20 : false, k22 : false, id : 0, k21 : -601552277});
CREATE (n0 {id : 1});
CREATE (n0 :L2{k17 : -1502448795, k16 : 'I', k11 : 782001322, id : 2, k13 : 'nN', k15 : 'd7', k14 : 843823474});
CREATE (n0 :L4{k28 : false, k27 : 1667550023, id : 3, k24 : -719505531, k23 : 'BBtH9OM', k26 : true, k25 : true});
MATCH (n0 {id : 2}), (n1 {id : 0}) MERGE(n0)-[r :T4{k60 : true, k62 : 'HvsvhepU', k61 : -929187163, id : 4, k59 : 'H', k58 : false}]->(n1);
MATCH (n0 {id : 1}), (n1 {id : 2}) MERGE(n0)-[r :T5{k64 : 826608292, k66 : -662703260, id : 5, k65 : 588317871, k68 : 'm', k67 : false}]->(n1);
MATCH (n0 {id : 1}), (n1 {id : 0}) MERGE(n0)-[r :T3{k53 : 2089660489, k52 : -1508201159, k55 : false, id : 6, k54 : false, k57 : 'c', k56 : 'YS'}]->(n1);
MATCH (n0 {id : 3}), (n1 {id : 2}) MERGE(n0)-[r :T4{k60 : true, k62 : 'VC07dIVHd', k61 : 1939891785, id : 7, k58 : true}]->(n1);
MATCH (n0 {id : 2}), (n1 {id : 2}) MERGE(n0)-[r :T1{k40 : '5Hjk', k42 : 'M', k41 : 314455341, k44 : false, id : 8, k43 : -387363304}]->(n1);
MATCH (n0 {id : 1}), (n1 {id : 0}) MERGE(n0)-[r :T1{k40 : 'v', k42 : 'z', k41 : 1535301128, k44 : false, id : 9, k43 : -1069023907}]->(n1);
MATCH (n0 {id : 2}), (n1 {id : 0}) MERGE(n0)-[r :T1{k40 : 'G', k42 : 'LBCqr', k41 : -1998067687, k44 : false, id : 10}]->(n1);
CREATE (n0{id:11})-[ :T1{id:12}]->(n1{k21:NULL, id:13}) CREATE (n2 :L2{k17:-97021406, id:14})-[ :T1{k41:729456331, id:15}]->({id:16}), (n3{id:17})<-[ :T1{id:18}]-(n4{id:19})-[ :T5{k68:('n'+('w'+toStringList(NULL)[toIntegerOrNull(abs(toIntegerOrNull(-603255390)))])), id:20}]->(n5 :L2{id:21}) MERGE p0=(n6 :L3{id:22})<-[r0 :T4{id:23}]-(n7{id:24})-[r1 :T5{k66:-116641769, id:25}]-(n8{id:26}) RETURN *;
CREATE ( n0 { id : CASE WHEN FALSE THEN NULL ELSE 11 END } ) - [ : T1 { id : 12 } ] - > ( n1 { k21 : NULL , id : 13 } ) WITH * OPTIONAL MATCH ()-[:TYPE]-() CREATE ({id:16})<-[ : T1 { k41 : 729456331 , id : 15 } ] -( n2 : L2 { k17 : -97021406 , id : 14 } ) CREATE ( n3 { id : 17 } ) < - [ : T1 { id : 18 } ] - ( n4 { id : CASE WHEN FALSE THEN NULL ELSE 19 END } ) - [ : T5 { k68 : ( 'n' + ( 'w' + toStringList ( NULL ) [ toIntegerOrNull ( abs ( toIntegerOrNull ( -603255390 ) ) ) ] ) ) , id : 20 } ] - > ( n5 : L2 { id : 21 } ) WITH * OPTIONAL MATCH ()-[:TYPE]-() MERGE p0 = ( n6 : L3 { id : 22 } ) < - [ r0 : T4 { id : CASE WHEN TRUE THEN 23 END } ] - ( n7 { id : 24 } ) - [ r1 : T5 { k66 : CASE WHEN FALSE THEN NULL ELSE -116641769 END , id : 25 } ] - ( n8 { id : 26 } ) RETURN * ;
MATCH (a) RETURN count(a);
MATCH (b)-[a]->(c) RETURN count(a);
MATCH (b)-[a]->(c) RETURN count(a);
UNWIND NULL AS a6 MERGE ({k28:true, id:27})-[ :T1{id:28}]-(n1{id:29}) CREATE ({id:30})-[ :T4{k61:round(652915972), id:31}]->(n4 :L4{id:32}), ( :L2{k17:NULL, id:33})-[r3 :T1{k44:true, id:34}]->({k13:'K9wK78Kh', id:35})<-[ :T5{id:36}]-({id:37}) RETURN 1 AS a7;
UNWIND CASE WHEN FALSE THEN NULL ELSE NULL END AS a6 MERGE ( { k28 : true , id : 27 } ) - [ : T1 { id : 28 } ] - ( n1 { id : CASE WHEN TRUE THEN 29 END } ) WITH * CREATE ( { id : 30 } ) - [ : T4 { k61 : CASE WHEN FALSE THEN NULL ELSE round ( CASE WHEN FALSE THEN NULL ELSE 652915972 END ) END , id : 31 } ] - > ( n4 : L4 { id : 32 } ) CREATE ( : L2 { k17 : NULL , id : 33 } ) - [ r3 : T1 { k44 : true , id : 34 } ] - > ( { k13 : CASE WHEN FALSE THEN NULL ELSE 'K9wK78Kh' END , id : 35 } ) < - [ : T5 { id : 36 } ] - ( { id : 37 } ) WITH * OPTIONAL MATCH ()-[:TYPE]-() RETURN 1 AS a7 ;
MATCH (a) RETURN count(a);
MATCH (a) RETURN count(a);
MATCH (b)-[a]->(c) RETURN count(a);
MATCH (b)-[a]->(c) RETURN count(a);
UNWIND [NULL] AS a0 CREATE (n0{k19:NULL, id:38}), p0=(n1{id:39})-[r0 :T1{k44:(658722271 <= 745941591), id:40}]->({id:41}) MERGE ({id:42})-[r1 :T4{id:43}]-({k14:-1080571738, id:44})-[r2 :T1{k40:'Tl', id:45}]-({k15:'G', id:46}) RETURN *, 1 AS a1;
UNWIND ([]+[ NULL ] )AS a0 CREATE ( n0 { k19 : NULL , id : 38 } ) CREATE p0 = ( n1 { id : 39 } ) - [ r0 : T1 { k44 : ( 658722271 <= 745941591 ) , id : 40 } ] - > ( { id : 41 } ) MERGE pp0=( { id : 42 } ) - [ r1 : T4 { id : 43 } ] - ( { k14 : -1080571738 , id : 44 } ) - [ r2 : T1 { k40 : 'Tl' , id : 45 } ] - ( { k15 : 'G' , id : 46 } ) WITH * UNWIND 1 as l0 RETURN * , 1 AS a1 SKIP 1 ;
