-- Time: 2024/04/11 14:23:29
-- Database: janusgraph_database941
-- Database version: composite
-- seed value: 1712812407466
CREATE (n0 :L1{id : 0, k6 : 874900955, k10 : 'kr', k8 : -1654977246, k9 : 'XV'});
CREATE (n0 :L4{k27 : false, k22 : false, id : 1, k21 : '2', k24 : 'QFs', k23 : false, k26 : 974278661, k25 : true});
CREATE (n0 :L3{k17 : 'fue', k16 : 'e', k19 : -1752980670, k18 : false, k20 : -1657725556, id : 2});
CREATE (n0 {id : 3});
MATCH (n0 {id : 0}), (n1 {id : 1}) MERGE(n0)-[r :T1{k40 : -1221282625, k42 : 99221559, k41 : 'd', k44 : true, id : 4, k43 : '8', k45 : -1759723113}]->(n1);
MATCH (n0 {id : 0}), (n1 {id : 1}) MERGE(n0)-[r :T3{k53 : false, k52 : '9ct7Ts', k55 : '0ElMN', id : 5, k54 : true, k57 : 'WYnNmAhGL'}]->(n1);
MATCH (n0 {id : 3}), (n1 {id : 1}) MERGE(n0)-[r :T6{k71 : 'F', k73 : 'K', k72 : 328430914, k75 : 'k1', k74 : 'p', id : 6}]->(n1);
MERGE p0=({k23:false, id:7}) MERGE ( :L4{id:8}) MERGE (n0{id:9})-[r0 :T3{id:10}]->(n1 :L4{k24:type(r0), id:11})-[r1 :T6{k73:'ObraWqwW', id:12}]-(n2{id:13}) RETURN 1 AS a0, p0 AS a1 UNION CREATE (n0 :L1{k8:-106806410, id:14}), ({id:15})-[r0 :T6{id:16}]->({k21:'x', id:17})<-[ :T3{id:18}]-( :L1{k6:round(NULL), id:19}) MERGE ({id:20})-[r2 :T6{id:21}]->(n3{id:22})-[ :T3{k55:'q', id:23}]-(n4{k6:1287285166, id:24}) SET n4.k=NULL RETURN n4 AS a0, 1 AS a1;
MERGE p0 = ( { k23 : false , id : 7 } ) WITH * UNWIND [NULL] as l0 MERGE ( : L4 { id : 8 } ) WITH * OPTIONAL MATCH ()-[:TYPE]-() MERGE ( n0 { id : 9 } ) - [ r0 : T3 { id : CASE WHEN TRUE THEN 10 END } ] - > ( n1 : L4 { k24 : type ( r0 ) , id : 11 } ) - [ r1 : T6 { k73 : 'ObraWqwW' , id : 12 } ] - ( n2 { id : 13 } ) WITH * OPTIONAL MATCH ()-[:TYPE]-() RETURN 1 AS a0 , p0 AS a1 UNION CREATE ( n0 : L1 { k8 : CASE WHEN TRUE THEN -106806410 END , id : 14 } ) CREATE (m0{ id : 15 } )CREATE (m0)- [ r0 : T6 { id : 16 } ] - > ( { k21 : 'x' , id : 17 } ) < - [ : T3 { id : 18 } ] - ( : L1 { k6 : round ( CASE WHEN FALSE THEN NULL ELSE NULL END ) , id : 19 } ) WITH * MERGE ( { id : 20 } ) - [ r2 : T6 { id : 21 } ] - > ( n3 { id : 22 } ) - [ : T3 { k55 : 'q' , id : 23 } ] - ( n4 { k6 : 1287285166 , id : 24 } ) SET n4 . k = CASE WHEN FALSE THEN NULL ELSE NULL END WITH * OPTIONAL MATCH ()-[:TYPE]-() RETURN n4 AS a0 , 1 AS a1 ;
MATCH (a) RETURN count(a);
MATCH (b)-[a]->(c) RETURN count(a);
MATCH (b)-[a]->(c) RETURN count(a);
CREATE (n0{id:25})<-[r0 :T3{id:26}]-({id:27})-[ :T1{k45:-81669034, id:28}]->(n1{id:29}), ( :L4{id:30})<-[ :T3{id:31}]-({id:32})-[r1 :T1{id:33}]->({id:34}) CREATE (n2{id:35})-[r2 :T3{id:36}]->({id:37}), ({id:38}) CREATE ( :L4{k24:toStringOrNull('TL7'), id:39})<-[r3 :T3{id:40}]-(n3{id:41})-[ :T1{k41:'mo8L', id:42}]->(n4 :L4{k22:true, id:43}) RETURN DISTINCT properties(endNode(NULL)) AS a0, 1 AS a1;
CREATE ( n0 { id : 25 } ) < - [ r0 : T3 { id : 26 } ] - ( { id : 27 } ) - [ : T1 { k45 : -81669034 , id : 28 } ] - > ( n1 { id : 29 } ) CREATE ( : L4 { id : 30 } ) < - [ : T3 { id : 31 } ] - ( { id : 32 } ) - [ r1 : T1 { id : CASE WHEN TRUE THEN 33 END } ] - > ( { id : 34 } ) WITH * UNWIND 1 as l0 CREATE (n2{ id : 35 } )CREATE (n2)- [ r2 : T3 { id : 36 } ] - > ( { id : 37 } ) CREATE ( { id : 38 } ) WITH * CREATE ( : L4 { k24 : CASE WHEN TRUE THEN (''+toStringOrNull ( ('TL7' +'') ) )END , id : 39 } ) < - [ r3 : T3 { id : 40 } ] - ( n3 { id : 41 } ) - [ : T1 { k41 : 'mo8L' , id : 42 } ] - > ( n4 : L4 { k22 : true , id : 43 } ) WITH * OPTIONAL MATCH ()-[:TYPE]-() RETURN DISTINCT properties ( endNode ( NULL ) ) AS a0 , 1 AS a1 ;
MATCH (a) RETURN count(a);
MATCH (a) RETURN count(a);
MATCH (b)-[a]->(c) RETURN count(a);
MATCH (b)-[a]->(c) RETURN count(a);
CREATE ({k17:reverse(toStringList([false])[toIntegerOrNull(abs(-2007797997))]), id:44}), p0=({id:45}) MERGE (n0{id:46}) MERGE (n1{id:47})<-[r0 :T1{k42:(-1312794105/-1565722135), id:48}]-({id:49}) RETURN DISTINCT 1 AS a0, 1 AS a1;
CREATE ( { k17 : reverse ( toStringList ( ([ false ] +[]) ) [ toIntegerOrNull ( abs ( -2007797997 ) ) ] ) , id : 44 } ) CREATE p0 = ( { id : 45 } ) MERGE pp0=( n0 { id : 46 } ) MERGE ( n1 { id : 47 } ) < - [ r0 : T1 { k42 : ( -1312794105 / -1565722135 ) , id : 48 } ] - ( { id : 49 } ) RETURN DISTINCT 1 AS a0 , CASE WHEN FALSE THEN NULL ELSE 1 END AS a1 ORDER BY TRUE ;
MATCH (a) RETURN count(a);
MATCH (a) RETURN count(a);
MATCH (b)-[a]->(c) RETURN count(a);
MATCH (b)-[a]->(c) RETURN count(a);
CREATE (n0{k16:NULL, id:50}) CREATE ({id:51}) MERGE ({id:52}) RETURN 1 AS a0;
CREATE ( n0 { k16 : NULL , id : 50 } ) CREATE ( { id : 51 } ) WITH * MERGE ( { id : CASE WHEN FALSE THEN NULL ELSE 52 END } ) RETURN 1 AS a0 ;
