-- Time: 2024/04/11 13:36:33
-- Database: janusgraph_database307
-- Database version: composite
-- seed value: 1712812406830
CREATE (n0 :L6{k39 : 2130163510, k40 : 'wr', k42 : true, k41 : false, id : 0});
CREATE (n0 :L6{k39 : -239929239, k38 : 873206031, k40 : 'w1fB4Vgm', k42 : true, k41 : false, id : 1});
CREATE (n0 {id : 2});
CREATE (n0 {id : 3});
MATCH (n0 {id : 3}), (n1 {id : 0}) MERGE(n0)-[r :T0{k44 : 'f', id : 4, k43 : true, k46 : -912388005, k45 : false, k47 : false}]->(n1);
MATCH (n0 {id : 0}), (n1 {id : 2}) MERGE(n0)-[r :T1{k49 : -2041663830, k51 : 'pm', k50 : 1336334217, k52 : 'ar', id : 5}]->(n1);
MATCH (n0 {id : 2}), (n1 {id : 2}) MERGE(n0)-[r :T1{k49 : 999559558, k51 : 'jG0P2', k50 : -705907679, k52 : 'Z', id : 6, k48 : true}]->(n1);
MATCH (n0 {id : 1}), (n1 {id : 2}) MERGE(n0)-[r :T4{k64 : false, k66 : 'X8', id : 7, k65 : true, k67 : 'm'}]->(n1);
MATCH (n0 {id : 3}), (n1 {id : 3}) MERGE(n0)-[r :T3{k60 : 'w', k62 : 1284458368, k61 : 459036998, k63 : 'W', id : 8, k58 : false}]->(n1);
MATCH (n0 {id : 3}), (n1 {id : 2}) MERGE(n0)-[r :T1{k49 : 86612076, k51 : '2', k50 : 1192571211, id : 9, k48 : true}]->(n1);
CREATE ({id:10}) MERGE ({id:11})-[r3 :T1{k50:-1990907125, id:12}]-({id:13}) MERGE ({id:14})-[ :T1{id:15}]->({id:16})-[r4 :T1{k50:-1157888616, id:17}]-({id:18}) RETURN DISTINCT (r4.k48) AS a2, (r3.k48) AS a3 ORDER BY 989098697 DESC;
CREATE ( { id : 10 } ) MERGE ( { id : CASE WHEN FALSE THEN NULL ELSE 11 END } ) - [ r3 : T1 { k50 : -1990907125 , id : CASE WHEN TRUE THEN 12 END } ] - ( { id : 13 } ) WITH * UNWIND 1 as l0 MERGE ( { id : 14 } ) - [ : T1 { id : 15 } ] - > ( { id : 16 } ) - [ r4 : T1 { k50 : -1157888616 , id : 17 } ] - ( { id : 18 } ) WITH * OPTIONAL MATCH ()-[:TYPE]-() RETURN DISTINCT ( r4 . k48 ) AS a2 , ( r3 . k48 ) AS a3 ORDER BY 989098697 DESC ;
MATCH (a) RETURN count(a);
MATCH (b)-[a]->(c) RETURN count(a);
MATCH (b)-[a]->(c) RETURN count(a);
WITH * WHERE false CREATE ({id:19}), ({id:20})-[r0 :T1{k52:'I3', id:21}]->({id:22}) MERGE (n0{id:23})-[r1 :T1{id:24}]->({id:25}) RETURN n0 AS a0, n0 AS a1 UNION UNWIND labels(NULL) AS a0 CREATE ({id:26})<-[r0 :T1{id:27}]-(n0{id:28})<-[ :T0{k47:true, id:29}]-(n1{id:30}) MERGE (n2{id:31})<-[r1 :T1{id:32}]-({k39:1687831371, id:33})<-[r2 :T0{id:34}]-({id:35}) RETURN 1 AS a0, n2 AS a1;
WITH * WHERE false CREATE ( { id : 19 } ) CREATE ( { id : 20 } ) - [ r0 : T1 { k52 : CASE WHEN TRUE THEN 'I3' END , id : 21 } ] - > ( { id : 22 } ) MERGE ( n0 { id : 23 } ) - [ r1 : T1 { id : 24 } ] - > ( { id : CASE WHEN TRUE THEN 25 END } ) RETURN n0 AS a0 , n0 AS a1 ORDER BY 1 UNION UNWIND labels ( NULL ) AS a0 WITH * CREATE ( { id : 26 } ) < - [ r0 : T1 { id : 27 } ] - ( n0 { id : 28 } ) < - [ : T0 { k47 : true , id : 29 } ] - ( n1 { id : 30 } ) MERGE ( n2 { id : 31 } ) < - [ r1 : T1 { id : 32 } ] - ( { k39 : 1687831371 , id : 33 } ) < - [ r2 : T0 { id : CASE WHEN TRUE THEN 34 END } ] - ( { id : 35 } ) WITH * UNWIND [1] as l0 RETURN 1 AS a0 , n2 AS a1 ;
MATCH (a) RETURN count(a);
MATCH (a) RETURN count(a);
MATCH (b)-[a]->(c) RETURN count(a);
MATCH (b)-[a]->(c) RETURN count(a);
MATCH ()-[ :T1{k48:NULL}]->()-[r2 :T1{k51:reverse('ZM')}]->() MERGE p1=({id:36})-[ :T0{k46:-963996809, id:37}]-(n0{id:38}) SET n0.k=NULL RETURN p1 AS a1 LIMIT 1;
MATCH ( ) - [ : T1 { k48 : CASE WHEN TRUE THEN NULL END } ] - > ( ) - [ r2 : T1 { k51 : CASE WHEN FALSE THEN NULL ELSE reverse ( 'ZM' ) END } ] - > ( ) WHERE TRUE MERGE p1 = ( { id : 36 } ) - [ : T0 { k46 : -963996809 , id : 37 } ] - ( n0 { id : 38 } ) SET n0 . k = CASE WHEN TRUE THEN NULL END RETURN p1 AS a1 SKIP 1 LIMIT 1 ;
MATCH (a) RETURN count(a);
MATCH (a) RETURN count(a);
MATCH (b)-[a]->(c) RETURN count(a);
MATCH (b)-[a]->(c) RETURN count(a);
MERGE ({id:39})-[r0 :T3{id:40}]->({id:41}) DETACH DELETE r0  CREATE ( :L6{id:42}), (n0{id:43}) RETURN 1 AS a0 LIMIT 1;
MERGE ( { id : 39 } ) - [ r0 : T3 { id : 40 } ] - > ( { id : 41 } ) WITH * OPTIONAL MATCH ()-[:TYPE]-() DETACH DELETE r0 CREATE ( : L6 { id : 42 } ) CREATE ( n0 { id : 43 } ) RETURN 1 AS a0 LIMIT 1 ;
