-- Time: 2024/04/11 13:18:57
-- Database: janusgraph_database69
-- Database version: composite
-- seed value: 1712812406550
CREATE (n0 :L1{k5 : 1468366890, id : 0, k6 : 2103791826, k10 : 'BDG0J', k7 : 'ra', k8 : true, k9 : false});
CREATE (n0 :L0{k0 : '0Lfp0Amae', k1 : -2065708014, k2 : true, k3 : -51310807, k4 : true, id : 1});
CREATE (n0 :L3{k17 : 'B', k18 : true, k20 : 'X2A', k22 : 1177552014, id : 2, k21 : -1195325544, k23 : 'e'});
CREATE (n0 :L0{k0 : 'K', k1 : 158490633, k2 : false, k3 : -406099082, k4 : false, id : 3});
MATCH (n0 {id : 1}), (n1 {id : 0}) MERGE(n0)-[r :T0{k31 : 'SRaj', k33 : 124889641, id : 4, k35 : -396812264, k34 : true}]->(n1);
MATCH (n0 {id : 3}), (n1 {id : 0}) MERGE(n0)-[r :T1{k39 : 520288448, k38 : -724097299, k40 : 'W6KsBiCnu', id : 5, k37 : false}]->(n1);
MATCH (n0 {id : 0}), (n1 {id : 1}) MERGE(n0)-[r :T5{k60 : 1611670553, k61 : 310696115, id : 6, k57 : false, k59 : 1163974968, k58 : true}]->(n1);
MATCH (n0 {id : 3}), (n1 {id : 0}) MERGE(n0)-[r :T4{k53 : 18658390, k52 : 883114025, id : 7, k56 : 1517286412}]->(n1);
MATCH (n0 {id : 1}), (n1 {id : 3}) MERGE(n0)-[r :T3{k50 : 'I5aPl', id : 8, k46 : -238272353, k48 : 'SQCCBZN', k47 : 'h58PI3'}]->(n1);
MATCH (n0 {id : 2}), (n1 {id : 2}) MERGE(n0)-[r :T2{k42 : '5k', k41 : 'dmKDED3lI', k44 : -36654844, id : 9, k45 : false}]->(n1);
MATCH (n0 {id : 0}), (n1 {id : 2}) MERGE(n0)-[r :T5{k60 : -1463493205, k61 : -173153211, id : 10, k57 : true, k59 : -364807685}]->(n1);
MERGE (n0{id:11})<-[r0 :T1{id:12}]-(n1{id:13})-[r1 :T4{k53:-2058160216, id:14}]-( :L1{id:15}) REMOVE n1.k2 CREATE ({k5:(r1.k53), id:16})<-[ :T1{id:17}]-(n2{id:18})-[r2 :T4{k53:round(89729944), id:19}]->({id:20}) RETURN 1 AS a0, n1 AS a1;
MERGE ( n0 { id : 11 } ) < - [ r0 : T1 { id : 12 } ] - ( n1 { id : CASE WHEN FALSE THEN NULL ELSE 13 END } ) - [ r1 : T4 { k53 : -2058160216 , id : 14 } ] - ( : L1 { id : 15 } ) REMOVE n1 . k2 WITH * CREATE ({id:20})<-[ r2 : T4 { k53 : round ( 89729944 ) , id : 19 } ] -(n2{id:18})-[ : T1 { id : 17 } ] ->( { k5 : ( r1 . k53 ) , id : 16 } ) WITH * OPTIONAL MATCH ()-[:TYPE]-() RETURN 1 AS a0 , n1 AS a1 ;
MATCH (a) RETURN count(a);
MATCH (b)-[a]->(c) RETURN count(a);
MATCH (b)-[a]->(c) RETURN count(a);
CREATE ( :L1{k5:NULL, id:21})-[r0 :T5{id:22}]->( :L0{id:23})-[r1 :T3{id:24}]->({id:25}), (n0{k5:NULL, id:26})-[ :T5{id:27}]->({k0:(CASE WHEN false THEN 's' END+NULL), id:28})-[ :T3{id:29}]->({k0:NULL, id:30}) MERGE (n1 :L1{id:31}) CREATE ( :L0{id:32})<-[ :T5{id:33}]-({k7:(n1.k10), id:34})<-[r2 :T4{id:35}]-(n2 :L0{id:36}), (n3 :L3{id:37})-[ :T2{id:38}]->( :L3{id:39}) RETURN (n1.k8) AS a0;
CREATE ( : L1 { k5 : NULL , id : CASE WHEN TRUE THEN 21 END } ) - [ r0 : T5 { id : 22 } ] - > ( : L0 { id : 23 } ) - [ r1 : T3 { id : 24 } ] - > ( { id : 25 } ) CREATE ( n0 { k5 : NULL , id : 26 } ) - [ : T5 { id : 27 } ] - > ( { k0 : ( CASE WHEN CASE WHEN TRUE THEN false END THEN 's' END + NULL ) , id : 28 } ) - [ : T3 { id : 29 } ] - > ( { k0 : NULL , id : 30 } ) WITH * OPTIONAL MATCH ()-[:TYPE]-() MERGE ( n1 : L1 { id : 31 } ) CREATE ( : L0 { id : 32 } ) < - [ : T5 { id : 33 } ] - ( { k7 : CASE WHEN FALSE THEN NULL ELSE ( n1 . k10 ) END , id : 34 } ) < - [ r2 : T4 { id : CASE WHEN FALSE THEN NULL ELSE 35 END } ] - ( n2 : L0 { id : CASE WHEN FALSE THEN NULL ELSE 36 END } ) CREATE (n3: L3 { id : CASE WHEN FALSE THEN NULL ELSE 37 END } )CREATE (n3)- [ : T2 { id : CASE WHEN FALSE THEN NULL ELSE 38 END } ] - > ( : L3 { id : CASE WHEN TRUE THEN 39 END } ) RETURN ( CASE WHEN FALSE THEN NULL ELSE n1 . k8 END ) AS a0 ;
