-- Time: 2024/04/11 13:56:35
-- Database: janusgraph_database578
-- Database version: composite
-- seed value: 1712812407102
CREATE (n0 :L5{k29 : false, k31 : 'f', k30 : true, k33 : false, id : 0, k32 : false, k35 : 'n', k34 : 835357326});
CREATE (n0 :L4{k28 : 670152400, k27 : -1620390017, id : 1, k24 : 1361373469, k26 : -1687454227, k25 : '6PjR4JGz'});
CREATE (n0 :L3{k17 : false, k18 : -226206540, k20 : false, k22 : -236376144, id : 2, k21 : false, k23 : -1689104769});
CREATE (n0 :L3{k17 : false, k19 : true, k18 : -738315675, k20 : false, k22 : 1153135321, id : 3, k21 : true, k23 : -1056477908});
MATCH (n0 {id : 0}), (n1 {id : 0}) MERGE(n0)-[r :T4{k60 : -1884685904, k62 : -1483242020, k61 : 'iN', k64 : 1197625471, k63 : '6', id : 4, k59 : 'f'}]->(n1);
MATCH (n0 {id : 2}), (n1 {id : 0}) MERGE(n0)-[r :T1{k41 : true, k44 : '0vxW', id : 5, k46 : 1054143957, k45 : false}]->(n1);
MATCH (n0 {id : 3}), (n1 {id : 0}) MERGE(n0)-[r :T5{k71 : true, k70 : false, k66 : 'JZjl', id : 6, k65 : 1390514032, k68 : 1223177233, k67 : 'xs', k69 : 'P'}]->(n1);
MATCH (n0 {id : 0}), (n1 {id : 1}) MERGE(n0)-[r :T1{k42 : 'yHrrXC', k41 : false, k44 : 'a', id : 7, k43 : 'zPyhJ2X20', k46 : -2088722898, k45 : false}]->(n1);
MATCH ()<-[ :T1{k44:'N'}]-(n0)-[r0]-(n1) UNWIND [(n2)-[ :T1{k44:NULL}]-(n3)-[r1 :T1{k46:(-1039768914*(NULL/length(NULL)))}]->(n4)|isEmpty((r1.k42))] AS a0 REMOVE n0.k2 RETURN 1 AS a1, a0 AS a2;
MATCH ( ) < - [ : T1 { k44 : 'N' } ] - ( n0 ) - [ r0 ] - ( n1 ) UNWIND [ ( n2 ) - [ : T1 { k44 : NULL } ] - ( n3 ) - [ r1 : T1 { k46 : ( -1039768914 * ( NULL / length ( NULL ) ) ) } ] - > ( n4 ) | CASE WHEN FALSE THEN NULL ELSE isEmpty ( ( r1 . k42 ) ) END ] AS a0 REMOVE n0 . k2 WITH * UNWIND 1 as l0 RETURN DISTINCT 1 AS a1 , a0 AS a2 ;
MATCH (a) RETURN count(a);
MATCH (b)-[a]->(c) RETURN count(a);
MATCH (b)-[a]->(c) RETURN count(a);
UNWIND NULL AS a0 UNWIND NULL AS a1 CREATE (n0 :L3{id:8})<-[r0 :T4{id:9}]-({k30:((true AND false) OR false), id:10}) RETURN 1 AS a2 ORDER BY [endNode(NULL), nodes(NULL)[toIntegerOrNull(abs(-381718766))]] DESC;
UNWIND NULL AS a0 UNWIND NULL AS a1 CREATE ( n0 : L3 { id : 8 } ) < - [ r0 : T4 { id : 9 } ] - ( { k30 : ( ( true AND false ) OR false ) , id : 10 } ) WITH * RETURN 1 AS a2 ORDER BY [endNode(NULL), nodes(NULL)[toIntegerOrNull(abs(-381718766))]] DESC ;
MATCH (a) RETURN count(a);
MATCH (a) RETURN count(a);
MATCH (b)-[a]->(c) RETURN count(a);
MATCH (b)-[a]->(c) RETURN count(a);
WITH * MERGE ({k25:'a', id:11})<-[r0 :T1{k44:'n', id:12}]-({id:13}) MERGE (n0 :L3{id:14})-[r1 :T1{id:15}]-({id:16})-[ :T1{id:17}]-( :L4{k27:787030620, id:18}) RETURN 1 AS a0 SKIP 1;
WITH * UNWIND 1 as l0 MERGE ( { k25 : 'a' , id : 11 } ) < - [ r0 : T1 { k44 : 'n' , id : 12 } ] - ( { id : CASE WHEN FALSE THEN NULL ELSE 13 END } ) WITH * MERGE ( n0 : L3 { id : CASE WHEN TRUE THEN 14 END } ) - [ r1 : T1 { id : 15 } ] - ( { id : 16 } ) - [ : T1 { id : 17 } ] - ( : L4 { k27 : 787030620 , id : 18 } ) RETURN 1 AS a0 SKIP 1 ;
MATCH (a) RETURN count(a);
MATCH (a) RETURN count(a);
MATCH (b)-[a]->(c) RETURN count(a);
MATCH (b)-[a]->(c) RETURN count(a);
WITH CASE WHEN (NULL AND NULL) THEN {k1: relationships(NULL)[toIntegerOrNull(abs(-1949972244))], k2: NULL} END AS a0 LIMIT 0 MERGE (n0{id:19})<-[r0 :T1{id:20}]-(n1{id:21}) REMOVE n1.k2 RETURN n1 AS a1, 1 AS a2 LIMIT 1;
WITH CASE WHEN ( NULL AND NULL ) THEN { k1 : relationships ( CASE WHEN TRUE THEN NULL END ) [ toIntegerOrNull ( CASE WHEN TRUE THEN abs ( CASE WHEN TRUE THEN -1949972244 END ) END ) ] , k2 : NULL } END AS a0 LIMIT 0 MERGE pp0=( n0 { id : 19 } ) < - [ r0 : T1 { id : 20 } ] - ( n1 { id : 21 } ) REMOVE n1 . k2 RETURN n1 AS a1 , 1 AS a2 LIMIT 1 ;
MATCH (a) RETURN count(a);
MATCH (a) RETURN count(a);
MATCH (b)-[a]->(c) RETURN count(a);
MATCH (b)-[a]->(c) RETURN count(a);
CREATE (n0{k34:-2029227550, id:22})-[ :T1{id:23}]->(n1 :L4{id:24}) MERGE (n2{k33:true, id:25})-[r0 :T4{id:26}]->({id:27}) REMOVE n2.k2 RETURN (((r0.k60)+-2043236946) < (1168737884--1232369945)) AS a0;
CREATE ( n0 { k34 : -2029227550 , id : 22 } ) - [ : T1 { id : 23 } ] - > ( n1 : L4 { id : 24 } ) MERGE ( n2 { k33 : true , id : 25 } ) - [ r0 : T4 { id : CASE WHEN TRUE THEN 26 END } ] - > ( { id : 27 } ) WITH * CALL{WITH *REMOVE n2 . k2 } WITH * RETURN ( ( ( r0 . k60 ) + -2043236946 ) < ( 1168737884 - -1232369945 ) ) AS a0 ;
