-- Time: 2024/04/11 13:35:26
-- Database: janusgraph_database292
-- Database version: composite
-- seed value: 1712812406815
CREATE (n0 :L1{id : 0, k6 : true, k10 : 'juxYkK', k8 : true, k9 : -103680037});
CREATE (n0 :L2{k11 : false, id : 1, k13 : true, k15 : 'ArBP', k14 : -107612943});
CREATE (n0 {id : 2});
CREATE (n0 :L2{k11 : false, id : 3, k13 : true, k12 : 'g', k15 : 'z', k14 : 395243114});
MATCH (n0 {id : 1}), (n1 {id : 2}) MERGE(n0)-[r :T1{k38 : true, id : 4, k35 : 2017429123, k37 : 'Nz', k36 : 644460135}]->(n1);
MATCH (n0 {id : 3}), (n1 {id : 3}) MERGE(n0)-[r :T4{k51 : false, k53 : 'TEOFX', k52 : true, k55 : 29871553, id : 5, k54 : 'Ruma'}]->(n1);
MATCH (n0 {id : 3}), (n1 {id : 2}) MERGE(n0)-[r :T1{k38 : true, id : 6, k35 : 1051802153, k34 : 969610824, k37 : 'tr', k36 : -421580820}]->(n1);
MATCH (n0 {id : 3}), (n1 {id : 1}) MERGE(n0)-[r :T3{k49 : true, id : 7, k46 : 'yGV', k48 : false, k47 : false}]->(n1);
MATCH (n0 {id : 0}), (n1 {id : 1}) MERGE(n0)-[r :T2{k40 : -1721504577, k42 : 866864061, k41 : true, k44 : '9', id : 8, k43 : 135070891}]->(n1);
MATCH (n0 {id : 1}), (n1 {id : 0}) MERGE(n0)-[r :T1{k38 : false, id : 9, k35 : 1051802153, k34 : -1692849554, k37 : 'q', k36 : -1709310119}]->(n1);
MATCH (n0 {id : 3}), (n1 {id : 3}) MERGE(n0)-[r :T1{k38 : true, id : 10, k35 : -1256254070, k34 : 1022837654, k37 : '36r', k36 : 512081934}]->(n1);
MATCH ()<-[*0..0]-(n0{k13:NULL})-[]-(n1), p0=(n2)-[r0]-(n3) WHERE true DETACH DELETE n1  CREATE ( :L2{id:11})<-[ :T3{id:12}]-(n4{k12:NULL, id:13})-[ :T1{id:14}]->(n5{k12:'jhcDlyWNb', id:15}) RETURN 1 AS a0 UNION MERGE (n0 :L2{k11:false, id:16}) SET n0.k=true CREATE p0=( :L2{k11:isEmpty([x IN [(n0.k13), ((-2063868318 <> 1454772186) OR (7298599 <= -686493274))]|(n0.k14)]), id:17})<-[r0 :T2{k40:toIntegerOrNull(true), id:18}]-(n1{k7:'Y9Y', id:19}) RETURN n0 AS a0;
MATCH ( ) < - [ * 0 .. 0 ] - ( n0 { k13 : NULL } ) - [ ] - ( n1 ) ,p0 = ( n2 ) - [ r0 ] - ( n3 ) WHERE true DETACH DELETE n1 CREATE (m0: L2 { id : 11 } )CREATE (m0)< - [ : T3 { id : 12 } ] - ( n4 { k12 : NULL , id : 13 } ) - [ : T1 { id : 14 } ] - > ( n5 { k12 : 'jhcDlyWNb' , id : 15 } ) RETURN 1 AS a0 UNION MERGE ( n0 : L2 { k11 : CASE WHEN TRUE THEN false END , id : 16 } ) SET n0 . k = true WITH * CREATE (m1: L2 { k11 : TRUE AND isEmpty ( [ x IN ([]+[ ( n0 . k13 ) , ( CASE WHEN FALSE THEN NULL ELSE ( -2063868318 <> 1454772186 ) OR ( 7298599 <= -686493274 ) END ) ] )| ( n0 . k14 ) ] ) , id : 17 } )CREATE (m1)< - [ r0 : T2 { k40 : CASE WHEN FALSE THEN NULL ELSE toIntegerOrNull ( CASE WHEN FALSE THEN NULL ELSE true END ) END , id : 18 } ] - ( n1 { k7 : ('Y9Y' +'') , id : 19 } ) RETURN n0 AS a0 LIMIT 1 ;
MATCH (a) RETURN count(a);
MATCH (b)-[a]->(c) RETURN count(a);
MATCH (b)-[a]->(c) RETURN count(a);
WITH NULL AS a0 WHERE true MATCH ( :L2)-[r0 :T1{k36:NULL}]-(n0)-[ :T4{k52:(r0.k38)}]->(n1) CREATE ( :L2{id:20}), ({id:21}) RETURN *;
WITH NULL AS a0 WHERE true OPTIONAL MATCH ()-[:TYPE]-() MATCH ( : L2 ) - [ r0 : T1 { k36 : NULL } ] - ( n0 ) - [ : T4 { k52 : ( r0 . k38 ) } ] - > ( n1 ) WITH * CREATE ( : L2 { id : 20 } ) CREATE ( { id : 21 } ) RETURN * ;
MATCH (a) RETURN count(a);
MATCH (a) RETURN count(a);
MATCH (b)-[a]->(c) RETURN count(a);
MATCH (b)-[a]->(c) RETURN count(a);
WITH *, percentileDisc(NULL, 0) AS a0 CREATE p0=(n0{id:22})-[r0 :T1{k37:substring(NULL, toIntegerOrNull(abs(NULL)), toIntegerOrNull(abs(size(NULL)))), id:23}]->({id:24}), ( :L1{k9:NULL, id:25}) CREATE ({id:26})<-[r1 :T1{id:27}]-({id:28})-[ :T1{id:29}]->({k12:'s', id:30}), ({id:31})<-[r2 :T1{id:32}]-({id:33}) RETURN CASE WHEN NULL THEN NULL END AS a1 SKIP 1;
WITH * , percentileDisc ( NULL , 0 ) AS a0 CREATE p0 = ( n0 { id : 22 } ) - [ r0 : T1 { k37 : substring ( NULL , toIntegerOrNull ( abs ( NULL ) ) , toIntegerOrNull ( abs ( size ( NULL ) ) ) ) , id : CASE WHEN FALSE THEN NULL ELSE 23 END } ] - > ( { id : CASE WHEN FALSE THEN NULL ELSE 24 END } ) CREATE ( : L1 { k9 : NULL , id : 25 } ) CREATE ( { id : 26 } ) < - [ r1 : T1 { id : 27 } ] - ( { id : 28 } ) - [ : T1 { id : 29 } ] - > ( { k12 : 's' , id : 30 } ) CREATE ( { id : 31 } ) < - [ r2 : T1 { id : CASE WHEN TRUE THEN 32 END } ] - ( { id : 33 } ) WITH * UNWIND 1 as l0 RETURN CASE WHEN NULL THEN NULL END AS a1 ORDER BY TRUE SKIP CASE WHEN FALSE THEN NULL ELSE 1 END LIMIT 1 ;
MATCH (a) RETURN count(a);
MATCH (a) RETURN count(a);
MATCH (b)-[a]->(c) RETURN count(a);
MATCH (b)-[a]->(c) RETURN count(a);
CREATE ({k12:NULL, id:34}) CREATE ( :L2{id:35}) MERGE p0=(n0 :L2{id:36})-[r0 :T1{id:37}]->(n1{id:38}) RETURN 1 AS a0, [{k1: NULL, k2: (r0.k35)}, properties(r0)] AS a1;
CREATE ( { k12 : CASE WHEN FALSE THEN NULL ELSE NULL END , id : 34 } ) WITH * CREATE ( : L2 { id : 35 } ) MERGE p0 = ( n0 : L2 { id : 36 } ) - [ r0 : T1 { id : 37 } ] - > ( n1 { id : 38 } ) WITH * UNWIND [1] as l0 RETURN DISTINCT 1 AS a0 , CASE WHEN TRUE THEN ([ CASE WHEN TRUE THEN { k1 : NULL , k2 : ( r0 . k35 ) } END , CASE WHEN FALSE THEN NULL ELSE properties ( r0 ) END ] +[]) END AS a1 ;
