-- Time: 2024/04/11 14:15:33
-- Database: janusgraph_database834
-- Database version: composite
-- seed value: 1712812407358
CREATE (n0 :L1{id : 0, k6 : -1183861538, k10 : 'cS', k7 : 'c', k8 : false, k9 : 1491481549});
CREATE (n0 :L2{k16 : 'Rl', id : 1, k13 : true, k15 : 'mB', k14 : 'OSdaf'});
CREATE (n0 :L2{k16 : 'V4', k11 : -829996529, id : 2, k13 : false, k12 : true, k15 : '7l7', k14 : 'G'});
CREATE (n0 :L0{k0 : 'Q9Ae', k4 : '3', k5 : false, id : 3});
MATCH (n0 {id : 0}), (n1 {id : 2}) MERGE(n0)-[r :T1{k49 : false, k51 : true, k53 : 'blHFXjKJ', k52 : '8', id : 4, k48 : false, k47 : 'C4'}]->(n1);
MATCH (n0 {id : 2}), (n1 {id : 0}) MERGE(n0)-[r :T3{k60 : -1159014167, k61 : true, k63 : false, id : 5, k59 : 1791376070}]->(n1);
MATCH (n0) CREATE ( :L2{id:6}), (n1{id:7}) SET n0.k=false RETURN DISTINCT 1 AS a3 LIMIT 1;
MATCH ( n0 ) OPTIONAL MATCH ()-[:TYPE]-() CREATE ( : L2 { id : 6 } ) CREATE ( n1 { id : CASE WHEN FALSE THEN NULL ELSE 7 END } ) SET n0 . k = false WITH * OPTIONAL MATCH ()-[:TYPE]-() RETURN DISTINCT 1 AS a3 SKIP 1 LIMIT CASE WHEN TRUE THEN 1 END ;
MATCH (a) RETURN count(a);
MATCH (b)-[a]->(c) RETURN count(a);
MATCH (b)-[a]->(c) RETURN count(a);
MATCH ()-[]->(n0)-[r0]-(n1) DETACH DELETE n0  SET n1.k=NULL RETURN 1 AS a0, n1 AS a1 ORDER BY (NULL AND ('ODU2' ENDS WITH 'v')), a0 SKIP 1;
MATCH ( ) - [ ] - > ( n0 ) - [ r0 ] - ( n1 ) FOREACH(f in [1]|DETACH DELETE n0 ) SET n1 . k = NULL RETURN 1 AS a0 , n1 AS a1 ORDER BY (NULL AND ('ODU2' ENDS WITH 'v')), a0 SKIP 1 ;
MATCH (a) RETURN count(a);
MATCH (a) RETURN count(a);
MATCH (b)-[a]->(c) RETURN count(a);
MATCH (b)-[a]->(c) RETURN count(a);
MATCH (n1), (n1) SET n1.k=NULL REMOVE n1.k2 RETURN 1 AS a2;
MATCH ( n1 ) ,( n1 ) OPTIONAL MATCH ()-[:TYPE]-() SET n1 . k = NULL REMOVE n1 . k2 RETURN 1 AS a2 ;
