-- Time: 2024/04/11 14:35:53
-- Database: janusgraph_database1108
-- Database version: composite
-- seed value: 1712812407633
CREATE (n0 :L0{k0 : 41738096, k1 : 650613363, k3 : true, k4 : true, id : 0});
CREATE (n0 :L5{k31 : true, k30 : 292840124, k33 : 'Dg', id : 1, k32 : false, k35 : 'c', k34 : 'Uy'});
CREATE (n0 :L2{k17 : 'ji2V', id : 2, k13 : true, k12 : 897114051, k15 : 'D1', k14 : -273852929});
CREATE (n0 :L3{k19 : false, k22 : -1033946881, id : 3, k21 : false, k23 : 'x5siP'});
MATCH (n0 {id : 3}), (n1 {id : 2}) MERGE(n0)-[r :T1{k51 : 'p', k50 : 347533282, k53 : 'E', k52 : '22n8iD4K3', id : 4}]->(n1);
MATCH (n0 {id : 0}), (n1 {id : 2}) MERGE(n0)-[r :T4{k71 : false, k70 : 'zHKJD', k72 : 'fdI15vPeT', id : 5, k68 : -1900000775, k69 : false}]->(n1);
MATCH (n0 {id : 1}), (n1 {id : 3}) MERGE(n0)-[r :T4{k71 : true, k70 : 'z', k72 : 'q', id : 6, k68 : -1356367501, k69 : false}]->(n1);
MATCH (n0 {id : 2}), (n1 {id : 0}) MERGE(n0)-[r :T3{k62 : false, k64 : -636821802, k63 : 'MzhuB0Vrt', k66 : true, id : 7, k65 : 'qH', k67 : true}]->(n1);
MATCH (n0 {id : 3}), (n1 {id : 1}) MERGE(n0)-[r :T4{k71 : true, k70 : 'z3JP', k72 : 'P', id : 8, k68 : -728613794}]->(n1);
MATCH (n0 {id : 1}), (n1 {id : 1}) MERGE(n0)-[r :T2{k60 : 'm', k55 : 'hoxCa3XR', id : 9, k54 : '8L0fLwmS', k57 : 'y', k56 : false, k59 : 'SwkuCun', k58 : -1973390116}]->(n1);
CREATE (n0{id:10}), (n1 :L5{id:11})-[ :T4{id:12}]->({id:13}) CREATE ({id:14}) MERGE (n2 :L3{k23:'E3Wrogjl', id:15})-[r0 :T4{id:16}]-(n3{k30:-1475020211, id:17}) RETURN n3 AS a0, NULL AS a1;
CREATE ( n0 { id : CASE WHEN FALSE THEN NULL ELSE 10 END } ) CREATE ( n1 : L5 { id : CASE WHEN FALSE THEN NULL ELSE 11 END } ) - [ : T4 { id : 12 } ] - > ( { id : 13 } ) CREATE ( { id : 14 } ) WITH * UNWIND [NULL] as l0 MERGE ( n2 : L3 { k23 : CASE WHEN FALSE THEN NULL ELSE 'E3Wrogjl' END , id : 15 } ) - [ r0 : T4 { id : 16 } ] - ( n3 { k30 : -1475020211 , id : 17 } ) RETURN n3 AS a0 , CASE WHEN FALSE THEN NULL ELSE NULL END AS a1 ;
MATCH (a) RETURN count(a);
MATCH (b)-[a]->(c) RETURN count(a);
MATCH (b)-[a]->(c) RETURN count(a);
OPTIONAL MATCH p0=(n0) CREATE (n1 :L2{id:18})<-[ :T1{id:19}]-(n2{id:20})<-[r0 :T4{k72:substring('w', toIntegerOrNull(abs(NULL)), toIntegerOrNull(abs(round(NULL)))), id:21}]-(n4{k34:reverse(reverse(NULL)), id:22}), (n5{k14:(NULL+NULL), id:23})<-[ :T1{id:24}]-( :L3{id:25}) MERGE p1=(n6{id:26}) RETURN NULL AS a0;
OPTIONAL MATCH p0=(n0) CREATE ( n1 : L2 { id : 18 } ) < - [ : T1 { id : 19 } ] - ( n2 { id : 20 } ) < - [ r0 : T4 { k72 : substring ( 'w' , toIntegerOrNull ( abs ( NULL ) ) , CASE WHEN TRUE THEN toIntegerOrNull ( abs ( round ( NULL ) ) ) END ) , id : 21 } ] - ( n4 { k34 : reverse ( reverse ( NULL ) ) , id : 22 } ) CREATE (n5{ k14 : ( NULL + NULL ) , id : 23 } )CREATE (n5)< - [ : T1 { id : 24 } ] - ( : L3 { id : 25 } ) MERGE p1 = ( n6 { id : 26 } ) RETURN NULL AS a0 SKIP 1 ;
MATCH (a) RETURN count(a);
MATCH (a) RETURN count(a);
MATCH (b)-[a]->(c) RETURN count(a);
MATCH (b)-[a]->(c) RETURN count(a);
MERGE ({id:27})-[r0 :T2{id:28}]-( :L5{k35:'rP1BH', id:29})-[r1 :T4{k70:'3fpO2R', id:30}]->({id:31}) DETACH DELETE r1  CREATE (n0{k2:true, id:32})<-[r2 :T3{id:33}]-({k15:(r0.k55), id:34})<-[r3 :T1{id:35}]-(n1 :L3{id:36}) RETURN *;
MERGE ( { id : 27 } ) - [ r0 : T2 { id : 28 } ] - ( : L5 { k35 : CASE WHEN FALSE THEN NULL ELSE 'rP1BH' END , id : 29 } ) - [ r1 : T4 { k70 : '3fpO2R' , id : 30 } ] - > ( { id : CASE WHEN FALSE THEN NULL ELSE 31 END } ) DETACH DELETE r1 CREATE (n1 :L3{id:36})-[ r3 : T1 { id : 35 } ] ->({k15:(r0.k55), id:34})-[ r2 : T3 { id : 33 } ] ->( n0 { k2 : true , id : 32 } ) WITH * UNWIND [1] as l0 RETURN * ORDER BY NULL ;
MATCH (a) RETURN count(a);
MATCH (a) RETURN count(a);
MATCH (b)-[a]->(c) RETURN count(a);
MATCH (b)-[a]->(c) RETURN count(a);
UNWIND [endNode(NULL), NULL] AS a0 OPTIONAL MATCH (n0)<-[]-()<-[r0 :T4{k72:NULL}]-(n1) MERGE ({id:37}) RETURN *;
UNWIND [ endNode ( NULL ) , CASE WHEN TRUE THEN NULL END ] AS a0 UNWIND 1 as l0 OPTIONAL MATCH ( n0 ) < - [ ] - ( ) < - [ r0 : T4 { k72 : CASE WHEN FALSE THEN NULL ELSE NULL END } ] - ( n1 ) WHERE TRUE MERGE ( { id : 37 } ) WITH * OPTIONAL MATCH ()-[:TYPE]-() RETURN * ;
