-- Time: 2024/04/11 14:22:00
-- Database: janusgraph_database921
-- Database version: composite
-- seed value: 1712812407446
CREATE (n0 :L4{k27 : -647290260, k22 : false, id : 0, k21 : 'W', k24 : true, k23 : '4'});
CREATE (n0 :L2{k11 : -368551141, id : 1, k12 : 'hiLAGl', k15 : false, k14 : 'T'});
CREATE (n0 :L0{k0 : 'Es9QDu', k1 : false, k2 : false, k4 : -2139525998, id : 2});
CREATE (n0 :L0{k1 : false, k2 : true, k3 : '0U', k4 : 1761450393, k5 : 691098566, id : 3});
MATCH (n0 {id : 3}), (n1 {id : 0}) MERGE(n0)-[r :T5{k60 : 'e', k62 : 'J', k61 : -1520207045, k63 : 1834917661, id : 4, k57 : -1441671426, k59 : -1493084502, k58 : 'V'}]->(n1);
MATCH (n0 {id : 3}), (n1 {id : 2}) MERGE(n0)-[r :T1{k38 : 'w', id : 5, k34 : false, k37 : false, k36 : false}]->(n1);
MATCH (n0 {id : 0}), (n1 {id : 3}) MERGE(n0)-[r :T4{k53 : 'pim', k52 : true, k55 : true, id : 6, k54 : 'G', k56 : false}]->(n1);
MATCH (n0 {id : 2}), (n1 {id : 0}) MERGE(n0)-[r :T1{k38 : '5', id : 7, k35 : -986317381, k34 : true, k37 : true, k36 : false}]->(n1);
MATCH (n0 {id : 3}), (n1 {id : 1}) MERGE(n0)-[r :T3{k51 : 'GbxEsJSb2', id : 8, k46 : 'yv', k48 : 'a', k47 : true}]->(n1);
MERGE p0=( :L0{k5:-1425405696, id:9})-[r0 :T4{id:10}]-({id:11})-[r1 :T5{id:12}]-( :L0{id:13}) DETACH DELETE r0  CREATE (n0{k1:((isEmpty(reverse([])) OR isEmpty('WOqau')) IS NOT NULL), id:14}) RETURN 1 AS a0;
MERGE p0 = ( : L0 { k5 : -1425405696 , id : 9 } ) - [ r0 : T4 { id : 10 } ] - ( { id : 11 } ) - [ r1 : T5 { id : 12 } ] - ( : L0 { id : 13 } ) DETACH DELETE CASE WHEN TRUE THEN r0 END CREATE ( n0 { k1 : ( ( CASE WHEN FALSE THEN NULL ELSE isEmpty ( CASE WHEN TRUE THEN reverse ( [ ] ) END ) OR isEmpty ( ('WOqau' +'') ) END ) IS NOT NULL ) , id : 14 } ) RETURN 1 AS a0 SKIP 1 LIMIT 1 ;
MATCH (a) RETURN count(a);
MATCH (b)-[a]->(c) RETURN count(a);
MATCH (b)-[a]->(c) RETURN count(a);
OPTIONAL MATCH p0=(n0), ({k22:CASE WHEN true THEN true END})-[ :T5{k61:(-1579121770+(NULL/-2008682679))}]-(n1{k5:-146896694})-[r0]-(n2) CREATE ({k1:(((NULL STARTS WITH NULL) OR ('nVk3YnB' CONTAINS NULL)) IS NOT NULL), id:15})-[r1 :T5{id:16}]->( :L4{id:17})<-[ :T1{k34:((isEmpty(NULL) OR NULL) IS NULL), id:18}]-({k2:true, id:19}), (n3{id:20}) DETACH DELETE n2  RETURN 1 AS a0, 1 AS a1 SKIP 0;
OPTIONAL MATCH p0 = ( n0 ) ,( { k22 : CASE WHEN true THEN true END } ) - [ : T5 { k61 : ( -1579121770 + ( NULL / -2008682679 ) ) } ] - ( n1 { k5 : -146896694 } ) - [ r0 ] - ( n2 ) WITH * CREATE (m0{ k1 : ( CASE WHEN FALSE THEN NULL ELSE ( ( NULL STARTS WITH NULL ) OR ( (''+'nVk3YnB' )CONTAINS NULL ) ) IS NOT NULL END ) , id : 15 } )CREATE (m0)- [ r1 : T5 { id : 16 } ] - > ( : L4 { id : 17 } ) < - [ : T1 { k34 : ( ( isEmpty ( NULL ) OR NULL ) IS NULL ) , id : 18 } ] - ( { k2 : true , id : 19 } ) CREATE ( n3 { id : 20 } ) DETACH DELETE n2 WITH * OPTIONAL MATCH ()-[:TYPE]-() RETURN 1 AS a0 , 1 AS a1 SKIP 0 ;
MATCH (a) RETURN count(a);
MATCH (a) RETURN count(a);
MATCH (b)-[a]->(c) RETURN count(a);
MATCH (b)-[a]->(c) RETURN count(a);
CREATE p0=({id:21}), (n0{id:22})-[r0 :T1{k34:false, id:23}]->({id:24}) CREATE (n1{id:25})-[r1 :T1{k37:true, id:26}]->({id:27})-[r2 :T1{k38:reverse(CASE WHEN NULL THEN NULL END), id:28}]->(n2{k22:false, id:29}), ({id:30})-[r3 :T1{id:31}]->(n3 :L0{id:32})-[r4 :T1{id:33}]->(n4{id:34}) CREATE ({id:35})<-[r5 :T5{id:36}]-(n5{k5:236528867, id:37}), (n6 :L0{k3:reverse(toStringOrNull({k1: [], k2: 'x0h6'})), id:38}) RETURN NULL AS a0, 1 AS a1;
CREATE p0 = ( { id : 21 } ) CREATE ( n0 { id : CASE WHEN FALSE THEN NULL ELSE 22 END } ) - [ r0 : T1 { k34 : false , id : 23 } ] - > ( { id : 24 } ) CREATE (n1{ id : 25 } )CREATE (n1)- [ r1 : T1 { k37 : true , id : 26 } ] - > ( { id : 27 } ) - [ r2 : T1 { k38 : reverse ( CASE WHEN NULL THEN NULL END ) , id : 28 } ] - > ( n2 { k22 : false , id : 29 } ) CREATE ( { id : 30 } ) - [ r3 : T1 { id : 31 } ] - > ( n3 : L0 { id : 32 } ) - [ r4 : T1 { id : 33 } ] - > ( n4 { id : 34 } ) CREATE (n5{k5:236528867, id:37})-[ r5 : T5 { id : CASE WHEN FALSE THEN NULL ELSE 36 END } ] ->( { id : CASE WHEN FALSE THEN NULL ELSE 35 END } ) CREATE ( n6 : L0 { k3 : CASE WHEN TRUE THEN reverse ( toStringOrNull ( { k1 : [ ] , k2 : 'x0h6' } ) ) END , id : 38 } ) RETURN DISTINCT NULL AS a0 , 1 AS a1 ;
MATCH (a) RETURN count(a);
MATCH (a) RETURN count(a);
MATCH (b)-[a]->(c) RETURN count(a);
MATCH (b)-[a]->(c) RETURN count(a);
MATCH p0=(n0) REMOVE n0.k2 SET n0.k=NULL RETURN n0 AS a0;
MATCH p0 = ( n0 ) REMOVE n0 . k2 FOREACH(f in [1]|SET n0 . k = NULL ) RETURN n0 AS a0 ;
