-- Time: 2024/04/11 13:17:46
-- Database: janusgraph_database53
-- Database version: composite
-- seed value: 1712812406534
CREATE (n0 {id : 0});
CREATE (n0 :L3{k19 : 'U', k18 : false, k20 : false, k22 : false, id : 1, k21 : -1538348481, k23 : 'Z'});
CREATE (n0 :L2{k17 : '4FKd376', k16 : -195290092, k11 : '1Y3', id : 2, k13 : 'v', k12 : 1294817289, k15 : 525817361, k14 : true});
CREATE (n0 :L0{k0 : false, k1 : 199042050, k2 : true, k4 : 'q6eVr', k5 : true, id : 3});
MATCH (n0 {id : 3}), (n1 {id : 1}) MERGE(n0)-[r :T6{k71 : false, k73 : 'x', id : 4}]->(n1);
MATCH (n0 {id : 2}), (n1 {id : 3}) MERGE(n0)-[r :T0{k31 : 'Rc2zzA', k33 : true, id : 5, k32 : true, k34 : '2ex', k36 : 37634303}]->(n1);
MATCH (n0 {id : 3}), (n1 {id : 2}) MERGE(n0)-[r :T3{k51 : -1372976512, k53 : 'K9Q', k52 : '8', k55 : true, id : 6, k54 : -901511149, k56 : 1077971289}]->(n1);
MATCH (n0 {id : 0}), (n1 {id : 1}) MERGE(n0)-[r :T5{k64 : 148237791, k63 : -90113058, k66 : 'D', id : 7, k65 : 'J', k68 : 1089790150}]->(n1);
CREATE ( :L0{id:8}) MERGE (n0{id:9}) REMOVE n0.k2 RETURN 1 AS a3;
CREATE ( : L0 { id : 8 } ) MERGE ( n0 { id : 9 } ) WITH * UNWIND [1] as l0 REMOVE n0 . k2 WITH * UNWIND 1 as l1 RETURN DISTINCT 1 AS a3 ;
MATCH (a) RETURN count(a);
MATCH (b)-[a]->(c) RETURN count(a);
MATCH (b)-[a]->(c) RETURN count(a);
MERGE ( :L2{id:10}) MERGE (n0{id:11})-[r0 :T5{id:12}]-({id:13})<-[r1 :T6{k74:'r', id:14}]-({id:15}) MERGE p0=(n1 :L2{id:16}) RETURN n0 AS a0, 1 AS a1;
MERGE ( : L2 { id : 10 } ) WITH * UNWIND [1] as l0 MERGE ( n0 { id : 11 } ) - [ r0 : T5 { id : 12 } ] - ( { id : 13 } ) < - [ r1 : T6 { k74 : 'r' , id : CASE WHEN FALSE THEN NULL ELSE 14 END } ] - ( { id : CASE WHEN FALSE THEN NULL ELSE 15 END } ) MERGE p0 = ( n1 : L2 { id : 16 } ) WITH * UNWIND [NULL] as l1 RETURN DISTINCT CASE WHEN TRUE THEN n0 END AS a0 , 1 AS a1 LIMIT 1 ;
MATCH (a) RETURN count(a);
MATCH (a) RETURN count(a);
MATCH (b)-[a]->(c) RETURN count(a);
MATCH (b)-[a]->(c) RETURN count(a);
MERGE (n0{id:17})-[r0 :T5{id:18}]->({id:19})-[r1 :T6{id:20}]-(n1{id:21}) MERGE (n2{id:22})<-[r2 :T3{id:23}]-({id:24})-[r3 :T6{id:25}]->( :L3{id:26}) DETACH DELETE n2  RETURN 1 AS a0;
MERGE ( n0 { id : 17 } ) - [ r0 : T5 { id : CASE WHEN TRUE THEN 18 END } ] - > ( { id : 19 } ) - [ r1 : T6 { id : 20 } ] - ( n1 { id : 21 } ) MERGE ( n2 { id : CASE WHEN TRUE THEN 22 END } ) < - [ r2 : T3 { id : CASE WHEN FALSE THEN NULL ELSE 23 END } ] - ( { id : 24 } ) - [ r3 : T6 { id : 25 } ] - > ( : L3 { id : 26 } ) DETACH DELETE n2 RETURN DISTINCT CASE WHEN FALSE THEN NULL ELSE 1 END AS a0 ;
