-- Time: 2024/04/11 13:18:35
-- Database: janusgraph_database64
-- Database version: composite
-- seed value: 1712812406545
CREATE (n0 {id : 0});
CREATE (n0 :L5{k33 : -601096914, id : 1, k32 : false, k34 : true, k36 : 643346326});
CREATE (n0 {id : 2});
CREATE (n0 :L3{k19 : false, k20 : '4nhrDCi1', k22 : 'MB', id : 3, k21 : 877861154, k24 : -1352663422, k25 : false});
MATCH (n0 {id : 0}), (n1 {id : 0}) MERGE(n0)-[r :T4{k60 : true, k62 : 1385765876, k61 : 113365473, k63 : 1740890576, id : 4, k59 : false}]->(n1);
MATCH (n0 {id : 0}), (n1 {id : 2}) MERGE(n0)-[r :T3{k55 : 2113896012, id : 5, k54 : 'H', k57 : 1071504009, k58 : 'K1F'}]->(n1);
MATCH (n0 {id : 2}), (n1 {id : 2}) MERGE(n0)-[r :T4{k60 : false, k62 : 1820536828, k61 : 1701362208, k63 : 791893344, id : 6, k59 : false}]->(n1);
MATCH (n0 {id : 3}), (n1 {id : 1}) MERGE(n0)-[r :T3{id : 7, k54 : 'H', k57 : 1071504009, k56 : 2094582092, k58 : 'xNY'}]->(n1);
MATCH (n0 {id : 1}), (n1 {id : 0}) MERGE(n0)-[r :T2{k51 : true, k50 : 'q', k52 : '4', id : 8, k48 : 414477128}]->(n1);
MATCH (n0 {id : 3}), (n1 {id : 0}) MERGE(n0)-[r :T0{k39 : 'T8m', k38 : true, k40 : true, k42 : true, k41 : -107351469, id : 9, k37 : true}]->(n1);
OPTIONAL MATCH (n0 :L5)<-[r0 :T3{k58:'QS6'}]-(n1)-[r1]->(n2) WHERE (n0.k34) MERGE p0=(n3{id:10})-[r2 :T4{id:11}]->({id:12})<-[ :T0{k37:true, id:13}]-( :L3{id:14}) CREATE ({id:15})<-[ :T2{id:16}]-({k35:true, id:17})<-[r3 :T3{id:18}]-( :L3{id:19}) RETURN properties(r1) AS a0, CASE WHEN (r2.k60) THEN (n0.k33) END AS a1 ORDER BY (-948127678+((r0.k56)-610387913)), a1 DESC UNION ALL MATCH ()-[]-()-[]-() OPTIONAL MATCH (n0)-[*0..1]->(n1)<-[r0]-(n2{k33:-1312788619}), ({k20:NULL})-[r1 :T3{k57:-1601410187}]->(n3 :L5)-[]->(n4) DETACH DELETE n4  RETURN (r1.k54) AS a0, nodes(NULL)[toIntegerOrNull(abs(399858024))] AS a1;
OPTIONAL MATCH ( n0 : L5 ) < - [ r0 : T3 { k58 : (''+'QS6' )} ] - ( n1 ) - [ r1 ] - > ( n2 ) WHERE ( n0 . k34 ) UNWIND 1 as l0 MERGE p0 = ( n3 { id : 10 } ) - [ r2 : T4 { id : 11 } ] - > ( { id : 12 } ) < - [ : T0 { k37 : true , id : 13 } ] - ( : L3 { id : 14 } ) CREATE ( { id : 15 } ) < - [ : T2 { id : 16 } ] - ( { k35 : true , id : 17 } ) < - [ r3 : T3 { id : CASE WHEN TRUE THEN 18 END } ] - ( : L3 { id : 19 } ) WITH * UNWIND [1] as l1 RETURN properties ( r1 ) AS a0 , CASE WHEN ( r2 . k60 ) THEN ( n0 . k33 ) END AS a1 ORDER BY (-948127678+((r0.k56)-610387913)), a1 DESC UNION ALL MATCH ( ) - [ ] - ( ) - [ ] - ( ) OPTIONAL MATCH (n0)-[*0..1]->(n1)<-[r0]-(n2{k33:-1312788619}),(nn0),()-[r1:T3{k57:-1601410187}]->(),(n3:L5),()-[m1]->(),(n4) WHERE exists((nn0{k20:NULL})-[r1]->(n3)-[m1]->(n4)) WITH * DETACH DELETE n4 RETURN ( r1 . k54 ) AS a0 , nodes ( NULL ) [ toIntegerOrNull ( abs ( 399858024 ) ) ] AS a1 ;
MATCH (a) RETURN count(a);
MATCH (b)-[a]->(c) RETURN count(a);
MATCH (b)-[a]->(c) RETURN count(a);
UNWIND [NULL, NULL] AS a0 MATCH ()-[ :T4{k61:NULL}]-(n0)-[ :T2{k53:false}]-(), (n1) CREATE p0=(n2{id:20})-[r0 :T4{id:21}]->(n3{id:22}), p1=({id:23})-[ :T4{id:24}]->(n4{id:25}) RETURN n1 AS a1;
UNWIND [ NULL , NULL ] AS a0 MATCH ( ) - [ : T4 { k61 : CASE WHEN FALSE THEN NULL ELSE NULL END } ] - ( n0 ) - [ : T2 { k53 : false } ] - ( ) ,( n1 ) WITH * CREATE p0 = ( n2 { id : CASE WHEN TRUE THEN 20 END } ) - [ r0 : T4 { id : 21 } ] - > ( n3 { id : 22 } ) CREATE p1 = ( { id : 23 } ) - [ : T4 { id : 24 } ] - > ( n4 { id : 25 } ) WITH * UNWIND [1] as l0 RETURN n1 AS a1 SKIP 1 ;
MATCH (a) RETURN count(a);
MATCH (a) RETURN count(a);
MATCH (b)-[a]->(c) RETURN count(a);
MATCH (b)-[a]->(c) RETURN count(a);
UNWIND NULL AS a0 CREATE ( :L5{k36:(-1354133389/NULL), id:26})-[ :T2{id:27}]->(n0{id:28}) CREATE (n1{id:29}) RETURN 1 AS a1, a0 AS a2;
UNWIND NULL AS a0 CREATE ( : L5 { k36 : ( -1354133389 / NULL ) , id : 26 } ) - [ : T2 { id : 27 } ] - > ( n0 { id : 28 } ) WITH * UNWIND 1 as l0 CREATE ( n1 { id : 29 } ) RETURN 1 AS a1 , a0 AS a2 LIMIT 1 ;
