-- Time: 2024/04/11 14:28:00
-- Database: janusgraph_database1002
-- Database version: composite
-- seed value: 1712812407527
CREATE (n0 :L3{k22 : -824648126, id : 0, k21 : 'W1kk', k24 : 'npcU', k23 : true, k26 : -1829039471, k25 : -2067750059});
CREATE (n0 :L5{k39 : 'ZWu', k38 : -17713867, id : 1, k35 : false, k34 : true, k37 : '9F', k36 : false});
CREATE (n0 {id : 2});
CREATE (n0 :L1{k11 : false, id : 3, k10 : true, k7 : false, k13 : true, k8 : 'oES7GEq', k12 : 'G', k9 : 'Rm'});
MATCH (n0 {id : 2}), (n1 {id : 0}) MERGE(n0)-[r :T3{k60 : '1', k62 : false, k61 : false, k63 : false, id : 4, k59 : false, k58 : 'A'}]->(n1);
MATCH (n0 {id : 0}), (n1 {id : 0}) MERGE(n0)-[r :T4{k70 : 768005422, k64 : 'x', k66 : false, id : 5, k65 : 'X', k68 : -277439862, k67 : false, k69 : -195140816}]->(n1);
MATCH (n0 {id : 2}), (n1 {id : 2}) MERGE(n0)-[r :T3{k60 : 'V', k62 : true, k61 : false, k63 : true, id : 6, k58 : 'O'}]->(n1);
MATCH (n0 {id : 2}), (n1 {id : 3}) MERGE(n0)-[r :T5{k71 : 'W', k73 : 'Z2', k72 : 'D', k75 : 602409399, id : 7, k76 : -1067384710}]->(n1);
MATCH (n0 {id : 2}), (n1 {id : 2}) MERGE(n0)-[r :T1{k49 : 'N', k51 : 'c7Nto', k50 : 'Y', id : 8, k48 : true}]->(n1);
MATCH (n0 {id : 1}), (n1 {id : 1}) MERGE(n0)-[r :T6{k80 : true, k82 : true, k81 : true, k77 : 'N', id : 9, k78 : true}]->(n1);
UNWIND toStringList([properties(NULL)]) AS a0 UNWIND [NULL] AS a1 MERGE (n0{id:10})-[r0 :T3{id:11}]-({id:12}) RETURN a0 AS a2;
UNWIND CASE WHEN FALSE THEN NULL ELSE toStringList ( [ properties ( NULL ) ] ) END AS a0 OPTIONAL MATCH ()-[:TYPE]-() UNWIND [ NULL ] AS a1 UNWIND [1] as l0 MERGE ( n0 { id : CASE WHEN FALSE THEN NULL ELSE 10 END } ) - [ r0 : T3 { id : 11 } ] - ( { id : 12 } ) WITH * OPTIONAL MATCH ()-[:TYPE]-() RETURN a0 AS a2 ;
MATCH (a) RETURN count(a);
MATCH (b)-[a]->(c) RETURN count(a);
MATCH (b)-[a]->(c) RETURN count(a);
OPTIONAL MATCH (n0)-[r0]-()-[r1]-(), ( :L3) WHERE ((NOT (true OR true)) AND (NULL > -1331277783)) SET n0.k=false MERGE (n1 :L3{id:13})-[r2 :T4{id:14}]->({id:15}) RETURN 1 AS a0, toIntegerOrNull((r2.k70)) AS a1 SKIP 0;
OPTIONAL MATCH ( n0 ) - [ r0 ] - ( ) - [ r1 ] - ( ) ,( : L3 ) WHERE ( ( NOT ( true OR true ) ) AND ( NULL > -1331277783 ) ) SET n0 . k = false MERGE ( n1 : L3 { id : 13 } ) - [ r2 : T4 { id : 14 } ] - > ( { id : 15 } ) WITH * RETURN 1 AS a0 , toIntegerOrNull ( ( r2 . k70 ) ) AS a1 SKIP 0 ;
MATCH (a) RETURN count(a);
MATCH (a) RETURN count(a);
MATCH (b)-[a]->(c) RETURN count(a);
MATCH (b)-[a]->(c) RETURN count(a);
WITH NULL AS a2 OPTIONAL MATCH (n2{k38:1494495737}), (n0)-[*0..]->({k23:exists(()-[]->(n0))}) MERGE (n3 :L5{id:16})-[r0 :T6{id:17}]->({id:18}) RETURN (r0.k80) AS a3 ORDER BY [x IN [NULL, NULL]], a3;
WITH NULL AS a2 WHERE TRUE OPTIONAL MATCH ( n2 { k38 : 1494495737 } ) ,(n0)-[*0..0]-( n0 ) - [ * 0 .. ] - > ( { k23 : exists ( ( ) - [ ] - > ( n0 ) ) } ) OPTIONAL MATCH ()-[:TYPE]-() MERGE ( n3 : L5 { id : 16 } ) - [ r0 : T6 { id : 17 } ] - > ( { id : 18 } ) WITH * OPTIONAL MATCH ()-[:TYPE]-() RETURN ( r0 . k80 ) AS a3 ORDER BY [x IN [NULL, NULL]], a3 ;
MATCH (a) RETURN count(a);
MATCH (a) RETURN count(a);
MATCH (b)-[a]->(c) RETURN count(a);
MATCH (b)-[a]->(c) RETURN count(a);
MATCH (n2), p0=(n4)-[r1]->()-[r2]->() CREATE (n5{id:19}), p1=({id:20})-[r3 :T3{id:21}]->(n6{id:22})-[r4 :T3{k58:toStringList([[(n3)-[r5]-(n3) WHERE false|'oi'], [true, true]])[toIntegerOrNull(abs(NULL))], id:23}]->(n7{id:24}) SET n2.k=NULL RETURN 1 AS a2, 1 AS a3;
MATCH ( n2 ) ,p0 = ( n4 ) - [ r1 ] - > ( ) - [ r2 ] - > ( ) WITH * CREATE ( n5 { id : CASE WHEN FALSE THEN NULL ELSE 19 END } ) CREATE p1=(n7{id:24})<-[ r4 : T3 { k58 : toStringList ( [ [ ( n3 ) - [ r5 ] - ( n3 ) WHERE false | 'oi' ] , CASE WHEN TRUE THEN [ true , true ] END ] ) [ toIntegerOrNull ( abs ( NULL ) ) ] , id : 23 } ] -(n6{id:22})<-[ r3 : T3 { id : 21 } ] -( { id : 20 } ) WITH * SET n2 . k = NULL RETURN DISTINCT 1 AS a2 , CASE WHEN FALSE THEN NULL ELSE 1 END AS a3 ORDER BY TRUE ;
MATCH (a) RETURN count(a);
MATCH (a) RETURN count(a);
MATCH (b)-[a]->(c) RETURN count(a);
MATCH (b)-[a]->(c) RETURN count(a);
MATCH ()-[r0 :T4{k67:false}]-(n0)<-[]-(n1) MERGE p0=({id:25})-[r1 :T3{id:26}]->({id:27}) CREATE p1=({id:28}), (n2{id:29})<-[ :T3{id:30}]-(n3{id:31}) RETURN CASE WHEN (r1.k59) THEN 'O' END AS a0, n1 AS a1 UNION ALL WITH * CREATE ({id:32}), (n0{id:33})-[r0 :T1{id:34}]->({id:35}) CREATE p0=(n1{id:36})<-[ :T3{id:37}]-(n2 :L5{k34:false, id:38}), (n3{id:39})<-[r1 :T3{k59:true, id:40}]-({id:41}) RETURN 1 AS a0, 1 AS a1 SKIP 1;
MATCH ( ) - [ r0 : T4 { k67 : CASE WHEN FALSE THEN NULL ELSE false END } ] - ( n0 ) < - [ ] - ( n1 ) MERGE p0 = ( { id : 25 } ) - [ r1 : T3 { id : 26 } ] - > ( { id : CASE WHEN TRUE THEN 27 END } ) WITH * OPTIONAL MATCH ()-[:TYPE]-() CREATE p1 = ( { id : 28 } ) CREATE ( n2 { id : 29 } ) < - [ : T3 { id : 30 } ] - ( n3 { id : 31 } ) RETURN CASE WHEN ( r1 . k59 ) THEN 'O' END AS a0 , n1 AS a1 UNION ALL WITH * CREATE ( { id : 32 } ) CREATE ( n0 { id : CASE WHEN TRUE THEN 33 END } ) - [ r0 : T1 { id : 34 } ] - > ( { id : 35 } ) WITH * OPTIONAL MATCH ()-[:TYPE]-() CREATE p0 = ( n1 { id : 36 } ) < - [ : T3 { id : 37 } ] - ( n2 : L5 { k34 : false , id : 38 } ) CREATE ( n3 { id : 39 } ) < - [ r1 : T3 { k59 : true , id : CASE WHEN FALSE THEN NULL ELSE 40 END } ] - ( { id : 41 } ) RETURN 1 AS a0 , 1 AS a1 SKIP 1 ;
MATCH (a) RETURN count(a);
MATCH (a) RETURN count(a);
MATCH (b)-[a]->(c) RETURN count(a);
MATCH (b)-[a]->(c) RETURN count(a);
MATCH p0=(), ()-[r0]-(n0 :L3{k24:NULL}) MERGE (n1{k26:1433076810, id:42})<-[r1 :T3{id:43}]-(n2{id:44})-[r2 :T5{id:45}]-(n3{id:46}) DETACH DELETE p0  RETURN r0 AS a0, n1 AS a1;
MATCH p0 = ( ) ,( ) - [ r0 ] - ( n0 : L3 { k24 : NULL } ) WHERE TRUE MERGE ( n1 { k26 : 1433076810 , id : 42 } ) < - [ r1 : T3 { id : 43 } ] - ( n2 { id : 44 } ) - [ r2 : T5 { id : 45 } ] - ( n3 { id : 46 } ) WITH * DETACH DELETE p0 RETURN r0 AS a0 , n1 AS a1 ;
