-- Time: 2024/04/11 14:34:15
-- Database: janusgraph_database1086
-- Database version: composite
-- seed value: 1712812407611
CREATE (n0 :L3{k19 : 'j', k20 : 'B', k22 : 'HoSw3mwf', id : 0, k21 : '25', k23 : true});
CREATE (n0 :L1{k11 : true, id : 1, k6 : '7U4dL', k10 : '3', k7 : -1230908534, k8 : true, k12 : -6593985, k9 : 'a'});
CREATE (n0 :L6{k39 : true, k38 : false, k41 : -539225999, id : 2, k35 : false, k36 : 'b6'});
CREATE (n0 :L5{k31 : false, k33 : 'X6', id : 3, k32 : -94820900, k34 : -617426013});
MATCH (n0 {id : 2}), (n1 {id : 0}) MERGE(n0)-[r :T0{k42 : 1774503134, k44 : -1827372996, id : 4, k43 : 'B', k46 : 'u', k45 : false, k48 : false, k47 : 'b'}]->(n1);
MATCH (n0 {id : 1}), (n1 {id : 1}) MERGE(n0)-[r :T4{k70 : -204599929, k66 : true, id : 5, k65 : true, k68 : false, k69 : true}]->(n1);
MATCH (n0 {id : 1}), (n1 {id : 2}) MERGE(n0)-[r :T2{k55 : 'tdWo3OIDH', id : 6, k57 : -1485451990, k56 : 'L', k59 : 'x7', k58 : '19'}]->(n1);
MATCH (n0 {id : 2}), (n1 {id : 2}) MERGE(n0)-[r :T4{k70 : 576740579, id : 7, k65 : false, k68 : false, k67 : 'uopg', k69 : true}]->(n1);
OPTIONAL MATCH () CREATE ({k20:NULL, id:8})<-[ :T0{id:9}]-(n0{id:10}), (n1{k40:true, id:11}) CREATE (n2{id:12})<-[ :T2{id:13}]-(n3{id:14}), ({k23:toBooleanList(toIntegerList(NULL))[toIntegerOrNull(abs(-1101043627))], id:15}) RETURN DISTINCT -1236607932 AS a0;
OPTIONAL MATCH ( ) UNWIND [1] as l0 CREATE ( { k20 : NULL , id : 8 } ) < - [ : T0 { id : CASE WHEN TRUE THEN 9 END } ] - ( n0 { id : 10 } ) CREATE ( n1 { k40 : true , id : 11 } ) CREATE (n2{ id : 12 } )CREATE (n2)< - [ : T2 { id : 13 } ] - ( n3 { id : 14 } ) CREATE ( { k23 : toBooleanList ( toIntegerList ( NULL ) ) [ CASE WHEN FALSE THEN NULL ELSE toIntegerOrNull ( abs ( -1101043627 ) ) END ] , id : 15 } ) RETURN DISTINCT -1236607932 AS a0 ;
MATCH (a) RETURN count(a);
MATCH (b)-[a]->(c) RETURN count(a);
MATCH (b)-[a]->(c) RETURN count(a);
OPTIONAL MATCH (n0) MERGE ( :L3{k19:'u5qb', id:16}) REMOVE n0.k2 RETURN n0 AS a0, n0 AS a1;
OPTIONAL MATCH ( n0 ) MERGE ( : L3 { k19 : ('u5qb' +'') , id : 16 } ) REMOVE n0 . k2 RETURN DISTINCT n0 AS a0 , n0 AS a1 LIMIT 1 ;
MATCH (a) RETURN count(a);
MATCH (a) RETURN count(a);
MATCH (b)-[a]->(c) RETURN count(a);
MATCH (b)-[a]->(c) RETURN count(a);
WITH * UNWIND NULL AS a0 CREATE (n0{k38:NULL, id:17})-[ :T0{k48:NULL, id:18}]->(n1{id:19}), (n2{id:20})<-[r0 :T0{id:21}]-(n3{id:22})-[ :T4{id:23}]->( :L6{id:24}) RETURN a0 AS a1 ORDER BY NULL, a1 UNION MERGE (n0{k7:1498083341, id:25}) MERGE ( :L1{id:26})-[r0 :T4{id:27}]-(n1 :L1{id:28})-[r1 :T2{k56:'3', id:29}]->({id:30}) CREATE (n2{id:31}), ({id:32})-[ :T4{k69:(r0.k69), id:33}]->({k11:true, id:34})-[r2 :T2{id:35}]->({k36:toStringOrNull((n1.k8)), id:36}) RETURN 1 AS a1;
WITH * UNWIND NULL AS a0 UNWIND [NULL] as l0 CREATE ( n0 { k38 : NULL , id : 17 } ) - [ : T0 { k48 : NULL , id : 18 } ] - > ( n1 { id : 19 } ) CREATE (n2{ id : 20 } )CREATE (n2)< - [ r0 : T0 { id : 21 } ] - ( n3 { id : 22 } ) - [ : T4 { id : 23 } ] - > ( : L6 { id : 24 } ) WITH * OPTIONAL MATCH ()-[:TYPE]-() RETURN a0 AS a1 ORDER BY NULL, a1 UNION MERGE ( n0 { k7 : 1498083341 , id : 25 } ) MERGE ( : L1 { id : 26 } ) - [ r0 : T4 { id : 27 } ] - ( n1 : L1 { id : 28 } ) - [ r1 : T2 { k56 : '3' , id : 29 } ] - > ( { id : 30 } ) CREATE ( n2 { id : 31 } ) CREATE ( { id : 32 } ) - [ : T4 { k69 : ( r0 . k69 ) , id : 33 } ] - > ( { k11 : true , id : CASE WHEN TRUE THEN 34 END } ) - [ r2 : T2 { id : 35 } ] - > ( { k36 : toStringOrNull ( ( n1 . k8 ) ) , id : 36 } ) WITH * OPTIONAL MATCH ()-[:TYPE]-() RETURN 1 AS a1 ;
MATCH (a) RETURN count(a);
MATCH (a) RETURN count(a);
MATCH (b)-[a]->(c) RETURN count(a);
MATCH (b)-[a]->(c) RETURN count(a);
OPTIONAL MATCH (), ()-[]-(n0) SET n0.k='IO' SET n0.k=true RETURN n0 AS a0;
OPTIONAL MATCH (),()-[]-(n0) SET n0 . k = 'IO' WITH * OPTIONAL MATCH ()-[:TYPE]-() SET n0 . k = true WITH * RETURN n0 AS a0 ;
