-- Time: 2024/04/11 13:21:24
-- Database: janusgraph_database102
-- Database version: composite
-- seed value: 1712812406584
CREATE (n0 {id : 0});
CREATE (n0 :L1{id : 1, k10 : true, k13 : 'e', k8 : true, k12 : false, k9 : 'OV'});
CREATE (n0 :L5{k39 : -1479685931, k38 : true, k40 : 'W', id : 2, k35 : 1574293320, k34 : 'U', k37 : true, k36 : true});
CREATE (n0 :L4{k28 : 904892390, k27 : false, k29 : 'ypq', k31 : true, k30 : true, k33 : 'q6R', id : 3, k32 : '5'});
MATCH (n0 {id : 3}), (n1 {id : 3}) MERGE(n0)-[r :T1{k51 : 'e', k50 : 2022232276, k53 : true, k52 : 'k', id : 4, k48 : 'ViB5', k47 : -1682934184}]->(n1);
MATCH (n0 {id : 3}), (n1 {id : 3}) MERGE(n0)-[r :T0{k42 : true, k41 : false, k44 : false, id : 5, k43 : 9970365, k45 : '3XU'}]->(n1);
MATCH (n0 {id : 3}), (n1 {id : 1}) MERGE(n0)-[r :T1{k51 : 'E', k50 : -1805596141, k53 : false, k52 : 'NAJ2S5', id : 6, k48 : 'ViB5'}]->(n1);
MATCH (n0 {id : 0}), (n1 {id : 0}) MERGE(n0)-[r :T0{k42 : false, k41 : false, k44 : true, id : 7, k43 : 823163479, k46 : 'k', k45 : '3XU'}]->(n1);
MATCH (n0 {id : 0}), (n1 {id : 1}) MERGE(n0)-[r :T4{k71 : -1608281082, k70 : -1923421876, k72 : 770492223, id : 8, k68 : -687203102, k67 : true, k69 : false}]->(n1);
MATCH (n0 {id : 2}), (n1 {id : 2}) MERGE(n0)-[r :T3{k60 : false, k62 : -2097802107, k61 : 'wX', k64 : 718487390, k63 : false, k66 : 1902475193, id : 9, k65 : '8fi'}]->(n1);
MATCH (n0 {id : 1}), (n1 {id : 2}) MERGE(n0)-[r :T4{k71 : -292065900, k70 : 5844608, k72 : 1869299039, id : 10, k68 : 413176296, k69 : true}]->(n1);
WITH collect(relationships(NULL)[toIntegerOrNull(abs(NULL))])[toIntegerOrNull(abs(-2103281998))] AS a0 SKIP 1 WHERE false CREATE p0=(n0{id:11})-[ :T0{id:12}]->(n1{id:13}), (n2 :L4{id:14})-[r0 :T1{id:15}]->(n3{k13:'y4HHHaRC7', id:16})<-[ :T4{id:17}]-({id:18}) CREATE ({k33:reverse('t2'), id:19})-[ :T1{id:20}]->(n4{id:21}) RETURN 1 AS a1 LIMIT 1;
WITH collect ( relationships ( NULL ) [ CASE WHEN TRUE THEN toIntegerOrNull ( abs ( NULL ) ) END ] ) [ CASE WHEN TRUE THEN toIntegerOrNull ( abs ( -2103281998 ) ) END ] AS a0 SKIP 1 WHERE false CREATE p0=(n1{id:13})<-[ : T0 { id : CASE WHEN TRUE THEN 12 END } ] -( n0 { id : CASE WHEN TRUE THEN 11 END } ) CREATE ({id:18})-[ : T4 { id : 17 } ] ->(n3{k13:'y4HHHaRC7', id:16})<-[ r0 : T1 { id : 15 } ] -( n2 : L4 { id : 14 } ) CREATE ( { k33 : reverse ( (''+'t2' )) , id : CASE WHEN FALSE THEN NULL ELSE 19 END } ) - [ : T1 { id : CASE WHEN TRUE THEN 20 END } ] - > ( n4 { id : CASE WHEN FALSE THEN NULL ELSE 21 END } ) WITH * UNWIND [1] as l0 RETURN DISTINCT CASE WHEN TRUE THEN 1 END AS a1 SKIP 1 LIMIT 1 ;
MATCH (a) RETURN count(a);
MATCH (b)-[a]->(c) RETURN count(a);
MATCH (b)-[a]->(c) RETURN count(a);
OPTIONAL MATCH p0=(n0) REMOVE n0.k2 MERGE ({k8:false, id:22})-[r0 :T4{id:23}]-(n1{id:24}) RETURN n0 AS a0;
OPTIONAL MATCH p0=(n0) REMOVE n0 . k2 WITH * MERGE ( { k8 : false , id : 22 } ) - [ r0 : T4 { id : CASE WHEN FALSE THEN NULL ELSE 23 END } ] - ( n1 { id : 24 } ) WITH * UNWIND [1] as l0 RETURN n0 AS a0 ;
