-- Time: 2024/04/11 13:38:20
-- Database: janusgraph_database331
-- Database version: composite
-- seed value: 1712812406854
CREATE (n0 :L1{k5 : 1025868602, id : 0, k10 : 'rU', k7 : 976437089, k8 : 'T', k9 : true});
CREATE (n0 :L2{k16 : 'w', k11 : false, id : 1, k12 : true, k15 : 'R', k14 : true});
CREATE (n0 :L4{k28 : -975052979, k27 : '6RD', k29 : '7', k30 : true, id : 2, k24 : '6', k26 : true, k25 : 2101235006});
CREATE (n0 :L4{k28 : 396827794, k29 : 'w', k30 : false, id : 3, k24 : 'a8ft', k26 : true, k25 : -129857874});
MATCH (n0 {id : 3}), (n1 {id : 2}) MERGE(n0)-[r :T5{k60 : 'dyg', k62 : 's', k61 : 'd', k64 : false, k63 : true, id : 4, k59 : 'UZp6Es', k58 : true}]->(n1);
MATCH (n0 {id : 3}), (n1 {id : 1}) MERGE(n0)-[r :T1{k39 : 'iz4u', k38 : true, k40 : 1137057097, k41 : false, id : 5, k37 : 'u', k36 : false}]->(n1);
MATCH (n0 {id : 3}), (n1 {id : 2}) MERGE(n0)-[r :T4{k53 : 666477165, k55 : 'Jelhzku', id : 6, k54 : 'D'}]->(n1);
MATCH (n0 {id : 0}), (n1 {id : 0}) MERGE(n0)-[r :T2{k44 : '2Q', id : 7, k43 : -1699925380, k46 : 35959169, k45 : 'S'}]->(n1);
MATCH (n0 {id : 0}), (n1 {id : 3}) MERGE(n0)-[r :T1{k39 : 'vogTN', k40 : 426405354, k41 : false, id : 8, k37 : 'xSNN5D', k36 : false}]->(n1);
MERGE (n0{id:9})-[r0 :T4{id:10}]-( :L4{k28:-1097599041, id:11})-[ :T1{k40:-1114226466, id:12}]-( :L1{id:13}) CREATE ({id:14}), ({id:15}) MERGE (n3 :L1{k10:'toth', id:16}) RETURN (n3.k10) AS a0, n0 AS a1;
MERGE ( n0 { id : 9 } ) - [ r0 : T4 { id : 10 } ] - ( : L4 { k28 : -1097599041 , id : 11 } ) - [ : T1 { k40 : -1114226466 , id : CASE WHEN FALSE THEN NULL ELSE 12 END } ] - ( : L1 { id : 13 } ) CREATE ( { id : 14 } ) CREATE ( { id : 15 } ) WITH * OPTIONAL MATCH ()-[:TYPE]-() MERGE ( n3 : L1 { k10 : 'toth' , id : 16 } ) RETURN ( n3 . k10 ) AS a0 , n0 AS a1 LIMIT 1 ;
MATCH (a) RETURN count(a);
MATCH (b)-[a]->(c) RETURN count(a);
MATCH (b)-[a]->(c) RETURN count(a);
WITH * MERGE p0=(n0{id:17})-[r0 :T2{id:18}]->({k9:true, id:19}) REMOVE n0.k2 RETURN 1 AS a0 ORDER BY substring(toStringList(NULL)[toIntegerOrNull(abs((r0.k43)))], toIntegerOrNull(abs(-371419502)), toIntegerOrNull(abs((r0.k46)))) DESC SKIP 0;
WITH * MERGE p0 = ( n0 { id : 17 } ) - [ r0 : T2 { id : 18 } ] - > ( { k9 : true , id : CASE WHEN TRUE THEN 19 END } ) WITH * OPTIONAL MATCH ()-[:TYPE]-() REMOVE n0 . k2 RETURN 1 AS a0 ORDER BY substring(toStringList(NULL)[toIntegerOrNull(abs((r0.k43)))], toIntegerOrNull(abs(-371419502)), toIntegerOrNull(abs((r0.k46)))) DESC SKIP 0 ;
MATCH (a) RETURN count(a);
MATCH (a) RETURN count(a);
MATCH (b)-[a]->(c) RETURN count(a);
MATCH (b)-[a]->(c) RETURN count(a);
CREATE ({id:20})<-[r0 :T1{id:21}]-( :L4{k27:'h', id:22})<-[ :T1{k39:NULL, id:23}]-({id:24}), (n0{id:25}) MERGE (n1{k25:2144631860, id:26})-[r1 :T5{id:27}]-(n2{id:28})<-[r2 :T4{id:29}]-({k25:1504585261, id:30}) SET n2.k='c' RETURN n2 AS a0;
CREATE ( { id : 20 } ) < - [ r0 : T1 { id : CASE WHEN FALSE THEN NULL ELSE 21 END } ] - ( : L4 { k27 : 'h' , id : 22 } ) < - [ : T1 { k39 : NULL , id : 23 } ] - ( { id : 24 } ) CREATE ( n0 { id : 25 } ) MERGE ( n1 { k25 : 2144631860 , id : 26 } ) - [ r1 : T5 { id : 27 } ] - ( n2 { id : 28 } ) < - [ r2 : T4 { id : 29 } ] - ( { k25 : CASE WHEN FALSE THEN NULL ELSE 1504585261 END , id : 30 } ) WITH * CALL{WITH *SET n2 . k = 'c' } RETURN DISTINCT n2 AS a0 SKIP 1 ;
