-- Time: 2024/04/11 14:30:14
-- Database: janusgraph_database1032
-- Database version: composite
-- seed value: 1712812407557
CREATE (n0 :L1{k11 : 558104389, id : 0, k6 : 'Z8KR2Ion2', k10 : -196908091, k9 : 575349925});
CREATE (n0 {id : 1});
CREATE (n0 {id : 2});
CREATE (n0 :L0{k0 : false, k1 : 'X', k2 : false, k3 : -1142853849, k4 : -2055830258, k5 : 'lXgfiAC', id : 3});
MATCH (n0 {id : 0}), (n1 {id : 2}) MERGE(n0)-[r :T0{k39 : 'Q6', k38 : false, id : 4, k35 : 'p8Vg', k37 : -735279465, k36 : 1897149761}]->(n1);
MATCH (n0 {id : 0}), (n1 {id : 2}) MERGE(n0)-[r :T2{k49 : true, k51 : false, k50 : false, id : 5, k46 : true, k48 : 326498083, k47 : -317143499}]->(n1);
MATCH (n0 {id : 1}), (n1 {id : 0}) MERGE(n0)-[r :T2{k49 : true, k51 : true, k50 : false, id : 6, k46 : true, k48 : 1712747845, k47 : 1734696054}]->(n1);
MATCH (n0 {id : 0}), (n1 {id : 3}) MERGE(n0)-[r :T2{k49 : true, k51 : false, id : 7, k48 : -1467165236, k47 : -1248601396}]->(n1);
MATCH (n0 {id : 3}), (n1 {id : 2}) MERGE(n0)-[r :T4{k60 : '5', k62 : false, k61 : 'SaB', id : 8, k59 : 1184850200, k58 : 'h'}]->(n1);
MATCH (n0 {id : 1}), (n1 {id : 1}) MERGE(n0)-[r :T2{k49 : false, k51 : true, k50 : true, id : 9, k46 : true, k48 : 1959943776, k47 : -289743103}]->(n1);
CREATE (n2{id:10}) MERGE (n3{id:11})<-[ :T0{k38:false, id:12}]-({id:13}) MERGE (n4{id:14})-[ :T0{k36:round(-750139340), id:15}]-( :L1{id:16}) RETURN 1 AS a0;
CREATE ( n2 { id : 10 } ) MERGE ( n3 { id : 11 } ) < - [ : T0 { k38 : false , id : 12 } ] - ( { id : 13 } ) MERGE ( n4 { id : 14 } ) - [ : T0 { k36 : round ( CASE WHEN FALSE THEN NULL ELSE -750139340 END ) , id : 15 } ] - ( : L1 { id : 16 } ) RETURN 1 AS a0 ;
MATCH (a) RETURN count(a);
MATCH (b)-[a]->(c) RETURN count(a);
MATCH (b)-[a]->(c) RETURN count(a);
WITH * MERGE p0=({id:17}) CREATE ({id:18})<-[ :T2{k49:true, id:19}]-(n0{id:20})-[ :T2{id:21}]->(n1{id:22}) RETURN *, NULL AS a0;
WITH * OPTIONAL MATCH ()-[:TYPE]-() MERGE p0 = ( { id : 17 } ) CREATE ( { id : 18 } ) < - [ : T2 { k49 : true , id : CASE WHEN TRUE THEN 19 END } ] - ( n0 { id : 20 } ) - [ : T2 { id : 21 } ] - > ( n1 { id : 22 } ) RETURN * , NULL AS a0 SKIP 1 ;
MATCH (a) RETURN count(a);
MATCH (a) RETURN count(a);
MATCH (b)-[a]->(c) RETURN count(a);
MATCH (b)-[a]->(c) RETURN count(a);
MATCH ()<-[r1]-(n4) WHERE NULL MERGE ({id:23}) DETACH DELETE n4  RETURN 1 AS a1 LIMIT 1;
MATCH ( ) < - [ r1 ] - ( n4 ) WHERE NULL MERGE ( { id : CASE WHEN TRUE THEN 23 END } ) WITH * UNWIND [1] as l0 DETACH DELETE CASE WHEN FALSE THEN NULL ELSE n4 END RETURN DISTINCT 1 AS a1 LIMIT 1 ;
