-- Time: 2024/04/11 14:32:15
-- Database: janusgraph_database1059
-- Database version: composite
-- seed value: 1712812407584
CREATE (n0 :L1{id : 0, k10 : true, k8 : 'aqPh', k9 : -1777204427});
CREATE (n0 :L0{k0 : false, k1 : false, k2 : -1652448272, k3 : 'K', k4 : true, k5 : -2097740819, id : 1});
CREATE (n0 :L1{id : 2, k10 : false, k7 : 'B', k8 : 'aqPh', k9 : -979229951});
CREATE (n0 :L1{id : 3, k6 : true, k10 : false, k7 : 'TNb', k8 : 'j', k9 : -1777204427});
MATCH (n0 {id : 2}), (n1 {id : 0}) MERGE(n0)-[r :T1{k39 : false, k38 : -1544030647, id : 4}]->(n1);
MATCH (n0 {id : 3}), (n1 {id : 1}) MERGE(n0)-[r :T1{k38 : 940175785, k40 : 'H', id : 5, k37 : 1170582167, k36 : false}]->(n1);
MATCH (n0 {id : 0}), (n1 {id : 2}) MERGE(n0)-[r :T3{k49 : true, k52 : true, id : 6, k48 : -812034716}]->(n1);
MATCH (n0 {id : 2}), (n1 {id : 3}) MERGE(n0)-[r :T2{k42 : 'iEPskST', k41 : 'Y', k44 : false, id : 7, k43 : 'y', k46 : 1363438780, k45 : false, k47 : -317951248}]->(n1);
MATCH (n0 {id : 1}), (n1 {id : 1}) MERGE(n0)-[r :T4{k53 : -1213197467, k55 : 'C', id : 8, k54 : false, k57 : false, k56 : 'z'}]->(n1);
MATCH (n0 {id : 3}), (n1 {id : 1}) MERGE(n0)-[r :T2{k42 : 'eoC', k41 : 'W', k44 : true, id : 9, k45 : false, k47 : -1605459610}]->(n1);
WITH NULL AS a2 MERGE ({k4:false, id:10})-[ :T1{id:11}]-({id:12}) CREATE (n4{id:13})<-[r2 :T3{k52:NULL, id:14}]-(n5{id:15}), (n6{k10:NULL, id:16})<-[r3 :T3{k49:toBooleanOrNull(NULL), id:17}]-( :L1{k9:-1000259495, id:18}) RETURN 1 AS a3, 1 AS a4;
WITH NULL AS a2 MERGE ( { k4 : false , id : 10 } ) - [ : T1 { id : 11 } ] - ( { id : 12 } ) CREATE (n4{ id : 13 } )CREATE (n4)< - [ r2 : T3 { k52 : NULL , id : 14 } ] - ( n5 { id : 15 } ) CREATE ( n6 { k10 : NULL , id : 16 } ) < - [ r3 : T3 { k49 : toBooleanOrNull ( NULL ) , id : 17 } ] - ( : L1 { k9 : -1000259495 , id : 18 } ) WITH * UNWIND 1 as l0 RETURN DISTINCT 1 AS a3 , CASE WHEN FALSE THEN NULL ELSE 1 END AS a4 ;
MATCH (a) RETURN count(a);
MATCH (b)-[a]->(c) RETURN count(a);
MATCH (b)-[a]->(c) RETURN count(a);
CREATE (n0{id:19})-[ :T4{k57:(type(NULL) STARTS WITH 'DpxR'), id:20}]->(n1{id:21}) CREATE p0=( :L0{id:22})-[r0 :T4{k57:exists(({k2:687754949})-[{k42:'kIWiBKwIi'}]-( :L1)-[ :T1]-( :L0)), id:23}]->({id:24}) MERGE (n2{id:25})-[r1 :T2{id:26}]->(n3 :L0{id:27}) RETURN DISTINCT n2 AS a0;
CREATE ( n0 { id : 19 } ) - [ : T4 { k57 : ( (type ( NULL ) +'') STARTS WITH 'DpxR' ) , id : 20 } ] - > ( n1 { id : 21 } ) WITH * CREATE p0 = ( : L0 { id : CASE WHEN FALSE THEN NULL ELSE 22 END } ) - [ r0 : T4 { k57 : FALSE OR exists ( ( { k2 : 687754949 } ) - [ { k42 : 'kIWiBKwIi' } ] - ( : L1 ) - [ : T1 ] - ( : L0 ) ) , id : 23 } ] - > ( { id : 24 } ) WITH * OPTIONAL MATCH ()-[:TYPE]-() MERGE ( n2 { id : 25 } ) - [ r1 : T2 { id : 26 } ] - > ( n3 : L0 { id : CASE WHEN FALSE THEN NULL ELSE 27 END } ) RETURN DISTINCT n2 AS a0 ;
MATCH (a) RETURN count(a);
MATCH (a) RETURN count(a);
MATCH (b)-[a]->(c) RETURN count(a);
MATCH (b)-[a]->(c) RETURN count(a);
OPTIONAL MATCH p0=()<-[]-(n0 :L1{k9:(1751550253*-1320092818)})-[r0]-(n1 :L0), (n2) DETACH DELETE p0  SET n2.k='uq' RETURN n2 AS a3, n2 AS a4 LIMIT 0;
OPTIONAL MATCH p0=()<-[]-(n0 :L1{k9:(1751550253*-1320092818)})-[r0]-(n1 :L0),(n2) DETACH DELETE CASE WHEN FALSE THEN NULL ELSE p0 END WITH * OPTIONAL MATCH ()-[:TYPE]-() SET n2 . k = 'uq' WITH * OPTIONAL MATCH ()-[:TYPE]-() RETURN n2 AS a3 , n2 AS a4 LIMIT 0 ;
