-- Time: 2024/04/11 14:01:38
-- Database: janusgraph_database646
-- Database version: composite
-- seed value: 1712812407170
CREATE (n0 :L0{k0 : 1518340416, k1 : 'GtFP5', k2 : -1583643638, k3 : true, k4 : 'l', k5 : -1284787833, id : 0});
CREATE (n0 :L3{k19 : 'ZchsWg', k18 : -2085736301, k20 : 'Z', k22 : true, id : 1, k21 : 'KGIks'});
CREATE (n0 {id : 2});
CREATE (n0 :L3{k19 : 'G', k18 : 492920304, k22 : false, id : 3, k21 : 'Fd7e8u'});
MATCH (n0 {id : 3}), (n1 {id : 0}) MERGE(n0)-[r :T3{k49 : true, k51 : 'C', k52 : true, id : 4, k48 : 'I', k47 : '3lvO9N'}]->(n1);
MATCH (n0 {id : 1}), (n1 {id : 2}) MERGE(n0)-[r :T1{k39 : false, k38 : 1309979724, k40 : 'z', id : 5, k37 : -1844080119, k36 : false}]->(n1);
MATCH (n0 {id : 2}), (n1 {id : 2}) MERGE(n0)-[r :T2{k42 : 'c', k41 : true, k44 : 'n', id : 6, k43 : -863394817, k46 : 2118333765, k45 : 1510826311}]->(n1);
MATCH (n0 {id : 0}), (n1 {id : 3}) MERGE(n0)-[r :T4{k53 : 'O', k55 : true, id : 7, k54 : 'X', k57 : 'nnw4', k56 : true, k59 : 'T2otk', k58 : 224584931}]->(n1);
MATCH (n0 {id : 0}), (n1 {id : 1}) MERGE(n0)-[r :T0{k31 : '0nZEOZ3oj', k33 : true, id : 8, k32 : true, k35 : '0a', k34 : false}]->(n1);
CREATE (n0{id:9})<-[r0 :T1{id:10}]-(n1{id:11})<-[r1 :T0{k29:CASE WHEN isEmpty([NULL]) THEN elementId(relationships(NULL)[toIntegerOrNull(abs(800951714))]) END, id:12}]-({id:13}), (n2{id:14})<-[ :T1{id:15}]-(n3{k19:NULL, id:16})<-[r2 :T0{id:17}]-(n4{id:18}) CREATE ({id:19}) CREATE (n5{k20:reverse(toStringList([(n6 :L3)-[]-(n7) WHERE false|1068652587])[toIntegerOrNull(abs(NULL))]), id:20})-[r3 :T1{id:21}]->(n8{id:22})-[ :T2{id:23}]->({id:24}), (n9{id:25}) RETURN 1 AS a0;
CREATE ({id:13})-[ r1 : T0 { k29 : CASE WHEN isEmpty ( [ CASE WHEN FALSE THEN NULL ELSE NULL END ] ) THEN elementId ( ([]+relationships ( NULL ) )[ toIntegerOrNull ( abs ( 800951714 ) ) ] ) END , id : 12 } ] ->(n1{id:11})-[ r0 : T1 { id : 10 } ] ->( n0 { id : 9 } ) CREATE ( n2 { id : 14 } ) < - [ : T1 { id : 15 } ] - ( n3 { k19 : NULL , id : 16 } ) < - [ r2 : T0 { id : CASE WHEN TRUE THEN 17 END } ] - ( n4 { id : CASE WHEN TRUE THEN 18 END } ) WITH * OPTIONAL MATCH ()-[:TYPE]-() CREATE ( { id : 19 } ) CREATE ( n5 { k20 : reverse ( toStringList ( [ ( n6 : L3 ) - [ ] - ( n7 ) WHERE CASE WHEN TRUE THEN false END | 1068652587 ] ) [ toIntegerOrNull ( abs ( NULL ) ) ] ) , id : 20 } ) - [ r3 : T1 { id : 21 } ] - > ( n8 { id : 22 } ) - [ : T2 { id : CASE WHEN FALSE THEN NULL ELSE 23 END } ] - > ( { id : CASE WHEN FALSE THEN NULL ELSE 24 END } ) CREATE ( n9 { id : 25 } ) WITH * UNWIND [1] as l0 RETURN DISTINCT CASE WHEN FALSE THEN NULL ELSE 1 END AS a0 ;
MATCH (a) RETURN count(a);
MATCH (b)-[a]->(c) RETURN count(a);
MATCH (b)-[a]->(c) RETURN count(a);
WITH NULL AS a0 LIMIT 0 WHERE false MATCH (n0) WHERE false REMOVE n0.k2 RETURN *, n0 AS a1;
WITH NULL AS a0 LIMIT 0 WHERE false MATCH ( n0 ) WHERE false REMOVE n0 . k2 RETURN DISTINCT * , n0 AS a1 LIMIT 1 ;
MATCH (a) RETURN count(a);
MATCH (a) RETURN count(a);
MATCH (b)-[a]->(c) RETURN count(a);
MATCH (b)-[a]->(c) RETURN count(a);
MATCH p0=()-[]-()-[r0]-(n0), p1=(n1)-[]->()-[r0]-() DETACH DELETE n1  MERGE (n2{id:26})-[r1 :T2{id:27}]->({id:28}) RETURN 1 AS a0, 1 AS a1;
MATCH p0 = ( ) - [ ] - ( ) - [ r0 ] - ( n0 ) ,p1 = ( n1 ) - [ ] - > ( ) - [ r0 ] - ( ) DETACH DELETE n1 MERGE pp0=( n2 { id : CASE WHEN FALSE THEN NULL ELSE 26 END } ) - [ r1 : T2 { id : 27 } ] - > ( { id : 28 } ) WITH * OPTIONAL MATCH ()-[:TYPE]-() RETURN 1 AS a0 , 1 AS a1 LIMIT 1 ;
MATCH (a) RETURN count(a);
MATCH (a) RETURN count(a);
MATCH (b)-[a]->(c) RETURN count(a);
MATCH (b)-[a]->(c) RETURN count(a);
CREATE ( :L0{id:29})-[ :T4{k57:'v', id:30}]->(n0{id:31}), ({id:32})-[ :T4{k53:NULL, id:33}]->(n1{id:34}) CREATE ({id:35})-[r0 :T4{k56:NULL, id:36}]->(n2{id:37})-[r1 :T3{k51:'t', id:38}]->( :L0{k1:toStringOrNull(false), id:39}), (n3{k0:-182592447, id:40})<-[ :T3{id:41}]-(n4{id:42}) CREATE (n5{id:43})-[r2 :T3{id:44}]->({k5:round(NULL), id:45})-[ :T0{id:46}]->({k22:true, id:47}), ( :L3{k19:NULL, id:48})-[ :T1{id:49}]->({id:50}) RETURN 1 AS a0;
CREATE ( : L0 { id : 29 } ) - [ : T4 { k57 : 'v' , id : 30 } ] - > ( n0 { id : 31 } ) CREATE ( { id : 32 } ) - [ : T4 { k53 : NULL , id : 33 } ] - > ( n1 { id : 34 } ) WITH * CREATE ( { id : 35 } ) - [ r0 : T4 { k56 : NULL , id : 36 } ] - > ( n2 { id : 37 } ) - [ r1 : T3 { k51 : 't' , id : 38 } ] - > ( : L0 { k1 : toStringOrNull ( false ) , id : 39 } ) CREATE (n3{ k0 : -182592447 , id : 40 } )CREATE (n3)< - [ : T3 { id : 41 } ] - ( n4 { id : 42 } ) CREATE ( n5 { id : 43 } ) - [ r2 : T3 { id : 44 } ] - > ( { k5 : CASE WHEN TRUE THEN round ( NULL ) END , id : 45 } ) - [ : T0 { id : 46 } ] - > ( { k22 : CASE WHEN TRUE THEN true END , id : 47 } ) CREATE ( : L3 { k19 : NULL , id : 48 } ) - [ : T1 { id : 49 } ] - > ( { id : 50 } ) RETURN CASE WHEN FALSE THEN NULL ELSE 1 END AS a0 ;
MATCH (a) RETURN count(a);
MATCH (a) RETURN count(a);
MATCH (b)-[a]->(c) RETURN count(a);
MATCH (b)-[a]->(c) RETURN count(a);
MERGE ({id:51}) MERGE ({k19:'h', id:52})-[r0 :T4{id:53}]-( :L0{id:54}) MERGE (n0 :L3{id:55}) RETURN 1 AS a0;
MERGE ( { id : 51 } ) WITH * OPTIONAL MATCH ()-[:TYPE]-() MERGE ( { k19 : 'h' , id : 52 } ) - [ r0 : T4 { id : 53 } ] - ( : L0 { id : 54 } ) WITH * MERGE ( n0 : L3 { id : 55 } ) RETURN 1 AS a0 ;
MATCH (a) RETURN count(a);
MATCH (a) RETURN count(a);
MATCH (b)-[a]->(c) RETURN count(a);
MATCH (b)-[a]->(c) RETURN count(a);
CREATE ({k19:NULL, id:56})<-[r0 :T4{id:57}]-(n0 :L0{id:58}) CREATE (n1{id:59})-[ :T3{id:60}]->({id:61}), ({k4:reverse(NULL), id:62})<-[r1 :T3{id:63}]-(n2{k19:reverse('o'), id:64}) MERGE ({id:65}) RETURN NULL AS a0, NULL AS a1 ORDER BY a1;
CREATE (n0 :L0{id:58})-[ r0 : T4 { id : CASE WHEN TRUE THEN 57 END } ] ->( { k19 : NULL , id : CASE WHEN TRUE THEN 56 END } ) CREATE ( n1 { id : 59 } ) - [ : T3 { id : 60 } ] - > ( { id : 61 } ) CREATE (m0{ k4 : reverse ( NULL ) , id : 62 } )CREATE (m0)< - [ r1 : T3 { id : 63 } ] - ( n2 { k19 : reverse ( CASE WHEN TRUE THEN 'o' END ) , id : 64 } ) WITH * OPTIONAL MATCH ()-[:TYPE]-() MERGE ( { id : 65 } ) RETURN NULL AS a0 , NULL AS a1 ORDER BY a1 ;
MATCH (a) RETURN count(a);
MATCH (a) RETURN count(a);
MATCH (b)-[a]->(c) RETURN count(a);
MATCH (b)-[a]->(c) RETURN count(a);
UNWIND [['tSAW'], NULL] AS a0 MERGE p0=(n0{k2:-831527771, id:66})-[r0 :T0{id:67}]->(n1{id:68})-[r1 :T1{k38:-658313561, id:69}]->({id:70}) REMOVE n1.k2 RETURN a0 AS a1, p0 AS a2 LIMIT 1;
UNWIND ([ [ 'tSAW' ] , CASE WHEN TRUE THEN NULL END ] +[]) AS a0 MERGE p0 = ( n0 { k2 : -831527771 , id : 66 } ) - [ r0 : T0 { id : 67 } ] - > ( n1 { id : 68 } ) - [ r1 : T1 { k38 : -658313561 , id : CASE WHEN FALSE THEN NULL ELSE 69 END } ] - > ( { id : 70 } ) WITH * FOREACH(f in [1]|REMOVE n1 . k2 ) RETURN a0 AS a1 , p0 AS a2 ORDER BY TRUE LIMIT 1 ;
