-- Time: 2024/04/11 14:02:09
-- Database: janusgraph_database653
-- Database version: composite
-- seed value: 1712812407177
CREATE (n0 :L2{k17 : false, k16 : 'o', k18 : false, id : 0, k13 : '6Vv', k12 : false, k15 : true, k14 : 1207957792});
CREATE (n0 :L4{k28 : false, k27 : '8', k29 : '2m00R', id : 1, k26 : true, k25 : -1362234709});
CREATE (n0 :L5{k31 : -2101042634, k33 : false, id : 2, k32 : 1137419449, k35 : 'Q9', k34 : -2081631449});
CREATE (n0 :L1{k11 : true, id : 3, k6 : 'U4m', k10 : '8', k7 : false, k8 : 966104290, k9 : true});
MATCH (n0 {id : 3}), (n1 {id : 1}) MERGE(n0)-[r :T2{k49 : false, k51 : 598583875, k50 : 'lr2zk', k53 : false, k52 : true, id : 4, k48 : true, k47 : 'I'}]->(n1);
MATCH (n0 {id : 2}), (n1 {id : 2}) MERGE(n0)-[r :T6{k71 : 'FMIEC3', k73 : 'q', k72 : 'w32', k75 : 1217322735, k74 : false, id : 5}]->(n1);
MATCH p0=({k25:-1723967008}), ()-[*0..1]->(n0) DETACH DELETE p0  SET n0.k=toIntegerOrNull(NULL) RETURN 1 AS a0;
MATCH p0=({k25:-1723967008}),(nn0),()-[*0..1]->(),(n0) WHERE exists((nn0)-[*0..1]->(n0)) WITH * FOREACH(f in [1]|DETACH DELETE p0 ) WITH * UNWIND [NULL] as l0 SET n0 . k = toIntegerOrNull ( NULL ) RETURN 1 AS a0 ;
MATCH (a) RETURN count(a);
MATCH (b)-[a]->(c) RETURN count(a);
MATCH (b)-[a]->(c) RETURN count(a);
CREATE (n0{id:6})<-[ :T2{id:7}]-({k32:length(NULL), id:8}), (n1{k33:NULL, id:9}) MERGE ({k32:-611083598, id:10})-[r0 :T6{id:11}]-({id:12}) MERGE (n2{k30:isEmpty('SB'), id:13})-[ :T6{id:14}]->(n3{id:15}) RETURN 1 AS a0;
CREATE ( n0 { id : 6 } ) < - [ : T2 { id : 7 } ] - ( { k32 : length ( NULL ) , id : 8 } ) CREATE ( n1 { k33 : NULL , id : 9 } ) MERGE ( { k32 : -611083598 , id : 10 } ) - [ r0 : T6 { id : 11 } ] - ( { id : 12 } ) MERGE ( n2 { k30 : isEmpty ( CASE WHEN FALSE THEN NULL ELSE 'SB' END ) , id : 13 } ) - [ : T6 { id : 14 } ] - > ( n3 { id : 15 } ) WITH * RETURN 1 AS a0 ;
MATCH (a) RETURN count(a);
MATCH (a) RETURN count(a);
MATCH (b)-[a]->(c) RETURN count(a);
MATCH (b)-[a]->(c) RETURN count(a);
UNWIND NULL AS a0 CREATE (n0{id:16})-[r0 :T6{k75:1706502671, id:17}]->( :L5{id:18}), (n1{id:19}) MERGE p0=(n2 :L5{id:20}) RETURN 1 AS a1, 1 AS a2 LIMIT 1;
UNWIND NULL AS a0 CREATE ( n0 { id : 16 } ) - [ r0 : T6 { k75 : 1706502671 , id : 17 } ] - > ( : L5 { id : 18 } ) CREATE ( n1 { id : 19 } ) WITH * UNWIND [NULL] as l0 MERGE p0 = ( n2 : L5 { id : 20 } ) WITH * UNWIND [NULL] as l1 RETURN 1 AS a1 , CASE WHEN TRUE THEN 1 END AS a2 LIMIT 1 ;
MATCH (a) RETURN count(a);
MATCH (a) RETURN count(a);
MATCH (b)-[a]->(c) RETURN count(a);
MATCH (b)-[a]->(c) RETURN count(a);
OPTIONAL MATCH ()-[r0]-() CREATE (n0{k9:NULL, id:21}), (n1{id:22}) MERGE ({id:23})-[r1 :T6{id:24}]->( :L5{k31:1150292421, id:25}) RETURN 1 AS a0, 1 AS a1 UNION CREATE ({id:26}), ({id:27})<-[ :T2{id:28}]-(n0{id:29}) CREATE (n1 :L4{id:30})<-[r0 :T6{id:31}]-(n2{id:32}), (n3{id:33})<-[r1 :T2{k53:false, id:34}]-({id:35}) MERGE p0=(n4{k26:('7' STARTS WITH 'ba'), id:36})-[r2 :T6{id:37}]-({k9:true, id:38}) RETURN 1 AS a0, p0 AS a1;
OPTIONAL MATCH ( ) - [ r0 ] - ( ) OPTIONAL MATCH ()-[:TYPE]-() CREATE ( n0 { k9 : NULL , id : 21 } ) CREATE ( n1 { id : 22 } ) WITH * MERGE pp0=( { id : 23 } ) - [ r1 : T6 { id : 24 } ] - > ( : L5 { k31 : 1150292421 , id : 25 } ) RETURN 1 AS a0 , 1 AS a1 SKIP 1 UNION CREATE ( { id : 26 } ) CREATE ( { id : 27 } ) < - [ : T2 { id : 28 } ] - ( n0 { id : 29 } ) WITH * CREATE ( n1 : L4 { id : 30 } ) < - [ r0 : T6 { id : 31 } ] - ( n2 { id : 32 } ) CREATE ( n3 { id : 33 } ) < - [ r1 : T2 { k53 : false , id : CASE WHEN TRUE THEN 34 END } ] - ( { id : 35 } ) WITH * UNWIND 1 as l0 MERGE p0 = ( n4 { k26 : CASE WHEN FALSE THEN NULL ELSE ( '7' STARTS WITH 'ba' ) END , id : 36 } ) - [ r2 : T6 { id : 37 } ] - ( { k9 : true , id : 38 } ) RETURN 1 AS a0 , p0 AS a1 SKIP 1 ;
MATCH (a) RETURN count(a);
MATCH (a) RETURN count(a);
MATCH (b)-[a]->(c) RETURN count(a);
MATCH (b)-[a]->(c) RETURN count(a);
CREATE p0=(n0{k7:NULL, id:39})<-[r0 :T6{k72:NULL, id:40}]-(n1{id:41}) MERGE ({id:42})<-[r1 :T2{id:43}]-(n2{k34:273586229, id:44}) CREATE (n3{id:45})-[r2 :T2{id:46}]->({k29:(r1.k50), id:47}) RETURN n2 AS a0;
CREATE p0 = ( n0 { k7 : CASE WHEN TRUE THEN NULL END , id : 39 } ) < - [ r0 : T6 { k72 : CASE WHEN TRUE THEN NULL END , id : 40 } ] - ( n1 { id : 41 } ) WITH * UNWIND [NULL] as l0 MERGE ( { id : CASE WHEN TRUE THEN 42 END } ) < - [ r1 : T2 { id : 43 } ] - ( n2 { k34 : 273586229 , id : 44 } ) CREATE ( n3 { id : 45 } ) - [ r2 : T2 { id : 46 } ] - > ( { k29 : ( r1 . k50 ) , id : 47 } ) RETURN n2 AS a0 ;
