-- Time: 2024/04/11 13:46:49
-- Database: janusgraph_database446
-- Database version: composite
-- seed value: 1712812406969
CREATE (n0 :L1{k11 : -1391750334, id : 0, k6 : -308700147, k10 : false, k7 : '5', k8 : 'a', k9 : 'd'});
CREATE (n0 :L2{k16 : 1501029466, id : 1, k13 : 'LHVE2VUJ', k12 : false, k15 : true, k14 : 'K'});
CREATE (n0 :L1{k11 : 162445805, id : 2, k6 : 46584981, k10 : false, k7 : 'u1s', k8 : 'U', k9 : 'K'});
CREATE (n0 {id : 3});
MATCH (n0 {id : 0}), (n1 {id : 0}) MERGE(n0)-[r :T2{k40 : 'A', k42 : 1209957740, k41 : -434740267, id : 4, k43 : 'Gd0', k45 : true}]->(n1);
MATCH (n0 {id : 0}), (n1 {id : 2}) MERGE(n0)-[r :T1{k39 : false, k38 : -899419853, id : 5, k35 : 'ZO1Zc', k37 : false, k36 : 'cy2'}]->(n1);
MERGE (n0{id:6}) REMOVE n0.k2 DETACH DELETE n0  RETURN 1 AS a0, 1 AS a1 SKIP 1;
MERGE ( n0 { id : 6 } ) REMOVE n0 . k2 WITH * CALL{WITH *DETACH DELETE n0 } WITH * UNWIND 1 as l0 RETURN 1 AS a0 , 1 AS a1 SKIP 1 LIMIT 1 ;
MATCH (a) RETURN count(a);
MATCH (b)-[a]->(c) RETURN count(a);
MATCH (b)-[a]->(c) RETURN count(a);
MATCH ( :L1), (n0 :L1) CREATE ( :L1{k10:false, id:7})-[r0 :T2{k42:(n0.k6), id:8}]->({id:9})-[ :T1{k35:reverse('r'), id:10}]->( :L1{k9:toStringOrNull(NULL), id:11}), p0=(n1{id:12}) REMOVE n0.k2 RETURN *;
MATCH ( : L1 ) ,( n0 : L1 ) OPTIONAL MATCH ()-[:TYPE]-() CREATE ( : L1 { k10 : false , id : 7 } ) - [ r0 : T2 { k42 : CASE WHEN FALSE THEN NULL ELSE ( n0 . k6 ) END , id : 8 } ] - > ( { id : 9 } ) - [ : T1 { k35 : reverse ( 'r' ) , id : 10 } ] - > ( : L1 { k9 : (toStringOrNull ( NULL ) +'') , id : 11 } ) CREATE p0 = ( n1 { id : 12 } ) WITH * REMOVE n0 . k2 WITH * UNWIND [1] as l0 RETURN * ;
MATCH (a) RETURN count(a);
MATCH (a) RETURN count(a);
MATCH (b)-[a]->(c) RETURN count(a);
MATCH (b)-[a]->(c) RETURN count(a);
MATCH (n0) DETACH DELETE n0  CREATE (n1{id:13})-[ :T2{id:14}]->(n2 :L1{k11:NULL, id:15}) RETURN true AS a0, 1 AS a1 ORDER BY a1;
MATCH ( n0 ) DETACH DELETE CASE WHEN FALSE THEN NULL ELSE n0 END CREATE ( n1 { id : 13 } ) - [ : T2 { id : 14 } ] - > ( n2 : L1 { k11 : NULL , id : 15 } ) WITH * OPTIONAL MATCH ()-[:TYPE]-() RETURN true AS a0 , 1 AS a1 ORDER BY a1 ;
