-- Time: 2024/04/11 13:41:31
-- Database: janusgraph_database374
-- Database version: composite
-- seed value: 1712812406897
CREATE (n0 {id : 0});
CREATE (n0 {id : 1});
CREATE (n0 :L5{k31 : 'q1F', k33 : true, id : 2, k32 : 'wFiLgzcS', k35 : false, k34 : 'H7Xmr'});
CREATE (n0 :L3{k22 : -473557849, id : 3, k21 : false, k24 : '9H', k23 : 331925512});
MATCH (n0 {id : 2}), (n1 {id : 0}) MERGE(n0)-[r :T2{k49 : 1016954328, k51 : 'a1AuLSvr', k50 : -2134805348, k52 : false, id : 4, k46 : 'sj9u', k48 : -2078867644, k47 : false}]->(n1);
MATCH (n0 {id : 0}), (n1 {id : 1}) MERGE(n0)-[r :T0{k39 : false, k38 : true, k40 : true, id : 5, k37 : 'G', k36 : 'f'}]->(n1);
MATCH (n0 {id : 3}), (n1 {id : 1}) MERGE(n0)-[r :T0{k39 : true, k38 : true, k40 : true, id : 6, k37 : '1bDj', k36 : '4'}]->(n1);
UNWIND [toIntegerList([{}])[toIntegerOrNull(abs(-1308836985))], NULL] AS a0 OPTIONAL MATCH (n0)-[*0..0]-(n1) DETACH DELETE n1  RETURN DISTINCT n0 AS a1;
UNWIND [ toIntegerList ( [ { } ] ) [ toIntegerOrNull ( abs ( -1308836985 ) ) ] , NULL ] AS a0 OPTIONAL MATCH (n0)-[*0..0]-( n0 ) - [ * 0 .. 0 ] - ( n1 ) WHERE TRUE OPTIONAL MATCH ()-[:TYPE]-() DETACH DELETE n1 WITH * UNWIND [NULL] as l0 RETURN DISTINCT CASE WHEN FALSE THEN NULL ELSE n0 END AS a1 ;
MATCH (a) RETURN count(a);
MATCH (b)-[a]->(c) RETURN count(a);
MATCH (b)-[a]->(c) RETURN count(a);
OPTIONAL MATCH (n0 :L5{k35:NULL})-[ :T2{k52:false}]-(n1)-[ :T0{k37:toStringList(NULL)[toIntegerOrNull(abs(NULL))]}]->() DETACH DELETE n0  REMOVE n1.k2 RETURN *, n1 AS a0;
OPTIONAL MATCH ( n0 : L5 { k35 : CASE WHEN FALSE THEN NULL ELSE NULL END } ) - [ : T2 { k52 : false } ] - ( n1 ) - [ : T0 { k37 : toStringList ( NULL ) [ toIntegerOrNull ( abs ( NULL ) ) ] } ] - > ( ) WHERE TRUE WITH * DETACH DELETE n0 WITH * OPTIONAL MATCH ()-[:TYPE]-() REMOVE n1 . k2 WITH * UNWIND [1] as l0 RETURN * , n1 AS a0 ;
MATCH (a) RETURN count(a);
MATCH (a) RETURN count(a);
MATCH (b)-[a]->(c) RETURN count(a);
MATCH (b)-[a]->(c) RETURN count(a);
WITH NULL AS a0 LIMIT 0 WHERE toBooleanOrNull(NULL) CREATE ({id:7})-[r0 :T0{id:8}]->({id:9})<-[ :T0{id:10}]-(n0{id:11}) CREATE p0=( :L5{id:12}) RETURN 1 AS a1;
WITH NULL AS a0 LIMIT 0 WHERE toBooleanOrNull ( NULL ) CREATE ( { id : 7 } ) - [ r0 : T0 { id : 8 } ] - > ( { id : 9 } ) < - [ : T0 { id : 10 } ] - ( n0 { id : 11 } ) CREATE p0 = ( : L5 { id : 12 } ) RETURN DISTINCT 1 AS a1 ;
MATCH (a) RETURN count(a);
MATCH (a) RETURN count(a);
MATCH (b)-[a]->(c) RETURN count(a);
MATCH (b)-[a]->(c) RETURN count(a);
OPTIONAL MATCH p0=()-[]-(n0{k31:'3nk'}), (n1)-[]-(n2) SET n0.k=NULL MERGE p1=(n3{id:13}) RETURN *, n0 AS a0;
OPTIONAL MATCH p0 = ( ) - [ ] - ( n0 { k31 : '3nk' } ) ,( n1 ) - [ ] - ( n2 ) SET n0 . k = CASE WHEN TRUE THEN NULL END WITH * UNWIND [NULL] as l0 MERGE p1 = ( n3 { id : CASE WHEN FALSE THEN NULL ELSE 13 END } ) RETURN * , n0 AS a0 ORDER BY 1 ;
