-- Time: 2024/04/11 14:11:00
-- Database: janusgraph_database773
-- Database version: composite
-- seed value: 1712812407297
CREATE (n0 {id : 0});
CREATE (n0 {id : 1});
CREATE (n0 {id : 2});
CREATE (n0 :L4{k28 : 'O', k27 : true, id : 3, k24 : 1251726859, k23 : 'p', k26 : 1931795224, k25 : 'H'});
MATCH (n0 {id : 2}), (n1 {id : 3}) MERGE(n0)-[r :T4{k60 : true, k62 : 'z', k61 : 'W', k63 : true, id : 4, k57 : false, k59 : true, k58 : 'M4'}]->(n1);
MATCH (n0 {id : 2}), (n1 {id : 0}) MERGE(n0)-[r :T1{k42 : true, k41 : 'z', k44 : false, id : 5, k43 : 'F', k45 : 'd'}]->(n1);
MATCH (n0 {id : 1}), (n1 {id : 1}) MERGE(n0)-[r :T3{k53 : 1320012526, k52 : 'I3', k55 : '7', id : 6}]->(n1);
MATCH (n0 {id : 3}), (n1 {id : 3}) MERGE(n0)-[r :T3{k52 : '4J', k55 : 'n', id : 7, k54 : false, k56 : false}]->(n1);
MATCH (n0 {id : 3}), (n1 {id : 2}) MERGE(n0)-[r :T1{k42 : false, k41 : 'L', k44 : false, id : 8, k43 : 'aMLtv1fZg', k45 : 'foK'}]->(n1);
MATCH (n0 {id : 0}), (n1 {id : 3}) MERGE(n0)-[r :T3{k53 : -1750732446, k52 : 'SNh7', k55 : 'X', id : 9, k54 : true, k56 : false}]->(n1);
MATCH (n0 {id : 3}), (n1 {id : 0}) MERGE(n0)-[r :T4{k60 : false, k62 : 'k1TGKqry', k61 : 'R', k63 : false, id : 10, k57 : true, k58 : '41'}]->(n1);
UNWIND [NULL, NULL] AS a0 UNWIND CASE WHEN true THEN NULL END AS a1 MERGE ({id:11})-[r0 :T4{k63:false, id:12}]-( :L4{id:13}) RETURN 1 AS a2, 1 AS a3;
UNWIND ([ NULL , NULL ] +[]) AS a0 UNWIND 1 as l0 UNWIND CASE WHEN FALSE THEN NULL ELSE CASE WHEN true THEN NULL END END AS a1 MERGE ( { id : 11 } ) - [ r0 : T4 { k63 : false , id : CASE WHEN FALSE THEN NULL ELSE 12 END } ] - ( : L4 { id : 13 } ) WITH * UNWIND [1] as l1 RETURN 1 AS a2 , CASE WHEN FALSE THEN NULL ELSE 1 END AS a3 ;
MATCH (a) RETURN count(a);
MATCH (b)-[a]->(c) RETURN count(a);
MATCH (b)-[a]->(c) RETURN count(a);
MATCH ()-[]-()-[ :T3{k56:CASE WHEN NULL THEN false END}]-(), ()-[]->() OPTIONAL MATCH p0=()-[]->(n0)-[]-(), p1=()-[]-() WHERE false CREATE ({id:14})<-[ :T4{k63:NULL, id:15}]-({id:16}), (n1{id:17})<-[ :T4{id:18}]-(n2{id:19}) RETURN 1 AS a0;
MATCH ( ) - [ ] - ( ) - [ : T3 { k56 : CASE WHEN NULL THEN false END } ] - ( ) ,()-[*0..0]-( ) - [ ] - > ( ) OPTIONAL MATCH ()-[:TYPE]-() OPTIONAL MATCH p0 = ( ) - [ ] - > ( n0 ) - [ ] - ( ) ,p1 = ( ) - [ ] - ( ) WHERE false CREATE ( { id : 14 } ) < - [ : T4 { k63 : CASE WHEN TRUE THEN NULL END , id : 15 } ] - ( { id : 16 } ) CREATE ( n1 { id : 17 } ) < - [ : T4 { id : 18 } ] - ( n2 { id : 19 } ) RETURN DISTINCT 1 AS a0 ;
