-- Time: 2024/04/11 14:32:54
-- Database: janusgraph_database1068
-- Database version: composite
-- seed value: 1712812407593
CREATE (n0 :L4{k22 : '8', id : 0, k24 : false, k23 : 'n', k26 : -1712101294, k25 : 1409300733});
CREATE (n0 :L1{k5 : 'N', id : 1, k6 : -1802184670, k10 : true, k7 : 'g9XC', k8 : true, k9 : false});
CREATE (n0 :L5{k28 : 'YyR3Kf9', k27 : false, k29 : '6es8', k30 : 'a', id : 2});
CREATE (n0 :L0{k0 : 'r', k2 : '0', k3 : 'v', k4 : 'Dp', id : 3});
MATCH (n0 {id : 2}), (n1 {id : 3}) MERGE(n0)-[r :T2{k51 : 'PP10p', k50 : 'f', k53 : 'Wo1quhhB', k52 : false, id : 4, k54 : false}]->(n1);
MATCH (n0 {id : 1}), (n1 {id : 1}) MERGE(n0)-[r :T3{k55 : 's', id : 5, k57 : 287759745, k56 : true, k58 : '2nL3'}]->(n1);
MATCH (n0 {id : 1}), (n1 {id : 2}) MERGE(n0)-[r :T3{k60 : '2', k55 : 'IKd0plKz', id : 6, k57 : 622263921, k56 : false, k59 : 'SeZi1LF9', k58 : 'ho'}]->(n1);
MATCH (n0 {id : 1}), (n1 {id : 2}) MERGE(n0)-[r :T3{k60 : 'c', k55 : 'IKd0plKz', id : 7, k56 : false, k59 : '6', k58 : 'zICcaQX'}]->(n1);
MATCH (n0 {id : 2}), (n1 {id : 1}) MERGE(n0)-[r :T3{k60 : 'v', k55 : 'cE', id : 8, k56 : true, k59 : 'h', k58 : 'NLqa7GIp0'}]->(n1);
MATCH (n0 {id : 0}), (n1 {id : 2}) MERGE(n0)-[r :T4{k61 : 'BXChwlno', k64 : -772392349, k63 : 'Yi5OCrasr', k66 : true, id : 9, k65 : 1965763984, k67 : false}]->(n1);
UNWIND [NULL, type(relationships(NULL)[toIntegerOrNull(abs(1244450960))])] AS a1 CREATE ({id:10})-[ :T3{k59:'v', id:11}]->({id:12}), (n3{id:13})-[ :T3{id:14}]->({id:15})<-[r0 :T3{id:16}]-(n4{id:17}) CREATE (n5 :L1{id:18})<-[ :T3{id:19}]-(n6{id:20}), ({k30:NULL, id:21}) RETURN 1 AS a2;
UNWIND [ NULL , (''+type ( relationships ( CASE WHEN TRUE THEN NULL END ) [ toIntegerOrNull ( abs ( 1244450960 ) ) ] ) )] AS a1 UNWIND [NULL] as l0 CREATE ( { id : 10 } ) - [ : T3 { k59 : 'v' , id : 11 } ] - > ( { id : 12 } ) CREATE (n3{ id : 13 } )CREATE (n3)- [ : T3 { id : 14 } ] - > ( { id : 15 } ) < - [ r0 : T3 { id : 16 } ] - ( n4 { id : 17 } ) CREATE (n5: L1 { id : 18 } )CREATE (n5)< - [ : T3 { id : 19 } ] - ( n6 { id : 20 } ) CREATE ( { k30 : NULL , id : 21 } ) WITH * OPTIONAL MATCH ()-[:TYPE]-() RETURN 1 AS a2 ORDER BY TRUE ;
MATCH (a) RETURN count(a);
MATCH (b)-[a]->(c) RETURN count(a);
MATCH (b)-[a]->(c) RETURN count(a);
WITH NULL AS a0 LIMIT 1 MATCH ()-[]-(n0)<-[r0]-( :L5), (n1)-[r1 :T4{k61:'W'}]->()-[r2 :T2{k50:(r1.k61)}]-(n2) WHERE (endNode(CASE WHEN false THEN NULL END) <> properties(startNode(NULL))) SET n2.k=false RETURN 1 AS a1, 1 AS a2 ORDER BY NULL;
WITH NULL AS a0 LIMIT 1 MATCH ( ) - [ ] - ( n0 ) < - [ r0 ] - ( : L5 ) ,( n1 ) - [ r1 : T4 { k61 : 'W' } ] - > ( ) - [ r2 : T2 { k50 : ( r1 . k61 ) } ] - ( n2 ) WHERE ( endNode ( CASE WHEN CASE WHEN TRUE THEN false END THEN NULL END ) <> properties ( startNode ( NULL ) ) ) UNWIND [1] as l0 FOREACH(f in [1]|SET n2 . k = false ) WITH * RETURN DISTINCT 1 AS a1 , 1 AS a2 ORDER BY NULL DESC ;
