-- Time: 2024/04/11 13:58:09
-- Database: janusgraph_database599
-- Database version: composite
-- seed value: 1712812407123
CREATE (n0 :L3{k17 : 2026308848, k19 : true, k18 : 311853108, k20 : 'e', k22 : 'lzjTcz76', id : 0, k21 : true});
CREATE (n0 {id : 1});
CREATE (n0 :L1{k11 : 'l', id : 2, k6 : 'S', k7 : -357345521, k8 : false});
CREATE (n0 :L2{k16 : true, id : 3, k13 : true, k12 : 'f', k15 : 'D', k14 : -839986465});
MATCH (n0 {id : 2}), (n1 {id : 2}) MERGE(n0)-[r :T2{k51 : 'U', k53 : false, k52 : -1319958362, id : 4, k54 : 'Zy'}]->(n1);
MATCH (n0 {id : 2}), (n1 {id : 0}) MERGE(n0)-[r :T3{k60 : 'jLPZ', k61 : true, k55 : 1412629604, id : 5, k57 : false, k56 : true, k59 : true, k58 : false}]->(n1);
MATCH (n0 {id : 1}), (n1 {id : 0}) MERGE(n0)-[r :T1{k49 : -1918016316, k44 : 'm', id : 6, k43 : -1763476529, k46 : 'l', k45 : true, k48 : 's9a47BSsU', k47 : 198855448}]->(n1);
MATCH (n0 {id : 3}), (n1 {id : 1}) MERGE(n0)-[r :T0{k39 : -90928904, k38 : 'O', k40 : 'X', k42 : 1509128667, k41 : 'BKs', id : 7, k37 : true}]->(n1);
MATCH (n0 :L1)-[]-(), () REMOVE n0.k2 SET n0.k=reverse((n0.k9)) RETURN NULL AS a0 UNION CREATE (n0{id:8}), (n1{k11:'lT', id:9})-[r0 :T2{id:10}]->(n2{id:11}) CREATE p0=(n3{id:12}), (n4{k11:NULL, id:13})-[r1 :T2{k52:NULL, id:14}]->(n5{id:15})-[r2 :T3{k55:648795674, id:16}]->({k20:'S', id:17}) CREATE (n6{id:18}) RETURN 1 AS a0 ORDER BY a0;
MATCH ( n0 : L1 ) - [ ] - ( ) ,( ) UNWIND [1] as l0 REMOVE n0 . k2 SET n0 . k = CASE WHEN FALSE THEN NULL ELSE reverse ( ( n0 . k9 ) ) END RETURN NULL AS a0 UNION CREATE ( n0 { id : 8 } ) CREATE ( n1 { k11 : 'lT' , id : CASE WHEN TRUE THEN 9 END } ) - [ r0 : T2 { id : 10 } ] - > ( n2 { id : 11 } ) WITH * UNWIND [1] as l1 CREATE p0 = ( n3 { id : CASE WHEN FALSE THEN NULL ELSE 12 END } ) CREATE ({k20:'S', id:17})<-[ r2 : T3 { k55 : 648795674 , id : 16 } ] -(n5{id:15})<-[ r1 : T2 { k52 : NULL , id : 14 } ] -( n4 { k11 : NULL , id : 13 } ) WITH * UNWIND [1] as l2 CREATE ( n6 { id : 18 } ) RETURN DISTINCT 1 AS a0 ORDER BY a0 ;
MATCH (a) RETURN count(a);
MATCH (b)-[a]->(c) RETURN count(a);
MATCH (b)-[a]->(c) RETURN count(a);
MERGE ({id:19}) MERGE ({k18:1680371185, id:20}) MERGE (n2{id:21})-[ :T2{id:22}]-(n3{id:23})-[r0 :T3{id:24}]->( :L3{k23:false, id:25}) RETURN n2 AS a2, n2 AS a3;
MERGE ( { id : 19 } ) MERGE ( { k18 : 1680371185 , id : 20 } ) WITH * UNWIND [NULL] as l0 MERGE ( n2 { id : 21 } ) - [ : T2 { id : 22 } ] - ( n3 { id : 23 } ) - [ r0 : T3 { id : 24 } ] - > ( : L3 { k23 : false , id : CASE WHEN FALSE THEN NULL ELSE 25 END } ) WITH * OPTIONAL MATCH ()-[:TYPE]-() RETURN n2 AS a2 , n2 AS a3 ;
MATCH (a) RETURN count(a);
MATCH (a) RETURN count(a);
MATCH (b)-[a]->(c) RETURN count(a);
MATCH (b)-[a]->(c) RETURN count(a);
MERGE p0=(n0{id:26})-[r0 :T1{k46:'j', id:27}]->({id:28}) CREATE (n1{id:29})-[r1 :T1{id:30}]->({k22:'G', id:31}), (n2{id:32})-[r2 :T2{id:33}]->(n3{id:34})-[r3 :T3{id:35}]->(n4{k21:(r0.k45), id:36}) DETACH DELETE n0  RETURN 1 AS a0, 1 AS a1 SKIP 1;
MERGE p0 = ( n0 { id : 26 } ) - [ r0 : T1 { k46 : 'j' , id : 27 } ] - > ( { id : 28 } ) WITH * OPTIONAL MATCH ()-[:TYPE]-() CREATE ( n1 { id : 29 } ) - [ r1 : T1 { id : 30 } ] - > ( { k22 : 'G' , id : 31 } ) CREATE (n2{ id : 32 } )CREATE (n2)- [ r2 : T2 { id : 33 } ] - > ( n3 { id : 34 } ) - [ r3 : T3 { id : 35 } ] - > ( n4 { k21 : ( r0 . k45 ) , id : 36 } ) DETACH DELETE n0 WITH * UNWIND 1 as l0 RETURN 1 AS a0 , 1 AS a1 SKIP 1 LIMIT 1 ;
