-- Time: 2024/04/11 14:03:59
-- Database: janusgraph_database678
-- Database version: composite
-- seed value: 1712812407202
CREATE (n0 :L2{k17 : false, k16 : true, k19 : false, k18 : false, id : 0, k15 : false, k14 : true});
CREATE (n0 :L6{k39 : true, k40 : true, k42 : 1513715070, k41 : true, k44 : 593462134, id : 1, k43 : 1733160480});
CREATE (n0 :L5{k38 : 'YSun3QkvA', k33 : 'nRrRhNBpT', id : 2, k32 : true, k35 : 19666376, k34 : -388051625, k37 : 'UKHG3CgH', k36 : false});
CREATE (n0 :L4{k28 : 1185983170, k27 : true, k29 : '1o7b6WgO', k30 : -1105627884, id : 3});
MATCH (n0 {id : 2}), (n1 {id : 1}) MERGE(n0)-[r :T2{k60 : 2009999524, k62 : -1932783348, k61 : 'B', k63 : 1167248454, id : 4, k59 : 'N', k58 : false}]->(n1);
MATCH (n0 {id : 1}), (n1 {id : 3}) MERGE(n0)-[r :T1{k51 : true, k53 : true, k52 : true, k55 : 'CGO', id : 5, k54 : -208938127, k57 : 'C', k56 : 1915980861}]->(n1);
MATCH (n0 {id : 1}), (n1 {id : 3}) MERGE(n0)-[r :T3{k64 : 'C', k66 : '8', id : 6, k65 : 'b', k68 : false, k67 : false}]->(n1);
MATCH (n0 {id : 3}), (n1 {id : 3}) MERGE(n0)-[r :T3{k64 : 'TZ', id : 7, k65 : 'T4', k68 : true, k67 : true}]->(n1);
MATCH (n0 {id : 0}), (n1 {id : 3}) MERGE(n0)-[r :T3{k64 : 'C', k66 : '8', id : 8, k65 : 'Ja85', k68 : true, k67 : false}]->(n1);
OPTIONAL MATCH p0=(n0 :L4)-[*0..0]->(), () DETACH DELETE n0  MERGE (n1 :L5{id:9})-[r0 :T2{id:10}]-(n2{k42:516850218, id:11}) RETURN (n1.k33) AS a0, -643936126 AS a1;
OPTIONAL MATCH p0 = ( n0 : L4 ) - [ * 0 .. 0 ] - > ( ) ,( ) DETACH DELETE n0 MERGE ( n1 : L5 { id : 9 } ) - [ r0 : T2 { id : 10 } ] - ( n2 { k42 : 516850218 , id : 11 } ) WITH * UNWIND 1 as l0 RETURN ( n1 . k33 ) AS a0 , -643936126 AS a1 ;
MATCH (a) RETURN count(a);
MATCH (b)-[a]->(c) RETURN count(a);
MATCH (b)-[a]->(c) RETURN count(a);
WITH * ORDER BY NULL DESC CREATE (n0{k34:NULL, id:12}) CREATE ({id:13})<-[r0 :T3{id:14}]-({k14:false, id:15}) RETURN 1 AS a0;
WITH * ORDER BY NULL DESC WHERE TRUE OPTIONAL MATCH ()-[:TYPE]-() CREATE ( n0 { k34 : NULL , id : 12 } ) CREATE (m0{ id : 13 } )CREATE (m0)< - [ r0 : T3 { id : 14 } ] - ( { k14 : false , id : 15 } ) RETURN 1 AS a0 ORDER BY TRUE LIMIT 1 ;
MATCH (a) RETURN count(a);
MATCH (a) RETURN count(a);
MATCH (b)-[a]->(c) RETURN count(a);
MATCH (b)-[a]->(c) RETURN count(a);
OPTIONAL MATCH p0=( :L6{k40:false})-[r0]->()<-[*..2]-(n1) OPTIONAL MATCH ()-[ :T3{k67:NULL}]-( :L6) WHERE NULL SET n1.k=NULL RETURN 1 AS a2;
OPTIONAL MATCH p0 = ( : L6 { k40 : false } ) - [ r0 ] - > ( ) < - [ * .. 2 ] - ( n1 ) WITH * OPTIONAL MATCH ()-[*0..0]-( ) - [ : T3 { k67 : NULL } ] - ( : L6 ) WHERE CASE WHEN FALSE THEN NULL ELSE NULL END UNWIND [1] as l0 SET n1 . k = NULL RETURN 1 AS a2 SKIP 1 ;
