-- Time: 2024/04/11 14:22:31
-- Database: janusgraph_database928
-- Database version: composite
-- seed value: 1712812407453
CREATE (n0 :L1{k11 : 'PX8TnY35', id : 0, k6 : true, k10 : -2044181142, k7 : -737904098, k8 : true, k12 : false, k9 : true});
CREATE (n0 :L0{k0 : false, k1 : -1681543058, k2 : 'V', k3 : 1523014768, k4 : 884979036, k5 : false, id : 1});
CREATE (n0 {id : 2});
CREATE (n0 {id : 3});
MATCH (n0 {id : 0}), (n1 {id : 2}) MERGE(n0)-[r :T6{k80 : false, k81 : 'G', k77 : '1', id : 4, k79 : false, k78 : 'E'}]->(n1);
MATCH (n0 {id : 2}), (n1 {id : 3}) MERGE(n0)-[r :T3{k60 : -1697031890, k62 : 'JG', k61 : 313555703, id : 5, k57 : true, k59 : 'sm'}]->(n1);
MATCH (n0 {id : 3}), (n1 {id : 3}) MERGE(n0)-[r :T1{k49 : true, k44 : 1485067380, id : 6, k43 : 'NHc', k45 : false, k48 : -107106740, k47 : -1778268444}]->(n1);
MATCH (n0 {id : 3}), (n1 {id : 1}) MERGE(n0)-[r :T2{k51 : '7L', k50 : 'S', k53 : -1338065357, k52 : 'eQo', k55 : -891072145, id : 7, k54 : -1295518405, k56 : 'FNUCSPcJG'}]->(n1);
MATCH (n0 {id : 3}), (n1 {id : 1}) MERGE(n0)-[r :T3{k60 : -206181951, k62 : 'f', k61 : -1595546965, id : 8, k57 : false, k59 : 'Um', k58 : 230783974}]->(n1);
MATCH (n0 {id : 1}), (n1 {id : 3}) MERGE(n0)-[r :T6{k80 : false, k81 : 'S', k77 : 'aCRMv1b2', id : 9, k79 : false, k78 : 'E'}]->(n1);
MATCH (n0 {id : 1}), (n1 {id : 0}) MERGE(n0)-[r :T5{k70 : false, k73 : 'Ka3sgJH09', k72 : 'FvkNinA3', k75 : false, k74 : 1213223099, id : 10, k76 : false}]->(n1);
OPTIONAL MATCH (n0) REMOVE n0.k2 REMOVE n0.k2 RETURN 1 AS a0, 1 AS a1 SKIP 0;
OPTIONAL MATCH ( n0 ) WHERE TRUE WITH * REMOVE n0 . k2 FOREACH(f in [1]|REMOVE n0 . k2 ) RETURN CASE WHEN FALSE THEN NULL ELSE 1 END AS a0 , 1 AS a1 ORDER BY FALSE SKIP 0 ;
MATCH (a) RETURN count(a);
MATCH (b)-[a]->(c) RETURN count(a);
MATCH (b)-[a]->(c) RETURN count(a);
MERGE (n0{id:11}) DETACH DELETE n0  CREATE ( :L0{id:12})<-[ :T2{k51:NULL, id:13}]-({id:14})<-[r0 :T3{k62:'ayQdShJ3Z', id:15}]-(n1{id:16}), (n2{id:17}) RETURN DISTINCT 1 AS a0, 1 AS a1;
MERGE ( n0 { id : 11 } ) FOREACH(f in [1]|DETACH DELETE n0 ) CREATE ( : L0 { id : CASE WHEN FALSE THEN NULL ELSE 12 END } ) < - [ : T2 { k51 : NULL , id : 13 } ] - ( { id : 14 } ) < - [ r0 : T3 { k62 : 'ayQdShJ3Z' , id : CASE WHEN FALSE THEN NULL ELSE 15 END } ] - ( n1 { id : 16 } ) CREATE ( n2 { id : 17 } ) RETURN DISTINCT 1 AS a0 , 1 AS a1 ;
