-- Time: 2024/04/11 13:27:27
-- Database: janusgraph_database184
-- Database version: composite
-- seed value: 1712812406707
CREATE (n0 :L3{k19 : 'a43z9k7', k18 : 1258870761, k20 : true, id : 0, k21 : '2a'});
CREATE (n0 :L2{k16 : 450691094, k11 : false, id : 1, k13 : 'nN', k12 : false, k15 : true, k14 : 'q29'});
CREATE (n0 :L4{k28 : -1183904597, k27 : '4h', id : 2, k24 : '99xcZ9', k23 : true, k26 : '4h', k25 : 'Is'});
CREATE (n0 :L3{k19 : 'o', k18 : -907185526, k20 : true, k22 : 'vVE', id : 3});
MATCH (n0 {id : 2}), (n1 {id : 2}) MERGE(n0)-[r :T4{k60 : 'cKP9Wvg', k61 : '60L', id : 4, k57 : 1931207222, k56 : 'kVLjyuSn', k59 : false, k58 : 'V'}]->(n1);
MATCH (n0 {id : 2}), (n1 {id : 2}) MERGE(n0)-[r :T2{k44 : true, id : 5, k43 : -149942334, k46 : 'YplX', k45 : false, k48 : -865370837, k47 : 'LB5sHxKi'}]->(n1);
MATCH (n0 {id : 3}), (n1 {id : 0}) MERGE(n0)-[r :T0{k29 : 1534675078, k31 : -1815472228, k30 : -542382546, k33 : true, id : 6, k32 : false, k35 : false, k34 : 'YRMEmki'}]->(n1);
MATCH (n0 {id : 3}), (n1 {id : 3}) MERGE(n0)-[r :T1{k39 : false, k40 : '4', k42 : true, k41 : 1501532541, id : 7, k37 : 'Zpd38', k36 : '5PBYh'}]->(n1);
MATCH (n0 {id : 3}), (n1 {id : 1}) MERGE(n0)-[r :T2{k44 : true, id : 8, k43 : -1785175107, k45 : false, k47 : 'i'}]->(n1);
MATCH (n0 {id : 2}), (n1 {id : 2}) MERGE(n0)-[r :T4{k60 : 'p', k61 : '8', k55 : 597155059, id : 9, k57 : -339712240, k56 : 'M2', k59 : false, k58 : 'iTqegFRZ'}]->(n1);
MATCH (n0 {id : 1}), (n1 {id : 1}) MERGE(n0)-[r :T3{k51 : true, k50 : 1327609310, k53 : 'k', k52 : 906526995, id : 10, k54 : 'wYpRg2fa'}]->(n1);
MERGE ( :L2{id:11})-[r0 :T3{k53:'dy', id:12}]->(n0{id:13}) MERGE ( :L2{k15:(852036404 < 559348831), id:14}) REMOVE n0.k2 RETURN n0 AS a0 ORDER BY [r0], a0 LIMIT 0;
MERGE pp0=( : L2 { id : 11 } ) - [ r0 : T3 { k53 : 'dy' , id : 12 } ] - > ( n0 { id : 13 } ) WITH * MERGE pp1=( : L2 { k15 : ( 852036404 < 559348831 ) , id : 14 } ) REMOVE n0 . k2 WITH * UNWIND 1 as l0 RETURN n0 AS a0 ORDER BY [r0], a0 LIMIT 0 ;
MATCH (a) RETURN count(a);
MATCH (b)-[a]->(c) RETURN count(a);
MATCH (b)-[a]->(c) RETURN count(a);
OPTIONAL MATCH (n0)-[]-(n1)-[*0..0]->(n2) CREATE ({id:15})-[ :T4{id:16}]->(n3{id:17}), (n4{id:18})-[r0 :T4{id:19}]->(n5 :L4{id:20})-[r1 :T4{id:21}]->( :L4{id:22}) SET n1.k=NULL RETURN n2 AS a0, NULL AS a1;
OPTIONAL MATCH (n0),()<-[m0]-(),(n1),()-[*0..0]->(),(n2) WHERE exists((n0)-[m0]-(n1)-[*0..0]->(n2)) CREATE ( { id : 15 } ) - [ : T4 { id : 16 } ] - > ( n3 { id : CASE WHEN TRUE THEN 17 END } ) CREATE ( :L4{id:22})<-[ r1 : T4 { id : 21 } ] -(n5 :L4{id:20})<-[ r0 : T4 { id : 19 } ] -( n4 { id : CASE WHEN TRUE THEN 18 END } ) SET n1 . k = NULL RETURN n2 AS a0 , NULL AS a1 SKIP 1 LIMIT 1 ;
