-- Time: 2024/04/11 13:26:25
-- Database: janusgraph_database170
-- Database version: composite
-- seed value: 1712812406652
CREATE (n0 :L2{k16 : false, id : 0, k13 : true, k12 : 'q', k15 : -68826330, k14 : 'Zt'});
CREATE (n0 :L3{k17 : -2098876307, k19 : true, k18 : -1087399750, k20 : -847364891, k22 : 1410072087, id : 1, k21 : 'zb'});
CREATE (n0 :L2{k16 : true, id : 2, k13 : true, k12 : 'q', k15 : 382778115, k14 : '9Uat'});
CREATE (n0 :L5{k31 : false, k33 : 'g', id : 3, k32 : 'vymjUb', k35 : 'a', k34 : -1733969350});
MATCH (n0 {id : 2}), (n1 {id : 2}) MERGE(n0)-[r :T6{k82 : -388596893, k81 : 'rmsAjzaLy', k84 : false, k83 : 765077222, k86 : -1717568974, k85 : false, id : 4, k87 : 'B'}]->(n1);
MATCH (n0 {id : 2}), (n1 {id : 1}) MERGE(n0)-[r :T3{k64 : '1KoBj', k63 : true, k66 : -887934358, id : 5, k65 : false}]->(n1);
MATCH (n0 {id : 3}), (n1 {id : 2}) MERGE(n0)-[r :T2{k60 : -1019608180, k61 : 253638215, k55 : false, id : 6, k57 : false, k56 : false}]->(n1);
CREATE (n0{k12:reverse('x'), id:7}) CREATE ({id:8}), (n2{k12:NULL, id:9}) CREATE (n3 :L2{id:10}) RETURN 1 AS a0 SKIP 0 LIMIT 0 UNION ALL CREATE (n0{id:11}), ({k16:NULL, id:12}) MERGE ({id:13}) CREATE (n1 :L2{id:14}), (n2{k34:-457269938, id:15})-[r0 :T2{k58:NULL, id:16}]->({id:17}) RETURN 1 AS a0 SKIP 1;
CREATE ( n0 { k12 : reverse ( 'x' ) , id : 7 } ) CREATE ( { id : 8 } ) CREATE ( n2 { k12 : NULL , id : 9 } ) WITH * UNWIND [NULL] as l0 CREATE ( n3 : L2 { id : 10 } ) RETURN 1 AS a0 SKIP 0 LIMIT 0 UNION ALL CREATE ( n0 { id : 11 } ) CREATE ( { k16 : CASE WHEN FALSE THEN NULL ELSE NULL END , id : 12 } ) MERGE ( { id : 13 } ) CREATE ( n1 : L2 { id : 14 } ) CREATE ( n2 { k34 : -457269938 , id : 15 } ) - [ r0 : T2 { k58 : NULL , id : 16 } ] - > ( { id : 17 } ) WITH * RETURN 1 AS a0 SKIP 1 LIMIT 1 ;
MATCH (a) RETURN count(a);
MATCH (b)-[a]->(c) RETURN count(a);
MATCH (b)-[a]->(c) RETURN count(a);
UNWIND NULL AS a0 MERGE ({id:18})<-[r0 :T6{id:19}]-(n0{id:20}) REMOVE n0.k2 RETURN a0 AS a1, r0 AS a2;
UNWIND NULL AS a0 MERGE ( { id : 18 } ) < - [ r0 : T6 { id : 19 } ] - ( n0 { id : 20 } ) WITH * UNWIND [1] as l0 REMOVE n0 . k2 WITH * RETURN CASE WHEN FALSE THEN NULL ELSE a0 END AS a1 , r0 AS a2 LIMIT 1 ;
MATCH (a) RETURN count(a);
MATCH (a) RETURN count(a);
MATCH (b)-[a]->(c) RETURN count(a);
MATCH (b)-[a]->(c) RETURN count(a);
MERGE ( :L2{id:21})-[r0 :T6{id:22}]->( :L2{k12:'1', id:23})<-[r1 :T2{id:24}]-(n0{id:25}) SET n0.k=reverse('s') MERGE (n1{id:26}) RETURN n1 AS a0;
MERGE ( : L2 { id : 21 } ) - [ r0 : T6 { id : 22 } ] - > ( : L2 { k12 : '1' , id : 23 } ) < - [ r1 : T2 { id : 24 } ] - ( n0 { id : 25 } ) WITH * SET n0 . k = reverse ( 's' ) WITH * OPTIONAL MATCH ()-[:TYPE]-() MERGE pp0=( n1 { id : 26 } ) WITH * OPTIONAL MATCH ()-[:TYPE]-() RETURN DISTINCT n1 AS a0 ;
MATCH (a) RETURN count(a);
MATCH (a) RETURN count(a);
MATCH (b)-[a]->(c) RETURN count(a);
MATCH (b)-[a]->(c) RETURN count(a);
WITH * SKIP 1 OPTIONAL MATCH (n0), (n1)-[r0]->(n2)-[]->(n3) DETACH DELETE n0  RETURN DISTINCT endNode(relationships(NULL)[toIntegerOrNull(abs(-39767381))]) AS a0 LIMIT 1;
WITH * SKIP 1 OPTIONAL MATCH (n0),(n1)-[r0]->(n2)-[]->(n3) OPTIONAL MATCH ()-[:TYPE]-() DETACH DELETE n0 RETURN DISTINCT endNode ( relationships ( NULL ) [ toIntegerOrNull ( CASE WHEN TRUE THEN abs ( -39767381 ) END ) ] ) AS a0 LIMIT 1 ;
MATCH (a) RETURN count(a);
MATCH (a) RETURN count(a);
MATCH (b)-[a]->(c) RETURN count(a);
MATCH (b)-[a]->(c) RETURN count(a);
MERGE ({id:27})-[r0 :T6{id:28}]-({k15:1034849017, id:29}) MERGE (n0{id:30}) DETACH DELETE r0  RETURN n0 AS a0, collect(relationships(NULL)[toIntegerOrNull(abs(-160899094))])[toIntegerOrNull(abs(89611251))] AS a1 ORDER BY 'Xt' DESC LIMIT 1;
MERGE pp0=( { id : CASE WHEN TRUE THEN 27 END } ) - [ r0 : T6 { id : 28 } ] - ( { k15 : CASE WHEN FALSE THEN NULL ELSE 1034849017 END , id : 29 } ) WITH * MERGE ( n0 { id : 30 } ) DETACH DELETE r0 WITH * RETURN n0 AS a0 , collect ( relationships ( NULL ) [ toIntegerOrNull ( abs ( -160899094 ) ) ] ) [ toIntegerOrNull ( abs ( 89611251 ) ) ] AS a1 ORDER BY 'Xt' DESC LIMIT 1 ;
MATCH (a) RETURN count(a);
MATCH (a) RETURN count(a);
MATCH (b)-[a]->(c) RETURN count(a);
MATCH (b)-[a]->(c) RETURN count(a);
CREATE (n0{k13:false, id:31}) CREATE (n1{k12:'EVr', id:32}) CREATE p0=(n2{k15:NULL, id:33}), (n3{k15:NULL, id:34})-[r0 :T6{k81:NULL, id:35}]->({k31:(('O'+'K') STARTS WITH 'R'), id:36}) RETURN 1 AS a3 UNION OPTIONAL MATCH ()-[r0 :T2{k57:false}]-(n0), p0=() MERGE (n1{id:37}) DETACH DELETE n1  RETURN r0 AS a3 LIMIT 1;
CREATE ( n0 { k13 : false , id : 31 } ) WITH * OPTIONAL MATCH ()-[:TYPE]-() CREATE ( n1 { k12 : 'EVr' , id : 32 } ) CREATE p0 = ( n2 { k15 : NULL , id : CASE WHEN FALSE THEN NULL ELSE 33 END } ) CREATE ( n3 { k15 : NULL , id : 34 } ) - [ r0 : T6 { k81 : NULL , id : 35 } ] - > ( { k31 : ( ( CASE WHEN TRUE THEN 'O' + 'K' END ) STARTS WITH 'R' ) , id : 36 } ) RETURN 1 AS a3 LIMIT 1 UNION OPTIONAL MATCH ()-[*0..0]-( ) - [ r0 : T2 { k57 : false } ] - ( n0 ) ,p0 = ( ) WHERE TRUE MERGE ( n1 { id : 37 } ) WITH * OPTIONAL MATCH ()-[:TYPE]-() DETACH DELETE CASE WHEN TRUE THEN n1 END RETURN CASE WHEN FALSE THEN NULL ELSE r0 END AS a3 LIMIT CASE WHEN TRUE THEN 1 END ;
MATCH (a) RETURN count(a);
MATCH (a) RETURN count(a);
MATCH (b)-[a]->(c) RETURN count(a);
MATCH (b)-[a]->(c) RETURN count(a);
OPTIONAL MATCH ({k14:'Er3Fl'}) WHERE NULL MERGE p0=( :L3{k18:2118449090, id:38}) CREATE (n0 :L5{k30:1445587017, id:39}), p1=({id:40})-[ :T2{id:41}]->({id:42}) RETURN 1 AS a0, 1 AS a1 SKIP 0;
OPTIONAL MATCH ( { k14 : 'Er3Fl' } ) WHERE NULL OPTIONAL MATCH ()-[:TYPE]-() MERGE p0 = ( : L3 { k18 : CASE WHEN TRUE THEN 2118449090 END , id : 38 } ) WITH * OPTIONAL MATCH ()-[:TYPE]-() CREATE ( n0 : L5 { k30 : 1445587017 , id : CASE WHEN FALSE THEN NULL ELSE 39 END } ) CREATE p1=({id:42})<-[ : T2 { id : 41 } ] -( { id : 40 } ) WITH * UNWIND [1] as l0 RETURN 1 AS a0 , 1 AS a1 SKIP 0 ;
MATCH (a) RETURN count(a);
MATCH (a) RETURN count(a);
MATCH (b)-[a]->(c) RETURN count(a);
MATCH (b)-[a]->(c) RETURN count(a);
CREATE (n1 :L2{k15:1838998835, id:43}), ( :L2{id:44}) CREATE ({id:45}) CREATE (n2{id:46}) RETURN 1 AS a2;
CREATE ( n1 : L2 { k15 : 1838998835 , id : 43 } ) CREATE ( : L2 { id : 44 } ) WITH * UNWIND [1] as l0 CREATE ( { id : 45 } ) CREATE ( n2 { id : 46 } ) RETURN 1 AS a2 SKIP 1 ;
MATCH (a) RETURN count(a);
MATCH (a) RETURN count(a);
MATCH (b)-[a]->(c) RETURN count(a);
MATCH (b)-[a]->(c) RETURN count(a);
MERGE ({k30:-223456370, id:47})-[r0 :T2{id:48}]-(n0{id:49})-[r1 :T6{k85:false, id:50}]->({k16:true, id:51}) MERGE (n1{id:52})-[ :T2{id:53}]->( :L2{id:54})-[ :T6{id:55}]-(n2 :L2{id:56}) DETACH DELETE n1  RETURN 1 AS a0, '2' AS a1 SKIP 0;
MERGE ( { k30 : -223456370 , id : 47 } ) - [ r0 : T2 { id : 48 } ] - ( n0 { id : 49 } ) - [ r1 : T6 { k85 : false , id : 50 } ] - > ( { k16 : true , id : 51 } ) MERGE ( n1 { id : 52 } ) - [ : T2 { id : 53 } ] - > ( : L2 { id : 54 } ) - [ : T6 { id : 55 } ] - ( n2 : L2 { id : 56 } ) WITH * DETACH DELETE n1 WITH * OPTIONAL MATCH ()-[:TYPE]-() RETURN 1 AS a0 , '2' AS a1 SKIP 0 ;
MATCH (a) RETURN count(a);
MATCH (a) RETURN count(a);
MATCH (b)-[a]->(c) RETURN count(a);
MATCH (b)-[a]->(c) RETURN count(a);
OPTIONAL MATCH () WHERE exists(()-[]-()) CREATE (n0{id:57}), p0=(n1{id:58})<-[ :T3{id:59}]-(n2{id:60}) MERGE (n3 :L2{k16:false, id:61}) RETURN n3 AS a0, 1 AS a1;
OPTIONAL MATCH ( ) WHERE exists ( ( ) - [ ] - ( ) ) CREATE ( n0 { id : 57 } ) CREATE p0 = ( n1 { id : 58 } ) < - [ : T3 { id : CASE WHEN FALSE THEN NULL ELSE 59 END } ] - ( n2 { id : 60 } ) WITH * OPTIONAL MATCH ()-[:TYPE]-() MERGE pp0=( n3 : L2 { k16 : false , id : 61 } ) RETURN n3 AS a0 , 1 AS a1 ;
