-- Time: 2024/04/11 14:01:07
-- Database: janusgraph_database639
-- Database version: composite
-- seed value: 1712812407163
CREATE (n0 :L2{k16 : false, k11 : 1695955697, id : 0, k15 : 'g'});
CREATE (n0 :L3{k17 : 'p4', k19 : 'R', k18 : true, k20 : true, id : 1, k21 : 'dueH0om'});
CREATE (n0 :L2{k16 : true, id : 2, k15 : 'kPBvooG'});
CREATE (n0 :L1{id : 3, k10 : 'Dv', k7 : false, k8 : -553633447, k9 : -448179521});
MATCH (n0 {id : 2}), (n1 {id : 3}) MERGE(n0)-[r :T3{k49 : 'ii', k51 : -1708696555, k50 : false, k53 : true, k52 : 'r7', id : 4, k48 : true, k47 : 'nq3fWaF6d'}]->(n1);
MATCH (n0 {id : 3}), (n1 {id : 1}) MERGE(n0)-[r :T3{k49 : 'V', k51 : -1349160959, k50 : false, k53 : false, k52 : 'k3BKa', id : 5, k48 : false, k47 : 'ips5'}]->(n1);
MATCH (n0 {id : 2}), (n1 {id : 1}) MERGE(n0)-[r :T5{k60 : -758449072, k61 : 'C', k64 : false, id : 6, k65 : 'ki', k59 : 'Z'}]->(n1);
MATCH (n0 {id : 0}), (n1 {id : 2}) MERGE(n0)-[r :T0{k29 : 'b0UoIy', k31 : 'O', k30 : 'vIQpbor', k33 : '0c0', id : 7, k32 : 'C'}]->(n1);
MERGE (n0 :L3{id:8})<-[r0 :T5{id:9}]-(n1{id:10}) REMOVE n1.k2 SET n0.k=true RETURN 1 AS a0, (r0.k64) AS a1 UNION ALL UNWIND NULL AS a0 MERGE (n0{id:11})-[r0 :T3{id:12}]->(n1 :L2{id:13}) SET n0.k=(n1.k16) RETURN 787541723 AS a0, {k1: properties(n1), k2: startNode(r0)} AS a1 LIMIT 1;
MERGE ( n0 : L3 { id : 8 } ) < - [ r0 : T5 { id : 9 } ] - ( n1 { id : 10 } ) WITH * OPTIONAL MATCH ()-[:TYPE]-() REMOVE n1 . k2 WITH * CALL{WITH *SET n0 . k = true } RETURN DISTINCT 1 AS a0 , CASE WHEN FALSE THEN NULL ELSE ( r0 . k64 ) END AS a1 UNION ALL UNWIND NULL AS a0 OPTIONAL MATCH ()-[:TYPE]-() MERGE ( n0 { id : 11 } ) - [ r0 : T3 { id : 12 } ] - > ( n1 : L2 { id : CASE WHEN FALSE THEN NULL ELSE 13 END } ) WITH * UNWIND 1 as l0 SET n0 . k = ( n1 . k16 ) WITH * UNWIND [NULL] as l1 RETURN DISTINCT 787541723 AS a0 , CASE WHEN TRUE THEN { k1 : properties ( n1 ) , k2 : startNode ( r0 ) } END AS a1 LIMIT 1 ;
MATCH (a) RETURN count(a);
MATCH (b)-[a]->(c) RETURN count(a);
MATCH (b)-[a]->(c) RETURN count(a);
UNWIND [(n2 :L2)-[r2]-(n3) WHERE (substring('h', toIntegerOrNull(abs(1541783117)), toIntegerOrNull(abs(-1636129334))) ENDS WITH substring('Aav', toIntegerOrNull(abs(1040118729)), toIntegerOrNull(abs(535999381))))|NULL] AS a2 OPTIONAL MATCH p0=(n4)-[r1]-(n3) DETACH DELETE r1  RETURN 2059085493 AS a3 ORDER BY a2, a3;
UNWIND [ ( n2 : L2 ) - [ r2 ] - ( n3 ) WHERE ( CASE WHEN TRUE THEN substring ( 'h' , CASE WHEN FALSE THEN NULL ELSE toIntegerOrNull ( abs ( 1541783117 ) ) END , toIntegerOrNull ( abs ( -1636129334 ) ) ) ENDS WITH substring ( 'Aav' , toIntegerOrNull ( abs ( 1040118729 ) ) , toIntegerOrNull ( CASE WHEN FALSE THEN NULL ELSE abs ( 535999381 ) END ) ) END ) | NULL ] AS a2 OPTIONAL MATCH p0 = ( n4 ) - [ r1 ] - ( n3 ) DETACH DELETE r1 RETURN 2059085493 AS a3 ORDER BY a2, a3 ;
MATCH (a) RETURN count(a);
MATCH (a) RETURN count(a);
MATCH (b)-[a]->(c) RETURN count(a);
MATCH (b)-[a]->(c) RETURN count(a);
UNWIND [NULL, -881367086] AS a1 OPTIONAL MATCH (n4{k13:(NULL AND true)})-[]->(n5)-[*..2]-(), (n2)-[]-(n0)-[]->(n5) REMOVE n4.k2 RETURN 1 AS a2, n5 AS a3 LIMIT 0;
UNWIND [ NULL , -881367086 ] AS a1 OPTIONAL MATCH (n4)-[*0..0]-( n4 { k13 : ( NULL AND true ) } ) - [ ] - > ( n5 ) - [ * .. 2 ] - ( ) ,( n2 ) - [ ] - ( n0 ) - [ ] - > ( n5 ) OPTIONAL MATCH ()-[:TYPE]-() REMOVE n4 . k2 RETURN DISTINCT 1 AS a2 , n5 AS a3 LIMIT 0 ;
