-- Time: 2024/04/11 13:59:20
-- Database: janusgraph_database615
-- Database version: composite
-- seed value: 1712812407139
CREATE (n0 :L2{k17 : 735856923, k16 : true, k11 : -104425735, id : 0, k15 : true, k14 : 'k'});
CREATE (n0 :L4{k27 : true, id : 1, k23 : -1678128425, k26 : false, k25 : 'b'});
CREATE (n0 {id : 2});
CREATE (n0 :L3{k19 : 2143055277, k18 : -818008360, k20 : 753861207, k22 : false, id : 3, k21 : true});
MATCH (n0 {id : 3}), (n1 {id : 1}) MERGE(n0)-[r :T4{k51 : false, k50 : true, k53 : -108265762, k52 : -860969840, id : 4, k54 : false}]->(n1);
MATCH (n0 {id : 2}), (n1 {id : 3}) MERGE(n0)-[r :T2{k39 : 941967887, k38 : 's', k40 : true, k42 : -1998861221, k41 : false, k44 : -2044620497, id : 5, k43 : 397850898}]->(n1);
MATCH (n0 {id : 1}), (n1 {id : 0}) MERGE(n0)-[r :T2{k39 : -138775264, k38 : 'b9', k40 : false, k42 : 1641048411, k41 : true, k44 : -1852992671, id : 6, k43 : -318798498}]->(n1);
OPTIONAL MATCH p0=(n0)<-[r0 :T4{k50:NULL}]-(n1 :L3) WHERE true MERGE (n2{id:7})-[ :T4{k51:true, id:8}]-({k22:false, id:9}) SET n1.k=NULL RETURN -852787822 AS a0;
OPTIONAL MATCH p0 = ( n0 ) < - [ r0 : T4 { k50 : NULL } ] - ( n1 : L3 ) WHERE true MERGE ( n2 { id : 7 } ) - [ : T4 { k51 : CASE WHEN FALSE THEN NULL ELSE true END , id : 8 } ] - ( { k22 : false , id : 9 } ) WITH * UNWIND 1 as l0 SET n1 . k = NULL WITH * RETURN -852787822 AS a0 ;
MATCH (a) RETURN count(a);
MATCH (b)-[a]->(c) RETURN count(a);
MATCH (b)-[a]->(c) RETURN count(a);
MERGE (n0{id:10}) MERGE p0=({id:11}) CREATE ({id:12})<-[ :T4{id:13}]-({k21:true, id:14})<-[r0 :T2{id:15}]-(n1{id:16}) RETURN DISTINCT 1 AS a0, 1 AS a1;
MERGE ( n0 { id : 10 } ) WITH * MERGE p0 = ( { id : 11 } ) WITH * OPTIONAL MATCH ()-[:TYPE]-() CREATE (m0{ id : 12 } )CREATE (m0)< - [ : T4 { id : 13 } ] - ( { k21 : true , id : 14 } ) < - [ r0 : T2 { id : 15 } ] - ( n1 { id : 16 } ) RETURN DISTINCT 1 AS a0 , 1 AS a1 SKIP 1 ;
MATCH (a) RETURN count(a);
MATCH (a) RETURN count(a);
MATCH (b)-[a]->(c) RETURN count(a);
MATCH (b)-[a]->(c) RETURN count(a);
MERGE (n0{id:17})-[r0 :T4{id:18}]-(n1{k20:1447260285, id:19})<-[r1 :T2{id:20}]-({id:21}) REMOVE n0.k2 DETACH DELETE n0  RETURN 1 AS a0, n1 AS a1;
MERGE ( n0 { id : 17 } ) - [ r0 : T4 { id : CASE WHEN FALSE THEN NULL ELSE 18 END } ] - ( n1 { k20 : 1447260285 , id : CASE WHEN FALSE THEN NULL ELSE 19 END } ) < - [ r1 : T2 { id : 20 } ] - ( { id : 21 } ) REMOVE n0 . k2 WITH * DETACH DELETE n0 WITH * OPTIONAL MATCH ()-[:TYPE]-() RETURN CASE WHEN TRUE THEN 1 END AS a0 , n1 AS a1 ;
MATCH (a) RETURN count(a);
MATCH (a) RETURN count(a);
MATCH (b)-[a]->(c) RETURN count(a);
MATCH (b)-[a]->(c) RETURN count(a);
OPTIONAL MATCH p0=(n0{k25:'fjU7ps'})-[]-() REMOVE n0.k2 CREATE (n1{k13:((NULL+-160221052)*-131416247), id:22})<-[ :T2{k41:exists(( :L4{k27:NULL})-[]-()), id:23}]-(n2 :L4{id:24}) RETURN 1 AS a0, 1 AS a1 UNION ALL CREATE ({id:25})-[r0 :T2{k38:'8jps5o', id:26}]->(n0 :L3{id:27}) MERGE ({id:28})-[r1 :T2{k44:1331089372, id:29}]->({id:30}) MERGE (n1{id:31}) RETURN n1 AS a0, 1 AS a1;
OPTIONAL MATCH p0 = ( n0 { k25 : CASE WHEN FALSE THEN NULL ELSE 'fjU7ps' END } ) - [ ] - ( ) WITH * REMOVE n0 . k2 WITH * CREATE ( n1 { k13 : ( ( NULL + -160221052 ) * -131416247 ) , id : 22 } ) < - [ : T2 { k41 : exists ( ( : L4 { k27 : NULL } ) - [ ] - ( ) ) , id : 23 } ] - ( n2 : L4 { id : 24 } ) RETURN 1 AS a0 , 1 AS a1 UNION ALL CREATE ( { id : 25 } ) - [ r0 : T2 { k38 : '8jps5o' , id : 26 } ] - > ( n0 : L3 { id : 27 } ) WITH * UNWIND [NULL] as l0 MERGE ( { id : 28 } ) - [ r1 : T2 { k44 : 1331089372 , id : 29 } ] - > ( { id : 30 } ) WITH * OPTIONAL MATCH ()-[:TYPE]-() MERGE ( n1 { id : 31 } ) RETURN n1 AS a0 , 1 AS a1 LIMIT 1 ;
MATCH (a) RETURN count(a);
MATCH (a) RETURN count(a);
MATCH (b)-[a]->(c) RETURN count(a);
MATCH (b)-[a]->(c) RETURN count(a);
CREATE ({id:32})-[ :T2{k41:false, id:33}]->({k22:false, id:34})-[r0 :T4{id:35}]->({id:36}), (n0{id:37})-[ :T2{id:38}]->({id:39}) MERGE (n1{id:40}) REMOVE n1.k2 RETURN n1 AS a3;
CREATE ( { id : 32 } ) - [ : T2 { k41 : false , id : 33 } ] - > ( { k22 : false , id : 34 } ) - [ r0 : T4 { id : 35 } ] - > ( { id : 36 } ) CREATE ({id:39})<-[ : T2 { id : 38 } ] -( n0 { id : 37 } ) WITH * OPTIONAL MATCH ()-[:TYPE]-() MERGE ( n1 { id : 40 } ) WITH * REMOVE n1 . k2 WITH * RETURN CASE WHEN FALSE THEN NULL ELSE n1 END AS a3 ;
