-- Time: 2024/04/11 14:35:04
-- Database: janusgraph_database1097
-- Database version: composite
-- seed value: 1712812407622
CREATE (n0 {id : 0});
CREATE (n0 :L5{k38 : -1337435887, id : 1, k32 : false, k35 : 'K', k34 : 472055458, k37 : 1110230404, k36 : -642215908});
CREATE (n0 :L3{k19 : false, k20 : false, id : 2, k21 : 'N', k24 : true, k23 : 'sbfr3'});
CREATE (n0 :L3{k19 : false, k20 : true, k22 : true, id : 3, k21 : '2RHVZ', k24 : false});
MATCH (n0 {id : 2}), (n1 {id : 3}) MERGE(n0)-[r :T4{k64 : 636134541, k63 : -174130597, k66 : 1643443471, id : 4, k65 : -392835458, k68 : 'p'}]->(n1);
MATCH (n0 {id : 3}), (n1 {id : 1}) MERGE(n0)-[r :T1{k49 : false, k50 : 'C', id : 5, k46 : -1196415194, k48 : 'i', k47 : 'a'}]->(n1);
WITH * ORDER BY NULL UNWIND reverse([(n0)-[]-() WHERE NULL|n0]) AS a0 MERGE (n1 :L3{id:6})-[r0 :T1{id:7}]->(n2 :L3{id:8}) RETURN *, 1 AS a1;
WITH * ORDER BY NULL UNWIND reverse ( [ ( n0 ) - [ ] - ( ) WHERE NULL | n0 ] ) AS a0 WITH * MERGE ( n1 : L3 { id : 6 } ) - [ r0 : T1 { id : 7 } ] - > ( n2 : L3 { id : 8 } ) WITH * UNWIND [1] as l0 RETURN * , 1 AS a1 ;
MATCH (a) RETURN count(a);
MATCH (b)-[a]->(c) RETURN count(a);
MATCH (b)-[a]->(c) RETURN count(a);
UNWIND NULL AS a0 OPTIONAL MATCH (n0)-[r0]-(n1 :L3), () DETACH DELETE n1  RETURN 1 AS a1, 1 AS a2;
UNWIND NULL AS a0 OPTIONAL MATCH (n0)-[*0..0]-( n0 ) - [ r0 ] - ( n1 : L3 ) ,( ) WITH * DETACH DELETE n1 RETURN 1 AS a1 , 1 AS a2 ;
MATCH (a) RETURN count(a);
MATCH (a) RETURN count(a);
MATCH (b)-[a]->(c) RETURN count(a);
MATCH (b)-[a]->(c) RETURN count(a);
CREATE p0=({id:9})<-[ :T4{k67:NULL, id:10}]-(n0{k24:NULL, id:11}) MERGE ({id:12})-[ :T4{k68:'2g', id:13}]->(n1{k25:-1541466911, id:14}) SET n1.k=NULL RETURN n1 AS a2;
CREATE p0 = ( { id : 9 } ) < - [ : T4 { k67 : NULL , id : 10 } ] - ( n0 { k24 : CASE WHEN TRUE THEN NULL END , id : 11 } ) WITH * MERGE pp0=( { id : CASE WHEN FALSE THEN NULL ELSE 12 END } ) - [ : T4 { k68 : '2g' , id : 13 } ] - > ( n1 { k25 : -1541466911 , id : 14 } ) WITH * UNWIND [NULL] as l0 WITH * CALL{WITH *SET n1 . k = NULL } RETURN n1 AS a2 ;
