-- Time: 2024/04/11 13:21:06
-- Database: janusgraph_database98
-- Database version: composite
-- seed value: 1712812406580
CREATE (n0 :L2{k17 : 858631403, k16 : 'OljU', id : 0, k13 : 'S', k15 : true, k14 : 335847257});
CREATE (n0 :L3{k18 : false, k22 : -618986408, id : 1, k21 : 1084019802, k23 : 'tQWzjv'});
CREATE (n0 {id : 2});
CREATE (n0 :L2{k17 : 858631403, id : 3, k13 : 'MMTfkwe0x', k15 : true, k14 : -1405568013});
MATCH (n0 {id : 1}), (n1 {id : 2}) MERGE(n0)-[r :T3{k62 : -1861926445, k61 : 'IY', k64 : -1988844191, k63 : 'O3X', id : 4, k59 : true, k58 : 1775429898}]->(n1);
MATCH (n0 {id : 2}), (n1 {id : 0}) MERGE(n0)-[r :T4{k71 : false, k70 : true, k66 : 1792126944, id : 5, k65 : true, k68 : true, k67 : 60369434, k69 : false}]->(n1);
MATCH (n0 {id : 0}), (n1 {id : 3}) MERGE(n0)-[r :T4{k71 : false, k70 : true, k66 : 1682384822, id : 6, k65 : false, k68 : true, k67 : 1404882505, k69 : false}]->(n1);
MATCH (n0 {id : 2}), (n1 {id : 3}) MERGE(n0)-[r :T0{k42 : 'k', k41 : -420682127, k44 : -1184544769, id : 7, k43 : 'k', k46 : true, k45 : 'kEj'}]->(n1);
MATCH (n0 {id : 0}), (n1 {id : 0}) MERGE(n0)-[r :T1{k49 : true, k51 : 'P9G', k50 : false, k52 : 'B', id : 8, k48 : 702287496, k47 : true}]->(n1);
MATCH (n0 {id : 2}), (n1 {id : 0}) MERGE(n0)-[r :T0{k42 : 'c', k44 : -502027575, id : 9, k43 : 'We', k46 : true, k45 : 'x'}]->(n1);
CREATE p0=({id:10}), (n0{id:11})-[r0 :T0{k41:1512803508, id:12}]->({id:13}) CREATE (n1 :L2{id:14}), (n2 :L2{id:15}) MERGE ({id:16})-[r1 :T0{id:17}]-({id:18}) RETURN 1 AS a0;
CREATE p0 = ( { id : 10 } ) CREATE (n0{ id : 11 } )CREATE (n0)- [ r0 : T0 { k41 : CASE WHEN TRUE THEN 1512803508 END , id : 12 } ] - > ( { id : 13 } ) WITH * CREATE ( n1 : L2 { id : 14 } ) CREATE ( n2 : L2 { id : 15 } ) WITH * UNWIND [1] as l0 MERGE ( { id : 16 } ) - [ r1 : T0 { id : 17 } ] - ( { id : 18 } ) RETURN 1 AS a0 SKIP 1 ;
MATCH (a) RETURN count(a);
MATCH (b)-[a]->(c) RETURN count(a);
MATCH (b)-[a]->(c) RETURN count(a);
MERGE ({id:19})-[r0 :T0{id:20}]-({id:21}) MERGE ({k14:-1833482955, id:22})-[r1 :T1{k49:true, id:23}]-( :L2{id:24}) DETACH DELETE r0  RETURN 1 AS a0, 1 AS a1 SKIP 1 LIMIT 0;
MERGE ( { id : 19 } ) - [ r0 : T0 { id : 20 } ] - ( { id : 21 } ) WITH * OPTIONAL MATCH ()-[:TYPE]-() MERGE ( { k14 : -1833482955 , id : CASE WHEN FALSE THEN NULL ELSE 22 END } ) - [ r1 : T1 { k49 : CASE WHEN TRUE THEN true END , id : 23 } ] - ( : L2 { id : 24 } ) DETACH DELETE r0 WITH * UNWIND [NULL] as l0 RETURN 1 AS a0 , 1 AS a1 SKIP 1 LIMIT 0 ;
MATCH (a) RETURN count(a);
MATCH (a) RETURN count(a);
MATCH (b)-[a]->(c) RETURN count(a);
MATCH (b)-[a]->(c) RETURN count(a);
UNWIND [425156658] AS a0 OPTIONAL MATCH (n0)-[ :T4{k71:true}]-(n1)-[r0]-(n2), (n0)-[]-(n3 :L2)<-[r0]-(n2) WHERE (n3.k15) DETACH DELETE n3  RETURN n1 AS a1, NULL AS a2 ORDER BY properties(NULL), a1 LIMIT 1;
UNWIND ([]+[ 425156658 ] )AS a0 WITH * OPTIONAL MATCH ( n0 ) - [ : T4 { k71 : true } ] - ( n1 ) - [ r0 ] - ( n2 ) ,( n0 ) - [ ] - ( n3 : L2 ) < - [ r0 ] - ( n2 ) WHERE ( n3 . k15 ) WITH * FOREACH(f in [1]|DETACH DELETE n3 ) RETURN n1 AS a1 , NULL AS a2 ORDER BY properties(NULL), a1 ,FALSE LIMIT CASE WHEN TRUE THEN 1 END ;
MATCH (a) RETURN count(a);
MATCH (a) RETURN count(a);
MATCH (b)-[a]->(c) RETURN count(a);
MATCH (b)-[a]->(c) RETURN count(a);
WITH * OPTIONAL MATCH ( :L3{k22:size(keys(endNode(NULL)))})-[]-() MERGE (n0{k17:-235755866, id:25}) RETURN n0 AS a0, 1186377027 AS a1 LIMIT 0;
WITH * OPTIONAL MATCH ( : L3 { k22 : size ( ([]+keys ( endNode ( NULL ) ) )) } ) - [ ] - ( ) MERGE ( n0 { k17 : -235755866 , id : 25 } ) RETURN n0 AS a0 , 1186377027 AS a1 LIMIT 0 ;
