-- Time: 2024/04/11 13:32:34
-- Database: janusgraph_database253
-- Database version: composite
-- seed value: 1712812406776
CREATE (n0 :L2{k17 : '6X', k16 : 'K', id : 0, k13 : 'aGyf', k15 : '5a82vi', k14 : 'BHHnSQq'});
CREATE (n0 :L0{k0 : 2051800382, k1 : true, k3 : 'J', k4 : 'D', k5 : 'I', id : 1});
CREATE (n0 {id : 2});
CREATE (n0 :L2{k17 : '5', k16 : 'JRGcnK4V0', id : 3, k13 : 'f', k14 : 'DihoQD'});
MATCH (n0 {id : 1}), (n1 {id : 1}) MERGE(n0)-[r :T5{k60 : false, k62 : 'k', k61 : 'o', k64 : 'v', k63 : -1485168404, id : 4, k65 : -1451673690, k59 : -251666459}]->(n1);
MATCH (n0 {id : 3}), (n1 {id : 1}) MERGE(n0)-[r :T1{k38 : false, k40 : 'SK', id : 5, k37 : true, k36 : 'X'}]->(n1);
MATCH (n0 {id : 2}), (n1 {id : 3}) MERGE(n0)-[r :T4{k55 : false, id : 6, k54 : -236614776, k57 : 'T', k56 : 718256303, k58 : false}]->(n1);
MATCH (n0 {id : 2}), (n1 {id : 2}) MERGE(n0)-[r :T3{k49 : -1030431995, k51 : false, k50 : true, k53 : '6FeWdyo', k52 : 'mtWBx', id : 7, k48 : 'Ha'}]->(n1);
MATCH (n0 {id : 0}), (n1 {id : 1}) MERGE(n0)-[r :T5{k60 : true, k62 : 'x', k61 : 'o', k63 : 1095755280, id : 8, k65 : 428911399}]->(n1);
MATCH (n0 {id : 2}), (n1 {id : 1}) MERGE(n0)-[r :T2{k42 : 'A', k41 : true, k44 : 'gC', id : 9, k43 : 'Y8', k46 : 'Z', k45 : 756621075, k47 : 'QBf'}]->(n1);
MERGE ({id:10}) CREATE (n0{id:11})-[r0 :T3{id:12}]->(n1{id:13})-[ :T4{id:14}]->({id:15}) MERGE (n2 :L0{id:16})-[r1 :T1{k37:false, id:17}]-(n3 :L2{id:18})-[r2 :T4{id:19}]-({id:20}) RETURN *, r1 AS a0;
MERGE ( { id : 10 } ) WITH * UNWIND [NULL] as l0 CREATE ( n0 { id : 11 } ) - [ r0 : T3 { id : 12 } ] - > ( n1 { id : 13 } ) - [ : T4 { id : 14 } ] - > ( { id : 15 } ) WITH * OPTIONAL MATCH ()-[:TYPE]-() MERGE ( n2 : L0 { id : 16 } ) - [ r1 : T1 { k37 : false , id : 17 } ] - ( n3 : L2 { id : 18 } ) - [ r2 : T4 { id : 19 } ] - ( { id : 20 } ) WITH * RETURN * , r1 AS a0 ;
MATCH (a) RETURN count(a);
MATCH (b)-[a]->(c) RETURN count(a);
MATCH (b)-[a]->(c) RETURN count(a);
UNWIND [x IN [NULL, [NULL, NULL]]] AS a0 MATCH (n0), ()-[]-() WHERE NULL MERGE (n1{k15:'Yr', id:21}) RETURN n1 AS a1;
UNWIND [ x IN ([ NULL , ([]+[ NULL , CASE WHEN TRUE THEN NULL END ] )] +[]) ] AS a0 MATCH ( n0 ) ,( ) - [ ] - ( ) WHERE NULL WITH * MERGE ( n1 { k15 : ('Yr' +'') , id : 21 } ) WITH * UNWIND 1 as l0 RETURN CASE WHEN TRUE THEN n1 END AS a1 SKIP 1 ;
MATCH (a) RETURN count(a);
MATCH (a) RETURN count(a);
MATCH (b)-[a]->(c) RETURN count(a);
MATCH (b)-[a]->(c) RETURN count(a);
OPTIONAL MATCH ()-[ :T2{k43:'s3'}]-(n0) WHERE false SET n0.k=NULL MERGE ({id:22}) RETURN n0 AS a0, 1 AS a1;
OPTIONAL MATCH ( ) - [ : T2 { k43 : CASE WHEN FALSE THEN NULL ELSE 's3' END } ] - ( n0 ) WHERE CASE WHEN FALSE THEN NULL ELSE false END WITH * SET n0 . k = CASE WHEN TRUE THEN NULL END MERGE ( { id : 22 } ) RETURN n0 AS a0 , CASE WHEN TRUE THEN 1 END AS a1 ORDER BY NULL ;
