-- Time: 2024/04/11 13:19:59
-- Database: janusgraph_database83
-- Database version: composite
-- seed value: 1712812406564
CREATE (n0 {id : 0});
CREATE (n0 :L2{k11 : true, id : 1, k13 : 'Q', k12 : 2082181670, k15 : false, k14 : 'S'});
CREATE (n0 :L1{id : 2, k6 : 'mu', k10 : false, k7 : -1177910072, k8 : 'cN', k9 : false});
CREATE (n0 :L0{k1 : -1272803238, k2 : -655138919, k3 : '0ONWX', k4 : 'c', k5 : 'Z', id : 3});
MATCH (n0 {id : 3}), (n1 {id : 2}) MERGE(n0)-[r :T0{k38 : false, k33 : false, id : 4, k34 : 1832007543, k37 : -1439207481, k36 : 1233357933}]->(n1);
MATCH (n0 {id : 1}), (n1 {id : 2}) MERGE(n0)-[r :T2{k44 : false, id : 5, k46 : 1563640497, k45 : 'D', k48 : false, k47 : -2003710167}]->(n1);
MATCH (n0 {id : 1}), (n1 {id : 3}) MERGE(n0)-[r :T5{k62 : 'vcx', k64 : false, k63 : -328392495, k66 : 1186694064, id : 6, k65 : 'u4rC', k68 : 'QDp4', k67 : -1735672744}]->(n1);
MATCH (n0 {id : 0}), (n1 {id : 1}) MERGE(n0)-[r :T3{k49 : 'W', k51 : 'c7U', k50 : 'x', k53 : 902765259, k55 : 'D', id : 7, k54 : 145485445}]->(n1);
MATCH (n0 {id : 1}), (n1 {id : 1}) MERGE(n0)-[r :T1{k39 : 'v', k40 : false, k42 : false, k41 : 2046330020, id : 8, k43 : true}]->(n1);
MATCH (n0 {id : 1}), (n1 {id : 3}) MERGE(n0)-[r :T3{k49 : 'pKtyGlsgj', k51 : 'A', k50 : 'QlbW', k53 : 961995709, k55 : 'Y', id : 9, k54 : -1478316763}]->(n1);
WITH * ORDER BY NULL DESC MERGE (n0 :L0{k4:reverse('BPX4lw'), id:10})-[r0 :T3{id:11}]-({id:12}) MERGE ({k8:'QFFkv5Vi', id:13}) RETURN n0 AS a0, 1 AS a1;
WITH * ORDER BY NULL DESC MERGE ( n0 : L0 { k4 : reverse ( 'BPX4lw' ) , id : 10 } ) - [ r0 : T3 { id : 11 } ] - ( { id : 12 } ) WITH * OPTIONAL MATCH ()-[:TYPE]-() MERGE ( { k8 : 'QFFkv5Vi' , id : 13 } ) RETURN n0 AS a0 , 1 AS a1 ;
MATCH (a) RETURN count(a);
MATCH (b)-[a]->(c) RETURN count(a);
MATCH (b)-[a]->(c) RETURN count(a);
OPTIONAL MATCH (n0)-[]->(n1{k3:NULL})-[]-(n2 :L1) MERGE ({k13:'T', id:14})-[r0 :T1{id:15}]-({id:16}) MERGE ( :L2{id:17}) RETURN (r0.k39) AS a0;
OPTIONAL MATCH ( n0 ) - [ ] - > ( n1 { k3 : NULL } ) - [ ] - ( n2 : L1 ) WHERE TRUE MERGE pp0=( { k13 : 'T' , id : CASE WHEN FALSE THEN NULL ELSE 14 END } ) - [ r0 : T1 { id : 15 } ] - ( { id : 16 } ) WITH * MERGE ( : L2 { id : 17 } ) RETURN ( r0 . k39 ) AS a0 SKIP 1 ;
