-- Time: 2024/04/11 14:02:23
-- Database: janusgraph_database656
-- Database version: composite
-- seed value: 1712812407180
CREATE (n0 :L3{k19 : 1481648898, k18 : '9rJOKlacG', k20 : true, id : 0, k21 : false});
CREATE (n0 :L3{k17 : false, k19 : -1373096928, k18 : 'C', k20 : false, id : 1, k21 : true});
CREATE (n0 {id : 2});
CREATE (n0 :L3{k17 : false, k19 : 975376738, k18 : 'e', k20 : true, id : 3});
MATCH (n0 {id : 0}), (n1 {id : 2}) MERGE(n0)-[r :T2{k49 : 391710054, k51 : 'pmXc', k50 : 'nqWV', k53 : '9', k52 : false, id : 4, k48 : '7jDhv', k47 : 'd1'}]->(n1);
MATCH (n0 {id : 3}), (n1 {id : 1}) MERGE(n0)-[r :T4{k60 : 'GeyfdbO', k62 : 1444430630, k61 : 443521860, k64 : false, k63 : false, id : 5}]->(n1);
MATCH (n0 {id : 0}), (n1 {id : 0}) MERGE(n0)-[r :T2{k49 : 949572159, k51 : 'az', k50 : 'TYJSKC0Mu', k53 : 'I8E', k52 : false, id : 6, k48 : 'aUq', k47 : 'py'}]->(n1);
MATCH (n0 {id : 1}), (n1 {id : 0}) MERGE(n0)-[r :T2{k49 : 668724769, k51 : '2sY67IQd', k50 : 'Zv', k53 : 'te60DNt', id : 7, k48 : 'B'}]->(n1);
MATCH (n0 {id : 1}), (n1 {id : 0}) MERGE(n0)-[r :T0{k39 : 1263987726, k38 : 513318877, id : 8, k35 : false, k34 : false, k37 : 'G', k36 : 'X4'}]->(n1);
WITH * CREATE ( :L3{id:9}), ({k19:toIntegerOrNull(NULL), id:10}) CREATE p0=(n0 :L3{k19:-186535915, id:11}), (n1{id:12})-[r0 :T2{id:13}]->(n2{id:14}) RETURN 1 AS a0;
WITH * CREATE ( : L3 { id : 9 } ) CREATE ( { k19 : toIntegerOrNull ( NULL ) , id : 10 } ) WITH * OPTIONAL MATCH ()-[:TYPE]-() CREATE p0 = ( n0 : L3 { k19 : -186535915 , id : CASE WHEN TRUE THEN 11 END } ) CREATE ( n1 { id : 12 } ) - [ r0 : T2 { id : 13 } ] - > ( n2 { id : 14 } ) WITH * RETURN 1 AS a0 ORDER BY 1 ;
MATCH (a) RETURN count(a);
MATCH (b)-[a]->(c) RETURN count(a);
MATCH (b)-[a]->(c) RETURN count(a);
MERGE p0=(n0{id:15})-[r0 :T0{id:16}]-(n1{id:17})-[r1 :T2{id:18}]-({id:19}) CREATE ( :L3{id:20})-[ :T0{id:21}]->(n2{k19:-1280755188, id:22}) REMOVE n1.k2 RETURN 1 AS a0 UNION CREATE ({id:23})-[ :T4{id:24}]->(n0{id:25})-[r0 :T0{id:26}]->(n1{k20:((length(NULL)--1116042451) > (692313284--1345971044)), id:27}), p0=(n2{id:28})<-[r1 :T2{id:29}]-({k21:NULL, id:30})-[ :T2{k53:'u', id:31}]->({k21:false, id:32}) CREATE (n3{id:33})<-[ :T0{k39:852549247, id:34}]-(n4{id:35})-[ :T2{id:36}]->( :L3{k18:'Dxxl', id:37}) MERGE p1=({k21:false, id:38})<-[r2 :T0{k36:'b', id:39}]-({id:40}) RETURN (r2.k39) AS a0;
MERGE p0 = ( n0 { id : 15 } ) - [ r0 : T0 { id : 16 } ] - ( n1 { id : 17 } ) - [ r1 : T2 { id : 18 } ] - ( { id : 19 } ) WITH * CREATE (n2{k19:-1280755188, id:22})<-[ : T0 { id : 21 } ] -( : L3 { id : CASE WHEN TRUE THEN 20 END } ) REMOVE n1 . k2 RETURN CASE WHEN TRUE THEN 1 END AS a0 UNION CREATE ( { id : 23 } ) - [ : T4 { id : 24 } ] - > ( n0 { id : 25 } ) - [ r0 : T0 { id : 26 } ] - > ( n1 { k20 : ( ( length ( NULL ) - -1116042451 ) > ( 692313284 - -1345971044 ) ) , id : 27 } ) CREATE p0 = ( n2 { id : 28 } ) < - [ r1 : T2 { id : 29 } ] - ( { k21 : NULL , id : 30 } ) - [ : T2 { k53 : 'u' , id : 31 } ] - > ( { k21 : false , id : 32 } ) WITH * CREATE ( n3 { id : 33 } ) < - [ : T0 { k39 : CASE WHEN TRUE THEN 852549247 END , id : 34 } ] - ( n4 { id : 35 } ) - [ : T2 { id : 36 } ] - > ( : L3 { k18 : 'Dxxl' , id : 37 } ) WITH * MERGE p1 = ( { k21 : false , id : 38 } ) < - [ r2 : T0 { k36 : 'b' , id : 39 } ] - ( { id : 40 } ) WITH * OPTIONAL MATCH ()-[:TYPE]-() RETURN ( r2 . k39 ) AS a0 ;
