-- Time: 2024/04/11 14:36:42
-- Database: janusgraph_database1119
-- Database version: composite
-- seed value: 1712812407644
CREATE (n0 :L3{k19 : 1422034797, k18 : 'R', k22 : 1399858068, id : 0, k23 : 'V'});
CREATE (n0 :L1{k11 : 1574410216, id : 1, k10 : 'fqCDfzEIx', k8 : 'fh', k9 : 'E'});
CREATE (n0 :L4{k28 : 'k', k27 : 430393998, k29 : 'vALhkQv6j', k30 : true, id : 2, k24 : 926073880, k26 : -244508930, k25 : false});
CREATE (n0 :L3{k19 : -1409989701, k18 : 'a', k20 : true, k22 : -1107855251, id : 3, k23 : 'PLUFm'});
MATCH (n0 {id : 3}), (n1 {id : 2}) MERGE(n0)-[r :T2{k55 : false, id : 4, k54 : 888697945, k57 : false, k56 : 567742960, k58 : true}]->(n1);
MATCH (n0 {id : 3}), (n1 {id : 0}) MERGE(n0)-[r :T3{k60 : 110850709, k62 : 716058728, k61 : 'D', k63 : 277002016, id : 5, k59 : false}]->(n1);
MATCH (n0 {id : 1}), (n1 {id : 1}) MERGE(n0)-[r :T3{k60 : 1786221621, k62 : 221163737, k63 : -884938906, id : 6, k59 : false}]->(n1);
MATCH (n0 {id : 1}), (n1 {id : 0}) MERGE(n0)-[r :T2{k55 : false, id : 7, k54 : 1154844319, k57 : false, k56 : -865699455, k58 : false}]->(n1);
MATCH (n0 {id : 0}), (n1 {id : 2}) MERGE(n0)-[r :T3{k60 : 364137734, k62 : -1868405727, k61 : 'D', k63 : 1978803703, id : 8, k59 : true}]->(n1);
MATCH (n0 {id : 3}), (n1 {id : 2}) MERGE(n0)-[r :T3{k60 : -402659911, k62 : 1374773491, k61 : 'O', k63 : -1490782627, id : 9, k59 : true}]->(n1);
WITH * WHERE ('R' = NULL) CREATE p0=(n0{id:10})-[r0 :T3{k59:false, id:11}]->({id:12}) MERGE (n1 :L3{k21:true, id:13})-[r1 :T2{id:14}]-({id:15}) RETURN r1 AS a0, (n1.k18) AS a1 SKIP 0 UNION MERGE ( :L3{id:16})-[r0 :T3{id:17}]-({k30:false, id:18})<-[r1 :T3{k60:-1417787438, id:19}]-(n0{id:20}) DETACH DELETE n0  MERGE (n1{id:21})-[r2 :T2{id:22}]-({id:23}) RETURN n1 AS a0, n1 AS a1;
WITH * WHERE ( 'R' = NULL ) CREATE p0 = ( n0 { id : 10 } ) - [ r0 : T3 { k59 : false , id : 11 } ] - > ( { id : 12 } ) WITH * UNWIND [NULL] as l0 MERGE ( n1 : L3 { k21 : true , id : 13 } ) - [ r1 : T2 { id : 14 } ] - ( { id : 15 } ) WITH * UNWIND [1] as l1 RETURN DISTINCT r1 AS a0 , ( n1 . k18 ) AS a1 SKIP 0 UNION MERGE ( : L3 { id : 16 } ) - [ r0 : T3 { id : 17 } ] - ( { k30 : false , id : 18 } ) < - [ r1 : T3 { k60 : -1417787438 , id : 19 } ] - ( n0 { id : 20 } ) DETACH DELETE n0 MERGE ( n1 { id : 21 } ) - [ r2 : T2 { id : 22 } ] - ( { id : 23 } ) WITH * UNWIND [1] as l2 RETURN n1 AS a0 , n1 AS a1 SKIP 1 ;
MATCH (a) RETURN count(a);
MATCH (b)-[a]->(c) RETURN count(a);
MATCH (b)-[a]->(c) RETURN count(a);
UNWIND [NULL] AS a1 CREATE ({k25:true, id:24})<-[ :T3{id:25}]-(n2 :L3{id:26})-[ :T2{k57:((NULL+((toStringList([])[toIntegerOrNull(abs(766329509))]+NULL)+((('1uq7f'+'c')+('QjK'+'9r'))+toStringOrNull(NULL)))) CONTAINS (substring('FGT4FHVOe', toIntegerOrNull(abs(((-1415912640/7857311)*(1172209125/1497346271)))), toIntegerOrNull(abs(NULL)))+'O')), id:27}]->(n3 :L4{id:28}), ({id:29}) MERGE ( :L3{k20:true, id:30}) RETURN 1 AS a2, 95033821 AS a3;
UNWIND [ NULL ] AS a1 WITH * CREATE ( { k25 : true , id : 24 } ) < - [ : T3 { id : 25 } ] - ( n2 : L3 { id : 26 } ) - [ : T2 { k57 : ( ( NULL + ( ( CASE WHEN TRUE THEN (toStringList ( [ ] ) +[]) [ toIntegerOrNull ( CASE WHEN TRUE THEN abs ( 766329509 ) END ) ] + NULL END ) + ( ( ( '1uq7f' + 'c' ) + ( 'QjK' + '9r' ) ) + toStringOrNull ( NULL ) ) ) ) CONTAINS ( substring ( 'FGT4FHVOe' , toIntegerOrNull ( abs ( ( ( -1415912640 / 7857311 ) * ( 1172209125 / 1497346271 ) ) ) ) , toIntegerOrNull ( abs ( NULL ) ) ) + 'O' ) ) , id : 27 } ] - > ( n3 : L4 { id : 28 } ) CREATE ( { id : 29 } ) WITH * MERGE ( : L3 { k20 : true , id : 30 } ) RETURN DISTINCT 1 AS a2 , 95033821 AS a3 ;
MATCH (a) RETURN count(a);
MATCH (a) RETURN count(a);
MATCH (b)-[a]->(c) RETURN count(a);
MATCH (b)-[a]->(c) RETURN count(a);
MATCH p0=()<-[r0]-(), p1=(n0) REMOVE n0.k2 DETACH DELETE n0  RETURN 1 AS a0;
MATCH p0 = ( ) < - [ r0 ] - ( ) ,p1 = (n0)-[*0..0]-( n0 ) UNWIND [NULL] as l0 REMOVE n0 . k2 WITH * CALL{WITH *DETACH DELETE n0 } WITH * UNWIND [1] as l1 RETURN 1 AS a0 SKIP 1 ;
