-- Time: 2024/04/11 14:15:50
-- Database: janusgraph_database838
-- Database version: composite
-- seed value: 1712812407362
CREATE (n0 :L4{k27 : true, k29 : 679034902, id : 0, k24 : -971606524, k23 : 204021425, k26 : 'WzLw', k25 : true});
CREATE (n0 :L6{k39 : 'H', k38 : true, k40 : false, id : 1, k37 : 1913792039, k36 : 'cl7mYRLQ7'});
CREATE (n0 {id : 2});
CREATE (n0 :L2{k17 : -809607357, k16 : true, id : 3, k13 : true, k15 : false, k14 : true});
MATCH (n0 {id : 3}), (n1 {id : 1}) MERGE(n0)-[r :T6{k80 : 'e', k82 : -747221176, k81 : false, id : 4, k79 : -1826846453, k78 : 1971795920}]->(n1);
MATCH (n0 {id : 1}), (n1 {id : 1}) MERGE(n0)-[r :T1{k49 : -1760330597, id : 5, k46 : 1645654641, k47 : 'vX2m6OlQ8'}]->(n1);
MATCH (n0 {id : 0}), (n1 {id : 0}) MERGE(n0)-[r :T6{k80 : 'df6CMK', k82 : 933797481, k81 : true, id : 6, k78 : -191240795}]->(n1);
MATCH (n0 {id : 2}), (n1 {id : 3}) MERGE(n0)-[r :T4{k70 : 1860168102, k66 : -278240420, id : 7, k65 : '0', k68 : false, k67 : false, k69 : -619084027}]->(n1);
MATCH p0=({k14:true}), (n0)-[ :T4{k66:83278928}]-(n1) REMOVE n1.k2 MERGE ({id:8}) RETURN n0 AS a0, 1 AS a1 SKIP 0;
MATCH p0=({k14:true}),(n0),()<-[m0:T4{k66:83278928}]-(),(n1) WHERE exists((n0)-[m0]-(n1)) REMOVE n1 . k2 WITH * MERGE ( { id : 8 } ) WITH * UNWIND [1] as l0 RETURN CASE WHEN FALSE THEN NULL ELSE n0 END AS a0 , CASE WHEN FALSE THEN NULL ELSE 1 END AS a1 SKIP 0 ;
MATCH (a) RETURN count(a);
MATCH (b)-[a]->(c) RETURN count(a);
MATCH (b)-[a]->(c) RETURN count(a);
OPTIONAL MATCH p0=(n0)-[]->(), (n1)-[]->(n0)-[*..2]-() DETACH DELETE n1  CREATE ({id:9}), (n2{id:10}) RETURN n0 AS a0, 1 AS a1 LIMIT 1 UNION ALL UNWIND [startNode(NULL)] AS a0 MATCH p0=(n0)<-[r0]-(n1), (n0)<-[r0]-() WHERE ('4' <= reverse('FD9ItU')) REMOVE n0.k2 RETURN -699842533 AS a0, 1 AS a1;
OPTIONAL MATCH p0=(n0)-[]->(),(n1),()-[m0]->(),(n0),()<-[*..2]-(),(nn1) WHERE exists((n1)-[m0]->(n0)-[*..2]-(nn1)) DETACH DELETE CASE WHEN FALSE THEN NULL ELSE n1 END WITH * UNWIND [1] as l0 CREATE ( { id : 9 } ) CREATE ( n2 { id : CASE WHEN FALSE THEN NULL ELSE 10 END } ) RETURN n0 AS a0 , 1 AS a1 LIMIT 1 UNION ALL UNWIND [ startNode ( NULL ) ] AS a0 MATCH p0 = ( n0 ) < - [ r0 ] - ( n1 ) ,( n0 ) < - [ r0 ] - ( ) WITH * WHERE ( '4' <= reverse ( 'FD9ItU' ) ) REMOVE n0 . k2 WITH * RETURN -699842533 AS a0 , 1 AS a1 ;
MATCH (a) RETURN count(a);
MATCH (a) RETURN count(a);
MATCH (b)-[a]->(c) RETURN count(a);
MATCH (b)-[a]->(c) RETURN count(a);
WITH NULL AS a1 WHERE NULL OPTIONAL MATCH p1=(n1)-[r0 :T1{k46:NULL}]-({k37:((r0.k49)*(r0.k46))})-[]-(), () SET n1.k=(r0.k48) RETURN 1 AS a2 SKIP 0;
WITH NULL AS a1 WHERE CASE WHEN FALSE THEN NULL ELSE NULL END OPTIONAL MATCH p1 = ( n1 ) - [ r0 : T1 { k46 : CASE WHEN TRUE THEN NULL END } ] - ( { k37 : ( ( r0 . k49 ) * ( r0 . k46 ) ) } ) - [ ] - ( ) ,( ) OPTIONAL MATCH ()-[:TYPE]-() SET n1 . k = ( r0 . k48 ) WITH * OPTIONAL MATCH ()-[:TYPE]-() RETURN 1 AS a2 SKIP 0 ;
MATCH (a) RETURN count(a);
MATCH (a) RETURN count(a);
MATCH (b)-[a]->(c) RETURN count(a);
MATCH (b)-[a]->(c) RETURN count(a);
UNWIND [relationships(NULL)[toIntegerOrNull(abs((34877120+-1801241261)))]] AS a3 OPTIONAL MATCH ()-[*0..1]->(n0) REMOVE n0.k2 RETURN 1 AS a4;
UNWIND CASE WHEN FALSE THEN NULL ELSE ([]+[ relationships ( NULL ) [ CASE WHEN TRUE THEN toIntegerOrNull ( abs ( ( CASE WHEN TRUE THEN 34877120 + -1801241261 END ) ) ) END ] ] )END AS a3 OPTIONAL MATCH ( ) - [ * 0 .. 1 ] - > ( n0 ) UNWIND 1 as l0 REMOVE n0 . k2 WITH * RETURN 1 AS a4 ;
MATCH (a) RETURN count(a);
MATCH (a) RETURN count(a);
MATCH (b)-[a]->(c) RETURN count(a);
MATCH (b)-[a]->(c) RETURN count(a);
MATCH ()<-[r0]-(), ()-[r0]-() WHERE true DETACH DELETE r0  MERGE (n0{k25:true, id:11})<-[ :T4{k69:295670720, id:12}]-( :L4{k24:-1021154640, id:13}) RETURN * LIMIT 0;
MATCH ( ) < - [ r0 ] - ( ) ,( ) - [ r0 ] - ( ) WHERE true OPTIONAL MATCH ()-[:TYPE]-() DETACH DELETE r0 WITH * UNWIND [1] as l0 MERGE ( n0 { k25 : true , id : 11 } ) < - [ : T4 { k69 : 295670720 , id : 12 } ] - ( : L4 { k24 : -1021154640 , id : 13 } ) RETURN * LIMIT 0 ;
MATCH (a) RETURN count(a);
MATCH (a) RETURN count(a);
MATCH (b)-[a]->(c) RETURN count(a);
MATCH (b)-[a]->(c) RETURN count(a);
CREATE (n0{id:14}), p0=({id:15}) MERGE ({id:16}) MERGE ({k15:false, id:17})-[r0 :T6{id:18}]-(n1{k40:true, id:19}) RETURN 1 AS a0 UNION ALL MERGE ({k16:true, id:20})<-[r0 :T4{k69:1267081917, id:21}]-({id:22}) MERGE (n0{k17:747347721, id:23}) CREATE ( :L2{k13:false, id:24})-[ :T6{k78:2053941067, id:25}]->( :L6{id:26})-[r1 :T1{id:27}]->( :L6{id:28}), ({id:29}) RETURN n0 AS a0;
CREATE ( n0 { id : 14 } ) CREATE p0 = ( { id : 15 } ) MERGE ( { id : CASE WHEN FALSE THEN NULL ELSE 16 END } ) MERGE ( { k15 : false , id : 17 } ) - [ r0 : T6 { id : 18 } ] - ( n1 { k40 : true , id : 19 } ) RETURN 1 AS a0 UNION ALL MERGE ( { k16 : true , id : 20 } ) < - [ r0 : T4 { k69 : 1267081917 , id : 21 } ] - ( { id : 22 } ) WITH * OPTIONAL MATCH ()-[:TYPE]-() MERGE ( n0 { k17 : 747347721 , id : 23 } ) CREATE ( : L2 { k13 : false , id : 24 } ) - [ : T6 { k78 : CASE WHEN FALSE THEN NULL ELSE 2053941067 END , id : 25 } ] - > ( : L6 { id : 26 } ) - [ r1 : T1 { id : 27 } ] - > ( : L6 { id : 28 } ) CREATE ( { id : CASE WHEN FALSE THEN NULL ELSE 29 END } ) RETURN DISTINCT n0 AS a0 ;
MATCH (a) RETURN count(a);
MATCH (a) RETURN count(a);
MATCH (b)-[a]->(c) RETURN count(a);
MATCH (b)-[a]->(c) RETURN count(a);
WITH NULL AS a2 OPTIONAL MATCH (n0), (n5 :L2{k17:toIntegerOrNull(NULL)})-[]->(n8{k40:(n5.k15)})-[ :T1{k49:-1491244670}]->() CREATE (n9{id:30}) RETURN false AS a3, a2 AS a4 SKIP 0 UNION ALL UNWIND [NULL, NULL] AS a0 MERGE (n0{k39:'FpxwGT5PG', id:31}) MERGE ({id:32}) RETURN 1 AS a3, 1 AS a4;
WITH NULL AS a2 OPTIONAL MATCH ( n0 ) ,( n5 : L2 { k17 : toIntegerOrNull ( NULL ) } ) - [ ] - > ( n8 { k40 : ( n5 . k15 ) } ) - [ : T1 { k49 : -1491244670 } ] - > ( ) CREATE ( n9 { id : 30 } ) RETURN false AS a3 , a2 AS a4 SKIP CASE WHEN TRUE THEN 0 END LIMIT 1 UNION ALL UNWIND ([ NULL , NULL ] +[]) AS a0 WITH * MERGE ( n0 { k39 : (''+'FpxwGT5PG' ), id : 31 } ) MERGE ( { id : 32 } ) WITH * RETURN 1 AS a3 , 1 AS a4 ;
MATCH (a) RETURN count(a);
MATCH (a) RETURN count(a);
MATCH (b)-[a]->(c) RETURN count(a);
MATCH (b)-[a]->(c) RETURN count(a);
CREATE p0=(n1{id:33})-[r0 :T6{id:34}]->({id:35}), ({id:36}) MERGE (n2 :L2{id:37}) DETACH DELETE n2  RETURN NULL AS a1, 1 AS a2;
CREATE p0 = ( n1 { id : 33 } ) - [ r0 : T6 { id : 34 } ] - > ( { id : 35 } ) CREATE ( { id : 36 } ) MERGE pp0=( n2 : L2 { id : 37 } ) DETACH DELETE n2 RETURN NULL AS a1 , 1 AS a2 ;
