-- Time: 2024/04/11 13:57:42
-- Database: janusgraph_database593
-- Database version: composite
-- seed value: 1712812407117
CREATE (n0 :L2{k11 : true, id : 0, k13 : 1622703578, k12 : 'Zu', k15 : -405582354, k14 : true});
CREATE (n0 :L3{k17 : 1072634521, k16 : true, k19 : 's', k18 : true, k20 : -1805086500, id : 1});
CREATE (n0 :L0{k0 : true, k2 : 'jo', k4 : -464843543, k5 : '4', id : 2});
CREATE (n0 :L3{k17 : 1874628122, k16 : false, k19 : 'h', k18 : false, k20 : -1651113924, id : 3});
MATCH (n0 {id : 1}), (n1 {id : 3}) MERGE(n0)-[r :T2{k39 : true, k41 : true, k44 : -1815295142, id : 4, k43 : '26UR'}]->(n1);
MATCH (n0 {id : 0}), (n1 {id : 2}) MERGE(n0)-[r :T3{k51 : false, k50 : false, id : 5, k46 : 672489905, k45 : true, k48 : true, k47 : 1703828443}]->(n1);
OPTIONAL MATCH p0=() WHERE NULL MERGE (n0 :L3{id:6})-[r0 :T2{id:7}]-(n1{id:8}) CREATE p1=(n2{id:9})-[ :T2{id:10}]->(n3{k18:toBooleanList(NULL)[toIntegerOrNull(abs((n0.k20)))], id:11}) RETURN n0 AS a0;
OPTIONAL MATCH p0 = ()-[*0..0]-( ) WHERE NULL OPTIONAL MATCH ()-[:TYPE]-() MERGE ( n0 : L3 { id : 6 } ) - [ r0 : T2 { id : CASE WHEN FALSE THEN NULL ELSE 7 END } ] - ( n1 { id : 8 } ) WITH * CREATE p1 = ( n2 { id : 9 } ) - [ : T2 { id : 10 } ] - > ( n3 { k18 : toBooleanList ( CASE WHEN TRUE THEN NULL END ) [ toIntegerOrNull ( abs ( ( n0 . k20 ) ) ) ] , id : 11 } ) RETURN n0 AS a0 ;
MATCH (a) RETURN count(a);
MATCH (b)-[a]->(c) RETURN count(a);
MATCH (b)-[a]->(c) RETURN count(a);
OPTIONAL MATCH p0=(n0) MERGE ({k12:reverse(reverse('N0')), id:12})<-[r0 :T2{id:13}]-({id:14}) MERGE p1=( :L2{k14:(-1238660853 < 745882193), id:15}) RETURN 1 AS a0, n0 AS a1 UNION CREATE (n0{id:16})<-[r0 :T2{id:17}]-(n1 :L0{k3:reverse(reverse(('WhToeiaE'+'qbZe4wl40'))), id:18}) CREATE ({id:19})<-[ :T2{k42:NULL, id:20}]-(n2{k2:NULL, id:21}), ( :L2{k15:2095154358, id:22}) MERGE (n3{id:23})<-[r1 :T2{k44:(1351665481+-1619914060), id:24}]-({id:25}) RETURN DISTINCT 1 AS a0, n3 AS a1;
OPTIONAL MATCH p0 = ( n0 ) MERGE ( { k12 : reverse ( reverse ( 'N0' ) ) , id : 12 } ) < - [ r0 : T2 { id : 13 } ] - ( { id : 14 } ) MERGE p1 = ( : L2 { k14 : ( -1238660853 < 745882193 ) , id : 15 } ) WITH * UNWIND [NULL] as l0 RETURN 1 AS a0 , n0 AS a1 UNION CREATE ( n0 { id : 16 } ) < - [ r0 : T2 { id : 17 } ] - ( n1 : L0 { k3 : CASE WHEN FALSE THEN NULL ELSE reverse ( reverse ( ( 'WhToeiaE' + 'qbZe4wl40' ) ) ) END , id : 18 } ) WITH * UNWIND 1 as l1 CREATE ( { id : 19 } ) < - [ : T2 { k42 : NULL , id : 20 } ] - ( n2 { k2 : NULL , id : CASE WHEN TRUE THEN 21 END } ) CREATE ( : L2 { k15 : 2095154358 , id : 22 } ) MERGE pp0=( n3 { id : 23 } ) < - [ r1 : T2 { k44 : CASE WHEN FALSE THEN NULL ELSE ( 1351665481 + -1619914060 ) END , id : 24 } ] - ( { id : 25 } ) WITH * UNWIND [NULL] as l2 RETURN DISTINCT 1 AS a0 , n3 AS a1 LIMIT 1 ;
MATCH (a) RETURN count(a);
MATCH (a) RETURN count(a);
MATCH (b)-[a]->(c) RETURN count(a);
MATCH (b)-[a]->(c) RETURN count(a);
WITH -1492943942 AS a0 UNWIND [false, NULL] AS a1 MERGE p0=(n0 :L0{id:26})<-[r0 :T3{k50:false, id:27}]-({id:28}) RETURN r0 AS a2, 1 AS a3;
WITH -1492943942 AS a0 UNWIND CASE WHEN TRUE THEN [ false , CASE WHEN FALSE THEN NULL ELSE NULL END ] END AS a1 UNWIND [1] as l0 MERGE p0 = ( n0 : L0 { id : 26 } ) < - [ r0 : T3 { k50 : false , id : CASE WHEN FALSE THEN NULL ELSE 27 END } ] - ( { id : 28 } ) WITH * OPTIONAL MATCH ()-[:TYPE]-() RETURN r0 AS a2 , CASE WHEN FALSE THEN NULL ELSE 1 END AS a3 ;
