-- Time: 2024/04/11 13:20:13
-- Database: janusgraph_database86
-- Database version: composite
-- seed value: 1712812406567
CREATE (n0 {id : 0});
CREATE (n0 {id : 1});
CREATE (n0 :L4{k28 : -1413912572, k27 : true, k29 : false, id : 2, k26 : false, k25 : -1992166232});
CREATE (n0 :L6{k38 : 1653453278, k41 : false, id : 3, k37 : 'V'});
MATCH (n0 {id : 1}), (n1 {id : 2}) MERGE(n0)-[r :T4{k64 : -672315173, k66 : 'P', id : 4, k68 : false, k67 : '5'}]->(n1);
MATCH (n0 {id : 1}), (n1 {id : 0}) MERGE(n0)-[r :T4{k64 : -140874691, k66 : 'I', id : 5, k65 : -1178797659, k68 : false, k67 : 'EA9PvV5'}]->(n1);
MATCH (n0 {id : 2}), (n1 {id : 0}) MERGE(n0)-[r :T0{k42 : false, k44 : -727708775, id : 6, k43 : false, k46 : -725796274, k45 : true}]->(n1);
MATCH (n0 {id : 3}), (n1 {id : 2}) MERGE(n0)-[r :T5{k73 : true, k72 : -848290128, id : 7, k69 : 'dN'}]->(n1);
MATCH (n0 {id : 2}), (n1 {id : 1}) MERGE(n0)-[r :T3{k60 : 'h', k62 : 1557468864, k61 : 'F', k63 : 735555987, id : 8, k59 : 'V'}]->(n1);
MERGE (n0 :L4{id:9})-[r0 :T0{id:10}]->({id:11}) DETACH DELETE n0  MERGE (n1{id:12})-[ :T0{id:13}]-({id:14})-[r1 :T4{k67:'Y', id:15}]-({id:16}) RETURN 1 AS a2, n1 AS a3 ORDER BY [(r1.k67)], a2;
MERGE ( n0 : L4 { id : 9 } ) - [ r0 : T0 { id : 10 } ] - > ( { id : CASE WHEN FALSE THEN NULL ELSE 11 END } ) WITH * OPTIONAL MATCH ()-[:TYPE]-() DETACH DELETE n0 MERGE ( n1 { id : 12 } ) - [ : T0 { id : 13 } ] - ( { id : 14 } ) - [ r1 : T4 { k67 : 'Y' , id : 15 } ] - ( { id : CASE WHEN FALSE THEN NULL ELSE 16 END } ) RETURN CASE WHEN TRUE THEN 1 END AS a2 , n1 AS a3 ORDER BY [(r1.k67)], a2 ;
MATCH (a) RETURN count(a);
MATCH (b)-[a]->(c) RETURN count(a);
MATCH (b)-[a]->(c) RETURN count(a);
MATCH (), (n0) WHERE NULL SET n0.k=true REMOVE n0.k2 RETURN n0 AS a0, n0 AS a1;
MATCH ( ) ,( n0 ) WITH * WHERE NULL UNWIND 1 as l0 SET n0 . k = true WITH * UNWIND 1 as l1 REMOVE n0 . k2 RETURN DISTINCT n0 AS a0 , n0 AS a1 ;
