-- Time: 2024/04/11 13:24:43
-- Database: janusgraph_database147
-- Database version: composite
-- seed value: 1712812406629
CREATE (n0 :L2{k16 : 'H', k11 : false, id : 0, k13 : false, k12 : 1588534096, k15 : false, k14 : 'p4gFn'});
CREATE (n0 :L4{k28 : 477869859, k27 : true, id : 1, k24 : true, k23 : false, k26 : true, k25 : 'C'});
CREATE (n0 :L1{id : 2, k6 : 37150286, k10 : '5', k7 : false, k8 : false, k9 : -62165323});
CREATE (n0 {id : 3});
MATCH (n0 {id : 0}), (n1 {id : 2}) MERGE(n0)-[r :T3{k60 : -1327833735, k61 : 1878311756, k55 : true, id : 4, k57 : true, k56 : 'a', k58 : -553707791}]->(n1);
MATCH (n0 {id : 0}), (n1 {id : 1}) MERGE(n0)-[r :T6{k73 : 542280164, k72 : false, k74 : 'z', id : 5, k76 : true}]->(n1);
MATCH (n0 {id : 0}), (n1 {id : 1}) MERGE(n0)-[r :T3{k60 : 1367266167, k61 : 1878311756, k55 : false, id : 6, k57 : true, k56 : 'scp0Y', k59 : '0uKvK', k58 : -713895178}]->(n1);
MATCH (n0 {id : 0}), (n1 {id : 1}) MERGE(n0)-[r :T0{k39 : -1578865340, k40 : '2j', id : 7, k35 : 'g2', k34 : true, k37 : 'IjY', k36 : false}]->(n1);
MATCH (n0 {id : 1}), (n1 {id : 2}) MERGE(n0)-[r :T5{k71 : false, k70 : 'Aud', id : 8, k68 : false, k67 : 'VyN', k69 : 1237247530}]->(n1);
OPTIONAL MATCH (n0)-[ :T5{k68:(NULL >= [x IN [NULL, NULL]])}]->(n1)<-[r0]-() OPTIONAL MATCH (n2) CREATE p0=(n3{id:9}) RETURN n1 AS a0, n0 AS a1 UNION MATCH ({k13:NULL})-[r0 :T3{k58:round(length(NULL))}]->() WHERE CASE WHEN (-558199346 < ((r0.k58)-1443998454)) THEN true END OPTIONAL MATCH (n0 :L1{k9:(r0.k61)})-[r0]-(n1) CREATE ({k15:(r0.k57), id:10})-[r1 :T3{id:11}]->({id:12}) RETURN DISTINCT 1 AS a0, (n0.k8) AS a1;
OPTIONAL MATCH ( n0 ) - [ : T5 { k68 : ( NULL >= [ x IN [ NULL , NULL ] ] ) } ] - > ( n1 ) < - [ r0 ] - ( ) OPTIONAL MATCH ()-[:TYPE]-() OPTIONAL MATCH (n2)-[*0..0]-( n2 ) WITH * CREATE p0 = ( n3 { id : 9 } ) RETURN n1 AS a0 , n0 AS a1 UNION MATCH ( { k13 : NULL } ) - [ r0 : T3 { k58 : round ( CASE WHEN FALSE THEN NULL ELSE length ( NULL ) END ) } ] - > ( ) WHERE CASE WHEN ( -558199346 < ( ( r0 . k58 ) -1443998454 ) ) THEN CASE WHEN TRUE THEN true END END WITH * OPTIONAL MATCH (n0:L1),()<-[r0]-(),(n1) WHERE exists((n0{k9:(r0.k61)})-[r0]-(n1)) UNWIND 1 as l0 CREATE ( { k15 : ( r0 . k57 ) , id : 10 } ) - [ r1 : T3 { id : 11 } ] - > ( { id : 12 } ) RETURN DISTINCT CASE WHEN TRUE THEN 1 END AS a0 , ( CASE WHEN TRUE THEN n0 . k8 END ) AS a1 ;
MATCH (a) RETURN count(a);
MATCH (b)-[a]->(c) RETURN count(a);
MATCH (b)-[a]->(c) RETURN count(a);
MERGE (n0{id:13}) REMOVE n0.k2 REMOVE n0.k2 RETURN n0 AS a0;
MERGE ( n0 { id : 13 } ) REMOVE n0 . k2 WITH * UNWIND [1] as l0 REMOVE n0 . k2 RETURN DISTINCT n0 AS a0 ;
