-- Time: 2024/04/11 14:07:19
-- Database: janusgraph_database723
-- Database version: composite
-- seed value: 1712812407247
CREATE (n0 {id : 0});
CREATE (n0 :L6{k40 : 'cqz', k42 : -1525399132, k41 : -163446232, k44 : 'sNl', id : 1, k43 : 'gB1', k46 : -1521309538, k45 : true});
CREATE (n0 {id : 2});
CREATE (n0 :L5{k39 : false, k38 : 'jY', k33 : true, id : 3, k35 : 'J', k34 : -1571344667, k37 : 'o3bW', k36 : 'GU81Mf1b'});
MATCH (n0 {id : 3}), (n1 {id : 3}) MERGE(n0)-[r :T2{k60 : -1025743955, k62 : 'N', k61 : true, id : 4, k59 : 'O5orJOpp7', k58 : true}]->(n1);
MATCH (n0 {id : 3}), (n1 {id : 0}) MERGE(n0)-[r :T6{k84 : 892470546, k83 : 'D21', k86 : 'oU', k85 : true, k88 : true, id : 5, k87 : false, k89 : 1541260681}]->(n1);
MATCH (n0 {id : 3}), (n1 {id : 3}) MERGE(n0)-[r :T3{k63 : true, k66 : true, id : 6, k65 : 990754542, k67 : 'b', k69 : -1947012842}]->(n1);
MATCH (n0 {id : 3}), (n1 {id : 2}) MERGE(n0)-[r :T4{k71 : false, k70 : false, k73 : 'WF5', k72 : true, k75 : 1514342864, id : 7}]->(n1);
WITH * LIMIT 0 CREATE (n0 :L5{k39:NULL, id:8}) CREATE (n1{id:9}), p0=(n2{k38:'85XV', id:10})-[r0 :T4{k73:NULL, id:11}]->(n3{id:12}) RETURN ('fKBVlM' STARTS WITH NULL) AS a0, 1 AS a1;
WITH * LIMIT 0 CREATE ( n0 : L5 { k39 : NULL , id : 8 } ) WITH * OPTIONAL MATCH ()-[:TYPE]-() CREATE ( n1 { id : 9 } ) CREATE p0 = ( n2 { k38 : '85XV' , id : 10 } ) - [ r0 : T4 { k73 : NULL , id : 11 } ] - > ( n3 { id : 12 } ) WITH * OPTIONAL MATCH ()-[:TYPE]-() RETURN DISTINCT ( 'fKBVlM' STARTS WITH NULL ) AS a0 , 1 AS a1 ;
MATCH (a) RETURN count(a);
MATCH (b)-[a]->(c) RETURN count(a);
MATCH (b)-[a]->(c) RETURN count(a);
MATCH p0=(n0) MATCH (n1)-[r0]->(n2), p1=(n1)-[r0]->(n1) REMOVE n1.k2 RETURN 1 AS a0;
MATCH p0=(n0) MATCH ( n1 ) - [ r0 ] - > ( n2 ) ,p1 = ( n1 ) - [ r0 ] - > ( n1 ) REMOVE n1 . k2 RETURN CASE WHEN FALSE THEN NULL ELSE 1 END AS a0 LIMIT 1 ;
MATCH (a) RETURN count(a);
MATCH (a) RETURN count(a);
MATCH (b)-[a]->(c) RETURN count(a);
MATCH (b)-[a]->(c) RETURN count(a);
CREATE ({k38:toStringList(NULL)[toIntegerOrNull(abs(-1344601184))], id:13})-[r0 :T3{id:14}]->(n2 :L5{id:15}), (n3{k38:toStringList([NULL, NULL])[toIntegerOrNull(abs(NULL))], id:16}) MERGE (n4 :L5{id:17})-[ :T3{id:18}]-({k37:'6G', id:19})-[r1 :T4{id:20}]->(n5{id:21}) MERGE (n6{k35:'bjZG0g', id:22})-[ :T3{k65:-772271646, id:23}]->(n7{k33:false, id:24})-[ :T4{id:25}]-({id:26}) RETURN 1 AS a0, 1 AS a1;
CREATE (m0{ k38 : toStringList ( NULL ) [ toIntegerOrNull ( abs ( -1344601184 ) ) ] , id : CASE WHEN FALSE THEN NULL ELSE 13 END } )CREATE (m0)- [ r0 : T3 { id : 14 } ] - > ( n2 : L5 { id : 15 } ) CREATE ( n3 { k38 : toStringList ( [ NULL , NULL ] ) [ toIntegerOrNull ( abs ( NULL ) ) ] , id : 16 } ) MERGE ( n4 : L5 { id : 17 } ) - [ : T3 { id : 18 } ] - ( { k37 : '6G' , id : 19 } ) - [ r1 : T4 { id : 20 } ] - > ( n5 { id : CASE WHEN TRUE THEN 21 END } ) MERGE pp0=( n6 { k35 : CASE WHEN FALSE THEN NULL ELSE 'bjZG0g' END , id : 22 } ) - [ : T3 { k65 : -772271646 , id : 23 } ] - > ( n7 { k33 : false , id : 24 } ) - [ : T4 { id : 25 } ] - ( { id : 26 } ) WITH * UNWIND 1 as l0 RETURN 1 AS a0 , 1 AS a1 ;
MATCH (a) RETURN count(a);
MATCH (a) RETURN count(a);
MATCH (b)-[a]->(c) RETURN count(a);
MATCH (b)-[a]->(c) RETURN count(a);
WITH DISTINCT * WHERE NULL MERGE (n0 :L5{k35:'o', id:27})-[r0 :T4{id:28}]->({id:29}) SET n0.k=-1383249430 RETURN (n0.k36) AS a0 UNION WITH *, false AS a1 WHERE true MERGE ({id:30}) CREATE p0=({k46:NULL, id:31}) RETURN 1 AS a0;
WITH DISTINCT * WHERE CASE WHEN FALSE THEN NULL ELSE NULL END MERGE ( n0 : L5 { k35 : 'o' , id : 27 } ) - [ r0 : T4 { id : 28 } ] - > ( { id : 29 } ) WITH * OPTIONAL MATCH ()-[:TYPE]-() SET n0 . k = CASE WHEN FALSE THEN NULL ELSE -1383249430 END WITH * OPTIONAL MATCH ()-[:TYPE]-() RETURN DISTINCT ( n0 . k36 ) AS a0 UNION WITH * , false AS a1 WHERE true MERGE ( { id : 30 } ) WITH * CREATE p0 = ( { k46 : NULL , id : 31 } ) WITH * OPTIONAL MATCH ()-[:TYPE]-() RETURN 1 AS a0 ORDER BY NULL ;
