-- Time: 2024/04/11 14:10:43
-- Database: janusgraph_database769
-- Database version: composite
-- seed value: 1712812407293
CREATE (n0 :L4{k28 : 501133305, k29 : -368051689, k31 : 'G', k30 : 'sS8jj0Y', id : 0, k32 : 691336168});
CREATE (n0 :L5{k38 : '4', k33 : 549663296, id : 1, k35 : '0', k34 : 'Yp', k37 : true, k36 : false});
CREATE (n0 {id : 2});
CREATE (n0 {id : 3});
MATCH (n0 {id : 0}), (n1 {id : 2}) MERGE(n0)-[r :T4{k62 : true, k61 : 'pad', k64 : '1GBMZmvu', k63 : 171201595, k66 : true, id : 4, k65 : false}]->(n1);
MATCH (n0 {id : 0}), (n1 {id : 1}) MERGE(n0)-[r :T3{k60 : false, id : 5, k57 : 'xb', k56 : 1594777305, k59 : true, k58 : 693137087}]->(n1);
MATCH (n0 {id : 2}), (n1 {id : 1}) MERGE(n0)-[r :T0{k39 : false, k40 : false, k42 : 1502088425, k41 : '2scir', k44 : -1769637336, id : 6, k43 : true, k45 : 'PBLshBpL'}]->(n1);
MATCH (n0 {id : 3}), (n1 {id : 3}) MERGE(n0)-[r :T3{k60 : true, id : 7, k57 : 'x', k56 : 1296298294, k59 : true, k58 : -1941323546}]->(n1);
MATCH (n0 {id : 2}), (n1 {id : 1}) MERGE(n0)-[r :T2{k51 : 'C', k53 : 577271547, k55 : '5jAC', id : 8, k54 : 'V'}]->(n1);
WITH * SKIP 1 MATCH (n0 :L4), ()-[r0]-(n1) CREATE ({id:9})-[ :T4{id:10}]->({id:11})-[r1 :T0{id:12}]->({k33:1901915060, id:13}) RETURN 1 AS a0, 1 AS a1;
WITH * SKIP 1 UNWIND [1] as l0 MATCH (n0)-[*0..0]-( n0 : L4 ) ,()-[*0..0]-( ) - [ r0 ] - ( n1 ) CREATE (m0{ id : 9 } )CREATE (m0)- [ : T4 { id : CASE WHEN FALSE THEN NULL ELSE 10 END } ] - > ( { id : 11 } ) - [ r1 : T0 { id : 12 } ] - > ( { k33 : 1901915060 , id : 13 } ) RETURN CASE WHEN TRUE THEN 1 END AS a0 , 1 AS a1 ;
MATCH (a) RETURN count(a);
MATCH (b)-[a]->(c) RETURN count(a);
MATCH (b)-[a]->(c) RETURN count(a);
OPTIONAL MATCH (n0), ({k36:isEmpty(NULL)})<-[ :T3{k57:NULL}]-(n1) DETACH DELETE n0  CREATE p0=(n2 :L5{k36:false, id:14})<-[r0 :T3{k58:NULL, id:15}]-({id:16})-[r1 :T4{id:17}]->({id:18}) RETURN *, false AS a0 ORDER BY NULL, a0;
OPTIONAL MATCH ( n0 ) ,( { k36 : isEmpty ( NULL ) } ) < - [ : T3 { k57 : NULL } ] - ( n1 ) WHERE TRUE UNWIND 1 as l0 DETACH DELETE n0 CREATE (n2: L5 { k36 : false , id : 14 } )CREATE (n2)< - [ r0 : T3 { k58 : NULL , id : 15 } ] - ( { id : 16 } ) - [ r1 : T4 { id : 17 } ] - > ( { id : 18 } ) RETURN * , false AS a0 ORDER BY NULL, a0 DESC SKIP 1 ;
MATCH (a) RETURN count(a);
MATCH (a) RETURN count(a);
MATCH (b)-[a]->(c) RETURN count(a);
MATCH (b)-[a]->(c) RETURN count(a);
OPTIONAL MATCH p0=( :L5{k36:NULL})<-[r0]-(), (n0)-[]->(n1)-[ :T0{k39:true}]-(n2 :L5) CREATE ({id:19})-[ :T0{id:20}]->(n3{id:21}) REMOVE n2.k2 RETURN relationships(p0)[toIntegerOrNull(abs((n2.k33)))] AS a0, (n2.k33) AS a1;
OPTIONAL MATCH p0 = ( : L5 { k36 : NULL } ) < - [ r0 ] - ( ) ,( n0 ) - [ ] - > ( n1 ) - [ : T0 { k39 : true } ] - ( n2 : L5 ) OPTIONAL MATCH ()-[:TYPE]-() CREATE (m0{ id : 19 } )CREATE (m0)- [ : T0 { id : 20 } ] - > ( n3 { id : 21 } ) REMOVE n2 . k2 RETURN relationships ( p0 ) [ toIntegerOrNull ( abs ( ( n2 . k33 ) ) ) ] AS a0 , ( n2 . k33 ) AS a1 ;
MATCH (a) RETURN count(a);
MATCH (a) RETURN count(a);
MATCH (b)-[a]->(c) RETURN count(a);
MATCH (b)-[a]->(c) RETURN count(a);
MERGE ({id:22})<-[r0 :T2{id:23}]-({id:24}) DETACH DELETE r0  MERGE ({id:25})<-[ :T2{k51:'g', id:26}]-(n0{id:27}) RETURN *, n0 AS a0;
MERGE ( { id : 22 } ) < - [ r0 : T2 { id : 23 } ] - ( { id : 24 } ) WITH * DETACH DELETE r0 WITH * OPTIONAL MATCH ()-[:TYPE]-() MERGE ( { id : 25 } ) < - [ : T2 { k51 : 'g' , id : 26 } ] - ( n0 { id : 27 } ) RETURN * , n0 AS a0 ORDER BY TRUE DESC ;
MATCH (a) RETURN count(a);
MATCH (a) RETURN count(a);
MATCH (b)-[a]->(c) RETURN count(a);
MATCH (b)-[a]->(c) RETURN count(a);
OPTIONAL MATCH p0=(n0)-[*0..1]->() WHERE NULL CREATE (n1{id:28})-[ :T4{k65:NULL, id:29}]->(n2{id:30}), (n3{id:31})<-[ :T4{id:32}]-( :L4{id:33}) DETACH DELETE p0  RETURN 1 AS a0;
OPTIONAL MATCH p0 = ( n0 ) - [ * 0 .. 1 ] - > ( ) WHERE NULL CREATE ( n1 { id : 28 } ) - [ : T4 { k65 : CASE WHEN TRUE THEN NULL END , id : CASE WHEN FALSE THEN NULL ELSE 29 END } ] - > ( n2 { id : 30 } ) CREATE ( n3 { id : 31 } ) < - [ : T4 { id : 32 } ] - ( : L4 { id : CASE WHEN TRUE THEN 33 END } ) DETACH DELETE p0 RETURN 1 AS a0 ;
