-- Time: 2024/04/11 13:50:41
-- Database: janusgraph_database498
-- Database version: composite
-- seed value: 1712812407022
CREATE (n0 :L4{k28 : 1959823726, k27 : -1884223733, k29 : true, k30 : -1746301252, id : 0, k26 : true});
CREATE (n0 :L2{k17 : true, k16 : false, k18 : 'g', id : 1, k15 : 1223397545});
CREATE (n0 :L1{k11 : -919386589, id : 2, k10 : false, k7 : true, k13 : true, k8 : '9', k12 : 1291033583, k9 : false});
CREATE (n0 :L0{k0 : false, k1 : true, k2 : 155658913, k3 : 366425621, k4 : false, k5 : 1660150835, id : 3, k6 : 'YJbIFxcp'});
MATCH (n0 {id : 1}), (n1 {id : 3}) MERGE(n0)-[r :T5{k62 : '8O3Po5u', k61 : -424964055, k64 : true, k63 : 'Fkb8T8R', k66 : '2CJZ', id : 4, k65 : true, k67 : -560133212}]->(n1);
MATCH (n0 {id : 0}), (n1 {id : 3}) MERGE(n0)-[r :T1{k39 : 'w', k38 : 'b9rN9FB6', k40 : 1136889742, k42 : false, k41 : true, id : 5}]->(n1);
MATCH (n0 {id : 2}), (n1 {id : 2}) MERGE(n0)-[r :T5{k62 : 'N', k61 : -246001695, k64 : true, k63 : 'G1', k66 : '9WVIE', id : 6, k65 : true, k67 : -470343292}]->(n1);
MATCH (n0 {id : 2}), (n1 {id : 2}) MERGE(n0)-[r :T0{k33 : 2084376684, id : 7, k32 : -1333346356, k35 : true, k34 : false, k37 : 'l', k36 : '6'}]->(n1);
MERGE ({k13:('kD1x' <> 'y'), id:8})-[r0 :T5{id:9}]-(n0 :L1{id:10})-[r1 :T0{id:11}]->(n1{id:12}) SET n1.k=('Rs' <> 'y') DETACH DELETE n1  RETURN DISTINCT n0 AS a0;
MERGE ( { k13 : ( CASE WHEN TRUE THEN ('kD1x' +'') <> 'y' END ) , id : 8 } ) - [ r0 : T5 { id : 9 } ] - ( n0 : L1 { id : 10 } ) - [ r1 : T0 { id : CASE WHEN TRUE THEN 11 END } ] - > ( n1 { id : 12 } ) WITH * UNWIND [NULL] as l0 FOREACH(f in [1]|SET n1 . k = ( 'Rs' <> 'y' ) ) DETACH DELETE n1 WITH * UNWIND 1 as l1 RETURN DISTINCT n0 AS a0 ;
MATCH (a) RETURN count(a);
MATCH (b)-[a]->(c) RETURN count(a);
MATCH (b)-[a]->(c) RETURN count(a);
MERGE (n0 :L1{id:13})-[r0 :T5{id:14}]->( :L1{id:15})-[r1 :T0{k34:false, id:16}]->({id:17}) MERGE p0=(n1{id:18})-[r2 :T5{id:19}]-(n2{k7:(false OR (true OR true)), id:20})-[r3 :T0{k37:'dP', id:21}]-( :L1{id:22}) CREATE ({id:23}) RETURN DISTINCT 1 AS a0, 1 AS a1;
MERGE ( n0 : L1 { id : 13 } ) - [ r0 : T5 { id : 14 } ] - > ( : L1 { id : 15 } ) - [ r1 : T0 { k34 : CASE WHEN FALSE THEN NULL ELSE false END , id : 16 } ] - > ( { id : CASE WHEN TRUE THEN 17 END } ) MERGE p0 = ( n1 { id : 18 } ) - [ r2 : T5 { id : 19 } ] - ( n2 { k7 : ( false OR ( true OR true ) ) , id : 20 } ) - [ r3 : T0 { k37 : 'dP' , id : 21 } ] - ( : L1 { id : 22 } ) CREATE ( { id : 23 } ) RETURN DISTINCT 1 AS a0 , 1 AS a1 ;
MATCH (a) RETURN count(a);
MATCH (a) RETURN count(a);
MATCH (b)-[a]->(c) RETURN count(a);
MATCH (b)-[a]->(c) RETURN count(a);
UNWIND [(n0)-[]->(n1) WHERE NULL|false] AS a0 CREATE (n2{k1:true, id:24}) MERGE p0=(n3{id:25}) RETURN p0 AS a1;
UNWIND [ ( n0 ) - [ ] - > ( n1 ) WHERE NULL | false ] AS a0 CREATE ( n2 { k1 : true , id : 24 } ) MERGE p0 = ( n3 { id : 25 } ) WITH * RETURN p0 AS a1 ORDER BY 1 DESC ;
MATCH (a) RETURN count(a);
MATCH (a) RETURN count(a);
MATCH (b)-[a]->(c) RETURN count(a);
MATCH (b)-[a]->(c) RETURN count(a);
MERGE (n0 :L1{id:26})-[r0 :T0{id:27}]->( :L1{id:28}) MERGE (n1{id:29}) SET n0.k=(n0.k8) RETURN (r0.k32) AS a0, n1 AS a1;
MERGE ( n0 : L1 { id : 26 } ) - [ r0 : T0 { id : 27 } ] - > ( : L1 { id : 28 } ) MERGE ( n1 { id : 29 } ) WITH * OPTIONAL MATCH ()-[:TYPE]-() SET n0 . k = CASE WHEN TRUE THEN ( n0 . k8 ) END RETURN ( r0 . k32 ) AS a0 , n1 AS a1 ;
