-- Time: 2024/04/11 14:04:08
-- Database: janusgraph_database680
-- Database version: composite
-- seed value: 1712812407204
CREATE (n0 :L5{k33 : true, id : 0, k32 : false, k35 : 'sak93tG', k34 : -1839579017, k37 : '65vF', k36 : 'A'});
CREATE (n0 :L5{k33 : false, id : 1, k32 : false, k35 : 't', k34 : -1839579017, k37 : '5', k36 : 'Q3EL'});
CREATE (n0 :L5{k33 : true, id : 2, k32 : false, k35 : 'K7c', k34 : 394609138, k37 : 'kG', k36 : 'YRAcrD'});
CREATE (n0 :L5{k33 : false, id : 3, k32 : false, k35 : '2ornY', k34 : 1307657624, k37 : '5', k36 : 'au0'});
MATCH (n0 {id : 1}), (n1 {id : 1}) MERGE(n0)-[r :T0{k39 : false, k40 : 'j', k42 : 'd', k41 : 'P', k44 : '0', id : 4, k43 : 2090059712}]->(n1);
MATCH (n0 {id : 2}), (n1 {id : 1}) MERGE(n0)-[r :T1{k49 : 'T', k50 : 'z', id : 5, k46 : -154119073, k45 : 'iyi6CtGw', k48 : 's4S', k47 : -2019740663}]->(n1);
MATCH (n0 {id : 0}), (n1 {id : 1}) MERGE(n0)-[r :T4{k64 : false, k63 : 'u', k66 : 4419078, id : 6, k68 : 'SQM', k67 : -2097947526}]->(n1);
MATCH (n0 {id : 2}), (n1 {id : 1}) MERGE(n0)-[r :T4{k64 : true, k63 : 'V', k66 : -779721839, id : 7, k65 : -82723481, k68 : 'Cn', k67 : 79588327, k69 : false}]->(n1);
MATCH (n0 {id : 0}), (n1 {id : 2}) MERGE(n0)-[r :T5{k71 : -887440191, k70 : true, k73 : 'I', k72 : 'k', k74 : 'D', id : 8}]->(n1);
MATCH (n0 {id : 0}), (n1 {id : 3}) MERGE(n0)-[r :T4{k64 : false, k66 : 999902509, id : 9, k67 : 1951495931, k69 : true}]->(n1);
UNWIND NULL AS a0 MERGE (n0 :L5{k32:false, id:10})-[r0 :T0{id:11}]->({k35:'ZRREicx0', id:12})-[r1 :T4{k65:1532610198, id:13}]-({id:14}) DETACH DELETE n0  RETURN 1 AS a1 UNION ALL WITH true AS a0 MATCH ()-[r0]-(n0), ()<-[r1]-()-[]->(n1 :L5) REMOVE n1.k2 RETURN NULL AS a1;
UNWIND NULL AS a0 MERGE ( n0 : L5 { k32 : CASE WHEN FALSE THEN NULL ELSE false END , id : 10 } ) - [ r0 : T0 { id : 11 } ] - > ( { k35 : 'ZRREicx0' , id : 12 } ) - [ r1 : T4 { k65 : 1532610198 , id : 13 } ] - ( { id : 14 } ) DETACH DELETE CASE WHEN TRUE THEN n0 END RETURN 1 AS a1 UNION ALL WITH true AS a0 MATCH ( ) - [ r0 ] - ( n0 ) ,( ) < - [ r1 ] - ( ) - [ ] - > ( n1 : L5 ) WHERE TRUE WITH * CALL{WITH *REMOVE n1 . k2 } RETURN NULL AS a1 ORDER BY NULL ;
MATCH (a) RETURN count(a);
MATCH (b)-[a]->(c) RETURN count(a);
MATCH (b)-[a]->(c) RETURN count(a);
CREATE (n3{k35:'HWY', id:15}), (n4{id:16})<-[r2 :T4{id:17}]-(n5 :L5{id:18}) CREATE (n6{k33:true, id:19}) MERGE (n7{id:20})-[ :T4{k65:-297922083, id:21}]-(n8{k32:false, id:22}) RETURN 1 AS a0;
CREATE ( n3 { k35 : 'HWY' , id : CASE WHEN FALSE THEN NULL ELSE 15 END } ) CREATE ( n4 { id : 16 } ) < - [ r2 : T4 { id : 17 } ] - ( n5 : L5 { id : 18 } ) WITH * OPTIONAL MATCH ()-[:TYPE]-() CREATE ( n6 { k33 : true , id : 19 } ) WITH * MERGE ( n7 { id : 20 } ) - [ : T4 { k65 : -297922083 , id : CASE WHEN TRUE THEN 21 END } ] - ( n8 { k32 : CASE WHEN FALSE THEN NULL ELSE false END , id : 22 } ) RETURN 1 AS a0 LIMIT 1 ;
MATCH (a) RETURN count(a);
MATCH (a) RETURN count(a);
MATCH (b)-[a]->(c) RETURN count(a);
MATCH (b)-[a]->(c) RETURN count(a);
OPTIONAL MATCH (n0)-[]-(n1) WHERE NULL SET n1.k=NULL REMOVE n1.k2 RETURN startNode(relationships(NULL)[toIntegerOrNull(abs(1573774080))]) AS a0, 1 AS a1;
OPTIONAL MATCH ( n0 ) - [ ] - ( n1 ) WHERE NULL SET n1 . k = NULL WITH * OPTIONAL MATCH ()-[:TYPE]-() REMOVE n1 . k2 RETURN CASE WHEN FALSE THEN NULL ELSE startNode ( relationships ( NULL ) [ toIntegerOrNull ( abs ( 1573774080 ) ) ] ) END AS a0 , 1 AS a1 ;
MATCH (a) RETURN count(a);
MATCH (a) RETURN count(a);
MATCH (b)-[a]->(c) RETURN count(a);
MATCH (b)-[a]->(c) RETURN count(a);
UNWIND NULL AS a1 MERGE (n2 :L5{id:23})-[r2 :T4{id:24}]-( :L5{id:25}) MERGE (n3{k33:isEmpty('j'), id:26})-[r4 :T4{id:27}]-(n6{id:28}) RETURN (r4.k69) AS a2 ORDER BY -731166265, a2;
UNWIND NULL AS a1 MERGE ( n2 : L5 { id : 23 } ) - [ r2 : T4 { id : 24 } ] - ( : L5 { id : 25 } ) MERGE ( n3 { k33 : isEmpty ( 'j' ) , id : CASE WHEN FALSE THEN NULL ELSE 26 END } ) - [ r4 : T4 { id : 27 } ] - ( n6 { id : 28 } ) WITH * UNWIND 1 as l0 RETURN CASE WHEN FALSE THEN NULL ELSE ( r4 . k69 ) END AS a2 ORDER BY -731166265, a2 DESC ;
MATCH (a) RETURN count(a);
MATCH (a) RETURN count(a);
MATCH (b)-[a]->(c) RETURN count(a);
MATCH (b)-[a]->(c) RETURN count(a);
WITH NULL AS a0 ORDER BY relationships(NULL)[toIntegerOrNull(abs(NULL))], a0 MATCH (n0)-[]-(n1 :L5)-[r0]-(), (n2) MERGE ({k36:'CXZ', id:29})-[ :T0{id:30}]-({id:31})-[ :T4{id:32}]-(n3{id:33}) RETURN 1 AS a1, 1 AS a2;
WITH CASE WHEN TRUE THEN NULL END AS a0 ORDER BY relationships ( NULL ) [ toIntegerOrNull ( abs ( NULL ) ) ] , a0 WITH * MATCH ( n0 ) - [ ] - ( n1 : L5 ) - [ r0 ] - ( ) ,( n2 ) OPTIONAL MATCH ()-[:TYPE]-() MERGE ( { k36 : 'CXZ' , id : 29 } ) - [ : T0 { id : 30 } ] - ( { id : 31 } ) - [ : T4 { id : 32 } ] - ( n3 { id : 33 } ) RETURN 1 AS a1 , CASE WHEN FALSE THEN NULL ELSE 1 END AS a2 ;
MATCH (a) RETURN count(a);
MATCH (a) RETURN count(a);
MATCH (b)-[a]->(c) RETURN count(a);
MATCH (b)-[a]->(c) RETURN count(a);
WITH 'Z' AS a0 MATCH p0=(n0) CREATE ({id:34}), ({id:35})-[ :T0{id:36}]->( :L5{id:37}) RETURN n0 AS a1;
WITH 'Z' AS a0 WITH * MATCH p0 = ( n0 ) CREATE ( { id : 34 } ) CREATE ( :L5{id:37})<-[ : T0 { id : 36 } ] -( { id : 35 } ) RETURN n0 AS a1 ;
