-- Time: 2024/04/11 13:45:38
-- Database: janusgraph_database430
-- Database version: composite
-- seed value: 1712812406953
CREATE (n0 :L1{k11 : 1946688059, id : 0, k6 : true, k10 : false, k7 : -708700982, k12 : false, k9 : false});
CREATE (n0 {id : 1});
CREATE (n0 :L4{k28 : false, k27 : false, k29 : true, id : 2, k24 : 1994372457, k25 : false});
CREATE (n0 :L5{k31 : 572787244, k30 : 'lxN', k33 : 'jupEDzA', id : 3, k32 : 'y', k35 : '6', k34 : -201948240, k36 : true});
MATCH (n0 {id : 2}), (n1 {id : 3}) MERGE(n0)-[r :T4{k62 : 'nT', k64 : '87PzlSg', k63 : -153116731, k66 : 2032589044, id : 4, k65 : 'Kr3w0e'}]->(n1);
MATCH (n0 {id : 3}), (n1 {id : 0}) MERGE(n0)-[r :T0{k39 : -346581904, k38 : true, k40 : 'N', k42 : 'dFpF', k41 : true, id : 5, k43 : -1354645399, k37 : 't'}]->(n1);
MATCH (n0 {id : 1}), (n1 {id : 2}) MERGE(n0)-[r :T1{k49 : true, k44 : 'aXYnoH7', id : 6, k46 : 'wtRSd5', k45 : false, k48 : 'Ry', k47 : 'J8'}]->(n1);
MATCH (n0 {id : 0}), (n1 {id : 1}) MERGE(n0)-[r :T3{k60 : false, k61 : 'x', id : 7, k56 : -1512814725, k59 : true, k58 : -1840873070}]->(n1);
MATCH (n0)<-[r0]-(), p0=()<-[r1]-() WHERE true CREATE ({k12:false, id:8})<-[r2 :T0{id:9}]-(n1 :L5{id:10}), ( :L1{id:11})<-[ :T0{id:12}]-({k31:1194739482, id:13}) DETACH DELETE p0  RETURN *, n0 AS a0 ORDER BY a0 DESC;
MATCH (n0),()<-[r0]-(),(nn0),p0=()<-[r1]-() WHERE exists((n0)<-[r0]-(nn0)) AND (true )CREATE (n1 :L5{id:10})-[ r2 : T0 { id : 9 } ] ->( { k12 : false , id : 8 } ) CREATE ( : L1 { id : CASE WHEN TRUE THEN 11 END } ) < - [ : T0 { id : 12 } ] - ( { k31 : 1194739482 , id : 13 } ) FOREACH(f in nodes(p0)|DETACH DELETE f) RETURN * , n0 AS a0 ORDER BY a0 DESC ;
MATCH (a) RETURN count(a);
MATCH (b)-[a]->(c) RETURN count(a);
MATCH (b)-[a]->(c) RETURN count(a);
CREATE (n0 :L4{k26:reverse('OXmf8hNel'), id:14}) MERGE (n1{id:15})<-[r0 :T0{k38:false, id:16}]-({id:17}) DETACH DELETE n1  RETURN NULL AS a0, 1 AS a1;
CREATE ( n0 : L4 { k26 : reverse ( ('OXmf8hNel' +'') ) , id : 14 } ) MERGE pp0=( n1 { id : 15 } ) < - [ r0 : T0 { k38 : false , id : 16 } ] - ( { id : 17 } ) WITH * DETACH DELETE n1 WITH * RETURN NULL AS a0 , 1 AS a1 ;
MATCH (a) RETURN count(a);
MATCH (a) RETURN count(a);
MATCH (b)-[a]->(c) RETURN count(a);
MATCH (b)-[a]->(c) RETURN count(a);
CREATE ( :L1{id:18})-[r0 :T3{id:19}]->(n0{id:20}) MERGE (n1{id:21}) REMOVE n1.k2 RETURN n1 AS a0, 1 AS a1 LIMIT 1;
CREATE ( : L1 { id : 18 } ) - [ r0 : T3 { id : 19 } ] - > ( n0 { id : 20 } ) MERGE ( n1 { id : CASE WHEN FALSE THEN NULL ELSE 21 END } ) REMOVE n1 . k2 RETURN DISTINCT n1 AS a0 , 1 AS a1 LIMIT 1 ;
