-- Time: 2024/04/11 14:29:38
-- Database: janusgraph_database1024
-- Database version: composite
-- seed value: 1712812407549
CREATE (n0 :L3{k19 : 633928351, k20 : 'U', k22 : -1630149611, id : 0, k21 : -1915319015, k23 : 'is'});
CREATE (n0 :L1{k5 : true, k11 : 'ambGOS', id : 1, k6 : -1274504658, k10 : -1894919565, k7 : 'MIqlCxI', k8 : false, k9 : -485712589});
CREATE (n0 :L5{k33 : true, id : 2, k34 : true});
CREATE (n0 {id : 3});
MATCH (n0 {id : 3}), (n1 {id : 1}) MERGE(n0)-[r :T1{k42 : 1945313905, k41 : true, k44 : 2081591333, id : 4, k43 : 'L3JNt', k45 : 1597092916}]->(n1);
MATCH (n0 {id : 3}), (n1 {id : 2}) MERGE(n0)-[r :T4{k60 : 'PR21HnSas', k62 : true, k61 : 'p', id : 5, k57 : 513130944, k59 : 1517083627, k58 : 'p2U5na'}]->(n1);
MATCH (n0 {id : 0}), (n1 {id : 1}) MERGE(n0)-[r :T3{k53 : 'EVHaeY2i', k52 : false, k55 : 'BIvs', id : 6, k54 : 909965374, k56 : 'v3y'}]->(n1);
MATCH (n0 {id : 3}), (n1 {id : 1}) MERGE(n0)-[r :T5{k64 : 467067666, k63 : -1229215103, k66 : 'M', id : 7, k65 : 'JucO7', k67 : 'QM4FTQ9K'}]->(n1);
MATCH (n0 {id : 0}), (n1 {id : 2}) MERGE(n0)-[r :T2{k49 : 1456752273, k51 : 'd', k50 : true, id : 8, k46 : 'dI', k48 : 'IVW'}]->(n1);
MATCH (n0 {id : 3}), (n1 {id : 1}) MERGE(n0)-[r :T3{k53 : 'c', k52 : true, k55 : 'q', id : 9, k54 : 1857370951, k56 : 'j'}]->(n1);
MATCH (n0 {id : 3}), (n1 {id : 2}) MERGE(n0)-[r :T2{k51 : 'J', k50 : false, id : 10, k46 : '8c', k48 : 'j', k47 : -1054484888}]->(n1);
CREATE (n0{k11:toStringOrNull(NULL), id:11}), (n1{id:12})<-[r0 :T5{id:13}]-(n2{id:14})-[ :T1{id:15}]->( :L1{k8:toBooleanList([CASE WHEN false THEN true END, (false OR true)])[toIntegerOrNull(abs(1108848248))], id:16}) CREATE (n5{k21:1409896920, id:17})-[ :T3{k56:NULL, id:18}]->( :L1{k11:'BI20XVGcD', id:19}), (n6{id:20}) MERGE (n7{id:21})-[r1 :T1{k41:true, id:22}]->({id:23})-[r2 :T3{k55:'q63', id:24}]-( :L3{id:25}) RETURN n7 AS a0 LIMIT 1;
CREATE ( n0 { k11 : toStringOrNull ( NULL ) , id : CASE WHEN FALSE THEN NULL ELSE 11 END } ) CREATE (n1{ id : 12 } )CREATE (n1)< - [ r0 : T5 { id : 13 } ] - ( n2 { id : 14 } ) - [ : T1 { id : 15 } ] - > ( : L1 { k8 : toBooleanList ( [ CASE WHEN FALSE THEN NULL ELSE CASE WHEN false THEN true END END , ( false OR true ) ] ) [ toIntegerOrNull ( abs ( 1108848248 ) ) ] , id : 16 } ) CREATE ( n5 { k21 : 1409896920 , id : 17 } ) - [ : T3 { k56 : NULL , id : 18 } ] - > ( : L1 { k11 : 'BI20XVGcD' , id : 19 } ) CREATE ( n6 { id : 20 } ) WITH * MERGE pp0=( n7 { id : 21 } ) - [ r1 : T1 { k41 : true , id : 22 } ] - > ( { id : 23 } ) - [ r2 : T3 { k55 : 'q63' , id : 24 } ] - ( : L3 { id : 25 } ) RETURN n7 AS a0 LIMIT 1 ;
MATCH (a) RETURN count(a);
MATCH (b)-[a]->(c) RETURN count(a);
MATCH (b)-[a]->(c) RETURN count(a);
CREATE (n0{id:26})-[ :T2{id:27}]->(n1{id:28}) MERGE ({id:29})-[r0 :T3{k54:27442486, id:30}]-(n2{id:31})-[r1 :T4{id:32}]-({id:33}) MERGE p0=(n3{id:34})-[r2 :T2{id:35}]->({k34:true, id:36}) RETURN *;
CREATE (n0{ id : 26 } )CREATE (n0)- [ : T2 { id : 27 } ] - > ( n1 { id : CASE WHEN FALSE THEN NULL ELSE 28 END } ) WITH * UNWIND [NULL] as l0 MERGE ( { id : 29 } ) - [ r0 : T3 { k54 : 27442486 , id : 30 } ] - ( n2 { id : 31 } ) - [ r1 : T4 { id : 32 } ] - ( { id : 33 } ) MERGE p0 = ( n3 { id : CASE WHEN FALSE THEN NULL ELSE 34 END } ) - [ r2 : T2 { id : 35 } ] - > ( { k34 : true , id : 36 } ) RETURN * ORDER BY FALSE ;
MATCH (a) RETURN count(a);
MATCH (a) RETURN count(a);
MATCH (b)-[a]->(c) RETURN count(a);
MATCH (b)-[a]->(c) RETURN count(a);
UNWIND [toIntegerOrNull(NULL), 313296410] AS a2 MERGE p0=({k34:(true OR true), id:37}) CREATE (n1{id:38})<-[r0 :T2{id:39}]-(n2{id:40})-[ :T5{id:41}]->({id:42}), (n3 :L3{id:43})-[ :T2{id:44}]->({id:45})<-[ :T2{id:46}]-(n4{id:47}) RETURN NULL AS a3 ORDER BY p0, a3 DESC;
UNWIND ([]+[ toIntegerOrNull ( NULL ) , 313296410 ] )AS a2 MERGE p0 = ( { k34 : ( true OR true ) , id : 37 } ) WITH * UNWIND [NULL] as l0 CREATE ( n1 { id : 38 } ) < - [ r0 : T2 { id : 39 } ] - ( n2 { id : 40 } ) - [ : T5 { id : 41 } ] - > ( { id : 42 } ) CREATE (n4{id:47})-[ : T2 { id : 46 } ] ->({id:45})<-[ : T2 { id : 44 } ] -( n3 : L3 { id : 43 } ) RETURN NULL AS a3 ORDER BY p0, a3 DESC ;
MATCH (a) RETURN count(a);
MATCH (a) RETURN count(a);
MATCH (b)-[a]->(c) RETURN count(a);
MATCH (b)-[a]->(c) RETURN count(a);
CREATE (n0{id:48}) CREATE ({id:49}) MERGE (n1 :L3{id:50})-[r0 :T2{id:51}]-({k32:'VpbiLVT', id:52}) RETURN (r0.k50) AS a0, 1 AS a1;
CREATE ( n0 { id : 48 } ) WITH * OPTIONAL MATCH ()-[:TYPE]-() CREATE ( { id : 49 } ) MERGE ( n1 : L3 { id : 50 } ) - [ r0 : T2 { id : 51 } ] - ( { k32 : 'VpbiLVT' , id : 52 } ) RETURN ( r0 . k50 ) AS a0 , 1 AS a1 ;
