-- Time: 2024/04/11 14:00:19
-- Database: janusgraph_database628
-- Database version: composite
-- seed value: 1712812407152
CREATE (n0 :L4{k27 : 637622797, id : 0, k24 : false, k23 : 'I', k26 : 't', k25 : false});
CREATE (n0 :L4{k27 : -11601769, id : 1, k24 : false, k23 : 'Y4H', k26 : 'nI', k25 : true});
CREATE (n0 {id : 2});
CREATE (n0 :L0{k0 : false, k1 : 'l', k4 : 'L', id : 3});
MATCH (n0 {id : 3}), (n1 {id : 1}) MERGE(n0)-[r :T0{k39 : 350902691, k38 : '4z', id : 4, k35 : 2008129808, k34 : 'p', k37 : '5L3gbckmi'}]->(n1);
MATCH (n0 {id : 2}), (n1 {id : 3}) MERGE(n0)-[r :T1{k42 : -1422604911, k41 : 'T9', k44 : 1196304674, id : 5, k43 : 858812021, k45 : true}]->(n1);
MATCH (n0 {id : 0}), (n1 {id : 0}) MERGE(n0)-[r :T5{k71 : -147081103, k70 : -678125177, k66 : true, id : 6, k65 : false, k67 : false, k69 : 667341741}]->(n1);
MATCH (n0 {id : 3}), (n1 {id : 1}) MERGE(n0)-[r :T0{k39 : 350902691, k38 : 'MInOwle2', id : 7, k35 : 1582309087, k34 : 'O', k37 : '5L3gbckmi', k36 : true}]->(n1);
CREATE ({id:8})-[ :T1{id:9}]->(n0{id:10}), p0=( :L0{id:11})-[r0 :T0{id:12}]->(n1 :L4{id:13})<-[r1 :T0{id:14}]-( :L0{k2:NULL, id:15}) CREATE ( :L0{id:16}), (n2 :L0{id:17})-[ :T0{id:18}]->(n3{id:19}) MERGE (n4{id:20}) RETURN *, [[NULL, toBooleanList([])[toIntegerOrNull(abs(-1917050070))]]] AS a0;
CREATE (n0{id:10})<-[ : T1 { id : 9 } ] -( { id : 8 } ) CREATE p0 = ( : L0 { id : 11 } ) - [ r0 : T0 { id : 12 } ] - > ( n1 : L4 { id : 13 } ) < - [ r1 : T0 { id : 14 } ] - ( : L0 { k2 : NULL , id : 15 } ) CREATE ( : L0 { id : 16 } ) CREATE ( n2 : L0 { id : 17 } ) - [ : T0 { id : 18 } ] - > ( n3 { id : 19 } ) WITH * OPTIONAL MATCH ()-[:TYPE]-() MERGE ( n4 { id : 20 } ) WITH * UNWIND [NULL] as l0 RETURN * , [ ([]+[ NULL , (toBooleanList ( [ ] ) +[]) [ toIntegerOrNull ( abs ( -1917050070 ) ) ] ] )] AS a0 SKIP 1 LIMIT 1 ;
MATCH (a) RETURN count(a);
MATCH (b)-[a]->(c) RETURN count(a);
MATCH (b)-[a]->(c) RETURN count(a);
WITH CASE WHEN isEmpty(NULL) THEN [NULL, NULL] END AS a0 WHERE false CREATE p0=( :L4{id:21})<-[r0 :T0{id:22}]-({k26:elementId(NULL), id:23}) MERGE ({id:24})-[r1 :T0{id:25}]-({id:26}) RETURN a0 AS a1, a0 AS a2 LIMIT 1;
WITH CASE WHEN isEmpty ( NULL ) THEN ([ NULL , NULL ] +[]) END AS a0 WHERE false CREATE (m0: L4 { id : 21 } )CREATE (m0)< - [ r0 : T0 { id : 22 } ] - ( { k26 : elementId ( NULL ) , id : 23 } ) MERGE ( { id : 24 } ) - [ r1 : T0 { id : CASE WHEN TRUE THEN 25 END } ] - ( { id : 26 } ) WITH * OPTIONAL MATCH ()-[:TYPE]-() RETURN a0 AS a1 , a0 AS a2 ORDER BY FALSE LIMIT 1 ;
MATCH (a) RETURN count(a);
MATCH (a) RETURN count(a);
MATCH (b)-[a]->(c) RETURN count(a);
MATCH (b)-[a]->(c) RETURN count(a);
CREATE (n0{k0:((substring(NULL, toIntegerOrNull(abs(round(-2020661764))), toIntegerOrNull(abs(NULL)))+'o') <> 'oUu'), id:27}), (n4{id:28}) MERGE (n5{id:29})-[r1 :T1{k40:'z', id:30}]->(n6{id:31})-[r2 :T0{id:32}]->({k25:false, id:33}) MERGE (n7{id:34})-[ :T1{id:35}]->({id:36}) RETURN 1 AS a0, collect(endNode(relationships(NULL)[toIntegerOrNull(abs(2011101441))]))[toIntegerOrNull(abs(-1732742482))] AS a1;
CREATE ( n0 { k0 : ( ( substring ( NULL , CASE WHEN TRUE THEN toIntegerOrNull ( abs ( CASE WHEN TRUE THEN round ( -2020661764 ) END ) ) END , toIntegerOrNull ( CASE WHEN FALSE THEN NULL ELSE abs ( NULL ) END ) ) + 'o' ) <> ('oUu' +'') ) , id : 27 } ) CREATE ( n4 { id : 28 } ) MERGE ( n5 { id : 29 } ) - [ r1 : T1 { k40 : 'z' , id : 30 } ] - > ( n6 { id : 31 } ) - [ r2 : T0 { id : 32 } ] - > ( { k25 : false , id : 33 } ) MERGE ( n7 { id : CASE WHEN FALSE THEN NULL ELSE 34 END } ) - [ : T1 { id : 35 } ] - > ( { id : 36 } ) RETURN 1 AS a0 , collect ( CASE WHEN FALSE THEN NULL ELSE endNode ( relationships ( NULL ) [ toIntegerOrNull ( abs ( 2011101441 ) ) ] ) END ) [ CASE WHEN TRUE THEN toIntegerOrNull ( CASE WHEN TRUE THEN abs ( -1732742482 ) END ) END ] AS a1 ;
MATCH (a) RETURN count(a);
MATCH (a) RETURN count(a);
MATCH (b)-[a]->(c) RETURN count(a);
MATCH (b)-[a]->(c) RETURN count(a);
MERGE ({id:37})-[r0 :T0{id:38}]->(n0{id:39})<-[r1 :T0{id:40}]-(n1{id:41}) REMOVE n1.k2 DETACH DELETE n1  RETURN n0 AS a0, n0 AS a1;
MERGE ( { id : 37 } ) - [ r0 : T0 { id : 38 } ] - > ( n0 { id : CASE WHEN TRUE THEN 39 END } ) < - [ r1 : T0 { id : 40 } ] - ( n1 { id : 41 } ) REMOVE n1 . k2 WITH * FOREACH(f in [1]|DETACH DELETE n1 ) RETURN DISTINCT n0 AS a0 , CASE WHEN TRUE THEN n0 END AS a1 LIMIT 1 ;
