-- Time: 2024/04/11 14:09:32
-- Database: janusgraph_database753
-- Database version: composite
-- seed value: 1712812407277
CREATE (n0 :L4{k28 : true, k27 : 'A4Xph', k29 : -1307596674, id : 0, k26 : 'W', k25 : 'MQ'});
CREATE (n0 :L5{k31 : -275632319, k30 : false, k33 : true, id : 1, k32 : 'K0ut02R', k35 : '5q', k34 : true, k36 : 1496808697});
CREATE (n0 :L6{k39 : -879141847, k38 : true, k40 : false, k41 : 1660527627, id : 2, k37 : true});
CREATE (n0 {id : 3});
MATCH (n0 {id : 1}), (n1 {id : 0}) MERGE(n0)-[r :T4{k66 : false, id : 4, k65 : true, k68 : 2021902250, k67 : 1662608724, k69 : 1861481578}]->(n1);
MATCH (n0 {id : 1}), (n1 {id : 1}) MERGE(n0)-[r :T0{k42 : 1333980779, k44 : 'je', id : 5, k43 : 277633423, k46 : -43559023, k45 : -1313205313, k48 : false, k47 : false}]->(n1);
MATCH (n0 {id : 1}), (n1 {id : 0}) MERGE(n0)-[r :T1{k49 : false, k51 : -2120751538, k50 : 184051646, k53 : -469943548, k52 : 'uX', id : 6}]->(n1);
MATCH (n0 {id : 1}), (n1 {id : 2}) MERGE(n0)-[r :T1{k49 : true, k51 : -1144686054, k50 : -1752268638, id : 7}]->(n1);
MATCH (n0 {id : 3}), (n1 {id : 2}) MERGE(n0)-[r :T1{k49 : true, k51 : -391953168, k50 : -1297290237, k53 : -1844324423, k52 : 'LAHYyeW', id : 8}]->(n1);
MATCH (n1), ()-[r0]-() WHERE (substring('t', toIntegerOrNull(abs(-2036446090)), toIntegerOrNull(abs(NULL))) <= -617873442) SET n1.k='EczNsrB' MERGE p1=(n2{id:9})-[ :T1{k49:true, id:10}]-(n3 :L5{id:11}) RETURN (n3.k33) AS a2;
MATCH ( n1 ) ,( ) - [ r0 ] - ( ) WHERE ( (''+substring ( 't' , toIntegerOrNull ( abs ( -2036446090 ) ) , toIntegerOrNull ( abs ( NULL ) ) ) )<= -617873442 ) OPTIONAL MATCH ()-[:TYPE]-() SET n1 . k = 'EczNsrB' MERGE p1 = ( n2 { id : 9 } ) - [ : T1 { k49 : true , id : CASE WHEN FALSE THEN NULL ELSE 10 END } ] - ( n3 : L5 { id : 11 } ) WITH * OPTIONAL MATCH ()-[:TYPE]-() RETURN ( n3 . k33 ) AS a2 ;
MATCH (a) RETURN count(a);
MATCH (b)-[a]->(c) RETURN count(a);
MATCH (b)-[a]->(c) RETURN count(a);
MATCH ()-[ :T1{k50:NULL}]-( :L5{k31:CASE WHEN (NULL >= NULL) THEN -1620822894 END})-[]-(), ({k39:CASE WHEN NULL THEN -1245957630 END})<-[r0]-() UNWIND [p0=()-[r0]-( :L5) WHERE NULL|p0] AS a0 DETACH DELETE r0  RETURN 1 AS a1, a0 AS a2;
MATCH ( ) - [ : T1 { k50 : NULL } ] - ( : L5 { k31 : CASE WHEN ( NULL >= NULL ) THEN -1620822894 END } ) - [ ] - ( ) ,()-[*0..0]-( { k39 : CASE WHEN NULL THEN -1245957630 END } ) < - [ r0 ] - ( ) OPTIONAL MATCH ()-[:TYPE]-() UNWIND [ p0 = ( ) - [ r0 ] - ( : L5 ) WHERE NULL | p0 ] AS a0 DETACH DELETE r0 WITH * UNWIND 1 as l0 RETURN 1 AS a1 , a0 AS a2 ORDER BY 1 ;
MATCH (a) RETURN count(a);
MATCH (a) RETURN count(a);
MATCH (b)-[a]->(c) RETURN count(a);
MATCH (b)-[a]->(c) RETURN count(a);
OPTIONAL MATCH (n0) WHERE true MERGE (n3{id:12}) CREATE (n4{id:13}), ({id:14}) RETURN n0 AS a1;
OPTIONAL MATCH ( n0 ) WHERE true MERGE ( n3 { id : 12 } ) WITH * CREATE ( n4 { id : 13 } ) CREATE ( { id : 14 } ) RETURN n0 AS a1 ORDER BY FALSE ;
