-- Time: 2024/04/11 13:34:42
-- Database: janusgraph_database282
-- Database version: composite
-- seed value: 1712812406805
CREATE (n0 :L4{k28 : 940699381, id : 0, k24 : 1363306802, k23 : false, k26 : false, k25 : -1669685024});
CREATE (n0 :L4{k28 : -1063543447, id : 1, k24 : 1424564640, k23 : false, k26 : true, k25 : -44064826});
CREATE (n0 :L5{k29 : false, k31 : 'skRnUl7H', k30 : -625184581, k33 : false, id : 2, k32 : 737791520});
CREATE (n0 :L2{k17 : false, k16 : 291727191, id : 3, k13 : true, k12 : 1005718197, k15 : 53578032, k14 : false});
MATCH (n0 {id : 2}), (n1 {id : 3}) MERGE(n0)-[r :T2{k51 : 920159389, k50 : 1013969409, k52 : -2146212183, id : 4, k54 : false}]->(n1);
MATCH (n0 {id : 3}), (n1 {id : 3}) MERGE(n0)-[r :T1{k49 : 1247513278, id : 5, k46 : false, k45 : true, k48 : 'e', k47 : true}]->(n1);
MATCH (n0 {id : 1}), (n1 {id : 3}) MERGE(n0)-[r :T4{k64 : 'H', k63 : true, k66 : -98738164, id : 6, k65 : 2011244917, k67 : -741862223}]->(n1);
MATCH (n0 {id : 1}), (n1 {id : 1}) MERGE(n0)-[r :T4{k64 : 'p', k63 : true, k66 : 1360571271, id : 7, k65 : 1664585992, k67 : -1356274131}]->(n1);
MATCH (n0 {id : 0}), (n1 {id : 1}) MERGE(n0)-[r :T6{k75 : '5', k74 : -769468273, k77 : -1379041282, id : 8, k76 : true, k79 : 'MYVJSjNqW', k78 : -769413298}]->(n1);
MATCH (n0 {id : 0}), (n1 {id : 3}) MERGE(n0)-[r :T2{k51 : 14819292, k50 : -849966773, k52 : -2103073197, k55 : 1445698397, id : 9, k54 : false}]->(n1);
MERGE ({id:10})-[r0 :T2{id:11}]-( :L4{k24:round(round(1104571758)), id:12})-[r1 :T6{id:13}]->(n0{k28:round(round(size([]))), id:14}) MERGE ( :L4{id:15})-[ :T2{id:16}]->({id:17})-[r2 :T1{k46:false, id:18}]->({id:19}) SET n0.k=1424884804 RETURN 1 AS a0, 1 AS a1;
MERGE ( { id : 10 } ) - [ r0 : T2 { id : 11 } ] - ( : L4 { k24 : round ( round ( 1104571758 ) ) , id : 12 } ) - [ r1 : T6 { id : 13 } ] - > ( n0 { k28 : CASE WHEN TRUE THEN round ( round ( size ( [ ] ) ) ) END , id : 14 } ) MERGE ( : L4 { id : 15 } ) - [ : T2 { id : 16 } ] - > ( { id : 17 } ) - [ r2 : T1 { k46 : false , id : 18 } ] - > ( { id : 19 } ) WITH * WITH * CALL{WITH *SET n0 . k = 1424884804 } RETURN 1 AS a0 , 1 AS a1 ORDER BY TRUE ;
MATCH (a) RETURN count(a);
MATCH (b)-[a]->(c) RETURN count(a);
MATCH (b)-[a]->(c) RETURN count(a);
MERGE ({k15:900378868, id:20})-[r0 :T1{id:21}]->({k15:715003166, id:22})<-[r1 :T2{id:23}]-( :L4{k25:1533820089, id:24}) DETACH DELETE r1  CREATE (n0{k27:(r0.k48), id:25})-[r2 :T4{id:26}]->({k26:false, id:27})<-[ :T6{id:28}]-(n1 :L4{id:29}) RETURN 1 AS a0, r0 AS a1;
MERGE ( { k15 : 900378868 , id : 20 } ) - [ r0 : T1 { id : 21 } ] - > ( { k15 : 715003166 , id : 22 } ) < - [ r1 : T2 { id : 23 } ] - ( : L4 { k25 : 1533820089 , id : CASE WHEN FALSE THEN NULL ELSE 24 END } ) WITH * UNWIND [1] as l0 DETACH DELETE r1 WITH * OPTIONAL MATCH ()-[:TYPE]-() CREATE ( n0 { k27 : ( r0 . k48 ) , id : 25 } ) - [ r2 : T4 { id : 26 } ] - > ( { k26 : false , id : 27 } ) < - [ : T6 { id : 28 } ] - ( n1 : L4 { id : 29 } ) RETURN 1 AS a0 , r0 AS a1 ;
MATCH (a) RETURN count(a);
MATCH (a) RETURN count(a);
MATCH (b)-[a]->(c) RETURN count(a);
MATCH (b)-[a]->(c) RETURN count(a);
WITH * OPTIONAL MATCH (n0) WHERE true REMOVE n0.k2 RETURN 1 AS a0, 1 AS a1;
WITH * OPTIONAL MATCH ()-[:TYPE]-() OPTIONAL MATCH ( n0 ) WHERE CASE WHEN FALSE THEN NULL ELSE true END REMOVE n0 . k2 WITH * OPTIONAL MATCH ()-[:TYPE]-() RETURN 1 AS a0 , 1 AS a1 ORDER BY FALSE ;
