-- Time: 2024/04/11 13:28:43
-- Database: janusgraph_database201
-- Database version: composite
-- seed value: 1712812406724
CREATE (n0 {id : 0});
CREATE (n0 :L2{k11 : 911529164, id : 1, k10 : 'Z', k13 : -680645525, k12 : 1365073014, k15 : -884374300, k14 : false});
CREATE (n0 :L0{k1 : 'Q', k2 : false, k3 : 'N', k4 : false, id : 2});
CREATE (n0 :L4{k28 : true, k27 : -1579020722, id : 3, k24 : -587336384, k23 : false, k25 : false});
MATCH (n0 {id : 1}), (n1 {id : 1}) MERGE(n0)-[r :T4{k60 : -1900731027, k62 : 2121687091, k61 : 'T', k63 : 'VdLhGVQ', id : 4, k59 : true, k58 : true}]->(n1);
MATCH (n0 {id : 3}), (n1 {id : 2}) MERGE(n0)-[r :T1{k40 : 1793705615, k42 : false, k41 : true, k44 : 'yC6b7ZGSd', id : 5, k43 : -1698481968}]->(n1);
MATCH (n0 {id : 0}), (n1 {id : 3}) MERGE(n0)-[r :T5{k64 : 'C', k66 : 378346720, id : 6, k65 : false, k68 : -254589932, k67 : 'qnmo'}]->(n1);
MATCH (n0 {id : 2}), (n1 {id : 0}) MERGE(n0)-[r :T2{k49 : -646695187, k50 : '8T', id : 7, k46 : 'bgw6Pp', k45 : 1614609584, k48 : 1257961760, k47 : -1074629675}]->(n1);
MATCH (n0 {id : 3}), (n1 {id : 0}) MERGE(n0)-[r :T2{k49 : 915619398, k50 : '1', id : 8, k46 : 'DV', k45 : 520162917, k48 : -274851677}]->(n1);
MATCH (n0 {id : 3}), (n1 {id : 1}) MERGE(n0)-[r :T1{k40 : -1252086933, k42 : true, k41 : true, k44 : 'lWLxw', id : 9, k43 : 856614959}]->(n1);
MERGE ({id:10})-[r0 :T4{id:11}]-( :L2{id:12}) MERGE ( :L4{k23:false, id:13})-[r1 :T1{k44:'0F', id:14}]->({id:15}) CREATE p0=({id:16})-[ :T5{id:17}]->(n0{id:18})-[r2 :T1{k42:(r1.k41), id:19}]->( :L0{k0:-1040467541, id:20}) RETURN 1 AS a0, r1 AS a1;
MERGE ( { id : 10 } ) - [ r0 : T4 { id : 11 } ] - ( : L2 { id : CASE WHEN TRUE THEN 12 END } ) MERGE ( : L4 { k23 : false , id : 13 } ) - [ r1 : T1 { k44 : '0F' , id : 14 } ] - > ( { id : CASE WHEN TRUE THEN 15 END } ) CREATE p0=( :L0{k0:-1040467541, id:20})<-[ r2 : T1 { k42 : ( r1 . k41 ) , id : 19 } ] -(n0{id:18})<-[ : T5 { id : CASE WHEN FALSE THEN NULL ELSE 17 END } ] -( { id : CASE WHEN FALSE THEN NULL ELSE 16 END } ) WITH * OPTIONAL MATCH ()-[:TYPE]-() RETURN 1 AS a0 , r1 AS a1 ;
MATCH (a) RETURN count(a);
MATCH (b)-[a]->(c) RETURN count(a);
MATCH (b)-[a]->(c) RETURN count(a);
UNWIND [(n0)-[]-(n1)-[]->(n2)|false] AS a0 CREATE p0=( :L4{id:21})-[ :T1{id:22}]->(n3{k14:true, id:23})-[ :T4{id:24}]->({id:25}), ({id:26})<-[ :T5{k64:('sm'+'P'), id:27}]-(n4{id:28})<-[ :T2{id:29}]-(n5 :L0{id:30}) CREATE (n6{id:31}) RETURN * ORDER BY NULL;
UNWIND [ ( n0 ) - [ ] - ( n1 ) - [ ] - > ( n2 ) | false ] AS a0 CREATE p0 = ( : L4 { id : 21 } ) - [ : T1 { id : 22 } ] - > ( n3 { k14 : true , id : CASE WHEN TRUE THEN 23 END } ) - [ : T4 { id : 24 } ] - > ( { id : 25 } ) CREATE ( { id : 26 } ) < - [ : T5 { k64 : ( 'sm' + 'P' ) , id : 27 } ] - ( n4 { id : CASE WHEN FALSE THEN NULL ELSE 28 END } ) < - [ : T2 { id : 29 } ] - ( n5 : L0 { id : 30 } ) WITH * OPTIONAL MATCH ()-[:TYPE]-() CREATE ( n6 { id : 31 } ) WITH * RETURN * ORDER BY NULL ;
MATCH (a) RETURN count(a);
MATCH (a) RETURN count(a);
MATCH (b)-[a]->(c) RETURN count(a);
MATCH (b)-[a]->(c) RETURN count(a);
MERGE ({id:32}) MERGE ({id:33})-[r0 :T5{id:34}]->({id:35})-[r1 :T1{k41:true, id:36}]-({k2:true, id:37}) MERGE p0=(n0{id:38})-[r2 :T5{id:39}]->({id:40}) RETURN 1 AS a0, [type(CASE WHEN false THEN NULL END)] AS a1;
MERGE ( { id : 32 } ) WITH * MERGE ( { id : 33 } ) - [ r0 : T5 { id : 34 } ] - > ( { id : 35 } ) - [ r1 : T1 { k41 : true , id : 36 } ] - ( { k2 : true , id : CASE WHEN TRUE THEN 37 END } ) MERGE p0 = ( n0 { id : 38 } ) - [ r2 : T5 { id : 39 } ] - > ( { id : 40 } ) RETURN 1 AS a0 , [ type ( CASE WHEN false THEN CASE WHEN TRUE THEN NULL END END ) ] AS a1 SKIP 1 ;
