-- Time: 2024/04/11 13:47:51
-- Database: janusgraph_database460
-- Database version: composite
-- seed value: 1712812406983
CREATE (n0 :L4{k22 : false, id : 0, k21 : 1318543111, k24 : -927601825, k23 : 'W', k26 : -338362798, k25 : false});
CREATE (n0 {id : 1});
CREATE (n0 :L1{k5 : true, id : 2, k6 : -183572303, k7 : true, k8 : 1110797683});
CREATE (n0 :L4{k27 : 'oX7Phn3tC', k22 : true, id : 3, k21 : -297169124, k24 : 531059939, k26 : 41387852, k25 : true});
MATCH (n0 {id : 1}), (n1 {id : 2}) MERGE(n0)-[r :T1{k49 : 153629437, k51 : 1846344938, k50 : 202078689, k52 : 1773846297, id : 4, k48 : 551850971, k47 : '6O'}]->(n1);
MATCH (n0 {id : 3}), (n1 {id : 2}) MERGE(n0)-[r :T3{k62 : true, k61 : false, k64 : false, k63 : -929222060, id : 5}]->(n1);
MATCH (n0 {id : 3}), (n1 {id : 3}) MERGE(n0)-[r :T4{k71 : 'f', k70 : 'nxx', k66 : false, id : 6, k65 : false, k68 : -110370286, k67 : false, k69 : 'wWDQq'}]->(n1);
MATCH (n0 {id : 2}), (n1 {id : 2}) MERGE(n0)-[r :T2{k53 : 979232263, id : 7, k54 : 276516670, k57 : 596419457, k56 : 'J', k59 : 'J', k58 : 'r'}]->(n1);
MATCH (n0 {id : 2}), (n1 {id : 3}) MERGE(n0)-[r :T1{k49 : -1993103492, k51 : 491457431, k50 : -1210272480, id : 8, k48 : 1790178897, k47 : 'q'}]->(n1);
UNWIND NULL AS a2 MATCH p0=() DETACH DELETE p0  RETURN 1 AS a3;
UNWIND NULL AS a2 MATCH p0 = ( ) UNWIND [NULL] as l0 DETACH DELETE p0 RETURN 1 AS a3 ;
MATCH (a) RETURN count(a);
MATCH (b)-[a]->(c) RETURN count(a);
MATCH (b)-[a]->(c) RETURN count(a);
OPTIONAL MATCH (n0) MERGE (n1 :L1{id:9})-[r0 :T2{k56:'P', id:10}]->({id:11})<-[r1 :T1{id:12}]-(n2{id:13}) SET n1.k=NULL RETURN properties(n1) AS a0, 1 AS a1 UNION WITH NULL AS a0, 'el' AS a1 MATCH p0=(n0)-[r0]-(n1)-[r1]->() MERGE ({k7:true, id:14})-[r2 :T3{id:15}]-(n2{id:16})-[ :T1{id:17}]-(n3{k7:false, id:18}) RETURN r0 AS a0, n3 AS a1;
OPTIONAL MATCH ( n0 ) MERGE ( n1 : L1 { id : 9 } ) - [ r0 : T2 { k56 : 'P' , id : 10 } ] - > ( { id : CASE WHEN TRUE THEN 11 END } ) < - [ r1 : T1 { id : 12 } ] - ( n2 { id : CASE WHEN FALSE THEN NULL ELSE 13 END } ) SET n1 . k = NULL WITH * RETURN properties ( n1 ) AS a0 , 1 AS a1 UNION WITH NULL AS a0 , 'el' AS a1 WHERE TRUE MATCH p0 = ( n0 ) - [ r0 ] - ( n1 ) - [ r1 ] - > ( ) MERGE ( { k7 : true , id : 14 } ) - [ r2 : T3 { id : CASE WHEN TRUE THEN 15 END } ] - ( n2 { id : 16 } ) - [ : T1 { id : 17 } ] - ( n3 { k7 : false , id : CASE WHEN TRUE THEN 18 END } ) WITH * RETURN r0 AS a0 , n3 AS a1 ;
MATCH (a) RETURN count(a);
MATCH (a) RETURN count(a);
MATCH (b)-[a]->(c) RETURN count(a);
MATCH (b)-[a]->(c) RETURN count(a);
MERGE (n0{id:19})-[r0 :T2{id:20}]-(n1{id:21}) MERGE ({id:22}) MERGE ( :L1{id:23})-[r1 :T1{id:24}]->(n2{k25:true, id:25})-[r2 :T4{k66:false, id:26}]-( :L4{k24:-51854853, id:27}) RETURN 1 AS a0, r2 AS a1 UNION ALL MERGE (n0{k27:'O', id:28}) MERGE ({id:29}) MERGE (n1{k25:false, id:30}) RETURN 1 AS a0, 1 AS a1 ORDER BY a0, a1 DESC;
MERGE ( n0 { id : 19 } ) - [ r0 : T2 { id : 20 } ] - ( n1 { id : 21 } ) MERGE ( { id : 22 } ) MERGE ( : L1 { id : 23 } ) - [ r1 : T1 { id : 24 } ] - > ( n2 { k25 : true , id : 25 } ) - [ r2 : T4 { k66 : false , id : 26 } ] - ( : L4 { k24 : -51854853 , id : 27 } ) RETURN 1 AS a0 , r2 AS a1 UNION ALL MERGE ( n0 { k27 : 'O' , id : 28 } ) MERGE ( { id : 29 } ) MERGE ( n1 { k25 : false , id : 30 } ) WITH * OPTIONAL MATCH ()-[:TYPE]-() RETURN DISTINCT 1 AS a0 , 1 AS a1 ORDER BY a0, a1 DESC ;
MATCH (a) RETURN count(a);
MATCH (a) RETURN count(a);
MATCH (b)-[a]->(c) RETURN count(a);
MATCH (b)-[a]->(c) RETURN count(a);
MERGE p0=( :L1{k7:false, id:31}) MERGE ({id:32}) DETACH DELETE p0  RETURN 1 AS a0;
MERGE p0 = ( : L1 { k7 : false , id : 31 } ) WITH * UNWIND [NULL] as l0 MERGE ( { id : 32 } ) DETACH DELETE p0 WITH * UNWIND [1] as l1 RETURN 1 AS a0 ;
