-- Time: 2024/04/11 13:46:13
-- Database: janusgraph_database438
-- Database version: composite
-- seed value: 1712812406961
CREATE (n0 :L1{k11 : '0cwrj9', id : 0, k6 : true, k7 : true, k8 : 'eZP78IYBq'});
CREATE (n0 :L0{k0 : 'nJKOxT', k1 : -775527195, k2 : 'G', k3 : true, k4 : -2028628252, k5 : -1078175556, id : 1});
CREATE (n0 {id : 2});
CREATE (n0 :L3{k19 : true, k20 : 'AIXs', k22 : true, id : 3, k21 : 1031290104, k24 : true, k23 : 'lHhwyr', k25 : 'ozLM'});
MATCH (n0 {id : 2}), (n1 {id : 0}) MERGE(n0)-[r :T2{k51 : 'bvcJmbo', k53 : -1802899117, k52 : -1162277022, k55 : false, id : 4, k57 : false, k56 : 283982722}]->(n1);
MATCH (n0 {id : 3}), (n1 {id : 0}) MERGE(n0)-[r :T3{k60 : true, k61 : true, k63 : 'M', id : 5, k59 : 1356840230, k58 : 737479278}]->(n1);
MATCH (n0 {id : 0}), (n1 {id : 2}) MERGE(n0)-[r :T3{k60 : false, k62 : 1034722938, k61 : false, k63 : 'c', id : 6, k59 : -1437719755, k58 : -2038486582}]->(n1);
MATCH (n0 {id : 2}), (n1 {id : 0}) MERGE(n0)-[r :T1{k49 : 'cMRm2', k44 : true, id : 7, k46 : -50725395, k45 : 'Y', k48 : 398145819, k47 : 'c'}]->(n1);
MATCH (n0 {id : 3}), (n1 {id : 0}) MERGE(n0)-[r :T1{k49 : 's', k50 : 'xY', k44 : true, id : 8, k46 : 1442297133, k45 : 'T', k48 : 757640427}]->(n1);
MATCH (n0 {id : 0}), (n1 {id : 0}) MERGE(n0)-[r :T3{k62 : 1837277160, k61 : true, k63 : 'yO', id : 9, k59 : -1437719755}]->(n1);
MATCH (n0 {id : 2}), (n1 {id : 2}) MERGE(n0)-[r :T0{k42 : 2091440922, k41 : true, id : 10}]->(n1);
MERGE ( :L0{id:11}) CREATE (n1{k11:NULL, id:12})-[ :T3{k61:NULL, id:13}]->({id:14}) MERGE ({k22:true, id:15})-[r0 :T3{k58:-2031346258, id:16}]-(n2{k6:true, id:17})-[r1 :T3{id:18}]->(n3{id:19}) RETURN n2 AS a2, 1 AS a3;
MERGE pp0=( : L0 { id : 11 } ) WITH * UNWIND 1 as l0 CREATE ( n1 { k11 : NULL , id : 12 } ) - [ : T3 { k61 : CASE WHEN FALSE THEN NULL ELSE NULL END , id : CASE WHEN TRUE THEN 13 END } ] - > ( { id : 14 } ) MERGE ( { k22 : true , id : 15 } ) - [ r0 : T3 { k58 : -2031346258 , id : 16 } ] - ( n2 { k6 : true , id : 17 } ) - [ r1 : T3 { id : 18 } ] - > ( n3 { id : 19 } ) WITH * OPTIONAL MATCH ()-[:TYPE]-() RETURN DISTINCT n2 AS a2 , 1 AS a3 ORDER BY NULL ;
MATCH (a) RETURN count(a);
MATCH (b)-[a]->(c) RETURN count(a);
MATCH (b)-[a]->(c) RETURN count(a);
WITH * ORDER BY NULL DESC LIMIT 0 WHERE false MERGE (n0{k6:true, id:20})-[r0 :T1{id:21}]-(n1{id:22})-[r1 :T0{id:23}]-({id:24}) CREATE (n2{id:25})-[r2 :T3{id:26}]->(n3{k10:(r1.k42), id:27})-[ :T3{id:28}]->(n4{id:29}) RETURN n0 AS a0;
WITH * ORDER BY NULL DESC LIMIT 0 WHERE false MERGE ( n0 { k6 : true , id : CASE WHEN FALSE THEN NULL ELSE 20 END } ) - [ r0 : T1 { id : 21 } ] - ( n1 { id : 22 } ) - [ r1 : T0 { id : 23 } ] - ( { id : 24 } ) CREATE (n2{ id : 25 } )CREATE (n2)- [ r2 : T3 { id : 26 } ] - > ( n3 { k10 : ( CASE WHEN TRUE THEN r1 . k42 END ) , id : 27 } ) - [ : T3 { id : 28 } ] - > ( n4 { id : 29 } ) RETURN n0 AS a0 ;
MATCH (a) RETURN count(a);
MATCH (a) RETURN count(a);
MATCH (b)-[a]->(c) RETURN count(a);
MATCH (b)-[a]->(c) RETURN count(a);
MERGE ({id:30})-[r0 :T1{k49:'o', id:31}]->({id:32}) MERGE p0=({id:33})-[r1 :T3{id:34}]->(n2{id:35})-[r2 :T1{id:36}]-(n3{id:37}) REMOVE n3.k2 RETURN (r2.k48) AS a3, n2 AS a4;
MERGE ( { id : 30 } ) - [ r0 : T1 { k49 : 'o' , id : 31 } ] - > ( { id : 32 } ) WITH * MERGE p0 = ( { id : 33 } ) - [ r1 : T3 { id : 34 } ] - > ( n2 { id : 35 } ) - [ r2 : T1 { id : 36 } ] - ( n3 { id : 37 } ) WITH * OPTIONAL MATCH ()-[:TYPE]-() REMOVE n3 . k2 WITH * OPTIONAL MATCH ()-[:TYPE]-() RETURN DISTINCT ( r2 . k48 ) AS a3 , n2 AS a4 ;
MATCH (a) RETURN count(a);
MATCH (a) RETURN count(a);
MATCH (b)-[a]->(c) RETURN count(a);
MATCH (b)-[a]->(c) RETURN count(a);
UNWIND reverse([(n0)-[ :T0{k43:NULL}]-(n1)<-[]-(n2) WHERE NULL|'PND2eYCOi']) AS a0 MERGE ({id:38}) MERGE (n3{id:39}) RETURN n3 AS a1, a0 AS a2 ORDER BY a1 UNION OPTIONAL MATCH p0=(n0), ()-[r0 :T3{k58:NULL}]-(n0) MERGE ({id:40}) MERGE (n1{id:41})-[r1 :T0{id:42}]->(n2{id:43})-[r2 :T2{k56:1878902223, id:44}]->(n3{k11:'nvcgw', id:45}) RETURN 1 AS a1, p0 AS a2 LIMIT 0;
UNWIND reverse ( [ ( n0 ) - [ : T0 { k43 : NULL } ] - ( n1 ) < - [ ] - ( n2 ) WHERE NULL | (''+'PND2eYCOi' )] ) AS a0 MERGE ( { id : 38 } ) WITH * OPTIONAL MATCH ()-[:TYPE]-() MERGE ( n3 { id : 39 } ) WITH * OPTIONAL MATCH ()-[:TYPE]-() RETURN CASE WHEN TRUE THEN n3 END AS a1 , a0 AS a2 ORDER BY a1 DESC LIMIT 1 UNION OPTIONAL MATCH p0 = ( n0 ) ,( ) - [ r0 : T3 { k58 : NULL } ] - ( n0 ) MERGE ( { id : 40 } ) WITH * MERGE ( n1 { id : 41 } ) - [ r1 : T0 { id : 42 } ] - > ( n2 { id : 43 } ) - [ r2 : T2 { k56 : 1878902223 , id : 44 } ] - > ( n3 { k11 : 'nvcgw' , id : 45 } ) RETURN 1 AS a1 , p0 AS a2 LIMIT 0 ;
MATCH (a) RETURN count(a);
MATCH (a) RETURN count(a);
MATCH (b)-[a]->(c) RETURN count(a);
MATCH (b)-[a]->(c) RETURN count(a);
CREATE ({id:46})<-[ :T1{k50:'rGNj4ve', id:47}]-({k24:NULL, id:48})-[ :T3{id:49}]->(n0{k8:('8'+'5'), id:50}) CREATE (n1{id:51}) MERGE (n2{id:52}) RETURN n2 AS a0 LIMIT 0;
CREATE ( { id : 46 } ) < - [ : T1 { k50 : 'rGNj4ve' , id : 47 } ] - ( { k24 : NULL , id : 48 } ) - [ : T3 { id : 49 } ] - > ( n0 { k8 : ( '8' + '5' ) , id : 50 } ) CREATE ( n1 { id : 51 } ) WITH * UNWIND [NULL] as l0 MERGE ( n2 { id : 52 } ) RETURN n2 AS a0 SKIP 1 LIMIT 0 ;
MATCH (a) RETURN count(a);
MATCH (a) RETURN count(a);
MATCH (b)-[a]->(c) RETURN count(a);
MATCH (b)-[a]->(c) RETURN count(a);
WITH true AS a0 ORDER BY false, a0 OPTIONAL MATCH (n0 :L1{k8:NULL}), (n1) MERGE (n2{id:53})-[r0 :T3{id:54}]-( :L3{id:55})-[r1 :T1{k47:'qdeO', id:56}]->(n3{k10:-2038133794, id:57}) RETURN DISTINCT a0 AS a1;
WITH true AS a0 ORDER BY false , a0 OPTIONAL MATCH ( n0 : L1 { k8 : NULL } ) ,( n1 ) WITH * MERGE ( n2 { id : 53 } ) - [ r0 : T3 { id : 54 } ] - ( : L3 { id : 55 } ) - [ r1 : T1 { k47 : 'qdeO' , id : 56 } ] - > ( n3 { k10 : -2038133794 , id : 57 } ) WITH * UNWIND [1] as l0 RETURN DISTINCT a0 AS a1 ;
MATCH (a) RETURN count(a);
MATCH (a) RETURN count(a);
MATCH (b)-[a]->(c) RETURN count(a);
MATCH (b)-[a]->(c) RETURN count(a);
MERGE (n0{k9:'ovb0J', id:58})<-[r0 :T1{k45:'WW4VCoJ7', id:59}]-(n1{id:60})-[r1 :T2{k53:-2063269223, id:61}]->(n2 :L1{id:62}) MERGE (n3{id:63}) DETACH DELETE n2  RETURN n3 AS a0 LIMIT 0;
MERGE pp0=( n0 { k9 : CASE WHEN TRUE THEN 'ovb0J' END , id : CASE WHEN FALSE THEN NULL ELSE 58 END } ) < - [ r0 : T1 { k45 : 'WW4VCoJ7' , id : CASE WHEN TRUE THEN 59 END } ] - ( n1 { id : 60 } ) - [ r1 : T2 { k53 : -2063269223 , id : 61 } ] - > ( n2 : L1 { id : CASE WHEN TRUE THEN 62 END } ) MERGE ( n3 { id : 63 } ) WITH * FOREACH(f in [1]|DETACH DELETE n2 ) WITH * OPTIONAL MATCH ()-[:TYPE]-() RETURN n3 AS a0 LIMIT 0 ;
MATCH (a) RETURN count(a);
MATCH (a) RETURN count(a);
MATCH (b)-[a]->(c) RETURN count(a);
MATCH (b)-[a]->(c) RETURN count(a);
UNWIND NULL AS a0 CREATE p0=({id:64})-[ :T0{k43:NULL, id:65}]->({id:66}), ({id:67}) MERGE (n0{id:68})<-[r0 :T1{id:69}]-(n1{id:70}) RETURN n1 AS a1;
UNWIND NULL AS a0 UNWIND 1 as l0 CREATE p0 = ( { id : 64 } ) - [ : T0 { k43 : NULL , id : 65 } ] - > ( { id : 66 } ) CREATE ( { id : 67 } ) MERGE ( n0 { id : CASE WHEN TRUE THEN 68 END } ) < - [ r0 : T1 { id : 69 } ] - ( n1 { id : 70 } ) WITH * RETURN n1 AS a1 ;
