-- Time: 2024/04/11 13:59:33
-- Database: janusgraph_database618
-- Database version: composite
-- seed value: 1712812407142
CREATE (n0 :L0{k0 : 1366545111, k1 : 'i', k2 : '8', k3 : true, k4 : 'HkAFjHxo', k5 : -1554066418, id : 0, k6 : '1SjDfQB'});
CREATE (n0 :L2{k16 : true, id : 1, k13 : 824278365, k12 : 'o4', k15 : 'xbA', k14 : -776124568});
CREATE (n0 {id : 2});
CREATE (n0 :L1{k11 : 'r', id : 3, k10 : false, k7 : -483526271, k8 : 'B'});
MATCH (n0 {id : 2}), (n1 {id : 1}) MERGE(n0)-[r :T2{k49 : 'F', k51 : false, k50 : -502552908, k53 : false, k52 : -1590863366, k55 : -1634782393, id : 4, k54 : false}]->(n1);
MATCH (n0 {id : 1}), (n1 {id : 3}) MERGE(n0)-[r :T4{k62 : '4', k64 : 'h7IA', k63 : 'Td1d0T9ra', k66 : -412478809, id : 5, k65 : false}]->(n1);
MATCH (n0 {id : 3}), (n1 {id : 2}) MERGE(n0)-[r :T0{k39 : -1883933948, k38 : -618411148, k40 : 'wBVhy', k41 : 'JAYsazJIf', id : 6, k35 : 562358168, k37 : false, k36 : 'yNp2ye4p'}]->(n1);
MATCH (n0 {id : 1}), (n1 {id : 0}) MERGE(n0)-[r :T2{k49 : '2m', k51 : true, k50 : 1237047571, k53 : true, k55 : -1147565249, id : 7, k54 : true}]->(n1);
MATCH (n0 {id : 2}), (n1 {id : 2}) MERGE(n0)-[r :T0{k39 : -1782958475, k38 : -1761961359, k40 : 'g', k41 : 'j', id : 8, k35 : -1686877768, k37 : false, k36 : 'H'}]->(n1);
MATCH (n0 {id : 1}), (n1 {id : 2}) MERGE(n0)-[r :T1{k42 : -1504408181, id : 9, k43 : 'TW', k46 : 873587329, k45 : false, k48 : false, k47 : 'w'}]->(n1);
MATCH (n0 {id : 3}), (n1 {id : 0}) MERGE(n0)-[r :T0{k39 : -1106471754, k38 : 981839894, k41 : 'vFaYDClrc', id : 10, k35 : -1645139345, k37 : false}]->(n1);
CREATE ({id:11})-[r0 :T2{k53:NULL, id:12}]->({id:13}) MERGE ({k4:'PHHD', id:14})<-[r1 :T2{id:15}]-({id:16}) CREATE (n0{id:17})-[r2 :T2{k52:(r1.k50), id:18}]->(n1{id:19}), p0=(n2{id:20})<-[r3 :T2{id:21}]-(n3{id:22})<-[ :T0{k39:-1992515406, id:23}]-(n4 :L1{id:24}) RETURN 1 AS a0;
CREATE ( { id : CASE WHEN FALSE THEN NULL ELSE 11 END } ) - [ r0 : T2 { k53 : NULL , id : 12 } ] - > ( { id : 13 } ) WITH * MERGE ( { k4 : ('PHHD' +'') , id : 14 } ) < - [ r1 : T2 { id : 15 } ] - ( { id : 16 } ) CREATE ( n0 { id : 17 } ) - [ r2 : T2 { k52 : ( r1 . k50 ) , id : 18 } ] - > ( n1 { id : 19 } ) CREATE p0 = ( n2 { id : 20 } ) < - [ r3 : T2 { id : 21 } ] - ( n3 { id : 22 } ) < - [ : T0 { k39 : -1992515406 , id : 23 } ] - ( n4 : L1 { id : 24 } ) RETURN 1 AS a0 ;
MATCH (a) RETURN count(a);
MATCH (b)-[a]->(c) RETURN count(a);
MATCH (b)-[a]->(c) RETURN count(a);
MERGE (n0{k9:true, id:25}) SET n0.k=CASE WHEN NULL THEN NULL END CREATE ({id:26}), ({id:27})<-[ :T0{id:28}]-({id:29}) RETURN n0 AS a0, n0 AS a1;
MERGE ( n0 { k9 : true , id : 25 } ) SET n0 . k = CASE WHEN NULL THEN NULL END WITH * OPTIONAL MATCH ()-[:TYPE]-() CREATE ( { id : CASE WHEN TRUE THEN 26 END } ) CREATE (m0{ id : 27 } )CREATE (m0)< - [ : T0 { id : 28 } ] - ( { id : 29 } ) RETURN n0 AS a0 , n0 AS a1 ;
MATCH (a) RETURN count(a);
MATCH (a) RETURN count(a);
MATCH (b)-[a]->(c) RETURN count(a);
MATCH (b)-[a]->(c) RETURN count(a);
CREATE (n0{k0:672874249, id:30}), (n1{id:31})<-[ :T1{id:32}]-(n2 :L2{id:33}) CREATE p0=({id:34})<-[r0 :T1{k48:false, id:35}]-(n3{k14:NULL, id:36})-[r1 :T2{id:37}]->({k3:NULL, id:38}), ({id:39})-[ :T2{id:40}]->( :L2{id:41})-[ :T1{id:42}]->(n4{id:43}) CREATE ({id:44}), ({id:45})<-[ :T1{k45:NULL, id:46}]-({k13:927542555, id:47}) RETURN 1 AS a0, min(NULL) AS a1 UNION WITH collect(relationships(NULL)[toIntegerOrNull(abs(1221601035))])[toIntegerOrNull(abs(-1071352056))] AS a0 CREATE ( :L0{k1:((NULL+'PFwTo')+'Xt7Yq2I9'), id:48}) MERGE ({id:49})-[r0 :T0{id:50}]->(n0{id:51})<-[r1 :T1{id:52}]-({id:53}) RETURN n0 AS a0, (r0.k37) AS a1;
CREATE ( n0 { k0 : CASE WHEN TRUE THEN 672874249 END , id : CASE WHEN TRUE THEN 30 END } ) CREATE ( n1 { id : 31 } ) < - [ : T1 { id : 32 } ] - ( n2 : L2 { id : 33 } ) WITH * OPTIONAL MATCH ()-[:TYPE]-() CREATE p0 = ( { id : 34 } ) < - [ r0 : T1 { k48 : false , id : 35 } ] - ( n3 { k14 : NULL , id : 36 } ) - [ r1 : T2 { id : 37 } ] - > ( { k3 : NULL , id : CASE WHEN TRUE THEN 38 END } ) CREATE ( { id : 39 } ) - [ : T2 { id : CASE WHEN FALSE THEN NULL ELSE 40 END } ] - > ( : L2 { id : 41 } ) - [ : T1 { id : 42 } ] - > ( n4 { id : 43 } ) WITH * CREATE ( { id : 44 } ) CREATE ( { id : 45 } ) < - [ : T1 { k45 : NULL , id : 46 } ] - ( { k13 : 927542555 , id : 47 } ) WITH * UNWIND [1] as l0 RETURN 1 AS a0 , min ( NULL ) AS a1 UNION WITH collect ( relationships ( NULL ) [ toIntegerOrNull ( abs ( 1221601035 ) ) ] ) [ toIntegerOrNull ( abs ( -1071352056 ) ) ] AS a0 WITH * CREATE ( : L0 { k1 : ( CASE WHEN FALSE THEN NULL ELSE ( NULL + 'PFwTo' ) + 'Xt7Yq2I9' END ) , id : 48 } ) MERGE ( { id : 49 } ) - [ r0 : T0 { id : 50 } ] - > ( n0 { id : 51 } ) < - [ r1 : T1 { id : 52 } ] - ( { id : 53 } ) WITH * RETURN n0 AS a0 , ( CASE WHEN TRUE THEN r0 . k37 END ) AS a1 ;
MATCH (a) RETURN count(a);
MATCH (a) RETURN count(a);
MATCH (b)-[a]->(c) RETURN count(a);
MATCH (b)-[a]->(c) RETURN count(a);
MATCH (n0) WHERE NULL DETACH DELETE n0  MERGE ({k8:'xvvJEA', id:54}) RETURN NULL AS a0;
MATCH ( n0 ) WHERE NULL OPTIONAL MATCH ()-[:TYPE]-() DETACH DELETE n0 MERGE ( { k8 : 'xvvJEA' , id : 54 } ) WITH * RETURN CASE WHEN FALSE THEN NULL ELSE NULL END AS a0 ;
