-- Time: 2024/04/11 13:53:38
-- Database: janusgraph_database538
-- Database version: composite
-- seed value: 1712812407062
CREATE (n0 :L0{k0 : 'P', k2 : 'kU', k3 : 'pqGtrztK5', k4 : 'n', k5 : true, id : 0});
CREATE (n0 :L0{k0 : 'd', k1 : 1963211363, k2 : 'GBJmWkYZ', k3 : 'Sz', k4 : '2MKwaG', k5 : false, id : 1});
CREATE (n0 :L1{id : 2, k6 : -889059922, k10 : true, k7 : true});
CREATE (n0 :L3{k17 : -1536453917, k19 : -737113557, k18 : 'm', k22 : 1603118058, id : 3, k21 : 'w5'});
MATCH (n0 {id : 3}), (n1 {id : 1}) MERGE(n0)-[r :T2{k53 : false, k55 : -1318647160, id : 4, k54 : false, k57 : 466211080, k56 : false, k59 : 'AbbFYNjQ', k58 : true}]->(n1);
MATCH (n0 {id : 1}), (n1 {id : 0}) MERGE(n0)-[r :T1{k49 : 'b', k50 : true, k52 : 93660179, id : 5, k48 : 770686858, k47 : true}]->(n1);
MATCH (n0 {id : 3}), (n1 {id : 2}) MERGE(n0)-[r :T3{k60 : true, k62 : -179428598, k64 : 'v', k63 : true, id : 6}]->(n1);
MATCH (n0 {id : 1}), (n1 {id : 2}) MERGE(n0)-[r :T5{k73 : false, k75 : true, k74 : 1797851136, k77 : true, id : 7, k76 : -766573342}]->(n1);
MATCH (n0 {id : 2}), (n1 {id : 3}) MERGE(n0)-[r :T2{k53 : true, k55 : 113813179, id : 8, k54 : false, k57 : 2114054088, k56 : true, k59 : 'P', k58 : false}]->(n1);
MATCH (n0 {id : 3}), (n1 {id : 2}) MERGE(n0)-[r :T4{k70 : 'hFJ', k66 : false, id : 9, k65 : -766387075, k68 : 'yO8rTlE', k67 : -2122955452, k69 : -341829515}]->(n1);
MATCH (n0 {id : 1}), (n1 {id : 0}) MERGE(n0)-[r :T5{k73 : false, k72 : 'WVw', k75 : true, k74 : 381026801, k77 : false, id : 10, k76 : 1932965556}]->(n1);
OPTIONAL MATCH (n0 :L0)<-[r0]-()-[]-(n1) REMOVE n0.k2 MERGE (n2 :L0{id:11}) RETURN CASE WHEN (n2.k5) THEN n2 END AS a3 ORDER BY NULL, a3 DESC UNION CREATE (n0 :L3{id:12})-[r0 :T2{k53:true, id:13}]->(n1{id:14}), ( :L3{id:15})-[ :T2{id:16}]->({id:17})-[r1 :T5{id:18}]->({id:19}) CREATE (n2 :L0{id:20})<-[r2 :T5{k73:exists(()<-[]-()-[ :T1]->( :L0)), id:21}]-({id:22}), (n3{id:23})<-[ :T1{id:24}]-(n4{k4:NULL, id:25}) MERGE (n5 :L1{k6:474361377, id:26}) RETURN NULL AS a3;
OPTIONAL MATCH (n0:L0),()<-[r0]-(),(nn0),()<-[m1]-(),(n1) WHERE exists((n0)<-[r0]-(nn0)-[m1]-(n1)) REMOVE n0 . k2 MERGE ( n2 : L0 { id : 11 } ) WITH * UNWIND [1] as l0 RETURN CASE WHEN ( n2 . k5 ) THEN n2 END AS a3 ORDER BY NULL, a3 DESC UNION CREATE ( n0 : L3 { id : 12 } ) - [ r0 : T2 { k53 : true , id : 13 } ] - > ( n1 { id : 14 } ) CREATE ({id:19})<-[ r1 : T5 { id : 18 } ] -({id:17})<-[ : T2 { id : 16 } ] -( : L3 { id : 15 } ) CREATE ( n2 : L0 { id : 20 } ) < - [ r2 : T5 { k73 : exists ( ( ) < - [ ] - ( ) - [ : T1 ] - > ( : L0 ) ) , id : 21 } ] - ( { id : CASE WHEN FALSE THEN NULL ELSE 22 END } ) CREATE ( n3 { id : 23 } ) < - [ : T1 { id : 24 } ] - ( n4 { k4 : CASE WHEN TRUE THEN NULL END , id : 25 } ) MERGE ( n5 : L1 { k6 : 474361377 , id : 26 } ) WITH * UNWIND [1] as l1 RETURN NULL AS a3 ORDER BY NULL LIMIT 1 ;
MATCH (a) RETURN count(a);
MATCH (b)-[a]->(c) RETURN count(a);
MATCH (b)-[a]->(c) RETURN count(a);
OPTIONAL MATCH (n0)-[r0]-(n1)-[]->(n2), ({k7:true})-[r1]-() MERGE (n3 :L3{id:27})-[r2 :T2{id:28}]-(n4{k1:2079705016, id:29}) SET n0.k=-1605685342 RETURN *, 1 AS a0;
OPTIONAL MATCH ( n0 ) - [ r0 ] - ( n1 ) - [ ] - > ( n2 ) ,( { k7 : true } ) - [ r1 ] - ( ) MERGE ( n3 : L3 { id : 27 } ) - [ r2 : T2 { id : 28 } ] - ( n4 { k1 : 2079705016 , id : 29 } ) SET n0 . k = -1605685342 WITH * RETURN DISTINCT * , 1 AS a0 ;
