-- Time: 2024/04/11 13:25:54
-- Database: janusgraph_database163
-- Database version: composite
-- seed value: 1712812406645
CREATE (n0 :L3{k17 : true, k16 : 'qr', k19 : 1604023681, k18 : '3', k20 : 'jvm9C', id : 0});
CREATE (n0 :L1{k5 : '0IC', id : 1, k6 : true, k7 : false, k8 : 'P4Bi', k9 : -1985723137});
CREATE (n0 {id : 2});
CREATE (n0 :L4{k22 : 2124435217, id : 3, k21 : 'avseY', k24 : -988063839, k23 : 'F', k26 : false, k25 : 'ulGyr1y'});
MATCH (n0 {id : 1}), (n1 {id : 1}) MERGE(n0)-[r :T0{k28 : false, k27 : 1972466901, k29 : 'k8TX2yAzh', k31 : false, k30 : true, id : 4, k32 : -1242995972}]->(n1);
MATCH (n0 {id : 1}), (n1 {id : 0}) MERGE(n0)-[r :T6{k60 : 'Ct', k62 : 1145558233, k61 : false, k64 : 'HE', k63 : -122341153, id : 5}]->(n1);
MATCH (n0 {id : 3}), (n1 {id : 0}) MERGE(n0)-[r :T2{k38 : 'QX8', k40 : 986623725, k42 : '5', k41 : true, id : 6}]->(n1);
MATCH (n0 {id : 0}), (n1 {id : 2}) MERGE(n0)-[r :T0{k28 : false, k27 : -271470709, k29 : 'k8TX2yAzh', k31 : false, k30 : true, id : 7, k32 : 1080809271}]->(n1);
MATCH (n0 {id : 2}), (n1 {id : 1}) MERGE(n0)-[r :T1{k33 : 'S', id : 8, k35 : true, k34 : -187953360, k37 : -1811044360, k36 : 'W5'}]->(n1);
WITH NULL AS a0 CREATE ({id:9})-[ :T1{id:10}]->({k7:(NULL STARTS WITH NULL), id:11})-[ :T0{k28:NULL, id:12}]->(n0 :L1{k6:true, id:13}) CREATE (n1{id:14}) RETURN 1 AS a1 ORDER BY a1 DESC;
WITH CASE WHEN TRUE THEN NULL END AS a0 CREATE (m0{ id : 9 } )CREATE (m0)- [ : T1 { id : 10 } ] - > ( { k7 : ( NULL STARTS WITH NULL ) , id : 11 } ) - [ : T0 { k28 : NULL , id : 12 } ] - > ( n0 : L1 { k6 : CASE WHEN FALSE THEN NULL ELSE true END , id : CASE WHEN FALSE THEN NULL ELSE 13 END } ) CREATE ( n1 { id : 14 } ) WITH * OPTIONAL MATCH ()-[:TYPE]-() RETURN 1 AS a1 ORDER BY a1 DESC ;
MATCH (a) RETURN count(a);
MATCH (b)-[a]->(c) RETURN count(a);
MATCH (b)-[a]->(c) RETURN count(a);
CREATE ({id:15})-[r0 :T6{id:16}]->({id:17}), ({id:18})-[r1 :T1{k36:NULL, id:19}]->({id:20})-[ :T0{k32:NULL, id:21}]->(n0{id:22}) MERGE ( :L1{id:23})-[r2 :T6{id:24}]-({id:25}) CREATE (n1{id:26})<-[r3 :T0{k28:isEmpty('F'), id:27}]-( :L3{id:28})<-[ :T2{k40:round((r2.k63)), id:29}]-(n2{id:30}) RETURN 1 AS a0 LIMIT 1;
CREATE ( { id : 15 } ) - [ r0 : T6 { id : 16 } ] - > ( { id : 17 } ) CREATE (m0{ id : 18 } )CREATE (m0)- [ r1 : T1 { k36 : CASE WHEN FALSE THEN NULL ELSE NULL END , id : 19 } ] - > ( { id : CASE WHEN FALSE THEN NULL ELSE 20 END } ) - [ : T0 { k32 : NULL , id : 21 } ] - > ( n0 { id : 22 } ) MERGE ( : L1 { id : CASE WHEN TRUE THEN 23 END } ) - [ r2 : T6 { id : 24 } ] - ( { id : 25 } ) CREATE ( n1 { id : 26 } ) < - [ r3 : T0 { k28 : isEmpty ( 'F' ) , id : 27 } ] - ( : L3 { id : CASE WHEN TRUE THEN 28 END } ) < - [ : T2 { k40 : CASE WHEN TRUE THEN round ( ( r2 . k63 ) ) END , id : 29 } ] - ( n2 { id : 30 } ) RETURN 1 AS a0 LIMIT 1 ;
MATCH (a) RETURN count(a);
MATCH (a) RETURN count(a);
MATCH (b)-[a]->(c) RETURN count(a);
MATCH (b)-[a]->(c) RETURN count(a);
OPTIONAL MATCH (n0)<-[r0]-(n1), ()<-[r1 :T6{k60:'W'}]-() WHERE false REMOVE n1.k2 SET n0.k=(r1.k60) RETURN n0 AS a0;
OPTIONAL MATCH ( n0 ) < - [ r0 ] - ( n1 ) ,( ) < - [ r1 : T6 { k60 : 'W' } ] - ( ) WHERE false FOREACH(f in [1]|REMOVE n1 . k2 ) SET n0 . k = ( r1 . k60 ) WITH * UNWIND [1] as l0 RETURN n0 AS a0 ;
