-- Time: 2024/04/11 13:48:23
-- Database: janusgraph_database467
-- Database version: composite
-- seed value: 1712812406990
CREATE (n0 :L0{k0 : 655917037, k1 : false, k2 : 'zysnJh', k3 : true, k4 : 'XgyN', k5 : 'st', id : 0});
CREATE (n0 :L2{k16 : 'zZlhL', k11 : false, id : 1, k13 : true, k12 : 1711324047, k15 : 'ZW', k14 : 439291415});
CREATE (n0 :L3{k17 : 'DmvS3', k19 : false, k18 : 2129716895, k20 : false, id : 2, k21 : 'f2'});
CREATE (n0 :L0{k0 : 1570126590, k1 : false, k3 : true, k4 : 'xh', k5 : 'WI', id : 3});
MATCH (n0 {id : 1}), (n1 {id : 0}) MERGE(n0)-[r :T1{k39 : 'C', k38 : 539979510, k40 : false, id : 4, k37 : false, k36 : -1115220876}]->(n1);
MATCH (n0 {id : 2}), (n1 {id : 0}) MERGE(n0)-[r :T4{k53 : 'QY7i1X', k55 : 'j32N', id : 5, k54 : 378765781, k57 : 'u', k56 : 1192423888}]->(n1);
MATCH (n0 {id : 2}), (n1 {id : 1}) MERGE(n0)-[r :T2{k42 : -144398713, k41 : 1797399449, k44 : -1661146272, id : 6, k43 : 'x3rHL', k45 : -858953687}]->(n1);
MATCH (n0 {id : 0}), (n1 {id : 1}) MERGE(n0)-[r :T0{k29 : 'Z', k31 : 'v', k30 : false, k33 : 890512077, id : 7, k32 : false, k35 : '2xGIQK', k34 : -1498570525}]->(n1);
MATCH (n0 {id : 2}), (n1 {id : 0}) MERGE(n0)-[r :T4{k53 : 'f', k55 : 'e', id : 8, k54 : 1907265088, k57 : 'u', k56 : 935546454}]->(n1);
MATCH (n0 {id : 2}), (n1 {id : 2}) MERGE(n0)-[r :T1{k39 : 'BFHafUw', k38 : 670660483, k40 : true, id : 9, k37 : true, k36 : 1328009888}]->(n1);
MATCH (n1)<-[]-(n2)<-[r0]-(n3) REMOVE n2.k2 SET n1.k=true RETURN 1 AS a1;
MATCH ( n1 ) < - [ ] - ( n2 ) < - [ r0 ] - ( n3 ) REMOVE n2 . k2 WITH * CALL{WITH *SET n1 . k = true } RETURN 1 AS a1 ;
MATCH (a) RETURN count(a);
MATCH (b)-[a]->(c) RETURN count(a);
MATCH (b)-[a]->(c) RETURN count(a);
OPTIONAL MATCH () WHERE NULL CREATE ( :L3{id:10})-[r0 :T1{k40:false, id:11}]->({id:12})-[ :T2{id:13}]->( :L2{id:14}) MERGE (n0{id:15}) RETURN DISTINCT (toStringOrNull(('Zgz'+'Rl'))+'n') AS a0, n0 AS a1 ORDER BY endNode(relationships(NULL)[toIntegerOrNull(abs(((-1998468488+1443795131)/-1200950404)))]), a0;
OPTIONAL MATCH ( ) WHERE NULL CREATE ( : L3 { id : 10 } ) - [ r0 : T1 { k40 : false , id : 11 } ] - > ( { id : 12 } ) - [ : T2 { id : 13 } ] - > ( : L2 { id : 14 } ) WITH * OPTIONAL MATCH ()-[:TYPE]-() MERGE ( n0 { id : CASE WHEN FALSE THEN NULL ELSE 15 END } ) RETURN DISTINCT ( toStringOrNull ( ( ('Zgz' +'') + (''+'Rl' )) ) + 'n' ) AS a0 , n0 AS a1 ORDER BY endNode(relationships(NULL)[toIntegerOrNull(abs(((-1998468488+1443795131)/-1200950404)))]), a0 ;
MATCH (a) RETURN count(a);
MATCH (a) RETURN count(a);
MATCH (b)-[a]->(c) RETURN count(a);
MATCH (b)-[a]->(c) RETURN count(a);
UNWIND keys({k1: 1886804611, k2: reverse('H')}) AS a0 CREATE (n0 :L2{id:16})-[r0 :T1{k36:639018952, id:17}]->(n1 :L0{id:18})<-[ :T4{k56:-1027981915, id:19}]-({id:20}), ({id:21})<-[ :T4{k54:((-349251606*NULL)+(length(NULL)+toIntegerOrNull(NULL))), id:22}]-({id:23}) CREATE (n2 :L0{id:24}) RETURN a0 AS a1;
UNWIND keys ( { k1 : 1886804611 , k2 : reverse ( 'H' ) } ) AS a0 UNWIND 1 as l0 CREATE ( n0 : L2 { id : 16 } ) - [ r0 : T1 { k36 : 639018952 , id : 17 } ] - > ( n1 : L0 { id : 18 } ) < - [ : T4 { k56 : -1027981915 , id : 19 } ] - ( { id : 20 } ) CREATE ({id:23})-[ : T4 { k54 : ( ( CASE WHEN FALSE THEN NULL ELSE -349251606 * NULL END ) + ( length ( NULL ) + toIntegerOrNull ( CASE WHEN FALSE THEN NULL ELSE NULL END ) ) ) , id : 22 } ] ->( { id : 21 } ) CREATE ( n2 : L0 { id : 24 } ) RETURN DISTINCT a0 AS a1 LIMIT 1 ;
MATCH (a) RETURN count(a);
MATCH (a) RETURN count(a);
MATCH (b)-[a]->(c) RETURN count(a);
MATCH (b)-[a]->(c) RETURN count(a);
CREATE ( :L0{k0:(NULL/NULL), id:25}) MERGE ({id:26}) MERGE (n0{id:27})-[r0 :T2{id:28}]->({id:29}) RETURN n0 AS a0;
CREATE ( : L0 { k0 : ( NULL / NULL ) , id : 25 } ) MERGE ( { id : 26 } ) WITH * MERGE ( n0 { id : CASE WHEN TRUE THEN 27 END } ) - [ r0 : T2 { id : 28 } ] - > ( { id : 29 } ) WITH * OPTIONAL MATCH ()-[:TYPE]-() RETURN n0 AS a0 ;
