-- Time: 2024/04/11 13:49:16
-- Database: janusgraph_database479
-- Database version: composite
-- seed value: 1712812407002
CREATE (n0 :L2{k17 : 1729907691, k16 : '7', id : 0, k13 : 'D', k12 : 'n3QB', k15 : 'l', k14 : 698796834});
CREATE (n0 :L4{k28 : -2069805346, k27 : 'P', id : 1, k24 : 604924196, k26 : 2026683648});
CREATE (n0 :L1{k5 : 677845179, id : 2, k6 : true, k10 : true, k7 : 'QBEV8', k8 : 'X', k9 : true});
CREATE (n0 {id : 3});
MATCH (n0 {id : 1}), (n1 {id : 0}) MERGE(n0)-[r :T6{k80 : false, k82 : 378596788, k84 : 54176366, k83 : 'J9BLsmX61', id : 4, k79 : 'zLB', k78 : -1823372831}]->(n1);
MATCH (n0 {id : 2}), (n1 {id : 0}) MERGE(n0)-[r :T5{k73 : '8ax', k75 : true, k77 : '9J80c', id : 5, k76 : 1244978287}]->(n1);
MATCH (n0 {id : 1}), (n1 {id : 1}) MERGE(n0)-[r :T3{k60 : true, k62 : 'Oy', k61 : 'LdMqN', k64 : 'bzbF', k63 : 'y', id : 6, k65 : 'aGN', k59 : 'C'}]->(n1);
MATCH (n0 {id : 0}), (n1 {id : 1}) MERGE(n0)-[r :T2{k53 : false, k52 : 'xYFSoJlW3', id : 7, k54 : '0vKShs3pU', k57 : 44510949, k56 : 'fGMZU', k58 : true}]->(n1);
MATCH (n0 {id : 2}), (n1 {id : 2}) MERGE(n0)-[r :T0{k40 : 'n', k42 : true, k41 : 'y', id : 8, k43 : -762225946, k45 : -2025522152}]->(n1);
MATCH (n0 {id : 1}), (n1 {id : 1}) MERGE(n0)-[r :T0{k40 : 'XkX8Wr', k42 : false, k41 : 'ebG', k44 : false, id : 9, k43 : -1303274557, k45 : -1104845236}]->(n1);
CREATE ({id:10})-[ :T2{id:11}]->(n0{id:12})-[ :T3{k59:NULL, id:13}]->(n1{id:14}) MERGE (n2{id:15}) SET n2.k=-1761528089 RETURN DISTINCT *, [false, false] AS a0;
CREATE ( { id : 10 } ) - [ : T2 { id : 11 } ] - > ( n0 { id : 12 } ) - [ : T3 { k59 : NULL , id : 13 } ] - > ( n1 { id : 14 } ) MERGE ( n2 { id : 15 } ) SET n2 . k = -1761528089 RETURN DISTINCT * , [ false , false ] AS a0 ;
MATCH (a) RETURN count(a);
MATCH (b)-[a]->(c) RETURN count(a);
MATCH (b)-[a]->(c) RETURN count(a);
OPTIONAL MATCH () CREATE (n0{id:16})<-[r0 :T6{id:17}]-(n1{k25:NULL, id:18})-[r1 :T3{id:19}]->({k23:round(-491875023), id:20}), p0=({k5:((length(NULL)*toIntegerList([true, false])[toIntegerOrNull(abs(CASE WHEN true THEN 1082407779 END))])*(476186556/(-524535684*(length(NULL)*-1781382182)))), id:21})-[ :T0{id:22}]->(n2{k10:true, id:23})-[ :T5{id:24}]->(n3{k11:-824403993, id:25}) MERGE p1=( :L1{id:26}) RETURN DISTINCT 1 AS a0, NULL AS a1;
OPTIONAL MATCH ( ) CREATE ( n0 { id : 16 } ) < - [ r0 : T6 { id : 17 } ] - ( n1 { k25 : NULL , id : CASE WHEN FALSE THEN NULL ELSE 18 END } ) - [ r1 : T3 { id : 19 } ] - > ( { k23 : round ( CASE WHEN TRUE THEN -491875023 END ) , id : 20 } ) CREATE p0 = ( { k5 : ( CASE WHEN FALSE THEN NULL ELSE ( length ( NULL ) * toIntegerList ( ([]+[ true , false ] )) [ toIntegerOrNull ( abs ( CASE WHEN true THEN 1082407779 END ) ) ] ) * ( 476186556 / ( -524535684 * ( length ( NULL ) * -1781382182 ) ) ) END ) , id : 21 } ) - [ : T0 { id : 22 } ] - > ( n2 { k10 : true , id : CASE WHEN FALSE THEN NULL ELSE 23 END } ) - [ : T5 { id : 24 } ] - > ( n3 { k11 : -824403993 , id : 25 } ) WITH * UNWIND 1 as l0 MERGE p1 = ( : L1 { id : 26 } ) RETURN DISTINCT 1 AS a0 , NULL AS a1 SKIP 1 ;
MATCH (a) RETURN count(a);
MATCH (a) RETURN count(a);
MATCH (b)-[a]->(c) RETURN count(a);
MATCH (b)-[a]->(c) RETURN count(a);
MERGE ({id:27}) MERGE (n6 :L1{id:28})-[r1 :T0{id:29}]->({id:30})-[ :T5{id:31}]-({id:32}) DETACH DELETE n6  RETURN DISTINCT NULL AS a2, NULL AS a3 LIMIT 1 UNION CREATE (n0{id:33})-[r0 :T0{id:34}]->({id:35})-[r1 :T6{id:36}]->( :L2{id:37}) CREATE (n1{id:38}), ({k23:NULL, id:39}) MERGE (n2{k23:559673278, id:40}) RETURN 1 AS a2, 1 AS a3;
MERGE ( { id : 27 } ) WITH * OPTIONAL MATCH ()-[:TYPE]-() MERGE ( n6 : L1 { id : CASE WHEN FALSE THEN NULL ELSE 28 END } ) - [ r1 : T0 { id : 29 } ] - > ( { id : 30 } ) - [ : T5 { id : 31 } ] - ( { id : 32 } ) FOREACH(f in [1]|DETACH DELETE n6 ) WITH * RETURN DISTINCT NULL AS a2 , NULL AS a3 LIMIT 1 UNION CREATE (n0{ id : 33 } )CREATE (n0)- [ r0 : T0 { id : 34 } ] - > ( { id : 35 } ) - [ r1 : T6 { id : 36 } ] - > ( : L2 { id : 37 } ) CREATE ( n1 { id : 38 } ) CREATE ( { k23 : CASE WHEN FALSE THEN NULL ELSE NULL END , id : 39 } ) MERGE ( n2 { k23 : 559673278 , id : 40 } ) WITH * OPTIONAL MATCH ()-[:TYPE]-() RETURN 1 AS a2 , 1 AS a3 ;
