-- Time: 2024/04/11 13:14:25
-- Database: janusgraph_database12
-- Database version: composite
-- seed value: 1712812406493
CREATE (n0 :L2{k17 : false, k16 : '87Si', k19 : 'jygldM', k18 : -1447389786, id : 0, k13 : -596877011, k15 : false, k14 : false});
CREATE (n0 :L2{k16 : '87Si', k19 : 'os9D', k18 : 2140586088, id : 1, k13 : -2135719246, k15 : false, k14 : true});
CREATE (n0 :L0{k0 : 'WCxR', k1 : true, k2 : false, k3 : 'qIGRi5d4', k4 : 696273921, k5 : false, id : 2});
CREATE (n0 {id : 3});
MATCH (n0 {id : 0}), (n1 {id : 0}) MERGE(n0)-[r :T2{k60 : false, k61 : 1848355455, k55 : -2078810476, id : 4, k57 : 'b', k56 : false, k59 : -54507088, k58 : true}]->(n1);
MATCH (n0 {id : 3}), (n1 {id : 3}) MERGE(n0)-[r :T2{k60 : true, k61 : -548320121, k55 : -1054990482, id : 5, k57 : '2', k56 : true, k59 : 858734933, k58 : true}]->(n1);
MATCH (n0 {id : 2}), (n1 {id : 2}) MERGE(n0)-[r :T1{k50 : 689344492, k53 : false, k52 : 1637638057, id : 6, k54 : '5z6m612j'}]->(n1);
MATCH (), () OPTIONAL MATCH () MERGE (n0{id:7}) RETURN n0 AS a0, n0 AS a1 SKIP 0;
MATCH ( ) ,( ) OPTIONAL MATCH ( ) OPTIONAL MATCH ()-[:TYPE]-() MERGE ( n0 { id : 7 } ) WITH * UNWIND 1 as l0 RETURN n0 AS a0 , n0 AS a1 SKIP 0 ;
MATCH (a) RETURN count(a);
MATCH (b)-[a]->(c) RETURN count(a);
MATCH (b)-[a]->(c) RETURN count(a);
UNWIND NULL AS a0 MERGE ( :L2{id:8}) MERGE ({id:9}) RETURN 1 AS a1, 1 AS a2;
UNWIND NULL AS a0 OPTIONAL MATCH ()-[:TYPE]-() MERGE pp0=( : L2 { id : 8 } ) MERGE ( { id : 9 } ) WITH * RETURN 1 AS a1 , 1 AS a2 LIMIT 1 ;
MATCH (a) RETURN count(a);
MATCH (a) RETURN count(a);
MATCH (b)-[a]->(c) RETURN count(a);
MATCH (b)-[a]->(c) RETURN count(a);
WITH * CREATE p0=(n0{id:10}), p1=(n1{id:11})<-[r0 :T2{k58:isEmpty([x IN [reverse('n6'), 'D']|reverse('3pTG')]), id:12}]-({id:13}) MERGE ({id:14}) RETURN 1 AS a0, 1 AS a1;
WITH * OPTIONAL MATCH ()-[:TYPE]-() CREATE p0 = ( n0 { id : 10 } ) CREATE p1=({id:13})-[ r0 : T2 { k58 : isEmpty ( [ x IN ([]+[ reverse ( 'n6' ) , 'D' ] )| reverse ( '3pTG' ) ] ) , id : 12 } ] ->( n1 { id : CASE WHEN FALSE THEN NULL ELSE 11 END } ) WITH * OPTIONAL MATCH ()-[:TYPE]-() MERGE pp0=( { id : 14 } ) RETURN 1 AS a0 , 1 AS a1 ;
MATCH (a) RETURN count(a);
MATCH (a) RETURN count(a);
MATCH (b)-[a]->(c) RETURN count(a);
MATCH (b)-[a]->(c) RETURN count(a);
UNWIND [(n0)-[]-()|NULL] AS a0 MATCH () WHERE isEmpty(CASE WHEN (true OR false) THEN properties(NULL) END) MERGE (n1{id:15}) RETURN n1 AS a1;
UNWIND [ ( n0 ) - [ ] - ( ) | NULL ] AS a0 MATCH ( ) WHERE isEmpty ( CASE WHEN ( true OR false ) THEN properties ( NULL ) END ) OPTIONAL MATCH ()-[:TYPE]-() MERGE ( n1 { id : 15 } ) WITH * RETURN n1 AS a1 LIMIT 1 ;
MATCH (a) RETURN count(a);
MATCH (a) RETURN count(a);
MATCH (b)-[a]->(c) RETURN count(a);
MATCH (b)-[a]->(c) RETURN count(a);
WITH -1203230969 AS a0 WHERE NULL MERGE (n0{id:16})<-[r0 :T1{id:17}]-({id:18}) CREATE ({id:19})-[r1 :T2{id:20}]->( :L2{id:21}) RETURN *;
WITH -1203230969 AS a0 WHERE CASE WHEN FALSE THEN NULL ELSE NULL END MERGE pp0=( n0 { id : 16 } ) < - [ r0 : T1 { id : 17 } ] - ( { id : 18 } ) CREATE ( { id : 19 } ) - [ r1 : T2 { id : 20 } ] - > ( : L2 { id : 21 } ) WITH * OPTIONAL MATCH ()-[:TYPE]-() RETURN * ;
MATCH (a) RETURN count(a);
MATCH (a) RETURN count(a);
MATCH (b)-[a]->(c) RETURN count(a);
MATCH (b)-[a]->(c) RETURN count(a);
OPTIONAL MATCH ()-[ :T2{k60:true}]-(), ({k18:toIntegerList([{k1: 'U4wI', k2: 'ZyBm'}, NULL])[toIntegerOrNull(abs(1148448384))]}) MERGE ({id:22})<-[ :T2{k59:-63455966, id:23}]-({id:24}) CREATE p0=({id:25})<-[r0 :T2{id:26}]-({id:27}), (n0{id:28})<-[ :T2{id:29}]-({id:30}) RETURN 1 AS a0;
OPTIONAL MATCH (nn0),()<-[m1:T2{k60:true}]-(),(nn2),({k18:toIntegerList([{k1: 'U4wI', k2: 'ZyBm'}, NULL])[toIntegerOrNull(abs(1148448384))]}) WHERE exists((nn0)-[m1]-(nn2)) MERGE ( { id : 22 } ) < - [ : T2 { k59 : -63455966 , id : 23 } ] - ( { id : 24 } ) WITH * UNWIND [NULL] as l0 CREATE p0=({id:27})-[ r0 : T2 { id : 26 } ] ->( { id : 25 } ) CREATE ( n0 { id : 28 } ) < - [ : T2 { id : 29 } ] - ( { id : CASE WHEN TRUE THEN 30 END } ) RETURN 1 AS a0 ;
MATCH (a) RETURN count(a);
MATCH (a) RETURN count(a);
MATCH (b)-[a]->(c) RETURN count(a);
MATCH (b)-[a]->(c) RETURN count(a);
MERGE (n2{k14:false, id:31}) SET n2.k=-1678288783 CREATE (n3 :L2{id:32}), ( :L2{id:33}) RETURN 1 AS a1, n2 AS a2 ORDER BY NULL;
MERGE ( n2 { k14 : false , id : 31 } ) WITH * SET n2 . k = -1678288783 WITH * CREATE ( n3 : L2 { id : 32 } ) CREATE ( : L2 { id : 33 } ) RETURN 1 AS a1 , n2 AS a2 ORDER BY NULL DESC ;
MATCH (a) RETURN count(a);
MATCH (a) RETURN count(a);
MATCH (b)-[a]->(c) RETURN count(a);
MATCH (b)-[a]->(c) RETURN count(a);
UNWIND NULL AS a0 CREATE (n1{id:34}), ({id:35})-[ :T1{id:36}]->({id:37}) MERGE (n2{id:38}) RETURN 1 AS a1 LIMIT 0;
UNWIND NULL AS a0 CREATE ( n1 { id : 34 } ) CREATE ( { id : 35 } ) - [ : T1 { id : 36 } ] - > ( { id : 37 } ) WITH * MERGE ( n2 { id : CASE WHEN TRUE THEN 38 END } ) WITH * OPTIONAL MATCH ()-[:TYPE]-() RETURN 1 AS a1 ORDER BY TRUE LIMIT 0 ;
MATCH (a) RETURN count(a);
MATCH (a) RETURN count(a);
MATCH (b)-[a]->(c) RETURN count(a);
MATCH (b)-[a]->(c) RETURN count(a);
MERGE (n0{id:39})-[r0 :T1{k53:true, id:40}]->({id:41}) SET n0.k=toStringOrNull(properties(r0)) CREATE (n1{id:42}) RETURN n0 AS a0 UNION WITH DISTINCT NULL AS a0 WHERE NULL UNWIND [x IN [toStringOrNull('a2'), toStringOrNull({k1: NULL, k2: NULL})]|relationships(NULL)[toIntegerOrNull(abs(NULL))]] AS a1 CREATE ({id:43}), (n1{id:44}) RETURN sum(NULL) AS a0;
MERGE ( n0 { id : 39 } ) - [ r0 : T1 { k53 : true , id : 40 } ] - > ( { id : 41 } ) SET n0 . k = toStringOrNull ( properties ( r0 ) ) CREATE ( n1 { id : 42 } ) WITH * RETURN n0 AS a0 UNION WITH DISTINCT NULL AS a0 WHERE NULL OPTIONAL MATCH ()-[:TYPE]-() UNWIND [ x IN ([ toStringOrNull ( (''+'a2' )) , toStringOrNull ( { k1 : CASE WHEN TRUE THEN NULL END , k2 : NULL } ) ] +[]) | CASE WHEN FALSE THEN NULL ELSE relationships ( NULL ) [ toIntegerOrNull ( abs ( NULL ) ) ] END ] AS a1 CREATE ( { id : 43 } ) CREATE ( n1 { id : 44 } ) WITH * UNWIND [1] as l0 RETURN sum ( NULL ) AS a0 ;
MATCH (a) RETURN count(a);
MATCH (a) RETURN count(a);
MATCH (b)-[a]->(c) RETURN count(a);
MATCH (b)-[a]->(c) RETURN count(a);
UNWIND [(n0 :L0)-[ :T1{k53:false}]->(n1)|{k1: relationships(NULL)[toIntegerOrNull(abs(-844107993))], k2: toIntegerList([])[toIntegerOrNull(abs(262570708))]}] AS a0 UNWIND [false] AS a1 CREATE p0=( :L0{id:45})-[r0 :T1{id:46}]->(n2{k5:false, id:47}), (n3{id:48}) RETURN 1 AS a2 LIMIT 1;
UNWIND [ ( n0 : L0 ) - [ : T1 { k53 : CASE WHEN FALSE THEN NULL ELSE false END } ] - > ( n1 ) | { k1 : relationships ( NULL ) [ toIntegerOrNull ( abs ( -844107993 ) ) ] , k2 : toIntegerList ( CASE WHEN FALSE THEN NULL ELSE [ ] END ) [ toIntegerOrNull ( abs ( 262570708 ) ) ] } ] AS a0 WITH * UNWIND ([ false ] +[]) AS a1 CREATE p0 = ( : L0 { id : CASE WHEN TRUE THEN 45 END } ) - [ r0 : T1 { id : 46 } ] - > ( n2 { k5 : false , id : 47 } ) CREATE ( n3 { id : 48 } ) WITH * RETURN 1 AS a2 SKIP 1 LIMIT 1 ;
MATCH (a) RETURN count(a);
MATCH (a) RETURN count(a);
MATCH (b)-[a]->(c) RETURN count(a);
MATCH (b)-[a]->(c) RETURN count(a);
OPTIONAL MATCH (n0 :L0{k3:type(relationships(NULL)[toIntegerOrNull(abs(-687703794))])})<-[]-(n2), () WHERE (true OR true) REMOVE n0.k2 MERGE p0=({k4:1371078931, id:49}) RETURN DISTINCT n2 AS a0, n2 AS a1;
OPTIONAL MATCH (n0:L0),()<-[m0]-(),(n2),() WHERE exists((n0{k3:type(relationships(NULL)[toIntegerOrNull(abs(-687703794))])})<-[m0]-(n2)) AND (( true OR true ) )REMOVE n0 . k2 WITH * OPTIONAL MATCH ()-[:TYPE]-() MERGE p0 = ( { k4 : 1371078931 , id : 49 } ) RETURN DISTINCT n2 AS a0 , CASE WHEN TRUE THEN n2 END AS a1 ;
MATCH (a) RETURN count(a);
MATCH (a) RETURN count(a);
MATCH (b)-[a]->(c) RETURN count(a);
MATCH (b)-[a]->(c) RETURN count(a);
MERGE (n0 :L0{id:50})-[r0 :T2{id:51}]-({id:52}) SET n0.k=((('J'+toStringOrNull(NULL))+CASE WHEN (n0.k1) THEN (n0.k0) END)+'b') MERGE ({id:53}) RETURN (n0.k0) AS a0, n0 AS a1;
MERGE ( n0 : L0 { id : 50 } ) - [ r0 : T2 { id : 51 } ] - ( { id : 52 } ) SET n0 . k = ( CASE WHEN FALSE THEN NULL ELSE ( ( 'J' + toStringOrNull ( NULL ) ) + CASE WHEN ( n0 . k1 ) THEN CASE WHEN FALSE THEN NULL ELSE ( CASE WHEN TRUE THEN n0 . k0 END ) END END ) + 'b' END ) WITH * OPTIONAL MATCH ()-[:TYPE]-() MERGE ( { id : 53 } ) RETURN ( CASE WHEN TRUE THEN n0 . k0 END ) AS a0 , n0 AS a1 SKIP 1 LIMIT 1 ;
MATCH (a) RETURN count(a);
MATCH (a) RETURN count(a);
MATCH (b)-[a]->(c) RETURN count(a);
MATCH (b)-[a]->(c) RETURN count(a);
UNWIND labels(endNode(NULL)) AS a0 MATCH (), ()-[*..2]-() CREATE p0=({id:54})<-[r0 :T2{id:55}]-({id:56}) RETURN 1 AS a1, a0 AS a2 ORDER BY a1 LIMIT 1;
UNWIND labels ( CASE WHEN FALSE THEN NULL ELSE endNode ( NULL ) END ) AS a0 WITH * MATCH ( ) ,()-[*0..0]-( ) - [ * .. 2 ] - ( ) CREATE (m0{ id : 54 } )CREATE (m0)< - [ r0 : T2 { id : 55 } ] - ( { id : 56 } ) RETURN CASE WHEN TRUE THEN 1 END AS a1 , a0 AS a2 ORDER BY a1 LIMIT 1 ;
MATCH (a) RETURN count(a);
MATCH (a) RETURN count(a);
MATCH (b)-[a]->(c) RETURN count(a);
MATCH (b)-[a]->(c) RETURN count(a);
MERGE ({id:57}) MERGE p0=(n0{id:58}) SET n0.k=toStringList([(false IS NULL)])[toIntegerOrNull(abs(552194959))] RETURN *, 1 AS a0;
MERGE ( { id : CASE WHEN TRUE THEN 57 END } ) MERGE p0 = ( n0 { id : 58 } ) SET n0 . k = toStringList ( CASE WHEN TRUE THEN [ ( false IS NULL ) ] END ) [ toIntegerOrNull ( CASE WHEN FALSE THEN NULL ELSE abs ( 552194959 ) END ) ] RETURN * , 1 AS a0 ORDER BY FALSE DESC ;
MATCH (a) RETURN count(a);
MATCH (a) RETURN count(a);
MATCH (b)-[a]->(c) RETURN count(a);
MATCH (b)-[a]->(c) RETURN count(a);
MERGE ( :L2{id:59})-[r0 :T1{id:60}]-(n0{id:61}) CREATE (n1{id:62})<-[ :T2{id:63}]-({id:64}) DETACH DELETE n0  RETURN 1 AS a0, 1 AS a1;
MERGE ( : L2 { id : 59 } ) - [ r0 : T1 { id : 60 } ] - ( n0 { id : 61 } ) WITH * CREATE ( n1 { id : 62 } ) < - [ : T2 { id : CASE WHEN FALSE THEN NULL ELSE 63 END } ] - ( { id : 64 } ) WITH * OPTIONAL MATCH ()-[:TYPE]-() DETACH DELETE CASE WHEN TRUE THEN n0 END WITH * UNWIND [NULL] as l0 RETURN 1 AS a0 , 1 AS a1 ;
