-- Time: 2024/04/11 13:14:15
-- Database: janusgraph_database10
-- Database version: composite
-- seed value: 1712812406491
CREATE (n0 :L0{k0 : true, k1 : 'M', k2 : 't', k3 : 'HH87', k4 : 1537794265, k5 : false, id : 0, k6 : 777966612});
CREATE (n0 {id : 1});
CREATE (n0 :L4{k28 : true, k27 : 'W', k29 : 'o', k30 : 262568157, id : 2, k26 : false});
CREATE (n0 :L1{k11 : true, id : 3, k10 : 'wZ', k7 : -2126214196, k8 : 2120216765, k12 : 'GEp3Wqtd', k9 : -1712735222});
MATCH (n0 {id : 1}), (n1 {id : 2}) MERGE(n0)-[r :T1{k51 : 'De0GKrZAX', k50 : '5G6ak6o', k53 : 1989072219, k52 : 'Ak', k55 : -974175915, id : 4, k54 : true}]->(n1);
MATCH (n0 {id : 0}), (n1 {id : 1}) MERGE(n0)-[r :T5{k73 : false, k75 : 'pwVCdDEL', k74 : true, k77 : true, id : 5, k76 : true, k78 : 'n'}]->(n1);
MATCH (n0 {id : 1}), (n1 {id : 1}) MERGE(n0)-[r :T1{k51 : '7Td', k50 : 'mUYMU3', k53 : -420390905, k52 : 'iM', k55 : 830942294, id : 6}]->(n1);
MATCH (n0 {id : 0}), (n1 {id : 1}) MERGE(n0)-[r :T2{k60 : 'vrlBB1lX', k61 : 486292509, id : 7, k57 : false, k56 : '9V7', k59 : true, k58 : -1386864336}]->(n1);
MATCH (n0 {id : 2}), (n1 {id : 0}) MERGE(n0)-[r :T5{k73 : false, k75 : 'R', k74 : true, k77 : false, id : 8, k76 : true, k78 : 'O'}]->(n1);
OPTIONAL MATCH (n0)-[*0..1]->(n1)-[ :T1{k54:exists(()-[ :T2{k58:((NULL/(2031156650*NULL))+1647668304)}]->()-[]-({k30:NULL}))}]-() SET n1.k=NULL CREATE ({id:9}) RETURN 1 AS a0 ORDER BY a0;
OPTIONAL MATCH (n0)-[*0..0]-( n0 ) - [ * 0 .. 1 ] - > ( n1 ) - [ : T1 { k54 : exists ( ( ) - [ : T2 { k58 : ( ( CASE WHEN FALSE THEN NULL ELSE NULL / ( 2031156650 * NULL ) END ) + 1647668304 ) } ] - > ( ) - [ ] - ( { k30 : NULL } ) ) } ] - ( ) SET n1 . k = NULL CREATE ( { id : 9 } ) WITH * UNWIND [NULL] as l0 RETURN 1 AS a0 ORDER BY a0 ,FALSE ;
MATCH (a) RETURN count(a);
MATCH (b)-[a]->(c) RETURN count(a);
MATCH (b)-[a]->(c) RETURN count(a);
MATCH (), () MERGE ({k5:true, id:10})-[r0 :T2{id:11}]->({id:12})-[r1 :T1{k53:-632565921, id:13}]->(n0{id:14}) REMOVE n0.k2 RETURN 1 AS a3 LIMIT 0;
MATCH ( ) ,()-[*0..0]-( ) MERGE ( { k5 : true , id : 10 } ) - [ r0 : T2 { id : 11 } ] - > ( { id : 12 } ) - [ r1 : T1 { k53 : -632565921 , id : 13 } ] - > ( n0 { id : 14 } ) FOREACH(f in [1]|REMOVE n0 . k2 ) WITH * UNWIND 1 as l0 RETURN 1 AS a3 LIMIT 0 ;
MATCH (a) RETURN count(a);
MATCH (a) RETURN count(a);
MATCH (b)-[a]->(c) RETURN count(a);
MATCH (b)-[a]->(c) RETURN count(a);
MATCH (), (n0) WHERE isEmpty(keys(endNode(NULL))) SET n0.k='e' SET n0.k=NULL RETURN n0 AS a0, 1 AS a1 SKIP 1;
MATCH ( ) ,(n0)-[*0..0]-( n0 ) WHERE isEmpty ( keys ( endNode ( NULL ) ) ) UNWIND [NULL] as l0 SET n0 . k = 'e' WITH * UNWIND [1] as l1 SET n0 . k = NULL RETURN n0 AS a0 , 1 AS a1 SKIP 1 ;
MATCH (a) RETURN count(a);
MATCH (a) RETURN count(a);
MATCH (b)-[a]->(c) RETURN count(a);
MATCH (b)-[a]->(c) RETURN count(a);
OPTIONAL MATCH (n0)-[ :T1{k52:NULL}]->(n1) UNWIND toBooleanList([NULL, NULL]) AS a5 REMOVE n0.k2 RETURN n0 AS a6, a5 AS a7;
OPTIONAL MATCH ( n0 ) - [ : T1 { k52 : NULL } ] - > ( n1 ) WHERE TRUE UNWIND CASE WHEN FALSE THEN NULL ELSE toBooleanList ( [ NULL , CASE WHEN FALSE THEN NULL ELSE NULL END ] ) END AS a5 OPTIONAL MATCH ()-[:TYPE]-() WITH * CALL{WITH *REMOVE n0 . k2 } WITH * OPTIONAL MATCH ()-[:TYPE]-() RETURN n0 AS a6 , a5 AS a7 ;
MATCH (a) RETURN count(a);
MATCH (a) RETURN count(a);
MATCH (b)-[a]->(c) RETURN count(a);
MATCH (b)-[a]->(c) RETURN count(a);
MERGE ({id:15}) CREATE (n0{id:16})-[ :T1{id:17}]->(n1{id:18})-[r0 :T1{k54:NULL, id:19}]->({id:20}) CREATE ( :L4{k28:NULL, id:21})-[ :T5{id:22}]->(n2{id:23})-[r1 :T2{k57:NULL, id:24}]->({id:25}) RETURN 1 AS a0;
MERGE pp0=( { id : 15 } ) CREATE ( n0 { id : 16 } ) - [ : T1 { id : 17 } ] - > ( n1 { id : 18 } ) - [ r0 : T1 { k54 : NULL , id : 19 } ] - > ( { id : 20 } ) CREATE ( : L4 { k28 : NULL , id : 21 } ) - [ : T5 { id : CASE WHEN FALSE THEN NULL ELSE 22 END } ] - > ( n2 { id : 23 } ) - [ r1 : T2 { k57 : NULL , id : 24 } ] - > ( { id : CASE WHEN FALSE THEN NULL ELSE 25 END } ) RETURN 1 AS a0 LIMIT 1 ;
