-- Time: 2024/04/11 13:23:33
-- Database: janusgraph_database131
-- Database version: composite
-- seed value: 1712812406613
CREATE (n0 {id : 0});
CREATE (n0 :L0{k0 : 'f', k1 : false, k2 : 'NCj8nt54G', k3 : 'tz', k4 : 1422103394, k5 : false, id : 1});
CREATE (n0 :L3{k17 : 'amb', k18 : 'HCrzxelcn', k20 : '3NoWq8', k22 : true, id : 2, k21 : 'L2f'});
CREATE (n0 :L2{k16 : -1674025765, id : 3, k13 : 'C', k12 : -1555142943, k15 : true, k14 : 1004352012});
MATCH (n0 {id : 1}), (n1 {id : 2}) MERGE(n0)-[r :T1{k39 : -1064402233, k38 : 'H', k40 : 'xbR', k42 : -1610206493, id : 4, k37 : 'J'}]->(n1);
MATCH (n0 {id : 2}), (n1 {id : 2}) MERGE(n0)-[r :T3{k49 : true, k51 : 'A', k50 : false, k53 : false, k52 : true, id : 5, k54 : 's6orNp', k48 : 'WU2otp'}]->(n1);
MATCH (n0 {id : 3}), (n1 {id : 1}) MERGE(n0)-[r :T3{k51 : 'iP57U', k50 : true, k53 : true, k52 : false, id : 6, k54 : 'bS'}]->(n1);
MATCH (n0 {id : 1}), (n1 {id : 3}) MERGE(n0)-[r :T5{k62 : false, k64 : 1891304895, k63 : true, k66 : 'Hv', id : 7, k65 : 'T', k67 : 460376265}]->(n1);
MATCH (n0 {id : 1}), (n1 {id : 2}) MERGE(n0)-[r :T2{k44 : true, id : 8, k46 : -969801972, k45 : false}]->(n1);
OPTIONAL MATCH (n3) REMOVE n3.k2 CREATE (n4 :L0{k0:NULL, id:9})-[r0 :T2{id:10}]->(n5{id:11}), (n6{id:12}) RETURN DISTINCT *;
OPTIONAL MATCH ( n3 ) FOREACH(f in [1]|REMOVE n3 . k2 ) CREATE ( n4 : L0 { k0 : NULL , id : 9 } ) - [ r0 : T2 { id : CASE WHEN FALSE THEN NULL ELSE 10 END } ] - > ( n5 { id : 11 } ) CREATE ( n6 { id : 12 } ) RETURN DISTINCT * ;
MATCH (a) RETURN count(a);
MATCH (b)-[a]->(c) RETURN count(a);
MATCH (b)-[a]->(c) RETURN count(a);
CREATE p0=({id:13})-[r0 :T2{id:14}]->(n0 :L3{k20:NULL, id:15}) CREATE (n1{id:16}) MERGE ( :L2{k13:'TpXvFxd', id:17})<-[r1 :T5{k65:'O', id:18}]-(n2{k4:-1189970402, id:19})-[r2 :T1{id:20}]->({id:21}) RETURN 1 AS a0 SKIP 1;
CREATE p0 = ( { id : 13 } ) - [ r0 : T2 { id : 14 } ] - > ( n0 : L3 { k20 : NULL , id : 15 } ) CREATE ( n1 { id : 16 } ) MERGE ( : L2 { k13 : CASE WHEN TRUE THEN 'TpXvFxd' END , id : 17 } ) < - [ r1 : T5 { k65 : 'O' , id : 18 } ] - ( n2 { k4 : CASE WHEN TRUE THEN -1189970402 END , id : 19 } ) - [ r2 : T1 { id : CASE WHEN TRUE THEN 20 END } ] - > ( { id : 21 } ) RETURN CASE WHEN TRUE THEN 1 END AS a0 SKIP 1 ;
