-- Time: 2024/04/11 14:07:46
-- Database: janusgraph_database729
-- Database version: composite
-- seed value: 1712812407253
CREATE (n0 :L2{k17 : true, k16 : -1606983324, id : 0, k13 : '2E', k12 : -1116013062, k15 : 'XHWcWwZ', k14 : true});
CREATE (n0 :L4{k28 : 1624254717, k27 : 'Y', id : 1, k24 : 302014304, k26 : '6'});
CREATE (n0 :L2{k16 : -1622508741, k18 : 848542808, id : 2, k13 : 'fi', k12 : 1309844035, k15 : 'XHWcWwZ', k14 : false});
CREATE (n0 :L4{k28 : 1624254717, k27 : 'Y', id : 3, k24 : -2080866607, k26 : 'yb', k25 : 'LcXgcPh'});
MATCH (n0 {id : 2}), (n1 {id : 2}) MERGE(n0)-[r :T1{k42 : -1450508581, k41 : -35734612, k44 : false, id : 4, k43 : 1093194919, k46 : true, k45 : -335562750}]->(n1);
MATCH (n0 {id : 2}), (n1 {id : 2}) MERGE(n0)-[r :T4{k60 : false, k62 : false, k61 : -1140816638, k63 : -2079671850, id : 5, k59 : 't', k58 : false}]->(n1);
MATCH (n0 {id : 2}), (n1 {id : 3}) MERGE(n0)-[r :T2{k49 : '6', k51 : 'bU', k50 : 'Q', id : 6, k48 : false}]->(n1);
MATCH (n0 {id : 2}), (n1 {id : 0}) MERGE(n0)-[r :T1{k42 : 1822895040, k41 : -1008151507, k44 : true, id : 7, k43 : 1449351197, k46 : true, k45 : 752826110}]->(n1);
MATCH (n0 {id : 3}), (n1 {id : 3}) MERGE(n0)-[r :T5{k70 : -1904553059, k64 : 'UUL7lubT', k66 : '0aGTs752L', id : 8, k65 : 'Hfz', k68 : '1', k67 : false, k69 : 'Xn'}]->(n1);
MATCH (n0 {id : 1}), (n1 {id : 0}) MERGE(n0)-[r :T0{k39 : false, k38 : 1449197164, k40 : -261500284, id : 9, k35 : 2022318686, k34 : 'FsBbHxyq', k37 : 1115091382, k36 : true}]->(n1);
MATCH (n0 {id : 2}), (n1 {id : 2}) MERGE(n0)-[r :T3{k53 : false, k52 : 'se', k55 : -1396897655, id : 10, k54 : 'D8P', k57 : 's', k56 : 'L'}]->(n1);
OPTIONAL MATCH ( :L2)-[ :T1{k45:((toIntegerOrNull(properties(NULL))-339103071)*-1323551758)}]-(n0), (n1)<-[]-()-[r0 :T3{k54:substring('cvy20K', toIntegerOrNull(abs(-506365939)), toIntegerOrNull(abs(NULL)))}]-() CREATE (n2 :L4{k27:(r0.k56), id:11}) DETACH DELETE n1  RETURN n0 AS a0;
OPTIONAL MATCH ( : L2 ) - [ : T1 { k45 : ( ( toIntegerOrNull ( CASE WHEN FALSE THEN NULL ELSE properties ( NULL ) END ) -339103071 ) * -1323551758 ) } ] - ( n0 ) ,( n1 ) < - [ ] - ( ) - [ r0 : T3 { k54 : (substring ( 'cvy20K' , toIntegerOrNull ( abs ( -506365939 ) ) , toIntegerOrNull ( abs ( NULL ) ) ) +'') } ] - ( ) CREATE ( n2 : L4 { k27 : ( r0 . k56 ) , id : CASE WHEN TRUE THEN 11 END } ) DETACH DELETE CASE WHEN FALSE THEN NULL ELSE n1 END WITH * RETURN n0 AS a0 ;
MATCH (a) RETURN count(a);
MATCH (b)-[a]->(c) RETURN count(a);
MATCH (b)-[a]->(c) RETURN count(a);
CREATE ( :L2{id:12})-[r0 :T4{id:13}]->(n0{id:14}) MERGE ( :L2{id:15}) MERGE (n1{id:16}) RETURN 1 AS a2, n1 AS a3;
CREATE (m0: L2 { id : 12 } )CREATE (m0)- [ r0 : T4 { id : CASE WHEN FALSE THEN NULL ELSE 13 END } ] - > ( n0 { id : 14 } ) WITH * MERGE ( : L2 { id : CASE WHEN FALSE THEN NULL ELSE 15 END } ) MERGE ( n1 { id : 16 } ) WITH * RETURN 1 AS a2 , n1 AS a3 ;
