-- Time: 2024/04/11 14:35:17
-- Database: janusgraph_database1100
-- Database version: composite
-- seed value: 1712812407625
CREATE (n0 :L3{k19 : 714765192, k18 : 877595486, k20 : 1527194719, k22 : 'V', id : 0, k21 : true, k23 : 9244605});
CREATE (n0 :L4{k28 : -676047133, k27 : 'fR', id : 1, k24 : -578725416, k25 : -218112184});
CREATE (n0 :L5{k29 : true, k31 : false, k30 : false, k33 : true, id : 2, k32 : true});
CREATE (n0 :L2{k17 : 'TCFwiH', k16 : 'EXdIwo', id : 3, k13 : true, k15 : '1a', k14 : 'S'});
MATCH (n0 {id : 2}), (n1 {id : 0}) MERGE(n0)-[r :T3{k60 : false, k62 : 'wDqKi', k61 : -346810081, k64 : 'ry', id : 4, k65 : -929465271, k59 : 356322430}]->(n1);
MATCH (n0 {id : 0}), (n1 {id : 3}) MERGE(n0)-[r :T0{k40 : 119074131, k42 : -2094091759, k41 : false, k44 : -1390486578, id : 5, k46 : -1410099392, k45 : false}]->(n1);
MATCH (n0 {id : 2}), (n1 {id : 2}) MERGE(n0)-[r :T1{k49 : 1729780227, k51 : 'w', k50 : true, id : 6, k48 : 'H', k47 : true}]->(n1);
MATCH (n0 {id : 2}), (n1 {id : 1}) MERGE(n0)-[r :T0{k40 : -952761077, k42 : 83648227, k41 : true, k44 : -2121784551, id : 7, k43 : 'Ck', k46 : -970788464, k45 : true}]->(n1);
MERGE ({id:8})-[r0 :T3{id:9}]-( :L5{id:10}) CREATE (n0{id:11}), ( :L3{k19:(r0.k59), id:12})<-[r1 :T3{k64:(r0.k62), id:13}]-(n1 :L5{id:14})-[r2 :T0{k44:CASE WHEN ((883646810/755337787) >= 1590130277) THEN -674335022 END, id:15}]->({k26:CASE WHEN (r0.k60) THEN 'f' END, id:16}) MERGE ({id:17})-[r3 :T1{k48:'0', id:18}]->({k33:false, id:19}) RETURN 1 AS a0, 1 AS a1 ORDER BY (r0.k59), a0 DESC;
MERGE ( { id : 8 } ) - [ r0 : T3 { id : 9 } ] - ( : L5 { id : CASE WHEN TRUE THEN 10 END } ) WITH * CREATE ( n0 { id : 11 } ) CREATE (m0: L3 { k19 : CASE WHEN FALSE THEN NULL ELSE ( r0 . k59 ) END , id : 12 } )CREATE (m0)< - [ r1 : T3 { k64 : ( r0 . k62 ) , id : 13 } ] - ( n1 : L5 { id : 14 } ) - [ r2 : T0 { k44 : CASE WHEN ( ( CASE WHEN FALSE THEN NULL ELSE 883646810 / 755337787 END ) >= 1590130277 ) THEN CASE WHEN TRUE THEN -674335022 END END , id : 15 } ] - > ( { k26 : CASE WHEN CASE WHEN TRUE THEN ( r0 . k60 ) END THEN 'f' END , id : 16 } ) MERGE ( { id : 17 } ) - [ r3 : T1 { k48 : '0' , id : CASE WHEN FALSE THEN NULL ELSE 18 END } ] - > ( { k33 : false , id : 19 } ) WITH * RETURN 1 AS a0 , CASE WHEN FALSE THEN NULL ELSE 1 END AS a1 ORDER BY (r0.k59), a0 DESC ;
MATCH (a) RETURN count(a);
MATCH (b)-[a]->(c) RETURN count(a);
MATCH (b)-[a]->(c) RETURN count(a);
OPTIONAL MATCH ()-[r0 :T0{k40:452770425}]->(n0), ()-[]->()-[r1]-({k13:(r0.k41)}) CREATE (n1{k32:exists(()<-[{k42:(-716362408--330855294)}]-()), id:20}), (n2{id:21}) CREATE ({k29:true, id:22})-[ :T0{id:23}]->(n3{id:24}) RETURN NULL AS a0, properties(r0) AS a1 SKIP 1;
OPTIONAL MATCH ( ) - [ r0 : T0 { k40 : 452770425 } ] - > ( n0 ) ,( ) - [ ] - > ( ) - [ r1 ] - ( { k13 : ( r0 . k41 ) } ) CREATE ( n1 { k32 : exists ( ( ) < - [ { k42 : ( CASE WHEN TRUE THEN -716362408 - -330855294 END ) } ] - ( ) ) , id : 20 } ) CREATE ( n2 { id : 21 } ) WITH * CREATE (m0{ k29 : true , id : 22 } )CREATE (m0)- [ : T0 { id : 23 } ] - > ( n3 { id : 24 } ) RETURN NULL AS a0 , properties ( r0 ) AS a1 SKIP 1 ;
MATCH (a) RETURN count(a);
MATCH (a) RETURN count(a);
MATCH (b)-[a]->(c) RETURN count(a);
MATCH (b)-[a]->(c) RETURN count(a);
UNWIND [x IN [relationships(NULL), [[731613434], NULL]]] AS a0 MATCH (), (n0) WHERE NULL CREATE (n1{id:25}) RETURN DISTINCT 1 AS a1, n0 AS a2;
UNWIND [ x IN [ relationships ( NULL ) , [ [ 731613434 ] , NULL ] ] ] AS a0 MATCH ( ) ,(n0)-[*0..0]-( n0 ) WITH * WHERE NULL UNWIND [1] as l0 CREATE ( n1 { id : 25 } ) RETURN DISTINCT 1 AS a1 , CASE WHEN TRUE THEN n0 END AS a2 ORDER BY 1 ;
MATCH (a) RETURN count(a);
MATCH (a) RETURN count(a);
MATCH (b)-[a]->(c) RETURN count(a);
MATCH (b)-[a]->(c) RETURN count(a);
MATCH ()-[r0]-() UNWIND nodes(NULL) AS a0 CREATE (n0 :L3{id:26}) RETURN 1 AS a1, relationships(NULL) AS a2 ORDER BY a1 DESC;
MATCH ()-[*0..0]-( ) - [ r0 ] - ( ) UNWIND 1 as l0 UNWIND nodes ( NULL ) AS a0 CREATE ( n0 : L3 { id : 26 } ) WITH * UNWIND [NULL] as l1 RETURN 1 AS a1 , (relationships ( NULL ) +[]) AS a2 ORDER BY a1 DESC ,NULL DESC ;
MATCH (a) RETURN count(a);
MATCH (a) RETURN count(a);
MATCH (b)-[a]->(c) RETURN count(a);
MATCH (b)-[a]->(c) RETURN count(a);
OPTIONAL MATCH ()-[]-(n0), p0=(n1)-[r0]-(n0) DETACH DELETE r0  CREATE ( :L5{id:27})-[r1 :T1{k51:NULL, id:28}]->( :L5{id:29}) RETURN p0 AS a0, n0 AS a1;
OPTIONAL MATCH ( ) - [ ] - ( n0 ) ,p0 = (n1)-[*0..0]-( n1 ) - [ r0 ] - ( n0 ) WITH * DETACH DELETE r0 CREATE ( : L5 { id : 27 } ) - [ r1 : T1 { k51 : NULL , id : 28 } ] - > ( : L5 { id : 29 } ) RETURN p0 AS a0 , CASE WHEN FALSE THEN NULL ELSE n0 END AS a1 ORDER BY 1 ;
