-- Time: 2024/04/11 13:47:38
-- Database: janusgraph_database457
-- Database version: composite
-- seed value: 1712812406980
CREATE (n0 :L3{k17 : false, k18 : true, k20 : -706398199, k22 : 1615762793, id : 0, k21 : -1586979151, k23 : 'WhF3B'});
CREATE (n0 :L3{k17 : true, k19 : 'ErXpXcQXp', k20 : 1845670539, k22 : 616947422, id : 1, k21 : -817359171, k23 : 'y'});
CREATE (n0 :L2{k16 : 1082252036, k11 : 30800837, id : 2, k10 : -1547179787, k13 : -453651041, k12 : 266767623, k14 : 1854565642});
CREATE (n0 :L4{k28 : true, k27 : false, id : 3, k24 : -1298364848, k26 : '8D'});
MATCH (n0 {id : 1}), (n1 {id : 0}) MERGE(n0)-[r :T4{k53 : true, k55 : 168088396, id : 4, k54 : '93AKI', k57 : -167454540, k56 : true}]->(n1);
MATCH (n0 {id : 3}), (n1 {id : 2}) MERGE(n0)-[r :T0{k29 : true, k31 : -181859666, k30 : 'Fd', k33 : false, id : 5, k32 : 'P8dh'}]->(n1);
MATCH (n0 {id : 2}), (n1 {id : 2}) MERGE(n0)-[r :T2{k40 : 'j5vq', k42 : 533181278, k41 : 1640083349, k44 : 'opH6', id : 6, k43 : -1686853709, k45 : -531057774}]->(n1);
MATCH (n0 {id : 1}), (n1 {id : 3}) MERGE(n0)-[r :T3{k49 : '2sls', k51 : -1203517643, k50 : false, id : 7, k46 : -827751408, k48 : 1663510445, k47 : 1238774427}]->(n1);
MATCH (n0 {id : 0}), (n1 {id : 1}) MERGE(n0)-[r :T4{k53 : false, k55 : -1396415129, id : 8, k57 : 707702580, k56 : true}]->(n1);
MERGE ({k13:1230505730, id:9})-[r0 :T0{id:10}]-({k28:true, id:11})-[r1 :T3{k46:1990028938, id:12}]-( :L3{id:13}) DETACH DELETE r0  MERGE ({id:14})<-[r2 :T4{id:15}]-( :L3{id:16})-[r3 :T4{id:17}]-(n0{id:18}) RETURN n0 AS a0, 1 AS a1;
MERGE ( { k13 : 1230505730 , id : 9 } ) - [ r0 : T0 { id : 10 } ] - ( { k28 : CASE WHEN FALSE THEN NULL ELSE true END , id : 11 } ) - [ r1 : T3 { k46 : 1990028938 , id : 12 } ] - ( : L3 { id : CASE WHEN FALSE THEN NULL ELSE 13 END } ) WITH * CALL{WITH *DETACH DELETE CASE WHEN FALSE THEN NULL ELSE r0 END } MERGE ( { id : 14 } ) < - [ r2 : T4 { id : 15 } ] - ( : L3 { id : 16 } ) - [ r3 : T4 { id : CASE WHEN TRUE THEN 17 END } ] - ( n0 { id : CASE WHEN FALSE THEN NULL ELSE 18 END } ) WITH * UNWIND [NULL] as l0 RETURN n0 AS a0 , 1 AS a1 LIMIT 1 ;
MATCH (a) RETURN count(a);
MATCH (b)-[a]->(c) RETURN count(a);
MATCH (b)-[a]->(c) RETURN count(a);
WITH DISTINCT * MERGE (n0{id:19})-[r0 :T4{id:20}]-({id:21})<-[r1 :T4{id:22}]-( :L3{id:23}) CREATE (n1{id:24}), (n2{id:25}) RETURN n0 AS a0;
WITH DISTINCT * MERGE ( n0 { id : 19 } ) - [ r0 : T4 { id : 20 } ] - ( { id : 21 } ) < - [ r1 : T4 { id : 22 } ] - ( : L3 { id : 23 } ) WITH * CREATE ( n1 { id : 24 } ) CREATE ( n2 { id : 25 } ) RETURN n0 AS a0 ORDER BY NULL ;
