-- Time: 2024/04/11 14:31:16
-- Database: janusgraph_database1046
-- Database version: composite
-- seed value: 1712812407571
CREATE (n0 :L0{k0 : false, k1 : 'h', k2 : 'om', k3 : true, k4 : false, id : 0});
CREATE (n0 :L5{k27 : false, k29 : true, k31 : 'x1', k30 : true, id : 1, k32 : true});
CREATE (n0 :L0{k0 : true, k1 : '4j', k2 : 'm', k3 : true, k4 : false, id : 2});
CREATE (n0 :L0{k0 : true, k1 : 'w', k2 : 'eHXVLLQ7c', k3 : false, id : 3});
MATCH (n0 {id : 1}), (n1 {id : 3}) MERGE(n0)-[r :T4{k60 : 1158878308, id : 4, k57 : -659728277, k56 : 'X', k59 : 1985171225, k58 : 'TmACh'}]->(n1);
MATCH (n0 {id : 0}), (n1 {id : 1}) MERGE(n0)-[r :T1{k39 : 'P', k38 : -587762855, k40 : 'I', k42 : 'M', k41 : false, id : 5, k43 : true}]->(n1);
MATCH (n0 {id : 2}), (n1 {id : 0}) MERGE(n0)-[r :T1{k39 : 'A', k38 : -941590943, k40 : 'I', k42 : 'TPq1rv', k41 : false, id : 6, k43 : true}]->(n1);
MATCH (n0 {id : 3}), (n1 {id : 2}) MERGE(n0)-[r :T3{k51 : 881636300, k52 : false, id : 7, k54 : true}]->(n1);
MATCH (n0 {id : 2}), (n1 {id : 3}) MERGE(n0)-[r :T1{k39 : 'PEYXehio', k38 : -1602393503, k40 : 'e', k41 : false, id : 8, k43 : true}]->(n1);
MATCH (n0 {id : 1}), (n1 {id : 0}) MERGE(n0)-[r :T5{k62 : 591771452, k61 : '3s', k64 : 'x', k63 : -1991293116, id : 9, k65 : 1531045138}]->(n1);
MATCH (n0 {id : 2}), (n1 {id : 2}) MERGE(n0)-[r :T4{id : 10, k57 : 1145800618, k56 : '9I8xG4F', k58 : 'L'}]->(n1);
WITH DISTINCT * ORDER BY toBooleanList([[(n0)-[r0]-(n1 :L0)|'TWx17t'], ['XNF', 'CiLoNQz']]) WHERE toBooleanList([endNode(NULL), CASE WHEN false THEN NULL END])[toIntegerOrNull(abs(round((1964103035*-248322610))))] MERGE p0=({id:11})-[r1 :T3{id:12}]->({id:13}) MERGE ( :L0{id:14}) RETURN 1 AS a0, ['ch', (r1.k53)] AS a1;
WITH DISTINCT * ORDER BY (toBooleanList ( [ [ ( n0 ) - [ r0 ] - ( n1 : L0 ) | (''+'TWx17t' )] , [ 'XNF' , 'CiLoNQz' ] ] ) +[]) WHERE toBooleanList ( CASE WHEN FALSE THEN NULL ELSE ([]+[ endNode ( CASE WHEN TRUE THEN NULL END ) , CASE WHEN false THEN CASE WHEN FALSE THEN NULL ELSE NULL END END ] )END ) [ CASE WHEN FALSE THEN NULL ELSE toIntegerOrNull ( CASE WHEN FALSE THEN NULL ELSE abs ( round ( ( 1964103035 * -248322610 ) ) ) END ) END ] MERGE p0 = ( { id : 11 } ) - [ r1 : T3 { id : 12 } ] - > ( { id : 13 } ) WITH * OPTIONAL MATCH ()-[:TYPE]-() MERGE pp0=( : L0 { id : 14 } ) RETURN 1 AS a0 , [ 'ch' , ( r1 . k53 ) ] AS a1 ORDER BY TRUE ;
MATCH (a) RETURN count(a);
MATCH (b)-[a]->(c) RETURN count(a);
MATCH (b)-[a]->(c) RETURN count(a);
WITH NULL AS a0 MERGE (n0{k3:(-20168523 <> -1), id:15}) CREATE (n1{k2:'zjBE', id:16}) RETURN *, NULL AS a1;
WITH NULL AS a0 MERGE ( n0 { k3 : CASE WHEN FALSE THEN NULL ELSE ( -20168523 <> -1 ) END , id : 15 } ) WITH * CREATE ( n1 { k2 : 'zjBE' , id : 16 } ) WITH * OPTIONAL MATCH ()-[:TYPE]-() RETURN * , NULL AS a1 ORDER BY 1 ;
