-- Time: 2024/04/11 14:00:27
-- Database: janusgraph_database630
-- Database version: composite
-- seed value: 1712812407154
CREATE (n0 :L2{k11 : -429634490, id : 0, k13 : -825447748, k12 : true, k15 : '7n', k14 : 'B'});
CREATE (n0 :L2{k11 : 1082945151, id : 1, k13 : -159137655, k12 : false, k14 : 'v9G6Rk'});
CREATE (n0 :L1{id : 2, k10 : -1570025951, k7 : false, k8 : -111852336, k9 : true});
CREATE (n0 {id : 3});
MATCH (n0 {id : 2}), (n1 {id : 3}) MERGE(n0)-[r :T0{k29 : false, k31 : '0', k33 : 1326709316, id : 4, k32 : 'DtPl', k34 : 'a'}]->(n1);
MATCH (n0 {id : 0}), (n1 {id : 0}) MERGE(n0)-[r :T1{k38 : true, k40 : false, k41 : false, id : 5, k35 : false, k36 : -1214367526}]->(n1);
MATCH (n0 {id : 1}), (n1 {id : 3}) MERGE(n0)-[r :T2{k42 : 'iA', k44 : 222079219, id : 6, k43 : 1147412888, k46 : 'pZ', k47 : -629004756}]->(n1);
MATCH (n0 {id : 2}), (n1 {id : 3}) MERGE(n0)-[r :T0{k29 : false, k31 : 'Py', k30 : true, k33 : 1326709316, id : 7, k32 : 'Zqko2Il', k34 : 'CL'}]->(n1);
MATCH (n0 {id : 0}), (n1 {id : 0}) MERGE(n0)-[r :T2{k42 : 'V', k44 : -27565017, id : 8, k43 : -1336583677, k46 : 'n', k45 : 'o', k47 : 405992660}]->(n1);
MATCH (n0 {id : 2}), (n1 {id : 2}) MERGE(n0)-[r :T0{k29 : false, k31 : 'Hx268', k30 : false, k33 : -1942787769, id : 9, k32 : 'Jf'}]->(n1);
CREATE ({k9:NULL, id:10})-[r0 :T0{id:11}]->(n0{id:12})-[r1 :T0{id:13}]->(n1{id:14}) MERGE p0=({k9:true, id:15})-[r2 :T0{k31:'n0h', id:16}]->(n2{id:17})-[r3 :T0{id:18}]->({id:19}) REMOVE n2.k2 RETURN p0 AS a0;
CREATE ( { k9 : NULL , id : 10 } ) - [ r0 : T0 { id : 11 } ] - > ( n0 { id : 12 } ) - [ r1 : T0 { id : 13 } ] - > ( n1 { id : 14 } ) MERGE p0 = ( { k9 : true , id : 15 } ) - [ r2 : T0 { k31 : 'n0h' , id : 16 } ] - > ( n2 { id : 17 } ) - [ r3 : T0 { id : 18 } ] - > ( { id : 19 } ) WITH * FOREACH(f in [1]|REMOVE n2 . k2 ) WITH * OPTIONAL MATCH ()-[:TYPE]-() RETURN p0 AS a0 ;
MATCH (a) RETURN count(a);
MATCH (b)-[a]->(c) RETURN count(a);
MATCH (b)-[a]->(c) RETURN count(a);
MATCH (n0)-[r2]->()-[]-(), (n1)-[r1]-()<-[]-(n2) SET n2.k=NULL DETACH DELETE n1  RETURN r2 AS a1 LIMIT 0;
MATCH ( n0 ) - [ r2 ] - > ( ) - [ ] - ( ) ,( n1 ) - [ r1 ] - ( ) < - [ ] - ( n2 ) WITH * WITH * WITH * CALL{WITH *SET n2 . k = NULL } WITH * UNWIND 1 as l0 FOREACH(f in [1]|DETACH DELETE n1 ) RETURN DISTINCT r2 AS a1 LIMIT 0 ;
