-- Time: 2024/04/11 13:59:11
-- Database: janusgraph_database613
-- Database version: composite
-- seed value: 1712812407137
CREATE (n0 {id : 0});
CREATE (n0 :L6{k39 : false, k38 : false, k40 : -1502140533, id : 1, k35 : 'c', k37 : true, k36 : '325Jp9Px'});
CREATE (n0 :L0{k0 : false, k1 : -2125135329, k2 : -956004439, k3 : true, k4 : 'C', id : 2});
CREATE (n0 {id : 3});
MATCH (n0 {id : 2}), (n1 {id : 2}) MERGE(n0)-[r :T0{k42 : '8', k41 : true, k44 : 'K', id : 4, k43 : false, k46 : -1615719264, k45 : -543366532, k47 : 'z'}]->(n1);
MATCH (n0 {id : 3}), (n1 {id : 0}) MERGE(n0)-[r :T3{k64 : 'B', k63 : -469115867, id : 5, k65 : 'wue'}]->(n1);
MATCH (n0 {id : 3}), (n1 {id : 2}) MERGE(n0)-[r :T5{k73 : true, k75 : true, k74 : 'J8OQzucPq', k77 : true, id : 6}]->(n1);
CREATE ({id:7})-[ :T5{id:8}]->({id:9}) CREATE ({id:10})-[r0 :T5{id:11}]->(n0{id:12})-[ :T0{id:13}]->({k4:'e', id:14}) CREATE (n1{id:15})<-[r1 :T5{id:16}]-(n2{id:17}) RETURN 1 AS a0 ORDER BY a0;
CREATE ( { id : 7 } ) - [ : T5 { id : 8 } ] - > ( { id : 9 } ) WITH * UNWIND 1 as l0 CREATE ({k4:'e', id:14})<-[ : T0 { id : 13 } ] -(n0{id:12})<-[ r0 : T5 { id : 11 } ] -( { id : 10 } ) WITH * CREATE ( n1 { id : 15 } ) < - [ r1 : T5 { id : 16 } ] - ( n2 { id : CASE WHEN FALSE THEN NULL ELSE 17 END } ) RETURN DISTINCT 1 AS a0 ORDER BY a0 ;
MATCH (a) RETURN count(a);
MATCH (b)-[a]->(c) RETURN count(a);
MATCH (b)-[a]->(c) RETURN count(a);
CREATE (n0{id:18}) CREATE ( :L0{id:19}), (n1{id:20})-[r0 :T5{id:21}]->( :L0{k1:613701135, id:22}) MERGE ({id:23}) RETURN 1 AS a0, -1312966465 AS a1 UNION OPTIONAL MATCH ()-[*..2]->(), (n0)-[]->( :L0{k0:NULL})-[r0]-(n1) WHERE true CREATE (n2{id:24}) CREATE (n3{id:25}), p0=(n4{id:26})-[r1 :T5{id:27}]->(n5 :L0{k3:true, id:28}) RETURN n1 AS a0, n0 AS a1;
CREATE ( n0 { id : 18 } ) CREATE ( : L0 { id : CASE WHEN FALSE THEN NULL ELSE 19 END } ) CREATE ( n1 { id : 20 } ) - [ r0 : T5 { id : 21 } ] - > ( : L0 { k1 : 613701135 , id : 22 } ) MERGE pp0=( { id : 23 } ) WITH * OPTIONAL MATCH ()-[:TYPE]-() RETURN 1 AS a0 , -1312966465 AS a1 UNION OPTIONAL MATCH ( ) - [ * .. 2 ] - > ( ) ,( n0 ) - [ ] - > ( : L0 { k0 : NULL } ) - [ r0 ] - ( n1 ) WHERE true WITH * CREATE ( n2 { id : 24 } ) WITH * CREATE ( n3 { id : 25 } ) CREATE p0 = ( n4 { id : 26 } ) - [ r1 : T5 { id : 27 } ] - > ( n5 : L0 { k3 : true , id : CASE WHEN FALSE THEN NULL ELSE 28 END } ) RETURN n1 AS a0 , n0 AS a1 ORDER BY 1 ;
MATCH (a) RETURN count(a);
MATCH (a) RETURN count(a);
MATCH (b)-[a]->(c) RETURN count(a);
MATCH (b)-[a]->(c) RETURN count(a);
UNWIND keys(relationships(NULL)[toIntegerOrNull(abs(NULL))]) AS a2 OPTIONAL MATCH (n3)-[]-(n4)-[]-(n5), () DETACH DELETE n5  RETURN *;
UNWIND keys ( relationships ( NULL ) [ toIntegerOrNull ( abs ( NULL ) ) ] ) AS a2 WITH * OPTIONAL MATCH (n3)-[*0..0]-( n3 ) - [ ] - ( n4 ) - [ ] - ( n5 ) ,( ) UNWIND 1 as l0 DETACH DELETE CASE WHEN FALSE THEN NULL ELSE n5 END WITH * OPTIONAL MATCH ()-[:TYPE]-() RETURN * ;
MATCH (a) RETURN count(a);
MATCH (a) RETURN count(a);
MATCH (b)-[a]->(c) RETURN count(a);
MATCH (b)-[a]->(c) RETURN count(a);
OPTIONAL MATCH ()<-[]-(), () WHERE NULL MERGE ({id:29})-[r0 :T5{id:30}]->( :L0{id:31})-[r1 :T0{k46:1913825890, id:32}]->(n0 :L0{id:33}) CREATE (n1{id:34})-[ :T5{id:35}]->(n2{id:36}) RETURN n0 AS a0;
OPTIONAL MATCH ( ) < - [ ] - ( ) ,( ) WHERE NULL MERGE ( { id : 29 } ) - [ r0 : T5 { id : 30 } ] - > ( : L0 { id : 31 } ) - [ r1 : T0 { k46 : 1913825890 , id : 32 } ] - > ( n0 : L0 { id : CASE WHEN FALSE THEN NULL ELSE 33 END } ) CREATE (n1{ id : 34 } )CREATE (n1)- [ : T5 { id : CASE WHEN TRUE THEN 35 END } ] - > ( n2 { id : 36 } ) RETURN n0 AS a0 ;
