-- Time: 2024/04/11 14:28:31
-- Database: janusgraph_database1009
-- Database version: composite
-- seed value: 1712812407534
CREATE (n0 :L1{k5 : 'vDSc', id : 0, k6 : 667892705, k10 : false, k7 : 470432496, k8 : 'j', k9 : false});
CREATE (n0 {id : 1});
CREATE (n0 :L0{k0 : 'Q3Tzx6W7A', k1 : '6', k2 : 'nAl1', k3 : 'HPhDl9Q', k4 : false, id : 2});
CREATE (n0 {id : 3});
MATCH (n0 {id : 3}), (n1 {id : 2}) MERGE(n0)-[r :T4{k62 : 1427503173, k63 : false, id : 4, k59 : 2140576811, k58 : 'r61Df'}]->(n1);
MATCH (n0 {id : 1}), (n1 {id : 1}) MERGE(n0)-[r :T0{k39 : false, k38 : false, k40 : false, id : 5, k35 : -1406802071, k34 : '1Za', k37 : 'b'}]->(n1);
MATCH (n0 {id : 2}), (n1 {id : 2}) MERGE(n0)-[r :T2{k51 : 'sN6', k50 : 'o', k52 : -2047567972, id : 6, k48 : 'YA'}]->(n1);
MATCH (n0 {id : 0}), (n1 {id : 2}) MERGE(n0)-[r :T4{k60 : 'Xo0LWgP', k62 : -234489628, k61 : -1034223814, k64 : '8kNxS', k63 : false, id : 7, k59 : 1685059342, k58 : 'cvN0V'}]->(n1);
MATCH (n0 {id : 2}), (n1 {id : 2}) MERGE(n0)-[r :T2{k49 : 'wiNI5Pxc', k51 : 'sN6', k50 : 'v', k52 : 1638555228, id : 8, k48 : 'cx'}]->(n1);
MATCH (n0 {id : 2}), (n1 {id : 3}) MERGE(n0)-[r :T4{k60 : 'a', k64 : 'D', id : 9, k59 : 256096089, k58 : 'xu5eGF9F'}]->(n1);
WITH DISTINCT [NULL] AS a0 WHERE NULL MATCH (n0{k0:toStringList([NULL])[toIntegerOrNull(abs(-1611089042))]})-[r0]-(n1) REMOVE n1.k2 RETURN 1 AS a1, 1 AS a2;
WITH DISTINCT [ NULL ] AS a0 WHERE NULL OPTIONAL MATCH ()-[:TYPE]-() MATCH ( n0 { k0 : toStringList ( CASE WHEN TRUE THEN [ NULL ] END ) [ toIntegerOrNull ( abs ( -1611089042 ) ) ] } ) - [ r0 ] - ( n1 ) REMOVE n1 . k2 RETURN 1 AS a1 , 1 AS a2 ;
MATCH (a) RETURN count(a);
MATCH (b)-[a]->(c) RETURN count(a);
MATCH (b)-[a]->(c) RETURN count(a);
MATCH ()-[r0]->()-[]-(n0), ()-[r0]-() OPTIONAL MATCH ()-[r0]->()-[*..2]->(n1{k4:((NULL*-695923154) > -1017349737)}), p1=()-[r1]-() DETACH DELETE n0  RETURN n1 AS a1, n1 AS a2 LIMIT 0;
MATCH ( ) - [ r0 ] - > ( ) - [ ] - ( n0 ) ,( ) - [ r0 ] - ( ) UNWIND [NULL] as l0 OPTIONAL MATCH ( ) - [ r0 ] - > ( ) - [ * .. 2 ] - > ( n1 { k4 : ( ( NULL * -695923154 ) > -1017349737 ) } ) ,p1 = ( ) - [ r1 ] - ( ) WHERE TRUE OPTIONAL MATCH ()-[:TYPE]-() DETACH DELETE n0 WITH * RETURN n1 AS a1 , n1 AS a2 ORDER BY NULL LIMIT 0 ;
MATCH (a) RETURN count(a);
MATCH (a) RETURN count(a);
MATCH (b)-[a]->(c) RETURN count(a);
MATCH (b)-[a]->(c) RETURN count(a);
WITH * CREATE p0=({k2:NULL, id:10}), p1=(n0{id:11})<-[r0 :T4{id:12}]-(n1{id:13})-[r1 :T2{id:14}]->( :L0{id:15}) MERGE ({id:16}) RETURN relationships(NULL)[toIntegerOrNull(abs(1079998441))] AS a0, [((toIntegerList([])[toIntegerOrNull(abs(1691504984))]*737679187)/((-500567834*(444893786+-745178585))+NULL)), NULL] AS a1 SKIP 1;
WITH * OPTIONAL MATCH ()-[:TYPE]-() CREATE p0 = ( { k2 : NULL , id : 10 } ) CREATE p1 = ( n0 { id : 11 } ) < - [ r0 : T4 { id : 12 } ] - ( n1 { id : 13 } ) - [ r1 : T2 { id : 14 } ] - > ( : L0 { id : 15 } ) MERGE ( { id : 16 } ) RETURN ([]+relationships ( CASE WHEN FALSE THEN NULL ELSE NULL END ) )[ toIntegerOrNull ( abs ( CASE WHEN TRUE THEN 1079998441 END ) ) ] AS a0 , ([ ( CASE WHEN TRUE THEN ( CASE WHEN TRUE THEN toIntegerList ( CASE WHEN TRUE THEN [ ] END ) [ toIntegerOrNull ( abs ( 1691504984 ) ) ] * 737679187 END ) / ( ( -500567834 * ( 444893786 + -745178585 ) ) + NULL ) END ) , NULL ] +[]) AS a1 SKIP 1 ;
MATCH (a) RETURN count(a);
MATCH (a) RETURN count(a);
MATCH (b)-[a]->(c) RETURN count(a);
MATCH (b)-[a]->(c) RETURN count(a);
MERGE (n2{id:17}) MERGE (n3{id:18})-[r1 :T4{id:19}]->(n4{id:20}) MERGE ( :L0{k3:'Hzg7Uf', id:21}) RETURN 1 AS a2, (r1.k60) AS a3;
MERGE ( n2 { id : 17 } ) WITH * OPTIONAL MATCH ()-[:TYPE]-() MERGE ( n3 { id : CASE WHEN FALSE THEN NULL ELSE 18 END } ) - [ r1 : T4 { id : 19 } ] - > ( n4 { id : 20 } ) WITH * MERGE ( : L0 { k3 : 'Hzg7Uf' , id : 21 } ) RETURN 1 AS a2 , ( r1 . k60 ) AS a3 ;
