-- Time: 2024/04/11 14:23:11
-- Database: janusgraph_database937
-- Database version: composite
-- seed value: 1712812407462
CREATE (n0 :L2{id : 0, k13 : false, k15 : 214642105, k14 : 'bw1F'});
CREATE (n0 :L4{k28 : true, k27 : '0', k30 : true, id : 1, k24 : true, k26 : false, k25 : true});
CREATE (n0 :L2{k16 : true, id : 2, k13 : false, k12 : -1025739054, k15 : -2047459960, k14 : 'G'});
CREATE (n0 :L2{k16 : false, id : 3, k13 : false, k12 : -1644809213, k14 : 'hkAb'});
MATCH (n0 {id : 2}), (n1 {id : 2}) MERGE(n0)-[r :T1{k38 : false, k40 : -58669615, k42 : 1877896658, k41 : false, id : 4}]->(n1);
MATCH (n0 {id : 3}), (n1 {id : 2}) MERGE(n0)-[r :T5{k60 : 'R', k62 : false, k61 : 1330786894, k64 : 'X', id : 5}]->(n1);
MATCH (n0 {id : 1}), (n1 {id : 3}) MERGE(n0)-[r :T0{k31 : 's', k33 : true, id : 6, k32 : 1029271089, k35 : 'eM368', k34 : false, k37 : 'aG', k36 : true}]->(n1);
MATCH (n0 {id : 3}), (n1 {id : 0}) MERGE(n0)-[r :T3{k49 : -1208896426, k53 : 'vw', k52 : 'C8', id : 7, k48 : 'I'}]->(n1);
OPTIONAL MATCH ({k15:-1531016098})-[ :T5{k61:1827387164}]-(n0)-[ :T3{k48:'Z'}]->(n1) WHERE (relationships(NULL)[toIntegerOrNull(abs(NULL))] <= NULL) SET n1.k=toIntegerList([true])[toIntegerOrNull(abs(-1634776304))] SET n1.k=toIntegerList([NULL])[toIntegerOrNull(abs(NULL))] RETURN startNode(relationships(NULL)[toIntegerOrNull(abs(-617915675))]) AS a0, NULL AS a1 SKIP 0;
OPTIONAL MATCH ( { k15 : -1531016098 } ) - [ : T5 { k61 : 1827387164 } ] - ( n0 ) - [ : T3 { k48 : 'Z' } ] - > ( n1 ) WHERE CASE WHEN FALSE THEN NULL ELSE ( ([]+relationships ( NULL ) )[ toIntegerOrNull ( abs ( NULL ) ) ] <= NULL ) END SET n1 . k = toIntegerList ( ([ CASE WHEN FALSE THEN NULL ELSE true END ] +[]) ) [ CASE WHEN FALSE THEN NULL ELSE toIntegerOrNull ( abs ( -1634776304 ) ) END ] WITH * OPTIONAL MATCH ()-[:TYPE]-() SET n1 . k = toIntegerList ( [ NULL ] ) [ toIntegerOrNull ( abs ( CASE WHEN FALSE THEN NULL ELSE NULL END ) ) ] RETURN startNode ( relationships ( NULL ) [ toIntegerOrNull ( abs ( -617915675 ) ) ] ) AS a0 , NULL AS a1 SKIP 0 ;
MATCH (a) RETURN count(a);
MATCH (b)-[a]->(c) RETURN count(a);
MATCH (b)-[a]->(c) RETURN count(a);
WITH * WHERE NULL CREATE (n0{id:8})-[ :T1{id:9}]->({id:10}) MERGE (n1{id:11})-[r0 :T1{id:12}]->(n2{id:13}) RETURN n2 AS a0, n2 AS a1 LIMIT 1;
WITH * WHERE NULL CREATE ( n0 { id : 8 } ) - [ : T1 { id : 9 } ] - > ( { id : 10 } ) MERGE ( n1 { id : 11 } ) - [ r0 : T1 { id : 12 } ] - > ( n2 { id : 13 } ) RETURN CASE WHEN TRUE THEN n2 END AS a0 , n2 AS a1 LIMIT 1 ;
MATCH (a) RETURN count(a);
MATCH (a) RETURN count(a);
MATCH (b)-[a]->(c) RETURN count(a);
MATCH (b)-[a]->(c) RETURN count(a);
OPTIONAL MATCH ( :L2) OPTIONAL MATCH (n0)<-[*0..0]-(n1 :L2{k16:NULL}), ({k15:(n1.k12)}) MERGE (n2 :L2{id:14})-[ :T1{id:15}]-(n3{k14:'LEq6T', id:16}) RETURN 1 AS a0, [(n2.k16)] AS a1;
OPTIONAL MATCH ( :L2) OPTIONAL MATCH ( n0 ) < - [ * 0 .. 0 ] - ( n1 : L2 { k16 : CASE WHEN FALSE THEN NULL ELSE NULL END } ) ,( { k15 : ( n1 . k12 ) } ) WITH * MERGE pp0=( n2 : L2 { id : 14 } ) - [ : T1 { id : 15 } ] - ( n3 { k14 : 'LEq6T' , id : 16 } ) WITH * OPTIONAL MATCH ()-[:TYPE]-() RETURN 1 AS a0 , [ ( n2 . k16 ) ] AS a1 ;
MATCH (a) RETURN count(a);
MATCH (a) RETURN count(a);
MATCH (b)-[a]->(c) RETURN count(a);
MATCH (b)-[a]->(c) RETURN count(a);
MATCH (n0)-[r0]-(n1 :L4), (n2)-[*..2]-(n3)-[*0..0]->() WHERE false DETACH DELETE n1  MERGE ({id:17})-[ :T3{id:18}]->({id:19}) RETURN 1 AS a0, 358032686 AS a1 LIMIT 0;
MATCH ( n0 ) - [ r0 ] - ( n1 : L4 ) ,( n2 ) - [ * .. 2 ] - ( n3 ) - [ * 0 .. 0 ] - > ( ) WHERE false DETACH DELETE n1 MERGE ( { id : 17 } ) - [ : T3 { id : 18 } ] - > ( { id : 19 } ) WITH * UNWIND [NULL] as l0 RETURN 1 AS a0 , 358032686 AS a1 LIMIT 0 ;
