-- Time: 2024/04/11 14:34:06
-- Database: janusgraph_database1084
-- Database version: composite
-- seed value: 1712812407609
CREATE (n0 :L3{k27 : 2044686375, k22 : 686019180, id : 0, k21 : true, k24 : '8', k23 : 1989610036, k26 : false, k25 : 'uKw4I6'});
CREATE (n0 :L0{k0 : true, k1 : 'j', k2 : 'e', k3 : 'KFAc', k5 : -634782996, id : 1, k6 : -1884459116});
CREATE (n0 :L2{k17 : true, k16 : false, k19 : true, k18 : -542164341, k20 : '0BX9tQOa', id : 2, k15 : 1906159469, k14 : false});
CREATE (n0 :L2{k17 : false, k16 : true, k19 : false, k18 : -542164341, k20 : '6WWz6ptFn', id : 3, k15 : 1011764000, k14 : true});
MATCH (n0 {id : 3}), (n1 {id : 3}) MERGE(n0)-[r :T4{k60 : 'vas', k62 : true, k61 : '1Hj664X', k63 : 305745316, id : 4, k58 : 'Rk'}]->(n1);
MATCH (n0 {id : 1}), (n1 {id : 3}) MERGE(n0)-[r :T1{k42 : true, k41 : 1820516726, k44 : 'Lfx', id : 5, k43 : true, k45 : '6s'}]->(n1);
MATCH (n0 {id : 3}), (n1 {id : 0}) MERGE(n0)-[r :T0{k39 : 'rDt78NYO', k38 : '7', k33 : true, id : 6, k34 : false, k37 : 'Agw2zn', k36 : 'UsSXp'}]->(n1);
MATCH (n0 {id : 1}), (n1 {id : 3}) MERGE(n0)-[r :T3{k51 : 'E', k53 : false, k52 : 847405286, k55 : 1372163862, id : 7, k57 : 1744746994, k56 : -540994281}]->(n1);
MATCH (n0 {id : 2}), (n1 {id : 0}) MERGE(n0)-[r :T1{k40 : 'KZ', k42 : true, k44 : 'qn2', id : 8, k45 : 'N'}]->(n1);
MERGE p0=( :L2{id:9})-[r0 :T1{k45:'c', id:10}]-({id:11})-[r1 :T0{id:12}]-({id:13}) CREATE (n0{k18:round(-2075175249), id:14})-[r2 :T1{id:15}]->({id:16}), p1=({id:17})-[ :T1{id:18}]->({id:19})-[ :T0{k38:'Z35', id:20}]->( :L3{id:21}) DETACH DELETE p0  RETURN 1 AS a0, 1 AS a1 SKIP 0;
MERGE p0 = ( : L2 { id : 9 } ) - [ r0 : T1 { k45 : 'c' , id : 10 } ] - ( { id : 11 } ) - [ r1 : T0 { id : CASE WHEN FALSE THEN NULL ELSE 12 END } ] - ( { id : CASE WHEN TRUE THEN 13 END } ) CREATE ( n0 { k18 : round ( -2075175249 ) , id : 14 } ) - [ r2 : T1 { id : CASE WHEN TRUE THEN 15 END } ] - > ( { id : 16 } ) CREATE p1 = ( { id : 17 } ) - [ : T1 { id : 18 } ] - > ( { id : CASE WHEN TRUE THEN 19 END } ) - [ : T0 { k38 : 'Z35' , id : 20 } ] - > ( : L3 { id : 21 } ) DETACH DELETE p0 RETURN CASE WHEN TRUE THEN 1 END AS a0 , 1 AS a1 SKIP 0 LIMIT 1 ;
MATCH (a) RETURN count(a);
MATCH (b)-[a]->(c) RETURN count(a);
MATCH (b)-[a]->(c) RETURN count(a);
OPTIONAL MATCH (n0) WHERE false CREATE p0=(n1{id:22}) MERGE (n2{id:23})-[r0 :T0{id:24}]->(n3{k24:'Dw', id:25}) RETURN 1 AS a0, (r0.k36) AS a1 SKIP 0;
OPTIONAL MATCH ( n0 ) WHERE false CREATE p0 = ( n1 { id : 22 } ) MERGE ( n2 { id : 23 } ) - [ r0 : T0 { id : 24 } ] - > ( n3 { k24 : 'Dw' , id : 25 } ) RETURN 1 AS a0 , ( r0 . k36 ) AS a1 SKIP CASE WHEN TRUE THEN 0 END ;
