-- Time: 2024/04/11 13:41:26
-- Database: janusgraph_database373
-- Database version: composite
-- seed value: 1712812406896
CREATE (n0 {id : 0});
CREATE (n0 :L3{k19 : true, k20 : 'K', id : 1, k21 : 'lxD3LMu4', k24 : true, k23 : 153753908, k25 : -1608923270});
CREATE (n0 {id : 2});
CREATE (n0 :L5{k31 : -69279137, k33 : -160705007, id : 3, k32 : true, k35 : -1047252724, k34 : '7NrqLpR', k36 : 'kPNH'});
MATCH (n0 {id : 1}), (n1 {id : 1}) MERGE(n0)-[r :T1{k42 : -1503358702, k44 : 1746475855, id : 4, k43 : 'R', k46 : 1065682012, k45 : '9OIPyZ', k47 : 795620958}]->(n1);
MATCH (n0 {id : 2}), (n1 {id : 3}) MERGE(n0)-[r :T5{k71 : false, k70 : false, k72 : 'XH53y', id : 5, k68 : true, k67 : -917642365, k69 : false}]->(n1);
MATCH (n0 {id : 1}), (n1 {id : 0}) MERGE(n0)-[r :T2{k49 : -1932817416, k51 : 'p', k50 : true, k53 : false, k52 : 1886859696, id : 6, k48 : false}]->(n1);
MATCH (n0 {id : 1}), (n1 {id : 0}) MERGE(n0)-[r :T5{k71 : true, k70 : false, k72 : 'XH53y', id : 7, k68 : false, k69 : false}]->(n1);
MATCH (n0 {id : 0}), (n1 {id : 1}) MERGE(n0)-[r :T5{k71 : false, k70 : false, k72 : '3', id : 8, k68 : true, k67 : -1817434520, k69 : true}]->(n1);
MATCH (n0 {id : 0}), (n1 {id : 2}) MERGE(n0)-[r :T2{k49 : -1665799367, k51 : 'r', k50 : false, k52 : 1520234978, id : 9, k54 : '6XVqtP', k48 : true}]->(n1);
MATCH p0=(n0), ()-[ :T5{k71:toBooleanOrNull([false])}]-(n1)<-[r0]-(n2{k25:NULL}) MATCH ()-[*0..1]-(n1)<-[r0]-(), (n3 :L5) CREATE (n4{id:10})-[r1 :T5{id:11}]->({id:12}) RETURN 1 AS a0;
MATCH p0=(n0),(nn0),()<-[m1:T5{k71:toBooleanOrNull([false])}]-(),(n1),()<-[r0]-(),(n2) WHERE exists((nn0)-[m1]-(n1)<-[r0]-(n2{k25:NULL})) MATCH ( ) - [ * 0 .. 1 ] - ( n1 ) < - [ r0 ] - ( ) ,(n3)-[*0..0]-( n3 : L5 ) WHERE TRUE CREATE ( n4 { id : 10 } ) - [ r1 : T5 { id : 11 } ] - > ( { id : 12 } ) WITH * RETURN 1 AS a0 ;
MATCH (a) RETURN count(a);
MATCH (b)-[a]->(c) RETURN count(a);
MATCH (b)-[a]->(c) RETURN count(a);
MATCH ()-[r0]->(n0)-[r1]-(), (n1)-[r2]-()-[*0..]-( :L3{k19:NULL}) UNWIND [properties(r2), {k1: properties(NULL), k2: [{}, {}]}] AS a3 CREATE (n2{id:13})<-[ :T5{id:14}]-(n3{id:15}), p0=(n4{id:16})-[ :T1{id:17}]->(n5{id:18})-[r3 :T2{id:19}]->({id:20}) RETURN 1 AS a4, n1 AS a5;
MATCH ( ) - [ r0 ] - > ( n0 ) - [ r1 ] - ( ) ,( n1 ) - [ r2 ] - ( ) - [ * 0 .. ] - ( : L3 { k19 : NULL } ) WITH * UNWIND [ properties ( r2 ) , { k1 : properties ( NULL ) , k2 : ([]+[ { } , { } ] )} ] AS a3 WITH * CREATE ( n2 { id : 13 } ) < - [ : T5 { id : 14 } ] - ( n3 { id : 15 } ) CREATE p0 = ( n4 { id : 16 } ) - [ : T1 { id : 17 } ] - > ( n5 { id : 18 } ) - [ r3 : T2 { id : 19 } ] - > ( { id : 20 } ) RETURN DISTINCT 1 AS a4 , n1 AS a5 ;
