-- Time: 2024/04/11 13:29:10
-- Database: janusgraph_database207
-- Database version: composite
-- seed value: 1712812406730
CREATE (n0 :L4{k28 : 'sEbB', k29 : 321412456, k30 : true, id : 0, k24 : false, k26 : 1093933793, k25 : 'Sk'});
CREATE (n0 {id : 1});
CREATE (n0 :L2{k17 : -1616365370, k16 : 'zN4hqstQ7', id : 2, k13 : false, k12 : false, k15 : 'O'});
CREATE (n0 :L0{k0 : '7cw4K', k1 : 'NFoPMI', k2 : 'N', k3 : -1283942334, k4 : false, id : 3});
MATCH (n0 {id : 3}), (n1 {id : 0}) MERGE(n0)-[r :T3{k55 : -1659994213, id : 4, k54 : false, k57 : 1166598965, k56 : 'rwfVH083r', k59 : 'e', k58 : 't'}]->(n1);
MATCH (n0 {id : 3}), (n1 {id : 3}) MERGE(n0)-[r :T3{k55 : -1659994213, id : 5, k54 : false, k57 : 1113565304, k56 : 'Phf', k59 : 'qyjtpF945', k58 : 'q'}]->(n1);
MATCH (n0 {id : 1}), (n1 {id : 0}) MERGE(n0)-[r :T4{k62 : '51', k61 : true, k64 : 'A', k63 : false, k66 : -1976024364, id : 6, k65 : 265093071}]->(n1);
MATCH (n0 {id : 0}), (n1 {id : 3}) MERGE(n0)-[r :T1{k44 : 1192212583, id : 7, k43 : '4U8nbTL', k46 : -407982271, k45 : 'n', k47 : -1667610412}]->(n1);
MATCH (n0 {id : 0}), (n1 {id : 3}) MERGE(n0)-[r :T2{k49 : '1', k51 : 1256416999, k50 : 'N', k53 : false, k52 : -565766788, id : 8, k48 : 585178484}]->(n1);
MERGE (n0 :L0{id:9}) MERGE ( :L2{id:10}) CREATE ( :L0{id:11})-[r0 :T3{k56:(n0.k2), id:12}]->({id:13})-[ :T3{k57:(n0.k3), id:14}]->( :L4{id:15}) RETURN *, (n0.k3) AS a0;
MERGE ( n0 : L0 { id : 9 } ) WITH * OPTIONAL MATCH ()-[:TYPE]-() MERGE ( : L2 { id : 10 } ) CREATE ( : L0 { id : 11 } ) - [ r0 : T3 { k56 : ( n0 . k2 ) , id : 12 } ] - > ( { id : CASE WHEN TRUE THEN 13 END } ) - [ : T3 { k57 : ( n0 . k3 ) , id : 14 } ] - > ( : L4 { id : 15 } ) RETURN * , ( n0 . k3 ) AS a0 ;
MATCH (a) RETURN count(a);
MATCH (b)-[a]->(c) RETURN count(a);
MATCH (b)-[a]->(c) RETURN count(a);
MERGE ({id:16})-[r0 :T1{id:17}]->( :L0{id:18}) DETACH DELETE r0  MERGE (n0 :L0{k0:'j', id:19})-[r1 :T3{id:20}]->({k24:true, id:21}) RETURN 1 AS a0 ORDER BY ((r1.k55)*-391133227), a0 DESC;
MERGE ( { id : CASE WHEN TRUE THEN 16 END } ) - [ r0 : T1 { id : 17 } ] - > ( : L0 { id : 18 } ) WITH * DETACH DELETE r0 WITH * UNWIND [1] as l0 MERGE ( n0 : L0 { k0 : CASE WHEN TRUE THEN 'j' END , id : 19 } ) - [ r1 : T3 { id : CASE WHEN TRUE THEN 20 END } ] - > ( { k24 : true , id : 21 } ) WITH * OPTIONAL MATCH ()-[:TYPE]-() RETURN 1 AS a0 ORDER BY ((r1.k55)*-391133227), a0 DESC ;
