-- Time: 2024/04/11 14:23:33
-- Database: janusgraph_database942
-- Database version: composite
-- seed value: 1712812407467
CREATE (n0 :L1{k5 : true, id : 0, k6 : 821936733, k10 : 'F', k7 : false, k8 : -1158753959, k9 : -1192877130});
CREATE (n0 :L2{k17 : 't', k16 : true, k11 : 'i', id : 1, k12 : -2100157716, k15 : 1580747215, k14 : 'a'});
CREATE (n0 :L4{k28 : false, k27 : false, k29 : true, k31 : true, k30 : true, id : 2, k25 : 'c'});
CREATE (n0 :L3{k19 : false, k18 : true, k20 : -400239801, k22 : false, id : 3, k21 : 'gk', k24 : 'SHnYr'});
MATCH (n0 {id : 1}), (n1 {id : 2}) MERGE(n0)-[r :T0{k39 : false, k38 : 'W', k40 : -610671337, k42 : false, k41 : true, id : 4, k37 : 'H'}]->(n1);
MATCH (n0 {id : 1}), (n1 {id : 3}) MERGE(n0)-[r :T0{k39 : true, k38 : '7', k40 : -710188369, k42 : true, k41 : false, id : 5, k43 : -1205408870, k37 : 'G'}]->(n1);
MATCH (n0 {id : 0}), (n1 {id : 1}) MERGE(n0)-[r :T5{k71 : 'vE0bX', k70 : true, k73 : -313237586, k72 : 'Q', k75 : 'r53x3yn', k74 : false, id : 6, k76 : 'RihEe'}]->(n1);
MATCH (n0 {id : 2}), (n1 {id : 3}) MERGE(n0)-[r :T5{k71 : 'L', k73 : -879899360, k72 : 'cSsXF', k75 : 'nu4', k74 : true, id : 7, k76 : 'SC'}]->(n1);
MATCH (n0 {id : 2}), (n1 {id : 0}) MERGE(n0)-[r :T2{k51 : true, k52 : -152144129, k55 : 'q', id : 8, k56 : true}]->(n1);
MATCH (n0 {id : 3}), (n1 {id : 0}) MERGE(n0)-[r :T0{k39 : false, k38 : 'iN', k40 : 1696826538, k42 : true, k41 : false, id : 9, k43 : -1188479602, k37 : 'E'}]->(n1);
MATCH p0=(n0)-[]-()<-[r0 :T0{k40:round(869071057)}]-(), (n1) DETACH DELETE n0  SET n1.k=(r0.k39) RETURN 1 AS a0 SKIP 1;
MATCH p0 = ( n0 ) - [ ] - ( ) < - [ r0 : T0 { k40 : CASE WHEN TRUE THEN round ( 869071057 ) END } ] - ( ) ,( n1 ) DETACH DELETE n0 SET n1 . k = ( r0 . k39 ) WITH * UNWIND [1] as l0 RETURN 1 AS a0 SKIP 1 ;
MATCH (a) RETURN count(a);
MATCH (b)-[a]->(c) RETURN count(a);
MATCH (b)-[a]->(c) RETURN count(a);
UNWIND [NULL] AS a3 CREATE (n0{id:10})-[r0 :T5{k76:elementId(relationships(NULL)[toIntegerOrNull(abs(NULL))]), id:11}]->({id:12})-[r2 :T0{id:13}]->( :L4{k30:false, id:14}) CREATE p0=(n3{id:15}) RETURN *, NULL AS a4;
UNWIND [ NULL ] AS a3 WITH * CREATE ( n0 { id : 10 } ) - [ r0 : T5 { k76 : elementId ( relationships ( NULL ) [ toIntegerOrNull ( abs ( CASE WHEN TRUE THEN NULL END ) ) ] ) , id : 11 } ] - > ( { id : 12 } ) - [ r2 : T0 { id : 13 } ] - > ( : L4 { k30 : CASE WHEN TRUE THEN false END , id : 14 } ) CREATE p0 = ( n3 { id : 15 } ) RETURN * , NULL AS a4 ;
MATCH (a) RETURN count(a);
MATCH (a) RETURN count(a);
MATCH (b)-[a]->(c) RETURN count(a);
MATCH (b)-[a]->(c) RETURN count(a);
MERGE ({k9:1177627799, id:16})-[r0 :T5{k76:'F', id:17}]-(n0{k15:-2129894817, id:18}) CREATE p0=({id:19})<-[r1 :T5{k76:(r0.k72), id:20}]-( :L1{id:21}) MERGE (n1{id:22})<-[r2 :T2{id:23}]-({id:24}) RETURN n0 AS a0, max((r2.k53)) AS a1;
MERGE ( { k9 : 1177627799 , id : 16 } ) - [ r0 : T5 { k76 : 'F' , id : 17 } ] - ( n0 { k15 : -2129894817 , id : 18 } ) WITH * UNWIND 1 as l0 CREATE p0 = ( { id : 19 } ) < - [ r1 : T5 { k76 : ( r0 . k72 ) , id : 20 } ] - ( : L1 { id : 21 } ) MERGE pp0=( n1 { id : 22 } ) < - [ r2 : T2 { id : CASE WHEN FALSE THEN NULL ELSE 23 END } ] - ( { id : 24 } ) WITH * OPTIONAL MATCH ()-[:TYPE]-() RETURN CASE WHEN FALSE THEN NULL ELSE n0 END AS a0 , max ( ( r2 . k53 ) ) AS a1 LIMIT 1 ;
MATCH (a) RETURN count(a);
MATCH (a) RETURN count(a);
MATCH (b)-[a]->(c) RETURN count(a);
MATCH (b)-[a]->(c) RETURN count(a);
OPTIONAL MATCH (n0)<-[r0]-(n1 :L2) MERGE ({k5:false, id:25}) SET n0.k=(n1.k12) RETURN 1 AS a0;
OPTIONAL MATCH (n0),()<-[r0]-(),(n1:L2) WHERE exists((n0)<-[r0]-(n1)) MERGE ( { k5 : false , id : 25 } ) WITH * OPTIONAL MATCH ()-[:TYPE]-() SET n0 . k = ( n1 . k12 ) WITH * RETURN 1 AS a0 ;
MATCH (a) RETURN count(a);
MATCH (a) RETURN count(a);
MATCH (b)-[a]->(c) RETURN count(a);
MATCH (b)-[a]->(c) RETURN count(a);
MERGE (n0 :L3{k24:'V', id:26}) REMOVE n0.k2 CREATE (n3{id:27})<-[ :T0{id:28}]-({id:29}), (n4{id:30})-[ :T0{k40:(n0.k23), id:31}]->( :L3{id:32}) RETURN 1 AS a0, NULL AS a1;
MERGE ( n0 : L3 { k24 : 'V' , id : 26 } ) REMOVE n0 . k2 CREATE ( n3 { id : 27 } ) < - [ : T0 { id : 28 } ] - ( { id : 29 } ) CREATE ( :L3{id:32})<-[ : T0 { k40 : CASE WHEN FALSE THEN NULL ELSE ( n0 . k23 ) END , id : CASE WHEN FALSE THEN NULL ELSE 31 END } ] -( n4 { id : 30 } ) WITH * OPTIONAL MATCH ()-[:TYPE]-() RETURN 1 AS a0 , CASE WHEN FALSE THEN NULL ELSE NULL END AS a1 ;
