-- Time: 2024/04/11 13:42:32
-- Database: janusgraph_database388
-- Database version: composite
-- seed value: 1712812406911
CREATE (n0 :L3{k19 : true, k20 : -1909209436, id : 0, k21 : 'NdjX'});
CREATE (n0 {id : 1});
CREATE (n0 :L4{k28 : -1247650476, k29 : true, k30 : 'c0zB6', id : 2, k24 : 'd', k25 : true});
CREATE (n0 :L3{k19 : true, k20 : 2129398643, k22 : 723933636, id : 3, k21 : 'EG68vGzv', k23 : 1156251409});
MATCH (n0 {id : 3}), (n1 {id : 2}) MERGE(n0)-[r :T0{k49 : 'b2E46uf', k50 : true, k44 : false, id : 4, k46 : false, k45 : 'xuMtw', k48 : false, k47 : 'S3KCUS'}]->(n1);
MATCH (n0 {id : 3}), (n1 {id : 1}) MERGE(n0)-[r :T4{k71 : 294702308, k70 : 'e', k73 : true, k72 : 'd', id : 5, k68 : 'a', k69 : 'O'}]->(n1);
MATCH (n0 {id : 3}), (n1 {id : 3}) MERGE(n0)-[r :T1{k51 : 'lGzMLlz2B', k53 : false, k52 : false, k55 : -283820113, id : 6, k54 : 382659523, k57 : 'SoB', k56 : false}]->(n1);
MATCH (n0 {id : 1}), (n1 {id : 3}) MERGE(n0)-[r :T4{k70 : 'lbPKp32', k73 : true, k72 : 'C', id : 7, k68 : 'XOo9Mh', k69 : 'b43mE'}]->(n1);
MATCH (n0 {id : 0}), (n1 {id : 2}) MERGE(n0)-[r :T1{k51 : 'eRtwSt', k53 : false, k52 : true, k55 : 1684572717, id : 8, k54 : -1029932646, k57 : 'YpZjCPTb', k56 : true}]->(n1);
MATCH (n0 {id : 1}), (n1 {id : 2}) MERGE(n0)-[r :T4{k71 : 62114098, k73 : true, k72 : '0', id : 9, k68 : 'a', k69 : 'b43mE'}]->(n1);
CREATE (n0{id:10})<-[ :T4{id:11}]-(n1{k21:NULL, id:12}), (n2{id:13})<-[r0 :T4{id:14}]-({k19:true, id:15}) MERGE (n3{id:16})-[r1 :T4{id:17}]-(n4{k22:364203377, id:18}) REMOVE n3.k2 RETURN n4 AS a0;
CREATE ( n0 { id : 10 } ) < - [ : T4 { id : 11 } ] - ( n1 { k21 : NULL , id : CASE WHEN TRUE THEN 12 END } ) CREATE ( n2 { id : 13 } ) < - [ r0 : T4 { id : 14 } ] - ( { k19 : true , id : 15 } ) MERGE ( n3 { id : 16 } ) - [ r1 : T4 { id : 17 } ] - ( n4 { k22 : 364203377 , id : 18 } ) REMOVE n3 . k2 RETURN n4 AS a0 ;
MATCH (a) RETURN count(a);
MATCH (b)-[a]->(c) RETURN count(a);
MATCH (b)-[a]->(c) RETURN count(a);
CREATE (n0{id:19}), ({id:20}) CREATE ( :L3{id:21}), (n1{id:22})-[r0 :T0{id:23}]->(n2 :L4{id:24}) MERGE ({id:25})-[r1 :T4{id:26}]-({id:27}) RETURN 1 AS a0 UNION ALL OPTIONAL MATCH ( :L4{k27:(1564091436+NULL)}), (n0{k20:591625952})-[]->() DETACH DELETE n0  CREATE (n1 :L3{id:28})-[ :T1{k54:NULL, id:29}]->(n2 :L3{id:30})-[r0 :T4{id:31}]->(n3{id:32}), (n4{id:33}) RETURN 1 AS a0;
CREATE ( n0 { id : 19 } ) CREATE ( { id : 20 } ) CREATE ( : L3 { id : 21 } ) CREATE ( n1 { id : 22 } ) - [ r0 : T0 { id : 23 } ] - > ( n2 : L4 { id : 24 } ) WITH * UNWIND [NULL] as l0 MERGE ( { id : CASE WHEN TRUE THEN 25 END } ) - [ r1 : T4 { id : 26 } ] - ( { id : 27 } ) WITH * RETURN 1 AS a0 UNION ALL OPTIONAL MATCH ( : L4 { k27 : ( 1564091436 + NULL ) } ) ,( n0 { k20 : 591625952 } ) - [ ] - > ( ) DETACH DELETE n0 CREATE ( n1 : L3 { id : 28 } ) - [ : T1 { k54 : NULL , id : CASE WHEN FALSE THEN NULL ELSE 29 END } ] - > ( n2 : L3 { id : CASE WHEN TRUE THEN 30 END } ) - [ r0 : T4 { id : 31 } ] - > ( n3 { id : 32 } ) CREATE ( n4 { id : 33 } ) WITH * RETURN 1 AS a0 ;
MATCH (a) RETURN count(a);
MATCH (a) RETURN count(a);
MATCH (b)-[a]->(c) RETURN count(a);
MATCH (b)-[a]->(c) RETURN count(a);
UNWIND [643406274, -709743047] AS a0 MERGE (n0 :L4{id:34}) MERGE ( :L3{k19:true, id:35})-[r0 :T1{k53:false, id:36}]-({id:37})-[r1 :T4{id:38}]-({id:39}) RETURN r1 AS a1, 1 AS a2;
UNWIND [ 643406274 , -709743047 ] AS a0 MERGE ( n0 : L4 { id : 34 } ) MERGE ( : L3 { k19 : true , id : 35 } ) - [ r0 : T1 { k53 : false , id : 36 } ] - ( { id : 37 } ) - [ r1 : T4 { id : 38 } ] - ( { id : CASE WHEN FALSE THEN NULL ELSE 39 END } ) RETURN CASE WHEN FALSE THEN NULL ELSE r1 END AS a1 , 1 AS a2 ORDER BY NULL DESC ;
MATCH (a) RETURN count(a);
MATCH (a) RETURN count(a);
MATCH (b)-[a]->(c) RETURN count(a);
MATCH (b)-[a]->(c) RETURN count(a);
CREATE p0=(n0{id:40})-[r0 :T1{id:41}]->({k19:false, id:42})-[ :T0{id:43}]->(n1{id:44}), (n2{id:45}) MERGE ({k23:-660566525, id:46})-[r1 :T1{id:47}]-( :L3{id:48})-[r2 :T0{k48:true, id:49}]-(n3{k26:'iFuIU', id:50}) CREATE ({id:51})<-[ :T4{id:52}]-({id:53})-[ :T0{id:54}]->({k27:(-1803046457*1206505802), id:55}), ({id:56}) RETURN n3 AS a0, NULL AS a1;
CREATE p0 = ( n0 { id : 40 } ) - [ r0 : T1 { id : 41 } ] - > ( { k19 : false , id : 42 } ) - [ : T0 { id : 43 } ] - > ( n1 { id : 44 } ) CREATE ( n2 { id : CASE WHEN TRUE THEN 45 END } ) WITH * MERGE pp0=( { k23 : -660566525 , id : 46 } ) - [ r1 : T1 { id : 47 } ] - ( : L3 { id : CASE WHEN TRUE THEN 48 END } ) - [ r2 : T0 { k48 : true , id : 49 } ] - ( n3 { k26 : ('iFuIU' +'') , id : 50 } ) CREATE (m0{ id : 51 } )CREATE (m0)< - [ : T4 { id : 52 } ] - ( { id : CASE WHEN FALSE THEN NULL ELSE 53 END } ) - [ : T0 { id : 54 } ] - > ( { k27 : CASE WHEN TRUE THEN ( -1803046457 * 1206505802 ) END , id : 55 } ) CREATE ( { id : 56 } ) RETURN n3 AS a0 , NULL AS a1 ;
MATCH (a) RETURN count(a);
MATCH (a) RETURN count(a);
MATCH (b)-[a]->(c) RETURN count(a);
MATCH (b)-[a]->(c) RETURN count(a);
WITH * LIMIT 0 MERGE ({id:57})-[r0 :T1{id:58}]->({id:59})-[r1 :T4{id:60}]-(n0{id:61}) MERGE ({id:62})<-[r2 :T0{id:63}]-({id:64}) RETURN r2 AS a0, (r2.k50) AS a1 SKIP 1;
WITH * LIMIT 0 MERGE ( { id : 57 } ) - [ r0 : T1 { id : 58 } ] - > ( { id : 59 } ) - [ r1 : T4 { id : 60 } ] - ( n0 { id : CASE WHEN TRUE THEN 61 END } ) MERGE ( { id : 62 } ) < - [ r2 : T0 { id : 63 } ] - ( { id : 64 } ) RETURN r2 AS a0 , ( r2 . k50 ) AS a1 SKIP 1 ;
MATCH (a) RETURN count(a);
MATCH (a) RETURN count(a);
MATCH (b)-[a]->(c) RETURN count(a);
MATCH (b)-[a]->(c) RETURN count(a);
UNWIND NULL AS a0 MERGE ({k22:1151956052, id:65})-[r0 :T1{id:66}]->(n0 :L4{k27:round(1303190173), id:67})-[r1 :T4{k69:'7', id:68}]-({id:69}) REMOVE n0.k2 RETURN n0 AS a1, 1 AS a2;
UNWIND NULL AS a0 MERGE ( { k22 : 1151956052 , id : 65 } ) - [ r0 : T1 { id : 66 } ] - > ( n0 : L4 { k27 : round ( CASE WHEN FALSE THEN NULL ELSE 1303190173 END ) , id : 67 } ) - [ r1 : T4 { k69 : '7' , id : 68 } ] - ( { id : 69 } ) WITH * UNWIND 1 as l0 WITH * CALL{WITH *REMOVE n0 . k2 } RETURN n0 AS a1 , 1 AS a2 ;
MATCH (a) RETURN count(a);
MATCH (a) RETURN count(a);
MATCH (b)-[a]->(c) RETURN count(a);
MATCH (b)-[a]->(c) RETURN count(a);
CREATE (n6 :L3{id:70}), p2=(n7{id:71})-[r2 :T4{id:72}]->(n8{id:73})-[r3 :T4{id:74}]->(n9 :L3{k23:((-1225723052*round((1137482386--1117503151)))+(NULL/NULL)), id:75}) CREATE ( :L3{id:76})-[ :T1{id:77}]->(n10 :L3{id:78}), ( :L3{id:79})<-[r4 :T4{id:80}]-(n11{id:81}) CREATE ({id:82})-[ :T1{id:83}]->( :L3{id:84}), (n12{k19:isEmpty([(-638456840--354291135), (-334091026/940327963)]), id:85}) RETURN 1 AS a0;
CREATE ( n6 : L3 { id : 70 } ) CREATE p2 = ( n7 { id : 71 } ) - [ r2 : T4 { id : 72 } ] - > ( n8 { id : 73 } ) - [ r3 : T4 { id : 74 } ] - > ( n9 : L3 { k23 : ( ( -1225723052 * round ( ( 1137482386 - -1117503151 ) ) ) + ( NULL / NULL ) ) , id : 75 } ) WITH * CREATE ( : L3 { id : 76 } ) - [ : T1 { id : CASE WHEN FALSE THEN NULL ELSE 77 END } ] - > ( n10 : L3 { id : 78 } ) CREATE ( : L3 { id : 79 } ) < - [ r4 : T4 { id : 80 } ] - ( n11 { id : 81 } ) WITH * CREATE ( { id : 82 } ) - [ : T1 { id : 83 } ] - > ( : L3 { id : 84 } ) CREATE ( n12 { k19 : isEmpty ( CASE WHEN TRUE THEN [ ( CASE WHEN FALSE THEN NULL ELSE -638456840 - -354291135 END ) , CASE WHEN FALSE THEN NULL ELSE ( -334091026 / 940327963 ) END ] END ) , id : CASE WHEN TRUE THEN 85 END } ) WITH * UNWIND [NULL] as l0 RETURN DISTINCT 1 AS a0 ;
MATCH (a) RETURN count(a);
MATCH (a) RETURN count(a);
MATCH (b)-[a]->(c) RETURN count(a);
MATCH (b)-[a]->(c) RETURN count(a);
MATCH (n0)-[]->() DETACH DELETE n0  CREATE (n1{id:86}), (n2{id:87})-[ :T4{id:88}]->(n3 :L3{id:89})-[r0 :T4{k71:-1997648996, id:90}]->(n4{id:91}) RETURN 1 AS a0, 1 AS a1 LIMIT 1;
MATCH ( n0 ) - [ ] - > ( ) WITH * DETACH DELETE n0 CREATE ( n1 { id : 86 } ) CREATE ( n2 { id : 87 } ) - [ : T4 { id : 88 } ] - > ( n3 : L3 { id : 89 } ) - [ r0 : T4 { k71 : -1997648996 , id : 90 } ] - > ( n4 { id : CASE WHEN FALSE THEN NULL ELSE 91 END } ) RETURN 1 AS a0 , 1 AS a1 SKIP 1 LIMIT 1 ;
