-- Time: 2024/04/11 14:22:53
-- Database: janusgraph_database933
-- Database version: composite
-- seed value: 1712812407458
CREATE (n0 :L5{k28 : false, k29 : 801095361, k31 : 'e3K', k30 : true, id : 0, k32 : false});
CREATE (n0 :L2{k16 : true, id : 1, k13 : 'krpBNCAL', k12 : 'WT3', k15 : false, k14 : true});
CREATE (n0 :L1{k11 : 'hA', id : 2, k6 : true, k10 : 'mDIoo5Q6N', k7 : true, k8 : true, k9 : 1625979865});
CREATE (n0 :L0{k0 : 1134634120, k1 : -2078196435, k2 : 'afB', k3 : true, k4 : false, k5 : -1055844804, id : 3});
MATCH (n0 {id : 1}), (n1 {id : 3}) MERGE(n0)-[r :T5{k62 : true, k64 : true, k63 : true, k66 : '5s', id : 4, k65 : '7', k68 : 960942097, k67 : 'wlb'}]->(n1);
MATCH (n0 {id : 3}), (n1 {id : 3}) MERGE(n0)-[r :T1{k39 : false, k40 : 'xA', k42 : 1798694128, k41 : false, k44 : 1161909045, id : 5, k45 : 1260531142}]->(n1);
MATCH (n0 {id : 1}), (n1 {id : 3}) MERGE(n0)-[r :T2{k50 : 'b62nre2P', id : 6, k47 : true}]->(n1);
MATCH (n0 {id : 3}), (n1 {id : 3}) MERGE(n0)-[r :T4{k61 : -478897424, id : 7, k57 : true, k59 : true, k58 : 1520455876}]->(n1);
MATCH (n0 {id : 3}), (n1 {id : 3}) MERGE(n0)-[r :T6{k70 : 'd', k72 : -1293198728, k75 : 'eT6Cd07F', k74 : 'bd', id : 8, k69 : 'm'}]->(n1);
MATCH (n0 {id : 0}), (n1 {id : 0}) MERGE(n0)-[r :T1{k39 : true, k40 : 'C', k41 : true, k44 : 724849681, id : 9, k45 : 108780725}]->(n1);
MATCH (n0 {id : 3}), (n1 {id : 0}) MERGE(n0)-[r :T1{k39 : false, k40 : 'u', k41 : false, k44 : 1864626924, id : 10, k43 : -149743328, k45 : -1463060945}]->(n1);
MERGE (n0{id:11}) DETACH DELETE n0  MERGE (n1{id:12}) RETURN DISTINCT 1 AS a0 SKIP 0 LIMIT 1 UNION ALL CREATE p0=(n0{id:13}) CREATE ( :L2{id:14}), ({k2:NULL, id:15})<-[ :T2{id:16}]-(n1 :L2{k14:(reverse('z9') <> ('U'+'n')), id:17})-[r0 :T5{k62:NULL, id:18}]->(n2{id:19}) CREATE p1=(n3{k3:true, id:20})<-[r1 :T2{id:21}]-(n4{id:22}) RETURN 1 AS a0;
MERGE ( n0 { id : 11 } ) WITH * OPTIONAL MATCH ()-[:TYPE]-() DETACH DELETE n0 MERGE ( n1 { id : 12 } ) RETURN DISTINCT 1 AS a0 SKIP 0 LIMIT CASE WHEN FALSE THEN NULL ELSE 1 END UNION ALL CREATE p0 = ( n0 { id : CASE WHEN FALSE THEN NULL ELSE 13 END } ) CREATE ( : L2 { id : 14 } ) CREATE (n2{id:19})<-[ r0 : T5 { k62 : NULL , id : 18 } ] -(n1 :L2{k14:(reverse('z9') <> ('U'+'n')), id:17})-[ : T2 { id : 16 } ] ->( { k2 : NULL , id : 15 } ) CREATE p1 = ( n3 { k3 : true , id : 20 } ) < - [ r1 : T2 { id : CASE WHEN TRUE THEN 21 END } ] - ( n4 { id : 22 } ) WITH * RETURN 1 AS a0 ;
MATCH (a) RETURN count(a);
MATCH (b)-[a]->(c) RETURN count(a);
MATCH (b)-[a]->(c) RETURN count(a);
MATCH ()-[r0 :T1{k41:NULL}]-({k28:(r0.k39)}), (n0)-[]-()-[ :T4{k60:'s96ikOs'}]->(n1{k4:(r0.k41)}) WHERE (r0.k39) DETACH DELETE n0  CREATE ( :L5{id:23}) RETURN n1 AS a0;
MATCH ()-[*0..0]-( ) - [ r0 : T1 { k41 : CASE WHEN TRUE THEN NULL END } ] - ( { k28 : ( r0 . k39 ) } ) ,( n0 ) - [ ] - ( ) - [ : T4 { k60 : 's96ikOs' } ] - > ( n1 { k4 : ( r0 . k41 ) } ) WHERE ( CASE WHEN FALSE THEN NULL ELSE r0 . k39 END ) WITH * FOREACH(f in [1]|DETACH DELETE n0 ) WITH * CREATE ( : L5 { id : 23 } ) RETURN n1 AS a0 ;
