-- Time: 2024/04/11 13:43:39
-- Database: janusgraph_database403
-- Database version: composite
-- seed value: 1712812406926
CREATE (n0 :L2{k16 : '3oj9', k18 : true, id : 0, k15 : -1781475134, k14 : 1303521540});
CREATE (n0 {id : 1});
CREATE (n0 :L4{k28 : 'Vz', k27 : -200621312, k29 : -1854547111, k30 : 'P', id : 2, k26 : true});
CREATE (n0 :L2{k17 : 'X7', k16 : 'rHmt', k18 : false, id : 3, k15 : 1434973617, k14 : 856716804});
MATCH (n0 {id : 0}), (n1 {id : 3}) MERGE(n0)-[r :T6{k71 : 803351809, k70 : false, k66 : '5DDWqP', id : 4, k65 : true, k67 : 't', k69 : true}]->(n1);
MATCH (n0 {id : 1}), (n1 {id : 3}) MERGE(n0)-[r :T4{id : 5, k56 : 'l', k58 : 'P'}]->(n1);
MATCH (n0 {id : 0}), (n1 {id : 2}) MERGE(n0)-[r :T3{k49 : 1029435917, k51 : false, k50 : true, k53 : -1506002734, k52 : false, id : 6, k48 : false}]->(n1);
MATCH (n0 {id : 3}), (n1 {id : 3}) MERGE(n0)-[r :T6{k71 : 830785234, k70 : true, k66 : 'X5', id : 7, k68 : 330052296, k67 : 'U', k69 : false}]->(n1);
MATCH (n0 {id : 3}), (n1 {id : 3}) MERGE(n0)-[r :T2{k42 : false, k44 : 'A', id : 8, k43 : false, k46 : 's6p9gf', k45 : 'aeCr', k47 : 546887312}]->(n1);
MATCH (n0 {id : 0}), (n1 {id : 2}) MERGE(n0)-[r :T2{k42 : false, k44 : 'uun6', id : 9, k46 : 'bV', k45 : 'w', k47 : 641833895}]->(n1);
MATCH (n0 {id : 0}), (n1 {id : 3}) MERGE(n0)-[r :T0{k31 : 2086671596, k33 : true, id : 10, k32 : 'anhM', k35 : 887421035}]->(n1);
MERGE (n0{k17:'r', id:11}) MERGE (n1{id:12})-[r0 :T2{id:13}]-(n2{id:14})-[r1 :T0{id:15}]->(n3{id:16}) MERGE (n4{id:17})<-[ :T2{id:18}]-({id:19})-[ :T0{k33:true, id:20}]-(n5{k15:-1285071272, id:21}) RETURN n1 AS a0, 1 AS a1 ORDER BY NULL, a0;
MERGE ( n0 { k17 : 'r' , id : CASE WHEN TRUE THEN 11 END } ) MERGE ( n1 { id : 12 } ) - [ r0 : T2 { id : 13 } ] - ( n2 { id : 14 } ) - [ r1 : T0 { id : 15 } ] - > ( n3 { id : 16 } ) MERGE ( n4 { id : 17 } ) < - [ : T2 { id : 18 } ] - ( { id : CASE WHEN FALSE THEN NULL ELSE 19 END } ) - [ : T0 { k33 : CASE WHEN FALSE THEN NULL ELSE true END , id : 20 } ] - ( n5 { k15 : CASE WHEN FALSE THEN NULL ELSE -1285071272 END , id : 21 } ) WITH * OPTIONAL MATCH ()-[:TYPE]-() RETURN n1 AS a0 , 1 AS a1 ORDER BY NULL, a0 ;
MATCH (a) RETURN count(a);
MATCH (b)-[a]->(c) RETURN count(a);
MATCH (b)-[a]->(c) RETURN count(a);
WITH * MERGE (n0{id:22}) DETACH DELETE n0  RETURN 'h' AS a0, 1 AS a1;
WITH * MERGE ( n0 { id : 22 } ) DETACH DELETE n0 RETURN 'h' AS a0 , 1 AS a1 LIMIT 1 ;
