-- Time: 2024/04/11 13:19:19
-- Database: janusgraph_database74
-- Database version: composite
-- seed value: 1712812406555
CREATE (n0 {id : 0});
CREATE (n0 {id : 1});
CREATE (n0 :L4{k28 : true, k27 : false, id : 2, k24 : -1973715554, k26 : true});
CREATE (n0 {id : 3});
MATCH (n0 {id : 3}), (n1 {id : 1}) MERGE(n0)-[r :T3{k60 : 'W', k55 : 'A', id : 4, k57 : 'LGrm9', k56 : 'u', k59 : -1315398423, k58 : '7Njcb1m'}]->(n1);
MATCH (n0 {id : 3}), (n1 {id : 1}) MERGE(n0)-[r :T4{k62 : 'tVwU', k61 : false, k64 : -2054275491, k63 : 'k', k66 : -2058624001, id : 5, k65 : 'jj', k67 : 'tfoqYfs9d'}]->(n1);
MATCH (n0 {id : 2}), (n1 {id : 2}) MERGE(n0)-[r :T3{k60 : 'tLc1uWe', k55 : 'oO6Wo', id : 6, k57 : 'z30', k56 : 'CCYk', k59 : 303412557, k58 : 'FSC'}]->(n1);
MATCH (n0 {id : 1}), (n1 {id : 1}) MERGE(n0)-[r :T1{k42 : false, k44 : false, id : 7, k46 : 's', k45 : 'IL', k48 : true, k47 : true}]->(n1);
MATCH (n0 {id : 3}), (n1 {id : 0}) MERGE(n0)-[r :T4{k61 : false, k64 : 653270402, k63 : 'jrVds', k66 : -204582592, id : 8, k65 : 'HceDrkvKK', k67 : 'HK'}]->(n1);
MATCH (n0 {id : 3}), (n1 {id : 0}) MERGE(n0)-[r :T1{k42 : false, k44 : false, id : 9, k43 : 'FcR5Wt', k48 : true, k47 : true}]->(n1);
OPTIONAL MATCH ()-[r0 :T4{k62:'O'}]->(n1)-[]-() WHERE isEmpty('p') OPTIONAL MATCH (), ()<-[]-(n0)-[]-(n1) SET n0.k=false RETURN DISTINCT n1 AS a2;
OPTIONAL MATCH ( ) - [ r0 : T4 { k62 : 'O' } ] - > ( n1 ) - [ ] - ( ) WHERE TRUE AND isEmpty ( 'p' ) OPTIONAL MATCH ( ) ,( ) < - [ ] - ( n0 ) - [ ] - ( n1 ) WHERE TRUE WITH * SET n0 . k = CASE WHEN TRUE THEN false END RETURN DISTINCT n1 AS a2 ;
MATCH (a) RETURN count(a);
MATCH (b)-[a]->(c) RETURN count(a);
MATCH (b)-[a]->(c) RETURN count(a);
WITH DISTINCT * ORDER BY NULL DESC WHERE (NOT (round(-1901131295) <> ((1761480102+2117339016)-893718503))) MERGE (n0{id:10})-[r0 :T1{id:11}]-({id:12}) SET n0.k=2140105904 RETURN 'CaBEwVAjE' AS a0, 1 AS a1;
WITH DISTINCT * ORDER BY NULL DESC WHERE ( NOT ( round ( -1901131295 ) <> ( ( 1761480102 + 2117339016 ) -893718503 ) ) ) MERGE ( n0 { id : 10 } ) - [ r0 : T1 { id : 11 } ] - ( { id : 12 } ) SET n0 . k = CASE WHEN FALSE THEN NULL ELSE 2140105904 END RETURN ('CaBEwVAjE' +'') AS a0 , 1 AS a1 ;
MATCH (a) RETURN count(a);
MATCH (a) RETURN count(a);
MATCH (b)-[a]->(c) RETURN count(a);
MATCH (b)-[a]->(c) RETURN count(a);
UNWIND nodes(NULL) AS a0 DETACH DELETE a0  SET a0.k=NULL RETURN a0 AS a1 ORDER BY false, a1 DESC LIMIT 1;
UNWIND nodes ( NULL ) AS a0 OPTIONAL MATCH ()-[:TYPE]-() DETACH DELETE a0 SET a0 . k = NULL RETURN DISTINCT a0 AS a1 ORDER BY false, a1 DESC LIMIT 1 ;
MATCH (a) RETURN count(a);
MATCH (a) RETURN count(a);
MATCH (b)-[a]->(c) RETURN count(a);
MATCH (b)-[a]->(c) RETURN count(a);
MATCH ()-[]-(n0), ()<-[*0..1]-(n1) OPTIONAL MATCH p0=()-[ :T1{k47:NULL}]-(n2), ()-[r0]-()<-[r1]-(n3) WHERE false DETACH DELETE n0  RETURN 1 AS a0;
MATCH (nn0),()<-[m1]-(),(n0),()<-[*0..1]-(n1) WHERE exists((nn0)-[m1]-(n0)) OPTIONAL MATCH p0 = ( ) - [ : T1 { k47 : NULL } ] - ( n2 ) ,( ) - [ r0 ] - ( ) < - [ r1 ] - ( n3 ) WHERE false UNWIND [1] as l0 DETACH DELETE n0 WITH * OPTIONAL MATCH ()-[:TYPE]-() RETURN CASE WHEN TRUE THEN 1 END AS a0 ;
