-- Time: 2024/04/11 14:34:29
-- Database: janusgraph_database1089
-- Database version: composite
-- seed value: 1712812407614
CREATE (n0 :L2{k11 : false, id : 0, k12 : -655630852, k15 : false, k14 : 'rYv'});
CREATE (n0 :L5{k28 : '8', k29 : false, k30 : -769055865, id : 1, k32 : true});
CREATE (n0 {id : 2});
CREATE (n0 :L5{k31 : true, k30 : -1057234542, id : 3, k32 : false});
MATCH (n0 {id : 3}), (n1 {id : 0}) MERGE(n0)-[r :T2{k50 : 'VJZ', k44 : 'PO', id : 4, k46 : false, k45 : false, k48 : -941165043, k47 : -943289772}]->(n1);
MATCH (n0 {id : 0}), (n1 {id : 1}) MERGE(n0)-[r :T6{k71 : '2', k70 : 2089719686, k73 : false, k72 : 1376243892, k75 : -282038193, k74 : -77005878, id : 5}]->(n1);
MATCH (n0 {id : 3}), (n1 {id : 2}) MERGE(n0)-[r :T2{k49 : false, id : 6, k46 : true, k45 : false, k48 : 1731580632, k47 : -924447179}]->(n1);
MATCH (n0 {id : 3}), (n1 {id : 3}) MERGE(n0)-[r :T4{k60 : true, k62 : false, k61 : true, k63 : 'bjP4M', id : 7, k59 : true, k58 : 'm9'}]->(n1);
MATCH (n0 {id : 3}), (n1 {id : 2}) MERGE(n0)-[r :T4{k60 : true, k62 : false, k61 : false, id : 8, k59 : true}]->(n1);
MATCH (n0 {id : 2}), (n1 {id : 2}) MERGE(n0)-[r :T6{k71 : 'KF', k70 : -275658575, k73 : false, k72 : -995599842, k75 : 1367985062, k74 : 1327603906, id : 9}]->(n1);
UNWIND NULL AS a0 UNWIND NULL AS a1 CREATE ( :L5{id:10}) RETURN 1 AS a2, [(n0)-[]-(n1)-[ :T2{k44:NULL}]->(n2)|[NULL]] AS a3;
UNWIND CASE WHEN FALSE THEN NULL ELSE NULL END AS a0 WITH * UNWIND CASE WHEN TRUE THEN NULL END AS a1 CREATE ( : L5 { id : 10 } ) RETURN 1 AS a2 , [ ( n0 ) - [ ] - ( n1 ) - [ : T2 { k44 : NULL } ] - > ( n2 ) | [ NULL ] ] AS a3 ;
MATCH (a) RETURN count(a);
MATCH (b)-[a]->(c) RETURN count(a);
MATCH (b)-[a]->(c) RETURN count(a);
MERGE p0=(n0{id:11})<-[r0 :T2{id:12}]-( :L5{k32:true, id:13}) CREATE ({id:14}), p1=({id:15})<-[r1 :T2{id:16}]-( :L5{id:17})-[r2 :T4{id:18}]->(n1{id:19}) CREATE p2=(n2 :L2{id:20})<-[ :T2{k49:(r0.k49), id:21}]-({id:22})-[ :T4{id:23}]->(n3{id:24}) RETURN (r0.k47) AS a0, n0 AS a1;
MERGE p0 = ( n0 { id : 11 } ) < - [ r0 : T2 { id : 12 } ] - ( : L5 { k32 : true , id : 13 } ) CREATE ( { id : 14 } ) CREATE (m0{ id : 15 } )CREATE (m0)< - [ r1 : T2 { id : 16 } ] - ( : L5 { id : 17 } ) - [ r2 : T4 { id : 18 } ] - > ( n1 { id : 19 } ) WITH * OPTIONAL MATCH ()-[:TYPE]-() CREATE (n2: L2 { id : 20 } )CREATE (n2)< - [ : T2 { k49 : ( r0 . k49 ) , id : 21 } ] - ( { id : 22 } ) - [ : T4 { id : 23 } ] - > ( n3 { id : 24 } ) RETURN ( r0 . k47 ) AS a0 , n0 AS a1 ;
