-- Time: 2024/04/11 14:11:32
-- Database: janusgraph_database780
-- Database version: composite
-- seed value: 1712812407304
CREATE (n0 :L1{k11 : true, id : 0, k10 : 'qExQJ', k7 : true, k9 : false});
CREATE (n0 :L2{k17 : true, k16 : 1148732185, id : 1, k13 : false, k15 : '7', k14 : 168051718});
CREATE (n0 :L0{k0 : 140654427, k1 : 2115122915, k2 : true, k3 : -1203459791, k4 : true, k5 : 'j', id : 2, k6 : -1774228757});
CREATE (n0 {id : 3});
MATCH (n0 {id : 0}), (n1 {id : 1}) MERGE(n0)-[r :T2{k42 : 'dBo', k41 : 123804461, k44 : true, id : 4, k43 : 'D8TFTP', k45 : 1070281852}]->(n1);
MATCH (n0 {id : 1}), (n1 {id : 3}) MERGE(n0)-[r :T2{k42 : 'Ycu', k41 : -1935556454, k44 : false, id : 5, k43 : 'WL5jAI', k45 : -478558191}]->(n1);
MATCH (n0 {id : 2}), (n1 {id : 0}) MERGE(n0)-[r :T3{k49 : false, k51 : 1940400668, k50 : 'qc', k52 : false, id : 6, k46 : 'qn', k48 : '38', k47 : true}]->(n1);
MATCH (n0 {id : 2}), (n1 {id : 1}) MERGE(n0)-[r :T1{k39 : false, k38 : 'ry', k40 : '9', id : 7, k35 : true, k37 : true, k36 : false}]->(n1);
MATCH (n0 {id : 3}), (n1 {id : 0}) MERGE(n0)-[r :T0{k31 : 'i', k30 : false, k33 : 707614909, id : 8, k32 : 'Yy', k34 : 1148550562}]->(n1);
MATCH (n0 {id : 0}), (n1 {id : 2}) MERGE(n0)-[r :T4{k53 : false, k55 : true, id : 9, k54 : 'E', k57 : false, k56 : 'GhrFXs7OS', k58 : false}]->(n1);
CREATE (n0{id:10})-[ :T2{id:11}]->({id:12}), p0=({id:13})<-[r0 :T0{k33:(NULL/-26397348), id:14}]-(n1{id:15}) CREATE (n2{id:16})<-[ :T0{k32:substring(NULL, toIntegerOrNull(abs(654292181)), toIntegerOrNull(abs(287018963))), id:17}]-(n3{id:18})<-[r1 :T2{k44:true, id:19}]-({k15:('g'+'yc9FCEF1'), id:20}) MERGE (n4 :L1{k8:1751493848, id:21})-[r2 :T4{id:22}]->(n5{id:23})-[r3 :T3{id:24}]-({id:25}) RETURN 1 AS a0, n5 AS a1;
CREATE ( n0 { id : 10 } ) - [ : T2 { id : 11 } ] - > ( { id : 12 } ) CREATE p0 = ( { id : 13 } ) < - [ r0 : T0 { k33 : ( NULL / -26397348 ) , id : 14 } ] - ( n1 { id : 15 } ) CREATE ( n2 { id : 16 } ) < - [ : T0 { k32 : substring ( NULL , toIntegerOrNull ( abs ( 654292181 ) ) , CASE WHEN TRUE THEN toIntegerOrNull ( abs ( 287018963 ) ) END ) , id : CASE WHEN FALSE THEN NULL ELSE 17 END } ] - ( n3 { id : 18 } ) < - [ r1 : T2 { k44 : true , id : 19 } ] - ( { k15 : ( CASE WHEN TRUE THEN 'g' + 'yc9FCEF1' END ) , id : 20 } ) WITH * UNWIND 1 as l0 MERGE ( n4 : L1 { k8 : 1751493848 , id : 21 } ) - [ r2 : T4 { id : 22 } ] - > ( n5 { id : 23 } ) - [ r3 : T3 { id : 24 } ] - ( { id : 25 } ) RETURN 1 AS a0 , n5 AS a1 ;
MATCH (a) RETURN count(a);
MATCH (b)-[a]->(c) RETURN count(a);
MATCH (b)-[a]->(c) RETURN count(a);
MERGE p0=(n0{k2:false, id:26}) DETACH DELETE n0  MERGE (n1{id:27})-[r0 :T3{id:28}]-(n2{id:29}) RETURN 1 AS a0 UNION ALL MERGE (n0 :L0{id:30}) DETACH DELETE n0  CREATE (n1 :L2{id:31}) RETURN 1 AS a0;
MERGE p0 = ( n0 { k2 : false , id : 26 } ) DETACH DELETE n0 WITH * OPTIONAL MATCH ()-[:TYPE]-() MERGE ( n1 { id : 27 } ) - [ r0 : T3 { id : 28 } ] - ( n2 { id : CASE WHEN TRUE THEN 29 END } ) RETURN 1 AS a0 UNION ALL MERGE ( n0 : L0 { id : 30 } ) WITH * UNWIND [NULL] as l0 DETACH DELETE n0 WITH * OPTIONAL MATCH ()-[:TYPE]-() CREATE ( n1 : L2 { id : 31 } ) WITH * RETURN DISTINCT CASE WHEN FALSE THEN NULL ELSE 1 END AS a0 ;
MATCH (a) RETURN count(a);
MATCH (a) RETURN count(a);
MATCH (b)-[a]->(c) RETURN count(a);
MATCH (b)-[a]->(c) RETURN count(a);
MERGE ({id:32}) MERGE p0=( :L2{id:33})-[r0 :T2{k45:455433554, id:34}]->(n0{id:35})-[r1 :T0{k34:1880811193, id:36}]-({id:37}) SET n0.k=1757330134 RETURN DISTINCT p0 AS a0;
MERGE ( { id : 32 } ) WITH * OPTIONAL MATCH ()-[:TYPE]-() MERGE p0 = ( : L2 { id : 33 } ) - [ r0 : T2 { k45 : 455433554 , id : 34 } ] - > ( n0 { id : 35 } ) - [ r1 : T0 { k34 : 1880811193 , id : 36 } ] - ( { id : 37 } ) WITH * OPTIONAL MATCH ()-[:TYPE]-() SET n0 . k = 1757330134 RETURN DISTINCT p0 AS a0 ;
