-- Time: 2024/04/11 13:48:54
-- Database: janusgraph_database474
-- Database version: composite
-- seed value: 1712812406997
CREATE (n0 :L5{k28 : true, k29 : -854684326, k31 : '2', k33 : true, id : 0, k32 : -1900817739});
CREATE (n0 :L0{k0 : 2130854714, k1 : 431411296, k2 : true, k3 : 'D', k4 : true, k5 : true, id : 1, k6 : 'D'});
CREATE (n0 :L1{k11 : -1443938339, id : 2, k10 : false, k7 : 1326878647, k8 : false, k12 : 'i'});
CREATE (n0 :L0{k0 : -558984921, k1 : 1736284726, k3 : 'D', k4 : true, k5 : false, id : 3, k6 : 'S'});
MATCH (n0 {id : 1}), (n1 {id : 3}) MERGE(n0)-[r :T2{k49 : 1460421997, k51 : 'p', k50 : 'I', id : 4, k46 : true, k45 : true, k47 : false}]->(n1);
MATCH (n0 {id : 2}), (n1 {id : 2}) MERGE(n0)-[r :T1{k39 : -917451565, k40 : 'B', k42 : true, k44 : -363243959, id : 5, k43 : false}]->(n1);
MATCH p0=(n0), ( :L5) WHERE false SET n0.k=(('FMx' CONTAINS NULL) OR false) REMOVE n0.k2 RETURN p0 AS a0, NULL AS a1;
MATCH p0 = ( n0 ) ,( : L5 ) WHERE CASE WHEN TRUE THEN false END SET n0 . k = ( ( 'FMx' CONTAINS NULL ) OR false ) WITH * FOREACH(f in [1]|REMOVE n0 . k2 ) RETURN CASE WHEN TRUE THEN p0 END AS a0 , NULL AS a1 ;
MATCH (a) RETURN count(a);
MATCH (b)-[a]->(c) RETURN count(a);
MATCH (b)-[a]->(c) RETURN count(a);
WITH [[275014829]] AS a0 MERGE ({id:6})<-[r0 :T1{k44:-1514951454, id:7}]-({id:8}) DETACH DELETE r0  RETURN DISTINCT 1 AS a1;
WITH [ [ 275014829 ] ] AS a0 WHERE TRUE WITH * MERGE ( { id : 6 } ) < - [ r0 : T1 { k44 : -1514951454 , id : 7 } ] - ( { id : 8 } ) DETACH DELETE CASE WHEN TRUE THEN r0 END WITH * RETURN DISTINCT 1 AS a1 LIMIT 1 ;
MATCH (a) RETURN count(a);
MATCH (a) RETURN count(a);
MATCH (b)-[a]->(c) RETURN count(a);
MATCH (b)-[a]->(c) RETURN count(a);
OPTIONAL MATCH (n0 :L0{k3:'CY'})-[r0]-() REMOVE n0.k2 MERGE p0=(n1{id:9}) RETURN n1 AS a0, p0 AS a1 LIMIT 1;
OPTIONAL MATCH (n0:L0),()<-[r0]-(),(nn0) WHERE exists((n0{k3:'CY'})-[r0]-(nn0)) OPTIONAL MATCH ()-[:TYPE]-() REMOVE n0 . k2 WITH * OPTIONAL MATCH ()-[:TYPE]-() MERGE p0 = ( n1 { id : CASE WHEN TRUE THEN 9 END } ) WITH * RETURN n1 AS a0 , p0 AS a1 LIMIT 1 ;
