-- Time: 2024/04/11 14:02:44
-- Database: janusgraph_database661
-- Database version: composite
-- seed value: 1712812407185
CREATE (n0 :L3{k22 : 'j', id : 0, k21 : false, k24 : -1453538012, k23 : 'so', k25 : -816910608});
CREATE (n0 :L4{k28 : true, k27 : false, k29 : 'F', k31 : true, k30 : false, id : 1, k32 : 't', k26 : false});
CREATE (n0 :L3{id : 2, k24 : 1687578165, k23 : 'zN1', k25 : 1323247936});
CREATE (n0 :L5{k33 : 'hjl4tLi', id : 3, k35 : 'eWu', k34 : 1966487439, k37 : 1158288528, k36 : -151477834});
MATCH (n0 {id : 2}), (n1 {id : 1}) MERGE(n0)-[r :T1{k53 : -364015989, k52 : 1908707810, k55 : 'S', id : 4, k54 : 'YOc', k56 : false}]->(n1);
MATCH (n0 {id : 2}), (n1 {id : 3}) MERGE(n0)-[r :T2{k60 : true, k62 : 506722544, k61 : 629997633, id : 5, k57 : -1260350067, k59 : false, k58 : false}]->(n1);
MATCH (n0 {id : 0}), (n1 {id : 0}) MERGE(n0)-[r :T4{k71 : -2109365167, k70 : true, k72 : -311996920, k74 : false, id : 6, k69 : 2072086761}]->(n1);
MATCH (n0 {id : 3}), (n1 {id : 0}) MERGE(n0)-[r :T2{k60 : true, k62 : -316120710, k61 : 84174757, id : 7, k57 : -1724034024, k59 : true, k58 : false}]->(n1);
MATCH (n0 {id : 0}), (n1 {id : 2}) MERGE(n0)-[r :T1{k53 : -940279477, k52 : -1025229343, k55 : 'K', id : 8, k54 : '7E9E', k56 : true}]->(n1);
MATCH (n0 {id : 1}), (n1 {id : 3}) MERGE(n0)-[r :T2{k60 : false, k62 : 1875072218, k61 : 1489283595, id : 9, k57 : -2068380135, k59 : true, k58 : true}]->(n1);
MATCH (n0 {id : 3}), (n1 {id : 1}) MERGE(n0)-[r :T0{k51 : true, k50 : -538232928, id : 10, k46 : 265034050, k45 : true, k48 : true, k47 : 'Gl1MhEl'}]->(n1);
UNWIND NULL AS a0 UNWIND [x IN [NULL, [NULL, NULL]]] AS a1 CREATE (n0 :L4{id:11}) RETURN 1 AS a2;
UNWIND NULL AS a0 WITH * UNWIND [ x IN [ NULL , [ NULL , NULL ] ] ] AS a1 CREATE ( n0 : L4 { id : 11 } ) RETURN CASE WHEN FALSE THEN NULL ELSE 1 END AS a2 ;
MATCH (a) RETURN count(a);
MATCH (b)-[a]->(c) RETURN count(a);
MATCH (b)-[a]->(c) RETURN count(a);
MATCH (), (n0)-[r0]-() OPTIONAL MATCH ()<-[r1 :T2{k61:-605772904}]-()<-[]-(n1), p0=(n2)<-[r2]-()-[r3]-() REMOVE n1.k2 RETURN n2 AS a0, 1 AS a1;
MATCH (),(n0)-[r0]-() OPTIONAL MATCH ( ) < - [ r1 : T2 { k61 : -605772904 } ] - ( ) < - [ ] - ( n1 ) ,p0 = ( n2 ) < - [ r2 ] - ( ) - [ r3 ] - ( ) UNWIND [NULL] as l0 REMOVE n1 . k2 WITH * RETURN n2 AS a0 , 1 AS a1 ;
