-- Time: 2024/04/11 13:20:35
-- Database: janusgraph_database91
-- Database version: composite
-- seed value: 1712812406572
CREATE (n0 {id : 0});
CREATE (n0 :L2{k17 : false, k16 : 1812595142, k19 : -655310562, k18 : 1320205320, id : 1, k15 : 'vEENO', k14 : false});
CREATE (n0 {id : 2});
CREATE (n0 :L6{k39 : 'E', k40 : false, k42 : -824566877, k41 : true, id : 3});
MATCH (n0 {id : 3}), (n1 {id : 3}) MERGE(n0)-[r :T4{k71 : -1515350022, k73 : 'KpI8tZsA', k72 : false, k74 : -987806086, id : 4, k68 : true, k69 : 674402478}]->(n1);
MATCH (n0 {id : 0}), (n1 {id : 2}) MERGE(n0)-[r :T4{k70 : true, k72 : false, k74 : 2121857456, id : 5, k69 : -1203374614}]->(n1);
MATCH (n0 {id : 1}), (n1 {id : 3}) MERGE(n0)-[r :T1{k51 : false, k53 : false, k52 : 267737630, k55 : 'KMkb4', id : 6, k54 : 536159132}]->(n1);
MATCH (n0 {id : 1}), (n1 {id : 2}) MERGE(n0)-[r :T2{k60 : true, id : 7, k57 : 1607838226, k56 : 'DL', k59 : false, k58 : 'X8ukHVagI'}]->(n1);
MATCH (n0 {id : 0}), (n1 {id : 3}) MERGE(n0)-[r :T4{k71 : 1856760646, k70 : true, k73 : '3', k72 : false, k74 : 1511963347, id : 8, k68 : true, k69 : -950931976}]->(n1);
MATCH ()-[r0 :T4{k69:((-1342526697/1110586672)-1145195270)}]->() OPTIONAL MATCH ()<-[r0]-()-[]->(n0) SET n0.k=toStringOrNull(NULL) RETURN n0 AS a0, n0 AS a1;
MATCH ( ) - [ r0 : T4 { k69 : ( ( -1342526697 / 1110586672 ) -1145195270 ) } ] - > ( ) WITH * OPTIONAL MATCH ( ) < - [ r0 ] - ( ) - [ ] - > ( n0 ) SET n0 . k = toStringOrNull ( NULL ) WITH * RETURN n0 AS a0 , CASE WHEN TRUE THEN n0 END AS a1 SKIP 1 LIMIT 1 ;
MATCH (a) RETURN count(a);
MATCH (b)-[a]->(c) RETURN count(a);
MATCH (b)-[a]->(c) RETURN count(a);
MATCH (n0)-[]->(n1)<-[r0]-(n2), ()-[]->(n3)<-[r0]-(n4 :L2{k14:exists(()<-[]-())}) WHERE ((600164157-(n4.k16)) = -802719866) MERGE p0=(n7{k19:1009892098, id:9})-[r2 :T1{k52:300748269, id:10}]->(n8 :L6{k42:1042500067, id:11})-[r3 :T4{k69:1617773463, id:12}]-(n9{id:13}) MERGE ({id:14})-[ :T4{id:15}]-({id:16}) RETURN false AS a0, 1 AS a1 LIMIT 0;
MATCH ( n0 ) - [ ] - > ( n1 ) < - [ r0 ] - ( n2 ) ,( ) - [ ] - > ( n3 ) < - [ r0 ] - ( n4 : L2 { k14 : exists ( ( ) < - [ ] - ( ) ) } ) WHERE ( ( 600164157 - ( n4 . k16 ) ) = -802719866 ) MERGE p0 = ( n7 { k19 : 1009892098 , id : 9 } ) - [ r2 : T1 { k52 : 300748269 , id : CASE WHEN FALSE THEN NULL ELSE 10 END } ] - > ( n8 : L6 { k42 : 1042500067 , id : 11 } ) - [ r3 : T4 { k69 : 1617773463 , id : 12 } ] - ( n9 { id : 13 } ) MERGE ( { id : 14 } ) - [ : T4 { id : 15 } ] - ( { id : 16 } ) RETURN false AS a0 , 1 AS a1 LIMIT CASE WHEN FALSE THEN NULL ELSE 0 END ;
MATCH (a) RETURN count(a);
MATCH (a) RETURN count(a);
MATCH (b)-[a]->(c) RETURN count(a);
MATCH (b)-[a]->(c) RETURN count(a);
MERGE (n0{id:17}) REMOVE n0.k2 DETACH DELETE n0  RETURN [-2112892978] AS a0 ORDER BY a0;
MERGE ( n0 { id : 17 } ) WITH * UNWIND [NULL] as l0 REMOVE n0 . k2 WITH * UNWIND [NULL] as l1 DETACH DELETE n0 RETURN [ -2112892978 ] AS a0 ORDER BY a0 ,FALSE ;
