-- Time: 2024/04/11 13:49:34
-- Database: janusgraph_database483
-- Database version: composite
-- seed value: 1712812407006
CREATE (n0 :L5{k31 : 'a', k30 : true, id : 0, k32 : -1675863033, k35 : 's', k34 : -721992583, k36 : 163124693});
CREATE (n0 :L5{k31 : 'G74PICnVi', k30 : false, k33 : -1907976652, id : 1, k32 : -651974413, k35 : 'JTL', k34 : 1416195936, k36 : -351457782});
CREATE (n0 :L4{k28 : false, k27 : '0a1Vp5', k29 : 'qllA9N', id : 2, k26 : false, k25 : true});
CREATE (n0 {id : 3});
MATCH (n0 {id : 0}), (n1 {id : 1}) MERGE(n0)-[r :T0{k49 : false, k44 : false, id : 4, k43 : -1766497823, k46 : 2113162393, k47 : '9'}]->(n1);
MATCH (n0 {id : 3}), (n1 {id : 1}) MERGE(n0)-[r :T3{k64 : 'HppSRRfms', k63 : false, k66 : false, id : 5, k65 : false, k68 : '9', k67 : 'g'}]->(n1);
MATCH (n0 {id : 3}), (n1 {id : 0}) MERGE(n0)-[r :T0{k49 : false, k44 : true, id : 6, k43 : 123580161, k46 : 1153968525, k45 : 'zCwp93IW', k48 : false, k47 : 'm9U2'}]->(n1);
MATCH (n0 {id : 3}), (n1 {id : 2}) MERGE(n0)-[r :T6{k82 : true, k84 : false, k83 : true, k86 : 1443130451, k85 : -929050646, id : 7, k87 : true}]->(n1);
MATCH (n0 {id : 3}), (n1 {id : 1}) MERGE(n0)-[r :T5{k81 : 'A', k75 : false, k77 : '5J', id : 8, k76 : 998824558, k79 : '7xUSLmp', k78 : 'Ztuc'}]->(n1);
UNWIND [-1567891262] AS a0 OPTIONAL MATCH (n0)<-[r0]-(), () REMOVE n0.k2 RETURN n0 AS a1, a0 AS a2 UNION ALL WITH * ORDER BY NULL CREATE (n0{id:9})-[ :T5{id:10}]->(n1{id:11}), ({id:12}) MERGE ({id:13}) RETURN NULL AS a1, 1 AS a2;
UNWIND ([]+[ -1567891262 ] )AS a0 OPTIONAL MATCH ( n0 ) < - [ r0 ] - ( ) ,( ) UNWIND 1 as l0 REMOVE n0 . k2 RETURN CASE WHEN TRUE THEN n0 END AS a1 , a0 AS a2 UNION ALL WITH * ORDER BY NULL CREATE ( n0 { id : 9 } ) - [ : T5 { id : 10 } ] - > ( n1 { id : 11 } ) CREATE ( { id : 12 } ) MERGE ( { id : 13 } ) WITH * RETURN CASE WHEN FALSE THEN NULL ELSE NULL END AS a1 , 1 AS a2 LIMIT 1 ;
MATCH (a) RETURN count(a);
MATCH (b)-[a]->(c) RETURN count(a);
MATCH (b)-[a]->(c) RETURN count(a);
MERGE p0=(n0{k30:true, id:14})<-[r0 :T0{k43:-280041965, id:15}]-(n1{id:16}) REMOVE n0.k2 DETACH DELETE n1  RETURN n0 AS a0 UNION ALL CREATE ({id:17})<-[ :T6{id:18}]-(n0{id:19})-[ :T0{k44:false, id:20}]->(n1{id:21}), (n2{k31:'a', id:22})<-[ :T3{id:23}]-(n3{id:24})-[r0 :T0{id:25}]->(n4 :L5{id:26}) MERGE (n5{k34:1, id:27})-[r2 :T0{k47:'7n', id:28}]-(n8 :L5{id:29})<-[r3 :T3{k65:false, id:30}]-({id:31}) MERGE ({id:32}) RETURN DISTINCT 1 AS a0;
MERGE p0 = ( n0 { k30 : true , id : 14 } ) < - [ r0 : T0 { k43 : -280041965 , id : 15 } ] - ( n1 { id : 16 } ) REMOVE n0 . k2 DETACH DELETE n1 RETURN n0 AS a0 UNION ALL CREATE (n1{id:21})<-[ : T0 { k44 : false , id : 20 } ] -(n0{id:19})-[ : T6 { id : CASE WHEN TRUE THEN 18 END } ] ->( { id : 17 } ) CREATE ( n2 { k31 : 'a' , id : 22 } ) < - [ : T3 { id : 23 } ] - ( n3 { id : CASE WHEN FALSE THEN NULL ELSE 24 END } ) - [ r0 : T0 { id : 25 } ] - > ( n4 : L5 { id : 26 } ) MERGE ( n5 { k34 : 1 , id : 27 } ) - [ r2 : T0 { k47 : '7n' , id : 28 } ] - ( n8 : L5 { id : 29 } ) < - [ r3 : T3 { k65 : false , id : 30 } ] - ( { id : 31 } ) MERGE ( { id : 32 } ) WITH * UNWIND [1] as l0 RETURN DISTINCT 1 AS a0 ;
MATCH (a) RETURN count(a);
MATCH (a) RETURN count(a);
MATCH (b)-[a]->(c) RETURN count(a);
MATCH (b)-[a]->(c) RETURN count(a);
OPTIONAL MATCH (n0)-[r0]-(), () DETACH DELETE r0  MERGE (n1 :L5{k36:-1963611874, id:33}) RETURN *, 1 AS a0;
OPTIONAL MATCH ( n0 ) - [ r0 ] - ( ) ,( ) OPTIONAL MATCH ()-[:TYPE]-() DETACH DELETE r0 MERGE ( n1 : L5 { k36 : -1963611874 , id : 33 } ) RETURN * , 1 AS a0 ;
