-- Time: 2024/04/11 13:57:02
-- Database: janusgraph_database584
-- Database version: composite
-- seed value: 1712812407108
CREATE (n0 :L3{k19 : false, k20 : 'Dh', k22 : 'd', id : 0, k21 : true, k24 : 'g', k23 : '7JfOYcXxS'});
CREATE (n0 :L2{k17 : -18229685, k16 : true, k18 : false, id : 1, k13 : '7', k15 : 1172425302, k14 : 'TkHbr2'});
CREATE (n0 :L6{k39 : true, k38 : '5R', k40 : -604934922, k41 : false, id : 2, k37 : 237075005, k36 : true});
CREATE (n0 {id : 3});
MATCH (n0 {id : 1}), (n1 {id : 0}) MERGE(n0)-[r :T2{k55 : true, id : 4, k54 : 105068169, k57 : 'V', k56 : true, k59 : true, k58 : true}]->(n1);
MATCH (n0 {id : 1}), (n1 {id : 3}) MERGE(n0)-[r :T6{k82 : '9S', k81 : false, k84 : false, k83 : 'z', k86 : 1465385411, k85 : 2049969991, id : 5, k87 : false}]->(n1);
MATCH (n0 {id : 2}), (n1 {id : 3}) MERGE(n0)-[r :T6{k82 : 'Z8', k81 : true, k84 : false, k83 : '4', k86 : -935937824, id : 6, k87 : false}]->(n1);
MATCH (n0 {id : 2}), (n1 {id : 1}) MERGE(n0)-[r :T5{k80 : 584883857, k75 : 'w8sm9', k74 : true, k77 : false, id : 7, k76 : false, k79 : 'o9inBBc'}]->(n1);
MATCH (n0 {id : 2}), (n1 {id : 0}) MERGE(n0)-[r :T0{k42 : false, k44 : true, id : 8, k43 : '3', k46 : -2085271303, k45 : -1095287615, k48 : true, k47 : true}]->(n1);
MATCH (n0 {id : 1}), (n1 {id : 0}) MERGE(n0)-[r :T2{k55 : true, id : 9, k54 : -810031950, k57 : 'N3jhwc6Ft', k56 : true, k59 : false, k58 : true}]->(n1);
MATCH (n0 {id : 3}), (n1 {id : 2}) MERGE(n0)-[r :T2{k55 : false, id : 10, k54 : 931867291, k57 : 'uARxIka', k59 : true, k58 : true}]->(n1);
MATCH (n0)-[r0 :T2{k59:NULL}]-(n1) REMOVE n1.k2 CREATE p0=(n2{id:11})<-[ :T6{k86:((r0.k54)/1037049749), id:12}]-(n3{id:13}) RETURN (r0.k54) AS a0, NULL AS a1;
MATCH ( n0 ) - [ r0 : T2 { k59 : NULL } ] - ( n1 ) WITH * UNWIND [1] as l0 REMOVE n1 . k2 WITH * OPTIONAL MATCH ()-[:TYPE]-() CREATE p0 = ( n2 { id : 11 } ) < - [ : T6 { k86 : ( ( r0 . k54 ) / 1037049749 ) , id : 12 } ] - ( n3 { id : 13 } ) RETURN ( r0 . k54 ) AS a0 , NULL AS a1 ;
MATCH (a) RETURN count(a);
MATCH (b)-[a]->(c) RETURN count(a);
MATCH (b)-[a]->(c) RETURN count(a);
MERGE (n0{id:14})<-[r0 :T2{id:15}]-(n1 :L2{id:16}) DETACH DELETE n1  SET n0.k=NULL RETURN * SKIP 0;
MERGE pp0=( n0 { id : 14 } ) < - [ r0 : T2 { id : 15 } ] - ( n1 : L2 { id : 16 } ) DETACH DELETE n1 SET n0 . k = NULL RETURN * SKIP 0 ;
MATCH (a) RETURN count(a);
MATCH (a) RETURN count(a);
MATCH (b)-[a]->(c) RETURN count(a);
MATCH (b)-[a]->(c) RETURN count(a);
UNWIND [x IN [NULL, -1685975593]|CASE WHEN isEmpty({}) THEN round(1361447142) END] AS a0 UNWIND toBooleanList([NULL, {k1: [], k2: 1788271963}]) AS a1 MERGE (n0{k40:956836087, id:17})-[r0 :T5{k79:'Lt', id:18}]-({id:19}) RETURN (r0.k79) AS a2, n0 AS a3 ORDER BY a2, a3 DESC;
UNWIND [ x IN [ NULL , -1685975593 ] | CASE WHEN isEmpty ( { } ) THEN round ( 1361447142 ) END ] AS a0 UNWIND CASE WHEN FALSE THEN NULL ELSE toBooleanList ( CASE WHEN FALSE THEN NULL ELSE [ NULL , { k1 : [ ] , k2 : 1788271963 } ] END ) END AS a1 UNWIND 1 as l0 MERGE pp0=( n0 { k40 : 956836087 , id : 17 } ) - [ r0 : T5 { k79 : (''+'Lt' ), id : 18 } ] - ( { id : 19 } ) RETURN ( r0 . k79 ) AS a2 , n0 AS a3 ORDER BY a2, a3 DESC ;
MATCH (a) RETURN count(a);
MATCH (a) RETURN count(a);
MATCH (b)-[a]->(c) RETURN count(a);
MATCH (b)-[a]->(c) RETURN count(a);
MERGE ({id:20}) CREATE ({id:21}) CREATE ({k38:NULL, id:22}), ({k36:NULL, id:23})-[ :T0{k47:NULL, id:24}]->({id:25}) RETURN 1 AS a0 UNION ALL MATCH ()-[r0]-(n0)-[]->( :L3) WHERE NULL OPTIONAL MATCH ()<-[r0]-(n0) MERGE (n1 :L3{k21:true, id:26})-[r1 :T0{id:27}]-( :L6{id:28})-[r2 :T5{k79:'oM', id:29}]-(n2{id:30}) RETURN r0 AS a0 LIMIT 0;
MERGE ( { id : 20 } ) WITH * CREATE ( { id : 21 } ) WITH * CREATE ( { k38 : NULL , id : 22 } ) CREATE (m0{ k36 : NULL , id : 23 } )CREATE (m0)- [ : T0 { k47 : NULL , id : 24 } ] - > ( { id : CASE WHEN TRUE THEN 25 END } ) RETURN 1 AS a0 UNION ALL MATCH ( ) - [ r0 ] - ( n0 ) - [ ] - > ( : L3 ) WHERE NULL OPTIONAL MATCH (nn1),()<-[r0]-(),(n0) WHERE exists((nn1)<-[r0]-(n0)) UNWIND [NULL] as l0 MERGE ( n1 : L3 { k21 : true , id : 26 } ) - [ r1 : T0 { id : 27 } ] - ( : L6 { id : 28 } ) - [ r2 : T5 { k79 : 'oM' , id : 29 } ] - ( n2 { id : 30 } ) WITH * RETURN r0 AS a0 LIMIT 0 ;
MATCH (a) RETURN count(a);
MATCH (a) RETURN count(a);
MATCH (b)-[a]->(c) RETURN count(a);
MATCH (b)-[a]->(c) RETURN count(a);
WITH (toIntegerOrNull(NULL)/-748881973) AS a0 ORDER BY reverse('Dp6z0Cewg') WHERE (NULL = true) MERGE (n0{id:31})<-[r0 :T6{k85:129670403, id:32}]-(n1{id:33}) DETACH DELETE n1  RETURN a0 AS a1;
WITH ( toIntegerOrNull ( NULL ) / -748881973 ) AS a0 ORDER BY reverse ( CASE WHEN FALSE THEN NULL ELSE 'Dp6z0Cewg' END ) WHERE ( NULL = true ) MERGE ( n0 { id : CASE WHEN FALSE THEN NULL ELSE 31 END } ) < - [ r0 : T6 { k85 : 129670403 , id : 32 } ] - ( n1 { id : 33 } ) DETACH DELETE n1 WITH * OPTIONAL MATCH ()-[:TYPE]-() RETURN a0 AS a1 ;
MATCH (a) RETURN count(a);
MATCH (a) RETURN count(a);
MATCH (b)-[a]->(c) RETURN count(a);
MATCH (b)-[a]->(c) RETURN count(a);
MATCH p0=( :L2), p1=(n0 :L3) REMOVE n0.k2 DETACH DELETE n0  RETURN 1 AS a0 SKIP 0;
MATCH p0 = ( : L2 ) ,p1 = ( n0 : L3 ) WHERE TRUE REMOVE n0 . k2 DETACH DELETE n0 WITH * OPTIONAL MATCH ()-[:TYPE]-() RETURN 1 AS a0 ORDER BY NULL SKIP 0 ;
