-- Time: 2024/04/11 13:27:01
-- Database: janusgraph_database178
-- Database version: composite
-- seed value: 1712812406701
CREATE (n0 :L3{k17 : true, k19 : -2056035551, k18 : true, k20 : true, k22 : 1155559798, id : 0, k21 : -1406802912});
CREATE (n0 {id : 1});
CREATE (n0 {id : 2});
CREATE (n0 :L1{id : 3, k6 : true, k10 : 'hZ', k7 : false, k8 : true, k9 : false});
MATCH (n0 {id : 0}), (n1 {id : 0}) MERGE(n0)-[r :T3{k49 : 1410536606, k51 : -462402531, k50 : false, id : 4, k48 : 'eLdsCAH', k47 : -301628516}]->(n1);
MATCH (n0 {id : 1}), (n1 {id : 2}) MERGE(n0)-[r :T2{k42 : 1388284837, k44 : false, id : 5, k43 : true, k46 : false, k45 : 2096428510}]->(n1);
MATCH (n0 {id : 2}), (n1 {id : 1}) MERGE(n0)-[r :T2{k42 : 943666120, k44 : true, id : 6, k43 : false, k46 : false, k45 : 180520268}]->(n1);
MATCH (n0 {id : 1}), (n1 {id : 0}) MERGE(n0)-[r :T0{k31 : -1984780062, k30 : true, k33 : 'O', id : 7, k34 : 'hQS'}]->(n1);
MATCH (n0 {id : 1}), (n1 {id : 2}) MERGE(n0)-[r :T4{k53 : 'glFj', k52 : 1455169404, k55 : 'x', id : 8, k54 : 383913459, k57 : -1269882302, k56 : -998476395, k58 : 'hg4Q4SA'}]->(n1);
MATCH (n0 {id : 0}), (n1 {id : 0}) MERGE(n0)-[r :T4{k53 : '7', k52 : 1711940701, k55 : 'U', id : 9, k54 : -2145362680, k57 : -1612759129, k56 : 2054335427, k58 : 'U'}]->(n1);
MERGE p0=(n0{id:10}) DETACH DELETE p0  CREATE (n1 :L1{id:11}), ({id:12}) RETURN 1 AS a0, 1 AS a1;
MERGE p0 = ( n0 { id : 10 } ) WITH * OPTIONAL MATCH ()-[:TYPE]-() WITH * CALL{WITH *DETACH DELETE p0 } WITH * OPTIONAL MATCH ()-[:TYPE]-() CREATE ( n1 : L1 { id : 11 } ) CREATE ( { id : 12 } ) RETURN 1 AS a0 , 1 AS a1 ORDER BY TRUE ;
MATCH (a) RETURN count(a);
MATCH (b)-[a]->(c) RETURN count(a);
MATCH (b)-[a]->(c) RETURN count(a);
WITH (-1071920757 >= NULL) AS a0 WHERE NULL CREATE (n0{id:13}), (n1 :L3{id:14})-[ :T3{id:15}]->({id:16}) MERGE ({id:17})-[r0 :T0{id:18}]-({id:19}) RETURN a0 AS a1, r0 AS a2;
WITH CASE WHEN TRUE THEN ( -1071920757 >= NULL ) END AS a0 WHERE NULL CREATE ( n0 { id : 13 } ) CREATE ( n1 : L3 { id : 14 } ) - [ : T3 { id : 15 } ] - > ( { id : 16 } ) WITH * MERGE ( { id : 17 } ) - [ r0 : T0 { id : 18 } ] - ( { id : 19 } ) WITH * UNWIND 1 as l0 RETURN a0 AS a1 , r0 AS a2 ORDER BY TRUE ;
MATCH (a) RETURN count(a);
MATCH (a) RETURN count(a);
MATCH (b)-[a]->(c) RETURN count(a);
MATCH (b)-[a]->(c) RETURN count(a);
MERGE (n0{id:20}) DETACH DELETE n0  CREATE ({id:21}) RETURN DISTINCT 1 AS a0, 't' AS a1 LIMIT 0;
MERGE ( n0 { id : 20 } ) DETACH DELETE n0 CREATE ( { id : 21 } ) RETURN DISTINCT 1 AS a0 , 't' AS a1 LIMIT 0 ;
