-- Time: 2024/04/11 14:30:50
-- Database: janusgraph_database1040
-- Database version: composite
-- seed value: 1712812407565
CREATE (n0 {id : 0});
CREATE (n0 :L4{k28 : 'dn', k30 : false, id : 1, k26 : 246201187, k25 : '6xll'});
CREATE (n0 :L3{k20 : 'ovU', k22 : '8Pn9kZ', id : 2, k24 : true, k23 : 523348511});
CREATE (n0 :L3{k20 : 'n', k22 : 'CWFf29VRd', id : 3, k23 : -1017179762});
MATCH (n0 {id : 3}), (n1 {id : 1}) MERGE(n0)-[r :T2{k55 : -1111573195, id : 4, k54 : 996143579, k57 : -1826313852, k56 : 'h', k58 : 'YHtV1AAJP'}]->(n1);
MATCH (n0 {id : 2}), (n1 {id : 0}) MERGE(n0)-[r :T2{k55 : 1928580248, id : 5, k54 : -539778518, k57 : 1179133538, k56 : 'G', k59 : 'w'}]->(n1);
MATCH (n0 {id : 3}), (n1 {id : 2}) MERGE(n0)-[r :T3{k60 : 's', k62 : 'jxcgV90', k64 : 'x1', k63 : true, k66 : 'h', id : 6, k65 : false}]->(n1);
MATCH (n0 {id : 1}), (n1 {id : 1}) MERGE(n0)-[r :T3{k62 : 'jxcgV90', k61 : 'lT', k64 : 'Xs1', k63 : true, k66 : '65rUwbI', id : 7, k65 : true}]->(n1);
MATCH (n0)-[r0]-(), ()-[*..2]-() WHERE true DETACH DELETE n0  MERGE p0=(n1{id:8}) RETURN [NULL, relationships(NULL)[toIntegerOrNull(abs(toIntegerList([])[toIntegerOrNull(abs(124934693))]))]] AS a0 ORDER BY NULL DESC;
MATCH ( n0 ) - [ r0 ] - ( ) ,( ) - [ * .. 2 ] - ( ) WHERE true WITH * DETACH DELETE n0 MERGE p0 = ( n1 { id : 8 } ) RETURN DISTINCT [ NULL , relationships ( NULL ) [ CASE WHEN FALSE THEN NULL ELSE toIntegerOrNull ( CASE WHEN FALSE THEN NULL ELSE abs ( CASE WHEN TRUE THEN toIntegerList ( [ ] ) [ toIntegerOrNull ( abs ( CASE WHEN TRUE THEN 124934693 END ) ) ] END ) END ) END ] ] AS a0 ORDER BY NULL DESC ,1 LIMIT 1 ;
MATCH (a) RETURN count(a);
MATCH (b)-[a]->(c) RETURN count(a);
MATCH (b)-[a]->(c) RETURN count(a);
OPTIONAL MATCH p0=() MERGE (n0{id:9})-[r0 :T2{id:10}]-({k24:false, id:11}) SET n0.k=toIntegerOrNull(NULL) RETURN 1 AS a3 ORDER BY a3 DESC;
OPTIONAL MATCH p0 = ( ) MERGE ( n0 { id : 9 } ) - [ r0 : T2 { id : 10 } ] - ( { k24 : false , id : CASE WHEN TRUE THEN 11 END } ) SET n0 . k = CASE WHEN FALSE THEN NULL ELSE toIntegerOrNull ( NULL ) END RETURN CASE WHEN TRUE THEN 1 END AS a3 ORDER BY a3 DESC LIMIT 1 ;
MATCH (a) RETURN count(a);
MATCH (a) RETURN count(a);
MATCH (b)-[a]->(c) RETURN count(a);
MATCH (b)-[a]->(c) RETURN count(a);
CREATE (n0{id:12})-[r0 :T3{id:13}]->( :L4{id:14})<-[ :T2{id:15}]-({id:16}), (n1 :L4{k29:NULL, id:17})-[r1 :T3{id:18}]->(n2{k28:'t5re', id:19})<-[ :T2{k58:('FXvRePBpK'+substring(NULL, toIntegerOrNull(abs(((-1179058429*-1877647305)-(103979706/1885270660)))), toIntegerOrNull(abs(round(1885992519))))), id:20}]-(n3{k22:NULL, id:21}) CREATE ( :L4{id:22})-[ :T3{id:23}]->(n4{k30:false, id:24})<-[r2 :T2{id:25}]-(n5{id:26}) CREATE (n6{id:27}), (n7{id:28}) RETURN 1 AS a0;
CREATE ( n0 { id : 12 } ) - [ r0 : T3 { id : CASE WHEN TRUE THEN 13 END } ] - > ( : L4 { id : 14 } ) < - [ : T2 { id : 15 } ] - ( { id : 16 } ) CREATE ( n1 : L4 { k29 : NULL , id : 17 } ) - [ r1 : T3 { id : 18 } ] - > ( n2 { k28 : 't5re' , id : 19 } ) < - [ : T2 { k58 : ( 'FXvRePBpK' + substring ( NULL , toIntegerOrNull ( abs ( ( CASE WHEN FALSE THEN NULL ELSE ( -1179058429 * -1877647305 ) - ( 103979706 / 1885270660 ) END ) ) ) , toIntegerOrNull ( CASE WHEN FALSE THEN NULL ELSE abs ( CASE WHEN FALSE THEN NULL ELSE round ( 1885992519 ) END ) END ) ) ) , id : CASE WHEN TRUE THEN 20 END } ] - ( n3 { k22 : CASE WHEN TRUE THEN NULL END , id : 21 } ) CREATE ( : L4 { id : 22 } ) - [ : T3 { id : 23 } ] - > ( n4 { k30 : false , id : 24 } ) < - [ r2 : T2 { id : 25 } ] - ( n5 { id : 26 } ) CREATE ( n6 { id : 27 } ) CREATE ( n7 { id : 28 } ) RETURN 1 AS a0 SKIP 1 ;
MATCH (a) RETURN count(a);
MATCH (a) RETURN count(a);
MATCH (b)-[a]->(c) RETURN count(a);
MATCH (b)-[a]->(c) RETURN count(a);
MATCH (n1), (n2)-[r1]-(n0)-[r2]->() CREATE (n3{id:29})-[r3 :T2{id:30}]->({id:31})-[r4 :T3{id:32}]->(n4{id:33}), (n5{id:34}) SET n1.k=NULL RETURN NULL AS a1, 1 AS a2;
MATCH ( n1 ) ,( n2 ) - [ r1 ] - ( n0 ) - [ r2 ] - > ( ) CREATE ( n3 { id : 29 } ) - [ r3 : T2 { id : 30 } ] - > ( { id : CASE WHEN TRUE THEN 31 END } ) - [ r4 : T3 { id : 32 } ] - > ( n4 { id : 33 } ) CREATE ( n5 { id : 34 } ) WITH * OPTIONAL MATCH ()-[:TYPE]-() SET n1 . k = NULL WITH * RETURN NULL AS a1 , 1 AS a2 ;
