-- Time: 2024/04/11 14:09:37
-- Database: janusgraph_database754
-- Database version: composite
-- seed value: 1712812407278
CREATE (n0 :L1{k11 : 'a', id : 0, k6 : 22579061, k10 : true, k8 : 'UUMNQxz', k9 : true});
CREATE (n0 :L1{k11 : 'a', id : 1, k6 : -5490112, k10 : true, k7 : '4', k8 : 'i', k9 : true});
CREATE (n0 :L2{k17 : true, k16 : -929938327, id : 2, k13 : 1024302441, k12 : true, k15 : 'K', k14 : -881610167});
CREATE (n0 {id : 3});
MATCH (n0 {id : 3}), (n1 {id : 1}) MERGE(n0)-[r :T2{k55 : false, id : 4, k57 : false, k56 : 'S4ofD1V', k59 : 'A', k58 : true}]->(n1);
MATCH (n0 {id : 0}), (n1 {id : 2}) MERGE(n0)-[r :T3{k60 : 'yv', k62 : 'M', k61 : -685624840, k64 : true, id : 5, k65 : 'B'}]->(n1);
MATCH (n0 {id : 2}), (n1 {id : 1}) MERGE(n0)-[r :T4{k71 : 'tC9NQ', k70 : 'W', k72 : 'MTJI', id : 6, k68 : -1532873086, k67 : 'az', k69 : -163170125}]->(n1);
MATCH (n0 {id : 0}), (n1 {id : 2}) MERGE(n0)-[r :T5{k73 : true, k75 : 'j', k74 : 'oua8OWiw', k77 : true, id : 7, k76 : '6u'}]->(n1);
MATCH (n0 {id : 0}), (n1 {id : 3}) MERGE(n0)-[r :T1{k49 : false, k51 : 'w', k50 : -317477291, k53 : 'Fo', k52 : true, id : 8, k54 : -1871551663, k48 : 'HLpbm'}]->(n1);
WITH stDevP(NULL) AS a0 SKIP 0 WHERE false CREATE ({id:9}), (n0{id:10})-[r0 :T2{id:11}]->( :L1{id:12})<-[ :T4{k67:NULL, id:13}]-(n1{k13:a0, id:14}) MERGE ({id:15})<-[r1 :T1{id:16}]-( :L1{id:17}) RETURN 1 AS a1, 1 AS a2 LIMIT 1;
WITH stDevP ( NULL ) AS a0 SKIP 0 WHERE false CREATE ( { id : 9 } ) CREATE ( n0 { id : 10 } ) - [ r0 : T2 { id : 11 } ] - > ( : L1 { id : CASE WHEN FALSE THEN NULL ELSE 12 END } ) < - [ : T4 { k67 : NULL , id : 13 } ] - ( n1 { k13 : a0 , id : CASE WHEN FALSE THEN NULL ELSE 14 END } ) MERGE ( { id : 15 } ) < - [ r1 : T1 { id : 16 } ] - ( : L1 { id : 17 } ) WITH * OPTIONAL MATCH ()-[:TYPE]-() RETURN 1 AS a1 , 1 AS a2 LIMIT 1 ;
MATCH (a) RETURN count(a);
MATCH (b)-[a]->(c) RETURN count(a);
MATCH (b)-[a]->(c) RETURN count(a);
UNWIND NULL AS a0 OPTIONAL MATCH (), ( :L2)-[ :T4{k67:NULL}]-()<-[r0]-() WHERE ((610592806 > CASE WHEN false THEN -1 END) AND ('OmPeoR' CONTAINS NULL)) DETACH DELETE r0  RETURN 1 AS a1;
UNWIND NULL AS a0 OPTIONAL MATCH ( ) ,( : L2 ) - [ : T4 { k67 : NULL } ] - ( ) < - [ r0 ] - ( ) WHERE ( ( CASE WHEN FALSE THEN NULL ELSE 610592806 > CASE WHEN false THEN -1 END END ) AND ( 'OmPeoR' CONTAINS NULL ) ) DETACH DELETE CASE WHEN FALSE THEN NULL ELSE r0 END RETURN 1 AS a1 ;
MATCH (a) RETURN count(a);
MATCH (a) RETURN count(a);
MATCH (b)-[a]->(c) RETURN count(a);
MATCH (b)-[a]->(c) RETURN count(a);
MATCH ({k7:'e'})-[]-()-[r0 :T4{k67:toStringList(keys(endNode(NULL)))[toIntegerOrNull(abs(1733093197))]}]->({k6:-1602896380}), ()<-[]-()-[r1 :T3{k61:(r0.k69)}]-() WHERE true CREATE ({k17:exists(( :L2{k16:round(1348380378)})<-[ :T3{k64:false}]-( :L1)), id:18}) MERGE p0=( :L1{id:19})-[ :T5{id:20}]->({id:21}) RETURN 1 AS a0 LIMIT 0 UNION ALL CREATE (n0 :L1{id:22})-[r0 :T3{id:23}]->(n1{id:24})-[r1 :T4{k70:toStringOrNull([('3' <= '3Emn95J'), true]), id:25}]->(n2{id:26}) CREATE (n3 :L1{k11:toStringOrNull([type(NULL)]), id:27}) MERGE ({id:28})-[r2 :T1{id:29}]-(n4{id:30}) RETURN endNode(r2) AS a0;
MATCH ( { k7 : CASE WHEN FALSE THEN NULL ELSE 'e' END } ) - [ ] - ( ) - [ r0 : T4 { k67 : toStringList ( keys ( endNode ( CASE WHEN TRUE THEN NULL END ) ) ) [ toIntegerOrNull ( abs ( 1733093197 ) ) ] } ] - > ( { k6 : -1602896380 } ) ,( ) < - [ ] - ( ) - [ r1 : T3 { k61 : ( r0 . k69 ) } ] - ( ) WHERE true OPTIONAL MATCH ()-[:TYPE]-() CREATE ( { k17 : FALSE OR exists ( ( : L2 { k16 : round ( 1348380378 ) } ) < - [ : T3 { k64 : false } ] - ( : L1 ) ) , id : 18 } ) MERGE p0 = ( : L1 { id : 19 } ) - [ : T5 { id : 20 } ] - > ( { id : 21 } ) WITH * UNWIND 1 as l0 RETURN 1 AS a0 LIMIT 0 UNION ALL CREATE ( n0 : L1 { id : 22 } ) - [ r0 : T3 { id : CASE WHEN TRUE THEN 23 END } ] - > ( n1 { id : 24 } ) - [ r1 : T4 { k70 : toStringOrNull ( [ ( '3' <= '3Emn95J' ) , true ] ) , id : 25 } ] - > ( n2 { id : 26 } ) WITH * UNWIND 1 as l1 CREATE ( n3 : L1 { k11 : toStringOrNull ( ([]+[ type ( NULL ) ] )) , id : CASE WHEN TRUE THEN 27 END } ) WITH * OPTIONAL MATCH ()-[:TYPE]-() MERGE ( { id : 28 } ) - [ r2 : T1 { id : 29 } ] - ( n4 { id : 30 } ) RETURN DISTINCT endNode ( r2 ) AS a0 ;
MATCH (a) RETURN count(a);
MATCH (a) RETURN count(a);
MATCH (b)-[a]->(c) RETURN count(a);
MATCH (b)-[a]->(c) RETURN count(a);
CREATE p0=(n3{k6:NULL, id:31}) MERGE (n4 :L2{id:32}) CREATE ({id:33})<-[ :T4{id:34}]-(n5 :L2{id:35})<-[ :T5{id:36}]-(n6{id:37}) RETURN (n4.k15) AS a0, 1 AS a1;
CREATE p0 = ( n3 { k6 : NULL , id : 31 } ) MERGE pp0=( n4 : L2 { id : 32 } ) WITH * CREATE (n6{id:37})-[ : T5 { id : 36 } ] ->(n5 :L2{id:35})-[ : T4 { id : 34 } ] ->( { id : 33 } ) WITH * RETURN DISTINCT ( n4 . k15 ) AS a0 , 1 AS a1 ;
