-- Time: 2024/04/11 14:07:54
-- Database: janusgraph_database731
-- Database version: composite
-- seed value: 1712812407255
CREATE (n0 :L1{k5 : false, id : 0, k7 : 'O', k8 : 'UZM', k9 : 492546246});
CREATE (n0 :L4{k22 : '1QV', id : 1, k21 : -573029598, k24 : true, k23 : 1220585070, k26 : 1748339611, k25 : false});
CREATE (n0 :L1{k5 : false, id : 2, k6 : true, k8 : 'C'});
CREATE (n0 :L0{k0 : true, k1 : 1504271097, k2 : 1408941352, k3 : false, k4 : false, id : 3});
MATCH (n0 {id : 2}), (n1 {id : 3}) MERGE(n0)-[r :T2{k49 : -1727350506, k44 : false, id : 4, k46 : -1763942667, k45 : false, k48 : false, k47 : false}]->(n1);
MATCH (n0 {id : 0}), (n1 {id : 3}) MERGE(n0)-[r :T0{id : 5, k35 : 1015699414, k34 : -1948650936, k37 : -1116007656, k36 : true}]->(n1);
MERGE ({id:6})-[r0 :T0{id:7}]-( :L0{id:8})<-[r1 :T2{id:9}]-({id:10}) DETACH DELETE r1  MERGE ( :L1{k8:'8', id:11})-[ :T0{k36:true, id:12}]-({id:13})<-[ :T2{k46:1833584366, id:14}]-({k6:true, id:15}) RETURN 1 AS a0 ORDER BY a0 DESC;
MERGE ( { id : 6 } ) - [ r0 : T0 { id : 7 } ] - ( : L0 { id : 8 } ) < - [ r1 : T2 { id : CASE WHEN TRUE THEN 9 END } ] - ( { id : 10 } ) WITH * DETACH DELETE r1 WITH * MERGE ( : L1 { k8 : CASE WHEN TRUE THEN '8' END , id : 11 } ) - [ : T0 { k36 : true , id : 12 } ] - ( { id : 13 } ) < - [ : T2 { k46 : 1833584366 , id : 14 } ] - ( { k6 : CASE WHEN FALSE THEN NULL ELSE true END , id : CASE WHEN TRUE THEN 15 END } ) RETURN 1 AS a0 ORDER BY a0 DESC ;
MATCH (a) RETURN count(a);
MATCH (b)-[a]->(c) RETURN count(a);
MATCH (b)-[a]->(c) RETURN count(a);
MERGE ({k0:true, id:16}) CREATE ({id:17}), (n0{k5:true, id:18})-[ :T2{id:19}]->( :L0{k3:exists(({k0:CASE WHEN NULL THEN true END})-[]-()), id:20}) CREATE ({k1:(NULL+NULL), id:21})<-[r0 :T2{id:22}]-(n1{k7:'Xj', id:23}), (n2{k8:(NULL+toStringOrNull(true)), id:24})-[ :T2{id:25}]->({id:26}) RETURN 1 AS a0, 1 AS a1 ORDER BY a0 DESC;
MERGE ( { k0 : true , id : 16 } ) CREATE ( { id : 17 } ) CREATE (n0{ k5 : true , id : CASE WHEN TRUE THEN 18 END } )CREATE (n0)- [ : T2 { id : 19 } ] - > ( : L0 { k3 : CASE WHEN FALSE THEN NULL ELSE exists ( ( { k0 : CASE WHEN NULL THEN true END } ) - [ ] - ( ) ) END , id : 20 } ) CREATE ( { k1 : ( NULL + NULL ) , id : 21 } ) < - [ r0 : T2 { id : 22 } ] - ( n1 { k7 : ('Xj' +'') , id : 23 } ) CREATE ( n2 { k8 : ( NULL + toStringOrNull ( CASE WHEN TRUE THEN true END ) ) , id : CASE WHEN FALSE THEN NULL ELSE 24 END } ) - [ : T2 { id : 25 } ] - > ( { id : CASE WHEN FALSE THEN NULL ELSE 26 END } ) WITH * OPTIONAL MATCH ()-[:TYPE]-() RETURN 1 AS a0 , CASE WHEN TRUE THEN 1 END AS a1 ORDER BY a0 DESC ;
MATCH (a) RETURN count(a);
MATCH (a) RETURN count(a);
MATCH (b)-[a]->(c) RETURN count(a);
MATCH (b)-[a]->(c) RETURN count(a);
OPTIONAL MATCH (n0), p0=(n1)<-[r0 :T0{k33:'wA'}]-() MERGE (n2{id:27}) MERGE ({id:28})-[ :T0{k33:'3A2Fedn', id:29}]-( :L0{id:30}) RETURN DISTINCT p0 AS a0;
OPTIONAL MATCH ( n0 ) ,p0 = ( n1 ) < - [ r0 : T0 { k33 : 'wA' } ] - ( ) WITH * MERGE ( n2 { id : 27 } ) MERGE ( { id : 28 } ) - [ : T0 { k33 : '3A2Fedn' , id : 29 } ] - ( : L0 { id : 30 } ) RETURN DISTINCT p0 AS a0 ;
