-- Time: 2024/04/11 13:37:36
-- Database: janusgraph_database321
-- Database version: composite
-- seed value: 1712812406844
CREATE (n0 :L2{k17 : true, k16 : 'd', k19 : 1708393139, k18 : 'vg', id : 0, k13 : 'C', k15 : -1454303670, k14 : false});
CREATE (n0 {id : 1});
CREATE (n0 :L2{k17 : false, k16 : 'w', k19 : 911484049, k18 : 'q', id : 2, k13 : 'K', k15 : -1309221197, k14 : false});
CREATE (n0 {id : 3});
MATCH (n0 {id : 0}), (n1 {id : 0}) MERGE(n0)-[r :T4{k70 : -1930139801, k72 : 'ddRAG', k75 : -210982518, k74 : false, id : 4, k69 : -558701065}]->(n1);
MATCH (n0 {id : 1}), (n1 {id : 0}) MERGE(n0)-[r :T0{k44 : 'Q', id : 5, k46 : 'xcV', k48 : true, k47 : 'Cwho'}]->(n1);
MATCH (n0 {id : 0}), (n1 {id : 0}) MERGE(n0)-[r :T4{k71 : false, k70 : 213721925, k73 : 'boXRt', k72 : 'C', k75 : 629141274, k74 : false, id : 6, k69 : -1441410572}]->(n1);
MATCH (n0 {id : 1}), (n1 {id : 1}) MERGE(n0)-[r :T0{k44 : 'r', id : 7, k46 : 'R', k48 : false}]->(n1);
MATCH (n0 {id : 3}), (n1 {id : 0}) MERGE(n0)-[r :T2{k60 : true, k61 : 637972962, id : 8, k57 : false, k56 : 'X', k59 : 'z'}]->(n1);
MATCH (n0 {id : 1}), (n1 {id : 3}) MERGE(n0)-[r :T4{k71 : false, k70 : -1164385711, k72 : 'C', k75 : -122932938, k74 : true, id : 9, k69 : 643949916}]->(n1);
MATCH (n0 {id : 2}), (n1 {id : 1}) MERGE(n0)-[r :T2{k60 : true, k61 : -960384187, id : 10, k57 : true, k56 : 'y', k59 : 'm0ugQDA'}]->(n1);
CREATE p0=(n0{id:11})-[r0 :T2{id:12}]->( :L2{k18:('ufTvvAjT'+(toStringList(NULL)[toIntegerOrNull(abs(NULL))]+'x')), id:13})-[ :T4{id:14}]->(n1{id:15}) MERGE ({id:16}) MERGE (n2{id:17}) RETURN 1 AS a0, 1 AS a1 ORDER BY a0, a1 UNION MERGE (n0{id:18}) CREATE ({id:19})-[r0 :T2{id:20}]->(n1{k16:NULL, id:21})-[r1 :T4{k72:('Pa'+'fn'), id:22}]->(n2 :L2{id:23}), (n3{id:24})-[ :T2{k56:toStringList(toIntegerList(NULL))[toIntegerOrNull(abs(700545241))], id:25}]->(n4{id:26}) MERGE (n5{id:27})-[r2 :T0{id:28}]-({id:29})-[r3 :T4{id:30}]->(n6{id:31}) RETURN n6 AS a0, n0 AS a1;
CREATE p0 = ( n0 { id : 11 } ) - [ r0 : T2 { id : 12 } ] - > ( : L2 { k18 : ( 'ufTvvAjT' + ( CASE WHEN TRUE THEN toStringList ( NULL ) [ toIntegerOrNull ( CASE WHEN FALSE THEN NULL ELSE abs ( NULL ) END ) ] + 'x' END ) ) , id : 13 } ) - [ : T4 { id : 14 } ] - > ( n1 { id : 15 } ) WITH * OPTIONAL MATCH ()-[:TYPE]-() MERGE pp0=( { id : 16 } ) MERGE ( n2 { id : CASE WHEN TRUE THEN 17 END } ) WITH * RETURN 1 AS a0 , 1 AS a1 ORDER BY a0, a1 UNION MERGE ( n0 { id : 18 } ) WITH * CREATE ( { id : 19 } ) - [ r0 : T2 { id : CASE WHEN TRUE THEN 20 END } ] - > ( n1 { k16 : NULL , id : 21 } ) - [ r1 : T4 { k72 : CASE WHEN TRUE THEN ( 'Pa' + (''+'fn' )) END , id : CASE WHEN TRUE THEN 22 END } ] - > ( n2 : L2 { id : 23 } ) CREATE ( n3 { id : 24 } ) - [ : T2 { k56 : ([]+toStringList ( (toIntegerList ( NULL ) +[]) ) )[ toIntegerOrNull ( abs ( 700545241 ) ) ] , id : 25 } ] - > ( n4 { id : 26 } ) MERGE ( n5 { id : 27 } ) - [ r2 : T0 { id : 28 } ] - ( { id : 29 } ) - [ r3 : T4 { id : 30 } ] - > ( n6 { id : CASE WHEN FALSE THEN NULL ELSE 31 END } ) WITH * OPTIONAL MATCH ()-[:TYPE]-() RETURN n6 AS a0 , n0 AS a1 LIMIT 1 ;
MATCH (a) RETURN count(a);
MATCH (b)-[a]->(c) RETURN count(a);
MATCH (b)-[a]->(c) RETURN count(a);
WITH NULL AS a0 LIMIT 1 WHERE (NULL IS NOT NULL) UNWIND keys(NULL) AS a1 CREATE (n0{id:32})-[r0 :T0{id:33}]->({id:34}) RETURN 1 AS a2, 1 AS a3;
WITH NULL AS a0 LIMIT 1 WHERE ( NULL IS NOT NULL ) OPTIONAL MATCH ()-[:TYPE]-() UNWIND keys ( NULL ) AS a1 WITH * CREATE ( n0 { id : 32 } ) - [ r0 : T0 { id : CASE WHEN TRUE THEN 33 END } ] - > ( { id : 34 } ) RETURN 1 AS a2 , 1 AS a3 ;
MATCH (a) RETURN count(a);
MATCH (a) RETURN count(a);
MATCH (b)-[a]->(c) RETURN count(a);
MATCH (b)-[a]->(c) RETURN count(a);
OPTIONAL MATCH p2=()-[*0..]->(n0) WHERE false OPTIONAL MATCH (n2)<-[*0..]-(), () REMOVE n2.k2 RETURN n0 AS a1;
OPTIONAL MATCH p2 = ()-[*0..0]-( ) - [ * 0 .. ] - > ( n0 ) WHERE false OPTIONAL MATCH ( n2 ) < - [ * 0 .. ] - ( ) ,( ) REMOVE n2 . k2 RETURN n0 AS a1 ;
