-- Time: 2024/04/11 14:36:29
-- Database: janusgraph_database1116
-- Database version: composite
-- seed value: 1712812407641
CREATE (n0 :L2{k17 : -475914686, id : 0, k13 : 1414213445, k12 : 'c', k14 : 'K'});
CREATE (n0 {id : 1});
CREATE (n0 {id : 2});
CREATE (n0 :L1{k11 : true, id : 3, k6 : false, k10 : 1647146684, k7 : 'U', k8 : '7', k9 : 'OroDy0'});
MATCH (n0 {id : 3}), (n1 {id : 3}) MERGE(n0)-[r :T0{k31 : -1723246324, k33 : 'Y0', id : 4, k32 : true, k35 : 'RmH', k34 : -903278349}]->(n1);
MATCH (n0 {id : 3}), (n1 {id : 2}) MERGE(n0)-[r :T4{k53 : '4', k55 : 'd7VNi', id : 5, k54 : 'd', k56 : 1169937675}]->(n1);
MATCH (n0 {id : 3}), (n1 {id : 2}) MERGE(n0)-[r :T3{k49 : 'e', k51 : 'segLR', id : 6, k48 : -1244103587, k47 : 'K'}]->(n1);
MATCH (n0 {id : 0}), (n1 {id : 1}) MERGE(n0)-[r :T2{k42 : 'K', id : 7, k43 : true, k45 : true}]->(n1);
MATCH (n0 {id : 2}), (n1 {id : 1}) MERGE(n0)-[r :T2{k42 : 'n', k44 : 473124296, id : 8, k46 : 'BM', k45 : true}]->(n1);
MATCH (n0 {id : 1}), (n1 {id : 3}) MERGE(n0)-[r :T0{k31 : -2101723333, k33 : 'xpTR', id : 9, k32 : false, k35 : 'MU', k34 : 1515898913}]->(n1);
MATCH (n0 {id : 1}), (n1 {id : 0}) MERGE(n0)-[r :T1{k39 : -1114908622, k38 : false, k40 : 'K8', k41 : 1572048454, id : 10, k37 : false, k36 : true}]->(n1);
OPTIONAL MATCH ()<-[r0 :T3{k50:NULL}]-(n0), ()-[r1]-()-[ :T2{k42:type(relationships(NULL)[toIntegerOrNull(abs((r0.k50)))])}]-() MERGE ({id:11}) REMOVE n0.k2 RETURN 1 AS a0, 1 AS a1 ORDER BY a0 DESC;
OPTIONAL MATCH ( ) < - [ r0 : T3 { k50 : NULL } ] - ( n0 ) ,( ) - [ r1 ] - ( ) - [ : T2 { k42 : type ( (relationships ( NULL ) +[]) [ toIntegerOrNull ( abs ( CASE WHEN TRUE THEN ( r0 . k50 ) END ) ) ] ) } ] - ( ) MERGE ( { id : 11 } ) REMOVE n0 . k2 RETURN 1 AS a0 , 1 AS a1 ORDER BY a0 DESC SKIP 1 ;
MATCH (a) RETURN count(a);
MATCH (b)-[a]->(c) RETURN count(a);
MATCH (b)-[a]->(c) RETURN count(a);
MATCH p0=(n0)-[ :T1{k40:NULL}]-()-[*0..1]-(n1) WHERE NULL DETACH DELETE p0  MERGE ({id:12})-[r0 :T2{k42:'9Ln', id:13}]-({id:14}) RETURN 1 AS a0 SKIP 0;
MATCH p0 = ( n0 ) - [ : T1 { k40 : NULL } ] - ( ) - [ * 0 .. 1 ] - ( n1 ) WHERE NULL OPTIONAL MATCH ()-[:TYPE]-() DETACH DELETE p0 MERGE ( { id : CASE WHEN TRUE THEN 12 END } ) - [ r0 : T2 { k42 : (''+'9Ln' ), id : 13 } ] - ( { id : 14 } ) WITH * OPTIONAL MATCH ()-[:TYPE]-() RETURN 1 AS a0 SKIP 0 ;
