-- Time: 2024/04/11 14:11:36
-- Database: janusgraph_database781
-- Database version: composite
-- seed value: 1712812407305
CREATE (n0 :L6{k39 : false, k38 : 'vFt9', k40 : true, k41 : true, id : 0, k35 : 1557743331, k37 : false});
CREATE (n0 :L1{k5 : false, id : 1, k6 : false, k10 : 'cagts', k7 : true, k9 : 418132060});
CREATE (n0 :L0{k0 : -1705115678, k1 : true, k2 : true, k3 : 1024262193, k4 : -103506249, id : 2});
CREATE (n0 :L2{k11 : 'RK', id : 3, k13 : -789825310, k12 : 'ifE', k15 : true, k14 : 'OP'});
MATCH (n0 {id : 3}), (n1 {id : 2}) MERGE(n0)-[r :T0{k44 : -129808293, id : 4, k43 : 18244890, k46 : -495527905, k48 : true, k47 : true}]->(n1);
MATCH (n0 {id : 0}), (n1 {id : 3}) MERGE(n0)-[r :T0{k42 : 'Kb', k44 : -1739969605, id : 5, k43 : -1971476587, k45 : -1214320410, k48 : false, k47 : false}]->(n1);
MERGE ({k37:true, id:6})<-[r0 :T0{id:7}]-(n0{k11:'Ez', id:8}) DETACH DELETE n0  CREATE ({id:9})<-[r1 :T0{id:10}]-({k14:NULL, id:11}) RETURN 1 AS a0, NULL AS a1;
MERGE ( { k37 : true , id : 6 } ) < - [ r0 : T0 { id : 7 } ] - ( n0 { k11 : (''+'Ez' ), id : 8 } ) DETACH DELETE n0 WITH * CREATE ( { id : 9 } ) < - [ r1 : T0 { id : 10 } ] - ( { k14 : NULL , id : 11 } ) RETURN 1 AS a0 , NULL AS a1 ORDER BY 1 ;
MATCH (a) RETURN count(a);
MATCH (b)-[a]->(c) RETURN count(a);
MATCH (b)-[a]->(c) RETURN count(a);
CREATE ({id:12})-[r0 :T0{id:13}]->(n0{id:14}), (n1{k41:isEmpty([2096755553, NULL]), id:15})-[ :T0{k45:-14492761, id:16}]->(n2{k14:((NULL+toStringOrNull(NULL))+('4'+NULL)), id:17})-[r1 :T0{id:18}]->({k1:NULL, id:19}) CREATE ( :L2{id:20}) MERGE (n3{id:21}) RETURN *;
CREATE (n0{id:14})<-[ r0 : T0 { id : 13 } ] -( { id : 12 } ) CREATE ( n1 { k41 : isEmpty ( [ 2096755553 , NULL ] ) , id : 15 } ) - [ : T0 { k45 : -14492761 , id : 16 } ] - > ( n2 { k14 : ( ( NULL + toStringOrNull ( NULL ) ) + ( '4' + NULL ) ) , id : CASE WHEN TRUE THEN 17 END } ) - [ r1 : T0 { id : 18 } ] - > ( { k1 : NULL , id : 19 } ) CREATE ( : L2 { id : 20 } ) WITH * MERGE ( n3 { id : CASE WHEN FALSE THEN NULL ELSE 21 END } ) WITH * RETURN * SKIP 1 ;
MATCH (a) RETURN count(a);
MATCH (a) RETURN count(a);
MATCH (b)-[a]->(c) RETURN count(a);
MATCH (b)-[a]->(c) RETURN count(a);
WITH * CREATE (n0{id:22}), (n1{id:23}) CREATE (n2{k11:'QyAoyfzib', id:24})<-[ :T0{k46:NULL, id:25}]-(n3{id:26}), ({id:27}) RETURN -1870233795 AS a0, 1 AS a1 SKIP 0 UNION ALL WITH DISTINCT * MERGE (n0{id:28})-[r0 :T0{id:29}]-({id:30}) CREATE ({id:31})<-[ :T0{id:32}]-({id:33}) RETURN n0 AS a0, 1 AS a1 LIMIT 0;
WITH * CREATE ( n0 { id : 22 } ) CREATE ( n1 { id : 23 } ) WITH * CREATE (n2{ k11 : 'QyAoyfzib' , id : 24 } )CREATE (n2)< - [ : T0 { k46 : NULL , id : 25 } ] - ( n3 { id : 26 } ) CREATE ( { id : 27 } ) RETURN -1870233795 AS a0 , 1 AS a1 SKIP 0 UNION ALL WITH DISTINCT * MERGE ( n0 { id : 28 } ) - [ r0 : T0 { id : 29 } ] - ( { id : 30 } ) WITH * UNWIND [NULL] as l0 CREATE ( { id : 31 } ) < - [ : T0 { id : 32 } ] - ( { id : 33 } ) WITH * RETURN CASE WHEN FALSE THEN NULL ELSE n0 END AS a0 , 1 AS a1 LIMIT 0 ;
MATCH (a) RETURN count(a);
MATCH (a) RETURN count(a);
MATCH (b)-[a]->(c) RETURN count(a);
MATCH (b)-[a]->(c) RETURN count(a);
MERGE ({id:34})<-[r0 :T0{id:35}]-({id:36}) DETACH DELETE r0  MERGE (n0{k13:2046239849, id:37}) RETURN DISTINCT n0 AS a0;
MERGE ( { id : 34 } ) < - [ r0 : T0 { id : 35 } ] - ( { id : 36 } ) DETACH DELETE r0 WITH * OPTIONAL MATCH ()-[:TYPE]-() MERGE ( n0 { k13 : 2046239849 , id : 37 } ) WITH * OPTIONAL MATCH ()-[:TYPE]-() RETURN DISTINCT n0 AS a0 ;
MATCH (a) RETURN count(a);
MATCH (a) RETURN count(a);
MATCH (b)-[a]->(c) RETURN count(a);
MATCH (b)-[a]->(c) RETURN count(a);
WITH relationships(NULL)[toIntegerOrNull(abs(-625856707))] AS a0 WHERE false UNWIND NULL AS a1 MERGE (n0 :L2{id:38}) RETURN (n0.k14) AS a2;
WITH CASE WHEN FALSE THEN NULL ELSE relationships ( NULL ) [ CASE WHEN FALSE THEN NULL ELSE toIntegerOrNull ( abs ( -625856707 ) ) END ] END AS a0 WHERE CASE WHEN FALSE THEN NULL ELSE false END UNWIND CASE WHEN FALSE THEN NULL ELSE NULL END AS a1 OPTIONAL MATCH ()-[:TYPE]-() MERGE ( n0 : L2 { id : 38 } ) WITH * OPTIONAL MATCH ()-[:TYPE]-() RETURN ( n0 . k14 ) AS a2 LIMIT 1 ;
MATCH (a) RETURN count(a);
MATCH (a) RETURN count(a);
MATCH (b)-[a]->(c) RETURN count(a);
MATCH (b)-[a]->(c) RETURN count(a);
OPTIONAL MATCH p1=()<-[ :T0{k42:NULL}]-(), ()-[*0..0]-(n0) MERGE ({id:39})-[ :T0{id:40}]-(n1 :L2{id:41}) DETACH DELETE p1  RETURN (n1.k12) AS a1, 1 AS a2 LIMIT 1;
OPTIONAL MATCH p1 = ( ) < - [ : T0 { k42 : NULL } ] - ( ) ,( ) - [ * 0 .. 0 ] - ( n0 ) MERGE ( { id : 39 } ) - [ : T0 { id : 40 } ] - ( n1 : L2 { id : 41 } ) FOREACH(f in nodes(p1)|DETACH DELETE f) RETURN CASE WHEN FALSE THEN NULL ELSE ( n1 . k12 ) END AS a1 , 1 AS a2 LIMIT 1 ;
