-- Time: 2024/04/11 14:30:41
-- Database: janusgraph_database1038
-- Database version: composite
-- seed value: 1712812407563
CREATE (n0 :L3{id : 0, k21 : false, k24 : true, k23 : 1579065679, k25 : 'JD'});
CREATE (n0 :L1{k11 : 830453097, id : 1, k10 : 'u', k7 : true, k13 : true, k8 : 'l', k12 : 'EO', k9 : -1939876105});
CREATE (n0 :L3{k20 : 1421304492, k22 : 'A', id : 2, k21 : false, k24 : true, k23 : 1907992284, k25 : 'TPl'});
CREATE (n0 {id : 3});
MATCH (n0 {id : 2}), (n1 {id : 3}) MERGE(n0)-[r :T2{k44 : 446529866, id : 4, k43 : true, k46 : false, k45 : 769746701, k47 : '3H'}]->(n1);
MATCH (n0 {id : 0}), (n1 {id : 2}) MERGE(n0)-[r :T2{k44 : 245531445, id : 5, k43 : true, k46 : false, k45 : 1811789812, k47 : 'ZT'}]->(n1);
MATCH (n0 {id : 0}), (n1 {id : 0}) MERGE(n0)-[r :T0{k31 : false, k33 : false, id : 6, k32 : 'M1', k35 : false, k37 : false, k36 : -1708590182}]->(n1);
MATCH (n0 {id : 2}), (n1 {id : 2}) MERGE(n0)-[r :T0{k31 : false, k33 : false, id : 7, k32 : '04dTI', k35 : true, k34 : -605780521, k37 : true, k36 : 2057579161}]->(n1);
MATCH (n0 {id : 3}), (n1 {id : 1}) MERGE(n0)-[r :T1{k39 : 'R', k38 : '8q', k40 : -1422196829, k41 : true, id : 8}]->(n1);
MATCH (n0 {id : 0}), (n1 {id : 2}) MERGE(n0)-[r :T0{k31 : true, k33 : false, id : 9, k32 : 'OvI0zP41h', k35 : true, k34 : -1173901862, k37 : true, k36 : -1032247587}]->(n1);
MATCH (n0 {id : 0}), (n1 {id : 3}) MERGE(n0)-[r :T1{k39 : 'JpfWcnXp', k38 : '0', k40 : -1462803576, k42 : -693655267, k41 : false, id : 10}]->(n1);
MERGE (n0{id:11})<-[r0 :T1{id:12}]-(n1{id:13})-[r1 :T2{k45:211699624, id:14}]->({id:15}) CREATE p0=( :L3{k25:(r0.k38), id:16}) SET n0.k=(r1.k43) RETURN 1 AS a0, 1 AS a1 UNION MATCH ()-[r0]-(n0)-[r1]->(n1) WHERE NULL MERGE ({id:17}) REMOVE n0.k2 RETURN 1 AS a0, r1 AS a1;
MERGE ( n0 { id : 11 } ) < - [ r0 : T1 { id : 12 } ] - ( n1 { id : 13 } ) - [ r1 : T2 { k45 : 211699624 , id : 14 } ] - > ( { id : 15 } ) WITH * UNWIND 1 as l0 CREATE p0 = ( : L3 { k25 : ( r0 . k38 ) , id : 16 } ) SET n0 . k = ( r1 . k43 ) RETURN 1 AS a0 , CASE WHEN TRUE THEN 1 END AS a1 UNION MATCH ( ) - [ r0 ] - ( n0 ) - [ r1 ] - > ( n1 ) WHERE NULL OPTIONAL MATCH ()-[:TYPE]-() MERGE pp0=( { id : 17 } ) WITH * OPTIONAL MATCH ()-[:TYPE]-() REMOVE n0 . k2 WITH * UNWIND [NULL] as l1 RETURN 1 AS a0 , r1 AS a1 ;
MATCH (a) RETURN count(a);
MATCH (b)-[a]->(c) RETURN count(a);
MATCH (b)-[a]->(c) RETURN count(a);
UNWIND NULL AS a2 CREATE ({id:18})<-[ :T2{id:19}]-({id:20}), (n0{id:21})<-[ :T1{id:22}]-({id:23}) CREATE ({id:24})-[r0 :T2{k44:round(CASE WHEN NULL THEN 1419253515 END), id:25}]->({id:26}) RETURN collect(NULL)[toIntegerOrNull(abs(1308429987))] AS a3 SKIP 1;
UNWIND NULL AS a2 CREATE ( { id : CASE WHEN TRUE THEN 18 END } ) < - [ : T2 { id : 19 } ] - ( { id : 20 } ) CREATE ( n0 { id : 21 } ) < - [ : T1 { id : 22 } ] - ( { id : 23 } ) WITH * CREATE ( { id : 24 } ) - [ r0 : T2 { k44 : round ( CASE WHEN NULL THEN 1419253515 END ) , id : 25 } ] - > ( { id : 26 } ) RETURN collect ( NULL ) [ toIntegerOrNull ( abs ( 1308429987 ) ) ] AS a3 SKIP CASE WHEN TRUE THEN 1 END ;
MATCH (a) RETURN count(a);
MATCH (a) RETURN count(a);
MATCH (b)-[a]->(c) RETURN count(a);
MATCH (b)-[a]->(c) RETURN count(a);
WITH DISTINCT * OPTIONAL MATCH (n1 :L3)-[r1]-()-[]->(), () REMOVE n1.k2 RETURN (n1.k23) AS a0, 'i' AS a1 ORDER BY a1 DESC;
WITH DISTINCT * OPTIONAL MATCH ( n1 : L3 ) - [ r1 ] - ( ) - [ ] - > ( ) ,( ) WITH * REMOVE n1 . k2 WITH * RETURN CASE WHEN TRUE THEN ( n1 . k23 ) END AS a0 , 'i' AS a1 ORDER BY a1 DESC ;
