-- Time: 2024/04/11 13:41:13
-- Database: janusgraph_database370
-- Database version: composite
-- seed value: 1712812406893
CREATE (n0 {id : 0});
CREATE (n0 :L1{k5 : -240889461, k11 : 'VilcDqgx7', id : 1, k6 : false, k10 : 'jY6k', k7 : true, k8 : false});
CREATE (n0 :L4{k27 : true, k29 : -1904196206, k31 : 'kp3O7x', k30 : -1988449263, id : 2, k26 : -263473143});
CREATE (n0 :L0{k0 : true, k1 : true, k2 : '2xZ6', k4 : 1668579656, id : 3});
MATCH (n0 {id : 1}), (n1 {id : 2}) MERGE(n0)-[r :T0{k33 : true, id : 4, k32 : 'J', k35 : 577932570, k34 : -2034503754, k37 : -1470605693}]->(n1);
MATCH (n0 {id : 3}), (n1 {id : 1}) MERGE(n0)-[r :T5{k60 : '8ld1', k62 : false, k61 : -1596923030, k64 : -1566205031, id : 5, k65 : 'sDyV', k59 : '0'}]->(n1);
MATCH (n0 {id : 0}), (n1 {id : 1}) MERGE(n0)-[r :T1{k39 : -324608268, k38 : -2058079371, k40 : -1003111925, k42 : -1525694827, k41 : '348Z', id : 6}]->(n1);
MATCH (n0 {id : 0}), (n1 {id : 1}) MERGE(n0)-[r :T2{k44 : 'S', id : 7, k43 : 'WF', k46 : 1552284495, k45 : 'ep7rkF6dl', k47 : 'K'}]->(n1);
MATCH (n0 {id : 2}), (n1 {id : 1}) MERGE(n0)-[r :T5{k60 : 'd', k62 : false, k61 : 1345603903, k64 : 70884860, k63 : 1015912533, id : 8, k65 : 'yfyr3', k59 : 'DRQFSFq'}]->(n1);
MATCH (n0 {id : 0}), (n1 {id : 0}) MERGE(n0)-[r :T0{k33 : true, id : 9, k32 : 'ydNPpm', k35 : 322654650, k34 : -1402897622, k36 : -318238558}]->(n1);
MATCH (n0 {id : 0}), (n1 {id : 2}) MERGE(n0)-[r :T3{k49 : 'BL', k50 : 1095559325, k52 : true, id : 10, k48 : false}]->(n1);
CREATE p0=({k6:true, id:11})<-[ :T1{k39:(1769965647--400639073), id:12}]-(n0{id:13}), ({id:14}) CREATE ( :L1{id:15})-[ :T0{k35:NULL, id:16}]->({id:17}) MERGE ({id:18})<-[r0 :T1{k39:1852916391, id:19}]-({id:20})-[r1 :T2{k45:('sE'+'J'), id:21}]->(n1{k10:'Rs1QxtPP', id:22}) RETURN collect(r1)[toIntegerOrNull(abs(-1648067686))] AS a0 ORDER BY properties(CASE WHEN (true AND false) THEN relationships(NULL)[toIntegerOrNull(abs(-161362188))] END), a0 DESC;
CREATE p0 = ( { k6 : CASE WHEN TRUE THEN true END , id : 11 } ) < - [ : T1 { k39 : ( 1769965647 - -400639073 ) , id : 12 } ] - ( n0 { id : 13 } ) CREATE ( { id : 14 } ) CREATE ( : L1 { id : CASE WHEN FALSE THEN NULL ELSE 15 END } ) - [ : T0 { k35 : NULL , id : 16 } ] - > ( { id : 17 } ) WITH * UNWIND [NULL] as l0 MERGE ( { id : 18 } ) < - [ r0 : T1 { k39 : 1852916391 , id : 19 } ] - ( { id : 20 } ) - [ r1 : T2 { k45 : ( 'sE' + 'J' ) , id : CASE WHEN TRUE THEN 21 END } ] - > ( n1 { k10 : (''+'Rs1QxtPP' ), id : 22 } ) RETURN collect ( r1 ) [ toIntegerOrNull ( abs ( -1648067686 ) ) ] AS a0 ORDER BY properties(CASE WHEN (true AND false) THEN relationships(NULL)[toIntegerOrNull(abs(-161362188))] END), a0 DESC ;
MATCH (a) RETURN count(a);
MATCH (b)-[a]->(c) RETURN count(a);
MATCH (b)-[a]->(c) RETURN count(a);
MATCH p0=()-[ :T2{k44:NULL}]->(n0) WHERE false MERGE (n1{id:23})-[ :T2{id:24}]-(n2{id:25})-[r0 :T5{id:26}]-({id:27}) REMOVE n2.k2 RETURN (r0.k60) AS a0, 1 AS a1;
MATCH p0 = ( ) - [ : T2 { k44 : NULL } ] - > ( n0 ) WITH * WHERE false MERGE ( n1 { id : CASE WHEN FALSE THEN NULL ELSE 23 END } ) - [ : T2 { id : 24 } ] - ( n2 { id : 25 } ) - [ r0 : T5 { id : CASE WHEN TRUE THEN 26 END } ] - ( { id : CASE WHEN FALSE THEN NULL ELSE 27 END } ) REMOVE n2 . k2 RETURN DISTINCT ( r0 . k60 ) AS a0 , 1 AS a1 ;
