-- Time: 2024/04/11 13:46:04
-- Database: janusgraph_database436
-- Database version: composite
-- seed value: 1712812406959
CREATE (n0 {id : 0});
CREATE (n0 {id : 1});
CREATE (n0 :L4{k27 : -1370326338, k29 : true, id : 2, k24 : 'O', k23 : true, k26 : 'M', k25 : false});
CREATE (n0 {id : 3});
MATCH (n0 {id : 0}), (n1 {id : 0}) MERGE(n0)-[r :T3{k60 : true, k61 : 'r', id : 4, k57 : false, k56 : true, k59 : 1298768832, k58 : false}]->(n1);
MATCH (n0 {id : 0}), (n1 {id : 3}) MERGE(n0)-[r :T4{k62 : true, k64 : '7IH', k66 : -1717222142, id : 5, k65 : '0EPKT', k67 : 'V'}]->(n1);
MATCH (n0 {id : 2}), (n1 {id : 1}) MERGE(n0)-[r :T2{k51 : true, k53 : 719839550, k52 : false, k55 : true, id : 6, k54 : true}]->(n1);
MATCH (n0 {id : 1}), (n1 {id : 2}) MERGE(n0)-[r :T1{k49 : true, k50 : false, id : 7, k46 : -888821048, k48 : false, k47 : false}]->(n1);
MERGE p0=({id:8})-[r0 :T1{id:9}]-(n0{id:10}) SET n0.k=false CREATE (n1 :L4{id:11}) RETURN 1 AS a0 ORDER BY [false, true], a0 DESC LIMIT 1;
MERGE p0 = ( { id : 8 } ) - [ r0 : T1 { id : 9 } ] - ( n0 { id : 10 } ) WITH * CALL{WITH *SET n0 . k = false } WITH * OPTIONAL MATCH ()-[:TYPE]-() CREATE ( n1 : L4 { id : 11 } ) RETURN CASE WHEN TRUE THEN 1 END AS a0 ORDER BY [false, true], a0 DESC SKIP 1 LIMIT 1 ;
MATCH (a) RETURN count(a);
MATCH (b)-[a]->(c) RETURN count(a);
MATCH (b)-[a]->(c) RETURN count(a);
CREATE ( :L4{k24:substring('R', toIntegerOrNull(abs((1890594008/1807980315))), toIntegerOrNull(abs(-178253508))), id:12}) MERGE ({id:13})-[r0 :T1{k48:true, id:14}]-({id:15})-[r1 :T2{id:16}]->(n0{id:17}) SET n0.k=NULL RETURN DISTINCT * ORDER BY 'eg6hG0VTb' DESC;
CREATE ( : L4 { k24 : substring ( CASE WHEN TRUE THEN 'R' END , CASE WHEN TRUE THEN toIntegerOrNull ( abs ( ( 1890594008 / 1807980315 ) ) ) END , toIntegerOrNull ( abs ( CASE WHEN TRUE THEN -178253508 END ) ) ) , id : 12 } ) WITH * UNWIND 1 as l0 MERGE ( { id : 13 } ) - [ r0 : T1 { k48 : true , id : 14 } ] - ( { id : 15 } ) - [ r1 : T2 { id : 16 } ] - > ( n0 { id : 17 } ) SET n0 . k = NULL WITH * UNWIND [1] as l1 RETURN DISTINCT * ORDER BY 'eg6hG0VTb' DESC ,NULL DESC ;
MATCH (a) RETURN count(a);
MATCH (a) RETURN count(a);
MATCH (b)-[a]->(c) RETURN count(a);
MATCH (b)-[a]->(c) RETURN count(a);
MATCH (), p0=(n0)-[*0..1]-()-[r0 :T3{k57:(1549692185 < -91518410)}]-(n1) WHERE ((((r0.k59)/(r0.k59))/(-2114788012/(176224614*1678710339))) >= 275464022) SET n0.k=reverse((('TXeS'+(r0.k61))+'pY')) MERGE (n2{id:18})-[r1 :T3{id:19}]-({id:20}) RETURN n2 AS a0, n1 AS a1;
MATCH ( ) ,p0 = ( n0 ) - [ * 0 .. 1 ] - ( ) - [ r0 : T3 { k57 : ( 1549692185 < -91518410 ) } ] - ( n1 ) WHERE CASE WHEN FALSE THEN NULL ELSE ( ( ( ( r0 . k59 ) / ( CASE WHEN FALSE THEN NULL ELSE r0 . k59 END ) ) / ( -2114788012 / ( 176224614 * 1678710339 ) ) ) >= 275464022 ) END SET n0 . k = reverse ( ( ( 'TXeS' + ( r0 . k61 ) ) + 'pY' ) ) WITH * OPTIONAL MATCH ()-[:TYPE]-() MERGE ( n2 { id : 18 } ) - [ r1 : T3 { id : 19 } ] - ( { id : 20 } ) RETURN n2 AS a0 , CASE WHEN TRUE THEN n1 END AS a1 ;
MATCH (a) RETURN count(a);
MATCH (a) RETURN count(a);
MATCH (b)-[a]->(c) RETURN count(a);
MATCH (b)-[a]->(c) RETURN count(a);
CREATE (n0{id:21}) CREATE (n1{id:22})-[ :T1{k48:isEmpty(NULL), id:23}]->(n5{id:24})-[r1 :T2{id:25}]->({id:26}), ({id:27}) MERGE ({k23:false, id:28})-[r2 :T2{id:29}]->(n6{id:30}) RETURN *, relationships(NULL)[toIntegerOrNull(abs((-1-(-17131493+1398554833))))] AS a0 LIMIT 1;
CREATE ( n0 { id : 21 } ) WITH * OPTIONAL MATCH ()-[:TYPE]-() CREATE (n1{ id : 22 } )CREATE (n1)- [ : T1 { k48 : isEmpty ( CASE WHEN TRUE THEN NULL END ) , id : 23 } ] - > ( n5 { id : 24 } ) - [ r1 : T2 { id : 25 } ] - > ( { id : 26 } ) CREATE ( { id : 27 } ) MERGE ( { k23 : false , id : 28 } ) - [ r2 : T2 { id : 29 } ] - > ( n6 { id : 30 } ) RETURN * , relationships ( NULL ) [ toIntegerOrNull ( abs ( ( -1 - ( CASE WHEN FALSE THEN NULL ELSE -17131493 + 1398554833 END ) ) ) ) ] AS a0 LIMIT 1 ;
MATCH (a) RETURN count(a);
MATCH (a) RETURN count(a);
MATCH (b)-[a]->(c) RETURN count(a);
MATCH (b)-[a]->(c) RETURN count(a);
CREATE (n0{id:31}), (n1{id:32})-[r0 :T2{id:33}]->(n2{id:34})-[r1 :T1{id:35}]->( :L4{k24:NULL, id:36}) CREATE (n3{id:37}), ( :L4{k27:length(NULL), id:38})-[ :T2{k53:round(-1264188790), id:39}]->({id:40})-[ :T1{k46:-1171128397, id:41}]->(n4{k23:true, id:42}) CREATE p0=({id:43})<-[r2 :T2{id:44}]-({id:45})<-[r3 :T1{id:46}]-(n5{id:47}), ( :L4{k23:(false AND false), id:48})-[r4 :T2{id:49}]->(n6{id:50}) RETURN 1 AS a0, 1 AS a1 ORDER BY NULL, a0;
CREATE ( n0 { id : 31 } ) CREATE ( n1 { id : 32 } ) - [ r0 : T2 { id : 33 } ] - > ( n2 { id : 34 } ) - [ r1 : T1 { id : CASE WHEN TRUE THEN 35 END } ] - > ( : L4 { k24 : NULL , id : 36 } ) CREATE ( n3 { id : 37 } ) CREATE ( : L4 { k27 : length ( NULL ) , id : 38 } ) - [ : T2 { k53 : round ( CASE WHEN TRUE THEN -1264188790 END ) , id : 39 } ] - > ( { id : 40 } ) - [ : T1 { k46 : -1171128397 , id : 41 } ] - > ( n4 { k23 : true , id : 42 } ) WITH * OPTIONAL MATCH ()-[:TYPE]-() CREATE (m0{ id : 43 } )CREATE (m0)< - [ r2 : T2 { id : 44 } ] - ( { id : 45 } ) < - [ r3 : T1 { id : 46 } ] - ( n5 { id : 47 } ) CREATE ( : L4 { k23 : CASE WHEN TRUE THEN ( false AND false ) END , id : 48 } ) - [ r4 : T2 { id : 49 } ] - > ( n6 { id : 50 } ) RETURN 1 AS a0 , 1 AS a1 ORDER BY NULL, a0 DESC ;
MATCH (a) RETURN count(a);
MATCH (a) RETURN count(a);
MATCH (b)-[a]->(c) RETURN count(a);
MATCH (b)-[a]->(c) RETURN count(a);
OPTIONAL MATCH ()-[]-(), ()-[*0..0]-() CREATE (n0{id:51}), ( :L4{k23:true, id:52}) MERGE ({k24:'F', id:53}) RETURN 1 AS a0;
OPTIONAL MATCH (nn0),()<-[m1]-(),(nn2),()-[*0..0]-() WHERE exists((nn0)-[m1]-(nn2)) CREATE ( n0 { id : 51 } ) CREATE ( : L4 { k23 : true , id : 52 } ) WITH * OPTIONAL MATCH ()-[:TYPE]-() MERGE ( { k24 : 'F' , id : 53 } ) RETURN 1 AS a0 ORDER BY FALSE DESC SKIP 1 ;
MATCH (a) RETURN count(a);
MATCH (a) RETURN count(a);
MATCH (b)-[a]->(c) RETURN count(a);
MATCH (b)-[a]->(c) RETURN count(a);
MERGE ({id:54}) CREATE (n0{id:55})<-[ :T1{id:56}]-(n1{id:57}), p0=({id:58})<-[r0 :T4{id:59}]-({id:60}) MERGE ({id:61}) RETURN 1 AS a0;
MERGE ( { id : 54 } ) CREATE ( n0 { id : 55 } ) < - [ : T1 { id : 56 } ] - ( n1 { id : CASE WHEN TRUE THEN 57 END } ) CREATE p0 = ( { id : CASE WHEN FALSE THEN NULL ELSE 58 END } ) < - [ r0 : T4 { id : 59 } ] - ( { id : CASE WHEN FALSE THEN NULL ELSE 60 END } ) MERGE ( { id : 61 } ) RETURN 1 AS a0 ;
