-- Time: 2024/04/11 14:25:11
-- Database: janusgraph_database964
-- Database version: composite
-- seed value: 1712812407489
CREATE (n0 :L4{k28 : 'aXOFiT', k27 : false, k29 : -935120322, id : 0, k24 : '8J', k25 : true});
CREATE (n0 :L2{k17 : -1426628626, k16 : 1037298559, k11 : -150068122, id : 1, k13 : -1351893560, k12 : 'nv', k15 : 'w', k14 : 'Z'});
CREATE (n0 :L1{k5 : 224837640, id : 2, k6 : true, k10 : 'U', k7 : false, k8 : 'w', k9 : 827080754});
CREATE (n0 :L1{k5 : 316871940, id : 3, k6 : false, k10 : 'j', k7 : false, k8 : 'RMKWcHHrT', k9 : -15669245});
MATCH (n0 {id : 1}), (n1 {id : 1}) MERGE(n0)-[r :T0{k31 : -973351508, k30 : true, k33 : 'wQN8CWXq', id : 4, k34 : 452390405}]->(n1);
MATCH (n0 {id : 3}), (n1 {id : 3}) MERGE(n0)-[r :T3{k49 : true, k51 : -1781633240, k50 : true, k52 : 'MX', id : 5, k46 : 753459459, k48 : '8Zo', k47 : true}]->(n1);
MATCH (n0 {id : 1}), (n1 {id : 0}) MERGE(n0)-[r :T3{k49 : false, k51 : -314457860, k52 : '9F', id : 6, k46 : -2084436565, k48 : 'n', k47 : false}]->(n1);
MATCH (n0 {id : 0}), (n1 {id : 3}) MERGE(n0)-[r :T3{k49 : true, k51 : -82745079, k50 : true, k52 : 'Xm', id : 7, k46 : -1519518205, k48 : 'ET8oc', k47 : true}]->(n1);
MATCH (n0 {id : 2}), (n1 {id : 2}) MERGE(n0)-[r :T3{k49 : false, k50 : false, k52 : '9F', id : 8, k46 : -1668344953, k47 : true}]->(n1);
CREATE ({id:9}) CREATE ({id:10}) CREATE p0=(n0{k10:substring(('S'+CASE WHEN true THEN '9' END), toIntegerOrNull(abs(NULL)), toIntegerOrNull(abs(NULL))), id:11})<-[r0 :T0{id:12}]-( :L1{id:13}), ({id:14}) RETURN 1 AS a0, 1 AS a1;
CREATE ( { id : CASE WHEN FALSE THEN NULL ELSE 9 END } ) WITH * CREATE ( { id : 10 } ) WITH * OPTIONAL MATCH ()-[:TYPE]-() CREATE p0=( :L1{id:13})-[ r0 : T0 { id : 12 } ] ->( n0 { k10 : substring ( ( 'S' + CASE WHEN true THEN '9' END ) , toIntegerOrNull ( abs ( CASE WHEN TRUE THEN NULL END ) ) , toIntegerOrNull ( abs ( NULL ) ) ) , id : 11 } ) CREATE ( { id : 14 } ) RETURN 1 AS a0 , 1 AS a1 ;
MATCH (a) RETURN count(a);
MATCH (b)-[a]->(c) RETURN count(a);
MATCH (b)-[a]->(c) RETURN count(a);
UNWIND [p1=()-[r2]->( :L4)-[r1]->(n1) WHERE isEmpty(NULL)|NULL] AS a0 CREATE (n4 :L1{id:15})<-[ :T0{id:16}]-({k6:true, id:17}) CREATE (n5{id:18})-[r3 :T0{id:19}]->( :L2{k15:'eTvJVK8At', id:20})-[r4 :T3{id:21}]->(n6{k24:NULL, id:22}) RETURN a0 AS a1;
UNWIND [ p1 = ( ) - [ r2 ] - > ( : L4 ) - [ r1 ] - > ( n1 ) WHERE isEmpty ( NULL ) | NULL ] AS a0 WITH * CREATE (n4: L1 { id : 15 } )CREATE (n4)< - [ : T0 { id : 16 } ] - ( { k6 : true , id : 17 } ) WITH * OPTIONAL MATCH ()-[:TYPE]-() CREATE ( n5 { id : 18 } ) - [ r3 : T0 { id : 19 } ] - > ( : L2 { k15 : 'eTvJVK8At' , id : 20 } ) - [ r4 : T3 { id : 21 } ] - > ( n6 { k24 : NULL , id : 22 } ) RETURN a0 AS a1 ;
MATCH (a) RETURN count(a);
MATCH (a) RETURN count(a);
MATCH (b)-[a]->(c) RETURN count(a);
MATCH (b)-[a]->(c) RETURN count(a);
WITH * WHERE NULL MATCH (n0)-[]-()<-[]-() WHERE NULL REMOVE n0.k2 RETURN n0 AS a2 ORDER BY true, a2 DESC SKIP 1;
WITH * WHERE NULL OPTIONAL MATCH ()-[:TYPE]-() MATCH (n0),()<-[m0]-(),(nn1),()<-[m2]-(),(nn3) WHERE exists((n0)-[m0]-(nn1)<-[m2]-(nn3)) AND (NULL )OPTIONAL MATCH ()-[:TYPE]-() REMOVE n0 . k2 WITH * RETURN n0 AS a2 ORDER BY true, a2 DESC SKIP CASE WHEN TRUE THEN 1 END ;
