-- Time: 2024/04/11 13:51:47
-- Database: janusgraph_database513
-- Database version: composite
-- seed value: 1712812407037
CREATE (n0 :L4{k28 : 950149948, k27 : false, k29 : true, k30 : 'A0', id : 0, k26 : 2143955360});
CREATE (n0 :L4{k28 : 1609309199, k29 : false, k30 : '6', id : 1, k26 : -111634038, k25 : -1569629439});
CREATE (n0 :L4{k28 : -732963924, k27 : true, k29 : false, id : 2, k26 : 317436212, k25 : 1241060035});
CREATE (n0 :L0{k0 : 'Z', k1 : -520772120, k2 : false, k3 : 'RvR7oFaXs', k4 : '6', k5 : -129933239, id : 3});
MATCH (n0 {id : 2}), (n1 {id : 1}) MERGE(n0)-[r :T6{k80 : -1992879352, k82 : true, k81 : true, k84 : 'H', k83 : 'E', id : 4, k79 : true, k78 : '6B'}]->(n1);
MATCH (n0 {id : 2}), (n1 {id : 0}) MERGE(n0)-[r :T6{k80 : -428652764, k82 : false, k81 : false, k84 : 'Q', k83 : 'E', id : 5, k79 : true, k78 : 'W'}]->(n1);
MATCH (n0 {id : 3}), (n1 {id : 0}) MERGE(n0)-[r :T0{k42 : 913839138, k44 : 'q', id : 6, k43 : true, k46 : true, k45 : 'abeUzp5yR'}]->(n1);
MATCH (n0 {id : 1}), (n1 {id : 0}) MERGE(n0)-[r :T5{k73 : false, k72 : false, k75 : '5', k74 : -1559145705, k77 : true, id : 7, k76 : true}]->(n1);
MATCH (n0 {id : 0}), (n1 {id : 1}) MERGE(n0)-[r :T3{k60 : 'A', k62 : -1019199295, k61 : false, k64 : false, k63 : false, id : 8}]->(n1);
MATCH (n0 {id : 2}), (n1 {id : 1}) MERGE(n0)-[r :T0{k42 : -978835726, k44 : 'p', id : 9, k43 : false, k46 : true, k45 : '0G'}]->(n1);
OPTIONAL MATCH (n0)<-[]-() UNWIND CASE WHEN NULL THEN [[x IN [NULL, NULL]|false], toStringList([])] END AS a0 DETACH DELETE n0  RETURN 1 AS a1;
OPTIONAL MATCH ( n0 ) < - [ ] - ( ) UNWIND CASE WHEN NULL THEN CASE WHEN FALSE THEN NULL ELSE [ [ x IN [ NULL , NULL ] | false ] , toStringList ( [ ] ) ] END END AS a0 OPTIONAL MATCH ()-[:TYPE]-() DETACH DELETE n0 WITH * RETURN CASE WHEN FALSE THEN NULL ELSE 1 END AS a1 ;
MATCH (a) RETURN count(a);
MATCH (b)-[a]->(c) RETURN count(a);
MATCH (b)-[a]->(c) RETURN count(a);
UNWIND CASE WHEN false THEN [NULL] END AS a0 MERGE (n0{id:10}) MERGE (n1 :L4{id:11}) RETURN a0 AS a1 LIMIT 1 UNION CREATE p0=({id:12}), (n0{id:13})-[r0 :T6{id:14}]->(n1{k25:NULL, id:15})<-[ :T0{id:16}]-({id:17}) MERGE ({id:18})-[r1 :T6{id:19}]-(n2 :L4{k26:197179671, id:20})<-[r2 :T0{k45:'RV', id:21}]-(n3{id:22}) REMOVE n3.k2 RETURN n3 AS a1;
UNWIND CASE WHEN false THEN ([ NULL ] +[]) END AS a0 MERGE ( n0 { id : 10 } ) WITH * OPTIONAL MATCH ()-[:TYPE]-() MERGE ( n1 : L4 { id : 11 } ) WITH * RETURN a0 AS a1 LIMIT 1 UNION CREATE p0 = ( { id : CASE WHEN FALSE THEN NULL ELSE 12 END } ) CREATE ({id:17})-[ : T0 { id : 16 } ] ->(n1{k25:NULL, id:15})<-[ r0 : T6 { id : 14 } ] -( n0 { id : 13 } ) MERGE ( { id : 18 } ) - [ r1 : T6 { id : CASE WHEN TRUE THEN 19 END } ] - ( n2 : L4 { k26 : 197179671 , id : 20 } ) < - [ r2 : T0 { k45 : CASE WHEN TRUE THEN (''+'RV' )END , id : 21 } ] - ( n3 { id : 22 } ) FOREACH(f in [1]|REMOVE n3 . k2 ) RETURN n3 AS a1 ORDER BY FALSE ;
