-- Time: 2024/04/11 14:01:16
-- Database: janusgraph_database641
-- Database version: composite
-- seed value: 1712812407165
CREATE (n0 {id : 0});
CREATE (n0 {id : 1});
CREATE (n0 :L0{k0 : -599114401, k1 : 'k', k2 : -46947424, k3 : true, k4 : 'j', k5 : false, id : 2, k6 : false});
CREATE (n0 :L1{k11 : 'O', id : 3, k7 : -1831230487, k13 : 2061461252, k8 : true, k12 : false, k9 : -908157362});
MATCH (n0 {id : 0}), (n1 {id : 3}) MERGE(n0)-[r :T0{k41 : 18449257, k44 : 'K', id : 4, k43 : -1263483424}]->(n1);
MATCH (n0 {id : 0}), (n1 {id : 2}) MERGE(n0)-[r :T5{k71 : '1', k70 : true, k73 : 'f', k72 : 'nAAHKttdi', k74 : false, id : 5, k69 : 'Qun'}]->(n1);
UNWIND [(n0)-[]-() WHERE NULL|endNode(relationships(NULL)[toIntegerOrNull(abs(189405788))])] AS a0 MERGE (n1 :L1{k10:true, id:6})<-[r0 :T0{k43:-603934821, id:7}]-({id:8})-[r1 :T5{k69:'AiwgK5bM', id:9}]-(n2 :L0{id:10}) REMOVE n2.k2 RETURN a0 AS a1, startNode(r1) AS a2 LIMIT 0;
UNWIND [ ( n0 ) - [ ] - ( ) WHERE NULL | endNode ( ([]+relationships ( NULL ) )[ toIntegerOrNull ( abs ( 189405788 ) ) ] ) ] AS a0 WITH * MERGE ( n1 : L1 { k10 : true , id : 6 } ) < - [ r0 : T0 { k43 : -603934821 , id : 7 } ] - ( { id : CASE WHEN TRUE THEN 8 END } ) - [ r1 : T5 { k69 : 'AiwgK5bM' , id : 9 } ] - ( n2 : L0 { id : 10 } ) WITH * REMOVE n2 . k2 RETURN a0 AS a1 , startNode ( CASE WHEN TRUE THEN r1 END ) AS a2 LIMIT 0 ;
MATCH (a) RETURN count(a);
MATCH (b)-[a]->(c) RETURN count(a);
MATCH (b)-[a]->(c) RETURN count(a);
WITH NULL AS a0 WHERE NULL CREATE (n0{id:11})<-[ :T5{id:12}]-({id:13})-[ :T0{id:14}]->(n1{k12:NULL, id:15}), (n2{id:16}) MERGE (n3{id:17})-[r0 :T0{k41:1095173085, id:18}]-({k10:false, id:19}) RETURN 1 AS a1, n3 AS a2 LIMIT 1;
WITH NULL AS a0 WHERE NULL CREATE ( n0 { id : 11 } ) < - [ : T5 { id : 12 } ] - ( { id : 13 } ) - [ : T0 { id : 14 } ] - > ( n1 { k12 : NULL , id : 15 } ) CREATE ( n2 { id : 16 } ) MERGE ( n3 { id : CASE WHEN TRUE THEN 17 END } ) - [ r0 : T0 { k41 : 1095173085 , id : CASE WHEN TRUE THEN 18 END } ] - ( { k10 : false , id : 19 } ) RETURN 1 AS a1 , n3 AS a2 LIMIT 1 ;
MATCH (a) RETURN count(a);
MATCH (a) RETURN count(a);
MATCH (b)-[a]->(c) RETURN count(a);
MATCH (b)-[a]->(c) RETURN count(a);
CREATE (n0{id:20}), (n1{id:21}) MERGE (n2{id:22}) SET n2.k='k' RETURN 1 AS a0;
CREATE ( n0 { id : 20 } ) CREATE ( n1 { id : 21 } ) MERGE ( n2 { id : 22 } ) WITH * OPTIONAL MATCH ()-[:TYPE]-() SET n2 . k = 'k' RETURN 1 AS a0 ORDER BY FALSE ;
