-- Time: 2024/04/11 13:31:13
-- Database: janusgraph_database235
-- Database version: composite
-- seed value: 1712812406758
CREATE (n0 :L3{k19 : true, k18 : 'T', k20 : false, k22 : false, id : 0, k24 : 879505610, k23 : 'XsNb3'});
CREATE (n0 :L3{k19 : false, k18 : 'T', k20 : false, k22 : true, id : 1, k21 : false, k24 : -683810948, k23 : 'XsNb3'});
CREATE (n0 :L3{k19 : true, k18 : 'A', k20 : true, k22 : true, id : 2, k21 : false, k24 : -656672867, k23 : 'U'});
CREATE (n0 :L3{k19 : false, k18 : '1', k20 : true, k22 : false, id : 3, k24 : -1117570746, k23 : 'Yg'});
MATCH (n0 {id : 0}), (n1 {id : 0}) MERGE(n0)-[r :T3{k64 : 490740548, k66 : 'mST1', id : 4, k65 : false, k68 : 1220914705, k67 : false}]->(n1);
MATCH (n0 {id : 1}), (n1 {id : 1}) MERGE(n0)-[r :T3{k64 : 212499234, k66 : 'sPch', id : 5, k65 : false, k67 : true}]->(n1);
MATCH (n0)-[ :T3{k65:NULL}]-(n1), p0=()-[]-(n2) UNWIND [x IN [false, toBooleanOrNull(NULL)]] AS a0 REMOVE n2.k2 RETURN properties(n1) AS a1 LIMIT 1 UNION ALL MERGE ({id:6}) MERGE ({k18:'O', id:7})-[r0 :T3{k64:390648, id:8}]-( :L3{k20:false, id:9}) MERGE (n1{k20:false, id:10}) RETURN 1 AS a1;
MATCH ( n0 ) - [ : T3 { k65 : NULL } ] - ( n1 ) ,p0 = ()-[*0..0]-( ) - [ ] - ( n2 ) UNWIND [ x IN [ false , toBooleanOrNull ( CASE WHEN FALSE THEN NULL ELSE NULL END ) ] ] AS a0 WITH * REMOVE n2 . k2 WITH * RETURN properties ( n1 ) AS a1 LIMIT 1 UNION ALL MERGE ( { id : 6 } ) WITH * UNWIND [NULL] as l0 MERGE ( { k18 : 'O' , id : 7 } ) - [ r0 : T3 { k64 : 390648 , id : 8 } ] - ( : L3 { k20 : false , id : CASE WHEN TRUE THEN 9 END } ) WITH * OPTIONAL MATCH ()-[:TYPE]-() MERGE ( n1 { k20 : false , id : 10 } ) RETURN 1 AS a1 ;
MATCH (a) RETURN count(a);
MATCH (b)-[a]->(c) RETURN count(a);
MATCH (b)-[a]->(c) RETURN count(a);
WITH [NULL] AS a0 CREATE ( :L3{id:11}) CREATE p0=(n0 :L3{k18:(('LW'+elementId(relationships(NULL)[toIntegerOrNull(abs(-1945241511))]))+'ae'), id:12})<-[ :T3{k66:NULL, id:13}]-({k23:NULL, id:14}) RETURN 1 AS a1, NULL AS a2;
WITH [ NULL ] AS a0 OPTIONAL MATCH ()-[:TYPE]-() CREATE ( : L3 { id : 11 } ) CREATE p0 = ( n0 : L3 { k18 : ( ( 'LW' + elementId ( relationships ( NULL ) [ toIntegerOrNull ( abs ( -1945241511 ) ) ] ) ) + 'ae' ) , id : 12 } ) < - [ : T3 { k66 : NULL , id : 13 } ] - ( { k23 : NULL , id : 14 } ) RETURN 1 AS a1 , NULL AS a2 ;
MATCH (a) RETURN count(a);
MATCH (a) RETURN count(a);
MATCH (b)-[a]->(c) RETURN count(a);
MATCH (b)-[a]->(c) RETURN count(a);
WITH NULL AS a0 MERGE (n0{id:15}) REMOVE n0.k2 RETURN true AS a1, 1 AS a2;
WITH NULL AS a0 MERGE ( n0 { id : 15 } ) WITH * OPTIONAL MATCH ()-[:TYPE]-() REMOVE n0 . k2 WITH * OPTIONAL MATCH ()-[:TYPE]-() RETURN true AS a1 , 1 AS a2 ;
