-- Time: 2024/04/11 13:53:30
-- Database: janusgraph_database536
-- Database version: composite
-- seed value: 1712812407060
CREATE (n0 {id : 0});
CREATE (n0 :L5{k38 : true, k33 : false, id : 1, k32 : false, k34 : 'Ll7MPj4i', k37 : 't', k36 : 'H'});
CREATE (n0 :L4{k28 : -279155221, k27 : 'Z', k29 : false, k31 : 449709161, id : 2, k26 : '9', k25 : -1317289499});
CREATE (n0 :L3{k20 : false, k22 : 'd', id : 3, k21 : 1993673561, k24 : 'lm', k23 : '0LP'});
MATCH (n0 {id : 3}), (n1 {id : 0}) MERGE(n0)-[r :T3{k60 : '9', k62 : false, k61 : 'J4V', k63 : true, id : 4, k59 : -382787588, k58 : 'v'}]->(n1);
MATCH (n0 {id : 0}), (n1 {id : 1}) MERGE(n0)-[r :T3{k60 : '9', k62 : true, k61 : 'j', k64 : true, k63 : true, id : 5, k59 : -1835665651, k58 : '7uwY031'}]->(n1);
UNWIND NULL AS a0 MERGE ({id:6}) CREATE ({k38:NULL, id:7})<-[r1 :T3{k59:NULL, id:8}]-({id:9}) RETURN 1 AS a1;
UNWIND NULL AS a0 MERGE pp0=( { id : 6 } ) CREATE ( { k38 : NULL , id : 7 } ) < - [ r1 : T3 { k59 : NULL , id : 8 } ] - ( { id : 9 } ) RETURN 1 AS a1 ;
MATCH (a) RETURN count(a);
MATCH (b)-[a]->(c) RETURN count(a);
MATCH (b)-[a]->(c) RETURN count(a);
WITH NULL AS a0 WHERE false MERGE ( :L5{id:10}) MERGE ({id:11}) RETURN 1 AS a1, 448201491 AS a2 ORDER BY NULL, a1;
WITH NULL AS a0 WHERE false MERGE ( : L5 { id : 10 } ) WITH * OPTIONAL MATCH ()-[:TYPE]-() MERGE ( { id : 11 } ) WITH * RETURN 1 AS a1 , 448201491 AS a2 ORDER BY NULL, a1 DESC ;
MATCH (a) RETURN count(a);
MATCH (a) RETURN count(a);
MATCH (b)-[a]->(c) RETURN count(a);
MATCH (b)-[a]->(c) RETURN count(a);
UNWIND [{k1: NULL, k2: NULL}] AS a0 OPTIONAL MATCH p0=(), p1=() WHERE false DETACH DELETE p1  RETURN 1 AS a1;
UNWIND ([ { k1 : NULL , k2 : NULL } ] +[]) AS a0 OPTIONAL MATCH ()-[:TYPE]-() OPTIONAL MATCH p0 = ( ) ,p1 = ( ) WHERE false DETACH DELETE p1 RETURN 1 AS a1 ;
