-- Time: 2024/04/11 14:29:47
-- Database: janusgraph_database1026
-- Database version: composite
-- seed value: 1712812407551
CREATE (n0 :L3{k19 : 1152527749, k20 : false, k22 : 'G', id : 0, k21 : -1927886935, k23 : 'y'});
CREATE (n0 :L4{k28 : 'Y', k27 : 'tp', k29 : '4', k30 : 917155150, id : 1, k24 : false, k26 : true, k25 : '4'});
CREATE (n0 :L1{k11 : true, id : 2, k6 : true, k10 : true, k7 : 455532695, k8 : '6', k12 : false, k9 : '2'});
CREATE (n0 :L1{k11 : true, id : 3, k6 : true, k10 : false, k7 : 2042606974, k12 : false, k9 : '0lTDflj'});
MATCH (n0 {id : 0}), (n1 {id : 0}) MERGE(n0)-[r :T2{k49 : 720610048, k51 : -1550846172, k50 : false, k53 : 'gKgl2xYq', k52 : 954305725, id : 4, k48 : 'R'}]->(n1);
MATCH (n0 {id : 3}), (n1 {id : 3}) MERGE(n0)-[r :T2{k49 : 1741151702, k51 : -808904032, k50 : false, k53 : '2FYsr', k52 : -276884818, id : 5, k48 : 'T'}]->(n1);
MATCH (n0 {id : 0}), (n1 {id : 1}) MERGE(n0)-[r :T0{k39 : '5KOkDx', k38 : '9', k41 : 'TaAa', id : 6, k37 : 'QN9'}]->(n1);
MATCH (n0 {id : 0}), (n1 {id : 0}) MERGE(n0)-[r :T5{k64 : 'bFfykQX', k66 : -876658292, id : 7, k65 : true, k68 : '0', k67 : 633791016, k69 : 'I'}]->(n1);
MERGE (n0{id:8}) DETACH DELETE n0  MERGE p0=({id:9}) RETURN 1 AS a0 ORDER BY properties(NULL), a0 SKIP 1;
MERGE ( n0 { id : 8 } ) DETACH DELETE n0 WITH * UNWIND [NULL] as l0 MERGE p0 = ( { id : 9 } ) WITH * RETURN 1 AS a0 ORDER BY properties(NULL), a0 SKIP 1 ;
MATCH (a) RETURN count(a);
MATCH (b)-[a]->(c) RETURN count(a);
MATCH (b)-[a]->(c) RETURN count(a);
MERGE (n0{k10:true, id:10})<-[ :T5{id:11}]-(n3{id:12}) DETACH DELETE n3  MERGE (n4{k20:true, id:13})-[r0 :T2{id:14}]->(n5 :L3{id:15})-[r1 :T0{id:16}]-( :L4{id:17}) RETURN 1 AS a0, n5 AS a1 UNION MERGE p0=(n2{id:18})-[ :T5{id:19}]-(n3{id:20}) MERGE (n4 :L1{id:21}) DETACH DELETE n4  RETURN NULL AS a0, NULL AS a1;
MERGE ( n0 { k10 : CASE WHEN FALSE THEN NULL ELSE true END , id : 10 } ) < - [ : T5 { id : 11 } ] - ( n3 { id : 12 } ) DETACH DELETE n3 MERGE pp0=( n4 { k20 : true , id : 13 } ) - [ r0 : T2 { id : 14 } ] - > ( n5 : L3 { id : 15 } ) - [ r1 : T0 { id : 16 } ] - ( : L4 { id : 17 } ) RETURN 1 AS a0 , CASE WHEN TRUE THEN n5 END AS a1 SKIP 1 UNION MERGE p0 = ( n2 { id : 18 } ) - [ : T5 { id : 19 } ] - ( n3 { id : 20 } ) WITH * UNWIND [NULL] as l0 MERGE ( n4 : L1 { id : 21 } ) FOREACH(f in [1]|DETACH DELETE n4 ) WITH * UNWIND 1 as l1 RETURN NULL AS a0 , NULL AS a1 ;
MATCH (a) RETURN count(a);
MATCH (a) RETURN count(a);
MATCH (b)-[a]->(c) RETURN count(a);
MATCH (b)-[a]->(c) RETURN count(a);
OPTIONAL MATCH ()-[r0]->(n0 :L3), (n1)<-[r0]-() MERGE ({id:22}) SET n0.k=(toIntegerOrNull((n0.k20)) >= -1073121229) RETURN (n0.k20) AS a0;
OPTIONAL MATCH ( ) - [ r0 ] - > ( n0 : L3 ) ,( n1 ) < - [ r0 ] - ( ) MERGE ( { id : 22 } ) SET n0 . k = ( toIntegerOrNull ( ( n0 . k20 ) ) >= -1073121229 ) WITH * OPTIONAL MATCH ()-[:TYPE]-() RETURN ( n0 . k20 ) AS a0 ;
MATCH (a) RETURN count(a);
MATCH (a) RETURN count(a);
MATCH (b)-[a]->(c) RETURN count(a);
MATCH (b)-[a]->(c) RETURN count(a);
MATCH ( :L1), ()<-[r0 :T5{k69:reverse(toStringList(['E'])[toIntegerOrNull(abs(1557270044))])}]-() WHERE (r0.k65) OPTIONAL MATCH () CREATE (n0{k8:CASE WHEN isEmpty(NULL) THEN toStringList([NULL, NULL])[toIntegerOrNull(abs((1521093978-993066681)))] END, id:23})<-[ :T5{k66:(r0.k66), id:24}]-({id:25}) RETURN collect(r0)[toIntegerOrNull(abs(306325739))] AS a0 UNION ALL MATCH p0=(n0{k19:CASE WHEN ((-97295584*NULL) <> ((-1144819852-(-1555080246/-1848399402))+1083887742)) THEN round(NULL) END}), (n0) SET n0.k=NULL CREATE ( :L4{id:26})<-[r0 :T0{id:27}]-( :L3{k20:true, id:28})-[r1 :T2{id:29}]->(n1{id:30}), ({id:31}) RETURN n0 AS a0 SKIP 1;
MATCH ( : L1 ) ,( ) < - [ r0 : T5 { k69 : reverse ( toStringList ( CASE WHEN TRUE THEN [ 'E' ] END ) [ toIntegerOrNull ( CASE WHEN TRUE THEN abs ( 1557270044 ) END ) ] ) } ] - ( ) WHERE ( r0 . k65 ) OPTIONAL MATCH ( ) CREATE ( n0 { k8 : CASE WHEN isEmpty ( CASE WHEN FALSE THEN NULL ELSE NULL END ) THEN (toStringList ( [ NULL , NULL ] ) +[]) [ toIntegerOrNull ( abs ( ( 1521093978 -993066681 ) ) ) ] END , id : 23 } ) < - [ : T5 { k66 : CASE WHEN FALSE THEN NULL ELSE ( r0 . k66 ) END , id : 24 } ] - ( { id : 25 } ) RETURN collect ( r0 ) [ CASE WHEN FALSE THEN NULL ELSE toIntegerOrNull ( abs ( CASE WHEN FALSE THEN NULL ELSE 306325739 END ) ) END ] AS a0 UNION ALL MATCH p0 = ( n0 { k19 : CASE WHEN ( ( -97295584 * NULL ) <> ( ( -1144819852 - ( -1555080246 / -1848399402 ) ) + 1083887742 ) ) THEN round ( NULL ) END } ) ,( n0 ) OPTIONAL MATCH ()-[:TYPE]-() SET n0 . k = NULL CREATE ( : L4 { id : 26 } ) < - [ r0 : T0 { id : 27 } ] - ( : L3 { k20 : true , id : 28 } ) - [ r1 : T2 { id : 29 } ] - > ( n1 { id : 30 } ) CREATE ( { id : 31 } ) RETURN n0 AS a0 ORDER BY NULL SKIP 1 ;
MATCH (a) RETURN count(a);
MATCH (a) RETURN count(a);
MATCH (b)-[a]->(c) RETURN count(a);
MATCH (b)-[a]->(c) RETURN count(a);
OPTIONAL MATCH (n0)-[r0]->(n1 :L4{k25:'3R'}), (n0)-[r1]-(n0) MERGE ({id:32})-[ :T2{k53:reverse('vQ3fKFvg'), id:33}]-(n2{id:34}) REMOVE n0.k2 RETURN n1 AS a0, true AS a1;
OPTIONAL MATCH ( n0 ) - [ r0 ] - > ( n1 : L4 { k25 : '3R' } ) ,(n0)-[*0..0]-( n0 ) - [ r1 ] - ( n0 ) WHERE TRUE MERGE ( { id : 32 } ) - [ : T2 { k53 : reverse ( CASE WHEN FALSE THEN NULL ELSE 'vQ3fKFvg' END ) , id : 33 } ] - ( n2 { id : 34 } ) REMOVE n0 . k2 RETURN n1 AS a0 , true AS a1 ;
MATCH (a) RETURN count(a);
MATCH (a) RETURN count(a);
MATCH (b)-[a]->(c) RETURN count(a);
MATCH (b)-[a]->(c) RETURN count(a);
WITH collect(true)[toIntegerOrNull(abs(-431755732))] AS a0 SKIP 1 MERGE (n3{id:35}) SET n3.k=false RETURN 1 AS a1, n3 AS a2 LIMIT 0;
WITH collect ( true ) [ toIntegerOrNull ( abs ( -431755732 ) ) ] AS a0 SKIP 1 MERGE ( n3 { id : 35 } ) SET n3 . k = false RETURN DISTINCT 1 AS a1 , CASE WHEN FALSE THEN NULL ELSE n3 END AS a2 LIMIT 0 ;
MATCH (a) RETURN count(a);
MATCH (a) RETURN count(a);
MATCH (b)-[a]->(c) RETURN count(a);
MATCH (b)-[a]->(c) RETURN count(a);
OPTIONAL MATCH (), ()-[*0..]->()-[]-({k22:NULL}) WHERE exists(({k6:false})-[ :T2]-()) CREATE p0=(n2{id:36}), (n3{id:37})<-[ :T2{id:38}]-(n4{id:39}) CREATE (n5 :L3{k20:(NULL OR true), id:40})-[ :T2{id:41}]->({id:42})-[r1 :T0{id:43}]->({id:44}), (n6 :L1{id:45})<-[ :T2{k53:NULL, id:46}]-(n7{k7:731599046, id:47}) RETURN DISTINCT [( :L1)-[]-() WHERE NULL|NULL] AS a0;
OPTIONAL MATCH ( ) ,( ) - [ * 0 .. ] - > ( ) - [ ] - ( { k22 : NULL } ) WHERE exists ( ( { k6 : false } ) - [ : T2 ] - ( ) ) CREATE p0 = ( n2 { id : 36 } ) CREATE ( n3 { id : 37 } ) < - [ : T2 { id : 38 } ] - ( n4 { id : 39 } ) CREATE ( n5 : L3 { k20 : ( NULL OR true ) , id : 40 } ) - [ : T2 { id : 41 } ] - > ( { id : 42 } ) - [ r1 : T0 { id : 43 } ] - > ( { id : CASE WHEN TRUE THEN 44 END } ) CREATE (n6: L1 { id : 45 } )CREATE (n6)< - [ : T2 { k53 : NULL , id : 46 } ] - ( n7 { k7 : 731599046 , id : 47 } ) WITH * UNWIND 1 as l0 RETURN DISTINCT [ ( : L1 ) - [ ] - ( ) WHERE NULL | NULL ] AS a0 ;
MATCH (a) RETURN count(a);
MATCH (a) RETURN count(a);
MATCH (b)-[a]->(c) RETURN count(a);
MATCH (b)-[a]->(c) RETURN count(a);
MERGE p0=({k25:'0W', id:48}) MERGE ( :L3{id:49}) CREATE p1=(n0{id:50})-[r0 :T5{id:51}]->(n1{id:52})-[ :T2{id:53}]->({id:54}), (n2 :L3{id:55})-[ :T5{id:56}]->( :L3{id:57}) RETURN -1033779496 AS a0, 1 AS a1;
MERGE p0 = ( { k25 : '0W' , id : 48 } ) MERGE ( : L3 { id : 49 } ) WITH * OPTIONAL MATCH ()-[:TYPE]-() CREATE p1 = ( n0 { id : 50 } ) - [ r0 : T5 { id : CASE WHEN FALSE THEN NULL ELSE 51 END } ] - > ( n1 { id : CASE WHEN TRUE THEN 52 END } ) - [ : T2 { id : 53 } ] - > ( { id : 54 } ) CREATE ( n2 : L3 { id : 55 } ) - [ : T5 { id : 56 } ] - > ( : L3 { id : CASE WHEN TRUE THEN 57 END } ) RETURN -1033779496 AS a0 , 1 AS a1 ;
MATCH (a) RETURN count(a);
MATCH (a) RETURN count(a);
MATCH (b)-[a]->(c) RETURN count(a);
MATCH (b)-[a]->(c) RETURN count(a);
UNWIND [(n0{k12:('W' CONTAINS 'EN')})-[]-() WHERE false|NULL] AS a0 MERGE (n1 :L1{id:58}) CREATE (n2 :L1{id:59}) RETURN a0 AS a1, max((n1.k9)) AS a2 SKIP 1;
UNWIND [ ( n0 { k12 : ( 'W' CONTAINS 'EN' ) } ) - [ ] - ( ) WHERE CASE WHEN FALSE THEN NULL ELSE false END | NULL ] AS a0 MERGE ( n1 : L1 { id : 58 } ) CREATE ( n2 : L1 { id : 59 } ) RETURN a0 AS a1 , max ( CASE WHEN TRUE THEN ( CASE WHEN TRUE THEN n1 . k9 END ) END ) AS a2 SKIP 1 ;
MATCH (a) RETURN count(a);
MATCH (a) RETURN count(a);
MATCH (b)-[a]->(c) RETURN count(a);
MATCH (b)-[a]->(c) RETURN count(a);
MATCH ()-[]->({k19:-1785477728}) UNWIND [-1409458822, NULL] AS a0 CREATE ({id:60})-[r0 :T5{id:61}]->({id:62}) RETURN 1 AS a1, 1 AS a2;
MATCH ( ) - [ ] - > ( { k19 : -1785477728 } ) UNWIND [ CASE WHEN TRUE THEN -1409458822 END , NULL ] AS a0 UNWIND [NULL] as l0 CREATE ( { id : 60 } ) - [ r0 : T5 { id : 61 } ] - > ( { id : 62 } ) RETURN 1 AS a1 , 1 AS a2 ;
