-- Time: 2024/04/11 13:52:59
-- Database: janusgraph_database529
-- Database version: composite
-- seed value: 1712812407053
CREATE (n0 :L2{k17 : 'fR', k16 : '0D7Ck1zNR', id : 0, k13 : false, k15 : '2', k14 : true});
CREATE (n0 :L2{k17 : '4', k16 : 'l9Wt4I', id : 1, k13 : false, k15 : 'SNUXy', k14 : true});
CREATE (n0 :L0{k0 : '9', k1 : false, k2 : -712422392, k3 : -689955255, k4 : false, k5 : 811520842, id : 2, k6 : -100646880});
CREATE (n0 :L1{k11 : 'i', id : 3, k10 : 1575017635, k7 : -2014421770, k8 : 'b', k12 : 'v', k9 : 'P'});
MATCH (n0 {id : 0}), (n1 {id : 3}) MERGE(n0)-[r :T0{k31 : false, k30 : 26589555, k33 : true, id : 4, k32 : 'ySEKO', k36 : 'F'}]->(n1);
MATCH (n0 {id : 2}), (n1 {id : 2}) MERGE(n0)-[r :T4{k60 : '5bIOwP', id : 5, k57 : -165817595, k56 : -66007544, k59 : 'MoiNKf', k58 : -546632645}]->(n1);
MATCH (n0 {id : 3}), (n1 {id : 2}) MERGE(n0)-[r :T2{k42 : 1753825207, k44 : false, id : 6, k43 : 1749911953, k46 : 1486479979, k45 : '9', k48 : false, k47 : -528345439}]->(n1);
MATCH (n0 {id : 0}), (n1 {id : 2}) MERGE(n0)-[r :T2{k42 : 1545883883, k44 : false, id : 7, k43 : 1547061022, k46 : -535408864, k45 : 'Z2H7cEGIX', k48 : true, k47 : -2000637653}]->(n1);
MATCH (n0 {id : 0}), (n1 {id : 1}) MERGE(n0)-[r :T1{k39 : true, k38 : 'r7', k40 : 178580314, k41 : 108026236, id : 8, k37 : 'V'}]->(n1);
MATCH (n0 {id : 3}), (n1 {id : 2}) MERGE(n0)-[r :T0{k31 : false, k30 : -1946806749, k33 : true, id : 9, k32 : 'c3PGhTj', k35 : '4', k36 : '9g'}]->(n1);
WITH * SKIP 0 MERGE (n0 :L0{id:10})-[r0 :T0{k33:true, id:11}]-({k11:'E2', id:12}) MERGE ({k14:false, id:13})-[r1 :T0{k34:'Ll144m', id:14}]-({id:15}) RETURN 1 AS a0 ORDER BY a0 DESC SKIP 0;
WITH * SKIP 0 MERGE pp0=( n0 : L0 { id : 10 } ) - [ r0 : T0 { k33 : true , id : 11 } ] - ( { k11 : 'E2' , id : 12 } ) WITH * OPTIONAL MATCH ()-[:TYPE]-() MERGE ( { k14 : false , id : 13 } ) - [ r1 : T0 { k34 : 'Ll144m' , id : 14 } ] - ( { id : 15 } ) RETURN 1 AS a0 ORDER BY a0 DESC SKIP CASE WHEN TRUE THEN 0 END ;
MATCH (a) RETURN count(a);
MATCH (b)-[a]->(c) RETURN count(a);
MATCH (b)-[a]->(c) RETURN count(a);
OPTIONAL MATCH (n0)-[r0 :T0{k34:'H'}]->({k10:-1119933122})-[ :T0{k35:(r0.k36)}]-(n1) CREATE (n2{k0:(r0.k35), id:16})<-[ :T2{id:17}]-({k17:reverse(elementId(relationships(NULL)[toIntegerOrNull(abs(-1636558823))])), id:18}), ( :L2{id:19}) CREATE (n5 :L2{k13:toBooleanOrNull(NULL), id:20})-[r2 :T0{k34:toStringOrNull(nodes(NULL)[toIntegerOrNull(abs((-435646807/1699164357)))]), id:21}]->({id:22}) RETURN n1 AS a0, 1 AS a1 LIMIT 0;
OPTIONAL MATCH ( n0 ) - [ r0 : T0 { k34 : 'H' } ] - > ( { k10 : -1119933122 } ) - [ : T0 { k35 : CASE WHEN FALSE THEN NULL ELSE ( r0 . k36 ) END } ] - ( n1 ) OPTIONAL MATCH ()-[:TYPE]-() CREATE ( n2 { k0 : ( r0 . k35 ) , id : CASE WHEN FALSE THEN NULL ELSE 16 END } ) < - [ : T2 { id : 17 } ] - ( { k17 : reverse ( elementId ( ([]+relationships ( NULL ) )[ toIntegerOrNull ( abs ( -1636558823 ) ) ] ) ) , id : 18 } ) CREATE ( : L2 { id : 19 } ) CREATE ( n5 : L2 { k13 : toBooleanOrNull ( NULL ) , id : 20 } ) - [ r2 : T0 { k34 : toStringOrNull ( (nodes ( NULL ) +[]) [ toIntegerOrNull ( abs ( ( CASE WHEN FALSE THEN NULL ELSE -435646807 / 1699164357 END ) ) ) ] ) , id : CASE WHEN TRUE THEN 21 END } ] - > ( { id : 22 } ) RETURN n1 AS a0 , 1 AS a1 ORDER BY FALSE DESC LIMIT 0 ;
MATCH (a) RETURN count(a);
MATCH (a) RETURN count(a);
MATCH (b)-[a]->(c) RETURN count(a);
MATCH (b)-[a]->(c) RETURN count(a);
MERGE (n0{id:23})-[r0 :T2{id:24}]-({id:25}) MERGE (n1 :L0{id:26}) SET n0.k=(r0.k48) RETURN r0 AS a0, 1 AS a1;
MERGE ( n0 { id : 23 } ) - [ r0 : T2 { id : 24 } ] - ( { id : 25 } ) MERGE ( n1 : L0 { id : CASE WHEN TRUE THEN 26 END } ) SET n0 . k = CASE WHEN TRUE THEN ( r0 . k48 ) END WITH * RETURN CASE WHEN TRUE THEN r0 END AS a0 , 1 AS a1 ;
MATCH (a) RETURN count(a);
MATCH (a) RETURN count(a);
MATCH (b)-[a]->(c) RETURN count(a);
MATCH (b)-[a]->(c) RETURN count(a);
MERGE p0=(n0 :L0{id:27}) DETACH DELETE n0  MERGE ({k2:1423290497, id:28}) RETURN 1 AS a0;
MERGE p0 = ( n0 : L0 { id : CASE WHEN FALSE THEN NULL ELSE 27 END } ) DETACH DELETE n0 WITH * UNWIND 1 as l0 MERGE pp0=( { k2 : 1423290497 , id : 28 } ) WITH * RETURN 1 AS a0 ;
