-- Time: 2024/04/11 13:43:13
-- Database: janusgraph_database397
-- Database version: composite
-- seed value: 1712812406920
CREATE (n0 :L3{k17 : false, k19 : 'cLoSBM', k18 : true, k20 : 'eIqV', k22 : 260291324, id : 0, k21 : 'F'});
CREATE (n0 :L4{k27 : 'z', k29 : -1175576147, id : 1, k24 : 522635878, k23 : 'i', k26 : 'UAhN', k25 : '5AZHu2Bvu'});
CREATE (n0 :L4{k28 : 834194459, k27 : '7', k29 : -1175576147, id : 2, k23 : 'h', k26 : 'wS', k25 : 'iYkIj4'});
CREATE (n0 {id : 3});
MATCH (n0 {id : 0}), (n1 {id : 1}) MERGE(n0)-[r :T0{k31 : 16938978, k30 : 'dLFNiwyg', k33 : 406514391, id : 4, k32 : false, k35 : 'zCkCDwcJ9', k34 : '12'}]->(n1);
MATCH (n0 {id : 2}), (n1 {id : 1}) MERGE(n0)-[r :T3{k49 : 1713793020, k51 : -1875458278, k50 : false, k53 : -415867762, k52 : true, id : 5, k48 : true}]->(n1);
MATCH (n0 {id : 3}), (n1 {id : 1}) MERGE(n0)-[r :T4{id : 6, k57 : 'b', k59 : false, k58 : false}]->(n1);
WITH * LIMIT 0 UNWIND NULL AS a0 CREATE (n0{k25:('cVhwVdb6'+(NULL+NULL)), id:7})<-[r0 :T0{id:8}]-({id:9}), p0=(n1{id:10})-[r1 :T4{id:11}]->({id:12}) RETURN a0 AS a1, 1 AS a2 LIMIT 0;
WITH * LIMIT 0 UNWIND NULL AS a0 CREATE ( n0 { k25 : ( ('cVhwVdb6' +'') + ( NULL + NULL ) ) , id : 7 } ) < - [ r0 : T0 { id : 8 } ] - ( { id : 9 } ) CREATE p0 = ( n1 { id : CASE WHEN FALSE THEN NULL ELSE 10 END } ) - [ r1 : T4 { id : CASE WHEN TRUE THEN 11 END } ] - > ( { id : CASE WHEN TRUE THEN 12 END } ) WITH * OPTIONAL MATCH ()-[:TYPE]-() RETURN a0 AS a1 , 1 AS a2 LIMIT 0 ;
MATCH (a) RETURN count(a);
MATCH (b)-[a]->(c) RETURN count(a);
MATCH (b)-[a]->(c) RETURN count(a);
MERGE ({id:13})-[ :T4{k55:464307983, id:14}]->( :L4{k24:round(-2101448172), id:15}) CREATE p0=({id:16})-[ :T0{id:17}]->({id:18})<-[r0 :T3{id:19}]-({id:20}) CREATE (n3{id:21}) RETURN 1 AS a2 LIMIT 0;
MERGE ( { id : 13 } ) - [ : T4 { k55 : CASE WHEN TRUE THEN 464307983 END , id : 14 } ] - > ( : L4 { k24 : round ( -2101448172 ) , id : 15 } ) CREATE p0 = ( { id : 16 } ) - [ : T0 { id : 17 } ] - > ( { id : 18 } ) < - [ r0 : T3 { id : 19 } ] - ( { id : 20 } ) WITH * UNWIND [1] as l0 CREATE ( n3 { id : 21 } ) WITH * OPTIONAL MATCH ()-[:TYPE]-() RETURN 1 AS a2 LIMIT 0 ;
MATCH (a) RETURN count(a);
MATCH (a) RETURN count(a);
MATCH (b)-[a]->(c) RETURN count(a);
MATCH (b)-[a]->(c) RETURN count(a);
CREATE p0=(n0{k20:NULL, id:22})-[r0 :T0{id:23}]->( :L4{id:24}) MERGE (n1{id:25}) MERGE (n2{id:26})<-[r1 :T0{k34:('a'+'FP'), id:27}]-(n3{id:28}) RETURN 1 AS a0, n1 AS a1 UNION MERGE ({id:29}) MERGE p0=(n0{id:30})-[r0 :T3{id:31}]-({id:32})-[r1 :T0{id:33}]-( :L3{id:34}) DETACH DELETE n0  RETURN 1 AS a0, 1 AS a1 SKIP 0;
CREATE p0 = ( n0 { k20 : NULL , id : 22 } ) - [ r0 : T0 { id : 23 } ] - > ( : L4 { id : 24 } ) MERGE ( n1 { id : 25 } ) MERGE pp0=( n2 { id : 26 } ) < - [ r1 : T0 { k34 : ( 'a' + 'FP' ) , id : CASE WHEN TRUE THEN 27 END } ] - ( n3 { id : CASE WHEN TRUE THEN 28 END } ) RETURN 1 AS a0 , n1 AS a1 SKIP 1 UNION MERGE ( { id : CASE WHEN FALSE THEN NULL ELSE 29 END } ) WITH * UNWIND [1] as l0 MERGE p0 = ( n0 { id : CASE WHEN TRUE THEN 30 END } ) - [ r0 : T3 { id : 31 } ] - ( { id : CASE WHEN FALSE THEN NULL ELSE 32 END } ) - [ r1 : T0 { id : 33 } ] - ( : L3 { id : 34 } ) WITH * WITH * CALL{WITH *DETACH DELETE n0 } RETURN 1 AS a0 , 1 AS a1 SKIP 0 ;
