-- Time: 2024/04/11 13:17:15
-- Database: janusgraph_database46
-- Database version: composite
-- seed value: 1712812406527
CREATE (n0 :L0{k0 : true, k1 : -78559575, k2 : false, k3 : false, k4 : -528117889, k5 : 'q', id : 0, k6 : 816688386});
CREATE (n0 :L1{k11 : 'k', id : 1, k7 : true, k8 : false, k12 : 'd1M4ub', k9 : 'NmK1'});
CREATE (n0 {id : 2});
CREATE (n0 :L3{k20 : false, id : 3, k21 : true, k25 : 2066183936});
MATCH (n0 {id : 1}), (n1 {id : 1}) MERGE(n0)-[r :T1{k39 : -2137784731, k42 : -1088475770, k41 : false, id : 4, k43 : -1690648514}]->(n1);
MATCH (n0 {id : 2}), (n1 {id : 2}) MERGE(n0)-[r :T3{k51 : 'db', k50 : -139909681, k53 : true, k52 : 1521275657, k55 : 22612890, id : 5, k54 : 850296462}]->(n1);
MATCH (n0 {id : 2}), (n1 {id : 3}) MERGE(n0)-[r :T0{k33 : 1881737039, id : 6, k32 : 366484534, k35 : 'eF', k34 : '6aocSf', k37 : -1644130458, k36 : 'Fpz'}]->(n1);
MATCH (n0 {id : 1}), (n1 {id : 2}) MERGE(n0)-[r :T0{k38 : -1504543642, k33 : -886467859, id : 7, k32 : -1300697579, k35 : '2Mf07', k34 : 'o', k37 : 318344202, k36 : '6'}]->(n1);
MATCH (n0 {id : 2}), (n1 {id : 0}) MERGE(n0)-[r :T2{k44 : true, id : 8, k46 : false, k45 : 484450286, k48 : false, k47 : -14944744}]->(n1);
MATCH (n0 {id : 3}), (n1 {id : 3}) MERGE(n0)-[r :T1{k39 : -2137784731, k40 : true, id : 9, k43 : -1690648514}]->(n1);
MATCH (n0 {id : 1}), (n1 {id : 3}) MERGE(n0)-[r :T2{k49 : true, k44 : true, id : 10, k46 : false, k48 : true}]->(n1);
WITH (toStringList([[], []])[toIntegerOrNull(abs(NULL))] > false) AS a0 WHERE true MATCH (n3)-[*0..]->(n4), (n5)-[]-(n4) WHERE a0 MERGE ({id:11}) RETURN NULL AS a1, 1 AS a2 UNION MERGE ({id:12})-[r0 :T3{id:13}]->(n0{id:14}) REMOVE n0.k2 MERGE p0=(n1{k2:('jZ' CONTAINS 'OfKK6x4w'), id:15})-[r1 :T2{id:16}]-({id:17}) RETURN 1 AS a1, 1 AS a2 LIMIT 0;
WITH ( CASE WHEN TRUE THEN toStringList ( [ [ ] , [ ] ] ) [ toIntegerOrNull ( abs ( NULL ) ) ] > false END ) AS a0 WHERE true MATCH (n3)-[*0..]->(n4),(n5),()<-[m0]-(),(n4) WHERE exists((n5)-[m0]-(n4)) AND (a0 )MERGE ( { id : 11 } ) RETURN DISTINCT NULL AS a1 , 1 AS a2 UNION MERGE ( { id : 12 } ) - [ r0 : T3 { id : 13 } ] - > ( n0 { id : 14 } ) WITH * CALL{WITH *REMOVE n0 . k2 } WITH * MERGE p0 = ( n1 { k2 : ( (''+'jZ' )CONTAINS 'OfKK6x4w' ) , id : 15 } ) - [ r1 : T2 { id : 16 } ] - ( { id : 17 } ) RETURN 1 AS a1 , 1 AS a2 LIMIT 0 ;
MATCH (a) RETURN count(a);
MATCH (b)-[a]->(c) RETURN count(a);
MATCH (b)-[a]->(c) RETURN count(a);
UNWIND nodes(NULL) AS a0 CREATE (n0{id:18}), p0=(n1{id:19})-[ :T3{k53:true, id:20}]->({id:21}) MERGE ({id:22})-[r0 :T3{id:23}]->({id:24}) RETURN r0 AS a1, (toStringList(NULL)[toIntegerOrNull(abs(toIntegerList([])[toIntegerOrNull(abs(-22205797))]))] CONTAINS reverse('L')) AS a2;
UNWIND nodes ( NULL ) AS a0 CREATE ( n0 { id : 18 } ) CREATE p0 = ( n1 { id : 19 } ) - [ : T3 { k53 : true , id : 20 } ] - > ( { id : 21 } ) MERGE ( { id : 22 } ) - [ r0 : T3 { id : CASE WHEN TRUE THEN 23 END } ] - > ( { id : 24 } ) RETURN r0 AS a1 , ( CASE WHEN FALSE THEN NULL ELSE toStringList ( NULL ) [ toIntegerOrNull ( abs ( toIntegerList ( [ ] ) [ toIntegerOrNull ( CASE WHEN FALSE THEN NULL ELSE abs ( -22205797 ) END ) ] ) ) ] CONTAINS reverse ( 'L' ) END ) AS a2 ;
MATCH (a) RETURN count(a);
MATCH (a) RETURN count(a);
MATCH (b)-[a]->(c) RETURN count(a);
MATCH (b)-[a]->(c) RETURN count(a);
OPTIONAL MATCH (n0)-[]->(), ()-[ :T1{k43:1550872417}]-( :L1) REMOVE n0.k2 DETACH DELETE n0  RETURN 1 AS a0 UNION ALL MERGE p0=({id:25})-[r0 :T1{id:26}]->(n0 :L1{id:27}) CREATE ({id:28})<-[r1 :T1{id:29}]-(n1 :L0{id:30}), ({id:31})<-[ :T1{k42:toIntegerList([NULL, NULL])[toIntegerOrNull(abs(-649696178))], id:32}]-(n2{id:33}) MERGE ( :L3{k23:true, id:34})<-[r2 :T0{id:35}]-({id:36}) RETURN n0 AS a0 SKIP 0 LIMIT 0;
OPTIONAL MATCH (n0)-[*0..0]-( n0 ) - [ ] - > ( ) ,( ) - [ : T1 { k43 : 1550872417 } ] - ( : L1 ) UNWIND [1] as l0 REMOVE n0 . k2 DETACH DELETE n0 RETURN 1 AS a0 ORDER BY 1 UNION ALL MERGE p0 = ( { id : 25 } ) - [ r0 : T1 { id : 26 } ] - > ( n0 : L1 { id : 27 } ) CREATE ( { id : 28 } ) < - [ r1 : T1 { id : 29 } ] - ( n1 : L0 { id : 30 } ) CREATE (n2{id:33})-[ : T1 { k42 : toIntegerList ( [ NULL , NULL ] ) [ toIntegerOrNull ( abs ( -649696178 ) ) ] , id : CASE WHEN TRUE THEN 32 END } ] ->( { id : 31 } ) MERGE ( : L3 { k23 : true , id : 34 } ) < - [ r2 : T0 { id : 35 } ] - ( { id : 36 } ) WITH * RETURN n0 AS a0 SKIP 0 LIMIT 0 ;
MATCH (a) RETURN count(a);
MATCH (a) RETURN count(a);
MATCH (b)-[a]->(c) RETURN count(a);
MATCH (b)-[a]->(c) RETURN count(a);
CREATE (n0{id:37})-[r0 :T3{id:38}]->({id:39})-[r1 :T0{id:40}]->({id:41}), ({id:42})-[ :T2{k48:NULL, id:43}]->({id:44})-[r2 :T1{id:45}]->({id:46}) CREATE ({id:47})<-[r3 :T2{id:48}]-(n1{id:49}) CREATE p0=( :L1{id:50})-[ :T1{id:51}]->(n2 :L1{id:52}) RETURN DISTINCT 1 AS a0, 1 AS a1;
CREATE ( n0 { id : 37 } ) - [ r0 : T3 { id : CASE WHEN FALSE THEN NULL ELSE 38 END } ] - > ( { id : CASE WHEN TRUE THEN 39 END } ) - [ r1 : T0 { id : 40 } ] - > ( { id : CASE WHEN FALSE THEN NULL ELSE 41 END } ) CREATE ({id:46})<-[ r2 : T1 { id : 45 } ] -({id:44})<-[ : T2 { k48 : NULL , id : 43 } ] -( { id : 42 } ) CREATE ( { id : 47 } ) < - [ r3 : T2 { id : 48 } ] - ( n1 { id : 49 } ) WITH * OPTIONAL MATCH ()-[:TYPE]-() CREATE p0=(n2 :L1{id:52})<-[ : T1 { id : 51 } ] -( : L1 { id : 50 } ) WITH * OPTIONAL MATCH ()-[:TYPE]-() RETURN DISTINCT CASE WHEN TRUE THEN 1 END AS a0 , 1 AS a1 ;
