-- Time: 2024/04/11 13:28:12
-- Database: janusgraph_database194
-- Database version: composite
-- seed value: 1712812406717
CREATE (n0 :L0{k0 : 'U', k1 : true, k2 : 1523524364, k3 : 471144878, k4 : -1770151401, k5 : '9', id : 0});
CREATE (n0 {id : 1});
CREATE (n0 :L2{k16 : 1491437032, id : 2, k13 : 'V', k12 : 'VwQ4', k14 : true});
CREATE (n0 :L1{k11 : false, id : 3, k6 : 'VTveOc6m6', k10 : -628252072, k7 : false, k8 : 'zWeerW3', k9 : 'M'});
MATCH (n0 {id : 3}), (n1 {id : 0}) MERGE(n0)-[r :T0{k39 : -961909276, k38 : 'o8qGDY9', id : 4, k35 : 1966637624, k37 : 'M3F', k36 : false}]->(n1);
MATCH (n0 {id : 2}), (n1 {id : 1}) MERGE(n0)-[r :T5{k64 : false, k63 : 'GR0Bwr8', k66 : 'XU', id : 5, k65 : '74Y', k67 : 'kmFmCqG'}]->(n1);
MATCH (n0 {id : 3}), (n1 {id : 1}) MERGE(n0)-[r :T5{k64 : true, k63 : '9SdKKXcE', k66 : 'wT', id : 6, k65 : '9', k67 : '8'}]->(n1);
MATCH (n0 {id : 0}), (n1 {id : 2}) MERGE(n0)-[r :T0{k39 : 815344140, k38 : 'N8K', id : 7, k37 : 'A1cMI', k36 : true}]->(n1);
CREATE (n0{id:8})<-[ :T5{id:9}]-(n1{k9:toStringOrNull(properties(NULL)), id:10})-[ :T0{id:11}]->(n2 :L0{k1:true, id:12}) MERGE ({id:13})-[r0 :T5{id:14}]-({id:15})-[r1 :T0{k36:(1436058738 <= -1177855436), id:16}]->(n3{id:17}) MERGE ({id:18})-[ :T5{k65:'HMe3', id:19}]-(n4{id:20})<-[r2 :T5{id:21}]-(n5{k12:'44sOy', id:22}) RETURN DISTINCT n4 AS a0, true AS a1;
CREATE ( n0 { id : 8 } ) < - [ : T5 { id : 9 } ] - ( n1 { k9 : toStringOrNull ( properties ( NULL ) ) , id : 10 } ) - [ : T0 { id : 11 } ] - > ( n2 : L0 { k1 : true , id : 12 } ) WITH * MERGE pp0=( { id : 13 } ) - [ r0 : T5 { id : 14 } ] - ( { id : 15 } ) - [ r1 : T0 { k36 : ( 1436058738 <= -1177855436 ) , id : 16 } ] - > ( n3 { id : 17 } ) WITH * MERGE ( { id : 18 } ) - [ : T5 { k65 : (''+'HMe3' ), id : 19 } ] - ( n4 { id : 20 } ) < - [ r2 : T5 { id : 21 } ] - ( n5 { k12 : '44sOy' , id : 22 } ) RETURN DISTINCT n4 AS a0 , true AS a1 ;
MATCH (a) RETURN count(a);
MATCH (b)-[a]->(c) RETURN count(a);
MATCH (b)-[a]->(c) RETURN count(a);
MERGE ({id:23})<-[r0 :T5{k64:true, id:24}]-( :L2{id:25}) MERGE ( :L2{id:26})-[r1 :T0{k37:'E', id:27}]-(n0 :L0{id:28})-[r2 :T0{id:29}]-({id:30}) CREATE p0=(n1{id:31}) RETURN *, 909997767 AS a0;
MERGE ( { id : 23 } ) < - [ r0 : T5 { k64 : true , id : 24 } ] - ( : L2 { id : 25 } ) MERGE ( : L2 { id : 26 } ) - [ r1 : T0 { k37 : 'E' , id : 27 } ] - ( n0 : L0 { id : 28 } ) - [ r2 : T0 { id : 29 } ] - ( { id : 30 } ) CREATE p0 = ( n1 { id : 31 } ) WITH * OPTIONAL MATCH ()-[:TYPE]-() RETURN * , 909997767 AS a0 SKIP 1 ;
MATCH (a) RETURN count(a);
MATCH (a) RETURN count(a);
MATCH (b)-[a]->(c) RETURN count(a);
MATCH (b)-[a]->(c) RETURN count(a);
CREATE ({id:32})<-[r0 :T5{k65:'f', id:33}]-( :L2{id:34})<-[ :T0{k38:'R', id:35}]-( :L0{id:36}), (n0 :L2{id:37})<-[ :T0{k35:NULL, id:38}]-({id:39})<-[ :T0{k37:'HCi9Gpc', id:40}]-({id:41}) CREATE p0=(n1{id:42})<-[r1 :T5{id:43}]-(n2{id:44}), (n3{id:45})<-[ :T5{k64:isEmpty(reverse('pbt')), id:46}]-(n6{id:47}) MERGE (n7{id:48}) RETURN 1 AS a0 SKIP 1 LIMIT 0;
CREATE ( { id : 32 } ) < - [ r0 : T5 { k65 : 'f' , id : 33 } ] - ( : L2 { id : 34 } ) < - [ : T0 { k38 : 'R' , id : 35 } ] - ( : L0 { id : 36 } ) CREATE ( n0 : L2 { id : 37 } ) < - [ : T0 { k35 : NULL , id : CASE WHEN TRUE THEN 38 END } ] - ( { id : CASE WHEN FALSE THEN NULL ELSE 39 END } ) < - [ : T0 { k37 : 'HCi9Gpc' , id : 40 } ] - ( { id : 41 } ) WITH * CREATE p0 = ( n1 { id : 42 } ) < - [ r1 : T5 { id : 43 } ] - ( n2 { id : CASE WHEN FALSE THEN NULL ELSE 44 END } ) CREATE (n3{ id : 45 } )CREATE (n3)< - [ : T5 { k64 : isEmpty ( CASE WHEN FALSE THEN NULL ELSE reverse ( 'pbt' ) END ) , id : 46 } ] - ( n6 { id : 47 } ) MERGE ( n7 { id : 48 } ) RETURN DISTINCT 1 AS a0 SKIP 1 LIMIT 0 ;
MATCH (a) RETURN count(a);
MATCH (a) RETURN count(a);
MATCH (b)-[a]->(c) RETURN count(a);
MATCH (b)-[a]->(c) RETURN count(a);
OPTIONAL MATCH (n0 :L1), p0=()<-[r0]-(n1{k1:(n0.k11)}) DETACH DELETE n0  REMOVE n1.k2 RETURN r0 AS a0, n1 AS a1 ORDER BY [(toStringList([])[toIntegerOrNull(abs(1877096788))] CONTAINS 'f'), ('Y' >= '5c4i')];
OPTIONAL MATCH ( n0 : L1 ) ,p0 = ( ) < - [ r0 ] - ( n1 { k1 : ( n0 . k11 ) } ) OPTIONAL MATCH ()-[:TYPE]-() DETACH DELETE n0 REMOVE n1 . k2 RETURN r0 AS a0 , n1 AS a1 ORDER BY [(toStringList([])[toIntegerOrNull(abs(1877096788))] CONTAINS 'f'), ('Y' >= '5c4i')] ,1 SKIP 1 ;
MATCH (a) RETURN count(a);
MATCH (a) RETURN count(a);
MATCH (b)-[a]->(c) RETURN count(a);
MATCH (b)-[a]->(c) RETURN count(a);
CREATE (n0{id:49})-[ :T5{id:50}]->(n1{id:51}), (n2{id:52}) CREATE p0=(n3{id:53})<-[r0 :T5{id:54}]-(n4{id:55}) MERGE p1=({id:56})-[r1 :T5{id:57}]-({k13:'XmE', id:58}) RETURN r1 AS a0, 1 AS a1;
CREATE (n0{ id : 49 } )CREATE (n0)- [ : T5 { id : 50 } ] - > ( n1 { id : CASE WHEN FALSE THEN NULL ELSE 51 END } ) CREATE ( n2 { id : 52 } ) CREATE p0 = ( n3 { id : 53 } ) < - [ r0 : T5 { id : 54 } ] - ( n4 { id : 55 } ) MERGE p1 = ( { id : 56 } ) - [ r1 : T5 { id : 57 } ] - ( { k13 : 'XmE' , id : 58 } ) WITH * UNWIND 1 as l0 RETURN r1 AS a0 , 1 AS a1 ;
