-- Time: 2024/04/11 13:13:52
-- Database: janusgraph_database5
-- Database version: composite
-- seed value: 1712812406486
CREATE (n0 :L4{k28 : -1266269308, k27 : -1360191964, k29 : false, id : 0, k24 : 762234194, k26 : true, k25 : 'E'});
CREATE (n0 :L3{k19 : false, k20 : false, k22 : -1799692820, id : 1, k21 : 695976459, k23 : '1'});
CREATE (n0 {id : 2});
CREATE (n0 :L4{k28 : -1348160164, k27 : 698918624, k29 : true, id : 3, k24 : -1065379517});
MATCH (n0 {id : 3}), (n1 {id : 2}) MERGE(n0)-[r :T0{k31 : -1890587207, k30 : '86A', k33 : -1976853839, id : 4, k32 : false, k34 : 'U'}]->(n1);
MATCH (n0 {id : 3}), (n1 {id : 1}) MERGE(n0)-[r :T0{k31 : -1118686377, k30 : 'nA', id : 5, k32 : false, k34 : 'k'}]->(n1);
MATCH (n0 {id : 1}), (n1 {id : 0}) MERGE(n0)-[r :T1{k39 : false, k40 : 'YE', k41 : 'RA3WssAi', id : 6, k35 : -34059441, k37 : -444189734}]->(n1);
MATCH (n0 {id : 3}), (n1 {id : 1}) MERGE(n0)-[r :T0{k31 : -867292328, k30 : 'v', k33 : 1092340793, id : 7, k32 : true, k34 : '8'}]->(n1);
WITH NULL AS a0 MERGE ({id:8})-[r0 :T0{id:9}]->(n0 :L3{id:10}) DETACH DELETE n0  RETURN 1 AS a1 ORDER BY reverse('z');
WITH NULL AS a0 WHERE TRUE MERGE ( { id : 8 } ) - [ r0 : T0 { id : 9 } ] - > ( n0 : L3 { id : CASE WHEN TRUE THEN 10 END } ) DETACH DELETE n0 WITH * UNWIND [1] as l0 RETURN CASE WHEN TRUE THEN 1 END AS a1 ORDER BY reverse('z') ;
MATCH (a) RETURN count(a);
MATCH (b)-[a]->(c) RETURN count(a);
MATCH (b)-[a]->(c) RETURN count(a);
MERGE (n0{k28:round(round(1292176440)), id:11})-[r0 :T0{id:12}]-({id:13}) CREATE p0=(n1 :L3{id:14}) MERGE (n2{id:15})<-[r1 :T0{id:16}]-(n3{id:17}) RETURN (r0.k32) AS a0;
MERGE ( n0 { k28 : round ( round ( 1292176440 ) ) , id : 11 } ) - [ r0 : T0 { id : CASE WHEN FALSE THEN NULL ELSE 12 END } ] - ( { id : 13 } ) WITH * UNWIND 1 as l0 CREATE p0 = ( n1 : L3 { id : CASE WHEN FALSE THEN NULL ELSE 14 END } ) WITH * MERGE ( n2 { id : 15 } ) < - [ r1 : T0 { id : 16 } ] - ( n3 { id : 17 } ) RETURN ( r0 . k32 ) AS a0 ;
MATCH (a) RETURN count(a);
MATCH (a) RETURN count(a);
MATCH (b)-[a]->(c) RETURN count(a);
MATCH (b)-[a]->(c) RETURN count(a);
MERGE (n0{id:18}) DETACH DELETE n0  CREATE ({id:19}) RETURN DISTINCT 1 AS a0;
MERGE ( n0 { id : 18 } ) FOREACH(f in [1]|DETACH DELETE n0 ) WITH * OPTIONAL MATCH ()-[:TYPE]-() CREATE ( { id : 19 } ) RETURN DISTINCT 1 AS a0 ;
