-- Time: 2024/04/11 13:59:43
-- Database: janusgraph_database620
-- Database version: composite
-- seed value: 1712812407144
CREATE (n0 :L4{k22 : -704613743, id : 0, k24 : -32838268, k23 : 'z64C9c7', k26 : 'C', k25 : false});
CREATE (n0 :L3{k17 : 'HPk', k16 : 'xj', k19 : true, k18 : 'i', k20 : true, id : 1, k21 : false});
CREATE (n0 :L5{k28 : 'NOhfH', k27 : false, k31 : 1046079350, k30 : 1907112601, k33 : 496068427, id : 2, k32 : -1523603994});
CREATE (n0 :L1{k5 : false, id : 3, k6 : 825225613, k7 : false, k8 : -2033711660, k9 : -1963484720});
MATCH (n0 {id : 3}), (n1 {id : 1}) MERGE(n0)-[r :T5{k73 : '8I6OBu', k75 : 'efZ88MV9f', k74 : true, k77 : 'JU', id : 4, k79 : false, k78 : 'H'}]->(n1);
MATCH (n0 {id : 2}), (n1 {id : 0}) MERGE(n0)-[r :T2{k53 : 14702566, id : 5, k54 : -1817638471, k57 : 290939317, k56 : 643491386, k59 : 931429436, k58 : true}]->(n1);
MATCH (n0 {id : 1}), (n1 {id : 1}) MERGE(n0)-[r :T2{k53 : -1736042604, id : 6, k54 : -1250937508, k57 : 1277114360, k56 : -2008851048, k59 : -1719201378, k58 : false}]->(n1);
MATCH (n0 {id : 3}), (n1 {id : 3}) MERGE(n0)-[r :T4{k71 : 'iYpeCPcHp', k70 : false, k72 : true, id : 7, k68 : -978091077, k67 : 'IV', k69 : false}]->(n1);
MATCH (n0 {id : 2}), (n1 {id : 2}) MERGE(n0)-[r :T2{k53 : 217223136, id : 8, k54 : 1961877265, k57 : 1579780618, k56 : -911630785, k59 : -1982092175, k58 : true}]->(n1);
OPTIONAL MATCH (n3)-[]-()-[r2 :T2{k59:-1622553569}]->(n4{k22:length(NULL)}), (n1)-[r0]->(n2)<-[*..2]-({k21:exists((n2)<-[]-( :L1)-[ :T4{k68:(r2.k53)}]->(n1 :L1))}) DETACH DELETE n1  CREATE ( :L5{id:9})-[ :T2{id:10}]->({id:11}) RETURN -1458993204 AS a1;
OPTIONAL MATCH (n3)-[*0..0]-( n3 ) - [ ] - ( ) - [ r2 : T2 { k59 : -1622553569 } ] - > ( n4 { k22 : length ( NULL ) } ) ,(n1)-[*0..0]-( n1 ) - [ r0 ] - > ( n2 ) < - [ * .. 2 ] - ( { k21 : exists ( ( n2 ) < - [ ] - ( : L1 ) - [ : T4 { k68 : ( r2 . k53 ) } ] - > ( n1 : L1 ) ) } ) DETACH DELETE n1 CREATE ( : L5 { id : 9 } ) - [ : T2 { id : 10 } ] - > ( { id : 11 } ) WITH * UNWIND [NULL] as l0 RETURN -1458993204 AS a1 ;
MATCH (a) RETURN count(a);
MATCH (b)-[a]->(c) RETURN count(a);
MATCH (b)-[a]->(c) RETURN count(a);
UNWIND [(n0)-[ :T5{k79:CASE WHEN true THEN NULL END}]-(n1) WHERE NULL|n1] AS a0 OPTIONAL MATCH (n2)-[r0]-(), ()<-[]-()-[r1 :T2{k57:596273814}]->(n0) WHERE (r1.k58) MERGE (n3{k20:(false OR ((true OR false) > n0)), id:12})-[r2 :T2{k53:696722092, id:13}]-(n4 :L3{id:14})-[r3 :T5{id:15}]-(n5{id:16}) RETURN r3 AS a1 ORDER BY [NULL, NULL], a1 DESC LIMIT 1 UNION ALL WITH NULL AS a2 LIMIT 1 WHERE ((NULL+'BQeYU') >= 'A') MATCH () CREATE (n0{k19:NULL, id:17})-[r0 :T2{k58:NULL, id:18}]->(n1 :L3{id:19})<-[r1 :T5{id:20}]-(n2{id:21}), ({id:22}) RETURN DISTINCT 1 AS a1 SKIP 1;
UNWIND [ ( n0 ) - [ : T5 { k79 : CASE WHEN true THEN NULL END } ] - ( n1 ) WHERE NULL | n1 ] AS a0 WITH * OPTIONAL MATCH ( n2 ) - [ r0 ] - ( ) ,( ) < - [ ] - ( ) - [ r1 : T2 { k57 : 596273814 } ] - > ( n0 ) WHERE ( r1 . k58 ) MERGE ( n3 { k20 : ( false OR ( ( true OR false ) > n0 ) ) , id : 12 } ) - [ r2 : T2 { k53 : 696722092 , id : 13 } ] - ( n4 : L3 { id : 14 } ) - [ r3 : T5 { id : 15 } ] - ( n5 { id : 16 } ) WITH * RETURN r3 AS a1 ORDER BY [NULL, NULL], a1 DESC LIMIT 1 UNION ALL WITH NULL AS a2 LIMIT 1 WHERE ( ( NULL + 'BQeYU' ) >= 'A' ) UNWIND [NULL] as l0 MATCH ( ) WITH * CREATE ( n0 { k19 : NULL , id : CASE WHEN TRUE THEN 17 END } ) - [ r0 : T2 { k58 : NULL , id : 18 } ] - > ( n1 : L3 { id : CASE WHEN FALSE THEN NULL ELSE 19 END } ) < - [ r1 : T5 { id : 20 } ] - ( n2 { id : 21 } ) CREATE ( { id : 22 } ) WITH * RETURN DISTINCT 1 AS a1 ORDER BY TRUE SKIP 1 ;
MATCH (a) RETURN count(a);
MATCH (a) RETURN count(a);
MATCH (b)-[a]->(c) RETURN count(a);
MATCH (b)-[a]->(c) RETURN count(a);
CREATE ({k16:'N', id:23})<-[ :T5{k75:('PB7'+'gNqKywP'), id:24}]-({k7:NULL, id:25})-[r0 :T4{id:26}]->({id:27}) MERGE ({id:28})<-[r1 :T2{id:29}]-(n0{id:30})-[r2 :T2{id:31}]-(n1{id:32}) DETACH DELETE n1  RETURN [NULL] AS a0;
CREATE (m0{ k16 : 'N' , id : 23 } )CREATE (m0)< - [ : T5 { k75 : ( 'PB7' + 'gNqKywP' ) , id : 24 } ] - ( { k7 : NULL , id : 25 } ) - [ r0 : T4 { id : 26 } ] - > ( { id : 27 } ) WITH * MERGE ( { id : 28 } ) < - [ r1 : T2 { id : 29 } ] - ( n0 { id : 30 } ) - [ r2 : T2 { id : 31 } ] - ( n1 { id : 32 } ) DETACH DELETE n1 RETURN ([ CASE WHEN TRUE THEN NULL END ] +[]) AS a0 ;
MATCH (a) RETURN count(a);
MATCH (a) RETURN count(a);
MATCH (b)-[a]->(c) RETURN count(a);
MATCH (b)-[a]->(c) RETURN count(a);
OPTIONAL MATCH (n0{k28:NULL}) REMOVE n0.k2 SET n0.k=NULL RETURN n0 AS a0;
OPTIONAL MATCH ( n0 { k28 : NULL } ) WHERE TRUE WITH * WITH * CALL{WITH *REMOVE n0 . k2 } SET n0 . k = NULL RETURN n0 AS a0 LIMIT 1 ;
MATCH (a) RETURN count(a);
MATCH (a) RETURN count(a);
MATCH (b)-[a]->(c) RETURN count(a);
MATCH (b)-[a]->(c) RETURN count(a);
MATCH (n0)-[r0 :T2{k53:NULL}]-()-[r1 :T5{k78:type(relationships(NULL)[toIntegerOrNull(abs((r0.k57)))])}]-( :L1), (n0) UNWIND NULL AS a0 CREATE ({id:33})-[r2 :T2{id:34}]->({id:35})<-[ :T5{k76:(r1.k74), id:36}]-({id:37}) RETURN n0 AS a1, 1 AS a2;
MATCH ( n0 ) - [ r0 : T2 { k53 : NULL } ] - ( ) - [ r1 : T5 { k78 : type ( relationships ( CASE WHEN TRUE THEN NULL END ) [ toIntegerOrNull ( abs ( ( r0 . k57 ) ) ) ] ) } ] - ( : L1 ) ,( n0 ) WITH * UNWIND CASE WHEN FALSE THEN NULL ELSE NULL END AS a0 CREATE ( { id : CASE WHEN TRUE THEN 33 END } ) - [ r2 : T2 { id : CASE WHEN TRUE THEN 34 END } ] - > ( { id : 35 } ) < - [ : T5 { k76 : ( r1 . k74 ) , id : 36 } ] - ( { id : 37 } ) WITH * RETURN DISTINCT n0 AS a1 , CASE WHEN TRUE THEN 1 END AS a2 ;
MATCH (a) RETURN count(a);
MATCH (a) RETURN count(a);
MATCH (b)-[a]->(c) RETURN count(a);
MATCH (b)-[a]->(c) RETURN count(a);
MERGE p0=( :L1{k6:-755877790, id:38})-[r0 :T4{id:39}]->(n0{k9:2063012777, id:40}) CREATE (n1{id:41})<-[ :T5{id:42}]-(n2{k6:(r0.k68), id:43}) DETACH DELETE p0  RETURN 1 AS a0, 1 AS a1;
MERGE p0 = ( : L1 { k6 : -755877790 , id : 38 } ) - [ r0 : T4 { id : 39 } ] - > ( n0 { k9 : 2063012777 , id : 40 } ) CREATE ( n1 { id : 41 } ) < - [ : T5 { id : 42 } ] - ( n2 { k6 : ( CASE WHEN FALSE THEN NULL ELSE r0 . k68 END ) , id : 43 } ) WITH * OPTIONAL MATCH ()-[:TYPE]-() DETACH DELETE p0 RETURN 1 AS a0 , 1 AS a1 LIMIT 1 ;
