-- Time: 2024/04/11 13:29:54
-- Database: janusgraph_database217
-- Database version: composite
-- seed value: 1712812406740
CREATE (n0 :L2{k17 : false, k16 : 1854592963, k18 : 1778289312, id : 0, k13 : true, k14 : -759090766});
CREATE (n0 :L3{k19 : 't', k20 : -1979631332, k22 : false, id : 1, k21 : 1459748920, k24 : 'S', k23 : false});
CREATE (n0 :L3{k19 : '5', k20 : -1052555369, id : 2, k21 : -1079276064, k24 : 'T5H', k23 : true});
CREATE (n0 :L2{k17 : true, k16 : 1212079255, k18 : 2120368549, id : 3, k13 : true, k15 : false, k14 : -1170356434});
MATCH (n0 {id : 1}), (n1 {id : 2}) MERGE(n0)-[r :T4{k53 : true, k55 : 201103229, id : 4, k54 : 1255008330, k57 : 'Za2J91Hr', k56 : -929591105, k58 : '7y'}]->(n1);
MATCH (n0 {id : 0}), (n1 {id : 3}) MERGE(n0)-[r :T3{k49 : false, k51 : 725785688, k50 : true, k52 : '0', id : 5, k48 : 'x'}]->(n1);
MATCH (n0 {id : 1}), (n1 {id : 2}) MERGE(n0)-[r :T3{k49 : false, k51 : -36380394, k50 : false, k52 : 'o', id : 6, k48 : 'm'}]->(n1);
MATCH (n0 {id : 2}), (n1 {id : 1}) MERGE(n0)-[r :T2{id : 7, k43 : true, k46 : false, k45 : true, k47 : 810344946}]->(n1);
MATCH (n0 {id : 3}), (n1 {id : 0}) MERGE(n0)-[r :T3{k49 : false, k51 : -1883641844, k50 : false, k52 : '1', id : 8, k48 : '8Lg'}]->(n1);
MATCH (n0{k15:false})<-[]-(n1{k13:NULL}), (n2) SET n2.k=NULL SET n2.k=false RETURN n0 AS a0, 1 AS a1 LIMIT 1;
MATCH ( n0 { k15 : false } ) < - [ ] - ( n1 { k13 : NULL } ) ,( n2 ) WITH * WITH * CALL{WITH *SET n2 . k = NULL } SET n2 . k = false RETURN n0 AS a0 , 1 AS a1 ORDER BY FALSE SKIP 1 LIMIT 1 ;
MATCH (a) RETURN count(a);
MATCH (b)-[a]->(c) RETURN count(a);
MATCH (b)-[a]->(c) RETURN count(a);
MERGE ( :L2{id:9})<-[r0 :T3{k49:true, id:10}]-({k13:(true OR false), id:11})-[r1 :T3{id:12}]-({k13:false, id:13}) MERGE (n0{k18:-1656762104, id:14})-[ :T3{id:15}]->(n1 :L2{id:16}) SET n1.k=true RETURN DISTINCT (n1.k14) AS a0;
MERGE ( : L2 { id : CASE WHEN TRUE THEN 9 END } ) < - [ r0 : T3 { k49 : true , id : CASE WHEN TRUE THEN 10 END } ] - ( { k13 : ( true OR false ) , id : CASE WHEN FALSE THEN NULL ELSE 11 END } ) - [ r1 : T3 { id : 12 } ] - ( { k13 : false , id : 13 } ) WITH * OPTIONAL MATCH ()-[:TYPE]-() MERGE ( n0 { k18 : CASE WHEN TRUE THEN -1656762104 END , id : CASE WHEN TRUE THEN 14 END } ) - [ : T3 { id : 15 } ] - > ( n1 : L2 { id : 16 } ) SET n1 . k = CASE WHEN TRUE THEN true END WITH * RETURN DISTINCT ( n1 . k14 ) AS a0 ;
MATCH (a) RETURN count(a);
MATCH (a) RETURN count(a);
MATCH (b)-[a]->(c) RETURN count(a);
MATCH (b)-[a]->(c) RETURN count(a);
CREATE ({k21:-1862267409, id:17}) CREATE (n0{k24:NULL, id:18})<-[r0 :T3{id:19}]-(n1{k24:toStringList(NULL)[toIntegerOrNull(abs(381623549))], id:20}), (n2{id:21})<-[r1 :T3{id:22}]-( :L3{id:23}) CREATE ({id:24}), p0=({id:25})-[r2 :T4{k56:1296812063, id:26}]->(n3{id:27}) RETURN -267635372 AS a0;
CREATE ( { k21 : -1862267409 , id : 17 } ) CREATE ( n0 { k24 : NULL , id : 18 } ) < - [ r0 : T3 { id : 19 } ] - ( n1 { k24 : toStringList ( CASE WHEN FALSE THEN NULL ELSE NULL END ) [ toIntegerOrNull ( CASE WHEN FALSE THEN NULL ELSE abs ( 381623549 ) END ) ] , id : 20 } ) CREATE ( n2 { id : 21 } ) < - [ r1 : T3 { id : CASE WHEN TRUE THEN 22 END } ] - ( : L3 { id : 23 } ) CREATE ( { id : 24 } ) CREATE p0 = ( { id : 25 } ) - [ r2 : T4 { k56 : 1296812063 , id : 26 } ] - > ( n3 { id : 27 } ) RETURN -267635372 AS a0 ;
MATCH (a) RETURN count(a);
MATCH (a) RETURN count(a);
MATCH (b)-[a]->(c) RETURN count(a);
MATCH (b)-[a]->(c) RETURN count(a);
MATCH (n0{k24:NULL})<-[]-()-[r0]->(n1), p0=(n2) WHERE false SET n2.k=-1256726080 CREATE ({id:28}) RETURN *;
MATCH ( n0 { k24 : NULL } ) < - [ ] - ( ) - [ r0 ] - > ( n1 ) ,p0 = ( n2 ) WHERE false SET n2 . k = -1256726080 WITH * OPTIONAL MATCH ()-[:TYPE]-() CREATE ( { id : 28 } ) WITH * RETURN * ;
