-- Time: 2024/04/11 13:37:00
-- Database: janusgraph_database313
-- Database version: composite
-- seed value: 1712812406836
CREATE (n0 :L5{k28 : -1062538713, k29 : 'aqH', k30 : 1865902682, k33 : 1668876838, id : 0, k32 : false});
CREATE (n0 :L4{k27 : -875379238, k22 : false, id : 1, k24 : -1247160849, k23 : 'gY', k26 : 970976339, k25 : false});
CREATE (n0 :L4{k27 : 923895103, k22 : true, id : 2, k24 : -1772695772, k23 : 'wx', k26 : -1422377048, k25 : false});
CREATE (n0 :L6{k39 : false, k38 : 2093666529, id : 3, k35 : false, k34 : -642911509, k37 : 836118692});
MATCH (n0 {id : 3}), (n1 {id : 1}) MERGE(n0)-[r :T1{k49 : 13220238, id : 4, k45 : false, k48 : true, k47 : 275704675}]->(n1);
MATCH (n0 {id : 1}), (n1 {id : 0}) MERGE(n0)-[r :T3{k60 : 'eU', id : 5, k57 : 'gYB', k56 : -2054151780, k59 : 'FeLGEk3U4', k58 : true}]->(n1);
MERGE ( :L6{id:6})-[r1 :T1{id:7}]->({id:8}) CREATE ( :L6{id:9}), (n2{id:10})<-[ :T3{k60:'5', id:11}]-(n3{id:12}) DETACH DELETE r1  RETURN 1 AS a1;
MERGE ( : L6 { id : 6 } ) - [ r1 : T1 { id : 7 } ] - > ( { id : 8 } ) WITH * UNWIND 1 as l0 CREATE ( : L6 { id : CASE WHEN TRUE THEN 9 END } ) CREATE ( n2 { id : 10 } ) < - [ : T3 { k60 : CASE WHEN FALSE THEN NULL ELSE '5' END , id : CASE WHEN FALSE THEN NULL ELSE 11 END } ] - ( n3 { id : 12 } ) WITH * OPTIONAL MATCH ()-[:TYPE]-() DETACH DELETE r1 WITH * RETURN 1 AS a1 LIMIT 1 ;
MATCH (a) RETURN count(a);
MATCH (b)-[a]->(c) RETURN count(a);
MATCH (b)-[a]->(c) RETURN count(a);
MERGE ({id:13}) MERGE ({id:14}) MERGE p0=(n0 :L4{k24:round(-712834048), id:15})<-[r0 :T1{id:16}]-(n1{id:17}) RETURN p0 AS a0 ORDER BY a0 DESC;
MERGE ( { id : 13 } ) WITH * MERGE pp0=( { id : CASE WHEN FALSE THEN NULL ELSE 14 END } ) MERGE p0 = ( n0 : L4 { k24 : round ( -712834048 ) , id : 15 } ) < - [ r0 : T1 { id : 16 } ] - ( n1 { id : 17 } ) RETURN p0 AS a0 ORDER BY a0 DESC ;
MATCH (a) RETURN count(a);
MATCH (a) RETURN count(a);
MATCH (b)-[a]->(c) RETURN count(a);
MATCH (b)-[a]->(c) RETURN count(a);
MATCH ({k35:false})-[r0 :T1{k47:-1268918729}]-(), p0=() MERGE (n0{k25:false, id:18})-[r1 :T3{id:19}]-(n1 :L6{k34:round(-1293154304), id:20}) REMOVE n0.k2 RETURN *;
MATCH ({k35:false})-[r0 :T1{k47:-1268918729}]-(),p0=() WITH * MERGE ( n0 { k25 : false , id : 18 } ) - [ r1 : T3 { id : 19 } ] - ( n1 : L6 { k34 : round ( -1293154304 ) , id : 20 } ) REMOVE n0 . k2 RETURN * LIMIT 1 ;
MATCH (a) RETURN count(a);
MATCH (a) RETURN count(a);
MATCH (b)-[a]->(c) RETURN count(a);
MATCH (b)-[a]->(c) RETURN count(a);
CREATE ({id:21})-[r0 :T3{id:22}]->(n0{id:23}) CREATE (n1 :L4{id:24}), p0=(n2 :L4{id:25})-[ :T3{id:26}]->(n3 :L5{id:27}) MERGE ({k27:-668899269, id:28})-[ :T3{k60:'YyPGZXE', id:29}]->(n7{id:30}) RETURN 1 AS a0;
CREATE ( { id : 21 } ) - [ r0 : T3 { id : 22 } ] - > ( n0 { id : 23 } ) CREATE ( n1 : L4 { id : 24 } ) CREATE p0 = ( n2 : L4 { id : 25 } ) - [ : T3 { id : 26 } ] - > ( n3 : L5 { id : CASE WHEN FALSE THEN NULL ELSE 27 END } ) MERGE ( { k27 : -668899269 , id : CASE WHEN FALSE THEN NULL ELSE 28 END } ) - [ : T3 { k60 : 'YyPGZXE' , id : 29 } ] - > ( n7 { id : 30 } ) WITH * RETURN 1 AS a0 LIMIT 1 ;
