-- Time: 2024/04/11 14:06:34
-- Database: janusgraph_database713
-- Database version: composite
-- seed value: 1712812407237
CREATE (n0 :L4{k28 : 'Yyi', k27 : false, k29 : '3', k30 : 1852730686, id : 0, k26 : 'vBSXR', k25 : 'hu2LZ6R0m'});
CREATE (n0 {id : 1});
CREATE (n0 :L1{k11 : '0', id : 2, k10 : -1781712025, k7 : -685794524, k8 : 'OxB', k12 : 'y1FwVTE', k9 : 'BcsRS9k'});
CREATE (n0 :L0{k0 : 7376347, k1 : 'b', k2 : 1248707154, k3 : 'Z', k4 : false, k5 : 776083969, id : 3, k6 : true});
MATCH (n0 {id : 1}), (n1 {id : 0}) MERGE(n0)-[r :T6{k71 : false, k70 : -375091691, k72 : 'oD', k66 : true, id : 4, k68 : 'tWX', k67 : false, k69 : 'a'}]->(n1);
MATCH (n0 {id : 3}), (n1 {id : 0}) MERGE(n0)-[r :T0{k31 : 'xT', k33 : 1930989901, id : 5, k32 : '2E', k35 : false, k34 : 1149994072}]->(n1);
MATCH (n0 {id : 1}), (n1 {id : 3}) MERGE(n0)-[r :T6{k71 : false, k72 : 'zd', k66 : false, id : 6, k68 : 'yCqy', k67 : false, k69 : 'iAMPbBE'}]->(n1);
MATCH (n0 {id : 3}), (n1 {id : 3}) MERGE(n0)-[r :T3{k49 : true, k51 : 739318843, k50 : '8', k53 : true, k52 : true, id : 7, k54 : true}]->(n1);
MERGE (n0{id:8}) DETACH DELETE n0  CREATE ({k4:true, id:9})<-[r0 :T6{id:10}]-({id:11})-[r1 :T6{id:12}]->({id:13}), ({k3:NULL, id:14})<-[r2 :T6{id:15}]-(n1{id:16})-[ :T6{k71:exists(()-[]-()), id:17}]->(n2 :L4{id:18}) RETURN 1 AS a2, 1 AS a3;
MERGE ( n0 { id : 8 } ) DETACH DELETE n0 CREATE ( { k4 : true , id : 9 } ) < - [ r0 : T6 { id : 10 } ] - ( { id : 11 } ) - [ r1 : T6 { id : 12 } ] - > ( { id : 13 } ) CREATE ( { k3 : NULL , id : 14 } ) < - [ r2 : T6 { id : 15 } ] - ( n1 { id : 16 } ) - [ : T6 { k71 : exists ( ( ) - [ ] - ( ) ) , id : 17 } ] - > ( n2 : L4 { id : 18 } ) RETURN DISTINCT 1 AS a2 , 1 AS a3 ;
MATCH (a) RETURN count(a);
MATCH (b)-[a]->(c) RETURN count(a);
MATCH (b)-[a]->(c) RETURN count(a);
MATCH p0=(), p1=()<-[*0..]-() UNWIND [relationships(NULL)[toIntegerOrNull(abs(1256452488))]] AS a0 DETACH DELETE p0  RETURN a0 AS a1 SKIP 0;
MATCH p0 = ( ) ,p1 = ( ) < - [ * 0 .. ] - ( ) WITH * UNWIND [ ([]+relationships ( CASE WHEN TRUE THEN NULL END ) )[ toIntegerOrNull ( abs ( 1256452488 ) ) ] ] AS a0 OPTIONAL MATCH ()-[:TYPE]-() DETACH DELETE p0 WITH * RETURN DISTINCT CASE WHEN FALSE THEN NULL ELSE a0 END AS a1 SKIP 0 ;
MATCH (a) RETURN count(a);
MATCH (a) RETURN count(a);
MATCH (b)-[a]->(c) RETURN count(a);
MATCH (b)-[a]->(c) RETURN count(a);
OPTIONAL MATCH (n0)-[]-( :L4), (n1)-[]-(n0) WHERE false MERGE (n2{k29:'0BOnAD', id:19})<-[r0 :T0{id:20}]-({id:21})-[r1 :T3{k51:round((-885279259/1515625294)), id:22}]-(n3{k2:-969319273, id:23}) REMOVE n3.k2 RETURN n1 AS a0, n2 AS a1;
OPTIONAL MATCH ( n0 ) - [ ] - ( : L4 ) ,( n1 ) - [ ] - ( n0 ) WHERE false MERGE ( n2 { k29 : ('0BOnAD' +'') , id : 19 } ) < - [ r0 : T0 { id : 20 } ] - ( { id : 21 } ) - [ r1 : T3 { k51 : round ( ( -885279259 / 1515625294 ) ) , id : 22 } ] - ( n3 { k2 : CASE WHEN FALSE THEN NULL ELSE -969319273 END , id : CASE WHEN TRUE THEN 23 END } ) WITH * UNWIND [NULL] as l0 FOREACH(f in [1]|REMOVE n3 . k2 ) RETURN n1 AS a0 , n2 AS a1 ORDER BY 1 ;
MATCH (a) RETURN count(a);
MATCH (a) RETURN count(a);
MATCH (b)-[a]->(c) RETURN count(a);
MATCH (b)-[a]->(c) RETURN count(a);
CREATE p0=(n0{id:24}) MERGE (n1{id:25})-[r0 :T6{k68:'m', id:26}]-(n2{id:27})<-[r1 :T0{id:28}]-({id:29}) CREATE p1=({id:30})-[r2 :T6{id:31}]->( :L4{id:32}) RETURN 1 AS a0;
CREATE p0 = ( n0 { id : 24 } ) WITH * UNWIND [NULL] as l0 MERGE ( n1 { id : 25 } ) - [ r0 : T6 { k68 : 'm' , id : 26 } ] - ( n2 { id : 27 } ) < - [ r1 : T0 { id : 28 } ] - ( { id : 29 } ) CREATE p1 = ( { id : 30 } ) - [ r2 : T6 { id : 31 } ] - > ( : L4 { id : 32 } ) RETURN CASE WHEN TRUE THEN 1 END AS a0 ;
MATCH (a) RETURN count(a);
MATCH (a) RETURN count(a);
MATCH (b)-[a]->(c) RETURN count(a);
MATCH (b)-[a]->(c) RETURN count(a);
MERGE (n0{id:33}) SET n0.k=false SET n0.k=toStringOrNull(NULL) RETURN *, n0 AS a0;
MERGE ( n0 { id : 33 } ) SET n0 . k = false WITH * UNWIND [NULL] as l0 SET n0 . k = toStringOrNull ( NULL ) WITH * OPTIONAL MATCH ()-[:TYPE]-() RETURN * , n0 AS a0 ;
MATCH (a) RETURN count(a);
MATCH (a) RETURN count(a);
MATCH (b)-[a]->(c) RETURN count(a);
MATCH (b)-[a]->(c) RETURN count(a);
CREATE (n0{id:34}), (n1{k5:(-747922987+(809559526-NULL)), id:35}) CREATE p0=({id:36})-[r0 :T3{id:37}]->({id:38}), ( :L0{id:39}) CREATE ( :L0{id:40}) RETURN 1 AS a0, 1 AS a1;
CREATE ( n0 { id : 34 } ) CREATE ( n1 { k5 : ( -747922987 + ( 809559526 - NULL ) ) , id : 35 } ) WITH * CREATE p0 = ( { id : 36 } ) - [ r0 : T3 { id : 37 } ] - > ( { id : 38 } ) CREATE ( : L0 { id : 39 } ) CREATE ( : L0 { id : 40 } ) RETURN DISTINCT 1 AS a0 , 1 AS a1 ORDER BY NULL SKIP 1 ;
MATCH (a) RETURN count(a);
MATCH (a) RETURN count(a);
MATCH (b)-[a]->(c) RETURN count(a);
MATCH (b)-[a]->(c) RETURN count(a);
CREATE ( :L0{k1:NULL, id:41})<-[r0 :T6{k69:'6NTXs9szV', id:42}]-(n0{id:43}), ({id:44}) CREATE ({id:45}), ( :L0{id:46})<-[r1 :T6{k70:NULL, id:47}]-(n1{id:48})-[ :T6{id:49}]->( :L4{id:50}) MERGE (n2{id:51})-[r2 :T6{id:52}]-(n3{id:53})-[r3 :T3{k49:false, id:54}]-( :L0{id:55}) RETURN r2 AS a0;
CREATE ( : L0 { k1 : NULL , id : 41 } ) < - [ r0 : T6 { k69 : '6NTXs9szV' , id : 42 } ] - ( n0 { id : 43 } ) CREATE ( { id : 44 } ) CREATE ( { id : 45 } ) CREATE ( : L0 { id : 46 } ) < - [ r1 : T6 { k70 : CASE WHEN TRUE THEN NULL END , id : 47 } ] - ( n1 { id : 48 } ) - [ : T6 { id : 49 } ] - > ( : L4 { id : CASE WHEN FALSE THEN NULL ELSE 50 END } ) MERGE ( n2 { id : 51 } ) - [ r2 : T6 { id : 52 } ] - ( n3 { id : 53 } ) - [ r3 : T3 { k49 : false , id : 54 } ] - ( : L0 { id : 55 } ) RETURN r2 AS a0 ;
MATCH (a) RETURN count(a);
MATCH (a) RETURN count(a);
MATCH (b)-[a]->(c) RETURN count(a);
MATCH (b)-[a]->(c) RETURN count(a);
CREATE ( :L0{id:56})-[ :T3{id:57}]->({id:58}), ({k29:'8', id:59})<-[ :T6{id:60}]-(n0{id:61})-[r0 :T6{id:62}]->({k0:558324141, id:63}) CREATE ( :L0{k0:-356089225, id:64})<-[r1 :T6{id:65}]-(n1{id:66}), (n2{id:67}) MERGE (n3 :L4{id:68})<-[r2 :T0{id:69}]-({id:70}) RETURN 1 AS a0, NULL AS a1 SKIP 0;
CREATE (m0: L0 { id : 56 } )CREATE (m0)- [ : T3 { id : 57 } ] - > ( { id : 58 } ) CREATE ( { k29 : '8' , id : 59 } ) < - [ : T6 { id : 60 } ] - ( n0 { id : 61 } ) - [ r0 : T6 { id : 62 } ] - > ( { k0 : 558324141 , id : 63 } ) CREATE (n1{id:66})-[ r1 : T6 { id : 65 } ] ->( : L0 { k0 : -356089225 , id : 64 } ) CREATE ( n2 { id : 67 } ) MERGE ( n3 : L4 { id : 68 } ) < - [ r2 : T0 { id : 69 } ] - ( { id : 70 } ) RETURN 1 AS a0 , NULL AS a1 SKIP 0 LIMIT 1 ;
MATCH (a) RETURN count(a);
MATCH (a) RETURN count(a);
MATCH (b)-[a]->(c) RETURN count(a);
MATCH (b)-[a]->(c) RETURN count(a);
OPTIONAL MATCH (n0)<-[]-()-[r0]-(n1) OPTIONAL MATCH () WHERE NULL CREATE (n2 :L0{id:71})-[ :T0{id:72}]->( :L4{id:73})<-[ :T6{id:74}]-(n3{id:75}), ({id:76}) RETURN 1 AS a0, 1 AS a1;
OPTIONAL MATCH (n0),()<-[m0]-(),(nn1),()<-[r0]-(),(n1) WHERE exists((n0)<-[m0]-(nn1)-[r0]-(n1)) OPTIONAL MATCH ( ) WHERE NULL CREATE ( n2 : L0 { id : 71 } ) - [ : T0 { id : 72 } ] - > ( : L4 { id : 73 } ) < - [ : T6 { id : 74 } ] - ( n3 { id : 75 } ) CREATE ( { id : CASE WHEN FALSE THEN NULL ELSE 76 END } ) WITH * UNWIND [1] as l0 RETURN 1 AS a0 , 1 AS a1 ;
