-- Time: 2024/04/11 13:25:10
-- Database: janusgraph_database153
-- Database version: composite
-- seed value: 1712812406635
CREATE (n0 :L3{k20 : 'zmhWp8eaP', k22 : 1045532284, id : 0, k24 : 'wpO', k23 : true, k25 : -2044842985});
CREATE (n0 :L0{k0 : 96304255, k1 : true, k2 : 'OrpH', k3 : '8', k4 : '9', k5 : 'u2No', id : 1, k6 : 'd'});
CREATE (n0 :L2{k16 : 852068984, k19 : '1ioVjV', k18 : false, id : 2, k13 : 'RBNeDbH', k15 : true, k14 : 1615991087});
CREATE (n0 {id : 3});
MATCH (n0 {id : 0}), (n1 {id : 0}) MERGE(n0)-[r :T4{k60 : false, k62 : 1759179048, k61 : 300524511, k64 : -640857111, k63 : true, id : 4, k65 : 41443504}]->(n1);
MATCH (n0 {id : 1}), (n1 {id : 1}) MERGE(n0)-[r :T4{k60 : false, k61 : 300524511, id : 5, k65 : -741931468}]->(n1);
MATCH (n0 {id : 1}), (n1 {id : 0}) MERGE(n0)-[r :T2{k51 : '1', k50 : 'L', k53 : true, k52 : -676781832, id : 6, k54 : true}]->(n1);
MATCH (n0 {id : 1}), (n1 {id : 0}) MERGE(n0)-[r :T0{k40 : true, k42 : -1322306525, k41 : true, id : 7, k36 : false}]->(n1);
MATCH (n0 {id : 3}), (n1 {id : 0}) MERGE(n0)-[r :T1{id : 8, k43 : -1422729325, k46 : false, k45 : 628412762, k48 : true, k47 : 'vIt4'}]->(n1);
MATCH (n0 {id : 1}), (n1 {id : 3}) MERGE(n0)-[r :T6{k73 : 2131553471, k75 : true, k77 : true, id : 9, k76 : 2119892361, k78 : -1592682853}]->(n1);
MATCH (n0 {id : 1}), (n1 {id : 3}) MERGE(n0)-[r :T2{k49 : true, k51 : 'my', k50 : 'y', k53 : true, k52 : -1164363441, id : 10, k54 : true}]->(n1);
CREATE (n0{id:11}) CREATE (n1{id:12}), p0=({id:13})<-[r0 :T0{id:14}]-({k0:61851975, id:15}) CREATE (n2{id:16}), (n3{id:17}) RETURN true AS a0;
CREATE ( n0 { id : 11 } ) WITH * UNWIND 1 as l0 CREATE ( n1 { id : 12 } ) CREATE (m0{ id : 13 } )CREATE (m0)< - [ r0 : T0 { id : 14 } ] - ( { k0 : 61851975 , id : 15 } ) WITH * UNWIND 1 as l1 CREATE ( n2 { id : 16 } ) CREATE ( n3 { id : CASE WHEN FALSE THEN NULL ELSE 17 END } ) WITH * OPTIONAL MATCH ()-[:TYPE]-() RETURN true AS a0 ;
MATCH (a) RETURN count(a);
MATCH (b)-[a]->(c) RETURN count(a);
MATCH (b)-[a]->(c) RETURN count(a);
OPTIONAL MATCH ()-[]-()-[r0 :T1{k44:false}]->(n0) DETACH DELETE n0  MERGE (n1{id:18}) RETURN 1 AS a0;
OPTIONAL MATCH ( ) - [ ] - ( ) - [ r0 : T1 { k44 : false } ] - > ( n0 ) UNWIND [1] as l0 DETACH DELETE n0 MERGE ( n1 { id : 18 } ) RETURN 1 AS a0 ;
