-- Time: 2024/04/11 14:01:34
-- Database: janusgraph_database645
-- Database version: composite
-- seed value: 1712812407169
CREATE (n0 :L3{k20 : 'J', k22 : 2075523371, id : 0, k21 : true, k24 : 'M', k23 : 'N', k25 : '0'});
CREATE (n0 :L1{k11 : 'R', id : 1, k6 : 1824794249, k10 : '8vEa', k7 : 'sC6', k8 : false, k12 : '8', k9 : true});
CREATE (n0 :L5{k31 : false, k33 : 'r', id : 2, k35 : true, k34 : -2107510699, k37 : true, k36 : -468621090});
CREATE (n0 :L1{k11 : 'myvdczQ', id : 3, k6 : -1768139205, k10 : '6', k7 : 'dmAijhE', k8 : false, k12 : 'f', k9 : false});
MATCH (n0 {id : 1}), (n1 {id : 2}) MERGE(n0)-[r :T2{k51 : 825849369, k50 : '1', k53 : 1536886626, k52 : 1597476109, k55 : 'G', id : 4, k54 : 'T'}]->(n1);
MATCH (n0 {id : 1}), (n1 {id : 2}) MERGE(n0)-[r :T2{k51 : -1367700842, k50 : 'DJbsHtr', k53 : -1043939523, k52 : -996476941, k55 : 'Y', id : 5, k54 : '09lDT'}]->(n1);
MATCH (n0 {id : 1}), (n1 {id : 1}) MERGE(n0)-[r :T0{k39 : 'tRlmmXYhu', k38 : true, k42 : 2010730197, k41 : 1148686708, id : 6, k43 : false}]->(n1);
MATCH (n0 {id : 2}), (n1 {id : 3}) MERGE(n0)-[r :T2{k50 : '5', k53 : -913681945, k52 : -88970017, k55 : 'u', id : 7, k54 : '1mtYfKxt'}]->(n1);
MATCH (n0 {id : 0}), (n1 {id : 2}) MERGE(n0)-[r :T4{k64 : 'eCzOOKu', k63 : 213058917, k66 : false, id : 8, k65 : 1431595879}]->(n1);
MATCH p0=()-[*0..]-() WHERE ('swCLXx' >= (toStringList([NULL, NULL])[toIntegerOrNull(abs(1696258671))]+'P')) CREATE ({id:9})-[ :T0{k41:751214696, id:10}]->( :L1{id:11}), p1=(n0{id:12}) CREATE ({k6:-147620250, id:13})-[ :T0{k41:570780107, id:14}]->(n1{k8:true, id:15}), ({id:16}) RETURN 1 AS a0;
MATCH p0 = ( ) - [ * 0 .. ] - ( ) WHERE ( (''+'swCLXx' )>= ( CASE WHEN FALSE THEN NULL ELSE toStringList ( [ NULL , NULL ] ) [ toIntegerOrNull ( abs ( 1696258671 ) ) ] + 'P' END ) ) WITH * CREATE ( { id : 9 } ) - [ : T0 { k41 : 751214696 , id : 10 } ] - > ( : L1 { id : 11 } ) CREATE p1 = ( n0 { id : 12 } ) CREATE (n1{k8:true, id:15})<-[ : T0 { k41 : 570780107 , id : 14 } ] -( { k6 : -147620250 , id : 13 } ) CREATE ( { id : 16 } ) RETURN 1 AS a0 ;
MATCH (a) RETURN count(a);
MATCH (b)-[a]->(c) RETURN count(a);
MATCH (b)-[a]->(c) RETURN count(a);
MERGE (n0{k34:1733375066, id:17}) DETACH DELETE n0  CREATE (n1{id:18}), (n2 :L5{id:19}) RETURN round(NULL) AS a0, 1 AS a1 UNION ALL UNWIND NULL AS a0 CREATE (n0{id:20}), (n1{id:21})-[r0 :T4{id:22}]->( :L5{id:23}) MERGE p0=({id:24})-[r1 :T4{k63:-1701669862, id:25}]-(n2{k36:-1391189560, id:26})-[r2 :T2{id:27}]-({id:28}) RETURN (r1.k64) AS a0, p0 AS a1 LIMIT 1;
MERGE pp0=( n0 { k34 : 1733375066 , id : 17 } ) WITH * CALL{WITH *DETACH DELETE n0 } CREATE ( n1 { id : 18 } ) CREATE ( n2 : L5 { id : 19 } ) WITH * OPTIONAL MATCH ()-[:TYPE]-() RETURN round ( NULL ) AS a0 , 1 AS a1 LIMIT 1 UNION ALL UNWIND NULL AS a0 WITH * CREATE ( n0 { id : 20 } ) CREATE ( n1 { id : 21 } ) - [ r0 : T4 { id : 22 } ] - > ( : L5 { id : 23 } ) WITH * UNWIND [NULL] as l0 MERGE p0 = ( { id : 24 } ) - [ r1 : T4 { k63 : -1701669862 , id : 25 } ] - ( n2 { k36 : CASE WHEN FALSE THEN NULL ELSE -1391189560 END , id : 26 } ) - [ r2 : T2 { id : CASE WHEN TRUE THEN 27 END } ] - ( { id : 28 } ) WITH * OPTIONAL MATCH ()-[:TYPE]-() RETURN DISTINCT ( r1 . k64 ) AS a0 , p0 AS a1 LIMIT 1 ;
MATCH (a) RETURN count(a);
MATCH (a) RETURN count(a);
MATCH (b)-[a]->(c) RETURN count(a);
MATCH (b)-[a]->(c) RETURN count(a);
WITH NULL AS a0 ORDER BY a0 LIMIT 1 MATCH ()-[]->({k35:NULL})<-[]-({k24:'7EU'}), (n0)-[r0]-()<-[]-() MERGE (n1{id:29})-[r1 :T4{id:30}]-({id:31}) RETURN 1 AS a1, (r1.k62) AS a2 LIMIT 1;
WITH NULL AS a0 ORDER BY a0 LIMIT 1 WHERE TRUE OPTIONAL MATCH ()-[:TYPE]-() MATCH ( ) - [ ] - > ( { k35 : NULL } ) < - [ ] - ( { k24 : '7EU' } ) ,(n0)-[*0..0]-( n0 ) - [ r0 ] - ( ) < - [ ] - ( ) MERGE ( n1 { id : 29 } ) - [ r1 : T4 { id : 30 } ] - ( { id : 31 } ) RETURN CASE WHEN TRUE THEN 1 END AS a1 , ( r1 . k62 ) AS a2 LIMIT CASE WHEN TRUE THEN 1 END ;
