-- Time: 2024/04/11 14:08:48
-- Database: janusgraph_database743
-- Database version: composite
-- seed value: 1712812407267
CREATE (n0 :L3{k19 : -177690161, k20 : true, k22 : '0', id : 0, k21 : 2052373882, k23 : true});
CREATE (n0 :L1{k11 : true, id : 1, k10 : -433780825, k7 : true, k12 : -1731279909, k9 : -1610480499});
CREATE (n0 :L4{k28 : true, k27 : 1204842790, k29 : false, id : 2, k24 : false, k26 : 'kz', k25 : 'fiA32ytiK'});
CREATE (n0 :L0{k0 : -1100285615, k2 : false, k3 : false, k4 : '3', k5 : 'D', id : 3, k6 : true});
MATCH (n0 {id : 3}), (n1 {id : 0}) MERGE(n0)-[r :T0{k39 : 'R', k38 : -1700789450, k40 : true, k41 : true, id : 4, k35 : 'Rv', k37 : true, k36 : 226715883}]->(n1);
MATCH (n0 {id : 0}), (n1 {id : 1}) MERGE(n0)-[r :T2{k49 : false, k51 : true, k50 : 'D', k52 : 'ug', id : 5, k48 : 'rlIB'}]->(n1);
MATCH (n0 {id : 3}), (n1 {id : 0}) MERGE(n0)-[r :T3{k53 : 247013732, k55 : 1128777096, id : 6, k54 : true, k57 : false, k56 : false, k58 : false}]->(n1);
MATCH (n0 {id : 2}), (n1 {id : 0}) MERGE(n0)-[r :T2{k49 : false, k51 : true, k50 : 'sBYGVpV', k52 : 'be', id : 7}]->(n1);
MATCH (n0 {id : 3}), (n1 {id : 2}) MERGE(n0)-[r :T3{k53 : 367856703, id : 8, k54 : true, k57 : true, k56 : true, k58 : false}]->(n1);
MATCH (n0 {id : 1}), (n1 {id : 1}) MERGE(n0)-[r :T2{k49 : false, k51 : true, k50 : 'sBYGVpV', k52 : '7F5', id : 9, k48 : 'SWGd'}]->(n1);
UNWIND toStringList(CASE WHEN NULL THEN NULL END) AS a0 MERGE ({id:10})-[r0 :T3{id:11}]-(n0 :L0{id:12}) REMOVE n0.k2 RETURN 1 AS a1 LIMIT 1;
UNWIND toStringList ( CASE WHEN NULL THEN NULL END ) AS a0 MERGE pp0=( { id : 10 } ) - [ r0 : T3 { id : 11 } ] - ( n0 : L0 { id : 12 } ) REMOVE n0 . k2 RETURN 1 AS a1 LIMIT 1 ;
MATCH (a) RETURN count(a);
MATCH (b)-[a]->(c) RETURN count(a);
MATCH (b)-[a]->(c) RETURN count(a);
CREATE (n0{k0:NULL, id:13})-[ :T0{id:14}]->( :L3{id:15}) MERGE (n1{id:16}) CREATE (n2 :L3{id:17})-[r0 :T2{id:18}]->(n3{k10:length(NULL), id:19})-[ :T2{id:20}]->(n4{id:21}), p0=({id:22})-[r1 :T0{k41:NULL, id:23}]->(n5 :L3{id:24}) RETURN 1 AS a0;
CREATE (n0{ k0 : NULL , id : 13 } )CREATE (n0)- [ : T0 { id : 14 } ] - > ( : L3 { id : 15 } ) WITH * OPTIONAL MATCH ()-[:TYPE]-() MERGE ( n1 { id : 16 } ) CREATE ( n2 : L3 { id : 17 } ) - [ r0 : T2 { id : 18 } ] - > ( n3 { k10 : length ( NULL ) , id : 19 } ) - [ : T2 { id : 20 } ] - > ( n4 { id : 21 } ) CREATE p0 = ( { id : 22 } ) - [ r1 : T0 { k41 : NULL , id : 23 } ] - > ( n5 : L3 { id : 24 } ) RETURN 1 AS a0 SKIP 1 ;
