-- Time: 2024/04/11 13:14:11
-- Database: janusgraph_database9
-- Database version: composite
-- seed value: 1712812406490
CREATE (n0 :L2{k17 : 'cBPye', k16 : '0', k11 : true, id : 0, k13 : 'r', k12 : -718522385, k15 : '0FKd3', k14 : 'U7hTAs9a'});
CREATE (n0 :L1{k5 : true, id : 1, k6 : 'y', k10 : false, k8 : true, k9 : 'J3'});
CREATE (n0 {id : 2});
CREATE (n0 :L4{k28 : true, k27 : 1404263359, k29 : false, id : 3, k26 : true, k25 : 'V'});
MATCH (n0 {id : 2}), (n1 {id : 1}) MERGE(n0)-[r :T5{k60 : false, k62 : true, k61 : '54RV', id : 4, k57 : 'y9U', k59 : -657086763, k58 : -1776149856}]->(n1);
MATCH (n0 {id : 1}), (n1 {id : 0}) MERGE(n0)-[r :T2{k42 : 'KE5LWy4', k44 : false, id : 5, k43 : '4M1zTIUeM', k46 : false, k45 : true}]->(n1);
MATCH (n0 {id : 3}), (n1 {id : 1}) MERGE(n0)-[r :T1{k39 : 654040539, k38 : -1238779826, id : 6, k37 : 1258228646, k36 : 1573120570}]->(n1);
MATCH (n0 {id : 2}), (n1 {id : 0}) MERGE(n0)-[r :T3{k49 : false, k51 : 953657566, k50 : 'Y', id : 7, k48 : true, k47 : 'ex'}]->(n1);
MATCH (n0 {id : 1}), (n1 {id : 2}) MERGE(n0)-[r :T4{k53 : false, k52 : false, k55 : true, id : 8, k54 : false}]->(n1);
MATCH (n0 {id : 0}), (n1 {id : 2}) MERGE(n0)-[r :T0{k31 : true, k33 : '6', id : 9, k35 : 'IG'}]->(n1);
MATCH (n0 {id : 1}), (n1 {id : 0}) MERGE(n0)-[r :T3{k49 : true, k51 : -1178759147, k50 : 'Q', id : 10, k48 : true, k47 : 'OT'}]->(n1);
WITH * CREATE p0=({id:11})<-[ :T5{k60:isEmpty('ps'), id:12}]-(n0{id:13}) CREATE (n1{id:14})<-[ :T4{id:15}]-(n2 :L1{id:16}), ({k6:'15', id:17})<-[ :T5{k58:726798636, id:18}]-({id:19}) RETURN 1 AS a0, 1 AS a1;
WITH * OPTIONAL MATCH ()-[:TYPE]-() CREATE p0 = ( { id : CASE WHEN TRUE THEN 11 END } ) < - [ : T5 { k60 : isEmpty ( (''+'ps' )) , id : 12 } ] - ( n0 { id : 13 } ) CREATE ( n1 { id : 14 } ) < - [ : T4 { id : 15 } ] - ( n2 : L1 { id : 16 } ) CREATE ( { k6 : '15' , id : 17 } ) < - [ : T5 { k58 : 726798636 , id : 18 } ] - ( { id : 19 } ) RETURN 1 AS a0 , 1 AS a1 ;
MATCH (a) RETURN count(a);
MATCH (b)-[a]->(c) RETURN count(a);
MATCH (b)-[a]->(c) RETURN count(a);
MATCH (n1{k10:false}) REMOVE n1.k2 REMOVE n1.k2 RETURN n1 AS a2 LIMIT 0;
MATCH ( n1 { k10 : false } ) OPTIONAL MATCH ()-[:TYPE]-() REMOVE n1 . k2 REMOVE n1 . k2 RETURN n1 AS a2 LIMIT 0 ;
MATCH (a) RETURN count(a);
MATCH (a) RETURN count(a);
MATCH (b)-[a]->(c) RETURN count(a);
MATCH (b)-[a]->(c) RETURN count(a);
MERGE (n1{id:20}) CREATE (n2 :L1{id:21})-[r2 :T3{k48:isEmpty(properties(endNode(NULL))), id:22}]->({k16:('f'+'XX54'), id:23}) DETACH DELETE n1  RETURN 1 AS a2, NULL AS a3;
MERGE pp0=( n1 { id : 20 } ) CREATE ( n2 : L1 { id : 21 } ) - [ r2 : T3 { k48 : isEmpty ( properties ( endNode ( NULL ) ) ) , id : 22 } ] - > ( { k16 : ( 'f' + 'XX54' ) , id : 23 } ) WITH * DETACH DELETE n1 RETURN DISTINCT 1 AS a2 , NULL AS a3 ;
MATCH (a) RETURN count(a);
MATCH (a) RETURN count(a);
MATCH (b)-[a]->(c) RETURN count(a);
MATCH (b)-[a]->(c) RETURN count(a);
OPTIONAL MATCH ()-[*..2]->() CREATE (n2{id:24})<-[ :T3{id:25}]-({id:26})-[r1 :T2{id:27}]->({id:28}), ({id:29})-[ :T3{k50:toStringList([x IN [NULL, NULL]|relationships(NULL)[toIntegerOrNull(abs(676099611))]])[toIntegerOrNull(abs(1673491972))], id:30}]->(n3{k13:'cq', id:31})<-[ :T3{id:32}]-(n4{id:33}) CREATE (n5{k7:NULL, id:34})-[ :T3{id:35}]->(n6{k14:'0', id:36})<-[ :T3{k51:length(NULL), id:37}]-(n7{id:38}), (n8{id:39})-[ :T0{id:40}]->({id:41})-[r2 :T5{id:42}]->(n9 :L1{id:43}) RETURN 1 AS a1, 1 AS a2;
OPTIONAL MATCH ( ) - [ * .. 2 ] - > ( ) CREATE ( n2 { id : 24 } ) < - [ : T3 { id : 25 } ] - ( { id : CASE WHEN TRUE THEN 26 END } ) - [ r1 : T2 { id : 27 } ] - > ( { id : 28 } ) CREATE (m0{ id : 29 } )CREATE (m0)- [ : T3 { k50 : toStringList ( [ x IN [ NULL , NULL ] | relationships ( CASE WHEN FALSE THEN NULL ELSE NULL END ) [ toIntegerOrNull ( abs ( 676099611 ) ) ] ] ) [ toIntegerOrNull ( CASE WHEN TRUE THEN abs ( CASE WHEN TRUE THEN 1673491972 END ) END ) ] , id : 30 } ] - > ( n3 { k13 : 'cq' , id : 31 } ) < - [ : T3 { id : 32 } ] - ( n4 { id : 33 } ) CREATE ( n5 { k7 : NULL , id : 34 } ) - [ : T3 { id : 35 } ] - > ( n6 { k14 : '0' , id : 36 } ) < - [ : T3 { k51 : length ( NULL ) , id : 37 } ] - ( n7 { id : 38 } ) CREATE ( n8 { id : 39 } ) - [ : T0 { id : 40 } ] - > ( { id : 41 } ) - [ r2 : T5 { id : 42 } ] - > ( n9 : L1 { id : 43 } ) RETURN 1 AS a1 , 1 AS a2 ;
MATCH (a) RETURN count(a);
MATCH (a) RETURN count(a);
MATCH (b)-[a]->(c) RETURN count(a);
MATCH (b)-[a]->(c) RETURN count(a);
CREATE (n0{id:44})-[ :T5{id:45}]->(n1 :L1{id:46})-[r0 :T4{id:47}]->(n2{id:48}), (n3{id:49}) CREATE (n4{id:50})-[r1 :T5{k58:NULL, id:51}]->({id:52})-[ :T4{k54:NULL, id:53}]->({id:54}), ({id:55}) MERGE ({id:56})<-[r2 :T0{id:57}]-(n5{id:58}) RETURN n5 AS a0 LIMIT 0;
CREATE ( n0 { id : 44 } ) - [ : T5 { id : CASE WHEN FALSE THEN NULL ELSE 45 END } ] - > ( n1 : L1 { id : 46 } ) - [ r0 : T4 { id : 47 } ] - > ( n2 { id : 48 } ) CREATE ( n3 { id : 49 } ) CREATE ( n4 { id : CASE WHEN TRUE THEN 50 END } ) - [ r1 : T5 { k58 : NULL , id : 51 } ] - > ( { id : 52 } ) - [ : T4 { k54 : NULL , id : CASE WHEN FALSE THEN NULL ELSE 53 END } ] - > ( { id : 54 } ) CREATE ( { id : 55 } ) MERGE ( { id : 56 } ) < - [ r2 : T0 { id : 57 } ] - ( n5 { id : 58 } ) RETURN n5 AS a0 SKIP 1 LIMIT 0 ;
