-- Time: 2024/04/11 13:39:09
-- Database: janusgraph_database342
-- Database version: composite
-- seed value: 1712812406865
CREATE (n0 :L2{k16 : 'h', id : 0, k13 : 'zVC9e', k12 : 's', k15 : 1438558803, k14 : 'A4gesf9'});
CREATE (n0 {id : 1});
CREATE (n0 :L1{k11 : 't', id : 2, k6 : 'qs', k10 : 'mgA', k7 : 1436379230, k9 : true});
CREATE (n0 :L5{k29 : false, k31 : -853961504, k33 : false, id : 3, k32 : true});
MATCH (n0 {id : 3}), (n1 {id : 0}) MERGE(n0)-[r :T4{k71 : 1013226843, k72 : false, id : 4, k68 : -5631686, k67 : 1158201827, k69 : true}]->(n1);
MATCH (n0 {id : 1}), (n1 {id : 2}) MERGE(n0)-[r :T3{k62 : '8QQ5QT4ki', k61 : 'rtXTw', k64 : -598679783, k66 : true, id : 5, k65 : '7'}]->(n1);
MATCH (n0 {id : 3}), (n1 {id : 3}) MERGE(n0)-[r :T3{k62 : 'U', k61 : 'wW0rj', k64 : 88837228, k63 : 1682952178, k66 : false, id : 6, k65 : 'rS6'}]->(n1);
MATCH (n0 {id : 1}), (n1 {id : 1}) MERGE(n0)-[r :T2{k60 : '9IaPd', id : 7, k57 : false, k56 : 'TYGg', k59 : -1639625818, k58 : 'G'}]->(n1);
MATCH (n0 {id : 1}), (n1 {id : 1}) MERGE(n0)-[r :T3{k62 : '3yQd3euDx', k61 : 'rtXTw', k64 : 779962714, k63 : -157904081, k66 : false, id : 8}]->(n1);
MATCH (n0 {id : 0}), (n1 {id : 2}) MERGE(n0)-[r :T2{k60 : 'RspYs', id : 9, k57 : false, k56 : 'sV1hSC', k59 : -1898732898}]->(n1);
CREATE ({id:10})-[r0 :T3{id:11}]->( :L1{k6:'9GQ', id:12})<-[ :T2{id:13}]-({id:14}), ( :L5{k34:NULL, id:15})-[r1 :T4{id:16}]->(n0{id:17}) CREATE ( :L5{id:18})-[ :T4{id:19}]->(n1 :L2{k14:'Wse2fy', id:20}) CREATE ({id:21})-[r2 :T2{k58:'Y', id:22}]->({id:23}), ( :L1{id:24}) RETURN NULL AS a0, 1 AS a1;
CREATE (m0{ id : CASE WHEN FALSE THEN NULL ELSE 10 END } )CREATE (m0)- [ r0 : T3 { id : 11 } ] - > ( : L1 { k6 : '9GQ' , id : 12 } ) < - [ : T2 { id : CASE WHEN TRUE THEN 13 END } ] - ( { id : 14 } ) CREATE ( : L5 { k34 : NULL , id : 15 } ) - [ r1 : T4 { id : CASE WHEN FALSE THEN NULL ELSE 16 END } ] - > ( n0 { id : CASE WHEN FALSE THEN NULL ELSE 17 END } ) CREATE ( : L5 { id : 18 } ) - [ : T4 { id : 19 } ] - > ( n1 : L2 { k14 : CASE WHEN TRUE THEN (''+'Wse2fy' )END , id : 20 } ) WITH * CREATE ( { id : 21 } ) - [ r2 : T2 { k58 : 'Y' , id : 22 } ] - > ( { id : 23 } ) CREATE ( : L1 { id : 24 } ) RETURN NULL AS a0 , 1 AS a1 ;
MATCH (a) RETURN count(a);
MATCH (b)-[a]->(c) RETURN count(a);
MATCH (b)-[a]->(c) RETURN count(a);
OPTIONAL MATCH ()-[*0..]-()-[r0]-(n0) MERGE (n1{id:25})<-[r1 :T3{id:26}]-(n2{id:27}) SET n2.k=toStringList(toIntegerList(['s']))[toIntegerOrNull(abs(1010834558))] RETURN n2 AS a0, n2 AS a1;
OPTIONAL MATCH ()-[*0..0]-( ) - [ * 0 .. ] - ( ) - [ r0 ] - ( n0 ) MERGE ( n1 { id : 25 } ) < - [ r1 : T3 { id : 26 } ] - ( n2 { id : CASE WHEN TRUE THEN 27 END } ) SET n2 . k = toStringList ( toIntegerList ( CASE WHEN FALSE THEN NULL ELSE [ 's' ] END ) ) [ toIntegerOrNull ( abs ( CASE WHEN TRUE THEN 1010834558 END ) ) ] RETURN n2 AS a0 , n2 AS a1 ;
MATCH (a) RETURN count(a);
MATCH (a) RETURN count(a);
MATCH (b)-[a]->(c) RETURN count(a);
MATCH (b)-[a]->(c) RETURN count(a);
OPTIONAL MATCH ( :L2)-[r0 :T2{k57:true}]-() WHERE (r0.k57) CREATE (n0{id:28}) CREATE p0=(n1{k34:641157815, id:29}), ({id:30}) RETURN 1 AS a0, startNode(relationships(NULL)[toIntegerOrNull(abs(size([])))]) AS a1 SKIP 1;
OPTIONAL MATCH ( : L2 ) - [ r0 : T2 { k57 : true } ] - ( ) WHERE ( r0 . k57 ) CREATE ( n0 { id : 28 } ) WITH * OPTIONAL MATCH ()-[:TYPE]-() CREATE p0 = ( n1 { k34 : 641157815 , id : 29 } ) CREATE ( { id : 30 } ) WITH * RETURN 1 AS a0 , startNode ( relationships ( NULL ) [ toIntegerOrNull ( CASE WHEN FALSE THEN NULL ELSE abs ( size ( [ ] ) ) END ) ] ) AS a1 SKIP 1 ;
MATCH (a) RETURN count(a);
MATCH (a) RETURN count(a);
MATCH (b)-[a]->(c) RETURN count(a);
MATCH (b)-[a]->(c) RETURN count(a);
CREATE p0=(n0{id:31})-[r0 :T3{k65:'DWR', id:32}]->(n1 :L1{k6:'T', id:33}), ({id:34})-[r1 :T3{id:35}]->({id:36})-[r2 :T3{id:37}]->({id:38}) MERGE (n2{id:39}) MERGE (n3{k6:'i', id:40}) RETURN n3 AS a0 SKIP 1;
CREATE p0=(n1 :L1{k6:'T', id:33})<-[ r0 : T3 { k65 : 'DWR' , id : 32 } ] -( n0 { id : 31 } ) CREATE ( { id : 34 } ) - [ r1 : T3 { id : 35 } ] - > ( { id : 36 } ) - [ r2 : T3 { id : 37 } ] - > ( { id : 38 } ) MERGE pp0=( n2 { id : 39 } ) MERGE ( n3 { k6 : 'i' , id : 40 } ) WITH * OPTIONAL MATCH ()-[:TYPE]-() RETURN DISTINCT n3 AS a0 SKIP 1 ;
