-- Time: 2024/04/11 14:24:40
-- Database: janusgraph_database957
-- Database version: composite
-- seed value: 1712812407482
CREATE (n0 :L1{k5 : 'a', id : 0, k6 : -2135721052, k7 : '4AGeVFr', k8 : false, k9 : false});
CREATE (n0 :L1{k5 : '3T5qCINPx', id : 1, k6 : -1468026976, k7 : 'TAW7', k8 : true, k9 : false});
CREATE (n0 :L2{k11 : 1818852509, id : 2, k10 : 2008095549, k13 : 1131748046, k12 : true, k15 : -153340214, k14 : 'O'});
CREATE (n0 :L0{k0 : true, k1 : 'j', k2 : 'Sn77gpwe', k3 : 'uR', k4 : 'FRRDuftM', id : 3});
MATCH (n0 {id : 0}), (n1 {id : 0}) MERGE(n0)-[r :T4{k64 : 'z', k66 : -935512941, id : 4, k65 : false, k68 : 'N', k67 : 1384605336, k69 : false}]->(n1);
MATCH (n0 {id : 1}), (n1 {id : 1}) MERGE(n0)-[r :T1{k49 : -1309006049, k51 : 'Ylk', k50 : 1885175046, id : 5, k46 : 'tmBH98E', k48 : 'tXd', k47 : 700980370}]->(n1);
MATCH (n0 {id : 1}), (n1 {id : 1}) MERGE(n0)-[r :T0{k39 : false, k40 : false, k42 : true, k41 : false, k44 : true, id : 6, k43 : false, k45 : -511269637}]->(n1);
MATCH (n0 {id : 0}), (n1 {id : 2}) MERGE(n0)-[r :T5{k71 : false, k70 : 63406102, k73 : false, k72 : -980559289, k74 : '2', id : 7, k76 : -202376704}]->(n1);
MATCH (n0 {id : 1}), (n1 {id : 0}) MERGE(n0)-[r :T1{k49 : -1985916190, k51 : 'O2', id : 8, k46 : 'd6vB2z', k48 : 'Ntgx', k47 : 748661876}]->(n1);
CREATE (n0{k7:'Byq', id:9}), (n1{id:10})-[ :T0{k42:true, id:11}]->(n2{id:12})-[ :T1{k48:toStringList(NULL)[toIntegerOrNull(abs(NULL))], id:13}]->( :L1{k5:reverse(NULL), id:14}) CREATE p0=(n3 :L1{k8:NULL, id:15}), (n4{id:16})<-[r0 :T5{id:17}]-({id:18}) MERGE ({id:19})-[r1 :T5{id:20}]-(n5 :L1{id:21}) RETURN 1 AS a0, n5 AS a1;
CREATE ( n0 { k7 : 'Byq' , id : 9 } ) CREATE (n1{ id : 10 } )CREATE (n1)- [ : T0 { k42 : true , id : CASE WHEN FALSE THEN NULL ELSE 11 END } ] - > ( n2 { id : 12 } ) - [ : T1 { k48 : toStringList ( NULL ) [ toIntegerOrNull ( CASE WHEN FALSE THEN NULL ELSE abs ( NULL ) END ) ] , id : 13 } ] - > ( : L1 { k5 : reverse ( NULL ) , id : 14 } ) CREATE p0 = ( n3 : L1 { k8 : NULL , id : 15 } ) CREATE ( n4 { id : 16 } ) < - [ r0 : T5 { id : 17 } ] - ( { id : 18 } ) MERGE ( { id : 19 } ) - [ r1 : T5 { id : 20 } ] - ( n5 : L1 { id : 21 } ) RETURN 1 AS a0 , n5 AS a1 ;
MATCH (a) RETURN count(a);
MATCH (b)-[a]->(c) RETURN count(a);
MATCH (b)-[a]->(c) RETURN count(a);
CREATE (n0{k8:NULL, id:22})<-[ :T1{id:23}]-({id:24})-[r0 :T1{id:25}]->(n1{id:26}) CREATE ( :L1{id:27})-[r1 :T0{k43:true, id:28}]->( :L1{k5:type(NULL), id:29}), ( :L1{id:30}) CREATE (n2{k6:CASE WHEN (exists(()-[]->()-[]-()) OR (true OR true)) THEN toIntegerList(NULL)[toIntegerOrNull(abs(NULL))] END, id:31})<-[r2 :T1{k48:('Q'+(NULL+toStringOrNull(true))), id:32}]-(n3{id:33})-[ :T1{id:34}]->(n4{id:35}), (n5 :L1{id:36})<-[r3 :T1{k51:reverse('gIz2mZx'), id:37}]-( :L1{id:38})-[r4 :T1{id:39}]->(n6{id:40}) RETURN DISTINCT NULL AS a0, collect(CASE WHEN NULL THEN NULL END)[toIntegerOrNull(abs(-386096662))] AS a1;
CREATE ( n0 { k8 : NULL , id : 22 } ) < - [ : T1 { id : 23 } ] - ( { id : 24 } ) - [ r0 : T1 { id : 25 } ] - > ( n1 { id : 26 } ) WITH * CREATE (m0: L1 { id : 27 } )CREATE (m0)- [ r1 : T0 { k43 : true , id : 28 } ] - > ( : L1 { k5 : type ( CASE WHEN FALSE THEN NULL ELSE NULL END ) , id : 29 } ) CREATE ( : L1 { id : CASE WHEN FALSE THEN NULL ELSE 30 END } ) CREATE (n2{ k6 : CASE WHEN ( exists ( ( ) - [ ] - > ( ) - [ ] - ( ) ) OR ( true OR true ) ) THEN toIntegerList ( NULL ) [ toIntegerOrNull ( abs ( CASE WHEN FALSE THEN NULL ELSE NULL END ) ) ] END , id : 31 } )CREATE (n2)< - [ r2 : T1 { k48 : ( 'Q' + ( NULL + toStringOrNull ( CASE WHEN TRUE THEN true END ) ) ) , id : CASE WHEN FALSE THEN NULL ELSE 32 END } ] - ( n3 { id : 33 } ) - [ : T1 { id : 34 } ] - > ( n4 { id : 35 } ) CREATE ( n5 : L1 { id : CASE WHEN FALSE THEN NULL ELSE 36 END } ) < - [ r3 : T1 { k51 : reverse ( 'gIz2mZx' ) , id : CASE WHEN TRUE THEN 37 END } ] - ( : L1 { id : 38 } ) - [ r4 : T1 { id : 39 } ] - > ( n6 { id : 40 } ) RETURN DISTINCT NULL AS a0 , collect ( CASE WHEN NULL THEN NULL END ) [ toIntegerOrNull ( abs ( CASE WHEN FALSE THEN NULL ELSE -386096662 END ) ) ] AS a1 ;
MATCH (a) RETURN count(a);
MATCH (a) RETURN count(a);
MATCH (b)-[a]->(c) RETURN count(a);
MATCH (b)-[a]->(c) RETURN count(a);
UNWIND NULL AS a0 CREATE ({id:41})-[r0 :T1{id:42}]->({k9:((NULL <> NULL) IS NOT NULL), id:43})-[ :T4{id:44}]->(n0{id:45}) CREATE (n1 :L1{k7:NULL, id:46}) RETURN 1 AS a1, 1 AS a2 LIMIT 0;
UNWIND NULL AS a0 CREATE ( { id : CASE WHEN FALSE THEN NULL ELSE 41 END } ) - [ r0 : T1 { id : 42 } ] - > ( { k9 : ( ( CASE WHEN FALSE THEN NULL ELSE NULL <> NULL END ) IS NOT NULL ) , id : 43 } ) - [ : T4 { id : 44 } ] - > ( n0 { id : CASE WHEN TRUE THEN 45 END } ) CREATE ( n1 : L1 { k7 : NULL , id : 46 } ) RETURN 1 AS a1 , 1 AS a2 LIMIT 0 ;
MATCH (a) RETURN count(a);
MATCH (a) RETURN count(a);
MATCH (b)-[a]->(c) RETURN count(a);
MATCH (b)-[a]->(c) RETURN count(a);
OPTIONAL MATCH p0=( :L2)<-[]-()-[]->(n0), p1=() WHERE NULL SET n0.k=false SET n0.k=NULL RETURN *, p0 AS a0;
OPTIONAL MATCH p0 = ( : L2 ) < - [ ] - ( ) - [ ] - > ( n0 ) ,p1 = ( ) WHERE NULL UNWIND [NULL] as l0 SET n0 . k = CASE WHEN TRUE THEN false END WITH * SET n0 . k = NULL RETURN * , p0 AS a0 ;
