-- Time: 2024/04/11 13:22:53
-- Database: janusgraph_database122
-- Database version: composite
-- seed value: 1712812406604
CREATE (n0 :L1{id : 0, k6 : true, k10 : 1551847825, k7 : true, k8 : -1457258456, k9 : -10956300});
CREATE (n0 {id : 1});
CREATE (n0 :L4{k28 : 1162812115, k27 : 586194286, id : 2, k24 : 1890263814, k26 : 'mWD2hghpi', k25 : 'EkY1XAV4'});
CREATE (n0 {id : 3});
MATCH (n0 {id : 0}), (n1 {id : 3}) MERGE(n0)-[r :T4{k60 : false, id : 4, k57 : '6bP3gC', k59 : false}]->(n1);
MATCH (n0 {id : 3}), (n1 {id : 0}) MERGE(n0)-[r :T5{k62 : 1297585941, k64 : 726951544, k63 : '5', id : 5, k65 : -1545110720}]->(n1);
MATCH (n0 {id : 3}), (n1 {id : 2}) MERGE(n0)-[r :T0{k38 : '2yqx5', id : 6, k35 : 652314518, k34 : -400293461, k37 : -1954947627, k36 : 'aoFN'}]->(n1);
MATCH (n0 {id : 1}), (n1 {id : 3}) MERGE(n0)-[r :T3{k51 : 'u', k53 : false, k52 : '11', k55 : -1884128980, id : 7, k54 : true, k56 : 'Xt'}]->(n1);
OPTIONAL MATCH p0=( :L1{k7:false})<-[]-(n0)-[r0]-(n1), ()<-[]-(n0)-[r0]-(n2) UNWIND [toStringList([NULL, NULL]), [x IN [NULL, NULL]]] AS a0 CREATE p1=({k25:'y', id:8})<-[r1 :T0{id:9}]-(n3{id:10}), ({id:11})<-[r2 :T5{id:12}]-({id:13})<-[ :T4{id:14}]-({id:15}) RETURN n2 AS a1;
OPTIONAL MATCH p0 = ()-[*0..0]-( : L1 { k7 : CASE WHEN TRUE THEN false END } ) < - [ ] - ( n0 ) - [ r0 ] - ( n1 ) ,( ) < - [ ] - ( n0 ) - [ r0 ] - ( n2 ) UNWIND [ toStringList ( CASE WHEN FALSE THEN NULL ELSE [ NULL , NULL ] END ) , [ x IN [ CASE WHEN FALSE THEN NULL ELSE NULL END , NULL ] ] ] AS a0 CREATE p1 = ( { k25 : 'y' , id : 8 } ) < - [ r1 : T0 { id : 9 } ] - ( n3 { id : 10 } ) CREATE ( { id : 11 } ) < - [ r2 : T5 { id : 12 } ] - ( { id : CASE WHEN FALSE THEN NULL ELSE 13 END } ) < - [ : T4 { id : 14 } ] - ( { id : 15 } ) RETURN n2 AS a1 ;
MATCH (a) RETURN count(a);
MATCH (b)-[a]->(c) RETURN count(a);
MATCH (b)-[a]->(c) RETURN count(a);
MATCH p0=(n0), (n1)<-[]-(n2) WHERE isEmpty('lx') MATCH (n3 :L4)-[]-(n0) CREATE ({id:16})-[ :T3{id:17}]->(n4{id:18}), ({id:19})<-[ :T0{k34:size([NULL, NULL]), id:20}]-(n5{id:21})<-[ :T3{k52:'cl2', id:22}]-(n6{id:23}) RETURN [-871195300] AS a0, n2 AS a1;
MATCH p0 = ( n0 ) ,( n1 ) < - [ ] - ( n2 ) WHERE isEmpty ( ('lx' +'') ) MATCH ( n3 : L4 ) - [ ] - ( n0 ) CREATE (m0{ id : 16 } )CREATE (m0)- [ : T3 { id : 17 } ] - > ( n4 { id : 18 } ) CREATE (m1{ id : 19 } )CREATE (m1)< - [ : T0 { k34 : size ( [ NULL , NULL ] ) , id : CASE WHEN TRUE THEN 20 END } ] - ( n5 { id : 21 } ) < - [ : T3 { k52 : CASE WHEN TRUE THEN (''+'cl2' )END , id : 22 } ] - ( n6 { id : 23 } ) RETURN ([]+[ -871195300 ] )AS a0 , n2 AS a1 ;
MATCH (a) RETURN count(a);
MATCH (a) RETURN count(a);
MATCH (b)-[a]->(c) RETURN count(a);
MATCH (b)-[a]->(c) RETURN count(a);
MATCH ()-[]->(n0), (n0)-[]->(n1) WHERE NULL REMOVE n0.k2 SET n1.k=NULL RETURN DISTINCT 950048265 AS a0;
MATCH ( ) - [ ] - > ( n0 ) ,( n0 ) - [ ] - > ( n1 ) WHERE NULL REMOVE n0 . k2 FOREACH(f in [1]|SET n1 . k = NULL ) WITH * RETURN DISTINCT CASE WHEN FALSE THEN NULL ELSE 950048265 END AS a0 ORDER BY NULL ;
