-- Time: 2024/04/11 13:37:53
-- Database: janusgraph_database325
-- Database version: composite
-- seed value: 1712812406848
CREATE (n0 {id : 0});
CREATE (n0 {id : 1});
CREATE (n0 :L4{k27 : false, k29 : 1067696256, k30 : 'QtNqY', id : 2, k24 : false, k25 : false});
CREATE (n0 {id : 3});
MATCH (n0 {id : 2}), (n1 {id : 1}) MERGE(n0)-[r :T0{k39 : false, k38 : 1488264516, k40 : 'Vi', k41 : false, id : 4, k37 : 'J', k36 : true}]->(n1);
MATCH (n0 {id : 0}), (n1 {id : 3}) MERGE(n0)-[r :T0{k39 : false, k38 : -179762454, k40 : '5', k41 : true, id : 5, k37 : 'D', k36 : true}]->(n1);
MATCH p0=()<-[r0]-(), p1=(n0)-[]-(n1) WHERE true UNWIND NULL AS a0 REMOVE n1.k2 RETURN ('T' STARTS WITH NULL) AS a1;
MATCH p0 = ( ) < - [ r0 ] - ( ) ,p1 = ( n0 ) - [ ] - ( n1 ) WITH * WHERE true OPTIONAL MATCH ()-[:TYPE]-() UNWIND CASE WHEN FALSE THEN NULL ELSE NULL END AS a0 REMOVE n1 . k2 WITH * RETURN ( 'T' STARTS WITH NULL ) AS a1 ;
MATCH (a) RETURN count(a);
MATCH (b)-[a]->(c) RETURN count(a);
MATCH (b)-[a]->(c) RETURN count(a);
UNWIND [relationships(NULL)[toIntegerOrNull(abs(toIntegerOrNull(NULL)))]] AS a0 OPTIONAL MATCH ()<-[r0]-(n0), ()<-[r0]-(n0) DETACH DELETE r0  RETURN *;
UNWIND [ relationships ( CASE WHEN FALSE THEN NULL ELSE NULL END ) [ toIntegerOrNull ( abs ( toIntegerOrNull ( NULL ) ) ) ] ] AS a0 OPTIONAL MATCH ()-[:TYPE]-() OPTIONAL MATCH ()-[*0..0]-( ) < - [ r0 ] - ( n0 ) ,( ) < - [ r0 ] - ( n0 ) DETACH DELETE r0 RETURN * ;
MATCH (a) RETURN count(a);
MATCH (a) RETURN count(a);
MATCH (b)-[a]->(c) RETURN count(a);
MATCH (b)-[a]->(c) RETURN count(a);
UNWIND [CASE WHEN true THEN NULL END, CASE WHEN true THEN NULL END] AS a0 MERGE (n0{k25:true, id:6}) MERGE ({k26:false, id:7}) RETURN DISTINCT a0 AS a1;
UNWIND [ CASE WHEN true THEN NULL END , CASE WHEN true THEN NULL END ] AS a0 MERGE ( n0 { k25 : true , id : 6 } ) MERGE ( { k26 : false , id : 7 } ) RETURN DISTINCT a0 AS a1 ;
MATCH (a) RETURN count(a);
MATCH (a) RETURN count(a);
MATCH (b)-[a]->(c) RETURN count(a);
MATCH (b)-[a]->(c) RETURN count(a);
MATCH ()-[r0]-() MERGE (n0{id:8})-[ :T0{id:9}]-({id:10}) SET n0.k='fj' RETURN n0 AS a0;
MATCH ( ) - [ r0 ] - ( ) UNWIND 1 as l0 MERGE ( n0 { id : 8 } ) - [ : T0 { id : 9 } ] - ( { id : CASE WHEN TRUE THEN 10 END } ) WITH * OPTIONAL MATCH ()-[:TYPE]-() SET n0 . k = (''+'fj' )WITH * UNWIND [1] as l1 RETURN DISTINCT CASE WHEN FALSE THEN NULL ELSE n0 END AS a0 SKIP 1 ;
