-- Time: 2024/04/11 13:29:45
-- Database: janusgraph_database215
-- Database version: composite
-- seed value: 1712812406738
CREATE (n0 {id : 0});
CREATE (n0 :L1{k11 : false, id : 1, k10 : 'r7CBG', k7 : true, k12 : true, k9 : 'YqtQ'});
CREATE (n0 :L1{k11 : true, id : 2, k7 : false, k13 : true, k8 : false, k12 : true, k9 : 'PjT1xb9K'});
CREATE (n0 :L1{k11 : true, id : 3, k10 : 'S', k7 : true, k13 : true, k8 : false, k12 : false, k9 : 'OyiZMNwm'});
MATCH (n0 {id : 0}), (n1 {id : 1}) MERGE(n0)-[r :T4{k60 : 'xFvH', k61 : -1529498178, id : 4, k57 : true, k56 : 528249945, k59 : 'h6', k58 : 393386976}]->(n1);
MATCH (n0 {id : 1}), (n1 {id : 0}) MERGE(n0)-[r :T1{k39 : 966203399, k38 : '7', k42 : 'W', k41 : true, id : 5}]->(n1);
MATCH (n0 {id : 0}), (n1 {id : 2}) MERGE(n0)-[r :T3{k49 : true, k51 : 'Q', k50 : 384739860, k53 : 363558425, k52 : true, k55 : 'Bl', id : 6, k54 : 'zV'}]->(n1);
MATCH (n0 {id : 3}), (n1 {id : 1}) MERGE(n0)-[r :T2{k44 : true, id : 7, k43 : true, k46 : false, k48 : 'd', k47 : true}]->(n1);
MATCH (n0 {id : 2}), (n1 {id : 1}) MERGE(n0)-[r :T4{k60 : 'Z', k62 : true, k61 : 781660637, id : 8, k57 : true, k56 : -1220631872, k59 : 'y', k58 : -1254681197}]->(n1);
OPTIONAL MATCH ()-[]-()-[]-(n2{k12:((NULL = -113569525) OR (1252362445 <= NULL))}), (n1)-[r1]->() OPTIONAL MATCH () WHERE NULL REMOVE n2.k2 RETURN DISTINCT n1 AS a3, n1 AS a4;
OPTIONAL MATCH ( ) - [ ] - ( ) - [ ] - ( n2 { k12 : ( ( NULL = -113569525 ) OR ( 1252362445 <= NULL ) ) } ) ,( n1 ) - [ r1 ] - > ( ) OPTIONAL MATCH () WHERE NULL UNWIND 1 as l0 REMOVE n2 . k2 RETURN DISTINCT n1 AS a3 , n1 AS a4 SKIP 1 ;
MATCH (a) RETURN count(a);
MATCH (b)-[a]->(c) RETURN count(a);
MATCH (b)-[a]->(c) RETURN count(a);
UNWIND [(n0)-[r0]-(n1)<-[r1]-(n2)|CASE WHEN (true OR (-1505605317 <= 443329557)) THEN relationships(NULL)[toIntegerOrNull(abs(741907157))] END] AS a0 CREATE p0=({id:9}), ({k9:reverse(toStringList(a0)[toIntegerOrNull(abs(-826227673))]), id:10})-[ :T2{k47:true, id:11}]->( :L1{id:12})<-[ :T4{id:13}]-(n3{id:14}) MERGE (n4{id:15})-[r2 :T2{id:16}]-({id:17})<-[r3 :T4{id:18}]-({id:19}) RETURN 1 AS a1;
UNWIND [ ( n0 ) - [ r0 ] - ( n1 ) < - [ r1 ] - ( n2 ) | CASE WHEN ( true OR ( -1505605317 <= 443329557 ) ) THEN relationships ( NULL ) [ toIntegerOrNull ( abs ( 741907157 ) ) ] END ] AS a0 CREATE p0 = ( { id : 9 } ) CREATE ( { k9 : reverse ( toStringList ( a0 ) [ toIntegerOrNull ( abs ( CASE WHEN TRUE THEN -826227673 END ) ) ] ) , id : 10 } ) - [ : T2 { k47 : true , id : CASE WHEN FALSE THEN NULL ELSE 11 END } ] - > ( : L1 { id : 12 } ) < - [ : T4 { id : 13 } ] - ( n3 { id : 14 } ) MERGE ( n4 { id : 15 } ) - [ r2 : T2 { id : 16 } ] - ( { id : 17 } ) < - [ r3 : T4 { id : 18 } ] - ( { id : 19 } ) RETURN 1 AS a1 ;
MATCH (a) RETURN count(a);
MATCH (a) RETURN count(a);
MATCH (b)-[a]->(c) RETURN count(a);
MATCH (b)-[a]->(c) RETURN count(a);
UNWIND [NULL] AS a1 MERGE p1=({id:20})<-[r0 :T4{id:21}]-({id:22}) DETACH DELETE r0  RETURN 1 AS a2;
UNWIND [ NULL ] AS a1 MERGE p1 = ( { id : 20 } ) < - [ r0 : T4 { id : CASE WHEN FALSE THEN NULL ELSE 21 END } ] - ( { id : 22 } ) WITH * CALL{WITH *DETACH DELETE r0 } RETURN 1 AS a2 ;
