-- Time: 2024/04/11 13:31:49
-- Database: janusgraph_database243
-- Database version: composite
-- seed value: 1712812406766
CREATE (n0 :L5{k31 : 464031387, k30 : true, k33 : -1871883595, id : 0, k32 : false, k35 : true, k34 : false});
CREATE (n0 :L2{k17 : false, k16 : '0bg', k11 : -137989443, id : 1, k13 : 'a', k12 : true, k14 : 1501999929});
CREATE (n0 :L4{k28 : -787930479, k27 : true, k29 : 241552181, id : 2, k24 : 95952073, k26 : 'X', k25 : 'Y'});
CREATE (n0 {id : 3});
MATCH (n0 {id : 1}), (n1 {id : 1}) MERGE(n0)-[r :T2{k60 : 'u', id : 4, k54 : 'd', k57 : false, k56 : -1586182210, k59 : 930120127, k58 : false}]->(n1);
MATCH (n0 {id : 1}), (n1 {id : 0}) MERGE(n0)-[r :T2{k60 : 'f', k55 : 'R', id : 5, k54 : 'Qtz', k57 : false, k56 : -2139201722, k59 : -306640193, k58 : false}]->(n1);
MATCH (n0 {id : 3}), (n1 {id : 1}) MERGE(n0)-[r :T1{k49 : -194137762, k51 : 623559112, k53 : 569711816, id : 6}]->(n1);
MATCH (n0 {id : 3}), (n1 {id : 3}) MERGE(n0)-[r :T3{k62 : 'C', k64 : 'jD', k63 : 2130219803, id : 7, k65 : false}]->(n1);
CREATE ({k24:-368795325, id:8}), (n0{k27:false, id:9}) MERGE ({id:10}) CREATE p0=(n1{id:11}) RETURN DISTINCT {k1: [-622656668, CASE WHEN true THEN -504496730 END], k2: relationships(NULL)[toIntegerOrNull(abs(834145396))]} AS a0, NULL AS a1 UNION MERGE (n0{k16:'Fhfb44p', id:12})-[r0 :T2{id:13}]->(n1 :L5{id:14}) SET n1.k=1146789111 REMOVE n0.k2 RETURN 1 AS a0, n1 AS a1;
CREATE ( { k24 : -368795325 , id : 8 } ) CREATE ( n0 { k27 : false , id : 9 } ) MERGE pp0=( { id : 10 } ) CREATE p0 = ( n1 { id : 11 } ) RETURN DISTINCT CASE WHEN FALSE THEN NULL ELSE { k1 : [ CASE WHEN TRUE THEN -622656668 END , CASE WHEN true THEN -504496730 END ] , k2 : relationships ( NULL ) [ toIntegerOrNull ( CASE WHEN FALSE THEN NULL ELSE abs ( 834145396 ) END ) ] } END AS a0 , NULL AS a1 SKIP 1 UNION MERGE ( n0 { k16 : 'Fhfb44p' , id : 12 } ) - [ r0 : T2 { id : 13 } ] - > ( n1 : L5 { id : 14 } ) WITH * OPTIONAL MATCH ()-[:TYPE]-() SET n1 . k = 1146789111 WITH * CALL{WITH *REMOVE n0 . k2 } WITH * UNWIND 1 as l0 RETURN DISTINCT 1 AS a0 , n1 AS a1 ;
MATCH (a) RETURN count(a);
MATCH (b)-[a]->(c) RETURN count(a);
MATCH (b)-[a]->(c) RETURN count(a);
UNWIND [[-1684279563, NULL], [NULL, NULL]] AS a1 OPTIONAL MATCH ()-[]-(), (n2 :L2) SET n2.k=toStringList(a1)[toIntegerOrNull(abs(-1577021034))] RETURN *;
UNWIND ([ [ CASE WHEN FALSE THEN NULL ELSE -1684279563 END , NULL ] , [ NULL , NULL ] ] +[]) AS a1 OPTIONAL MATCH ( ) - [ ] - ( ) ,( n2 : L2 ) OPTIONAL MATCH ()-[:TYPE]-() SET n2 . k = toStringList ( a1 ) [ toIntegerOrNull ( CASE WHEN FALSE THEN NULL ELSE abs ( -1577021034 ) END ) ] WITH * UNWIND [1] as l0 RETURN * ;
MATCH (a) RETURN count(a);
MATCH (a) RETURN count(a);
MATCH (b)-[a]->(c) RETURN count(a);
MATCH (b)-[a]->(c) RETURN count(a);
CREATE ({id:15})-[r0 :T3{id:16}]->(n0{id:17})-[ :T1{id:18}]->({id:19}), p0=({id:20})-[ :T1{id:21}]->({id:22}) CREATE p1=({id:23})-[ :T3{id:24}]->({id:25})-[ :T1{id:26}]->(n1{id:27}), p2=(n2{id:28})-[ :T3{id:29}]->(n3{id:30})-[ :T1{id:31}]->(n4{k14:1864824949, id:32}) MERGE (n5{id:33}) RETURN 1 AS a1, 1 AS a2;
CREATE ({id:19})<-[ : T1 { id : 18 } ] -(n0{id:17})<-[ r0 : T3 { id : 16 } ] -( { id : 15 } ) CREATE p0=({id:22})<-[ : T1 { id : 21 } ] -( { id : 20 } ) CREATE p1 = ( { id : 23 } ) - [ : T3 { id : 24 } ] - > ( { id : 25 } ) - [ : T1 { id : 26 } ] - > ( n1 { id : 27 } ) CREATE p2 = ( n2 { id : 28 } ) - [ : T3 { id : 29 } ] - > ( n3 { id : 30 } ) - [ : T1 { id : 31 } ] - > ( n4 { k14 : 1864824949 , id : 32 } ) WITH * MERGE ( n5 { id : 33 } ) RETURN 1 AS a1 , CASE WHEN TRUE THEN 1 END AS a2 SKIP 1 ;
