-- Time: 2024/04/11 14:30:19
-- Database: janusgraph_database1033
-- Database version: composite
-- seed value: 1712812407558
CREATE (n0 :L2{k17 : -362257581, k16 : '5R6F9S', k18 : 964776773, id : 0, k15 : false, k14 : -134709302});
CREATE (n0 :L5{k31 : true, k33 : -936481136, id : 1, k32 : false, k37 : -1394881369, k36 : false});
CREATE (n0 :L4{k28 : false, k27 : true, k29 : 'JLqTD', k30 : 'r', id : 2, k26 : true});
CREATE (n0 :L6{k39 : 1577332781, k38 : 'v', k40 : false, k42 : 1478108642, k41 : 1976432848, id : 3, k43 : 988805208});
MATCH (n0 {id : 1}), (n1 {id : 3}) MERGE(n0)-[r :T3{k64 : 'Z', k63 : 'W', k66 : 'C', id : 4, k65 : true, k68 : -612299777, k67 : true, k69 : false}]->(n1);
MATCH (n0 {id : 3}), (n1 {id : 2}) MERGE(n0)-[r :T0{k50 : '2Pr2KITk', k44 : true, id : 5, k46 : '6EKUC', k45 : false, k48 : 521296094, k47 : '0'}]->(n1);
MATCH (n0 {id : 1}), (n1 {id : 0}) MERGE(n0)-[r :T3{k63 : 'tQ', id : 6, k65 : false, k68 : -146836692, k67 : true, k69 : true}]->(n1);
MATCH (n0 {id : 2}), (n1 {id : 0}) MERGE(n0)-[r :T4{k71 : false, k70 : false, k73 : 'sZdLC', k72 : 'SIIcK', k74 : 614134148, id : 7}]->(n1);
MATCH (n0 {id : 2}), (n1 {id : 0}) MERGE(n0)-[r :T1{k51 : false, k53 : -532411091, k52 : 1115623964, k55 : true, id : 8, k54 : 'buo'}]->(n1);
OPTIONAL MATCH p0=(n0)-[r0]-() WHERE NULL MERGE ({id:9})-[r1 :T3{id:10}]->(n1 :L2{id:11}) REMOVE n1.k2 RETURN *, startNode(r0) AS a0;
OPTIONAL MATCH p0=(n0)-[r0]-() WHERE NULL MERGE ( { id : 9 } ) - [ r1 : T3 { id : 10 } ] - > ( n1 : L2 { id : 11 } ) WITH * UNWIND [1] as l0 REMOVE n1 . k2 RETURN DISTINCT * , startNode ( r0 ) AS a0 ;
MATCH (a) RETURN count(a);
MATCH (b)-[a]->(c) RETURN count(a);
MATCH (b)-[a]->(c) RETURN count(a);
MATCH (n0) WHERE NULL MERGE ( :L5{k32:false, id:12}) MERGE (n1{k37:-607450817, id:13})-[r0 :T3{id:14}]->(n2{id:15}) RETURN *;
MATCH (n0) WHERE CASE WHEN TRUE THEN NULL END MERGE ( : L5 { k32 : false , id : CASE WHEN TRUE THEN 12 END } ) WITH * MERGE pp0=( n1 { k37 : -607450817 , id : 13 } ) - [ r0 : T3 { id : 14 } ] - > ( n2 { id : 15 } ) RETURN * ;
