-- Time: 2024/04/11 13:44:01
-- Database: janusgraph_database408
-- Database version: composite
-- seed value: 1712812406931
CREATE (n0 {id : 0});
CREATE (n0 {id : 1});
CREATE (n0 :L5{k29 : 'd', k31 : 'Zk3', k30 : 1503434714, k33 : true, id : 2, k32 : 450772604, k35 : true, k34 : true});
CREATE (n0 :L5{k29 : 'd', k31 : 'suvuqFN1', k30 : 2083035701, k33 : true, id : 3, k32 : -544077624, k35 : true, k34 : false});
MATCH (n0 {id : 1}), (n1 {id : 2}) MERGE(n0)-[r :T1{k49 : 'C', k51 : false, k50 : 565283281, k52 : 'I31', id : 4, k48 : -1638700219}]->(n1);
MATCH (n0 {id : 0}), (n1 {id : 2}) MERGE(n0)-[r :T2{k55 : -1554487904, id : 5, k54 : 511432869, k57 : false, k56 : false, k58 : -1761790315}]->(n1);
MERGE (n0{id:6})-[r0 :T1{k48:2014106598, id:7}]->({k31:reverse('ygu8py'), id:8}) MERGE ({id:9}) SET n0.k=(r0.k48) RETURN (r0.k51) AS a0;
MERGE ( n0 { id : 6 } ) - [ r0 : T1 { k48 : 2014106598 , id : 7 } ] - > ( { k31 : reverse ( 'ygu8py' ) , id : 8 } ) WITH * UNWIND 1 as l0 MERGE ( { id : 9 } ) SET n0 . k = ( r0 . k48 ) RETURN ( r0 . k51 ) AS a0 ORDER BY TRUE ;
MATCH (a) RETURN count(a);
MATCH (b)-[a]->(c) RETURN count(a);
MATCH (b)-[a]->(c) RETURN count(a);
UNWIND [{k1: NULL, k2: toStringOrNull(NULL)}, {k1: NULL, k2: NULL}] AS a0 OPTIONAL MATCH (n0) WHERE true SET n0.k=true RETURN NULL AS a1;
UNWIND [ { k1 : NULL , k2 : toStringOrNull ( NULL ) } , { k1 : NULL , k2 : NULL } ] AS a0 OPTIONAL MATCH ()-[:TYPE]-() OPTIONAL MATCH (n0)-[*0..0]-( n0 ) WHERE true SET n0 . k = true RETURN NULL AS a1 SKIP 1 ;
MATCH (a) RETURN count(a);
MATCH (a) RETURN count(a);
MATCH (b)-[a]->(c) RETURN count(a);
MATCH (b)-[a]->(c) RETURN count(a);
MATCH p1=() CREATE ({id:10})-[r0 :T2{k57:NULL, id:11}]->(n3{id:12}) CREATE (n4{id:13}), ({id:14})-[r1 :T2{id:15}]->({k35:true, id:16}) RETURN DISTINCT NULL AS a1;
MATCH p1 = ( ) WITH * CREATE (m0{ id : 10 } )CREATE (m0)- [ r0 : T2 { k57 : NULL , id : 11 } ] - > ( n3 { id : 12 } ) CREATE ( n4 { id : 13 } ) CREATE ( { id : 14 } ) - [ r1 : T2 { id : 15 } ] - > ( { k35 : true , id : 16 } ) RETURN DISTINCT NULL AS a1 ;
