-- Time: 2024/04/11 14:26:26
-- Database: janusgraph_database981
-- Database version: composite
-- seed value: 1712812407506
CREATE (n0 :L5{k33 : true, id : 0, k32 : true, k35 : -173307704, k34 : false, k37 : '4Bh', k36 : 2104363984});
CREATE (n0 {id : 1});
CREATE (n0 :L3{k19 : false, k20 : 'u9JO', k22 : 'W', id : 2, k21 : 'Tq5', k24 : 1681641307, k23 : true});
CREATE (n0 :L4{k27 : false, k31 : 2037070750, k30 : -2060769624, id : 3, k26 : false});
MATCH (n0 {id : 2}), (n1 {id : 0}) MERGE(n0)-[r :T3{k70 : true, k66 : false, id : 4, k68 : false, k67 : 'k6lNO', k69 : 1020876763}]->(n1);
MATCH (n0 {id : 3}), (n1 {id : 1}) MERGE(n0)-[r :T3{k70 : true, k66 : false, id : 5, k65 : -644574021, k67 : 'Q', k69 : 339122245}]->(n1);
MATCH (n0 {id : 1}), (n1 {id : 0}) MERGE(n0)-[r :T2{k60 : 'W', k62 : 'hrgdJ0ILF', k61 : true, k64 : 'KR5', k63 : '7', id : 6, k59 : false}]->(n1);
MATCH (n0 {id : 0}), (n1 {id : 0}) MERGE(n0)-[r :T6{k84 : 941761226, k86 : -170686369, k85 : '0jBL', k88 : true, id : 7, k87 : -1338226071, k89 : false}]->(n1);
MATCH (n0 {id : 0}), (n1 {id : 2}) MERGE(n0)-[r :T0{k49 : 390642118, k51 : -1398445837, k50 : true, id : 8, k45 : false, k48 : 1132613455, k47 : 'lu'}]->(n1);
OPTIONAL MATCH (n0)-[]->() WHERE false DETACH DELETE n0  CREATE ({k31:NULL, id:9})<-[ :T3{id:10}]-(n1{id:11}), (n2{k27:false, id:12}) RETURN 1 AS a0, 1 AS a1 UNION ALL OPTIONAL MATCH (n0) DETACH DELETE n0  MERGE (n1{id:13}) RETURN 1 AS a0, {k1: NULL, k2: NULL} AS a1 LIMIT 1;
OPTIONAL MATCH ( n0 ) - [ ] - > ( ) WHERE false WITH * WITH * CALL{WITH *DETACH DELETE n0 } WITH * UNWIND [NULL] as l0 CREATE ( { k31 : NULL , id : CASE WHEN TRUE THEN 9 END } ) < - [ : T3 { id : 10 } ] - ( n1 { id : 11 } ) CREATE ( n2 { k27 : false , id : 12 } ) RETURN 1 AS a0 , 1 AS a1 UNION ALL OPTIONAL MATCH ( n0 ) DETACH DELETE CASE WHEN FALSE THEN NULL ELSE n0 END MERGE ( n1 { id : 13 } ) WITH * RETURN DISTINCT 1 AS a0 , { k1 : NULL , k2 : NULL } AS a1 LIMIT 1 ;
MATCH (a) RETURN count(a);
MATCH (b)-[a]->(c) RETURN count(a);
MATCH (b)-[a]->(c) RETURN count(a);
MERGE (n0{id:14})-[r0 :T3{k66:false, id:15}]->({k32:true, id:16}) REMOVE n0.k2 SET n0.k=round((r0.k65)) RETURN 1 AS a0, n0 AS a1;
MERGE pp0=( n0 { id : 14 } ) - [ r0 : T3 { k66 : false , id : 15 } ] - > ( { k32 : true , id : 16 } ) WITH * REMOVE n0 . k2 WITH * FOREACH(f in [1]|SET n0 . k = round ( ( r0 . k65 ) ) ) WITH * OPTIONAL MATCH ()-[:TYPE]-() RETURN 1 AS a0 , n0 AS a1 ;
MATCH (a) RETURN count(a);
MATCH (a) RETURN count(a);
MATCH (b)-[a]->(c) RETURN count(a);
MATCH (b)-[a]->(c) RETURN count(a);
WITH max(NULL) AS a0 WHERE toBooleanOrNull('gLsDLQLA') MATCH (n0) SET n0.k=NULL RETURN 1 AS a1, n0 AS a2;
WITH max ( CASE WHEN FALSE THEN NULL ELSE NULL END ) AS a0 WHERE toBooleanOrNull ( 'gLsDLQLA' ) UNWIND [NULL] as l0 MATCH ( n0 ) SET n0 . k = NULL WITH * UNWIND [1] as l1 RETURN DISTINCT 1 AS a1 , n0 AS a2 ;
MATCH (a) RETURN count(a);
MATCH (a) RETURN count(a);
MATCH (b)-[a]->(c) RETURN count(a);
MATCH (b)-[a]->(c) RETURN count(a);
UNWIND [substring(NULL, toIntegerOrNull(abs(2101187671)), toIntegerOrNull(abs(NULL))), reverse(NULL)] AS a0 CREATE (n0 :L5{id:17}), (n1 :L3{id:18})<-[r0 :T0{k46:false, id:19}]-(n2{k35:NULL, id:20})<-[r1 :T2{k59:NULL, id:21}]-(n3{id:22}) CREATE ({id:23})<-[r2 :T0{k46:true, id:24}]-(n4 :L4{k30:length(NULL), id:25}), (n7{id:26})-[ :T2{k62:elementId(endNode(relationships(NULL)[toIntegerOrNull(abs(-1813663653))])), id:27}]->({id:28})-[ :T0{k50:false, id:29}]->({id:30}) RETURN 1 AS a1, 1 AS a2;
UNWIND [ substring ( NULL , CASE WHEN FALSE THEN NULL ELSE toIntegerOrNull ( abs ( 2101187671 ) ) END , toIntegerOrNull ( abs ( NULL ) ) ) , reverse ( NULL ) ] AS a0 CREATE ( n0 : L5 { id : 17 } ) CREATE ( n1 : L3 { id : 18 } ) < - [ r0 : T0 { k46 : CASE WHEN TRUE THEN false END , id : 19 } ] - ( n2 { k35 : NULL , id : 20 } ) < - [ r1 : T2 { k59 : NULL , id : 21 } ] - ( n3 { id : CASE WHEN TRUE THEN 22 END } ) WITH * CREATE (n4 :L4{k30:length(NULL), id:25})-[ r2 : T0 { k46 : true , id : 24 } ] ->( { id : 23 } ) CREATE ( n7 { id : CASE WHEN TRUE THEN 26 END } ) - [ : T2 { k62 : elementId ( endNode ( relationships ( NULL ) [ toIntegerOrNull ( abs ( -1813663653 ) ) ] ) ) , id : 27 } ] - > ( { id : 28 } ) - [ : T0 { k50 : false , id : 29 } ] - > ( { id : 30 } ) WITH * RETURN CASE WHEN FALSE THEN NULL ELSE 1 END AS a1 , 1 AS a2 ;
MATCH (a) RETURN count(a);
MATCH (a) RETURN count(a);
MATCH (b)-[a]->(c) RETURN count(a);
MATCH (b)-[a]->(c) RETURN count(a);
OPTIONAL MATCH () WHERE true MERGE ({id:31})-[r0 :T0{id:32}]-({id:33})-[r1 :T3{id:34}]->({id:35}) MERGE (n0{k23:false, id:36}) RETURN DISTINCT n0 AS a0, NULL AS a1 ORDER BY a0 DESC;
OPTIONAL MATCH ( ) WHERE true MERGE ( { id : 31 } ) - [ r0 : T0 { id : 32 } ] - ( { id : 33 } ) - [ r1 : T3 { id : CASE WHEN FALSE THEN NULL ELSE 34 END } ] - > ( { id : 35 } ) MERGE ( n0 { k23 : false , id : 36 } ) RETURN DISTINCT n0 AS a0 , NULL AS a1 ORDER BY a0 DESC LIMIT 1 ;
MATCH (a) RETURN count(a);
MATCH (a) RETURN count(a);
MATCH (b)-[a]->(c) RETURN count(a);
MATCH (b)-[a]->(c) RETURN count(a);
CREATE (n0{k37:substring(substring(NULL, toIntegerOrNull(abs(-1200912402)), toIntegerOrNull(abs(-662804044))), toIntegerOrNull(abs(((1187346245*-846016885)-(NULL/((2060694189*-506783868)+(-1370707698/-230253816)))))), toIntegerOrNull(abs(-891776878))), id:37})-[r0 :T6{k88:NULL, id:38}]->( :L5{id:39})<-[ :T2{id:40}]-(n1{id:41}), (n2{id:42})-[ :T3{id:43}]->({id:44}) CREATE ({id:45}) MERGE ( :L4{k28:'D', id:46})-[r1 :T3{id:47}]-(n3{id:48}) RETURN n3 AS a0;
CREATE (n0{ k37 : substring ( substring ( NULL , toIntegerOrNull ( abs ( -1200912402 ) ) , toIntegerOrNull ( abs ( -662804044 ) ) ) , toIntegerOrNull ( abs ( ( ( 1187346245 * -846016885 ) - ( NULL / ( ( 2060694189 * -506783868 ) + ( -1370707698 / -230253816 ) ) ) ) ) ) , toIntegerOrNull ( abs ( -891776878 ) ) ) , id : 37 } )CREATE (n0)- [ r0 : T6 { k88 : CASE WHEN TRUE THEN NULL END , id : 38 } ] - > ( : L5 { id : 39 } ) < - [ : T2 { id : 40 } ] - ( n1 { id : 41 } ) CREATE ( n2 { id : 42 } ) - [ : T3 { id : 43 } ] - > ( { id : 44 } ) WITH * CREATE ( { id : 45 } ) MERGE ( : L4 { k28 : 'D' , id : 46 } ) - [ r1 : T3 { id : 47 } ] - ( n3 { id : 48 } ) WITH * RETURN n3 AS a0 ;
MATCH (a) RETURN count(a);
MATCH (a) RETURN count(a);
MATCH (b)-[a]->(c) RETURN count(a);
MATCH (b)-[a]->(c) RETURN count(a);
WITH * OPTIONAL MATCH (n0), (n1) DETACH DELETE n0  RETURN n1 AS a0;
WITH * OPTIONAL MATCH ( n0 ) ,( n1 ) DETACH DELETE n0 RETURN n1 AS a0 ;
MATCH (a) RETURN count(a);
MATCH (a) RETURN count(a);
MATCH (b)-[a]->(c) RETURN count(a);
MATCH (b)-[a]->(c) RETURN count(a);
UNWIND relationships(NULL) AS a0 UNWIND reverse([reverse('t'), NULL]) AS a1 CREATE (n0{id:49})<-[r0 :T0{k48:(1011499350+((size([])+NULL)/1030755518)), id:50}]-(n1{id:51})<-[ :T3{id:52}]-(n2{id:53}) RETURN 1 AS a2;
UNWIND relationships ( NULL ) AS a0 UNWIND reverse ( [ reverse ( 't' ) , NULL ] ) AS a1 CREATE ( n0 { id : 49 } ) < - [ r0 : T0 { k48 : ( 1011499350 + ( ( size ( ([]+[ ] )) + NULL ) / 1030755518 ) ) , id : 50 } ] - ( n1 { id : 51 } ) < - [ : T3 { id : 52 } ] - ( n2 { id : 53 } ) WITH * OPTIONAL MATCH ()-[:TYPE]-() RETURN 1 AS a2 ;
MATCH (a) RETURN count(a);
MATCH (a) RETURN count(a);
MATCH (b)-[a]->(c) RETURN count(a);
MATCH (b)-[a]->(c) RETURN count(a);
UNWIND ['a'] AS a0 CREATE ({id:54})-[r0 :T0{id:55}]->({id:56}), p0=({id:57}) CREATE ({id:58}), p1=( :L3{id:59}) RETURN 1 AS a1;
UNWIND CASE WHEN TRUE THEN [ 'a' ] END AS a0 OPTIONAL MATCH ()-[:TYPE]-() CREATE ( { id : CASE WHEN TRUE THEN 54 END } ) - [ r0 : T0 { id : CASE WHEN FALSE THEN NULL ELSE 55 END } ] - > ( { id : 56 } ) CREATE p0 = ( { id : CASE WHEN TRUE THEN 57 END } ) CREATE ( { id : 58 } ) CREATE p1 = ( : L3 { id : CASE WHEN FALSE THEN NULL ELSE 59 END } ) RETURN 1 AS a1 ;
