-- Time: 2024/04/11 13:29:36
-- Database: janusgraph_database213
-- Database version: composite
-- seed value: 1712812406736
CREATE (n0 :L0{k0 : 'Z', k1 : false, k2 : 710209135, id : 0});
CREATE (n0 :L5{k31 : 2116137335, k30 : true, k33 : 1147774099, id : 1, k32 : 1282565240, k35 : 'I', k34 : 'A', k36 : 'j'});
CREATE (n0 :L1{k5 : 395905001, k11 : false, id : 2, k6 : false, k10 : 'k', k7 : -267424887, k9 : 'jfz'});
CREATE (n0 :L2{k17 : 'a', k18 : 468066886, id : 3, k13 : true, k12 : false, k15 : 657738184, k14 : 'h'});
MATCH (n0 {id : 0}), (n1 {id : 2}) MERGE(n0)-[r :T3{k60 : -1223301760, k61 : 584224376, id : 4, k57 : 's', k59 : 1292704606, k58 : true}]->(n1);
MATCH (n0 {id : 3}), (n1 {id : 2}) MERGE(n0)-[r :T5{k71 : '6', k70 : 325135779, k73 : 85163603, k72 : 'R', k74 : true, id : 5, k69 : 1221562157}]->(n1);
MATCH (n0 {id : 0}), (n1 {id : 0}) MERGE(n0)-[r :T2{k51 : true, k50 : -348412412, k53 : '1av2CE2', k52 : false, k55 : -349871779, id : 6, k54 : true, k56 : false}]->(n1);
MATCH (n0 {id : 0}), (n1 {id : 2}) MERGE(n0)-[r :T6{k75 : false, k77 : 'RIEj6M', id : 7, k76 : 'Zb', k79 : 1885261125, k78 : true}]->(n1);
MATCH (n0 :L0)-[]->(n1)-[ :T6{k78:((('ht'+'skMpI3gV')+'o') <> '57TCC')}]-({k4:(reverse((n0.k0))+'cn')}), (n2) DETACH DELETE n2  REMOVE n0.k2 RETURN 1 AS a0 ORDER BY a0 DESC;
MATCH ( n0 : L0 ) - [ ] - > ( n1 ) - [ : T6 { k78 : ( ( ( (''+'ht' )+ 'skMpI3gV' ) + 'o' ) <> '57TCC' ) } ] - ( { k4 : ( reverse ( ( n0 . k0 ) ) + ('cn' +'') ) } ) ,( n2 ) DETACH DELETE n2 WITH * OPTIONAL MATCH ()-[:TYPE]-() REMOVE n0 . k2 RETURN 1 AS a0 ORDER BY a0 DESC SKIP 1 ;
MATCH (a) RETURN count(a);
MATCH (b)-[a]->(c) RETURN count(a);
MATCH (b)-[a]->(c) RETURN count(a);
UNWIND [NULL, relationships(NULL)[toIntegerOrNull(abs(NULL))]] AS a0 OPTIONAL MATCH p0=(n0) CREATE p1=(n1{k31:2083638862, id:8}) RETURN DISTINCT n0 AS a1;
UNWIND [ NULL , relationships ( NULL ) [ toIntegerOrNull ( abs ( NULL ) ) ] ] AS a0 OPTIONAL MATCH p0 = ( n0 ) UNWIND [1] as l0 CREATE p1 = ( n1 { k31 : 2083638862 , id : 8 } ) WITH * UNWIND [1] as l1 RETURN DISTINCT n0 AS a1 LIMIT 1 ;
MATCH (a) RETURN count(a);
MATCH (a) RETURN count(a);
MATCH (b)-[a]->(c) RETURN count(a);
MATCH (b)-[a]->(c) RETURN count(a);
MATCH (n0{k11:((NULL+'8') < (NULL+'W'))})<-[]-(n1)-[]-(), (n2 :L1{k9:'nm'})-[*0..]-(n3) WHERE (n2.k11) CREATE p0=(n4{k6:(-632790569 = ((n2.k7)/(n2.k8))), id:9}) SET n1.k=(false OR ((n2.k11) AND (true OR true))) RETURN n1 AS a0 ORDER BY a0;
MATCH ( n0 { k11 : ( ( NULL + '8' ) < ( NULL + 'W' ) ) } ) < - [ ] - ( n1 ) - [ ] - ( ) ,( n2 : L1 { k9 : (''+'nm' )} ) - [ * 0 .. ] - ( n3 ) WHERE ( n2 . k11 ) CREATE p0 = ( n4 { k6 : ( -632790569 = ( ( n2 . k7 ) / ( CASE WHEN TRUE THEN n2 . k8 END ) ) ) , id : 9 } ) SET n1 . k = ( false OR ( ( n2 . k11 ) AND ( true OR true ) ) ) WITH * OPTIONAL MATCH ()-[:TYPE]-() RETURN n1 AS a0 ORDER BY a0 ;
