-- Time: 2024/04/11 14:10:52
-- Database: janusgraph_database771
-- Database version: composite
-- seed value: 1712812407295
CREATE (n0 {id : 0});
CREATE (n0 :L5{k31 : true, k30 : false, k33 : 1948701223, id : 1, k35 : false, k34 : true, k36 : -194176654});
CREATE (n0 :L1{k5 : 'o', id : 2, k10 : false, k8 : 1944841145, k9 : -1918950270});
CREATE (n0 :L2{k17 : '2', k16 : 525667785, k11 : -805818066, id : 3, k13 : 'O', k12 : 'L', k15 : true, k14 : true});
MATCH (n0 {id : 3}), (n1 {id : 2}) MERGE(n0)-[r :T2{k60 : -1035547403, k61 : false, id : 4, k57 : 'F', k56 : -421860765, k59 : 'eU', k58 : 2096300454}]->(n1);
MATCH (n0 {id : 0}), (n1 {id : 2}) MERGE(n0)-[r :T2{k60 : -1035547403, k61 : true, id : 5, k57 : 'x', k56 : 2102783682, k59 : '5tAkpzsOV', k58 : 153837882}]->(n1);
MATCH (n0 {id : 3}), (n1 {id : 1}) MERGE(n0)-[r :T1{k49 : 'hX8PoqtS', k51 : 'VEKfrlz3', k50 : true, k53 : true, k52 : 'uY4', k55 : 'J', id : 6, k54 : true}]->(n1);
MATCH (n0 {id : 1}), (n1 {id : 2}) MERGE(n0)-[r :T0{k44 : 'N', id : 7, k43 : 'E', k48 : false, k47 : 'K'}]->(n1);
MATCH (n0 {id : 0}), (n1 {id : 1}) MERGE(n0)-[r :T4{k71 : 'yvWT', k70 : false, id : 8, k68 : true, k67 : '6aB', k69 : false}]->(n1);
CREATE ({id:9})-[ :T2{k57:'FjnIihK', id:10}]->(n1 :L1{k5:'rtMunL', id:11})<-[ :T0{k45:-1591249793, id:12}]-({id:13}), p1=(n2{id:14}) CREATE (n3{id:15})-[ :T2{id:16}]->(n4{id:17}) MERGE ({k8:1375221792, id:18})-[r0 :T2{id:19}]-({id:20})-[r1 :T4{id:21}]->(n5{id:22}) RETURN * LIMIT 1;
CREATE (m0{ id : 9 } )CREATE (m0)- [ : T2 { k57 : CASE WHEN TRUE THEN 'FjnIihK' END , id : CASE WHEN FALSE THEN NULL ELSE 10 END } ] - > ( n1 : L1 { k5 : (''+'rtMunL' ), id : CASE WHEN TRUE THEN 11 END } ) < - [ : T0 { k45 : CASE WHEN FALSE THEN NULL ELSE -1591249793 END , id : 12 } ] - ( { id : 13 } ) CREATE p1 = ( n2 { id : 14 } ) CREATE ( n3 { id : 15 } ) - [ : T2 { id : 16 } ] - > ( n4 { id : 17 } ) MERGE ( { k8 : 1375221792 , id : 18 } ) - [ r0 : T2 { id : CASE WHEN FALSE THEN NULL ELSE 19 END } ] - ( { id : CASE WHEN FALSE THEN NULL ELSE 20 END } ) - [ r1 : T4 { id : 21 } ] - > ( n5 { id : 22 } ) RETURN * LIMIT 1 ;
MATCH (a) RETURN count(a);
MATCH (b)-[a]->(c) RETURN count(a);
MATCH (b)-[a]->(c) RETURN count(a);
MERGE (n2{id:23})-[ :T2{id:24}]->({id:25})<-[ :T2{k59:'2', id:26}]-(n3{id:27}) CREATE (n4 :L2{id:28}) MERGE (n5{k13:'ZEzsYdbya', id:29})-[r0 :T1{id:30}]->({id:31})-[r1 :T4{id:32}]-(n6{id:33}) RETURN [NULL] AS a1 LIMIT 0;
MERGE ( n2 { id : 23 } ) - [ : T2 { id : CASE WHEN TRUE THEN 24 END } ] - > ( { id : 25 } ) < - [ : T2 { k59 : '2' , id : 26 } ] - ( n3 { id : 27 } ) WITH * UNWIND 1 as l0 CREATE ( n4 : L2 { id : 28 } ) WITH * OPTIONAL MATCH ()-[:TYPE]-() MERGE ( n5 { k13 : 'ZEzsYdbya' , id : 29 } ) - [ r0 : T1 { id : 30 } ] - > ( { id : 31 } ) - [ r1 : T4 { id : 32 } ] - ( n6 { id : 33 } ) RETURN CASE WHEN FALSE THEN NULL ELSE [ NULL ] END AS a1 LIMIT CASE WHEN TRUE THEN 0 END ;
