-- Time: 2024/04/11 13:24:04
-- Database: janusgraph_database138
-- Database version: composite
-- seed value: 1712812406620
CREATE (n0 :L3{k20 : 'ak01hdlv6', k22 : true, id : 0, k21 : false, k24 : true, k25 : false});
CREATE (n0 :L0{k0 : true, k1 : 239722827, k2 : true, k4 : -633311984, k5 : 855969608, id : 1});
CREATE (n0 :L1{k11 : true, id : 2, k6 : 'i', k10 : false, k7 : 'C', k8 : false, k12 : true, k9 : 340252931});
CREATE (n0 :L2{k17 : -1151688397, k16 : 'hcr', k19 : 'V', k18 : 'Z4Qijdaw', id : 3, k13 : 'B', k15 : -1483693150, k14 : false});
MATCH (n0 {id : 2}), (n1 {id : 3}) MERGE(n0)-[r :T3{k49 : true, k51 : '4', k50 : 375184111, id : 4, k48 : true}]->(n1);
MATCH (n0 {id : 3}), (n1 {id : 2}) MERGE(n0)-[r :T4{k53 : true, k52 : true, id : 5, k54 : -1277899725, k57 : -189801099, k56 : -1185128911, k58 : true}]->(n1);
MATCH (n0 {id : 1}), (n1 {id : 2}) MERGE(n0)-[r :T2{k42 : 'kwkp8UI', k44 : -184800458, id : 6, k43 : false, k45 : -89025465}]->(n1);
OPTIONAL MATCH ({k14:NULL})-[r0]->() MERGE p0=({id:7}) CREATE (n0{id:8})-[r1 :T3{k48:((reverse(NULL) > reverse('uMk')) OR (NULL OR false)), id:9}]->({id:10}) RETURN 1 AS a0, 1 AS a1;
OPTIONAL MATCH ( { k14 : NULL } ) - [ r0 ] - > ( ) MERGE p0 = ( { id : 7 } ) CREATE ({id:10})<-[ r1 : T3 { k48 : ( ( reverse ( NULL ) > reverse ( ('uMk' +'') ) ) OR ( CASE WHEN TRUE THEN NULL OR false END ) ) , id : 9 } ] -( n0 { id : 8 } ) RETURN 1 AS a0 , 1 AS a1 ;
MATCH (a) RETURN count(a);
MATCH (b)-[a]->(c) RETURN count(a);
MATCH (b)-[a]->(c) RETURN count(a);
WITH DISTINCT toIntegerList(NULL) AS a0 MERGE p0=({id:11})-[r0 :T2{k43:true, id:12}]->({id:13}) CREATE ({id:14}), ({k7:(r0.k42), id:15})-[r1 :T3{id:16}]->({id:17}) RETURN (-1920150021 >= (-2043346618/(2092131288-(r0.k45)))) AS a1, (r0.k46) AS a2;
WITH DISTINCT toIntegerList ( NULL ) AS a0 MERGE p0 = ( { id : 11 } ) - [ r0 : T2 { k43 : true , id : 12 } ] - > ( { id : CASE WHEN FALSE THEN NULL ELSE 13 END } ) CREATE ( { id : 14 } ) CREATE ( { k7 : ( r0 . k42 ) , id : 15 } ) - [ r1 : T3 { id : 16 } ] - > ( { id : 17 } ) WITH * RETURN ( -1920150021 >= ( -2043346618 / ( CASE WHEN TRUE THEN 2092131288 - ( CASE WHEN TRUE THEN r0 . k45 END ) END ) ) ) AS a1 , ( r0 . k46 ) AS a2 ;
MATCH (a) RETURN count(a);
MATCH (a) RETURN count(a);
MATCH (b)-[a]->(c) RETURN count(a);
MATCH (b)-[a]->(c) RETURN count(a);
OPTIONAL MATCH p0=(n0), (n0) OPTIONAL MATCH (n0) SET n0.k=NULL RETURN n0 AS a0;
OPTIONAL MATCH p0 = ( n0 ) ,( n0 ) OPTIONAL MATCH ()-[:TYPE]-() OPTIONAL MATCH ( n0 ) SET n0 . k = NULL WITH * RETURN DISTINCT n0 AS a0 ;
