-- Time: 2024/04/11 14:27:56
-- Database: janusgraph_database1001
-- Database version: composite
-- seed value: 1712812407526
CREATE (n0 {id : 0});
CREATE (n0 :L0{k0 : true, k1 : -1664894154, k2 : 'd11', k3 : false, k4 : true, k5 : false, id : 1, k6 : -1674408128});
CREATE (n0 :L2{k17 : 's4a', k16 : 'NyVYb48z', id : 2, k13 : false, k12 : -616585418, k15 : false, k14 : 1414372933});
CREATE (n0 :L3{k19 : false, k18 : true, k20 : -77485331, id : 3, k24 : true, k23 : false});
MATCH (n0 {id : 1}), (n1 {id : 0}) MERGE(n0)-[r :T5{k63 : 'r', k66 : 'h', id : 4, k65 : 'nQw', k68 : 'Bi', k69 : 'Ba'}]->(n1);
MATCH (n0 {id : 2}), (n1 {id : 0}) MERGE(n0)-[r :T5{k64 : '8', k63 : 'o', k66 : 'jLX85zC', id : 5, k65 : 'DS', k68 : 'z', k67 : true, k69 : 'd'}]->(n1);
MATCH (n0 {id : 2}), (n1 {id : 3}) MERGE(n0)-[r :T4{k60 : 'EfhWj3Av', k62 : false, k61 : false, id : 6, k57 : 'n', k56 : false, k59 : 'n', k58 : true}]->(n1);
MATCH (n0 {id : 3}), (n1 {id : 0}) MERGE(n0)-[r :T2{k49 : 'BwvG', id : 7, k46 : '5Wtrabb', k45 : -384412389, k47 : false}]->(n1);
MATCH (n0 {id : 1}), (n1 {id : 3}) MERGE(n0)-[r :T5{k64 : 'Y2dPSd1', k63 : '9foN', k66 : 'r59OMqk', id : 8, k68 : 'OPAejDhbM', k67 : true, k69 : 'Ba'}]->(n1);
MATCH (n0 {id : 1}), (n1 {id : 0}) MERGE(n0)-[r :T1{k39 : true, k38 : -1430831695, k40 : 'v', k42 : false, k41 : false, k44 : true, id : 9, k43 : '8F9vCs'}]->(n1);
OPTIONAL MATCH (n0)-[r0]-()-[ :T5{k66:toStringOrNull(NULL)}]->(n3), (n4) WHERE NULL DETACH DELETE n0  REMOVE n3.k2 RETURN 1 AS a0 ORDER BY {k1: 2121453380, k2: -680690623} DESC;
OPTIONAL MATCH ( n0 ) - [ r0 ] - ( ) - [ : T5 { k66 : toStringOrNull ( NULL ) } ] - > ( n3 ) ,(n4)-[*0..0]-( n4 ) WHERE NULL UNWIND [NULL] as l0 DETACH DELETE CASE WHEN TRUE THEN n0 END REMOVE n3 . k2 RETURN 1 AS a0 ORDER BY {k1: 2121453380, k2: -680690623} DESC ;
MATCH (a) RETURN count(a);
MATCH (b)-[a]->(c) RETURN count(a);
MATCH (b)-[a]->(c) RETURN count(a);
UNWIND [NULL] AS a0 CREATE (n0{id:10})<-[ :T2{k46:NULL, id:11}]-(n1{id:12})<-[ :T5{id:13}]-(n2{id:14}), ({id:15}) CREATE (n3{id:16}) RETURN DISTINCT *, 1 AS a1 LIMIT 1;
UNWIND [ NULL ] AS a0 CREATE (n0{ id : 10 } )CREATE (n0)< - [ : T2 { k46 : NULL , id : 11 } ] - ( n1 { id : 12 } ) < - [ : T5 { id : 13 } ] - ( n2 { id : 14 } ) CREATE ( { id : CASE WHEN TRUE THEN 15 END } ) WITH * CREATE ( n3 { id : 16 } ) WITH * OPTIONAL MATCH ()-[:TYPE]-() RETURN DISTINCT * , CASE WHEN TRUE THEN 1 END AS a1 LIMIT 1 ;
