-- Time: 2024/04/11 14:01:20
-- Database: janusgraph_database642
-- Database version: composite
-- seed value: 1712812407166
CREATE (n0 :L2{k11 : false, id : 0, k10 : 395077799, k13 : -1289596469, k12 : false, k15 : -429190886, k14 : false});
CREATE (n0 :L4{k22 : -2082776280, id : 1, k21 : 'a', k24 : -124430605, k23 : true, k26 : 'FQriwrljN', k25 : 'iVDFWW'});
CREATE (n0 {id : 2});
CREATE (n0 :L5{k28 : 'dC', k27 : 'tUknWlZ', k29 : '3', k31 : false, k33 : '5', id : 3, k32 : 'WP'});
MATCH (n0 {id : 1}), (n1 {id : 0}) MERGE(n0)-[r :T1{k49 : 'a8BkQ379N', k51 : -789324346, k50 : true, id : 4, k48 : true, k47 : false}]->(n1);
MATCH (n0 {id : 3}), (n1 {id : 3}) MERGE(n0)-[r :T3{k60 : false, k62 : true, k61 : 2092526363, k64 : 382956635, k63 : false, id : 5, k59 : true, k58 : 'K'}]->(n1);
MATCH (n0 {id : 0}), (n1 {id : 0}) MERGE(n0)-[r :T0{k40 : true, k42 : -1844950677, k41 : 406120853, k44 : true, id : 6, k43 : false, k45 : 529647314}]->(n1);
CREATE p0=({k21:NULL, id:7})-[ :T1{id:8}]->({id:9})-[r0 :T0{k41:696625041, id:10}]->(n0 :L2{id:11}) MERGE (n1{id:12})-[r1 :T1{k50:false, id:13}]-({k15:-737952022, id:14})-[r2 :T0{id:15}]-(n2 :L2{k11:true, id:16}) MERGE (n3{k25:'MgTdTE66', id:17}) RETURN n2 AS a0;
CREATE p0 = ( { k21 : CASE WHEN TRUE THEN NULL END , id : 7 } ) - [ : T1 { id : 8 } ] - > ( { id : 9 } ) - [ r0 : T0 { k41 : 696625041 , id : 10 } ] - > ( n0 : L2 { id : 11 } ) WITH * UNWIND [NULL] as l0 MERGE ( n1 { id : 12 } ) - [ r1 : T1 { k50 : false , id : CASE WHEN FALSE THEN NULL ELSE 13 END } ] - ( { k15 : -737952022 , id : 14 } ) - [ r2 : T0 { id : 15 } ] - ( n2 : L2 { k11 : true , id : 16 } ) WITH * MERGE ( n3 { k25 : 'MgTdTE66' , id : 17 } ) RETURN n2 AS a0 ;
MATCH (a) RETURN count(a);
MATCH (b)-[a]->(c) RETURN count(a);
MATCH (b)-[a]->(c) RETURN count(a);
OPTIONAL MATCH ()-[*0..0]-(), p0=(n3)-[]-() WHERE NULL MERGE ( :L5{id:18})<-[ :T1{k49:'JW', id:19}]-(n4{id:20}) REMOVE n3.k2 RETURN 1 AS a1, 1 AS a2 SKIP 1;
OPTIONAL MATCH ( ) - [ * 0 .. 0 ] - ( ) ,p0 = ( n3 ) - [ ] - ( ) WHERE NULL MERGE ( : L5 { id : 18 } ) < - [ : T1 { k49 : 'JW' , id : 19 } ] - ( n4 { id : 20 } ) REMOVE n3 . k2 WITH * UNWIND [1] as l0 RETURN 1 AS a1 , 1 AS a2 ORDER BY 1 SKIP 1 ;
MATCH (a) RETURN count(a);
MATCH (a) RETURN count(a);
MATCH (b)-[a]->(c) RETURN count(a);
MATCH (b)-[a]->(c) RETURN count(a);
MERGE (n0{id:21})<-[r0 :T0{k45:-1704367270, id:22}]-(n1 :L5{id:23}) CREATE (n2{id:24}) MERGE ({id:25})-[r1 :T1{id:26}]-({k31:false, id:27}) RETURN n1 AS a0;
MERGE ( n0 { id : 21 } ) < - [ r0 : T0 { k45 : -1704367270 , id : 22 } ] - ( n1 : L5 { id : 23 } ) CREATE ( n2 { id : 24 } ) WITH * OPTIONAL MATCH ()-[:TYPE]-() MERGE ( { id : 25 } ) - [ r1 : T1 { id : 26 } ] - ( { k31 : false , id : 27 } ) RETURN DISTINCT n1 AS a0 SKIP 1 ;
