-- Time: 2024/04/11 14:04:35
-- Database: janusgraph_database686
-- Database version: composite
-- seed value: 1712812407210
CREATE (n0 {id : 0});
CREATE (n0 :L1{k11 : false, id : 1, k6 : false, k10 : '6', k7 : false, k8 : 'rR7TpdTo', k12 : 'j', k9 : false});
CREATE (n0 :L6{k39 : 'D', k40 : false, k42 : false, k41 : false, id : 2, k43 : 'KRfZ'});
CREATE (n0 :L1{k11 : true, id : 3, k10 : 'M', k7 : false, k8 : 'n', k12 : 'NI9', k9 : true});
MATCH (n0 {id : 1}), (n1 {id : 1}) MERGE(n0)-[r :T4{id : 4, k68 : -785055664, k67 : -214094892, k69 : 'A'}]->(n1);
MATCH (n0 {id : 3}), (n1 {id : 3}) MERGE(n0)-[r :T2{k60 : 'NESrp8uzc', k61 : false, k55 : 'GJ', id : 5, k57 : 'mF4hnc5KD', k56 : 457409010, k59 : 'F9MBVrQF', k58 : true}]->(n1);
MATCH (n0 {id : 3}), (n1 {id : 0}) MERGE(n0)-[r :T4{k71 : '2V5oM0KwQ', k70 : 'Q', id : 6, k68 : -1699128597, k67 : -214094892, k69 : 'P0FMvd5'}]->(n1);
MATCH (n0)-[ :T4{k71:('Tm'+'0')}]-(n1{k8:'l4'}), p0=( :L1) MERGE (n2 :L1{id:7})-[r0 :T4{id:8}]->(n3{k9:true, id:9}) MERGE (n4 :L1{id:10})-[ :T4{k71:'NVyj', id:11}]-( :L1{id:12}) RETURN DISTINCT n1 AS a0 ORDER BY relationships(NULL)[toIntegerOrNull(abs((1437291139*2093685707)))];
MATCH (n0)-[*0..0]-( n0 ) - [ : T4 { k71 : ( 'Tm' + '0' ) } ] - ( n1 { k8 : 'l4' } ) ,p0 = ( : L1 ) MERGE ( n2 : L1 { id : 7 } ) - [ r0 : T4 { id : 8 } ] - > ( n3 { k9 : true , id : 9 } ) MERGE ( n4 : L1 { id : 10 } ) - [ : T4 { k71 : CASE WHEN FALSE THEN NULL ELSE (''+'NVyj' )END , id : 11 } ] - ( : L1 { id : 12 } ) WITH * OPTIONAL MATCH ()-[:TYPE]-() RETURN DISTINCT n1 AS a0 ORDER BY relationships(NULL)[toIntegerOrNull(abs((1437291139*2093685707)))] DESC ;
MATCH (a) RETURN count(a);
MATCH (b)-[a]->(c) RETURN count(a);
MATCH (b)-[a]->(c) RETURN count(a);
MERGE p0=(n0{id:13}) SET n0.k=NULL CREATE ({id:14}), ({id:15})<-[ :T4{id:16}]-({id:17})-[ :T2{k58:true, id:18}]->({id:19}) RETURN n0 AS a0;
MERGE p0 = ( n0 { id : 13 } ) WITH * CALL{WITH *SET n0 . k = NULL } WITH * CREATE ( { id : 14 } ) CREATE (m0{ id : 15 } )CREATE (m0)< - [ : T4 { id : 16 } ] - ( { id : 17 } ) - [ : T2 { k58 : true , id : 18 } ] - > ( { id : CASE WHEN TRUE THEN 19 END } ) RETURN DISTINCT n0 AS a0 ORDER BY FALSE ;
MATCH (a) RETURN count(a);
MATCH (a) RETURN count(a);
MATCH (b)-[a]->(c) RETURN count(a);
MATCH (b)-[a]->(c) RETURN count(a);
CREATE ( :L6{id:20}) CREATE p0=({id:21}), p1=({k40:true, id:22}) CREATE ({id:23}) RETURN DISTINCT 1 AS a2, 1 AS a3 ORDER BY properties(endNode(relationships(NULL)[toIntegerOrNull(abs(1187497028))])) DESC;
CREATE ( : L6 { id : 20 } ) CREATE p0 = ( { id : 21 } ) CREATE p1 = ( { k40 : true , id : CASE WHEN FALSE THEN NULL ELSE 22 END } ) CREATE ( { id : 23 } ) RETURN DISTINCT 1 AS a2 , 1 AS a3 ORDER BY properties(endNode(relationships(NULL)[toIntegerOrNull(abs(1187497028))])) DESC ;
MATCH (a) RETURN count(a);
MATCH (a) RETURN count(a);
MATCH (b)-[a]->(c) RETURN count(a);
MATCH (b)-[a]->(c) RETURN count(a);
UNWIND [NULL, CASE WHEN NULL THEN NULL END] AS a0 CREATE (n0 :L1{id:24})<-[r0 :T4{id:25}]-( :L1{id:26}), p0=({id:27}) MERGE ( :L1{id:28}) RETURN 1 AS a1;
UNWIND ([]+[ CASE WHEN FALSE THEN NULL ELSE NULL END , CASE WHEN NULL THEN NULL END ] )AS a0 UNWIND [NULL] as l0 CREATE (n0: L1 { id : 24 } )CREATE (n0)< - [ r0 : T4 { id : CASE WHEN TRUE THEN 25 END } ] - ( : L1 { id : 26 } ) CREATE p0 = ( { id : 27 } ) MERGE ( : L1 { id : 28 } ) WITH * RETURN 1 AS a1 ;
