-- Time: 2024/04/11 14:19:25
-- Database: janusgraph_database886
-- Database version: composite
-- seed value: 1712812407411
CREATE (n0 :L0{k0 : 701240510, k1 : -530409636, k2 : -149025054, k3 : '2tmjL5', k4 : false, k5 : 'sskCaauZ', id : 0, k6 : 'a'});
CREATE (n0 :L0{k0 : -911946834, k1 : 1225951976, k2 : -2128081903, k3 : 'N7fw', k5 : 'Ne', id : 1, k6 : 'X'});
CREATE (n0 :L0{k0 : -500488860, k1 : 1877555924, k2 : 1099509465, k3 : '9k4', k4 : false, k5 : 'Td5S2', id : 2, k6 : 'pasM'});
CREATE (n0 :L3{k20 : 1839867606, k22 : false, id : 3, k21 : 'w', k24 : 'EHO', k23 : 2008097701});
MATCH (n0 {id : 2}), (n1 {id : 3}) MERGE(n0)-[r :T4{k62 : true, k64 : 'O', k66 : 'd', id : 4, k65 : 1564643314}]->(n1);
MATCH (n0 {id : 2}), (n1 {id : 2}) MERGE(n0)-[r :T2{k51 : false, k50 : true, k53 : 194188980, k52 : -1916749545, id : 5, k54 : true}]->(n1);
MATCH (n0 {id : 3}), (n1 {id : 2}) MERGE(n0)-[r :T4{k62 : true, k63 : 'G1J', k66 : 'W4M', id : 6, k65 : -1351801709}]->(n1);
MATCH (n0 {id : 3}), (n1 {id : 0}) MERGE(n0)-[r :T2{k50 : true, k52 : -1916749545, id : 7, k54 : true}]->(n1);
MATCH (n0 {id : 1}), (n1 {id : 1}) MERGE(n0)-[r :T0{k39 : -1609363388, k38 : false, k42 : true, k41 : 'Z', id : 8, k43 : -245907453}]->(n1);
CREATE ({id:9})-[r0 :T2{id:10}]->(n0{id:11}) MERGE ({id:12}) MERGE (n1 :L0{k2:round(1919108508), id:13}) RETURN *, n1 AS a0 SKIP 1;
CREATE ( { id : 9 } ) - [ r0 : T2 { id : 10 } ] - > ( n0 { id : 11 } ) WITH * UNWIND [1] as l0 MERGE ( { id : 12 } ) MERGE ( n1 : L0 { k2 : CASE WHEN TRUE THEN round ( 1919108508 ) END , id : CASE WHEN FALSE THEN NULL ELSE 13 END } ) RETURN * , n1 AS a0 SKIP 1 ;
MATCH (a) RETURN count(a);
MATCH (b)-[a]->(c) RETURN count(a);
MATCH (b)-[a]->(c) RETURN count(a);
CREATE p0=({id:14}), ({id:15}) MERGE ( :L3{id:16})-[r0 :T4{k66:'YXEp', id:17}]->(n0{k6:'5', id:18})-[r1 :T2{id:19}]->({id:20}) DETACH DELETE r1  RETURN 1 AS a0, r0 AS a1 ORDER BY a0, a1;
CREATE p0 = ( { id : 14 } ) CREATE ( { id : CASE WHEN TRUE THEN 15 END } ) WITH * OPTIONAL MATCH ()-[:TYPE]-() MERGE ( : L3 { id : 16 } ) - [ r0 : T4 { k66 : 'YXEp' , id : 17 } ] - > ( n0 { k6 : '5' , id : 18 } ) - [ r1 : T2 { id : 19 } ] - > ( { id : 20 } ) DETACH DELETE r1 WITH * OPTIONAL MATCH ()-[:TYPE]-() RETURN 1 AS a0 , r0 AS a1 ORDER BY a0, a1 ;
MATCH (a) RETURN count(a);
MATCH (a) RETURN count(a);
MATCH (b)-[a]->(c) RETURN count(a);
MATCH (b)-[a]->(c) RETURN count(a);
MERGE ({id:21}) MERGE (n0{k6:'a', id:22})-[r0 :T4{id:23}]-(n1 :L3{k22:true, id:24}) SET n0.k=-837873810 RETURN n1 AS a0, 1 AS a1;
MERGE ( { id : 21 } ) WITH * MERGE ( n0 { k6 : 'a' , id : 22 } ) - [ r0 : T4 { id : 23 } ] - ( n1 : L3 { k22 : true , id : CASE WHEN TRUE THEN 24 END } ) SET n0 . k = -837873810 WITH * OPTIONAL MATCH ()-[:TYPE]-() RETURN CASE WHEN FALSE THEN NULL ELSE n1 END AS a0 , 1 AS a1 ORDER BY TRUE ;
MATCH (a) RETURN count(a);
MATCH (a) RETURN count(a);
MATCH (b)-[a]->(c) RETURN count(a);
MATCH (b)-[a]->(c) RETURN count(a);
CREATE ({id:25}), (n0{id:26})<-[r0 :T4{id:27}]-(n1{id:28}) CREATE (n2{id:29}), ({k5:reverse(type(NULL)), id:30}) MERGE (n3{id:31}) RETURN n3 AS a0;
CREATE ( { id : 25 } ) CREATE ( n0 { id : 26 } ) < - [ r0 : T4 { id : 27 } ] - ( n1 { id : 28 } ) CREATE ( n2 { id : 29 } ) CREATE ( { k5 : reverse ( type ( NULL ) ) , id : CASE WHEN TRUE THEN 30 END } ) WITH * OPTIONAL MATCH ()-[:TYPE]-() MERGE ( n3 { id : 31 } ) WITH * OPTIONAL MATCH ()-[:TYPE]-() RETURN n3 AS a0 LIMIT 1 ;
MATCH (a) RETURN count(a);
MATCH (a) RETURN count(a);
MATCH (b)-[a]->(c) RETURN count(a);
MATCH (b)-[a]->(c) RETURN count(a);
CREATE (n0 :L0{id:32}), ( :L0{id:33})<-[ :T4{k66:NULL, id:34}]-({id:35}) CREATE (n1{id:36})<-[r0 :T2{k50:true, id:37}]-({id:38})<-[ :T4{id:39}]-({k0:round(NULL), id:40}), (n2{id:41})-[ :T4{id:42}]->(n3{k4:exists(( :L0)<-[{k64:NULL}]-( :L0)), id:43}) CREATE ({id:44})<-[r1 :T4{id:45}]-({id:46})-[r2 :T2{id:47}]->(n4{id:48}), (n5 :L0{id:49}) RETURN 1 AS a0;
CREATE ( n0 : L0 { id : CASE WHEN FALSE THEN NULL ELSE 32 END } ) CREATE ( : L0 { id : 33 } ) < - [ : T4 { k66 : NULL , id : 34 } ] - ( { id : CASE WHEN TRUE THEN 35 END } ) CREATE (n1{ id : 36 } )CREATE (n1)< - [ r0 : T2 { k50 : true , id : 37 } ] - ( { id : 38 } ) < - [ : T4 { id : 39 } ] - ( { k0 : round ( NULL ) , id : 40 } ) CREATE (n2{ id : 41 } )CREATE (n2)- [ : T4 { id : 42 } ] - > ( n3 { k4 : CASE WHEN FALSE THEN NULL ELSE TRUE AND exists ( ( : L0 ) < - [ { k64 : NULL } ] - ( : L0 ) ) END , id : 43 } ) CREATE ( { id : 44 } ) < - [ r1 : T4 { id : 45 } ] - ( { id : 46 } ) - [ r2 : T2 { id : CASE WHEN FALSE THEN NULL ELSE 47 END } ] - > ( n4 { id : 48 } ) CREATE ( n5 : L0 { id : 49 } ) RETURN 1 AS a0 LIMIT 1 ;
MATCH (a) RETURN count(a);
MATCH (a) RETURN count(a);
MATCH (b)-[a]->(c) RETURN count(a);
MATCH (b)-[a]->(c) RETURN count(a);
UNWIND NULL AS a0 CREATE (n0{id:50})<-[r0 :T4{id:51}]-(n1{k6:substring(CASE WHEN true THEN reverse('K40b') END, toIntegerOrNull(abs(NULL)), toIntegerOrNull(abs(NULL))), id:52})-[r1 :T2{id:53}]->( :L0{id:54}), ({id:55})-[r2 :T2{id:56}]->( :L0{id:57}) MERGE (n2 :L0{id:58}) RETURN (n2.k6) AS a1;
UNWIND NULL AS a0 CREATE ( n0 { id : 50 } ) < - [ r0 : T4 { id : 51 } ] - ( n1 { k6 : CASE WHEN FALSE THEN NULL ELSE substring ( CASE WHEN true THEN reverse ( 'K40b' ) END , toIntegerOrNull ( CASE WHEN TRUE THEN abs ( NULL ) END ) , toIntegerOrNull ( abs ( CASE WHEN FALSE THEN NULL ELSE NULL END ) ) ) END , id : 52 } ) - [ r1 : T2 { id : 53 } ] - > ( : L0 { id : 54 } ) CREATE ( { id : 55 } ) - [ r2 : T2 { id : 56 } ] - > ( : L0 { id : 57 } ) MERGE ( n2 : L0 { id : CASE WHEN TRUE THEN 58 END } ) RETURN ( CASE WHEN FALSE THEN NULL ELSE n2 . k6 END ) AS a1 ;
MATCH (a) RETURN count(a);
MATCH (a) RETURN count(a);
MATCH (b)-[a]->(c) RETURN count(a);
MATCH (b)-[a]->(c) RETURN count(a);
CREATE ({id:59})-[ :T0{id:60}]->(n0 :L0{id:61}), ({id:62}) MERGE ({id:63})-[r0 :T4{id:64}]-( :L0{k5:'WHJ', id:65}) MERGE (n1 :L0{id:66})-[r1 :T4{id:67}]-({id:68}) RETURN (n1.k6) AS a0, (n1.k5) AS a1;
CREATE (m0{ id : 59 } )CREATE (m0)- [ : T0 { id : 60 } ] - > ( n0 : L0 { id : 61 } ) CREATE ( { id : 62 } ) MERGE pp0=( { id : 63 } ) - [ r0 : T4 { id : 64 } ] - ( : L0 { k5 : (''+'WHJ' ), id : 65 } ) MERGE ( n1 : L0 { id : 66 } ) - [ r1 : T4 { id : 67 } ] - ( { id : 68 } ) RETURN ( n1 . k6 ) AS a0 , ( CASE WHEN TRUE THEN n1 . k5 END ) AS a1 ORDER BY NULL ;
MATCH (a) RETURN count(a);
MATCH (a) RETURN count(a);
MATCH (b)-[a]->(c) RETURN count(a);
MATCH (b)-[a]->(c) RETURN count(a);
UNWIND [NULL, NULL] AS a0 UNWIND NULL AS a1 MERGE ( :L0{id:69})<-[r0 :T2{k52:1, id:70}]-({id:71})-[r1 :T4{id:72}]-(n0{id:73}) RETURN n0 AS a2, r0 AS a3;
UNWIND CASE WHEN FALSE THEN NULL ELSE [ NULL , NULL ] END AS a0 WITH * UNWIND CASE WHEN TRUE THEN NULL END AS a1 WITH * MERGE ( : L0 { id : 69 } ) < - [ r0 : T2 { k52 : CASE WHEN TRUE THEN 1 END , id : 70 } ] - ( { id : CASE WHEN FALSE THEN NULL ELSE 71 END } ) - [ r1 : T4 { id : 72 } ] - ( n0 { id : 73 } ) WITH * RETURN n0 AS a2 , r0 AS a3 ;
MATCH (a) RETURN count(a);
MATCH (a) RETURN count(a);
MATCH (b)-[a]->(c) RETURN count(a);
MATCH (b)-[a]->(c) RETURN count(a);
MERGE (n2{id:74})<-[ :T4{id:75}]-(n3{id:76})-[r1 :T2{k54:false, id:77}]->(n4 :L0{id:78}) MERGE ({id:79})-[ :T4{k64:'W', id:80}]->({id:81}) DETACH DELETE n4  RETURN 1 AS a1;
MERGE ( n2 { id : 74 } ) < - [ : T4 { id : 75 } ] - ( n3 { id : 76 } ) - [ r1 : T2 { k54 : false , id : 77 } ] - > ( n4 : L0 { id : 78 } ) MERGE ( { id : 79 } ) - [ : T4 { k64 : 'W' , id : CASE WHEN FALSE THEN NULL ELSE 80 END } ] - > ( { id : CASE WHEN TRUE THEN 81 END } ) WITH * OPTIONAL MATCH ()-[:TYPE]-() DETACH DELETE n4 RETURN 1 AS a1 ORDER BY 1 DESC ;
MATCH (a) RETURN count(a);
MATCH (a) RETURN count(a);
MATCH (b)-[a]->(c) RETURN count(a);
MATCH (b)-[a]->(c) RETURN count(a);
CREATE ({k5:'Xin3LR6Ok', id:82})-[r0 :T2{k50:((NOT (NULL OR NULL)) IS NULL), id:83}]->(n0{id:84})-[r1 :T4{k62:(1669841645 > (-1339775414*-2011863698)), id:85}]->({id:86}), ( :L0{id:87})<-[r2 :T4{id:88}]-( :L3{id:89}) CREATE ({id:90}) CREATE ({id:91}) RETURN 1 AS a3, 1 AS a4 SKIP 0;
CREATE ( { k5 : 'Xin3LR6Ok' , id : 82 } ) - [ r0 : T2 { k50 : ( CASE WHEN TRUE THEN ( NOT ( NULL OR NULL ) ) IS NULL END ) , id : 83 } ] - > ( n0 { id : 84 } ) - [ r1 : T4 { k62 : ( 1669841645 > ( -1339775414 * -2011863698 ) ) , id : 85 } ] - > ( { id : CASE WHEN TRUE THEN 86 END } ) CREATE ( : L0 { id : 87 } ) < - [ r2 : T4 { id : 88 } ] - ( : L3 { id : 89 } ) WITH * UNWIND 1 as l0 CREATE ( { id : 90 } ) WITH * OPTIONAL MATCH ()-[:TYPE]-() CREATE ( { id : 91 } ) RETURN DISTINCT 1 AS a3 , 1 AS a4 SKIP 0 ;
MATCH (a) RETURN count(a);
MATCH (a) RETURN count(a);
MATCH (b)-[a]->(c) RETURN count(a);
MATCH (b)-[a]->(c) RETURN count(a);
CREATE ({id:92})<-[r0 :T4{id:93}]-({id:94}) MERGE p0=({id:95})-[r1 :T4{k63:'y', id:96}]-(n0{k2:-1258934135, id:97})-[r2 :T2{id:98}]-(n1{id:99}) SET n0.k=((r1.k62) IS NOT NULL) RETURN 1 AS a0, 1 AS a1;
CREATE ( { id : 92 } ) < - [ r0 : T4 { id : 93 } ] - ( { id : 94 } ) WITH * OPTIONAL MATCH ()-[:TYPE]-() MERGE p0 = ( { id : 95 } ) - [ r1 : T4 { k63 : 'y' , id : 96 } ] - ( n0 { k2 : -1258934135 , id : 97 } ) - [ r2 : T2 { id : 98 } ] - ( n1 { id : 99 } ) WITH * OPTIONAL MATCH ()-[:TYPE]-() SET n0 . k = CASE WHEN FALSE THEN NULL ELSE ( ( r1 . k62 ) IS NOT NULL ) END WITH * RETURN DISTINCT 1 AS a0 , 1 AS a1 ORDER BY TRUE ;
