-- Time: 2024/04/11 13:51:56
-- Database: janusgraph_database515
-- Database version: composite
-- seed value: 1712812407039
CREATE (n0 :L3{k19 : 'v4', k18 : true, k20 : false, id : 0, k21 : true, k23 : 'adY88gfxH'});
CREATE (n0 :L5{k31 : -1139862616, id : 1, k32 : true, k35 : '66DH', k34 : '9x5VtY', k36 : 1785147989});
CREATE (n0 :L3{k17 : 'Fy4', k19 : 'S', k18 : true, k22 : true, id : 2, k21 : false, k23 : 'K'});
CREATE (n0 :L4{k28 : 'km', k27 : 1288426430, k29 : 'LHkhv3bZM', k30 : 854397704, id : 3, k26 : -2018488537, k25 : true});
MATCH (n0 {id : 2}), (n1 {id : 2}) MERGE(n0)-[r :T3{k60 : 720432171, k55 : -874650040, id : 4, k54 : 994681805, k57 : false, k56 : '6', k59 : 'IfQ', k58 : false}]->(n1);
MATCH (n0 {id : 1}), (n1 {id : 3}) MERGE(n0)-[r :T3{k60 : -1064840494, k55 : -1734292595, id : 5, k54 : -1118300207, k57 : false, k56 : 'MNXWUn', k59 : 'ONZh'}]->(n1);
MATCH (n0 {id : 3}), (n1 {id : 3}) MERGE(n0)-[r :T0{k39 : '6Tr0F', k38 : -1625858908, k40 : -293482435, id : 6, k37 : 2067438763}]->(n1);
MATCH (n0 {id : 1}), (n1 {id : 2}) MERGE(n0)-[r :T0{k39 : 'X', k38 : -1091438773, k40 : -1274583715, k42 : -1932507388, k41 : -921524130, id : 7, k37 : 1247969296}]->(n1);
MATCH (n0 {id : 1}), (n1 {id : 3}) MERGE(n0)-[r :T3{k60 : -1934403937, k55 : 1173650738, id : 8, k54 : -1455837010, k57 : true, k56 : 'cV', k59 : 'jCQsTOs', k58 : false}]->(n1);
UNWIND NULL AS a0 MERGE (n0{id:9}) CREATE (n1{id:10}), (n2{id:11})-[ :T0{k42:-42840241, id:12}]->(n3{k21:NULL, id:13}) RETURN n0 AS a1, 1 AS a2 UNION ALL UNWIND [NULL] AS a0 MERGE ({k32:false, id:14})-[r0 :T3{id:15}]->( :L4{k29:'F', id:16}) MERGE p0=({id:17})-[r1 :T0{id:18}]-(n0{id:19})-[r2 :T3{k56:'b', id:20}]-( :L3{id:21}) RETURN (r2.k59) AS a1, 1 AS a2;
UNWIND NULL AS a0 WITH * MERGE ( n0 { id : CASE WHEN TRUE THEN 9 END } ) CREATE ( n1 { id : 10 } ) CREATE ( n2 { id : 11 } ) - [ : T0 { k42 : -42840241 , id : 12 } ] - > ( n3 { k21 : NULL , id : 13 } ) RETURN n0 AS a1 , 1 AS a2 UNION ALL UNWIND [ NULL ] AS a0 MERGE ( { k32 : false , id : 14 } ) - [ r0 : T3 { id : 15 } ] - > ( : L4 { k29 : 'F' , id : 16 } ) MERGE p0 = ( { id : 17 } ) - [ r1 : T0 { id : 18 } ] - ( n0 { id : 19 } ) - [ r2 : T3 { k56 : 'b' , id : 20 } ] - ( : L3 { id : CASE WHEN TRUE THEN 21 END } ) WITH * RETURN ( r2 . k59 ) AS a1 , 1 AS a2 ;
MATCH (a) RETURN count(a);
MATCH (b)-[a]->(c) RETURN count(a);
MATCH (b)-[a]->(c) RETURN count(a);
CREATE ({k23:NULL, id:22}) MERGE p0=({id:23})-[r0 :T3{id:24}]-(n0{id:25}) REMOVE n0.k2 RETURN *, n0 AS a0;
CREATE ( { k23 : NULL , id : CASE WHEN TRUE THEN 22 END } ) MERGE p0 = ( { id : 23 } ) - [ r0 : T3 { id : CASE WHEN TRUE THEN 24 END } ] - ( n0 { id : 25 } ) WITH * REMOVE n0 . k2 WITH * UNWIND [1] as l0 RETURN * , n0 AS a0 ;
