-- Time: 2024/04/11 13:48:09
-- Database: janusgraph_database464
-- Database version: composite
-- seed value: 1712812406987
CREATE (n0 {id : 0});
CREATE (n0 :L4{k28 : true, k27 : 'eH', k29 : false, id : 1, k24 : 'p', k23 : 48499193, k26 : 'W', k25 : 'z'});
CREATE (n0 :L3{k17 : 'mce', k19 : 'LO', k20 : 907162163, id : 2});
CREATE (n0 :L0{k0 : true, k1 : 'FxTLUOLA', k2 : 'xj2cZytVo', k4 : true, k5 : 1622180464, id : 3});
MATCH (n0 {id : 2}), (n1 {id : 1}) MERGE(n0)-[r :T1{k39 : 'AB3', k38 : false, id : 4, k37 : false}]->(n1);
MATCH (n0 {id : 2}), (n1 {id : 1}) MERGE(n0)-[r :T3{k49 : 1031043854, k50 : true, k52 : true, id : 5, k48 : -1465697575}]->(n1);
MATCH (n0 {id : 0}), (n1 {id : 3}) MERGE(n0)-[r :T0{k31 : false, k30 : -1437960275, k33 : false, id : 6, k35 : 1468599635, k34 : 'X0eM'}]->(n1);
MATCH (n0 {id : 2}), (n1 {id : 0}) MERGE(n0)-[r :T2{k42 : 941708260, k41 : 'U', id : 7, k43 : 834018440, k46 : -187608550, k45 : false, k47 : true}]->(n1);
MATCH (n0 {id : 1}), (n1 {id : 1}) MERGE(n0)-[r :T3{k51 : 'kEE1', k50 : true, k52 : false, id : 8, k48 : 879096872}]->(n1);
MATCH (n0 {id : 2}), (n1 {id : 0}) MERGE(n0)-[r :T3{k49 : -1007025745, k51 : 'W5uzqOch4', k50 : false, k52 : false, id : 9, k48 : 998515432}]->(n1);
OPTIONAL MATCH ()<-[]-(), (n0)-[r0]->(n1) DETACH DELETE n1  REMOVE n0.k2 RETURN n0 AS a0;
OPTIONAL MATCH ( ) < - [ ] - ( ) ,( n0 ) - [ r0 ] - > ( n1 ) DETACH DELETE n1 WITH * OPTIONAL MATCH ()-[:TYPE]-() WITH * CALL{WITH *REMOVE n0 . k2 } WITH * OPTIONAL MATCH ()-[:TYPE]-() RETURN n0 AS a0 SKIP 1 ;
MATCH (a) RETURN count(a);
MATCH (b)-[a]->(c) RETURN count(a);
MATCH (b)-[a]->(c) RETURN count(a);
OPTIONAL MATCH (n0)-[]-(), ()-[*..2]->(n1)-[]->() WHERE true REMOVE n1.k2 REMOVE n0.k2 RETURN 1 AS a0;
OPTIONAL MATCH ( n0 ) - [ ] - ( ) ,( ) - [ * .. 2 ] - > ( n1 ) - [ ] - > ( ) WHERE true WITH * REMOVE n1 . k2 WITH * REMOVE n0 . k2 RETURN DISTINCT 1 AS a0 ;
