-- Time: 2024/04/11 13:16:21
-- Database: janusgraph_database34
-- Database version: composite
-- seed value: 1712812406515
CREATE (n0 :L3{k17 : false, k19 : 'hnNBZ', k18 : true, k20 : true, id : 0, k23 : -60485211});
CREATE (n0 :L1{id : 1, k6 : -168109774, k10 : -1614100288, k8 : true, k9 : 'n'});
CREATE (n0 {id : 2});
CREATE (n0 :L4{k28 : true, k27 : true, k29 : true, id : 3, k26 : false, k25 : 'y9j'});
MATCH (n0 {id : 1}), (n1 {id : 2}) MERGE(n0)-[r :T3{k51 : true, k50 : -991875479, k53 : 19959032, k52 : -1670845311, id : 4}]->(n1);
MATCH (n0 {id : 1}), (n1 {id : 1}) MERGE(n0)-[r :T3{k49 : -1964824676, k50 : 1683442044, k53 : -954512340, k52 : -1650492383, id : 5}]->(n1);
WITH 'uiq' AS a1 LIMIT 0 WHERE toBooleanList(NULL)[toIntegerOrNull(abs(265175438))] CREATE p1=(n0{id:6}) MERGE ({id:7}) RETURN 1 AS a2;
WITH 'uiq' AS a1 LIMIT 0 WHERE toBooleanList ( NULL ) [ CASE WHEN TRUE THEN toIntegerOrNull ( abs ( 265175438 ) ) END ] WITH * CREATE p1 = ( n0 { id : 6 } ) MERGE ( { id : 7 } ) WITH * OPTIONAL MATCH ()-[:TYPE]-() RETURN 1 AS a2 ;
MATCH (a) RETURN count(a);
MATCH (b)-[a]->(c) RETURN count(a);
MATCH (b)-[a]->(c) RETURN count(a);
CREATE (n0{id:8})<-[r0 :T3{k50:112746826, id:9}]-(n1{id:10})-[r1 :T3{id:11}]->({k6:NULL, id:12}), (n2 :L1{id:13})-[r2 :T3{k51:true, id:14}]->(n3 :L1{id:15})-[r3 :T3{id:16}]->({id:17}) CREATE ({id:18})<-[r4 :T3{id:19}]-(n4{id:20}), p0=({id:21}) MERGE (n5{id:22}) RETURN endNode(NULL) AS a0;
CREATE (n0{ id : 8 } )CREATE (n0)< - [ r0 : T3 { k50 : 112746826 , id : 9 } ] - ( n1 { id : 10 } ) - [ r1 : T3 { id : 11 } ] - > ( { k6 : NULL , id : 12 } ) CREATE ( n2 : L1 { id : 13 } ) - [ r2 : T3 { k51 : true , id : 14 } ] - > ( n3 : L1 { id : 15 } ) - [ r3 : T3 { id : 16 } ] - > ( { id : 17 } ) CREATE ( { id : 18 } ) < - [ r4 : T3 { id : 19 } ] - ( n4 { id : 20 } ) CREATE p0 = ( { id : 21 } ) MERGE ( n5 { id : 22 } ) RETURN endNode ( NULL ) AS a0 ;
MATCH (a) RETURN count(a);
MATCH (a) RETURN count(a);
MATCH (b)-[a]->(c) RETURN count(a);
MATCH (b)-[a]->(c) RETURN count(a);
OPTIONAL MATCH p0=(n0 :L1)-[r0 :T3{k50:-1507505988}]-() MERGE (n1 :L1{k9:'E', id:23})-[r1 :T3{k52:-1535501672, id:24}]-(n2{id:25}) MERGE ({id:26}) RETURN (n1.k7) AS a0;
OPTIONAL MATCH p0 = (n0)-[*0..0]-( n0 : L1 ) - [ r0 : T3 { k50 : -1507505988 } ] - ( ) MERGE ( n1 : L1 { k9 : 'E' , id : 23 } ) - [ r1 : T3 { k52 : -1535501672 , id : 24 } ] - ( n2 { id : 25 } ) MERGE ( { id : 26 } ) RETURN ( n1 . k7 ) AS a0 ORDER BY 1 ;
MATCH (a) RETURN count(a);
MATCH (a) RETURN count(a);
MATCH (b)-[a]->(c) RETURN count(a);
MATCH (b)-[a]->(c) RETURN count(a);
MATCH (n0) UNWIND [(n0)<-[r0]-(n1) WHERE false|NULL] AS a0 CREATE ({id:27}) RETURN 1 AS a1, 1 AS a2 SKIP 0 UNION ALL CREATE ( :L3{id:28}), (n1{id:29}) CREATE (n2{id:30}) CREATE (n3{id:31}) RETURN 't' AS a1, 1 AS a2;
MATCH ( n0 ) OPTIONAL MATCH ()-[:TYPE]-() UNWIND [ ( n0 ) < - [ r0 ] - ( n1 ) WHERE false | NULL ] AS a0 WITH * CREATE ( { id : 27 } ) WITH * OPTIONAL MATCH ()-[:TYPE]-() RETURN 1 AS a1 , 1 AS a2 SKIP 0 LIMIT 1 UNION ALL CREATE ( : L3 { id : 28 } ) CREATE ( n1 { id : 29 } ) CREATE ( n2 { id : 30 } ) WITH * OPTIONAL MATCH ()-[:TYPE]-() CREATE ( n3 { id : 31 } ) RETURN DISTINCT 't' AS a1 , 1 AS a2 ORDER BY FALSE DESC ;
