-- Time: 2024/04/11 13:49:07
-- Database: janusgraph_database477
-- Database version: composite
-- seed value: 1712812407000
CREATE (n0 :L0{k0 : -1974492346, k1 : 1901435880, k2 : false, k3 : -1595352630, k4 : true, id : 0});
CREATE (n0 :L2{k11 : false, id : 1, k10 : '0', k14 : false});
CREATE (n0 :L1{k5 : true, id : 2, k6 : 2093464222, k7 : 'e', k8 : 'XdQBcoMsL', k9 : 'M'});
CREATE (n0 :L0{k0 : -808950116, k1 : 1213475841, k2 : false, k3 : -1408330248, id : 3});
MATCH (n0 {id : 3}), (n1 {id : 1}) MERGE(n0)-[r :T4{k55 : true, id : 4, k54 : false, k57 : -1679508906, k56 : 'Z', k58 : true}]->(n1);
MATCH (n0 {id : 0}), (n1 {id : 3}) MERGE(n0)-[r :T6{k64 : '9', k66 : 'e', id : 5, k68 : 73521441, k67 : 1238364888}]->(n1);
MATCH (n0 {id : 0}), (n1 {id : 0}) MERGE(n0)-[r :T3{k49 : 2011040440, k51 : false, k50 : 'VG', k53 : false, k52 : true, id : 6, k48 : -1804751227, k47 : '8y3d'}]->(n1);
MATCH (n0 {id : 1}), (n1 {id : 0}) MERGE(n0)-[r :T2{k42 : '9w', k41 : 'EGh2qkDX', id : 7, k43 : false, k46 : '0', k45 : 664203918}]->(n1);
OPTIONAL MATCH (n0)-[r0]-(n1)-[r1]->(n2), ( :L0)<-[*0..1]-() WHERE false SET n1.k=-1954204709 DETACH DELETE n2  RETURN n1 AS a0, n1 AS a1 ORDER BY NULL DESC;
OPTIONAL MATCH (n0),()<-[r0]-(),(n1),()-[r1]->(),(n2),( :L0)<-[*0..1]-() WHERE exists((n0)-[r0]-(n1)-[r1]->(n2)) AND (false )UNWIND 1 as l0 SET n1 . k = -1954204709 WITH * OPTIONAL MATCH ()-[:TYPE]-() FOREACH(f in [1]|DETACH DELETE n2 ) RETURN n1 AS a0 , n1 AS a1 ORDER BY NULL DESC ;
MATCH (a) RETURN count(a);
MATCH (b)-[a]->(c) RETURN count(a);
MATCH (b)-[a]->(c) RETURN count(a);
MATCH (), ()-[r0]-()-[*0..0]-() WHERE true OPTIONAL MATCH (n0), ()-[]-() WHERE false CREATE ( :L0{k1:NULL, id:8})<-[r1 :T6{k66:CASE WHEN true THEN (NULL+toStringList([])[toIntegerOrNull(abs(392217290))]) END, id:9}]-(n1{k0:227396482, id:10})-[r2 :T3{id:11}]->(n2 :L0{id:12}) RETURN max(NULL) AS a0;
MATCH ( ) ,( ) - [ r0 ] - ( ) - [ * 0 .. 0 ] - ( ) WHERE true UNWIND 1 as l0 OPTIONAL MATCH ( n0 ) ,( ) - [ ] - ( ) WHERE false WITH * CREATE ( : L0 { k1 : NULL , id : 8 } ) < - [ r1 : T6 { k66 : CASE WHEN true THEN ( NULL + toStringList ( [ ] ) [ toIntegerOrNull ( abs ( 392217290 ) ) ] ) END , id : 9 } ] - ( n1 { k0 : 227396482 , id : 10 } ) - [ r2 : T3 { id : 11 } ] - > ( n2 : L0 { id : 12 } ) RETURN max ( NULL ) AS a0 ;
MATCH (a) RETURN count(a);
MATCH (a) RETURN count(a);
MATCH (b)-[a]->(c) RETURN count(a);
MATCH (b)-[a]->(c) RETURN count(a);
MATCH ( :L2{k14:false})<-[*0..1]-()-[r0]-(n2) SET n2.k=NULL MERGE ({id:13}) RETURN n2 AS a4, n2 AS a5;
MATCH ( : L2 { k14 : false } ) < - [ * 0 .. 1 ] - ( ) - [ r0 ] - ( n2 ) SET n2 . k = NULL MERGE ( { id : 13 } ) WITH * RETURN n2 AS a4 , n2 AS a5 SKIP 1 ;
MATCH (a) RETURN count(a);
MATCH (a) RETURN count(a);
MATCH (b)-[a]->(c) RETURN count(a);
MATCH (b)-[a]->(c) RETURN count(a);
CREATE (n0{k1:NULL, id:14})<-[r0 :T2{k43:true, id:15}]-(n1{id:16})<-[ :T4{k57:798717201, id:17}]-( :L0{id:18}), ({id:19})<-[ :T6{k67:-496179926, id:20}]-(n2{id:21}) MERGE ({id:22}) MERGE ({id:23})-[r1 :T6{id:24}]-(n3{id:25}) RETURN n3 AS a0;
CREATE ( n0 { k1 : NULL , id : 14 } ) < - [ r0 : T2 { k43 : true , id : 15 } ] - ( n1 { id : 16 } ) < - [ : T4 { k57 : CASE WHEN FALSE THEN NULL ELSE 798717201 END , id : 17 } ] - ( : L0 { id : 18 } ) CREATE (m0{ id : 19 } )CREATE (m0)< - [ : T6 { k67 : -496179926 , id : 20 } ] - ( n2 { id : 21 } ) MERGE ( { id : 22 } ) WITH * MERGE ( { id : 23 } ) - [ r1 : T6 { id : CASE WHEN TRUE THEN 24 END } ] - ( n3 { id : 25 } ) RETURN n3 AS a0 ;
