-- Time: 2024/04/11 14:03:50
-- Database: janusgraph_database676
-- Database version: composite
-- seed value: 1712812407200
CREATE (n0 :L0{k0 : -993669999, k1 : 'uHjyN', k2 : '9n', k3 : 'sujW', k4 : 1636254385, k5 : '1', id : 0});
CREATE (n0 :L0{k0 : -1752683042, k1 : '1', k2 : 'v', k3 : 'sujW', k5 : 'x', id : 1});
CREATE (n0 :L1{k11 : 'o', id : 2, k8 : true, k12 : '8Kk7uo27', k9 : 'aUKZrT'});
CREATE (n0 :L0{k0 : 1128653743, k2 : '9', k3 : '1', k5 : '4', id : 3});
MATCH (n0 {id : 1}), (n1 {id : 0}) MERGE(n0)-[r :T1{k39 : 'zT8ZVm', k38 : -464534592, k40 : 'WfV', k42 : false, id : 4, k43 : -294784293}]->(n1);
MATCH (n0 {id : 0}), (n1 {id : 2}) MERGE(n0)-[r :T0{k33 : 822134156, id : 5, k35 : true, k34 : 'd', k36 : 'A'}]->(n1);
MATCH (n0 {id : 2}), (n1 {id : 1}) MERGE(n0)-[r :T4{k60 : true, k62 : true, k61 : -1611042420, k63 : false, id : 6, k59 : 1242851664}]->(n1);
UNWIND NULL AS a0 CREATE ({id:7})-[ :T1{id:8}]->(n0{id:9})-[ :T0{id:10}]->( :L1{id:11}) MERGE ( :L0{k3:'lglwnSU', id:12})-[r0 :T1{k42:false, id:13}]-({id:14})-[r1 :T0{id:15}]->(n1{id:16}) RETURN * LIMIT 1;
UNWIND NULL AS a0 CREATE ( { id : 7 } ) - [ : T1 { id : CASE WHEN TRUE THEN 8 END } ] - > ( n0 { id : 9 } ) - [ : T0 { id : 10 } ] - > ( : L1 { id : 11 } ) WITH * OPTIONAL MATCH ()-[:TYPE]-() MERGE ( : L0 { k3 : 'lglwnSU' , id : 12 } ) - [ r0 : T1 { k42 : false , id : 13 } ] - ( { id : 14 } ) - [ r1 : T0 { id : 15 } ] - > ( n1 { id : 16 } ) WITH * OPTIONAL MATCH ()-[:TYPE]-() RETURN DISTINCT * LIMIT 1 ;
MATCH (a) RETURN count(a);
MATCH (b)-[a]->(c) RETURN count(a);
MATCH (b)-[a]->(c) RETURN count(a);
MERGE (n0{id:17})<-[r0 :T4{id:18}]-({id:19})<-[r1 :T0{id:20}]-({id:21}) DETACH DELETE n0  CREATE p0=({id:22})<-[ :T4{id:23}]-({k8:(r1.k35), id:24})<-[r2 :T0{k36:reverse('y'), id:25}]-( :L0{k1:(r1.k34), id:26}) RETURN min((r1.k34)) AS a0, 1 AS a1;
MERGE ( n0 { id : 17 } ) < - [ r0 : T4 { id : 18 } ] - ( { id : CASE WHEN TRUE THEN 19 END } ) < - [ r1 : T0 { id : 20 } ] - ( { id : 21 } ) WITH * OPTIONAL MATCH ()-[:TYPE]-() DETACH DELETE n0 CREATE p0 = ( { id : 22 } ) < - [ : T4 { id : 23 } ] - ( { k8 : ( r1 . k35 ) , id : CASE WHEN TRUE THEN 24 END } ) < - [ r2 : T0 { k36 : reverse ( 'y' ) , id : 25 } ] - ( : L0 { k1 : ( CASE WHEN FALSE THEN NULL ELSE r1 . k34 END ) , id : 26 } ) RETURN min ( ( r1 . k34 ) ) AS a0 , 1 AS a1 ;
MATCH (a) RETURN count(a);
MATCH (a) RETURN count(a);
MATCH (b)-[a]->(c) RETURN count(a);
MATCH (b)-[a]->(c) RETURN count(a);
CREATE ({id:27})<-[ :T4{k62:true, id:28}]-({k8:true, id:29}), ({k9:'QlFbv0w9I', id:30})<-[ :T0{id:31}]-({id:32}) CREATE p0=(n0{id:33})<-[ :T0{id:34}]-({id:35})<-[r0 :T1{k42:false, id:36}]-(n1{id:37}) CREATE (n2{id:38}), (n3{id:39}) RETURN 1 AS a0, NULL AS a1 ORDER BY a1 LIMIT 0;
CREATE ( { id : 27 } ) < - [ : T4 { k62 : true , id : 28 } ] - ( { k8 : true , id : 29 } ) CREATE (m0{ k9 : (''+'QlFbv0w9I' ), id : 30 } )CREATE (m0)< - [ : T0 { id : 31 } ] - ( { id : 32 } ) WITH * CREATE p0 = ( n0 { id : 33 } ) < - [ : T0 { id : 34 } ] - ( { id : 35 } ) < - [ r0 : T1 { k42 : false , id : 36 } ] - ( n1 { id : 37 } ) WITH * OPTIONAL MATCH ()-[:TYPE]-() CREATE ( n2 { id : CASE WHEN FALSE THEN NULL ELSE 38 END } ) CREATE ( n3 { id : 39 } ) WITH * UNWIND [1] as l0 RETURN 1 AS a0 , NULL AS a1 ORDER BY a1 LIMIT CASE WHEN FALSE THEN NULL ELSE 0 END ;
MATCH (a) RETURN count(a);
MATCH (a) RETURN count(a);
MATCH (b)-[a]->(c) RETURN count(a);
MATCH (b)-[a]->(c) RETURN count(a);
OPTIONAL MATCH ()<-[]-()-[ :T4{k59:NULL}]-(n0) UNWIND [NULL] AS a0 MERGE (n1{id:40}) RETURN 1 AS a1, 1 AS a2;
OPTIONAL MATCH ()-[*0..0]-( ) < - [ ] - ( ) - [ : T4 { k59 : NULL } ] - ( n0 ) WHERE TRUE UNWIND [NULL] as l0 UNWIND [ NULL ] AS a0 MERGE ( n1 { id : CASE WHEN FALSE THEN NULL ELSE 40 END } ) RETURN 1 AS a1 , 1 AS a2 ;
