-- Time: 2024/04/11 14:03:06
-- Database: janusgraph_database666
-- Database version: composite
-- seed value: 1712812407190
CREATE (n0 :L3{k17 : true, k18 : 'R', k20 : 'yrh6', id : 0});
CREATE (n0 :L3{k17 : true, k16 : 1917160354, k19 : false, k18 : 'bqwUPgSKT', k20 : 'G', id : 1});
CREATE (n0 :L0{k1 : '5', k2 : 'P', k3 : false, k4 : 'fQum', k5 : 'c', id : 2});
CREATE (n0 :L2{id : 3, k13 : -1787202059, k12 : -2067874957, k15 : 'y', k14 : false});
MATCH (n0 {id : 0}), (n1 {id : 3}) MERGE(n0)-[r :T5{k71 : 'H', k73 : 1803649801, k72 : -319973981, id : 4}]->(n1);
MATCH (n0 {id : 1}), (n1 {id : 3}) MERGE(n0)-[r :T2{k53 : 'X', k55 : 'cqy5S', id : 5, k54 : -578272814, k57 : 'OtU', k56 : true, k58 : -26720945}]->(n1);
MATCH (n0 {id : 3}), (n1 {id : 3}) MERGE(n0)-[r :T0{k40 : false, k42 : 390976576, k41 : -1721558677, k44 : -975781660, id : 6, k43 : 'L', k46 : 'k02', k45 : 'nF'}]->(n1);
MATCH (n0 {id : 3}), (n1 {id : 1}) MERGE(n0)-[r :T5{k71 : 'h', k70 : 'FFDZVAl', k73 : 387021326, k72 : 2066571456, k74 : true, id : 7}]->(n1);
MATCH (n0 {id : 1}), (n1 {id : 2}) MERGE(n0)-[r :T2{k53 : 'rx', k55 : 'DNu', id : 8, k54 : -958931417, k57 : 'Q', k56 : false, k59 : 1125590935, k58 : 1247925551}]->(n1);
OPTIONAL MATCH () UNWIND NULL AS a0 CREATE ({id:9}), (n0{k12:NULL, id:10})-[r0 :T5{k74:NULL, id:11}]->(n1{k20:'m6', id:12}) RETURN 1 AS a1, [false, ('g' < '16wGpEqr')] AS a2 SKIP 0;
OPTIONAL MATCH () WITH * UNWIND NULL AS a0 CREATE ( { id : 9 } ) CREATE ( n0 { k12 : NULL , id : 10 } ) - [ r0 : T5 { k74 : NULL , id : 11 } ] - > ( n1 { k20 : 'm6' , id : 12 } ) RETURN 1 AS a1 , ([ false , ( 'g' < (''+'16wGpEqr' )) ] +[]) AS a2 SKIP 0 ;
MATCH (a) RETURN count(a);
MATCH (b)-[a]->(c) RETURN count(a);
MATCH (b)-[a]->(c) RETURN count(a);
WITH NULL AS a0 WHERE true MERGE ({id:13})-[r0 :T5{id:14}]-(n0{id:15}) CREATE ({id:16})<-[r1 :T2{id:17}]-(n1{id:18})<-[ :T5{id:19}]-(n2{id:20}) RETURN n0 AS a1, n0 AS a2;
WITH NULL AS a0 WHERE true UNWIND 1 as l0 MERGE ( { id : 13 } ) - [ r0 : T5 { id : 14 } ] - ( n0 { id : 15 } ) WITH * CREATE ( { id : 16 } ) < - [ r1 : T2 { id : 17 } ] - ( n1 { id : 18 } ) < - [ : T5 { id : CASE WHEN FALSE THEN NULL ELSE 19 END } ] - ( n2 { id : 20 } ) RETURN n0 AS a1 , n0 AS a2 ORDER BY FALSE ;
