-- Time: 2024/04/11 14:34:10
-- Database: janusgraph_database1085
-- Database version: composite
-- seed value: 1712812407610
CREATE (n0 :L6{k38 : -1832769754, id : 0, k35 : '9g', k34 : 'k', k37 : -232730413, k36 : false});
CREATE (n0 :L1{k5 : -129269086, id : 1, k6 : 'R', k10 : true, k7 : 1060704091, k8 : true, k9 : -818844753});
CREATE (n0 :L2{k16 : 'n', k11 : false, id : 2, k13 : -86563576, k12 : true, k15 : 'f', k14 : 'TZ'});
CREATE (n0 :L3{k17 : true, k19 : true, k18 : 215301939, k20 : 'Y', id : 3, k21 : false});
MATCH (n0 {id : 0}), (n1 {id : 3}) MERGE(n0)-[r :T0{k39 : 322367787, k40 : 'e', k42 : -993476144, k41 : '8', id : 4, k43 : -185791301}]->(n1);
MATCH (n0 {id : 2}), (n1 {id : 2}) MERGE(n0)-[r :T3{k55 : '4tOXad', id : 5, k56 : 'iY', k59 : false, k58 : 'C'}]->(n1);
MATCH (n0 {id : 0}), (n1 {id : 1}) MERGE(n0)-[r :T0{k39 : 1895446547, k40 : 'g', k41 : '8', id : 6, k43 : 1364031818}]->(n1);
MATCH (n0 {id : 1}), (n1 {id : 3}) MERGE(n0)-[r :T3{k55 : 'Yxc', id : 7, k57 : false, k59 : true, k58 : 'LoYK'}]->(n1);
MATCH (n0 {id : 2}), (n1 {id : 2}) MERGE(n0)-[r :T1{k44 : false, id : 8, k46 : false, k45 : 217403529, k48 : 'q', k47 : -1568698162}]->(n1);
MERGE ( :L3{id:9})-[r0 :T0{id:10}]-(n0{id:11}) CREATE (n1{k37:round((r0.k39)), id:12})-[r1 :T0{id:13}]->(n2{id:14})-[r2 :T3{id:15}]->({id:16}), (n3{id:17}) CREATE ({id:18})-[ :T3{id:19}]->(n4 :L3{id:20})<-[ :T0{id:21}]-({id:22}) RETURN DISTINCT (r0.k43) AS a0, n0 AS a1;
MERGE ( : L3 { id : 9 } ) - [ r0 : T0 { id : 10 } ] - ( n0 { id : 11 } ) CREATE ( n1 { k37 : round ( ( r0 . k39 ) ) , id : 12 } ) - [ r1 : T0 { id : 13 } ] - > ( n2 { id : 14 } ) - [ r2 : T3 { id : 15 } ] - > ( { id : 16 } ) CREATE ( n3 { id : 17 } ) CREATE ({id:22})-[ : T0 { id : 21 } ] ->(n4 :L3{id:20})<-[ : T3 { id : 19 } ] -( { id : 18 } ) RETURN DISTINCT ( r0 . k43 ) AS a0 , n0 AS a1 ;
MATCH (a) RETURN count(a);
MATCH (b)-[a]->(c) RETURN count(a);
MATCH (b)-[a]->(c) RETURN count(a);
OPTIONAL MATCH ()-[r0]->( :L1), p0=() WHERE NULL UNWIND NULL AS a0 MERGE ({id:23})-[ :T0{k41:'4', id:24}]->(n0{id:25})-[r1 :T3{k59:false, id:26}]->(n1 :L3{id:27}) RETURN n0 AS a1, keys(relationships(NULL)[toIntegerOrNull(abs(1055804406))]) AS a2;
OPTIONAL MATCH ( ) - [ r0 ] - > ( : L1 ) ,p0 = ( ) WHERE NULL UNWIND NULL AS a0 MERGE ( { id : 23 } ) - [ : T0 { k41 : '4' , id : 24 } ] - > ( n0 { id : 25 } ) - [ r1 : T3 { k59 : false , id : 26 } ] - > ( n1 : L3 { id : 27 } ) WITH * RETURN n0 AS a1 , keys ( relationships ( NULL ) [ CASE WHEN TRUE THEN toIntegerOrNull ( abs ( 1055804406 ) ) END ] ) AS a2 ;
MATCH (a) RETURN count(a);
MATCH (a) RETURN count(a);
MATCH (b)-[a]->(c) RETURN count(a);
MATCH (b)-[a]->(c) RETURN count(a);
WITH * LIMIT 0 WHERE NULL MERGE p0=(n0{id:28})-[r0 :T3{id:29}]->({k11:false, id:30}) MERGE ({id:31})-[r1 :T1{id:32}]->(n1{id:33}) RETURN 1 AS a0, 1 AS a1 SKIP 1;
WITH * LIMIT 0 WHERE CASE WHEN FALSE THEN NULL ELSE NULL END WITH * MERGE p0 = ( n0 { id : CASE WHEN FALSE THEN NULL ELSE 28 END } ) - [ r0 : T3 { id : 29 } ] - > ( { k11 : false , id : 30 } ) WITH * OPTIONAL MATCH ()-[:TYPE]-() MERGE pp0=( { id : 31 } ) - [ r1 : T1 { id : 32 } ] - > ( n1 { id : 33 } ) WITH * OPTIONAL MATCH ()-[:TYPE]-() RETURN CASE WHEN FALSE THEN NULL ELSE 1 END AS a0 , 1 AS a1 SKIP 1 ;
MATCH (a) RETURN count(a);
MATCH (a) RETURN count(a);
MATCH (b)-[a]->(c) RETURN count(a);
MATCH (b)-[a]->(c) RETURN count(a);
MATCH ()-[r0 :T0{k42:1548573526}]-(n0), ()-[r0]-(n0) MERGE ({id:34})-[ :T0{id:35}]-(n1{id:36}) REMOVE n1.k2 RETURN 1 AS a0, n0 AS a1;
MATCH ()-[r0 :T0{k42:1548573526}]-(n0),(nn0),()<-[r0]-(),(n0) WHERE exists((nn0)-[r0]-(n0)) MERGE ( { id : 34 } ) - [ : T0 { id : CASE WHEN FALSE THEN NULL ELSE 35 END } ] - ( n1 { id : 36 } ) WITH * CALL{WITH *REMOVE n1 . k2 } RETURN 1 AS a0 , n0 AS a1 ;
MATCH (a) RETURN count(a);
MATCH (a) RETURN count(a);
MATCH (b)-[a]->(c) RETURN count(a);
MATCH (b)-[a]->(c) RETURN count(a);
MERGE ({k13:-322731478, id:37})-[r0 :T3{id:38}]->( :L2{id:39}) MERGE (n0 :L2{k15:'LRa', id:40})-[ :T3{k59:true, id:41}]-(n1 :L2{id:42}) CREATE ( :L2{id:43})-[ :T3{id:44}]->(n2{k15:'D', id:45})-[ :T1{id:46}]->({id:47}) RETURN startNode(relationships(NULL)[toIntegerOrNull(abs(-1144440361))]) AS a0, 1 AS a1;
MERGE ( { k13 : CASE WHEN FALSE THEN NULL ELSE -322731478 END , id : 37 } ) - [ r0 : T3 { id : 38 } ] - > ( : L2 { id : 39 } ) WITH * OPTIONAL MATCH ()-[:TYPE]-() MERGE ( n0 : L2 { k15 : 'LRa' , id : 40 } ) - [ : T3 { k59 : CASE WHEN FALSE THEN NULL ELSE true END , id : 41 } ] - ( n1 : L2 { id : 42 } ) WITH * UNWIND [1] as l0 CREATE ( : L2 { id : 43 } ) - [ : T3 { id : 44 } ] - > ( n2 { k15 : 'D' , id : 45 } ) - [ : T1 { id : 46 } ] - > ( { id : 47 } ) WITH * OPTIONAL MATCH ()-[:TYPE]-() RETURN startNode ( relationships ( NULL ) [ toIntegerOrNull ( abs ( CASE WHEN TRUE THEN -1144440361 END ) ) ] ) AS a0 , 1 AS a1 ;
MATCH (a) RETURN count(a);
MATCH (a) RETURN count(a);
MATCH (b)-[a]->(c) RETURN count(a);
MATCH (b)-[a]->(c) RETURN count(a);
CREATE p0=({id:48})-[ :T0{k41:toStringOrNull((false OR NULL)), id:49}]->(n0{id:50})-[ :T3{id:51}]->(n1{id:52}) MERGE (n2{id:53}) MERGE p1=(n3 :L6{k38:-343897961, id:54}) RETURN *, n2 AS a0 LIMIT 0;
CREATE p0 = ( { id : 48 } ) - [ : T0 { k41 : toStringOrNull ( ( false OR NULL ) ) , id : 49 } ] - > ( n0 { id : 50 } ) - [ : T3 { id : 51 } ] - > ( n1 { id : 52 } ) MERGE ( n2 { id : 53 } ) MERGE p1 = ( n3 : L6 { k38 : -343897961 , id : 54 } ) RETURN * , n2 AS a0 ORDER BY NULL LIMIT 0 ;
MATCH (a) RETURN count(a);
MATCH (a) RETURN count(a);
MATCH (b)-[a]->(c) RETURN count(a);
MATCH (b)-[a]->(c) RETURN count(a);
UNWIND relationships(NULL) AS a0 CREATE ( :L2{k16:NULL, id:55})-[ :T3{id:56}]->(n3{id:57}), ({id:58}) CREATE (n4{id:59}), ({k12:NULL, id:60})-[ :T1{id:61}]->(n5 :L2{id:62}) RETURN a0 AS a1;
UNWIND ([]+relationships ( NULL ) )AS a0 CREATE ( : L2 { k16 : CASE WHEN TRUE THEN NULL END , id : CASE WHEN FALSE THEN NULL ELSE 55 END } ) - [ : T3 { id : 56 } ] - > ( n3 { id : 57 } ) CREATE ( { id : 58 } ) CREATE ( n4 { id : 59 } ) CREATE (n5 :L2{id:62})<-[ : T1 { id : 61 } ] -( { k12 : NULL , id : 60 } ) RETURN a0 AS a1 SKIP 1 ;
MATCH (a) RETURN count(a);
MATCH (a) RETURN count(a);
MATCH (b)-[a]->(c) RETURN count(a);
MATCH (b)-[a]->(c) RETURN count(a);
UNWIND [NULL, relationships(NULL)[toIntegerOrNull(abs(1850918289))]] AS a0 OPTIONAL MATCH ( :L2) MERGE (n0{k14:'rsm2', id:63})-[r0 :T1{id:64}]-( :L2{id:65}) RETURN (r0.k44) AS a1, 1 AS a2 SKIP 0;
UNWIND [ NULL , ([]+relationships ( NULL ) )[ toIntegerOrNull ( abs ( 1850918289 ) ) ] ] AS a0 OPTIONAL MATCH ( :L2) MERGE pp0=( n0 { k14 : (''+'rsm2' ), id : 63 } ) - [ r0 : T1 { id : 64 } ] - ( : L2 { id : 65 } ) WITH * UNWIND [1] as l0 RETURN DISTINCT ( r0 . k44 ) AS a1 , 1 AS a2 SKIP 0 ;
MATCH (a) RETURN count(a);
MATCH (a) RETURN count(a);
MATCH (b)-[a]->(c) RETURN count(a);
MATCH (b)-[a]->(c) RETURN count(a);
WITH * OPTIONAL MATCH ()-[r0]-() WHERE NULL CREATE p0=(n0 :L6{id:66}) RETURN 1 AS a0;
WITH * OPTIONAL MATCH ( ) - [ r0 ] - ( ) WHERE NULL UNWIND 1 as l0 CREATE p0 = ( n0 : L6 { id : 66 } ) WITH * UNWIND [NULL] as l1 RETURN 1 AS a0 ;
