-- Time: 2024/04/11 13:32:11
-- Database: janusgraph_database248
-- Database version: composite
-- seed value: 1712812406771
CREATE (n0 {id : 0});
CREATE (n0 {id : 1});
CREATE (n0 :L1{k5 : false, k11 : 'n', id : 2, k6 : false, k10 : 'gS', k7 : 'X', k8 : '8', k9 : 'Ho'});
CREATE (n0 :L1{k5 : true, k11 : 'pNue', id : 3, k6 : false, k7 : 'rv', k8 : 'B', k9 : 'LcfXV'});
MATCH (n0 {id : 2}), (n1 {id : 0}) MERGE(n0)-[r :T5{k71 : false, k73 : 1813173976, k72 : -675410101, k75 : 1893925025, k74 : 778360772, id : 4, k76 : false}]->(n1);
MATCH (n0 {id : 3}), (n1 {id : 1}) MERGE(n0)-[r :T3{k60 : true, k61 : true, k63 : 'K', id : 5, k59 : 1586668163}]->(n1);
MATCH (n0 {id : 1}), (n1 {id : 2}) MERGE(n0)-[r :T2{k55 : 'MPHo5THO', id : 6, k54 : 1958119666, k57 : '7W', k56 : -1696921745, k58 : 817159705}]->(n1);
MATCH (n0 {id : 0}), (n1 {id : 3}) MERGE(n0)-[r :T4{k70 : -1177370873, k64 : -591246935, id : 7, k65 : false, k68 : '4u', k67 : false, k69 : -1550617119}]->(n1);
MATCH (n0 {id : 0}), (n1 {id : 3}) MERGE(n0)-[r :T0{k42 : -1917381534, k44 : false, id : 8, k43 : true, k46 : true, k45 : true}]->(n1);
MATCH (n0 {id : 1}), (n1 {id : 2}) MERGE(n0)-[r :T3{k60 : true, k62 : 'cr2yWB3C', k61 : false, k63 : 'zA3', id : 9, k59 : 1039383641}]->(n1);
MATCH (n0 {id : 1}), (n1 {id : 2}) MERGE(n0)-[r :T0{k42 : 931093780, k44 : false, id : 10, k43 : true, k46 : false, k45 : true}]->(n1);
OPTIONAL MATCH (n4), () DETACH DELETE n4  MERGE p1=({k10:'xUF', id:11})-[ :T3{id:12}]-(n5{id:13}) RETURN *, 1 AS a1 LIMIT 0;
OPTIONAL MATCH ( n4 ) ,( ) DETACH DELETE CASE WHEN FALSE THEN NULL ELSE n4 END MERGE p1 = ( { k10 : 'xUF' , id : 11 } ) - [ : T3 { id : 12 } ] - ( n5 { id : 13 } ) RETURN * , 1 AS a1 LIMIT CASE WHEN TRUE THEN 0 END ;
MATCH (a) RETURN count(a);
MATCH (b)-[a]->(c) RETURN count(a);
MATCH (b)-[a]->(c) RETURN count(a);
OPTIONAL MATCH (n0), () REMOVE n0.k2 MERGE (n1{id:14}) RETURN 1 AS a3, properties(n0) AS a4 ORDER BY a3, a4 DESC;
OPTIONAL MATCH (n0)-[*0..0]-( n0 ) ,( ) WHERE TRUE REMOVE n0 . k2 MERGE ( n1 { id : 14 } ) WITH * OPTIONAL MATCH ()-[:TYPE]-() RETURN 1 AS a3 , properties ( n0 ) AS a4 ORDER BY a3, a4 DESC LIMIT 1 ;
MATCH (a) RETURN count(a);
MATCH (a) RETURN count(a);
MATCH (b)-[a]->(c) RETURN count(a);
MATCH (b)-[a]->(c) RETURN count(a);
UNWIND NULL AS a0 CREATE p0=(n0{id:15})-[ :T3{k62:CASE WHEN true THEN NULL END, id:16}]->(n1{id:17})-[ :T5{k75:NULL, id:18}]->(n2{id:19}), ({id:20}) CREATE ({id:21}) RETURN NULL AS a1;
UNWIND NULL AS a0 CREATE p0 = ( n0 { id : CASE WHEN TRUE THEN 15 END } ) - [ : T3 { k62 : CASE WHEN true THEN NULL END , id : CASE WHEN TRUE THEN 16 END } ] - > ( n1 { id : 17 } ) - [ : T5 { k75 : NULL , id : 18 } ] - > ( n2 { id : CASE WHEN TRUE THEN 19 END } ) CREATE ( { id : 20 } ) CREATE ( { id : 21 } ) RETURN NULL AS a1 ;
MATCH (a) RETURN count(a);
MATCH (a) RETURN count(a);
MATCH (b)-[a]->(c) RETURN count(a);
MATCH (b)-[a]->(c) RETURN count(a);
CREATE (n0 :L1{id:22}) CREATE p0=({id:23}), ({k5:false, id:24}) MERGE p1=(n1{id:25}) RETURN n1 AS a0;
CREATE ( n0 : L1 { id : 22 } ) CREATE p0 = ( { id : 23 } ) CREATE ( { k5 : false , id : 24 } ) MERGE p1 = ( n1 { id : 25 } ) RETURN CASE WHEN TRUE THEN n1 END AS a0 ;
MATCH (a) RETURN count(a);
MATCH (a) RETURN count(a);
MATCH (b)-[a]->(c) RETURN count(a);
MATCH (b)-[a]->(c) RETURN count(a);
MATCH ()-[]-()-[ :T4{k67:((type(CASE WHEN true THEN NULL END)+elementId(relationships(NULL)[toIntegerOrNull(abs(382470813))])) ENDS WITH 'h0U28JL')}]-(n0 :L1), ()-[]-(n1)<-[*..2]-(n0) DETACH DELETE n1  REMOVE n0.k2 RETURN 1 AS a0;
MATCH ( ) - [ ] - ( ) - [ : T4 { k67 : ( ( type ( CASE WHEN true THEN CASE WHEN FALSE THEN NULL ELSE NULL END END ) + elementId ( relationships ( NULL ) [ toIntegerOrNull ( abs ( 382470813 ) ) ] ) ) ENDS WITH (''+'h0U28JL' )) } ] - ( n0 : L1 ) ,( ) - [ ] - ( n1 ) < - [ * .. 2 ] - ( n0 ) WITH * DETACH DELETE n1 WITH * UNWIND [1] as l0 REMOVE n0 . k2 RETURN DISTINCT 1 AS a0 ;
MATCH (a) RETURN count(a);
MATCH (a) RETURN count(a);
MATCH (b)-[a]->(c) RETURN count(a);
MATCH (b)-[a]->(c) RETURN count(a);
MATCH (n0)-[r0 :T3{k60:true}]-()-[]-() WHERE ((r0.k59) <= round(round(600972756))) OPTIONAL MATCH (), ()-[ :T4{k70:-1559389125}]-(n1)-[]-() CREATE ( :L1{k6:(r0.k60), id:26})<-[r1 :T2{id:27}]-(n2{id:28}), p0=({id:29}) RETURN n1 AS a0 ORDER BY -1265205477 LIMIT 1;
MATCH (n0),()<-[r0:T3{k60:true}]-(),(nn0),()<-[m1]-(),(nn2) WHERE exists((n0)-[r0]-(nn0)-[m1]-(nn2)) AND (( ( r0 . k59 ) <= round ( round ( 600972756 ) ) ) )OPTIONAL MATCH (),(nn3),()<-[m4:T4{k70:-1559389125}]-(),(n1),()<-[m5]-(),(nn6) WHERE exists((nn3)-[m4]-(n1)-[m5]-(nn6)) OPTIONAL MATCH ()-[:TYPE]-() CREATE ( : L1 { k6 : ( r0 . k60 ) , id : 26 } ) < - [ r1 : T2 { id : 27 } ] - ( n2 { id : 28 } ) CREATE p0 = ( { id : CASE WHEN TRUE THEN 29 END } ) RETURN n1 AS a0 ORDER BY -1265205477 LIMIT 1 ;
MATCH (a) RETURN count(a);
MATCH (a) RETURN count(a);
MATCH (b)-[a]->(c) RETURN count(a);
MATCH (b)-[a]->(c) RETURN count(a);
CREATE (n0{k8:reverse(NULL), id:30})-[r0 :T5{k74:2060836574, id:31}]->(n1{id:32})-[ :T0{id:33}]->({id:34}) CREATE (n2{id:35})-[ :T3{id:36}]->({id:37}) MERGE (n3{id:38}) RETURN 1 AS a0 LIMIT 1;
CREATE ( n0 { k8 : CASE WHEN TRUE THEN reverse ( NULL ) END , id : 30 } ) - [ r0 : T5 { k74 : 2060836574 , id : 31 } ] - > ( n1 { id : 32 } ) - [ : T0 { id : CASE WHEN TRUE THEN 33 END } ] - > ( { id : 34 } ) CREATE ({id:37})<-[ : T3 { id : 36 } ] -( n2 { id : CASE WHEN FALSE THEN NULL ELSE 35 END } ) WITH * MERGE ( n3 { id : 38 } ) WITH * RETURN 1 AS a0 LIMIT 1 ;
MATCH (a) RETURN count(a);
MATCH (a) RETURN count(a);
MATCH (b)-[a]->(c) RETURN count(a);
MATCH (b)-[a]->(c) RETURN count(a);
MERGE (n0{id:39})<-[r0 :T0{k43:false, id:40}]-({id:41})-[r1 :T5{id:42}]-(n1{k6:true, id:43}) REMOVE n1.k2 CREATE (n2{id:44})-[ :T4{id:45}]->(n3{k10:toStringList([NULL])[toIntegerOrNull(abs(1092429553))], id:46}), (n4{k10:toStringOrNull(n0), id:47})-[r2 :T3{id:48}]->(n5{id:49})-[r3 :T2{k56:round(-1757761947), id:50}]->(n6 :L1{k10:NULL, id:51}) RETURN 1 AS a0, 1 AS a1;
MERGE ( n0 { id : 39 } ) < - [ r0 : T0 { k43 : false , id : 40 } ] - ( { id : 41 } ) - [ r1 : T5 { id : 42 } ] - ( n1 { k6 : true , id : 43 } ) WITH * REMOVE n1 . k2 CREATE (n3{k10:toStringList([NULL])[toIntegerOrNull(abs(1092429553))], id:46})<-[ : T4 { id : 45 } ] -( n2 { id : 44 } ) CREATE ( n4 { k10 : toStringOrNull ( n0 ) , id : 47 } ) - [ r2 : T3 { id : 48 } ] - > ( n5 { id : 49 } ) - [ r3 : T2 { k56 : round ( -1757761947 ) , id : 50 } ] - > ( n6 : L1 { k10 : NULL , id : 51 } ) RETURN 1 AS a0 , 1 AS a1 ;
MATCH (a) RETURN count(a);
MATCH (a) RETURN count(a);
MATCH (b)-[a]->(c) RETURN count(a);
MATCH (b)-[a]->(c) RETURN count(a);
MERGE ( :L1{k8:'s', id:52})-[r0 :T5{id:53}]->({id:54}) DETACH DELETE r0  MERGE ( :L1{id:55}) RETURN 1 AS a0, 1 AS a1;
MERGE pp0=( : L1 { k8 : 's' , id : CASE WHEN FALSE THEN NULL ELSE 52 END } ) - [ r0 : T5 { id : 53 } ] - > ( { id : 54 } ) WITH * WITH * CALL{WITH *DETACH DELETE r0 } MERGE ( : L1 { id : 55 } ) WITH * RETURN 1 AS a0 , 1 AS a1 SKIP 1 ;
