-- Time: 2024/04/11 14:19:52
-- Database: janusgraph_database892
-- Database version: composite
-- seed value: 1712812407417
CREATE (n0 {id : 0});
CREATE (n0 {id : 1});
CREATE (n0 :L0{k1 : 2105203351, k2 : 'll', k3 : 1740437126, k4 : 'oshV8DT', id : 2});
CREATE (n0 {id : 3});
MATCH (n0 {id : 3}), (n1 {id : 2}) MERGE(n0)-[r :T0{k31 : false, id : 4, k32 : 142382927, k35 : '3L1', k34 : 'gM', k36 : -1517159374}]->(n1);
MATCH (n0 {id : 2}), (n1 {id : 1}) MERGE(n0)-[r :T3{k49 : true, k50 : false, k52 : '8DaRLw', id : 5, k48 : true}]->(n1);
MATCH (n0 {id : 2}), (n1 {id : 1}) MERGE(n0)-[r :T1{k39 : '91', k38 : '3', k40 : false, k41 : true, id : 6, k37 : -1939423202}]->(n1);
UNWIND NULL AS a0 MATCH (), () CREATE (n0{id:7})-[ :T1{id:8}]->(n1{id:9})<-[ :T3{k50:NULL, id:10}]-({id:11}) RETURN *, 1 AS a1;
UNWIND NULL AS a0 MATCH ()-[*0..0]-( ) ,( ) WITH * CREATE (n0{ id : CASE WHEN FALSE THEN NULL ELSE 7 END } )CREATE (n0)- [ : T1 { id : 8 } ] - > ( n1 { id : 9 } ) < - [ : T3 { k50 : NULL , id : 10 } ] - ( { id : 11 } ) WITH * RETURN * , CASE WHEN FALSE THEN NULL ELSE 1 END AS a1 ;
MATCH (a) RETURN count(a);
MATCH (b)-[a]->(c) RETURN count(a);
MATCH (b)-[a]->(c) RETURN count(a);
WITH * MATCH p0=() CREATE ({id:12})<-[ :T1{k39:substring('o', toIntegerOrNull(abs(NULL)), toIntegerOrNull(abs(((-1102887409-141073562)+length(NULL))))), id:13}]-( :L0{id:14}), (n0{id:15}) RETURN p0 AS a0;
WITH * WITH * MATCH p0 = ( ) WHERE TRUE WITH * CREATE ( { id : 12 } ) < - [ : T1 { k39 : substring ( 'o' , toIntegerOrNull ( abs ( NULL ) ) , toIntegerOrNull ( abs ( ( ( -1102887409 -141073562 ) + length ( NULL ) ) ) ) ) , id : 13 } ] - ( : L0 { id : 14 } ) CREATE ( n0 { id : 15 } ) RETURN DISTINCT p0 AS a0 LIMIT 1 ;
MATCH (a) RETURN count(a);
MATCH (a) RETURN count(a);
MATCH (b)-[a]->(c) RETURN count(a);
MATCH (b)-[a]->(c) RETURN count(a);
MATCH (n0), () WHERE (reverse(toStringOrNull('Ym')) <= 'Z') REMOVE n0.k2 REMOVE n0.k2 RETURN 1 AS a0, n0 AS a1;
MATCH ( n0 ) ,()-[*0..0]-( ) WHERE ( CASE WHEN FALSE THEN NULL ELSE reverse ( toStringOrNull ( 'Ym' ) ) <= 'Z' END ) WITH * REMOVE n0 . k2 REMOVE n0 . k2 WITH * UNWIND [1] as l0 RETURN 1 AS a0 , n0 AS a1 LIMIT 1 ;
MATCH (a) RETURN count(a);
MATCH (a) RETURN count(a);
MATCH (b)-[a]->(c) RETURN count(a);
MATCH (b)-[a]->(c) RETURN count(a);
CREATE ({id:16})-[ :T0{id:17}]->({id:18})-[ :T1{id:19}]->({id:20}) CREATE (n2{id:21})-[ :T0{id:22}]->({id:23}) MERGE p0=(n3{id:24}) RETURN *;
CREATE ({id:20})<-[ : T1 { id : 19 } ] -({id:18})<-[ : T0 { id : 17 } ] -( { id : 16 } ) CREATE ( n2 { id : 21 } ) - [ : T0 { id : 22 } ] - > ( { id : CASE WHEN TRUE THEN 23 END } ) WITH * OPTIONAL MATCH ()-[:TYPE]-() MERGE p0 = ( n3 { id : 24 } ) RETURN * ;
