-- Time: 2024/04/11 13:41:35
-- Database: janusgraph_database375
-- Database version: composite
-- seed value: 1712812406898
CREATE (n0 {id : 0});
CREATE (n0 :L1{id : 1, k10 : '3', k7 : 'DIE', k8 : true, k9 : 'IF7'});
CREATE (n0 :L1{id : 2, k6 : true, k10 : 'C', k7 : 'F', k9 : 'Yn1'});
CREATE (n0 :L2{k17 : 'A', k16 : -1892907845, k11 : true, id : 3, k13 : true, k12 : 'WXZx7w8r', k15 : false, k14 : 729174157});
MATCH (n0 {id : 1}), (n1 {id : 1}) MERGE(n0)-[r :T1{k39 : 1149739876, k38 : true, k40 : false, id : 4, k35 : 1477718476, k36 : 1795677222}]->(n1);
MATCH (n0 {id : 1}), (n1 {id : 2}) MERGE(n0)-[r :T1{k39 : -1046294178, k38 : false, k40 : false, k41 : 'UhYykFdW', id : 5, k35 : 77828438, k37 : true, k36 : 2132113601}]->(n1);
MATCH (n0 {id : 2}), (n1 {id : 0}) MERGE(n0)-[r :T1{k39 : 1071839358, k38 : true, k40 : false, k41 : 'M9UQf7', id : 6, k35 : 914788487, k37 : false}]->(n1);
MATCH (n0 {id : 1}), (n1 {id : 1}) MERGE(n0)-[r :T1{k38 : false, k41 : 'S', id : 7, k35 : -1704107097, k37 : true, k36 : 2132113601}]->(n1);
MATCH (n0 {id : 1}), (n1 {id : 0}) MERGE(n0)-[r :T4{k55 : true, id : 8, k54 : 'M', k57 : '0', k56 : 'G', k58 : 'NTI'}]->(n1);
MATCH (n0 {id : 1}), (n1 {id : 0}) MERGE(n0)-[r :T2{k42 : false, k44 : false, id : 9, k43 : 946744558, k46 : 312228037, k45 : 919976617, k48 : 'WVtq', k47 : -145339308}]->(n1);
OPTIONAL MATCH (), (n0)-[r0 :T1{k35:(469529028+toIntegerOrNull([[]]))}]-() CREATE ({id:10})-[r1 :T1{id:11}]->({id:12}), p0=( :L1{k6:false, id:13})<-[ :T1{id:14}]-( :L1{k6:(r0.k40), id:15}) SET n0.k=true RETURN (r0.k41) AS a0 UNION UNWIND [-1169406225, -562304226] AS a0 CREATE (n0 :L2{id:16}) CREATE (n1 :L1{k7:CASE WHEN true THEN '2JCt' END, id:17})-[r0 :T1{k38:NULL, id:18}]->({k8:false, id:19})-[ :T1{id:20}]->(n2{k6:(NULL OR (NULL ENDS WITH NULL)), id:21}) RETURN DISTINCT 1 AS a0;
OPTIONAL MATCH ()-[*0..0]-( ) ,( n0 ) - [ r0 : T1 { k35 : ( 469529028 + toIntegerOrNull ( [ [ ] ] ) ) } ] - ( ) CREATE ( { id : 10 } ) - [ r1 : T1 { id : 11 } ] - > ( { id : 12 } ) CREATE (m0: L1 { k6 : false , id : 13 } )CREATE (m0)< - [ : T1 { id : 14 } ] - ( : L1 { k6 : CASE WHEN FALSE THEN NULL ELSE ( r0 . k40 ) END , id : 15 } ) SET n0 . k = true RETURN ( r0 . k41 ) AS a0 UNION UNWIND [ -1169406225 , -562304226 ] AS a0 CREATE ( n0 : L2 { id : 16 } ) WITH * OPTIONAL MATCH ()-[:TYPE]-() CREATE (n2{k6:(NULL OR (NULL ENDS WITH NULL)), id:21})<-[ : T1 { id : 20 } ] -({k8:false, id:19})<-[ r0 : T1 { k38 : NULL , id : 18 } ] -( n1 : L1 { k7 : CASE WHEN FALSE THEN NULL ELSE CASE WHEN true THEN '2JCt' END END , id : 17 } ) RETURN DISTINCT 1 AS a0 ;
MATCH (a) RETURN count(a);
MATCH (b)-[a]->(c) RETURN count(a);
MATCH (b)-[a]->(c) RETURN count(a);
UNWIND NULL AS a0 CREATE ({id:22})<-[r0 :T1{id:23}]-(n0 :L1{id:24})<-[ :T1{id:25}]-( :L1{id:26}), (n1{id:27})<-[ :T2{k43:((-371942048/NULL)/(NULL*498784284)), id:28}]-(n2{k6:NULL, id:29})-[r1 :T1{k41:NULL, id:30}]->( :L1{k9:NULL, id:31}) MERGE ({k9:'k4v', id:32})-[r2 :T1{id:33}]-({id:34}) RETURN 1 AS a1;
UNWIND NULL AS a0 CREATE ( { id : 22 } ) < - [ r0 : T1 { id : 23 } ] - ( n0 : L1 { id : 24 } ) < - [ : T1 { id : 25 } ] - ( : L1 { id : 26 } ) CREATE ( :L1{k9:NULL, id:31})<-[ r1 : T1 { k41 : NULL , id : 30 } ] -(n2{k6:NULL, id:29})-[ : T2 { k43 : ( CASE WHEN TRUE THEN ( -371942048 / NULL ) / ( CASE WHEN FALSE THEN NULL ELSE NULL * 498784284 END ) END ) , id : 28 } ] ->( n1 { id : 27 } ) WITH * UNWIND [1] as l0 MERGE ( { k9 : (''+'k4v' ), id : 32 } ) - [ r2 : T1 { id : 33 } ] - ( { id : 34 } ) WITH * RETURN 1 AS a1 ;
MATCH (a) RETURN count(a);
MATCH (a) RETURN count(a);
MATCH (b)-[a]->(c) RETURN count(a);
MATCH (b)-[a]->(c) RETURN count(a);
WITH *, 49663375 AS a1 OPTIONAL MATCH (n2)-[r3 :T2{k42:('U' ENDS WITH NULL)}]-()-[r4]-() REMOVE n2.k2 RETURN *, n2 AS a2;
WITH * , 49663375 AS a1 OPTIONAL MATCH ( n2 ) - [ r3 : T2 { k42 : CASE WHEN FALSE THEN NULL ELSE ( 'U' ENDS WITH NULL ) END } ] - ( ) - [ r4 ] - ( ) OPTIONAL MATCH ()-[:TYPE]-() WITH * CALL{WITH *REMOVE n2 . k2 } RETURN * , n2 AS a2 ;
