-- Time: 2024/04/11 14:14:04
-- Database: janusgraph_database814
-- Database version: composite
-- seed value: 1712812407338
CREATE (n0 {id : 0});
CREATE (n0 :L1{k11 : 611899207, id : 1, k10 : 928717127, k7 : 1350431335, k8 : 'Rk', k12 : 'Xi7S4g', k9 : 758018162});
CREATE (n0 :L1{k11 : 505166481, id : 2, k10 : -118788451, k7 : 1240929898, k8 : 'hKJmY31c', k12 : 'Q', k9 : 1397461906});
CREATE (n0 :L4{k27 : -943811578, id : 3, k24 : -1653643857, k23 : -1447409853, k26 : 221487980, k25 : 1071643030});
MATCH (n0 {id : 2}), (n1 {id : 0}) MERGE(n0)-[r :T0{k39 : 'pR', k38 : 'z', k40 : -1748051593, id : 4, k35 : false, k37 : '1Ws2', k36 : 668692682}]->(n1);
MATCH (n0 {id : 1}), (n1 {id : 2}) MERGE(n0)-[r :T2{k49 : true, k51 : 'O', k50 : 'PQ', k52 : false, id : 5, k46 : true, k48 : -507844816, k47 : 'K'}]->(n1);
MATCH (n0 {id : 0}), (n1 {id : 0}) MERGE(n0)-[r :T3{k53 : false, k55 : 'GHb', id : 6, k54 : -2004926992, k57 : true, k56 : true, k59 : '5r', k58 : false}]->(n1);
MATCH (n0 {id : 1}), (n1 {id : 0}) MERGE(n0)-[r :T6{k73 : 1167386973, k72 : '5', k75 : false, k74 : 'TfL', k77 : 'A', id : 7, k76 : -245275367, k78 : 'lKX'}]->(n1);
MATCH (n0 {id : 3}), (n1 {id : 0}) MERGE(n0)-[r :T0{k39 : 'OVicWXo', k38 : 'Q0z', k40 : -195078369, id : 8, k35 : false, k37 : 'p'}]->(n1);
MATCH (n0 {id : 3}), (n1 {id : 1}) MERGE(n0)-[r :T0{k39 : 'W', k38 : 'X', k40 : 576235585, id : 9, k37 : 'WcLrd', k36 : -2023771478}]->(n1);
MATCH (n0 {id : 3}), (n1 {id : 3}) MERGE(n0)-[r :T6{k73 : -480006594, k75 : true, k74 : 'A', k77 : 'd', id : 10, k76 : 406030743, k78 : 'LBG'}]->(n1);
UNWIND NULL AS a0 MERGE ({id:11})-[r0 :T6{id:12}]->(n0 :L4{k23:-561556366, id:13}) REMOVE n0.k2 RETURN 1 AS a1;
UNWIND NULL AS a0 MERGE pp0=( { id : 11 } ) - [ r0 : T6 { id : 12 } ] - > ( n0 : L4 { k23 : CASE WHEN TRUE THEN -561556366 END , id : 13 } ) WITH * OPTIONAL MATCH ()-[:TYPE]-() REMOVE n0 . k2 RETURN 1 AS a1 ;
MATCH (a) RETURN count(a);
MATCH (b)-[a]->(c) RETURN count(a);
MATCH (b)-[a]->(c) RETURN count(a);
CREATE ( :L1{k10:NULL, id:14})<-[r2 :T2{id:15}]-(n3{id:16})-[r3 :T6{id:17}]->(n4{id:18}) MERGE ({id:19})<-[r4 :T0{id:20}]-( :L4{id:21}) CREATE ({id:22})-[r5 :T3{k56:true, id:23}]->(n5{id:24})<-[r6 :T0{k35:(r4.k35), id:25}]-({id:26}) RETURN (r4.k39) AS a1, properties(nodes(NULL)[toIntegerOrNull(abs(-1963860379))]) AS a2 UNION OPTIONAL MATCH (n0)-[r0]-(n1{k10:-1446023112})-[*..2]-(n2) OPTIONAL MATCH ({k8:NULL})<-[r0]-(n3) MERGE (n4{id:27})<-[r1 :T6{id:28}]-({k8:'P5pR', id:29}) RETURN DISTINCT n3 AS a1, 1 AS a2;
CREATE (m0: L1 { k10 : NULL , id : CASE WHEN TRUE THEN 14 END } )CREATE (m0)< - [ r2 : T2 { id : CASE WHEN TRUE THEN 15 END } ] - ( n3 { id : 16 } ) - [ r3 : T6 { id : 17 } ] - > ( n4 { id : 18 } ) WITH * OPTIONAL MATCH ()-[:TYPE]-() MERGE pp0=( { id : 19 } ) < - [ r4 : T0 { id : 20 } ] - ( : L4 { id : 21 } ) WITH * CREATE ( { id : CASE WHEN FALSE THEN NULL ELSE 22 END } ) - [ r5 : T3 { k56 : CASE WHEN FALSE THEN NULL ELSE true END , id : 23 } ] - > ( n5 { id : 24 } ) < - [ r6 : T0 { k35 : ( r4 . k35 ) , id : 25 } ] - ( { id : 26 } ) RETURN ( r4 . k39 ) AS a1 , properties ( nodes ( NULL ) [ CASE WHEN TRUE THEN toIntegerOrNull ( abs ( -1963860379 ) ) END ] ) AS a2 UNION OPTIONAL MATCH ( n0 ) - [ r0 ] - ( n1 { k10 : -1446023112 } ) - [ * .. 2 ] - ( n2 ) OPTIONAL MATCH ( { k8 : NULL } ) < - [ r0 ] - ( n3 ) MERGE pp1=( n4 { id : 27 } ) < - [ r1 : T6 { id : 28 } ] - ( { k8 : CASE WHEN TRUE THEN (''+'P5pR' )END , id : 29 } ) RETURN DISTINCT n3 AS a1 , 1 AS a2 ;
MATCH (a) RETURN count(a);
MATCH (a) RETURN count(a);
MATCH (b)-[a]->(c) RETURN count(a);
MATCH (b)-[a]->(c) RETURN count(a);
CREATE ({id:30})<-[r0 :T0{k36:(NULL-2040717663), id:31}]-(n0{id:32})-[ :T6{id:33}]->({id:34}), ({id:35})-[r1 :T3{id:36}]->(n1{id:37})<-[ :T0{id:38}]-({id:39}) CREATE ({k9:NULL, id:40})-[ :T2{k52:true, id:41}]->({id:42}), ({id:43})-[ :T3{id:44}]->({id:45}) MERGE (n2{id:46})-[r2 :T2{k49:isEmpty(properties(n2)), id:47}]-({id:48})-[r3 :T0{id:49}]-(n3{id:50}) RETURN n3 AS a0 UNION ALL MERGE (n0{id:51})-[r0 :T2{k46:true, id:52}]-( :L1{id:53})-[r1 :T0{k40:-1866842817, id:54}]->({id:55}) MERGE ({k11:-1883284898, id:56}) SET n0.k=1245507424 RETURN n0 AS a0;
CREATE ({id:34})<-[ : T6 { id : 33 } ] -(n0{id:32})-[ r0 : T0 { k36 : CASE WHEN TRUE THEN ( NULL -2040717663 ) END , id : CASE WHEN TRUE THEN 31 END } ] ->( { id : 30 } ) CREATE ( { id : 35 } ) - [ r1 : T3 { id : 36 } ] - > ( n1 { id : 37 } ) < - [ : T0 { id : 38 } ] - ( { id : 39 } ) CREATE ({id:42})<-[ : T2 { k52 : true , id : 41 } ] -( { k9 : NULL , id : 40 } ) CREATE ( { id : 43 } ) - [ : T3 { id : 44 } ] - > ( { id : 45 } ) MERGE ( n2 { id : 46 } ) - [ r2 : T2 { k49 : isEmpty ( properties ( n2 ) ) , id : 47 } ] - ( { id : 48 } ) - [ r3 : T0 { id : 49 } ] - ( n3 { id : 50 } ) WITH * UNWIND 1 as l0 RETURN n3 AS a0 UNION ALL MERGE ( n0 { id : 51 } ) - [ r0 : T2 { k46 : true , id : 52 } ] - ( : L1 { id : 53 } ) - [ r1 : T0 { k40 : -1866842817 , id : 54 } ] - > ( { id : 55 } ) MERGE ( { k11 : -1883284898 , id : 56 } ) WITH * OPTIONAL MATCH ()-[:TYPE]-() SET n0 . k = 1245507424 RETURN n0 AS a0 ;
MATCH (a) RETURN count(a);
MATCH (a) RETURN count(a);
MATCH (b)-[a]->(c) RETURN count(a);
MATCH (b)-[a]->(c) RETURN count(a);
CREATE (n0 :L4{id:57})-[ :T6{id:58}]->({id:59}), (n1 :L4{id:60}) CREATE ({id:61}) CREATE (n2{id:62}) RETURN 1 AS a0, 1 AS a1 SKIP 1 UNION CREATE p0=(n0{id:63})-[r0 :T6{id:64}]->({id:65}) CREATE (n1{id:66})-[r1 :T0{id:67}]->(n2{id:68})<-[r2 :T0{id:69}]-(n3{id:70}) MERGE p1=(n4{id:71})-[r3 :T6{id:72}]-({id:73})-[r4 :T3{id:74}]->({id:75}) RETURN n4 AS a0, n4 AS a1;
CREATE ( n0 : L4 { id : CASE WHEN FALSE THEN NULL ELSE 57 END } ) - [ : T6 { id : 58 } ] - > ( { id : 59 } ) CREATE ( n1 : L4 { id : 60 } ) CREATE ( { id : 61 } ) CREATE ( n2 { id : 62 } ) RETURN 1 AS a0 , 1 AS a1 SKIP 1 UNION CREATE p0=({id:65})<-[ r0 : T6 { id : 64 } ] -( n0 { id : CASE WHEN TRUE THEN 63 END } ) WITH * CREATE ( n1 { id : 66 } ) - [ r1 : T0 { id : 67 } ] - > ( n2 { id : 68 } ) < - [ r2 : T0 { id : 69 } ] - ( n3 { id : CASE WHEN FALSE THEN NULL ELSE 70 END } ) MERGE p1 = ( n4 { id : 71 } ) - [ r3 : T6 { id : 72 } ] - ( { id : 73 } ) - [ r4 : T3 { id : 74 } ] - > ( { id : 75 } ) RETURN DISTINCT n4 AS a0 , n4 AS a1 ;
