-- Time: 2024/04/11 14:24:35
-- Database: janusgraph_database956
-- Database version: composite
-- seed value: 1712812407481
CREATE (n0 :L2{k17 : 'Rk', k16 : 1243981630, k18 : 1341552758, id : 0, k13 : false, k12 : 1261647236, k15 : false, k14 : 208229813});
CREATE (n0 {id : 1});
CREATE (n0 :L3{k19 : -1672976517, k22 : true, id : 2, k21 : false, k24 : '2k4Mg', k23 : 'DPU', k25 : 2122611655});
CREATE (n0 :L4{k28 : false, k27 : 206296719, k29 : true, k31 : 1169477670, k30 : 1653538547, id : 3, k32 : 'tmIBUd', k26 : 'K'});
MATCH (n0 {id : 2}), (n1 {id : 3}) MERGE(n0)-[r :T3{k62 : true, k64 : true, k63 : 'l', k66 : -523851226, id : 4, k65 : 414509442}]->(n1);
MATCH (n0 {id : 3}), (n1 {id : 0}) MERGE(n0)-[r :T2{k60 : false, k61 : true, id : 5, k57 : true, k58 : 'nGrpmNaM'}]->(n1);
MATCH (n0 :L3)-[r0]-() REMOVE n0.k2 DETACH DELETE n0  RETURN 1 AS a0, nodes(NULL) AS a1 LIMIT 0 UNION ALL CREATE p0=(n0{id:6}), (n1{id:7}) MERGE p1=(n2{id:8})-[r0 :T2{id:9}]->(n3 :L3{id:10}) SET n2.k=NULL RETURN [p1, NULL] AS a0, 1 AS a1 ORDER BY a0, a1 DESC;
MATCH ( n0 : L3 ) - [ r0 ] - ( ) OPTIONAL MATCH ()-[:TYPE]-() REMOVE n0 . k2 DETACH DELETE n0 WITH * RETURN 1 AS a0 , nodes ( NULL ) AS a1 LIMIT 0 UNION ALL CREATE p0 = ( n0 { id : 6 } ) CREATE ( n1 { id : 7 } ) WITH * MERGE p1 = ( n2 { id : 8 } ) - [ r0 : T2 { id : 9 } ] - > ( n3 : L3 { id : 10 } ) WITH * CALL{WITH *SET n2 . k = NULL } WITH * RETURN [ p1 , NULL ] AS a0 , 1 AS a1 ORDER BY a0, a1 DESC ;
MATCH (a) RETURN count(a);
MATCH (b)-[a]->(c) RETURN count(a);
MATCH (b)-[a]->(c) RETURN count(a);
UNWIND toStringList(NULL) AS a0 OPTIONAL MATCH (n0), ({k25:NULL}) CREATE (n1{id:11}) RETURN 1 AS a1, 1 AS a2 SKIP 1;
UNWIND toStringList ( NULL ) AS a0 OPTIONAL MATCH ( n0 ) ,( { k25 : CASE WHEN TRUE THEN NULL END } ) CREATE ( n1 { id : CASE WHEN TRUE THEN 11 END } ) RETURN 1 AS a1 , 1 AS a2 SKIP 1 ;
MATCH (a) RETURN count(a);
MATCH (a) RETURN count(a);
MATCH (b)-[a]->(c) RETURN count(a);
MATCH (b)-[a]->(c) RETURN count(a);
MERGE ( :L4{id:12})-[r0 :T2{id:13}]->(n0{id:14}) CREATE (n1{id:15}), p0=(n2{id:16})<-[r1 :T2{k57:(r0.k61), id:17}]-( :L4{id:18})<-[r2 :T3{id:19}]-( :L3{k22:(((r0.k58)+reverse((r0.k58))) CONTAINS 'PaVIsueA'), id:20}) DETACH DELETE n0  RETURN NULL AS a0, 1 AS a1;
MERGE ( : L4 { id : 12 } ) - [ r0 : T2 { id : 13 } ] - > ( n0 { id : 14 } ) CREATE ( n1 { id : 15 } ) CREATE p0=( :L3{k22:(((r0.k58)+reverse((r0.k58))) CONTAINS 'PaVIsueA'), id:20})-[ r2 : T3 { id : 19 } ] ->( :L4{id:18})-[ r1 : T2 { k57 : ( r0 . k61 ) , id : 17 } ] ->( n2 { id : 16 } ) DETACH DELETE n0 RETURN CASE WHEN FALSE THEN NULL ELSE NULL END AS a0 , 1 AS a1 ;
MATCH (a) RETURN count(a);
MATCH (a) RETURN count(a);
MATCH (b)-[a]->(c) RETURN count(a);
MATCH (b)-[a]->(c) RETURN count(a);
MERGE ({id:21})-[r0 :T2{id:22}]-(n0{id:23}) DETACH DELETE r0  CREATE ({id:24})-[ :T2{id:25}]->({id:26}), p0=(n1{k21:((1990035698-(length(NULL)*(-655538151-(543867099/544011814)))) < 600127338), id:27})<-[r1 :T2{id:28}]-({id:29}) RETURN n0 AS a0, n0 AS a1 SKIP 0 LIMIT 1;
MERGE ( { id : 21 } ) - [ r0 : T2 { id : 22 } ] - ( n0 { id : 23 } ) WITH * CALL{WITH *DETACH DELETE r0 } CREATE ({id:26})<-[ : T2 { id : 25 } ] -( { id : CASE WHEN TRUE THEN 24 END } ) CREATE p0 = ( n1 { k21 : ( ( 1990035698 - ( length ( NULL ) * ( -655538151 - ( 543867099 / 544011814 ) ) ) ) < 600127338 ) , id : CASE WHEN TRUE THEN 27 END } ) < - [ r1 : T2 { id : 28 } ] - ( { id : 29 } ) WITH * OPTIONAL MATCH ()-[:TYPE]-() RETURN n0 AS a0 , n0 AS a1 SKIP 0 LIMIT 1 ;
MATCH (a) RETURN count(a);
MATCH (a) RETURN count(a);
MATCH (b)-[a]->(c) RETURN count(a);
MATCH (b)-[a]->(c) RETURN count(a);
MATCH (n0) SET n0.k=NULL SET n0.k=elementId(relationships(NULL)[toIntegerOrNull(abs(589348698))]) RETURN 1 AS a0, 1 AS a1 UNION CREATE (n0{k19:round(NULL), id:30}) CREATE ({id:31}), (n1 :L3{id:32})-[r0 :T3{id:33}]->( :L4{id:34}) MERGE (n2{id:35}) RETURN 1 AS a0, NULL AS a1;
MATCH ( n0 ) WITH * CALL{WITH *SET n0 . k = NULL } SET n0 . k = elementId ( relationships ( NULL ) [ toIntegerOrNull ( abs ( 589348698 ) ) ] ) WITH * RETURN DISTINCT 1 AS a0 , 1 AS a1 UNION CREATE ( n0 { k19 : round ( NULL ) , id : CASE WHEN FALSE THEN NULL ELSE 30 END } ) CREATE ( { id : 31 } ) CREATE ( :L4{id:34})<-[ r0 : T3 { id : 33 } ] -( n1 : L3 { id : CASE WHEN TRUE THEN 32 END } ) MERGE ( n2 { id : 35 } ) WITH * RETURN 1 AS a0 , NULL AS a1 ;
MATCH (a) RETURN count(a);
MATCH (a) RETURN count(a);
MATCH (b)-[a]->(c) RETURN count(a);
MATCH (b)-[a]->(c) RETURN count(a);
MERGE (n0{id:36}) REMOVE n0.k2 SET n0.k=NULL RETURN false AS a0, n0 AS a1 SKIP 0;
MERGE ( n0 { id : 36 } ) REMOVE n0 . k2 WITH * OPTIONAL MATCH ()-[:TYPE]-() FOREACH(f in [1]|SET n0 . k = CASE WHEN FALSE THEN NULL ELSE NULL END ) WITH * OPTIONAL MATCH ()-[:TYPE]-() RETURN false AS a0 , n0 AS a1 SKIP 0 ;
