-- Time: 2024/04/11 13:54:53
-- Database: janusgraph_database555
-- Database version: composite
-- seed value: 1712812407079
CREATE (n0 {id : 0});
CREATE (n0 :L1{id : 1, k6 : 's7R6', k10 : false, k7 : 'Y8', k8 : 'RvsTeq1', k9 : true});
CREATE (n0 :L0{k0 : false, k1 : 'AKQbChvma', k2 : 1644399620, k3 : 'V', k4 : true, k5 : 'jOSi', id : 2});
CREATE (n0 :L0{k0 : true, k1 : '9dm', k2 : 1549258127, k4 : true, id : 3});
MATCH (n0 {id : 2}), (n1 {id : 0}) MERGE(n0)-[r :T0{k31 : -1048067907, k33 : true, id : 4, k32 : true, k35 : 781976756, k34 : '6'}]->(n1);
MATCH (n0 {id : 2}), (n1 {id : 2}) MERGE(n0)-[r :T4{k53 : 'i', k52 : true, k55 : 2023987031, id : 5, k54 : false, k56 : -2113192274}]->(n1);
MATCH (n0 {id : 3}), (n1 {id : 0}) MERGE(n0)-[r :T0{k31 : 492223237, k33 : false, id : 6, k35 : 870742819, k34 : 'DwxkyZ', k36 : 'H'}]->(n1);
MATCH (n0 {id : 0}), (n1 {id : 2}) MERGE(n0)-[r :T4{k53 : 'N', k52 : false, k55 : -1507198641, id : 7, k54 : true, k56 : 1064597612}]->(n1);
UNWIND [x IN [relationships(NULL), NULL]] AS a1 CREATE ({id:8}), ({id:9})-[ :T4{k54:(NOT (NULL >= -934171044)), id:10}]->(n3{k5:substring(('U'+NULL), toIntegerOrNull(abs(NULL)), toIntegerOrNull(abs(817150216))), id:11})-[r2 :T4{id:12}]->(n4{id:13}) MERGE p0=(n5{k0:false, id:14})-[r3 :T0{id:15}]-({id:16})-[ :T4{id:17}]-(n6{id:18}) RETURN n6 AS a2, (r3.k34) AS a3;
UNWIND [ x IN [ relationships ( NULL ) , NULL ] ] AS a1 CREATE ( { id : 8 } ) CREATE (m0{ id : 9 } )CREATE (m0)- [ : T4 { k54 : ( NOT ( NULL >= -934171044 ) ) , id : 10 } ] - > ( n3 { k5 : substring ( ( 'U' + NULL ) , toIntegerOrNull ( abs ( NULL ) ) , toIntegerOrNull ( abs ( 817150216 ) ) ) , id : 11 } ) - [ r2 : T4 { id : 12 } ] - > ( n4 { id : 13 } ) MERGE p0 = ( n5 { k0 : false , id : 14 } ) - [ r3 : T0 { id : 15 } ] - ( { id : 16 } ) - [ : T4 { id : 17 } ] - ( n6 { id : 18 } ) WITH * RETURN DISTINCT n6 AS a2 , CASE WHEN FALSE THEN NULL ELSE ( r3 . k34 ) END AS a3 ;
MATCH (a) RETURN count(a);
MATCH (b)-[a]->(c) RETURN count(a);
MATCH (b)-[a]->(c) RETURN count(a);
OPTIONAL MATCH (n0) SET n0.k=toStringOrNull(NULL) CREATE (n1{k1:NULL, id:19})-[r0 :T0{id:20}]->(n2{id:21}), ({id:22})-[ :T4{id:23}]->( :L0{id:24}) RETURN 1 AS a2, relationships(NULL)[toIntegerOrNull(abs(2019768256))] AS a3 LIMIT 0;
OPTIONAL MATCH (n0) SET n0 . k = CASE WHEN FALSE THEN NULL ELSE toStringOrNull ( NULL ) END CREATE (n1{ k1 : NULL , id : 19 } )CREATE (n1)- [ r0 : T0 { id : 20 } ] - > ( n2 { id : 21 } ) CREATE ( { id : 22 } ) - [ : T4 { id : 23 } ] - > ( : L0 { id : 24 } ) WITH * OPTIONAL MATCH ()-[:TYPE]-() RETURN CASE WHEN FALSE THEN NULL ELSE 1 END AS a2 , (relationships ( NULL ) +[]) [ toIntegerOrNull ( abs ( 2019768256 ) ) ] AS a3 LIMIT 0 ;
MATCH (a) RETURN count(a);
MATCH (a) RETURN count(a);
MATCH (b)-[a]->(c) RETURN count(a);
MATCH (b)-[a]->(c) RETURN count(a);
CREATE p0=(n6{id:25})<-[r3 :T4{id:26}]-(n7{id:27}) CREATE ( :L0{k4:false, id:28})-[r4 :T4{id:29}]->(n8{k1:NULL, id:30}) CREATE ({id:31})-[r5 :T0{id:32}]->(n9{id:33})<-[r6 :T0{id:34}]-(n10 :L0{k3:NULL, id:35}) RETURN DISTINCT 1 AS a0, 1 AS a1;
CREATE p0 = ( n6 { id : 25 } ) < - [ r3 : T4 { id : 26 } ] - ( n7 { id : 27 } ) CREATE ( : L0 { k4 : false , id : 28 } ) - [ r4 : T4 { id : 29 } ] - > ( n8 { k1 : NULL , id : 30 } ) WITH * OPTIONAL MATCH ()-[:TYPE]-() CREATE ( { id : 31 } ) - [ r5 : T0 { id : CASE WHEN FALSE THEN NULL ELSE 32 END } ] - > ( n9 { id : 33 } ) < - [ r6 : T0 { id : 34 } ] - ( n10 : L0 { k3 : NULL , id : CASE WHEN FALSE THEN NULL ELSE 35 END } ) RETURN DISTINCT 1 AS a0 , 1 AS a1 ;
