-- Time: 2024/04/11 14:10:21
-- Database: janusgraph_database764
-- Database version: composite
-- seed value: 1712812407288
CREATE (n0 :L1{k11 : 1218667901, id : 0, k10 : -1899591087, k8 : 'q', k9 : false});
CREATE (n0 {id : 1});
CREATE (n0 :L6{k39 : 'G', k38 : 'Y', id : 2, k35 : 'LOD', k34 : false, k36 : '0'});
CREATE (n0 :L4{k27 : -942567177, id : 3, k23 : 1944503996, k26 : 'k', k25 : 978131238});
MATCH (n0 {id : 2}), (n1 {id : 3}) MERGE(n0)-[r :T1{k49 : true, k51 : true, k50 : 'p', id : 4, k46 : 'YWZ', k45 : -327915796, k47 : true}]->(n1);
MATCH (n0 {id : 3}), (n1 {id : 1}) MERGE(n0)-[r :T6{k80 : 2131704245, k81 : 976284212, id : 5, k78 : 'cOIf'}]->(n1);
MATCH (n0 {id : 3}), (n1 {id : 1}) MERGE(n0)-[r :T2{k53 : -2084706172, k52 : 1321359889, k55 : true, id : 6, k54 : true, k56 : true}]->(n1);
MATCH (n0 {id : 0}), (n1 {id : 2}) MERGE(n0)-[r :T0{k40 : true, k42 : 's', k41 : false, k44 : false, id : 7, k43 : '6'}]->(n1);
MATCH (n0 {id : 3}), (n1 {id : 1}) MERGE(n0)-[r :T1{k49 : false, k51 : true, k50 : 'Ws5cpv', id : 8, k46 : 'Z', k45 : -1827913289, k48 : 655593889, k47 : true}]->(n1);
MERGE (n0{id:9})-[r0 :T6{id:10}]-({id:11})-[r1 :T1{id:12}]->({id:13}) REMOVE n0.k2 REMOVE n0.k2 RETURN r1 AS a0;
MERGE ( n0 { id : 9 } ) - [ r0 : T6 { id : 10 } ] - ( { id : 11 } ) - [ r1 : T1 { id : 12 } ] - > ( { id : 13 } ) REMOVE n0 . k2 FOREACH(f in [1]|REMOVE n0 . k2 ) RETURN r1 AS a0 ;
MATCH (a) RETURN count(a);
MATCH (b)-[a]->(c) RETURN count(a);
MATCH (b)-[a]->(c) RETURN count(a);
MERGE ({id:14}) CREATE ({id:15}) CREATE (n0{id:16}) RETURN 1 AS a0, 1 AS a1;
MERGE ( { id : 14 } ) CREATE ( { id : 15 } ) CREATE ( n0 { id : 16 } ) RETURN 1 AS a0 , CASE WHEN FALSE THEN NULL ELSE 1 END AS a1 ;
