-- Time: 2024/04/11 13:32:20
-- Database: janusgraph_database250
-- Database version: composite
-- seed value: 1712812406773
CREATE (n0 :L0{k0 : 'a9ja', k1 : -311799937, k2 : '1', k3 : true, k4 : 's', k5 : true, id : 0, k6 : '3p'});
CREATE (n0 {id : 1});
CREATE (n0 :L1{k11 : 'yFR', id : 2, k10 : -1305769590, k7 : false, k13 : 1446689572, k8 : 'IU', k12 : -1828209941, k9 : -1086962066});
CREATE (n0 :L1{k11 : 'Q', id : 3, k10 : -239736114, k7 : true, k13 : -1024090959, k8 : 'OS0WS', k12 : 1017670259, k9 : 632418465});
MATCH (n0 {id : 0}), (n1 {id : 3}) MERGE(n0)-[r :T5{k64 : false, k66 : -985331196, id : 4, k65 : '6fc', k68 : false, k67 : 1274983122}]->(n1);
MATCH (n0 {id : 2}), (n1 {id : 0}) MERGE(n0)-[r :T1{k39 : true, k38 : false, k40 : 'g', k42 : '4', k41 : false, k44 : '9', id : 5, k43 : 'KPJkT'}]->(n1);
MATCH (n0 {id : 3}), (n1 {id : 3}) MERGE(n0)-[r :T1{k39 : true, k38 : false, k40 : '66', k42 : 'R', k41 : false, k44 : 'jk', id : 6, k43 : '3bKXk4'}]->(n1);
MATCH (n0 {id : 1}), (n1 {id : 1}) MERGE(n0)-[r :T6{k70 : 1382070732, k73 : 'w7I', k72 : 1476327697, id : 7, k69 : 'VjegW'}]->(n1);
MATCH (n0 {id : 1}), (n1 {id : 2}) MERGE(n0)-[r :T5{k64 : false, k66 : -1128681426, id : 8, k65 : 'hs', k68 : true, k67 : -534555762}]->(n1);
MATCH (n0 {id : 3}), (n1 {id : 1}) MERGE(n0)-[r :T6{k71 : 'y0Js', k70 : -1417312953, k73 : 'q', k72 : -53463217, id : 9, k69 : 'A'}]->(n1);
CREATE ({id:10}), ({id:11})-[r0 :T1{id:12}]->(n0 :L0{k0:type(relationships(NULL)[toIntegerOrNull(abs(-1857825611))]), id:13})-[ :T5{id:14}]->(n1{id:15}) MERGE ({id:16})<-[r1 :T5{id:17}]-(n2{id:18})-[r2 :T6{k70:1229807342, id:19}]-( :L1{id:20}) CREATE ({k9:round(760895792), id:21}), (n3{id:22}) RETURN n2 AS a0 SKIP 1;
CREATE ( { id : 10 } ) CREATE ( { id : 11 } ) - [ r0 : T1 { id : 12 } ] - > ( n0 : L0 { k0 : type ( CASE WHEN FALSE THEN NULL ELSE relationships ( CASE WHEN TRUE THEN NULL END ) [ toIntegerOrNull ( CASE WHEN TRUE THEN abs ( -1857825611 ) END ) ] END ) , id : 13 } ) - [ : T5 { id : 14 } ] - > ( n1 { id : 15 } ) MERGE pp0=( { id : 16 } ) < - [ r1 : T5 { id : 17 } ] - ( n2 { id : 18 } ) - [ r2 : T6 { k70 : 1229807342 , id : 19 } ] - ( : L1 { id : 20 } ) CREATE ( { k9 : round ( CASE WHEN FALSE THEN NULL ELSE 760895792 END ) , id : 21 } ) CREATE ( n3 { id : 22 } ) RETURN n2 AS a0 SKIP 1 ;
MATCH (a) RETURN count(a);
MATCH (b)-[a]->(c) RETURN count(a);
MATCH (b)-[a]->(c) RETURN count(a);
UNWIND NULL AS a0 MERGE (n0 :L1{id:23}) CREATE ( :L1{k8:(n0.k11), id:24})<-[ :T5{id:25}]-(n1{id:26}), (n2{id:27})-[r0 :T5{k68:(n0.k7), id:28}]->(n3{k9:972153725, id:29}) RETURN DISTINCT (n0.k11) AS a1, -1504774912 AS a2;
UNWIND NULL AS a0 UNWIND [NULL] as l0 MERGE ( n0 : L1 { id : CASE WHEN FALSE THEN NULL ELSE 23 END } ) CREATE ( : L1 { k8 : ( CASE WHEN FALSE THEN NULL ELSE n0 . k11 END ) , id : 24 } ) < - [ : T5 { id : CASE WHEN FALSE THEN NULL ELSE 25 END } ] - ( n1 { id : 26 } ) CREATE (n3{k9:972153725, id:29})<-[ r0 : T5 { k68 : ( n0 . k7 ) , id : 28 } ] -( n2 { id : 27 } ) RETURN DISTINCT ( CASE WHEN TRUE THEN n0 . k11 END ) AS a1 , -1504774912 AS a2 ORDER BY TRUE SKIP 1 ;
MATCH (a) RETURN count(a);
MATCH (a) RETURN count(a);
MATCH (b)-[a]->(c) RETURN count(a);
MATCH (b)-[a]->(c) RETURN count(a);
UNWIND [NULL, NULL] AS a0 UNWIND [NULL, NULL] AS a1 CREATE (n0{k7:NULL, id:30})<-[r0 :T5{k64:false, id:31}]-(n1{k5:NULL, id:32}), ( :L1{id:33})<-[ :T5{id:34}]-(n2{id:35}) RETURN *, 1 AS a2;
UNWIND [ NULL , NULL ] AS a0 UNWIND ([]+[ NULL , NULL ] )AS a1 CREATE (n1{k5:NULL, id:32})-[ r0 : T5 { k64 : false , id : 31 } ] ->( n0 { k7 : NULL , id : 30 } ) CREATE (m0: L1 { id : 33 } )CREATE (m0)< - [ : T5 { id : CASE WHEN FALSE THEN NULL ELSE 34 END } ] - ( n2 { id : 35 } ) RETURN * , 1 AS a2 ;
MATCH (a) RETURN count(a);
MATCH (a) RETURN count(a);
MATCH (b)-[a]->(c) RETURN count(a);
MATCH (b)-[a]->(c) RETURN count(a);
MATCH ()-[]-()-[r0]->(n0), (n1)-[r0]-(n0)-[ :T6{k70:-1218759851}]-(n0) WHERE false MERGE ({id:36})-[ :T6{k71:'858o5Za', id:37}]->(n2{id:38}) DETACH DELETE n0  RETURN n2 AS a0, (isEmpty({k1: 'U5uDs', k2: []}) AND true) AS a1;
MATCH ( ) - [ ] - ( ) - [ r0 ] - > ( n0 ) ,( n1 ) - [ r0 ] - ( n0 ) - [ : T6 { k70 : -1218759851 } ] - ( n0 ) WHERE CASE WHEN TRUE THEN false END UNWIND [NULL] as l0 MERGE ( { id : 36 } ) - [ : T6 { k71 : '858o5Za' , id : 37 } ] - > ( n2 { id : 38 } ) DETACH DELETE n0 RETURN n2 AS a0 , ( isEmpty ( { k1 : 'U5uDs' , k2 : ([ ] +[]) } ) AND true ) AS a1 ;
MATCH (a) RETURN count(a);
MATCH (a) RETURN count(a);
MATCH (b)-[a]->(c) RETURN count(a);
MATCH (b)-[a]->(c) RETURN count(a);
MATCH ({k9:NULL})-[*0..0]->(n0), () CREATE (n1{id:39}) MERGE ( :L1{id:40}) RETURN *, n0 AS a0 LIMIT 1;
MATCH ({k9:NULL})-[*0..0]->(n0),() OPTIONAL MATCH ()-[:TYPE]-() CREATE ( n1 { id : 39 } ) WITH * MERGE ( : L1 { id : 40 } ) WITH * RETURN * , n0 AS a0 ORDER BY 1 LIMIT 1 ;
MATCH (a) RETURN count(a);
MATCH (a) RETURN count(a);
MATCH (b)-[a]->(c) RETURN count(a);
MATCH (b)-[a]->(c) RETURN count(a);
WITH * WHERE CASE WHEN NULL THEN (true IS NOT NULL) END OPTIONAL MATCH p0=(n0), ()-[r0 :T6{k72:NULL}]->(n1) SET n0.k=(r0.k71) RETURN (r0.k72) AS a0, n1 AS a1;
WITH * WHERE CASE WHEN NULL THEN ( true IS NOT NULL ) END OPTIONAL MATCH p0 = ( n0 ) ,()-[*0..0]-( ) - [ r0 : T6 { k72 : NULL } ] - > ( n1 ) SET n0 . k = ( r0 . k71 ) RETURN ( r0 . k72 ) AS a0 , n1 AS a1 ;
MATCH (a) RETURN count(a);
MATCH (a) RETURN count(a);
MATCH (b)-[a]->(c) RETURN count(a);
MATCH (b)-[a]->(c) RETURN count(a);
UNWIND toIntegerList([p0=(n0 :L0{k2:NULL})-[r0]-(n1 :L1)|CASE WHEN true THEN 'J2' END]) AS a0 OPTIONAL MATCH (n2 :L0{k3:NULL}), (n3)-[r1]-() CREATE (n4{id:41})-[r2 :T6{id:42}]->({id:43})-[r3 :T5{id:44}]->(n5{id:45}) RETURN 1 AS a1, 1 AS a2;
UNWIND toIntegerList ( [ p0 = ( n0 : L0 { k2 : NULL } ) - [ r0 ] - ( n1 : L1 ) | CASE WHEN true THEN CASE WHEN FALSE THEN NULL ELSE 'J2' END END ] ) AS a0 OPTIONAL MATCH ( n2 : L0 { k3 : NULL } ) ,( n3 ) - [ r1 ] - ( ) CREATE (n5{id:45})<-[ r3 : T5 { id : 44 } ] -({id:43})<-[ r2 : T6 { id : CASE WHEN FALSE THEN NULL ELSE 42 END } ] -( n4 { id : CASE WHEN TRUE THEN 41 END } ) RETURN 1 AS a1 , 1 AS a2 ;
MATCH (a) RETURN count(a);
MATCH (a) RETURN count(a);
MATCH (b)-[a]->(c) RETURN count(a);
MATCH (b)-[a]->(c) RETURN count(a);
MERGE (n0{id:46})-[r0 :T1{id:47}]-(n1{k5:true, id:48})-[r1 :T5{id:49}]-( :L1{id:50}) CREATE p0=({id:51})-[r2 :T1{id:52}]->({id:53})-[ :T6{k71:'rePNm3PZ', id:54}]->({id:55}), ({id:56}) CREATE (n2{id:57})-[r3 :T1{k41:toBooleanOrNull(endNode(r0)), id:58}]->(n5 :L0{k4:reverse((((r0.k43)+(r0.k44))+'S')), id:59}), ({id:60}) RETURN r1 AS a0, n1 AS a1;
MERGE ( n0 { id : 46 } ) - [ r0 : T1 { id : CASE WHEN FALSE THEN NULL ELSE 47 END } ] - ( n1 { k5 : true , id : 48 } ) - [ r1 : T5 { id : 49 } ] - ( : L1 { id : 50 } ) WITH * OPTIONAL MATCH ()-[:TYPE]-() CREATE (m0{ id : CASE WHEN FALSE THEN NULL ELSE 51 END } )CREATE (m0)- [ r2 : T1 { id : 52 } ] - > ( { id : 53 } ) - [ : T6 { k71 : ('rePNm3PZ' +'') , id : 54 } ] - > ( { id : 55 } ) CREATE ( { id : CASE WHEN FALSE THEN NULL ELSE 56 END } ) WITH * CREATE ( n2 { id : 57 } ) - [ r3 : T1 { k41 : toBooleanOrNull ( endNode ( r0 ) ) , id : 58 } ] - > ( n5 : L0 { k4 : reverse ( ( ( ( r0 . k43 ) + ( CASE WHEN FALSE THEN NULL ELSE r0 . k44 END ) ) + 'S' ) ) , id : 59 } ) CREATE ( { id : 60 } ) RETURN r1 AS a0 , n1 AS a1 ORDER BY FALSE ;
MATCH (a) RETURN count(a);
MATCH (a) RETURN count(a);
MATCH (b)-[a]->(c) RETURN count(a);
MATCH (b)-[a]->(c) RETURN count(a);
WITH * OPTIONAL MATCH ()<-[r3]-(n11 :L1), (n10)-[]-(n10)-[r4 :T5{k64:([(n11.k12), (n11.k9)] > (n11.k11))}]->(n11) WHERE (true IS NOT NULL) SET n10.k=('M' <> '6JkvaX') RETURN n11 AS a3, n10 AS a4;
WITH * OPTIONAL MATCH ( ) < - [ r3 ] - ( n11 : L1 ) ,( n10 ) - [ ] - ( n10 ) - [ r4 : T5 { k64 : ( [ ( n11 . k12 ) , ( n11 . k9 ) ] > ( n11 . k11 ) ) } ] - > ( n11 ) WHERE ( true IS NOT NULL ) UNWIND [1] as l0 SET n10 . k = ( 'M' <> '6JkvaX' ) WITH * RETURN CASE WHEN TRUE THEN n11 END AS a3 , n10 AS a4 ;
MATCH (a) RETURN count(a);
MATCH (a) RETURN count(a);
MATCH (b)-[a]->(c) RETURN count(a);
MATCH (b)-[a]->(c) RETURN count(a);
UNWIND [NULL, NULL] AS a0 OPTIONAL MATCH p0=()-[r0]->() MERGE p1=(n0{id:61})-[r1 :T1{k44:'K', id:62}]-(n1{k13:1154467522, id:63}) RETURN NULL AS a1 LIMIT 0;
UNWIND [ NULL , NULL ] AS a0 OPTIONAL MATCH p0=()-[r0]->() MERGE p1 = ( n0 { id : 61 } ) - [ r1 : T1 { k44 : 'K' , id : 62 } ] - ( n1 { k13 : 1154467522 , id : 63 } ) WITH * OPTIONAL MATCH ()-[:TYPE]-() RETURN NULL AS a1 LIMIT 0 ;
MATCH (a) RETURN count(a);
MATCH (a) RETURN count(a);
MATCH (b)-[a]->(c) RETURN count(a);
MATCH (b)-[a]->(c) RETURN count(a);
CREATE p0=({id:64}), ({id:65})-[r0 :T1{k42:substring(NULL, toIntegerOrNull(abs(-1666036247)), toIntegerOrNull(abs(-1676625663))), id:66}]->(n0{id:67})-[r1 :T5{k64:NULL, id:68}]->(n1{k10:-1337444099, id:69}) MERGE ({id:70})-[r2 :T6{k69:'5H', id:71}]-(n2{id:72}) DETACH DELETE n2  RETURN 1 AS a0, 1 AS a1;
CREATE p0 = ( { id : 64 } ) CREATE ( { id : 65 } ) - [ r0 : T1 { k42 : substring ( NULL , CASE WHEN TRUE THEN toIntegerOrNull ( abs ( -1666036247 ) ) END , toIntegerOrNull ( abs ( -1676625663 ) ) ) , id : 66 } ] - > ( n0 { id : 67 } ) - [ r1 : T5 { k64 : NULL , id : CASE WHEN FALSE THEN NULL ELSE 68 END } ] - > ( n1 { k10 : -1337444099 , id : 69 } ) MERGE ( { id : 70 } ) - [ r2 : T6 { k69 : '5H' , id : 71 } ] - ( n2 { id : 72 } ) DETACH DELETE n2 RETURN 1 AS a0 , 1 AS a1 ;
MATCH (a) RETURN count(a);
MATCH (a) RETURN count(a);
MATCH (b)-[a]->(c) RETURN count(a);
MATCH (b)-[a]->(c) RETURN count(a);
CREATE (n0{id:73})-[ :T5{id:74}]->( :L1{k8:NULL, id:75}) MERGE ({k6:'EbN', id:76}) CREATE ({id:77}) RETURN 1 AS a0 ORDER BY NULL, a0 LIMIT 1;
CREATE ( :L1{k8:NULL, id:75})<-[ : T5 { id : 74 } ] -( n0 { id : 73 } ) WITH * UNWIND [1] as l0 MERGE ( { k6 : ('EbN' +'') , id : 76 } ) WITH * CREATE ( { id : 77 } ) WITH * OPTIONAL MATCH ()-[:TYPE]-() RETURN 1 AS a0 ORDER BY NULL, a0 LIMIT 1 ;
MATCH (a) RETURN count(a);
MATCH (a) RETURN count(a);
MATCH (b)-[a]->(c) RETURN count(a);
MATCH (b)-[a]->(c) RETURN count(a);
WITH * ORDER BY 364880474 DESC CREATE ( :L1{k7:false, id:78})-[ :T1{id:79}]->(n0 :L1{id:80})<-[r0 :T5{k68:((NULL >= (1757414066-1309528480)) OR (NULL STARTS WITH '7')), id:81}]-({id:82}) MERGE ( :L1{id:83})-[r1 :T1{id:84}]-(n1{k3:false, id:85})-[r2 :T5{id:86}]-(n2{k9:2005708295, id:87}) RETURN n1 AS a0, n1 AS a1;
WITH * ORDER BY 364880474 DESC CREATE ( : L1 { k7 : false , id : 78 } ) - [ : T1 { id : 79 } ] - > ( n0 : L1 { id : 80 } ) < - [ r0 : T5 { k68 : ( ( NULL >= ( 1757414066 -1309528480 ) ) OR ( NULL STARTS WITH '7' ) ) , id : 81 } ] - ( { id : 82 } ) MERGE ( : L1 { id : 83 } ) - [ r1 : T1 { id : 84 } ] - ( n1 { k3 : false , id : 85 } ) - [ r2 : T5 { id : 86 } ] - ( n2 { k9 : 2005708295 , id : 87 } ) RETURN n1 AS a0 , n1 AS a1 ;
MATCH (a) RETURN count(a);
MATCH (a) RETURN count(a);
MATCH (b)-[a]->(c) RETURN count(a);
MATCH (b)-[a]->(c) RETURN count(a);
MERGE ({id:88}) CREATE ({id:89}) CREATE ( :L0{id:90}), (n0{id:91}) RETURN DISTINCT 1228778527 AS a0, CASE WHEN NULL THEN NULL END AS a1;
MERGE ( { id : 88 } ) CREATE ( { id : 89 } ) CREATE ( : L0 { id : 90 } ) CREATE ( n0 { id : 91 } ) RETURN DISTINCT 1228778527 AS a0 , CASE WHEN CASE WHEN FALSE THEN NULL ELSE NULL END THEN NULL END AS a1 ;
