-- Time: 2024/04/11 14:12:57
-- Database: janusgraph_database799
-- Database version: composite
-- seed value: 1712812407323
CREATE (n0 {id : 0});
CREATE (n0 :L5{k31 : -160467015, k30 : true, k33 : 'mPmL8', id : 1, k32 : -1989431656, k35 : '3', k34 : false, k36 : false});
CREATE (n0 :L3{k19 : true, k18 : -759332712, k20 : true, k22 : 1521758372, id : 2, k23 : 1112436598});
CREATE (n0 :L4{k27 : 811109249, k29 : false, id : 3, k24 : 't', k26 : -1962228693, k25 : 1352908897});
MATCH (n0 {id : 2}), (n1 {id : 0}) MERGE(n0)-[r :T4{k60 : -528193827, k62 : true, k61 : false, k64 : 'i', k63 : 'QHqz8nT', id : 4, k65 : 'C'}]->(n1);
MATCH (n0 {id : 2}), (n1 {id : 3}) MERGE(n0)-[r :T3{k55 : true, id : 5, k57 : 'd', k59 : 'EHL', k58 : 1175145043}]->(n1);
MATCH (n0 {id : 0}), (n1 {id : 0}) MERGE(n0)-[r :T5{k70 : true, k72 : true, k66 : 460100427, id : 6, k68 : true, k67 : 1620190392, k69 : 'KyMYX0pE'}]->(n1);
MATCH (n0 {id : 2}), (n1 {id : 2}) MERGE(n0)-[r :T1{k42 : -1342795089, k44 : true, id : 7, k43 : 'a', k46 : true, k48 : -2107250262, k47 : 'H3LtYUD'}]->(n1);
MATCH (n0 {id : 0}), (n1 {id : 2}) MERGE(n0)-[r :T1{k42 : -1788114761, id : 8, k43 : 'fO', k46 : false, k45 : 'PhPUIINz8', k48 : 971574585, k47 : 'm'}]->(n1);
MERGE ({id:9}) MERGE (n0{id:10}) SET n0.k=false RETURN 1 AS a0;
MERGE ( { id : 9 } ) WITH * UNWIND 1 as l0 MERGE pp0=( n0 { id : 10 } ) SET n0 . k = false WITH * OPTIONAL MATCH ()-[:TYPE]-() RETURN CASE WHEN FALSE THEN NULL ELSE 1 END AS a0 ;
MATCH (a) RETURN count(a);
MATCH (b)-[a]->(c) RETURN count(a);
MATCH (b)-[a]->(c) RETURN count(a);
OPTIONAL MATCH (n0 :L3{k23:NULL})-[]-() WHERE false CREATE ({id:11})-[r0 :T5{id:12}]->(n1{id:13})-[r1 :T1{k42:1091061966, id:14}]->({id:15}) SET n0.k=(n0.k23) RETURN n0 AS a0, 1 AS a1;
OPTIONAL MATCH (n0)-[*0..0]-( n0 : L3 { k23 : NULL } ) - [ ] - ( ) WHERE false CREATE ({id:15})<-[ r1 : T1 { k42 : 1091061966 , id : 14 } ] -(n1{id:13})<-[ r0 : T5 { id : 12 } ] -( { id : 11 } ) FOREACH(f in [1]|SET n0 . k = ( n0 . k23 ) ) RETURN n0 AS a0 , 1 AS a1 ;
MATCH (a) RETURN count(a);
MATCH (a) RETURN count(a);
MATCH (b)-[a]->(c) RETURN count(a);
MATCH (b)-[a]->(c) RETURN count(a);
OPTIONAL MATCH (n0), p0=() WHERE (isEmpty(toStringList([])[toIntegerOrNull(abs(1381588672))]) AND NULL) DETACH DELETE p0  CREATE ( :L5{k33:NULL, id:16}), ( :L5{k30:false, id:17}) RETURN 1 AS a0, 1 AS a1;
OPTIONAL MATCH ( n0 ) ,p0 = ( ) WHERE ( CASE WHEN TRUE THEN FALSE OR isEmpty ( ([]+toStringList ( [ ] ) )[ toIntegerOrNull ( abs ( 1381588672 ) ) ] ) AND NULL END ) WITH * DETACH DELETE p0 WITH * UNWIND 1 as l0 CREATE ( : L5 { k33 : NULL , id : 16 } ) CREATE ( : L5 { k30 : false , id : 17 } ) RETURN 1 AS a0 , 1 AS a1 SKIP 1 ;
MATCH (a) RETURN count(a);
MATCH (a) RETURN count(a);
MATCH (b)-[a]->(c) RETURN count(a);
MATCH (b)-[a]->(c) RETURN count(a);
CREATE ({id:18}) MERGE ({id:19}) CREATE ({id:20})-[r0 :T5{id:21}]->({id:22}), (n0{k25:toIntegerOrNull(NULL), id:23})<-[r1 :T3{id:24}]-({k21:NULL, id:25})-[ :T1{id:26}]->({k23:toIntegerList([(n1)-[]->(n2{k17:NULL})|('8' CONTAINS ('pqJh'+'I7'))])[toIntegerOrNull(abs(2047669823))], id:27}) RETURN -81642994 AS a0;
CREATE ( { id : 18 } ) WITH * UNWIND [NULL] as l0 MERGE ( { id : 19 } ) CREATE (m0{ id : 20 } )CREATE (m0)- [ r0 : T5 { id : 21 } ] - > ( { id : 22 } ) CREATE ( n0 { k25 : toIntegerOrNull ( NULL ) , id : 23 } ) < - [ r1 : T3 { id : CASE WHEN FALSE THEN NULL ELSE 24 END } ] - ( { k21 : NULL , id : CASE WHEN FALSE THEN NULL ELSE 25 END } ) - [ : T1 { id : CASE WHEN FALSE THEN NULL ELSE 26 END } ] - > ( { k23 : toIntegerList ( [ ( n1 ) - [ ] - > ( n2 { k17 : NULL } ) | ( '8' CONTAINS ( 'pqJh' + 'I7' ) ) ] ) [ toIntegerOrNull ( CASE WHEN FALSE THEN NULL ELSE abs ( 2047669823 ) END ) ] , id : 27 } ) RETURN -81642994 AS a0 ;
MATCH (a) RETURN count(a);
MATCH (a) RETURN count(a);
MATCH (b)-[a]->(c) RETURN count(a);
MATCH (b)-[a]->(c) RETURN count(a);
MATCH (n0) CREATE ({id:28})<-[ :T4{id:29}]-(n1{k20:NULL, id:30}) DETACH DELETE n0  RETURN DISTINCT NULL AS a0, 1 AS a1;
MATCH (n0) CREATE ( { id : 28 } ) < - [ : T4 { id : 29 } ] - ( n1 { k20 : NULL , id : 30 } ) WITH * UNWIND [NULL] as l0 DETACH DELETE n0 RETURN DISTINCT NULL AS a0 , 1 AS a1 ;
