-- Time: 2024/04/11 13:59:06
-- Database: janusgraph_database612
-- Database version: composite
-- seed value: 1712812407136
CREATE (n0 {id : 0});
CREATE (n0 {id : 1});
CREATE (n0 :L2{k16 : 'mj', k11 : true, id : 2, k13 : false, k12 : -1932114903, k15 : -343627598, k14 : false});
CREATE (n0 :L1{k5 : 2097223194, id : 3, k6 : 'P49', k10 : true, k8 : false, k9 : -292547807});
MATCH (n0 {id : 2}), (n1 {id : 3}) MERGE(n0)-[r :T3{k51 : false, k50 : '2eb6Qo', k53 : -2145654567, k52 : true, k55 : -1640458396, id : 4, k54 : true, k56 : '4'}]->(n1);
MATCH (n0 {id : 0}), (n1 {id : 0}) MERGE(n0)-[r :T3{k51 : false, k50 : 'x', k53 : 2078245347, k52 : true, k55 : 751216684, id : 5, k54 : true, k56 : 'NrP'}]->(n1);
MATCH (n0 {id : 1}), (n1 {id : 3}) MERGE(n0)-[r :T4{k60 : 'R', k62 : -554954691, k63 : true, id : 6, k57 : 1205915295, k59 : true, k58 : 1703748574}]->(n1);
MATCH (n0 {id : 0}), (n1 {id : 1}) MERGE(n0)-[r :T1{k39 : 548665553, k38 : -1767075761, k40 : -473191111, k42 : 720406855, k41 : false, id : 7, k37 : 1269047208, k36 : -270153113}]->(n1);
MATCH (n0 {id : 1}), (n1 {id : 3}) MERGE(n0)-[r :T4{k62 : -554954691, k61 : 590755964, k63 : false, id : 8, k57 : 1205915295, k59 : false, k58 : 936572606}]->(n1);
MATCH (n0 {id : 2}), (n1 {id : 1}) MERGE(n0)-[r :T2{k49 : -768841855, k44 : -666411395, id : 9, k43 : -590063426, k46 : false, k45 : -2043264065, k47 : -1910261591}]->(n1);
MATCH (n0 {id : 0}), (n1 {id : 2}) MERGE(n0)-[r :T1{k39 : 548665553, k38 : 1164353720, k40 : -473191111, k42 : 194053759, k41 : false, id : 10, k37 : 1269047208, k36 : -1361375229}]->(n1);
OPTIONAL MATCH ()-[r0]->() DETACH DELETE r0  CREATE (n0 :L1{id:11})<-[r1 :T3{id:12}]-({k16:'ec5JNWVG', id:13}) RETURN 1 AS a0;
OPTIONAL MATCH ( ) - [ r0 ] - > ( ) DETACH DELETE CASE WHEN FALSE THEN NULL ELSE r0 END WITH * UNWIND 1 as l0 CREATE ( n0 : L1 { id : 11 } ) < - [ r1 : T3 { id : 12 } ] - ( { k16 : 'ec5JNWVG' , id : 13 } ) WITH * RETURN DISTINCT CASE WHEN TRUE THEN 1 END AS a0 ;
MATCH (a) RETURN count(a);
MATCH (b)-[a]->(c) RETURN count(a);
MATCH (b)-[a]->(c) RETURN count(a);
WITH NULL AS a0 LIMIT 0 WHERE true MERGE (n0{id:14})-[r0 :T4{id:15}]-({k5:529126273, id:16})-[r1 :T4{k58:-1578822757, id:17}]-({id:18}) SET n0.k=((r0.k60)+(r1.k60)) RETURN 1 AS a1 UNION MERGE ({id:19})-[r0 :T4{id:20}]-({id:21}) MERGE (n0{id:22})<-[r1 :T4{id:23}]-({id:24})-[r2 :T1{id:25}]-({id:26}) DETACH DELETE r1  RETURN n0 AS a1;
WITH NULL AS a0 LIMIT 0 WHERE true OPTIONAL MATCH ()-[:TYPE]-() MERGE ( n0 { id : 14 } ) - [ r0 : T4 { id : 15 } ] - ( { k5 : 529126273 , id : 16 } ) - [ r1 : T4 { k58 : -1578822757 , id : 17 } ] - ( { id : 18 } ) SET n0 . k = ( ( r0 . k60 ) + ( r1 . k60 ) ) WITH * RETURN 1 AS a1 UNION MERGE ( { id : 19 } ) - [ r0 : T4 { id : 20 } ] - ( { id : 21 } ) MERGE ( n0 { id : 22 } ) < - [ r1 : T4 { id : CASE WHEN TRUE THEN 23 END } ] - ( { id : 24 } ) - [ r2 : T1 { id : 25 } ] - ( { id : 26 } ) DETACH DELETE r1 WITH * RETURN DISTINCT n0 AS a1 ;
