-- Time: 2024/04/11 14:28:58
-- Database: janusgraph_database1015
-- Database version: composite
-- seed value: 1712812407540
CREATE (n0 :L1{k5 : 'B', id : 0, k6 : 'w', k7 : true, k8 : true, k9 : '0'});
CREATE (n0 :L4{k28 : false, k27 : -1516819668, k29 : false, id : 1, k26 : 'u', k25 : 'K'});
CREATE (n0 :L2{k17 : true, k16 : 'b1R', id : 2, k13 : true, k12 : 'm', k15 : 1719218885, k14 : '6HUH5BCU'});
CREATE (n0 {id : 3});
MATCH (n0 {id : 2}), (n1 {id : 1}) MERGE(n0)-[r :T3{k49 : 2000619782, k51 : 'Bov', k50 : false, k52 : -2108073219, id : 4, k48 : -451583710}]->(n1);
MATCH (n0 {id : 1}), (n1 {id : 1}) MERGE(n0)-[r :T0{k31 : false, k30 : 'h', k33 : -2055012789, id : 5, k32 : '4', k34 : 2030103488}]->(n1);
MATCH (n0 {id : 2}), (n1 {id : 3}) MERGE(n0)-[r :T1{k39 : 'DKWH3J5M8', k38 : '3', k40 : '80nf', k41 : 'c', id : 6, k35 : -1861122214, k37 : 'wkD9mGw'}]->(n1);
MATCH (n0 {id : 0}), (n1 {id : 2}) MERGE(n0)-[r :T4{k53 : 'z', k55 : true, id : 7, k54 : false, k56 : 'X'}]->(n1);
CREATE ({id:8})-[ :T3{k49:-21959975, id:9}]->({id:10}), ({id:11})-[ :T3{k51:'x', id:12}]->( :L4{id:13})-[r0 :T0{id:14}]->(n0{k26:NULL, id:15}) MERGE (n1{id:16}) CREATE ({id:17})-[ :T0{k32:reverse('r'), id:18}]->(n4 :L4{k27:-335370556, id:19})<-[ :T3{id:20}]-({id:21}) RETURN 1 AS a0 UNION ALL UNWIND [NULL, properties(endNode(NULL))] AS a0 MATCH p0=()<-[r0]-(n0), (n1)<-[]-(n0) SET n1.k=false RETURN r0 AS a0;
CREATE ( { id : CASE WHEN TRUE THEN 8 END } ) - [ : T3 { k49 : -21959975 , id : 9 } ] - > ( { id : 10 } ) CREATE ( { id : 11 } ) - [ : T3 { k51 : CASE WHEN FALSE THEN NULL ELSE 'x' END , id : 12 } ] - > ( : L4 { id : 13 } ) - [ r0 : T0 { id : 14 } ] - > ( n0 { k26 : NULL , id : 15 } ) WITH * UNWIND [1] as l0 MERGE ( n1 { id : 16 } ) CREATE ( { id : 17 } ) - [ : T0 { k32 : reverse ( 'r' ) , id : 18 } ] - > ( n4 : L4 { k27 : -335370556 , id : 19 } ) < - [ : T3 { id : 20 } ] - ( { id : 21 } ) RETURN 1 AS a0 UNION ALL UNWIND [ NULL , properties ( endNode ( NULL ) ) ] AS a0 OPTIONAL MATCH ()-[:TYPE]-() MATCH p0=()<-[r0]-(n0),(n1),()<-[m0]-(),(n0) WHERE exists((n1)<-[m0]-(n0)) OPTIONAL MATCH ()-[:TYPE]-() SET n1 . k = false WITH * OPTIONAL MATCH ()-[:TYPE]-() RETURN r0 AS a0 SKIP 1 ;
MATCH (a) RETURN count(a);
MATCH (b)-[a]->(c) RETURN count(a);
MATCH (b)-[a]->(c) RETURN count(a);
UNWIND NULL AS a0 MERGE ({id:22})-[r0 :T0{id:23}]->({id:24})<-[r1 :T3{id:25}]-({k17:true, id:26}) MERGE (n0{k9:'Q', id:27})-[r2 :T4{id:28}]->( :L2{id:29}) RETURN n0 AS a1, n0 AS a2;
UNWIND NULL AS a0 MERGE ( { id : 22 } ) - [ r0 : T0 { id : 23 } ] - > ( { id : 24 } ) < - [ r1 : T3 { id : 25 } ] - ( { k17 : true , id : 26 } ) MERGE ( n0 { k9 : 'Q' , id : 27 } ) - [ r2 : T4 { id : 28 } ] - > ( : L2 { id : 29 } ) WITH * RETURN n0 AS a1 , n0 AS a2 ;
MATCH (a) RETURN count(a);
MATCH (a) RETURN count(a);
MATCH (b)-[a]->(c) RETURN count(a);
MATCH (b)-[a]->(c) RETURN count(a);
UNWIND NULL AS a0 OPTIONAL MATCH (n0), (n1{k13:NULL})-[r0]->(n2) WHERE isEmpty(((NULL+elementId(NULL))+('721XWW'+'Ssezu04al'))) SET n1.k='M' RETURN 1 AS a1, 1 AS a2 SKIP 0;
UNWIND NULL AS a0 OPTIONAL MATCH ( n0 ) ,( n1 { k13 : NULL } ) - [ r0 ] - > ( n2 ) WHERE isEmpty ( ( ( NULL + elementId ( NULL ) ) + ( '721XWW' + 'Ssezu04al' ) ) ) WITH * WITH * CALL{WITH *SET n1 . k = 'M' } WITH * RETURN 1 AS a1 , 1 AS a2 SKIP CASE WHEN TRUE THEN 0 END ;
MATCH (a) RETURN count(a);
MATCH (a) RETURN count(a);
MATCH (b)-[a]->(c) RETURN count(a);
MATCH (b)-[a]->(c) RETURN count(a);
UNWIND [p0=(n0)-[]->()-[r0]->() WHERE exists(( :L1)-[]-( :L2))|toBooleanList(toStringList([]))[toIntegerOrNull(abs(-1587149311))]] AS a2 OPTIONAL MATCH () CREATE p1=(n1{id:30}), (n2 :L1{id:31}) RETURN 1 AS a3, 1 AS a4;
UNWIND [ p0 = ( n0 ) - [ ] - > ( ) - [ r0 ] - > ( ) WHERE exists ( ( : L1 ) - [ ] - ( : L2 ) ) | ([]+toBooleanList ( ([]+toStringList ( [ ] ) )) )[ toIntegerOrNull ( abs ( -1587149311 ) ) ] ] AS a2 OPTIONAL MATCH ( ) CREATE p1 = ( n1 { id : 30 } ) CREATE ( n2 : L1 { id : 31 } ) WITH * RETURN 1 AS a3 , 1 AS a4 ;
MATCH (a) RETURN count(a);
MATCH (a) RETURN count(a);
MATCH (b)-[a]->(c) RETURN count(a);
MATCH (b)-[a]->(c) RETURN count(a);
WITH DISTINCT * CREATE (n0{id:32})-[r0 :T3{id:33}]->({id:34}), (n1{id:35})<-[r1 :T3{id:36}]-(n2 :L2{id:37}) MERGE (n3{k17:false, id:38})-[r2 :T4{id:39}]-( :L1{id:40}) RETURN 1 AS a0, n3 AS a1 SKIP 0;
WITH DISTINCT * CREATE ( n0 { id : 32 } ) - [ r0 : T3 { id : 33 } ] - > ( { id : 34 } ) CREATE ( n1 { id : 35 } ) < - [ r1 : T3 { id : 36 } ] - ( n2 : L2 { id : CASE WHEN FALSE THEN NULL ELSE 37 END } ) MERGE ( n3 { k17 : false , id : 38 } ) - [ r2 : T4 { id : 39 } ] - ( : L1 { id : 40 } ) WITH * OPTIONAL MATCH ()-[:TYPE]-() RETURN 1 AS a0 , n3 AS a1 SKIP 0 ;
MATCH (a) RETURN count(a);
MATCH (a) RETURN count(a);
MATCH (b)-[a]->(c) RETURN count(a);
MATCH (b)-[a]->(c) RETURN count(a);
CREATE ({k10:NULL, id:41})-[ :T4{id:42}]->({k16:'d', id:43}), (n0{id:44})-[r0 :T4{k53:'mBntwn0i', id:45}]->(n1{id:46}) CREATE ( :L2{id:47})-[ :T3{id:48}]->(n2{k26:NULL, id:49})-[r1 :T0{id:50}]->({id:51}), (n3{id:52})-[r2 :T4{id:53}]->({id:54})-[ :T3{id:55}]->(n4{k28:NULL, id:56}) CREATE (n5{id:57})-[r3 :T3{id:58}]->(n6 :L4{k29:true, id:59}), ({id:60}) RETURN DISTINCT 1 AS a0;
CREATE ({k16:'d', id:43})<-[ : T4 { id : 42 } ] -( { k10 : NULL , id : 41 } ) CREATE ( n0 { id : 44 } ) - [ r0 : T4 { k53 : 'mBntwn0i' , id : 45 } ] - > ( n1 { id : CASE WHEN FALSE THEN NULL ELSE 46 END } ) CREATE ( : L2 { id : CASE WHEN FALSE THEN NULL ELSE 47 END } ) - [ : T3 { id : CASE WHEN FALSE THEN NULL ELSE 48 END } ] - > ( n2 { k26 : NULL , id : CASE WHEN TRUE THEN 49 END } ) - [ r1 : T0 { id : 50 } ] - > ( { id : 51 } ) CREATE ( n3 { id : 52 } ) - [ r2 : T4 { id : 53 } ] - > ( { id : 54 } ) - [ : T3 { id : 55 } ] - > ( n4 { k28 : NULL , id : 56 } ) WITH * UNWIND [1] as l0 CREATE ( n5 { id : 57 } ) - [ r3 : T3 { id : 58 } ] - > ( n6 : L4 { k29 : true , id : 59 } ) CREATE ( { id : 60 } ) RETURN DISTINCT 1 AS a0 ;
MATCH (a) RETURN count(a);
MATCH (a) RETURN count(a);
MATCH (b)-[a]->(c) RETURN count(a);
MATCH (b)-[a]->(c) RETURN count(a);
UNWIND CASE WHEN true THEN [x IN [NULL, NULL]] END AS a0 UNWIND [NULL, NULL] AS a1 MERGE ( :L4{id:61})-[r0 :T0{k34:987464798, id:62}]-(n0{k28:false, id:63})<-[r1 :T3{id:64}]-(n1{k14:'Q', id:65}) RETURN *, n1 AS a2;
UNWIND CASE WHEN true THEN [ x IN [ NULL , NULL ] ] END AS a0 UNWIND CASE WHEN FALSE THEN NULL ELSE [ NULL , NULL ] END AS a1 UNWIND [NULL] as l0 MERGE ( : L4 { id : 61 } ) - [ r0 : T0 { k34 : 987464798 , id : 62 } ] - ( n0 { k28 : false , id : CASE WHEN FALSE THEN NULL ELSE 63 END } ) < - [ r1 : T3 { id : 64 } ] - ( n1 { k14 : 'Q' , id : 65 } ) WITH * RETURN * , n1 AS a2 ;
MATCH (a) RETURN count(a);
MATCH (a) RETURN count(a);
MATCH (b)-[a]->(c) RETURN count(a);
MATCH (b)-[a]->(c) RETURN count(a);
MATCH p0=( :L1{k6:NULL}), () UNWIND relationships(NULL) AS a1 MERGE ({k11:'2jdFw8Q', id:66})<-[ :T3{id:67}]-({k15:-1116019050, id:68}) RETURN * SKIP 0;
MATCH p0 = ( : L1 { k6 : NULL } ) ,( ) UNWIND CASE WHEN TRUE THEN relationships ( NULL ) END AS a1 UNWIND 1 as l0 MERGE ( { k11 : '2jdFw8Q' , id : 66 } ) < - [ : T3 { id : 67 } ] - ( { k15 : -1116019050 , id : 68 } ) RETURN * SKIP 0 ;
MATCH (a) RETURN count(a);
MATCH (a) RETURN count(a);
MATCH (b)-[a]->(c) RETURN count(a);
MATCH (b)-[a]->(c) RETURN count(a);
OPTIONAL MATCH (), (n0 :L1) WHERE true OPTIONAL MATCH ()-[]-()<-[]-(), (n1{k27:180849811})-[r0]-()-[*..2]-(n2) MERGE ({id:69})-[r1 :T0{k33:-1046099760, id:70}]-(n3{k29:true, id:71}) RETURN n3 AS a0;
OPTIONAL MATCH ( ) ,( n0 : L1 ) WHERE true WITH * OPTIONAL MATCH ( ) - [ ] - ( ) < - [ ] - ( ) ,( n1 { k27 : CASE WHEN TRUE THEN 180849811 END } ) - [ r0 ] - ( ) - [ * .. 2 ] - ( n2 ) MERGE pp0=( { id : 69 } ) - [ r1 : T0 { k33 : -1046099760 , id : 70 } ] - ( n3 { k29 : CASE WHEN TRUE THEN true END , id : 71 } ) WITH * UNWIND 1 as l0 RETURN n3 AS a0 ;
