-- Time: 2024/04/11 13:36:42
-- Database: janusgraph_database309
-- Database version: composite
-- seed value: 1712812406832
CREATE (n0 :L3{k19 : -1032009604, k18 : -2145816010, k20 : 'L', k22 : -264139831, id : 0, k21 : 'Y', k24 : false, k23 : 1821020425});
CREATE (n0 :L3{k19 : -283506674, k20 : 'uEXQ', k22 : 1447108624, id : 1, k21 : 'RE2kxcir', k24 : false, k23 : -1453813241});
CREATE (n0 :L0{k0 : 'L', k1 : 'Ilu', k2 : 657510005, k3 : -574013809, k4 : -857339241, k5 : false, id : 2, k6 : false});
CREATE (n0 :L2{k17 : 'a0hf9', k16 : -1548454106, id : 3, k13 : true, k12 : 'm3E', k15 : 1175035187, k14 : 45635170});
MATCH (n0 {id : 0}), (n1 {id : 2}) MERGE(n0)-[r :T0{k39 : 2105701452, k40 : '9RRmYCt', k42 : 1435882280, k41 : -1382738623, id : 4, k43 : -1097172045}]->(n1);
MATCH (n0 {id : 1}), (n1 {id : 0}) MERGE(n0)-[r :T2{k53 : 'W', k52 : 'f', k55 : 'O', id : 5, k54 : 'LCkXj', k57 : '5', k56 : -194027861}]->(n1);
MATCH (n0 {id : 2}), (n1 {id : 1}) MERGE(n0)-[r :T3{k60 : -1184925890, k62 : false, k61 : 'gUZF', id : 6, k59 : 1481001238}]->(n1);
MATCH (n0 {id : 3}), (n1 {id : 3}) MERGE(n0)-[r :T1{k51 : 778760668, id : 7, k46 : -1665024357, k45 : 'EQ', k48 : false, k47 : false}]->(n1);
MATCH (n0 {id : 1}), (n1 {id : 2}) MERGE(n0)-[r :T2{k53 : 'S', k52 : 'Z8FY', id : 8, k54 : 'e', k57 : '0T7kpK3lc', k56 : 1165304928}]->(n1);
MATCH (n0 {id : 0}), (n1 {id : 3}) MERGE(n0)-[r :T1{k49 : 'd', k51 : 2026336366, k50 : -1965928012, id : 9, k46 : -1289351450, k48 : false}]->(n1);
MATCH (n0 {id : 1}), (n1 {id : 2}) MERGE(n0)-[r :T5{k71 : true, k70 : false, k73 : true, k72 : -1131940900, k75 : -1760958974, k74 : 'S', id : 10, k69 : 'F'}]->(n1);
WITH {k1: 'Y', k2: NULL} AS a0, relationships(NULL)[toIntegerOrNull(abs(14097550))] AS a1 OPTIONAL MATCH (n0) REMOVE n0.k2 RETURN a0 AS a2, max(NULL) AS a3 ORDER BY [(n1)-[r0 :T3{k60:1599199894}]-(n2)|NULL];
WITH { k1 : 'Y' , k2 : NULL } AS a0 , relationships ( NULL ) [ toIntegerOrNull ( abs ( 14097550 ) ) ] AS a1 OPTIONAL MATCH ()-[:TYPE]-() OPTIONAL MATCH ( n0 ) REMOVE n0 . k2 RETURN CASE WHEN FALSE THEN NULL ELSE a0 END AS a2 , max ( NULL ) AS a3 ORDER BY [(n1)-[r0 :T3{k60:1599199894}]-(n2)|NULL] SKIP 1 ;
MATCH (a) RETURN count(a);
MATCH (b)-[a]->(c) RETURN count(a);
MATCH (b)-[a]->(c) RETURN count(a);
MERGE p0=(n0{id:11}) CREATE ({k6:(true OR NULL), id:12})<-[r0 :T0{id:13}]-({id:14})<-[ :T2{id:15}]-({id:16}) SET n0.k=NULL RETURN n0 AS a0;
MERGE p0 = ( n0 { id : CASE WHEN FALSE THEN NULL ELSE 11 END } ) CREATE (m0{ k6 : ( true OR NULL ) , id : 12 } )CREATE (m0)< - [ r0 : T0 { id : 13 } ] - ( { id : 14 } ) < - [ : T2 { id : CASE WHEN FALSE THEN NULL ELSE 15 END } ] - ( { id : 16 } ) WITH * SET n0 . k = NULL RETURN CASE WHEN TRUE THEN n0 END AS a0 ;
MATCH (a) RETURN count(a);
MATCH (a) RETURN count(a);
MATCH (b)-[a]->(c) RETURN count(a);
MATCH (b)-[a]->(c) RETURN count(a);
CREATE (n0 :L3{id:17})<-[r0 :T2{id:18}]-(n1{id:19}) MERGE (n2{id:20})-[r1 :T2{id:21}]-({id:22})-[r2 :T5{k72:1912344872, id:23}]->({id:24}) SET n2.k=((r1.k52)+(r1.k55)) RETURN 1 AS a0;
CREATE ( n0 : L3 { id : CASE WHEN FALSE THEN NULL ELSE 17 END } ) < - [ r0 : T2 { id : 18 } ] - ( n1 { id : 19 } ) WITH * OPTIONAL MATCH ()-[:TYPE]-() MERGE ( n2 { id : 20 } ) - [ r1 : T2 { id : 21 } ] - ( { id : 22 } ) - [ r2 : T5 { k72 : 1912344872 , id : 23 } ] - > ( { id : 24 } ) SET n2 . k = CASE WHEN TRUE THEN ( ( r1 . k52 ) + ( r1 . k55 ) ) END WITH * RETURN 1 AS a0 ORDER BY 1 ;
