-- Time: 2024/04/11 13:47:42
-- Database: janusgraph_database458
-- Database version: composite
-- seed value: 1712812406981
CREATE (n0 :L2{k16 : false, id : 0, k13 : 'y', k12 : false, k15 : true, k14 : 'X'});
CREATE (n0 :L1{k5 : -1694079628, id : 1, k6 : -235961143, k10 : false, k7 : 'rNZi', k8 : -395667015, k9 : 'X'});
CREATE (n0 {id : 2});
CREATE (n0 {id : 3});
MATCH (n0 {id : 0}), (n1 {id : 3}) MERGE(n0)-[r :T2{k49 : true, k51 : 'W8A', k50 : 1391822263, k52 : 1793693611, id : 4, k46 : 'XUgDtKiL', k48 : 'P0', k47 : false}]->(n1);
MATCH (n0 {id : 0}), (n1 {id : 2}) MERGE(n0)-[r :T3{k53 : true, k55 : -268267079, id : 5, k54 : true, k57 : 'b', k56 : 'GL8ZWJk'}]->(n1);
MATCH (n0 {id : 3}), (n1 {id : 3}) MERGE(n0)-[r :T1{k39 : true, k40 : 'E6R', k42 : 'R', k41 : 93035548, k44 : false, id : 6, k43 : 'R', k45 : 'go2pVJmE'}]->(n1);
UNWIND [true, toBooleanOrNull(true)] AS a0 UNWIND NULL AS a1 CREATE (n0{id:7})-[ :T2{id:8}]->(n1{id:9})-[r0 :T1{id:10}]->(n2{id:11}) RETURN 1 AS a2 LIMIT 0;
UNWIND [ true , toBooleanOrNull ( CASE WHEN TRUE THEN true END ) ] AS a0 UNWIND NULL AS a1 CREATE ( n0 { id : CASE WHEN FALSE THEN NULL ELSE 7 END } ) - [ : T2 { id : 8 } ] - > ( n1 { id : 9 } ) - [ r0 : T1 { id : 10 } ] - > ( n2 { id : 11 } ) RETURN 1 AS a2 LIMIT 0 ;
MATCH (a) RETURN count(a);
MATCH (b)-[a]->(c) RETURN count(a);
MATCH (b)-[a]->(c) RETURN count(a);
MERGE ({k16:true, id:12})-[r0 :T2{id:13}]-(n0{id:14}) REMOVE n0.k2 SET n0.k=NULL RETURN 1 AS a0;
MERGE ( { k16 : true , id : CASE WHEN TRUE THEN 12 END } ) - [ r0 : T2 { id : 13 } ] - ( n0 { id : 14 } ) REMOVE n0 . k2 WITH * FOREACH(f in [1]|SET n0 . k = NULL ) WITH * OPTIONAL MATCH ()-[:TYPE]-() RETURN 1 AS a0 ;
MATCH (a) RETURN count(a);
MATCH (a) RETURN count(a);
MATCH (b)-[a]->(c) RETURN count(a);
MATCH (b)-[a]->(c) RETURN count(a);
MATCH p0=(), ()-[r0 :T2{k51:reverse('R')}]->() DETACH DELETE r0  CREATE ({id:15})-[ :T2{k49:NULL, id:16}]->({id:17})-[r1 :T1{k43:CASE WHEN true THEN NULL END, id:18}]->(n0{id:19}) RETURN 1 AS a0 UNION UNWIND NULL AS a0 UNWIND toBooleanList([-1635909994, -942547130]) AS a1 MERGE (n0{id:20})-[r0 :T1{k45:reverse('BSRhu'), id:21}]-({id:22})-[r1 :T2{id:23}]-({k11:false, id:24}) RETURN n0 AS a0 ORDER BY false, a0 SKIP 0;
MATCH p0 = ( ) ,( ) - [ r0 : T2 { k51 : reverse ( 'R' ) } ] - > ( ) DETACH DELETE r0 CREATE (n0{id:19})<-[ r1 : T1 { k43 : CASE WHEN true THEN NULL END , id : 18 } ] -({id:17})<-[ : T2 { k49 : NULL , id : 16 } ] -( { id : 15 } ) RETURN 1 AS a0 LIMIT 1 UNION UNWIND NULL AS a0 UNWIND toBooleanList ( [ -1635909994 , -942547130 ] ) AS a1 WITH * MERGE ( n0 { id : 20 } ) - [ r0 : T1 { k45 : reverse ( ('BSRhu' +'') ) , id : CASE WHEN TRUE THEN 21 END } ] - ( { id : CASE WHEN TRUE THEN 22 END } ) - [ r1 : T2 { id : 23 } ] - ( { k11 : false , id : 24 } ) RETURN n0 AS a0 ORDER BY false, a0 ,1 SKIP 0 ;
MATCH (a) RETURN count(a);
MATCH (a) RETURN count(a);
MATCH (b)-[a]->(c) RETURN count(a);
MATCH (b)-[a]->(c) RETURN count(a);
MERGE ({id:25}) CREATE ({k7:type(relationships(NULL)[toIntegerOrNull(abs(-877078906))]), id:26}), p0=({id:27}) MERGE ({id:28}) RETURN 1 AS a0 SKIP 0;
MERGE ( { id : CASE WHEN FALSE THEN NULL ELSE 25 END } ) WITH * CREATE ( { k7 : type ( relationships ( NULL ) [ CASE WHEN FALSE THEN NULL ELSE toIntegerOrNull ( CASE WHEN FALSE THEN NULL ELSE abs ( -877078906 ) END ) END ] ) , id : 26 } ) CREATE p0 = ( { id : 27 } ) WITH * UNWIND [1] as l0 MERGE ( { id : 28 } ) RETURN 1 AS a0 SKIP CASE WHEN FALSE THEN NULL ELSE 0 END ;
MATCH (a) RETURN count(a);
MATCH (a) RETURN count(a);
MATCH (b)-[a]->(c) RETURN count(a);
MATCH (b)-[a]->(c) RETURN count(a);
MATCH ({k6:toIntegerOrNull(NULL)}) MATCH (), ()<-[r0]-(n0)-[ :T2{k49:(false IS NULL)}]->() MERGE (n1{id:29})-[ :T3{k53:true, id:30}]-(n2{id:31})-[ :T2{id:32}]->({id:33}) RETURN DISTINCT n2 AS a0 ORDER BY (true OR false);
MATCH ( { k6 : toIntegerOrNull ( NULL ) } ) WITH * MATCH ( ) ,( ) < - [ r0 ] - ( n0 ) - [ : T2 { k49 : ( false IS NULL ) } ] - > ( ) UNWIND [NULL] as l0 MERGE ( n1 { id : 29 } ) - [ : T3 { k53 : true , id : 30 } ] - ( n2 { id : 31 } ) - [ : T2 { id : 32 } ] - > ( { id : 33 } ) RETURN DISTINCT n2 AS a0 ORDER BY (true OR false) DESC LIMIT 1 ;
MATCH (a) RETURN count(a);
MATCH (a) RETURN count(a);
MATCH (b)-[a]->(c) RETURN count(a);
MATCH (b)-[a]->(c) RETURN count(a);
WITH NULL AS a0 SKIP 1 LIMIT 1 MERGE ({id:34})-[r0 :T2{id:35}]-({k13:'4tf', id:36})-[r1 :T3{k56:'Uz2', id:37}]-(n0{id:38}) CREATE (n1 :L1{id:39}) RETURN a0 AS a1, NULL AS a2 ORDER BY (r0.k52), a1 DESC SKIP 1 LIMIT 1;
WITH NULL AS a0 SKIP 1 LIMIT 1 MERGE ( { id : 34 } ) - [ r0 : T2 { id : CASE WHEN FALSE THEN NULL ELSE 35 END } ] - ( { k13 : CASE WHEN TRUE THEN ('4tf' +'') END , id : 36 } ) - [ r1 : T3 { k56 : (''+'Uz2' ), id : 37 } ] - ( n0 { id : 38 } ) CREATE ( n1 : L1 { id : 39 } ) WITH * RETURN CASE WHEN TRUE THEN a0 END AS a1 , CASE WHEN TRUE THEN NULL END AS a2 ORDER BY (r0.k52), a1 DESC SKIP 1 LIMIT CASE WHEN FALSE THEN NULL ELSE 1 END ;
