-- Time: 2024/04/11 13:59:38
-- Database: janusgraph_database619
-- Database version: composite
-- seed value: 1712812407143
CREATE (n0 {id : 0});
CREATE (n0 :L1{id : 1, k6 : -2003799268, k7 : 1820699759, k8 : -331674720, k9 : -706563040});
CREATE (n0 :L1{k5 : false, id : 2, k6 : 1898216681, k10 : 1243395388, k7 : -806618568, k8 : -1652295868, k9 : -706563040});
CREATE (n0 {id : 3});
MATCH (n0 {id : 0}), (n1 {id : 1}) MERGE(n0)-[r :T1{k44 : -317366228, id : 4, k43 : 'O4V', k46 : 'GF1FLQ5', k45 : -2079016679, k47 : 'j'}]->(n1);
MATCH (n0 {id : 2}), (n1 {id : 2}) MERGE(n0)-[r :T1{k44 : 1682809656, id : 5, k43 : 'g', k46 : 'JqjS3jmnH', k45 : -1519229442, k48 : -1075619183}]->(n1);
MATCH (n0 {id : 0}), (n1 {id : 1}) MERGE(n0)-[r :T3{id : 6, k54 : false, k57 : 'kCWPm9', k56 : true, k58 : '0uTlXK'}]->(n1);
MATCH (n0 {id : 1}), (n1 {id : 1}) MERGE(n0)-[r :T1{k44 : 490838084, id : 7, k43 : '5', k46 : 'nPr9', k47 : '2'}]->(n1);
MATCH (n0 {id : 1}), (n1 {id : 2}) MERGE(n0)-[r :T1{k44 : 490838084, id : 8, k43 : 'O4V', k46 : 'v', k45 : 751647220, k48 : -1364595750}]->(n1);
MERGE (n0 :L1{k7:-1454711802, id:9})<-[r0 :T3{id:10}]-(n1{id:11})-[r1 :T1{k47:'Cz', id:12}]->(n2{id:13}) SET n2.k=(n0.k10) REMOVE n2.k2 RETURN *, n1 AS a0;
MERGE ( n0 : L1 { k7 : CASE WHEN TRUE THEN -1454711802 END , id : CASE WHEN TRUE THEN 9 END } ) < - [ r0 : T3 { id : 10 } ] - ( n1 { id : 11 } ) - [ r1 : T1 { k47 : 'Cz' , id : 12 } ] - > ( n2 { id : 13 } ) SET n2 . k = ( n0 . k10 ) WITH * CALL{WITH *REMOVE n2 . k2 } RETURN * , n1 AS a0 ;
MATCH (a) RETURN count(a);
MATCH (b)-[a]->(c) RETURN count(a);
MATCH (b)-[a]->(c) RETURN count(a);
UNWIND [[CASE WHEN true THEN NULL END, NULL], CASE WHEN NULL THEN NULL END] AS a0 MATCH p0=(n0)-[*0..1]-(), (n1)-[ :T1{k48:NULL}]-({k10:length(NULL)}) CREATE ({id:14}) RETURN 1 AS a1;
UNWIND [ [ CASE WHEN true THEN NULL END , NULL ] , CASE WHEN TRUE THEN CASE WHEN NULL THEN NULL END END ] AS a0 MATCH p0 = (n0)-[*0..0]-( n0 ) - [ * 0 .. 1 ] - ( ) ,( n1 ) - [ : T1 { k48 : NULL } ] - ( { k10 : length ( NULL ) } ) CREATE ( { id : 14 } ) WITH * RETURN 1 AS a1 ;
