-- Time: 2024/04/11 13:51:52
-- Database: janusgraph_database514
-- Database version: composite
-- seed value: 1712812407038
CREATE (n0 :L1{k5 : 1182877911, id : 0, k6 : false, k7 : -958932005, k8 : false, k9 : true});
CREATE (n0 :L1{k5 : -713030804, id : 1, k6 : true, k7 : -94333245, k8 : true, k9 : true});
CREATE (n0 :L4{k28 : '7r', k27 : 269041359, id : 2, k23 : -527960068, k26 : '4xvCZ', k25 : -1838613882});
CREATE (n0 :L1{id : 3, k7 : -94333245, k8 : false, k9 : false});
MATCH (n0 {id : 2}), (n1 {id : 3}) MERGE(n0)-[r :T1{k49 : -451151912, k50 : -1831818885, k53 : true, k52 : true, id : 4}]->(n1);
MATCH (n0 {id : 3}), (n1 {id : 2}) MERGE(n0)-[r :T1{k49 : -1199553803, k50 : -492477318, k53 : true, k52 : true, id : 5, k48 : '5aB'}]->(n1);
MATCH (n0 {id : 0}), (n1 {id : 3}) MERGE(n0)-[r :T6{k80 : 'b', k82 : -2072313331, k81 : 2131352169, k84 : -685575404, k83 : false, k85 : 'y', id : 6}]->(n1);
MATCH (n0 {id : 2}), (n1 {id : 1}) MERGE(n0)-[r :T4{k71 : -220211766, k70 : 'DL', k72 : false, id : 7, k68 : -1007096778, k67 : false, k69 : '4L'}]->(n1);
OPTIONAL MATCH (), p0=(n0{k6:NULL})-[*0..]-()<-[]-(n1 :L1{k6:NULL}) WHERE false MERGE (n2{id:8}) SET n1.k=((-516392945+round(round(-757675609)))/(0+(n1.k7))) RETURN (n1.k5) AS a0;
OPTIONAL MATCH ( ) ,p0 = ( n0 { k6 : NULL } ) - [ * 0 .. ] - ( ) < - [ ] - ( n1 : L1 { k6 : CASE WHEN FALSE THEN NULL ELSE NULL END } ) WHERE false OPTIONAL MATCH ()-[:TYPE]-() MERGE ( n2 { id : CASE WHEN FALSE THEN NULL ELSE 8 END } ) SET n1 . k = ( ( -516392945 + round ( round ( -757675609 ) ) ) / ( 0 + ( n1 . k7 ) ) ) RETURN ( n1 . k5 ) AS a0 ;
MATCH (a) RETURN count(a);
MATCH (b)-[a]->(c) RETURN count(a);
MATCH (b)-[a]->(c) RETURN count(a);
MERGE (n0{k28:'2x', id:9}) SET n0.k=false MERGE ( :L4{k25:-1379085764, id:10})-[r0 :T1{id:11}]->( :L1{k7:-1596703542, id:12}) RETURN r0 AS a0, 1 AS a1;
MERGE pp0=( n0 { k28 : '2x' , id : 9 } ) FOREACH(f in [1]|SET n0 . k = false ) WITH * UNWIND 1 as l0 MERGE ( : L4 { k25 : -1379085764 , id : 10 } ) - [ r0 : T1 { id : 11 } ] - > ( : L1 { k7 : -1596703542 , id : 12 } ) WITH * UNWIND 1 as l1 RETURN DISTINCT CASE WHEN FALSE THEN NULL ELSE r0 END AS a0 , 1 AS a1 ;
MATCH (a) RETURN count(a);
MATCH (a) RETURN count(a);
MATCH (b)-[a]->(c) RETURN count(a);
MATCH (b)-[a]->(c) RETURN count(a);
MERGE ( :L1{id:13}) MERGE p0=(n0{id:14})-[r0 :T1{id:15}]-({id:16})<-[r1 :T1{id:17}]-(n1{id:18}) DETACH DELETE p0  RETURN properties(relationships(NULL)[toIntegerOrNull(abs(1487994060))]) AS a0, 1 AS a1;
MERGE ( : L1 { id : 13 } ) MERGE p0 = ( n0 { id : CASE WHEN FALSE THEN NULL ELSE 14 END } ) - [ r0 : T1 { id : 15 } ] - ( { id : 16 } ) < - [ r1 : T1 { id : 17 } ] - ( n1 { id : 18 } ) DETACH DELETE p0 WITH * UNWIND 1 as l0 RETURN properties ( CASE WHEN FALSE THEN NULL ELSE relationships ( CASE WHEN TRUE THEN NULL END ) [ CASE WHEN FALSE THEN NULL ELSE toIntegerOrNull ( abs ( 1487994060 ) ) END ] END ) AS a0 , 1 AS a1 ;
MATCH (a) RETURN count(a);
MATCH (a) RETURN count(a);
MATCH (b)-[a]->(c) RETURN count(a);
MATCH (b)-[a]->(c) RETURN count(a);
CREATE (n0{id:19}) CREATE (n1{id:20}), ({id:21})<-[r0 :T4{id:22}]-( :L1{k9:NULL, id:23}) CREATE ({k6:isEmpty({k1: [true, false], k2: NULL}), id:24})<-[ :T4{id:25}]-(n2{k25:NULL, id:26})-[ :T1{k50:-1542577299, id:27}]->({id:28}), ({id:29}) RETURN 1 AS a0;
CREATE ( n0 { id : CASE WHEN FALSE THEN NULL ELSE 19 END } ) CREATE ( n1 { id : 20 } ) CREATE ( { id : 21 } ) < - [ r0 : T4 { id : 22 } ] - ( : L1 { k9 : NULL , id : 23 } ) CREATE (m0{ k6 : isEmpty ( { k1 : [ true , false ] , k2 : NULL } ) , id : 24 } )CREATE (m0)< - [ : T4 { id : 25 } ] - ( n2 { k25 : NULL , id : 26 } ) - [ : T1 { k50 : -1542577299 , id : 27 } ] - > ( { id : 28 } ) CREATE ( { id : 29 } ) RETURN 1 AS a0 SKIP 1 ;
MATCH (a) RETURN count(a);
MATCH (a) RETURN count(a);
MATCH (b)-[a]->(c) RETURN count(a);
MATCH (b)-[a]->(c) RETURN count(a);
MATCH p0=(n0), ()-[r0]-(n1)<-[*0..1]-(n0) MERGE p1=({k7:898955860, id:30})-[r1 :T1{k53:true, id:31}]->({k28:'p', id:32})-[r2 :T1{k51:false, id:33}]-({id:34}) MERGE ( :L4{id:35})-[r3 :T1{id:36}]-(n2{k9:true, id:37}) RETURN DISTINCT 1 AS a0, false AS a1;
MATCH p0 = ( n0 ) ,( ) - [ r0 ] - ( n1 ) < - [ * 0 .. 1 ] - ( n0 ) MERGE p1 = ( { k7 : 898955860 , id : 30 } ) - [ r1 : T1 { k53 : CASE WHEN TRUE THEN true END , id : 31 } ] - > ( { k28 : 'p' , id : 32 } ) - [ r2 : T1 { k51 : false , id : 33 } ] - ( { id : CASE WHEN FALSE THEN NULL ELSE 34 END } ) MERGE ( : L4 { id : 35 } ) - [ r3 : T1 { id : CASE WHEN FALSE THEN NULL ELSE 36 END } ] - ( n2 { k9 : true , id : 37 } ) WITH * RETURN DISTINCT 1 AS a0 , false AS a1 LIMIT 1 ;
