-- Time: 2024/04/11 13:23:51
-- Database: janusgraph_database135
-- Database version: composite
-- seed value: 1712812406617
CREATE (n0 {id : 0});
CREATE (n0 {id : 1});
CREATE (n0 :L2{k17 : 298079761, k16 : false, k18 : true, id : 2, k15 : 22202198});
CREATE (n0 :L4{k28 : 1389222685, k27 : 'd', k29 : false, id : 3, k26 : 'J5Y'});
MATCH (n0 {id : 2}), (n1 {id : 0}) MERGE(n0)-[r :T3{k49 : 'ML', k51 : -1582316499, k50 : 'V', k52 : -234841953, id : 4, k48 : -1011827062, k47 : 183768443}]->(n1);
MATCH (n0 {id : 0}), (n1 {id : 3}) MERGE(n0)-[r :T4{k53 : false, id : 5, k54 : -1853191841, k57 : true, k58 : 732977085}]->(n1);
UNWIND NULL AS a0 MATCH (n0 :L2{k14:'F'}), () WHERE isEmpty(NULL) MERGE ( :L2{k14:'unBkTa', id:6}) RETURN 1 AS a1, 1 AS a2;
UNWIND NULL AS a0 WITH * MATCH ( n0 : L2 { k14 : 'F' } ) ,( ) WHERE isEmpty ( CASE WHEN FALSE THEN NULL ELSE NULL END ) MERGE ( : L2 { k14 : ('unBkTa' +'') , id : 6 } ) WITH * RETURN DISTINCT 1 AS a1 , CASE WHEN FALSE THEN NULL ELSE 1 END AS a2 LIMIT 1 ;
MATCH (a) RETURN count(a);
MATCH (b)-[a]->(c) RETURN count(a);
MATCH (b)-[a]->(c) RETURN count(a);
WITH startNode(relationships(NULL)[toIntegerOrNull(abs(1018942216))]) AS a0 LIMIT 0 MERGE p0=(n0{id:7}) DETACH DELETE p0  RETURN 1 AS a1 SKIP 0;
WITH startNode ( ([]+relationships ( NULL ) )[ toIntegerOrNull ( abs ( 1018942216 ) ) ] ) AS a0 LIMIT 0 MERGE p0 = ( n0 { id : 7 } ) DETACH DELETE p0 RETURN 1 AS a1 SKIP 0 ;
MATCH (a) RETURN count(a);
MATCH (a) RETURN count(a);
MATCH (b)-[a]->(c) RETURN count(a);
MATCH (b)-[a]->(c) RETURN count(a);
MERGE ({id:8})<-[r0 :T4{id:9}]-({id:10}) DETACH DELETE r0  CREATE ({k14:('Qm'+'I'), id:11})<-[ :T4{id:12}]-(n0{id:13}), ({id:14}) RETURN 1 AS a0 LIMIT 1;
MERGE ( { id : 8 } ) < - [ r0 : T4 { id : 9 } ] - ( { id : 10 } ) WITH * DETACH DELETE r0 CREATE ( { k14 : ( 'Qm' + 'I' ) , id : CASE WHEN FALSE THEN NULL ELSE 11 END } ) < - [ : T4 { id : 12 } ] - ( n0 { id : 13 } ) CREATE ( { id : 14 } ) RETURN 1 AS a0 LIMIT 1 ;
MATCH (a) RETURN count(a);
MATCH (a) RETURN count(a);
MATCH (b)-[a]->(c) RETURN count(a);
MATCH (b)-[a]->(c) RETURN count(a);
MATCH ( :L2)-[]-(), ( :L4)-[r0 :T4{k58:670872245}]-(n0) WHERE (r0.k53) MATCH ()-[*0..0]->()-[]-() DETACH DELETE n0  RETURN 1 AS a0, 1 AS a1 SKIP 1;
MATCH ( : L2 ) - [ ] - ( ) ,( : L4 ) - [ r0 : T4 { k58 : 670872245 } ] - ( n0 ) WHERE ( r0 . k53 ) MATCH ( ) - [ * 0 .. 0 ] - > ( ) - [ ] - ( ) UNWIND 1 as l0 DETACH DELETE n0 RETURN 1 AS a0 , 1 AS a1 SKIP 1 ;
