-- Time: 2024/04/11 14:11:14
-- Database: janusgraph_database776
-- Database version: composite
-- seed value: 1712812407300
CREATE (n0 {id : 0});
CREATE (n0 :L5{k31 : 'j', k30 : 'h', k33 : 1458535712, id : 1, k32 : false, k35 : 'lDWY30', k34 : false});
CREATE (n0 :L3{k19 : -1028651713, k20 : 'N1TAu2Y', k22 : -2135325395, id : 2, k24 : 886214803, k23 : false});
CREATE (n0 :L3{k19 : -1831687223, k18 : true, k20 : 'u', k22 : 2015281027, id : 3, k21 : true, k24 : -1854848074, k23 : false});
MATCH (n0 {id : 2}), (n1 {id : 3}) MERGE(n0)-[r :T5{k70 : 1884606088, k66 : true, id : 4, k65 : false, k68 : 'Uw', k67 : true, k69 : true}]->(n1);
MATCH (n0 {id : 3}), (n1 {id : 1}) MERGE(n0)-[r :T4{k60 : 'Bhev5Ggcg', k62 : true, k61 : 'a', k64 : 'v', id : 5, k59 : true}]->(n1);
MATCH (n0 {id : 2}), (n1 {id : 1}) MERGE(n0)-[r :T1{k42 : true, k44 : true, id : 6, k43 : -1135874152, k46 : -423591641, k45 : 1521193625}]->(n1);
MATCH (n0 {id : 3}), (n1 {id : 0}) MERGE(n0)-[r :T4{k60 : 'w', k62 : false, k61 : 't', k64 : 'Z', id : 7, k59 : false}]->(n1);
MATCH (n0 {id : 1}), (n1 {id : 2}) MERGE(n0)-[r :T0{k39 : -389631466, k38 : false, k40 : 'h', k41 : 'R', id : 8, k37 : 'Z', k36 : false}]->(n1);
OPTIONAL MATCH p0=()<-[ :T4{k62:('1rNth5n' CONTAINS 'e')}]-(n0)<-[r0 :T5{k67:NULL}]-() WHERE (r0.k65) SET n0.k=1060932988 CREATE ({k35:reverse(type(relationships(NULL)[toIntegerOrNull(abs(540087300))])), id:9})<-[r1 :T4{k63:1144651358, id:10}]-(n1{id:11})-[r2 :T4{id:12}]->({id:13}), (n2 :L5{id:14})<-[ :T4{id:15}]-(n3{id:16}) RETURN DISTINCT n0 AS a0;
OPTIONAL MATCH p0 = ( ) < - [ : T4 { k62 : ( '1rNth5n' CONTAINS 'e' ) } ] - ( n0 ) < - [ r0 : T5 { k67 : NULL } ] - ( ) WHERE ( r0 . k65 ) WITH * SET n0 . k = 1060932988 CREATE ( { k35 : reverse ( type ( (relationships ( NULL ) +[]) [ toIntegerOrNull ( abs ( 540087300 ) ) ] ) ) , id : 9 } ) < - [ r1 : T4 { k63 : 1144651358 , id : 10 } ] - ( n1 { id : 11 } ) - [ r2 : T4 { id : 12 } ] - > ( { id : 13 } ) CREATE ( n2 : L5 { id : 14 } ) < - [ : T4 { id : CASE WHEN FALSE THEN NULL ELSE 15 END } ] - ( n3 { id : 16 } ) WITH * RETURN DISTINCT n0 AS a0 ;
MATCH (a) RETURN count(a);
MATCH (b)-[a]->(c) RETURN count(a);
MATCH (b)-[a]->(c) RETURN count(a);
UNWIND [NULL, nodes(NULL)] AS a2 CREATE (n0{id:17}) CREATE (n1{id:18}) RETURN 1 AS a3, 1 AS a4;
UNWIND [ CASE WHEN TRUE THEN NULL END , nodes ( NULL ) ] AS a2 CREATE ( n0 { id : 17 } ) CREATE ( n1 { id : CASE WHEN TRUE THEN 18 END } ) RETURN 1 AS a3 , CASE WHEN TRUE THEN 1 END AS a4 ;
MATCH (a) RETURN count(a);
MATCH (a) RETURN count(a);
MATCH (b)-[a]->(c) RETURN count(a);
MATCH (b)-[a]->(c) RETURN count(a);
WITH * MERGE (n0{id:19})<-[r0 :T0{k36:false, id:20}]-({id:21})-[r1 :T4{id:22}]-(n1 :L3{k23:true, id:23}) MERGE ({k19:-2055781144, id:24})<-[r2 :T0{id:25}]-({id:26})<-[r3 :T1{id:27}]-(n2{k19:-945777483, id:28}) RETURN 1 AS a0;
WITH * WHERE TRUE MERGE ( n0 { id : 19 } ) < - [ r0 : T0 { k36 : false , id : 20 } ] - ( { id : CASE WHEN FALSE THEN NULL ELSE 21 END } ) - [ r1 : T4 { id : 22 } ] - ( n1 : L3 { k23 : true , id : 23 } ) WITH * OPTIONAL MATCH ()-[:TYPE]-() MERGE ( { k19 : -2055781144 , id : 24 } ) < - [ r2 : T0 { id : 25 } ] - ( { id : 26 } ) < - [ r3 : T1 { id : 27 } ] - ( n2 { k19 : -945777483 , id : 28 } ) RETURN 1 AS a0 SKIP 1 LIMIT 1 ;
MATCH (a) RETURN count(a);
MATCH (a) RETURN count(a);
MATCH (b)-[a]->(c) RETURN count(a);
MATCH (b)-[a]->(c) RETURN count(a);
CREATE (n4 :L3{id:29})<-[r2 :T5{id:30}]-(n5{k21:true, id:31})<-[r3 :T0{k40:NULL, id:32}]-(n6 :L5{k35:'K', id:33}) CREATE ({id:34})<-[ :T5{id:35}]-(n7{id:36}), p0=({id:37})<-[ :T5{id:38}]-( :L3{id:39}) CREATE ({id:40})<-[r4 :T4{id:41}]-(n8{id:42})-[r5 :T4{id:43}]->(n9{id:44}), p1=( :L3{k20:'F', id:45})<-[ :T0{k40:NULL, id:46}]-(n10{id:47})<-[ :T4{id:48}]-(n11{id:49}) RETURN DISTINCT 1 AS a0, 1 AS a1;
CREATE (n4: L3 { id : 29 } )CREATE (n4)< - [ r2 : T5 { id : 30 } ] - ( n5 { k21 : true , id : 31 } ) < - [ r3 : T0 { k40 : NULL , id : 32 } ] - ( n6 : L5 { k35 : 'K' , id : 33 } ) WITH * CREATE (n7{id:36})-[ : T5 { id : 35 } ] ->( { id : 34 } ) CREATE p0 = ( { id : 37 } ) < - [ : T5 { id : 38 } ] - ( : L3 { id : CASE WHEN TRUE THEN 39 END } ) WITH * CREATE (m0{ id : 40 } )CREATE (m0)< - [ r4 : T4 { id : 41 } ] - ( n8 { id : 42 } ) - [ r5 : T4 { id : 43 } ] - > ( n9 { id : 44 } ) CREATE (m1: L3 { k20 : 'F' , id : 45 } )CREATE (m1)< - [ : T0 { k40 : NULL , id : 46 } ] - ( n10 { id : 47 } ) < - [ : T4 { id : 48 } ] - ( n11 { id : 49 } ) RETURN DISTINCT 1 AS a0 , 1 AS a1 SKIP 1 ;
MATCH (a) RETURN count(a);
MATCH (a) RETURN count(a);
MATCH (b)-[a]->(c) RETURN count(a);
MATCH (b)-[a]->(c) RETURN count(a);
MERGE p0=(n0{id:50}) CREATE ({id:51}) REMOVE n0.k2 RETURN n0 AS a0;
MERGE p0 = ( n0 { id : 50 } ) CREATE ( { id : 51 } ) WITH * OPTIONAL MATCH ()-[:TYPE]-() REMOVE n0 . k2 RETURN DISTINCT n0 AS a0 ;
