-- Time: 2024/04/11 13:52:27
-- Database: janusgraph_database522
-- Database version: composite
-- seed value: 1712812407046
CREATE (n0 {id : 0});
CREATE (n0 :L4{k28 : false, k27 : true, k29 : 'YBu', k30 : 'Qy', id : 1, k26 : false, k25 : 'S'});
CREATE (n0 {id : 2});
CREATE (n0 :L4{k28 : true, k27 : true, k30 : 'Qy', id : 3, k26 : false, k25 : 'Y'});
MATCH (n0 {id : 3}), (n1 {id : 1}) MERGE(n0)-[r :T2{k49 : 'fc', k51 : true, k50 : true, k53 : -1988843051, k52 : 'e', k55 : '8', id : 4, k54 : -573922015}]->(n1);
MATCH (n0 {id : 3}), (n1 {id : 2}) MERGE(n0)-[r :T2{k49 : 'fc', k51 : true, k50 : true, k53 : 659409831, k52 : 'Qv', k55 : 'B', id : 5, k54 : 1150756114}]->(n1);
MATCH (n0 {id : 3}), (n1 {id : 3}) MERGE(n0)-[r :T3{k60 : 'ul3ogsi0', k61 : 'yw73', id : 6, k57 : false, k56 : 1343212797, k59 : -821513282, k58 : false}]->(n1);
MATCH (n0 {id : 3}), (n1 {id : 2}) MERGE(n0)-[r :T4{k62 : 1017239625, k64 : -128551631, k63 : 'dQ0tpztJ8', k66 : true, id : 7, k65 : false, k67 : true}]->(n1);
MATCH (n0 {id : 1}), (n1 {id : 2}) MERGE(n0)-[r :T1{k44 : 1371204472, id : 8, k46 : 1921586978, k45 : 'T', k48 : true, k47 : true}]->(n1);
MATCH (), p0=() WHERE true MATCH ()-[r0]-(n0)<-[r1]-( :L4) DETACH DELETE p0  RETURN 1 AS a0 ORDER BY NULL;
MATCH ( ) ,p0 = ( ) WHERE true MATCH ( ) - [ r0 ] - ( n0 ) < - [ r1 ] - ( : L4 ) WHERE TRUE FOREACH(f in [1]|DETACH DELETE p0 ) RETURN 1 AS a0 ORDER BY NULL ;
MATCH (a) RETURN count(a);
MATCH (b)-[a]->(c) RETURN count(a);
MATCH (b)-[a]->(c) RETURN count(a);
WITH * UNWIND [x IN [NULL, 1657449765]] AS a2 MERGE (n2{id:9}) RETURN 1 AS a3, 1 AS a4 SKIP 0;
WITH * OPTIONAL MATCH ()-[:TYPE]-() UNWIND [ x IN [ NULL , 1657449765 ] ] AS a2 MERGE ( n2 { id : 9 } ) WITH * UNWIND [NULL] as l0 RETURN CASE WHEN FALSE THEN NULL ELSE 1 END AS a3 , 1 AS a4 SKIP CASE WHEN TRUE THEN 0 END ;
MATCH (a) RETURN count(a);
MATCH (a) RETURN count(a);
MATCH (b)-[a]->(c) RETURN count(a);
MATCH (b)-[a]->(c) RETURN count(a);
UNWIND [NULL, NULL] AS a0 MERGE ({id:10}) CREATE (n0{id:11}), ({id:12})-[r0 :T3{id:13}]->(n1{id:14})-[ :T4{id:15}]->(n2{id:16}) RETURN 1 AS a1, 1 AS a2 UNION MERGE (n2{k29:'zn2aCBTf', id:17}) DETACH DELETE n2  MERGE (n3{id:18}) RETURN 1 AS a1, n3 AS a2;
UNWIND [ NULL , CASE WHEN FALSE THEN NULL ELSE NULL END ] AS a0 MERGE ( { id : 10 } ) CREATE ( n0 { id : 11 } ) CREATE (m0{ id : 12 } )CREATE (m0)- [ r0 : T3 { id : 13 } ] - > ( n1 { id : 14 } ) - [ : T4 { id : 15 } ] - > ( n2 { id : 16 } ) RETURN CASE WHEN FALSE THEN NULL ELSE 1 END AS a1 , 1 AS a2 UNION MERGE ( n2 { k29 : (''+'zn2aCBTf' ), id : 17 } ) FOREACH(f in [1]|DETACH DELETE n2 ) MERGE ( n3 { id : 18 } ) RETURN 1 AS a1 , n3 AS a2 ;
MATCH (a) RETURN count(a);
MATCH (a) RETURN count(a);
MATCH (b)-[a]->(c) RETURN count(a);
MATCH (b)-[a]->(c) RETURN count(a);
WITH * ORDER BY false DESC WHERE exists(()-[]-( :L4)-[]-()) CREATE (n3{id:19}) CREATE (n4{id:20}), ({id:21}) RETURN 1 AS a1, 1 AS a2;
WITH * ORDER BY false DESC WHERE CASE WHEN TRUE THEN exists ( ( ) - [ ] - ( : L4 ) - [ ] - ( ) ) END OPTIONAL MATCH ()-[:TYPE]-() CREATE ( n3 { id : 19 } ) CREATE ( n4 { id : 20 } ) CREATE ( { id : 21 } ) RETURN 1 AS a1 , 1 AS a2 ;
