-- Time: 2024/04/11 14:18:01
-- Database: janusgraph_database867
-- Database version: composite
-- seed value: 1712812407392
CREATE (n0 {id : 0});
CREATE (n0 :L0{k0 : true, k1 : -144889983, k2 : 796766004, k4 : -1554873317, id : 1});
CREATE (n0 {id : 2});
CREATE (n0 :L0{k0 : true, k1 : -908976512, k2 : 842174163, k3 : false, k4 : -1603521353, k5 : false, id : 3});
MATCH (n0 {id : 3}), (n1 {id : 3}) MERGE(n0)-[r :T4{k60 : '1T5IpWFCJ', k62 : 'jGQ', k61 : 'TTGN', k64 : true, id : 4, k59 : 'l'}]->(n1);
MATCH (n0 {id : 3}), (n1 {id : 0}) MERGE(n0)-[r :T4{k60 : 'jaZgi2W', k62 : '9tGWdM5', k61 : 'j', k64 : false, k63 : -377000994, id : 5, k59 : '8v0qJZk'}]->(n1);
MATCH (n0 {id : 0}), (n1 {id : 0}) MERGE(n0)-[r :T3{k53 : '1', k55 : 1286949552, id : 6, k54 : -1779706021, k57 : 1688701660, k56 : 367073458, k58 : 'cr'}]->(n1);
MATCH (n0 {id : 1}), (n1 {id : 3}) MERGE(n0)-[r :T2{k51 : 'XF', k50 : -1128411745, k52 : '3', id : 7, k48 : -399842562, k47 : false}]->(n1);
MATCH (n0 {id : 2}), (n1 {id : 1}) MERGE(n0)-[r :T0{k39 : -138350231, k38 : true, id : 8, k35 : true, k36 : '0'}]->(n1);
MATCH (n0 {id : 0}), (n1 {id : 0}) MERGE(n0)-[r :T2{k49 : '5', k51 : 'eQyI92', k50 : 117275011, k52 : 'l', id : 9, k48 : -783810227, k47 : false}]->(n1);
MATCH (n0 {id : 1}), (n1 {id : 2}) MERGE(n0)-[r :T2{k49 : 'BEAK', k51 : 'Q9TLLLub3', k50 : -802517908, k52 : 'OAz', id : 10, k48 : -472737674, k47 : true}]->(n1);
UNWIND [(false OR exists(()-[]->()))] AS a0 MATCH ( :L0)-[r0 :T0{k37:NULL}]-(), (n0)-[]-() MERGE ({id:11}) RETURN *;
UNWIND [ ( false OR exists ( ( ) - [ ] - > ( ) ) ) ] AS a0 WITH * MATCH ( : L0 ) - [ r0 : T0 { k37 : NULL } ] - ( ) ,( n0 ) - [ ] - ( ) WITH * MERGE ( { id : 11 } ) WITH * UNWIND [1] as l0 RETURN * LIMIT 1 ;
MATCH (a) RETURN count(a);
MATCH (b)-[a]->(c) RETURN count(a);
MATCH (b)-[a]->(c) RETURN count(a);
UNWIND toBooleanList(NULL) AS a0 CREATE ({id:12}) CREATE ({id:13})<-[ :T2{id:14}]-( :L0{id:15})<-[r0 :T0{id:16}]-({id:17}) RETURN 1 AS a1;
UNWIND toBooleanList ( NULL ) AS a0 CREATE ( { id : 12 } ) CREATE (m0{ id : 13 } )CREATE (m0)< - [ : T2 { id : 14 } ] - ( : L0 { id : 15 } ) < - [ r0 : T0 { id : 16 } ] - ( { id : 17 } ) WITH * RETURN 1 AS a1 LIMIT 1 ;
MATCH (a) RETURN count(a);
MATCH (a) RETURN count(a);
MATCH (b)-[a]->(c) RETURN count(a);
MATCH (b)-[a]->(c) RETURN count(a);
CREATE (n0{id:18}) MERGE ({id:19})-[r0 :T3{id:20}]->({id:21}) DETACH DELETE r0  RETURN 1 AS a0, 1 AS a1;
CREATE ( n0 { id : 18 } ) WITH * MERGE ( { id : 19 } ) - [ r0 : T3 { id : 20 } ] - > ( { id : 21 } ) WITH * OPTIONAL MATCH ()-[:TYPE]-() DETACH DELETE r0 RETURN 1 AS a0 , 1 AS a1 ;
