-- Time: 2024/04/11 13:47:07
-- Database: janusgraph_database450
-- Database version: composite
-- seed value: 1712812406973
CREATE (n0 :L3{k19 : 1370222436, k18 : false, k20 : false, k22 : 'ZfTyC6X', id : 0, k21 : -866471289});
CREATE (n0 {id : 1});
CREATE (n0 :L2{k16 : 'f', id : 2, k13 : 'f', k15 : 1163656992, k14 : 1836338982});
CREATE (n0 :L3{k19 : 186123084, k18 : false, k20 : true, k22 : 'J', id : 3, k21 : -762813706, k24 : 'K'});
MATCH (n0 {id : 2}), (n1 {id : 1}) MERGE(n0)-[r :T4{k60 : 'qqe8NMC0', k55 : -2061136765, id : 4, k57 : -718372897, k56 : 844188589, k59 : false, k58 : false}]->(n1);
MATCH (n0 {id : 1}), (n1 {id : 1}) MERGE(n0)-[r :T1{k39 : 'pt', k38 : false, k40 : 'c', k42 : false, k41 : -959760731, id : 5, k37 : -651217045}]->(n1);
MATCH (n0 {id : 2}), (n1 {id : 2}) MERGE(n0)-[r :T3{k49 : 834524453, k51 : 'L0', k50 : false, k53 : -1042153592, id : 6, k54 : 'uLTVT2M'}]->(n1);
MATCH (n0 {id : 3}), (n1 {id : 1}) MERGE(n0)-[r :T0{k31 : -1688803935, k30 : 'Ac', k33 : 'trt', id : 7, k32 : 'I8rTmPjZ', k35 : true, k34 : false}]->(n1);
MATCH (n0 {id : 1}), (n1 {id : 2}) MERGE(n0)-[r :T5{k62 : 742670791, k61 : false, k63 : -2131986096, id : 8, k65 : false}]->(n1);
MERGE ({id:9}) CREATE ({id:10})-[r0 :T4{id:11}]->({id:12})-[r1 :T5{id:13}]->(n0 :L2{k16:'T', id:14}) CREATE ({id:15}), (n1{id:16})-[ :T3{id:17}]->(n2{id:18}) RETURN 1 AS a0;
MERGE ( { id : 9 } ) CREATE (n0 :L2{k16:'T', id:14})<-[ r1 : T5 { id : 13 } ] -({id:12})<-[ r0 : T4 { id : 11 } ] -( { id : 10 } ) CREATE ( { id : 15 } ) CREATE (n1{ id : 16 } )CREATE (n1)- [ : T3 { id : 17 } ] - > ( n2 { id : 18 } ) RETURN 1 AS a0 ;
MATCH (a) RETURN count(a);
MATCH (b)-[a]->(c) RETURN count(a);
MATCH (b)-[a]->(c) RETURN count(a);
UNWIND [[false], [NULL]] AS a0 MATCH (), (n5)<-[r1]-()-[]-(n6 :L2) MERGE p2=({id:19}) RETURN 1 AS a1;
UNWIND [ [ false ] , [ NULL ] ] AS a0 MATCH ( ) ,( n5 ) < - [ r1 ] - ( ) - [ ] - ( n6 : L2 ) WITH * MERGE p2 = ( { id : 19 } ) RETURN 1 AS a1 SKIP 1 ;
