-- Time: 2024/04/11 13:16:57
-- Database: janusgraph_database42
-- Database version: composite
-- seed value: 1712812406523
CREATE (n0 :L0{k0 : true, k1 : 2125898568, k2 : 255946675, k3 : -84259834, k4 : false, id : 0});
CREATE (n0 :L1{id : 1, k6 : false, k10 : 'v', k7 : -612359873, k8 : 656540551, k9 : true});
CREATE (n0 {id : 2});
CREATE (n0 :L3{k17 : -2008109925, k18 : 'l', k20 : true, k22 : 'fxT', id : 3, k21 : 'vvK0DtvRu'});
MATCH (n0 {id : 2}), (n1 {id : 1}) MERGE(n0)-[r :T3{k60 : false, k62 : 'D', k61 : 1652345552, k64 : true, k63 : true, id : 4}]->(n1);
MATCH (n0 {id : 2}), (n1 {id : 1}) MERGE(n0)-[r :T2{k53 : false, id : 5, k54 : 102818590, k57 : 'wIOPudkv', k56 : -1779726370, k59 : -2076838476, k58 : false}]->(n1);
MATCH (n0 {id : 2}), (n1 {id : 3}) MERGE(n0)-[r :T4{k71 : true, k70 : true, k66 : 'X15C', id : 6, k65 : -1730890151, k68 : -761212814, k67 : false, k69 : true}]->(n1);
MATCH (n0 {id : 1}), (n1 {id : 3}) MERGE(n0)-[r :T0{k42 : 'Q', k44 : false, id : 7, k43 : -1885123170, k46 : '76OJ', k45 : -720189998, k47 : 'K'}]->(n1);
MATCH (n0 {id : 3}), (n1 {id : 1}) MERGE(n0)-[r :T2{k53 : false, id : 8, k54 : -2002268727, k57 : 'L', k56 : 188828811, k59 : -2061096750}]->(n1);
MATCH (n0 {id : 2}), (n1 {id : 0}) MERGE(n0)-[r :T4{k70 : false, k66 : '1', id : 9, k65 : 218709956, k68 : -924073830, k67 : false, k69 : true}]->(n1);
MATCH (n0 {id : 3}), (n1 {id : 3}) MERGE(n0)-[r :T2{k53 : false, k55 : 'p9TG', id : 10, k54 : -2146176007, k57 : 'CKy6', k56 : -850712087, k59 : -1560723015, k58 : true}]->(n1);
MERGE ({id:11}) CREATE ({id:12}), (n0 :L3{k21:NULL, id:13})<-[ :T0{id:14}]-(n1{id:15})<-[r0 :T3{id:16}]-(n2{id:17}) CREATE p0=({id:18}) RETURN startNode(relationships(NULL)[toIntegerOrNull(abs(272569182))]) AS a0, 1 AS a1 ORDER BY a1 DESC SKIP 1 LIMIT 1;
MERGE ( { id : 11 } ) CREATE ( { id : 12 } ) CREATE (n0: L3 { k21 : NULL , id : 13 } )CREATE (n0)< - [ : T0 { id : 14 } ] - ( n1 { id : 15 } ) < - [ r0 : T3 { id : 16 } ] - ( n2 { id : CASE WHEN TRUE THEN 17 END } ) CREATE p0 = ( { id : CASE WHEN FALSE THEN NULL ELSE 18 END } ) RETURN startNode ( relationships ( NULL ) [ toIntegerOrNull ( abs ( 272569182 ) ) ] ) AS a0 , 1 AS a1 ORDER BY a1 DESC SKIP 1 LIMIT 1 ;
MATCH (a) RETURN count(a);
MATCH (b)-[a]->(c) RETURN count(a);
MATCH (b)-[a]->(c) RETURN count(a);
WITH NULL AS a0 MERGE (n0{id:19})-[r0 :T2{id:20}]->( :L1{k5:true, id:21})-[r1 :T2{k53:false, id:22}]-({id:23}) REMOVE n0.k2 RETURN n0 AS a1;
WITH NULL AS a0 MERGE ( n0 { id : 19 } ) - [ r0 : T2 { id : CASE WHEN FALSE THEN NULL ELSE 20 END } ] - > ( : L1 { k5 : true , id : 21 } ) - [ r1 : T2 { k53 : false , id : 22 } ] - ( { id : 23 } ) WITH * OPTIONAL MATCH ()-[:TYPE]-() REMOVE n0 . k2 WITH * RETURN n0 AS a1 ;
MATCH (a) RETURN count(a);
MATCH (a) RETURN count(a);
MATCH (b)-[a]->(c) RETURN count(a);
MATCH (b)-[a]->(c) RETURN count(a);
MERGE p0=(n0{id:24})-[r0 :T2{id:25}]->(n1{id:26})-[r1 :T0{k44:true, id:27}]-( :L1{k7:791062993, id:28}) DETACH DELETE n0  MERGE (n2{id:29}) RETURN DISTINCT 1 AS a0 SKIP 1;
MERGE p0 = ( n0 { id : 24 } ) - [ r0 : T2 { id : 25 } ] - > ( n1 { id : 26 } ) - [ r1 : T0 { k44 : true , id : 27 } ] - ( : L1 { k7 : 791062993 , id : 28 } ) DETACH DELETE n0 MERGE ( n2 { id : 29 } ) RETURN DISTINCT 1 AS a0 SKIP 1 ;
