-- Time: 2024/04/11 13:37:18
-- Database: janusgraph_database317
-- Database version: composite
-- seed value: 1712812406840
CREATE (n0 :L0{k0 : true, k1 : 1213677894, k3 : 297152451, k4 : false, k5 : true, id : 0});
CREATE (n0 :L0{k0 : false, k1 : -1651039920, k2 : 'O2', k3 : -20727494, k4 : true, k5 : false, id : 1});
CREATE (n0 :L3{k19 : 'y', k18 : 317297496, k20 : '36N3zoM', k22 : 1238822094, id : 2, k21 : -1545363830, k23 : 1794422138});
CREATE (n0 {id : 3});
MATCH (n0 {id : 3}), (n1 {id : 3}) MERGE(n0)-[r :T2{k55 : 'WFEgoe', id : 4, k54 : 649413014, k57 : 345884311, k56 : true, k59 : 2117418185, k58 : true}]->(n1);
MATCH (n0 {id : 3}), (n1 {id : 2}) MERGE(n0)-[r :T1{k49 : 540654067, k51 : false, k50 : -1198073391, k53 : false, k52 : 2026437498, id : 5}]->(n1);
MERGE p0=({k2:'0Rd', id:6}) DETACH DELETE p0  MERGE ({k0:true, id:7}) RETURN 1 AS a0, 1 AS a1;
MERGE p0 = ( { k2 : '0Rd' , id : 6 } ) DETACH DELETE p0 WITH * OPTIONAL MATCH ()-[:TYPE]-() MERGE ( { k0 : true , id : 7 } ) RETURN 1 AS a0 , 1 AS a1 SKIP 1 LIMIT 1 ;
MATCH (a) RETURN count(a);
MATCH (b)-[a]->(c) RETURN count(a);
MATCH (b)-[a]->(c) RETURN count(a);
OPTIONAL MATCH ({k5:false}), () OPTIONAL MATCH (), () MERGE (n0 :L0{id:8}) RETURN DISTINCT (n0.k0) AS a0, 1 AS a1 SKIP 0;
OPTIONAL MATCH ({k5:false}),() WHERE TRUE OPTIONAL MATCH ( ) ,( ) MERGE pp0=( n0 : L0 { id : 8 } ) WITH * RETURN DISTINCT ( n0 . k0 ) AS a0 , 1 AS a1 SKIP 0 ;
MATCH (a) RETURN count(a);
MATCH (a) RETURN count(a);
MATCH (b)-[a]->(c) RETURN count(a);
MATCH (b)-[a]->(c) RETURN count(a);
OPTIONAL MATCH p0=(n0), (n1) DETACH DELETE n1  REMOVE n0.k2 RETURN n0 AS a0, 1 AS a1;
OPTIONAL MATCH p0=(n0),(n1) DETACH DELETE n1 FOREACH(f in [1]|REMOVE n0 . k2 ) RETURN n0 AS a0 , 1 AS a1 ;
MATCH (a) RETURN count(a);
MATCH (a) RETURN count(a);
MATCH (b)-[a]->(c) RETURN count(a);
MATCH (b)-[a]->(c) RETURN count(a);
MERGE ( :L0{k5:true, id:9}) CREATE (n0 :L3{id:10})<-[r0 :T1{k50:(1118535765*toIntegerList(['SUviK8', 'kDeR67Y'])[toIntegerOrNull(abs(NULL))]), id:11}]-({id:12})-[r1 :T2{id:13}]->({id:14}), (n1{k20:toStringList([(n2)-[]-(n3)|[true, true]])[toIntegerOrNull(abs(-1282971713))], id:15})<-[r2 :T1{k51:('b' ENDS WITH NULL), id:16}]-(n4{id:17}) CREATE ( :L0{k3:NULL, id:18}), (n5{id:19}) RETURN 1 AS a0, 1 AS a1;
MERGE ( : L0 { k5 : true , id : 9 } ) WITH * UNWIND [1] as l0 CREATE ( n0 : L3 { id : 10 } ) < - [ r0 : T1 { k50 : ( 1118535765 * toIntegerList ( [ 'SUviK8' , 'kDeR67Y' ] ) [ toIntegerOrNull ( abs ( NULL ) ) ] ) , id : CASE WHEN TRUE THEN 11 END } ] - ( { id : 12 } ) - [ r1 : T2 { id : 13 } ] - > ( { id : 14 } ) CREATE ( n1 { k20 : toStringList ( [ ( n2 ) - [ ] - ( n3 ) | [ true , true ] ] ) [ toIntegerOrNull ( abs ( -1282971713 ) ) ] , id : 15 } ) < - [ r2 : T1 { k51 : ( 'b' ENDS WITH NULL ) , id : 16 } ] - ( n4 { id : 17 } ) CREATE ( : L0 { k3 : CASE WHEN TRUE THEN NULL END , id : 18 } ) CREATE ( n5 { id : 19 } ) WITH * OPTIONAL MATCH ()-[:TYPE]-() RETURN 1 AS a0 , 1 AS a1 ;
MATCH (a) RETURN count(a);
MATCH (a) RETURN count(a);
MATCH (b)-[a]->(c) RETURN count(a);
MATCH (b)-[a]->(c) RETURN count(a);
OPTIONAL MATCH (n0), p0=() WHERE false MERGE (n1{id:20}) SET n0.k=true RETURN 1 AS a0;
OPTIONAL MATCH ( n0 ) ,p0 = ( ) WHERE false WITH * MERGE pp0=( n1 { id : 20 } ) WITH * OPTIONAL MATCH ()-[:TYPE]-() SET n0 . k = true WITH * RETURN 1 AS a0 LIMIT 1 ;
