-- Time: 2024/04/11 13:56:44
-- Database: janusgraph_database580
-- Database version: composite
-- seed value: 1712812407104
CREATE (n0 :L2{k17 : false, k16 : true, k19 : -457258928, k18 : -1927099739, id : 0, k13 : -881926259, k15 : 1821950436, k14 : 2137330713});
CREATE (n0 :L0{k0 : false, k1 : 'd7fbeJA', k2 : -2116137569, k3 : -472911121, id : 1});
CREATE (n0 :L3{k20 : 'Q', k22 : -1020029744, id : 2, k21 : 544555842, k23 : 420724029});
CREATE (n0 {id : 3});
MATCH (n0 {id : 2}), (n1 {id : 1}) MERGE(n0)-[r :T2{k42 : true, k44 : false, id : 4, k43 : 'AzZnGs', k46 : true, k45 : 'kzc'}]->(n1);
MATCH (n0 {id : 2}), (n1 {id : 0}) MERGE(n0)-[r :T4{k53 : 182869123, k55 : 'EB8', id : 5, k54 : 'n', k57 : true, k56 : '4'}]->(n1);
MATCH (n0 {id : 1}), (n1 {id : 2}) MERGE(n0)-[r :T1{k39 : true, k38 : false, k40 : 'Vt', id : 6, k37 : -1957092730, k36 : '2sJLuhwN'}]->(n1);
MATCH (n0 {id : 2}), (n1 {id : 3}) MERGE(n0)-[r :T2{k42 : true, k41 : 'v', k44 : false, id : 7, k43 : 'If', k46 : false}]->(n1);
MATCH (n0 {id : 1}), (n1 {id : 1}) MERGE(n0)-[r :T1{k39 : false, k38 : true, k40 : 'X', id : 8, k37 : 788309135, k36 : 'K0'}]->(n1);
WITH -1928754070 AS a3 WHERE false UNWIND [NULL] AS a4 MERGE (n5{k23:-1336759811, id:9})-[ :T2{id:10}]->(n6{id:11}) RETURN 1 AS a5;
WITH -1928754070 AS a3 WHERE false UNWIND [ NULL ] AS a4 MERGE ( n5 { k23 : -1336759811 , id : 9 } ) - [ : T2 { id : 10 } ] - > ( n6 { id : 11 } ) WITH * RETURN DISTINCT 1 AS a5 SKIP 1 ;
MATCH (a) RETURN count(a);
MATCH (b)-[a]->(c) RETURN count(a);
MATCH (b)-[a]->(c) RETURN count(a);
MERGE (n0{id:12}) DETACH DELETE n0  CREATE ( :L0{id:13}), ({id:14}) RETURN 1 AS a0;
MERGE ( n0 { id : 12 } ) DETACH DELETE n0 WITH * OPTIONAL MATCH ()-[:TYPE]-() CREATE ( : L0 { id : 13 } ) CREATE ( { id : 14 } ) WITH * UNWIND [1] as l0 RETURN 1 AS a0 ;
