-- Time: 2024/04/11 14:28:36
-- Database: janusgraph_database1010
-- Database version: composite
-- seed value: 1712812407535
CREATE (n0 :L4{k28 : 'J', k27 : -184770998, k29 : 'z', k31 : -844531105, k30 : true, id : 0, k32 : false, k26 : 'M'});
CREATE (n0 {id : 1});
CREATE (n0 :L6{k39 : -1132488609, k40 : false, k42 : 'TXs', k41 : 'y', id : 2, k43 : 'hmIndA'});
CREATE (n0 :L3{k19 : '6', k20 : 'v', k22 : false, id : 3, k21 : 'h', k24 : -227996779, k23 : false, k25 : '4J'});
MATCH (n0 {id : 1}), (n1 {id : 3}) MERGE(n0)-[r :T1{k51 : -697624735, k53 : 'SCdP', k52 : 'z', k55 : -1265892916, id : 4, k54 : 'z', k57 : 1743933970, k56 : true}]->(n1);
MATCH (n0 {id : 0}), (n1 {id : 0}) MERGE(n0)-[r :T0{k49 : false, k50 : 'brWGoY6', k44 : 1363189493, id : 5, k46 : 809482362, k45 : true, k48 : true, k47 : false}]->(n1);
MATCH (n0 {id : 0}), (n1 {id : 0}) MERGE(n0)-[r :T2{k60 : true, k62 : false, k61 : true, k63 : true, id : 6, k59 : false, k58 : -448479880}]->(n1);
MATCH (n0 {id : 3}), (n1 {id : 1}) MERGE(n0)-[r :T1{k51 : -184215396, k53 : '3f', k52 : 'e', k55 : -1265892916, id : 7, k54 : 'c', k56 : false}]->(n1);
MATCH (n0 {id : 3}), (n1 {id : 0}) MERGE(n0)-[r :T0{k49 : false, k50 : 'G', k44 : 1926252734, id : 8, k45 : true, k48 : true, k47 : false}]->(n1);
MATCH (n0 {id : 0}), (n1 {id : 0}) MERGE(n0)-[r :T0{k49 : false, k50 : 'brWGoY6', k44 : 696977917, id : 9, k46 : 1867663733, k45 : false, k48 : true}]->(n1);
MATCH (n0 {id : 2}), (n1 {id : 2}) MERGE(n0)-[r :T0{k49 : false, k50 : 'G', k44 : -376192711, id : 10, k46 : -1207378268, k45 : true, k48 : true, k47 : false}]->(n1);
UNWIND [NULL] AS a0 CREATE p0=({id:11})-[r0 :T1{id:12}]->({id:13}), (n0{id:14})-[r1 :T2{k60:('wFGD6W' STARTS WITH 'DH'), id:15}]->(n3{id:16})-[r2 :T0{id:17}]->(n4{id:18}) CREATE p2=( :L3{id:19}), (n5 :L3{id:20})-[ :T1{id:21}]->({id:22}) RETURN 1 AS a1 ORDER BY a1;
UNWIND [ NULL ] AS a0 CREATE p0 = ( { id : 11 } ) - [ r0 : T1 { id : 12 } ] - > ( { id : 13 } ) CREATE ( n0 { id : 14 } ) - [ r1 : T2 { k60 : ( 'wFGD6W' STARTS WITH 'DH' ) , id : 15 } ] - > ( n3 { id : 16 } ) - [ r2 : T0 { id : 17 } ] - > ( n4 { id : CASE WHEN TRUE THEN 18 END } ) CREATE p2 = ( : L3 { id : CASE WHEN FALSE THEN NULL ELSE 19 END } ) CREATE ( n5 : L3 { id : 20 } ) - [ : T1 { id : 21 } ] - > ( { id : 22 } ) WITH * UNWIND [NULL] as l0 RETURN 1 AS a1 ORDER BY a1 ;
MATCH (a) RETURN count(a);
MATCH (b)-[a]->(c) RETURN count(a);
MATCH (b)-[a]->(c) RETURN count(a);
CREATE (n0{k41:NULL, id:23})<-[ :T1{id:24}]-({id:25}), (n1{id:26}) MERGE (n2{id:27}) SET n2.k=NULL RETURN 1 AS a0;
CREATE ( n0 { k41 : NULL , id : 23 } ) < - [ : T1 { id : 24 } ] - ( { id : 25 } ) CREATE ( n1 { id : 26 } ) MERGE ( n2 { id : 27 } ) SET n2 . k = NULL RETURN 1 AS a0 LIMIT 1 ;
