-- Time: 2024/04/11 14:36:46
-- Database: janusgraph_database1120
-- Database version: composite
-- seed value: 1712812407645
CREATE (n0 :L0{k0 : true, k1 : true, k2 : -807973389, k3 : true, k4 : true, k5 : true, id : 0, k6 : 'Z'});
CREATE (n0 {id : 1});
CREATE (n0 :L4{k27 : false, k29 : 597574641, k30 : 'z', id : 2, k26 : 'N'});
CREATE (n0 :L0{k0 : false, k1 : true, k2 : -1950743314, k3 : false, k4 : true, id : 3});
MATCH (n0 {id : 0}), (n1 {id : 3}) MERGE(n0)-[r :T4{k60 : 'uJ', k61 : true, id : 4, k57 : 1008524314, k59 : 'c', k58 : 'L'}]->(n1);
MATCH (n0 {id : 2}), (n1 {id : 2}) MERGE(n0)-[r :T4{id : 5, k57 : 1342413466, k56 : 'o', k59 : 'BvBAZnIDm'}]->(n1);
MATCH (n0 {id : 1}), (n1 {id : 3}) MERGE(n0)-[r :T4{k60 : '24Tc', k61 : true, id : 6, k57 : -1623514742, k56 : 'DLqH', k58 : 'Y27hW'}]->(n1);
MATCH (n0 {id : 2}), (n1 {id : 2}) MERGE(n0)-[r :T2{k49 : 51107784, id : 7, k46 : false, k45 : true, k48 : 1175896041}]->(n1);
MATCH (n0 {id : 3}), (n1 {id : 0}) MERGE(n0)-[r :T4{k60 : 'xjM', k61 : true, id : 8, k57 : 1666873742, k56 : '5', k58 : 'fLb'}]->(n1);
MATCH (n0 {id : 3}), (n1 {id : 2}) MERGE(n0)-[r :T3{k51 : 2072543110, k53 : 2104507764, k52 : false, k55 : 867834805, id : 9}]->(n1);
MATCH (n0 {id : 2}), (n1 {id : 1}) MERGE(n0)-[r :T0{k31 : 172124923, k33 : false, id : 10, k32 : 'U', k35 : 'YbRR', k34 : '5', k36 : -1613617965}]->(n1);
OPTIONAL MATCH (n0)-[ :T4{k58:toStringList([1541471987, 693184614])[toIntegerOrNull(abs(NULL))]}]->(n1) WHERE true OPTIONAL MATCH (n2)-[]->() SET n0.k=(((NULL+NULL) > round(NULL)) OR true) RETURN -1038144897 AS a0;
OPTIONAL MATCH ( n0 ) - [ : T4 { k58 : toStringList ( [ 1541471987 , 693184614 ] ) [ toIntegerOrNull ( abs ( NULL ) ) ] } ] - > ( n1 ) WHERE true OPTIONAL MATCH ( n2 ) - [ ] - > ( ) SET n0 . k = ( ( ( NULL + NULL ) > round ( CASE WHEN TRUE THEN NULL END ) ) OR true ) WITH * UNWIND [NULL] as l0 RETURN -1038144897 AS a0 ;
MATCH (a) RETURN count(a);
MATCH (b)-[a]->(c) RETURN count(a);
MATCH (b)-[a]->(c) RETURN count(a);
OPTIONAL MATCH p0=(), () DETACH DELETE p0  MERGE p1=(n0{k4:false, id:11}) RETURN p1 AS a0;
OPTIONAL MATCH p0 = ()-[*0..0]-( ) ,( ) WITH * WITH * CALL{WITH *DETACH DELETE p0 } WITH * OPTIONAL MATCH ()-[:TYPE]-() MERGE p1 = ( n0 { k4 : false , id : 11 } ) RETURN DISTINCT p1 AS a0 ;
MATCH (a) RETURN count(a);
MATCH (a) RETURN count(a);
MATCH (b)-[a]->(c) RETURN count(a);
MATCH (b)-[a]->(c) RETURN count(a);
MATCH ( :L4) CREATE (n0 :L4{id:12})-[r0 :T2{id:13}]->(n1{id:14}) CREATE p0=({id:15})-[ :T3{k51:-219044365, id:16}]->({id:17}) RETURN 1 AS a0, 1 AS a1;
MATCH ( : L4 ) WITH * WITH * CREATE ( n0 : L4 { id : 12 } ) - [ r0 : T2 { id : 13 } ] - > ( n1 { id : 14 } ) CREATE (m0{ id : 15 } )CREATE (m0)- [ : T3 { k51 : -219044365 , id : 16 } ] - > ( { id : 17 } ) RETURN CASE WHEN FALSE THEN NULL ELSE 1 END AS a0 , 1 AS a1 ;
