-- Time: 2024/07/05 16:32:32
-- Database: memgraph_database51
-- Database version: composite
-- seed value: 1720168297026
CREATE (n0 :L2{k16 : true, k11 : 867334183, id : 0, k13 : 1297660508, k12 : 'd', k15 : '5'});
CREATE (n0 :L3{k17 : 'v', k19 : true, k18 : 1315456497, k20 : 'j', id : 1, k21 : true});
CREATE (n0 :L5{k27 : -1007508858, k29 : false, k31 : 'o', k30 : 'BD', id : 2});
CREATE (n0 :L5{k28 : true, k27 : -580330464, k29 : true, k31 : 'T', id : 3});
MATCH (n0 {id : 0}), (n1 {id : 2}) MERGE(n0)-[r :T1{k49 : true, k51 : 1463085457, k50 : -1816430319, id : 4, k46 : 'zXY7', k48 : -2031085968, k47 : 'SI'}]->(n1);
MATCH (n0 {id : 1}), (n1 {id : 1}) MERGE(n0)-[r :T2{k52 : 1963306823, k55 : 'oj9dbCch', id : 5, k54 : true, k56 : 404706605}]->(n1);
OPTIONAL MATCH (n0)-[]-(n1{k28:(NULL STARTS WITH NULL)}), (n2) OPTIONAL MATCH (n3) SET n3.k='O' RETURN n1 AS a0, n3 AS a1 UNION ALL CALL{WITH * MERGE (n0{k30:'WkZ', id:6})-[r0 :T2{id:7}]-(n1{id:8}) REMOVE n0.k2 RETURN DISTINCT 1 AS a0, n0 AS a1} MERGE (n2 :L5{id:9})<-[r1 :T1{k46:'vs', id:10}]-( :L2{k11:1911252166, id:11}) CREATE ( :L5{id:12}), (n3{id:13}) RETURN reduce(a='wYV',b IN [(n2.k31)]|b) AS a0, NULL AS a1 LIMIT 1;
OPTIONAL MATCH ( n0 ) - [ ] - ( n1 { k28 : ( NULL STARTS WITH NULL ) } ) ,( n2 ) WITH * OPTIONAL MATCH (n3) SET n3 . k = 'O' WITH * UNWIND [1] as l0 RETURN reduce(a=n1 ,b IN []|a) AS a0 , n3 AS a1 UNION ALL CALL { WITH * DELETE (NULL) MERGE ( n0 { k30 : 'WkZ' , id : reduce(a=6 ,b IN []|a) } ) - [ r0 : T2 { id : CASE WHEN TRUE THEN 7 END } ] - ( n1 { id : 8 } ) REMOVE n0 . k2 RETURN DISTINCT 1 AS a0 , reduce(a=n0 ,b IN []|a) AS a1 } REMOVE (NULL).k MERGE ( n2 : L5 { id : 9 } ) < - [ r1 : T1 { k46 : reduce(a='vs' ,b IN []|a) , id : 10 } ] - ( : L2 { k11 : 1911252166 , id : 11 } ) WITH * CREATE ( : L5 { id : reduce(a=12 ,b IN []|a) } ) CREATE ( n3 { id : 13 } ) WITH * OPTIONAL MATCH ()-[:TYPE]-() RETURN reduce ( a = ('wYV' +'') , b IN [ ( n2 . k31 ) ] | b ) AS a0 , NULL AS a1 LIMIT 1 ;
MATCH (a) RETURN a;
MATCH (a) RETURN a;
MATCH (b)-[a]->(c) RETURN a;
MATCH (b)-[a]->(c) RETURN a;
FOREACH(a0 IN [NULL]|MERGE ( :L5{id:14}) MERGE ({k21:true, id:15}) CREATE (n0 :L5{k29:NULL, id:16}), (n1 :L3{k19:NULL, id:17})<-[r0 :T1{id:18}]-(n2{id:19})) CREATE p0=({id:20}) CREATE ({k29:true, id:21}), (n3 :L3{k21:true, id:22}) RETURN 1 AS a1, 1 AS a2 SKIP 0;
FOREACH ( a0 IN [ reduce(a=NULL ,b IN []|a) ] | MERGE ( : L5 { id : 14 } ) MERGE ( { k21 : reduce(a=true ,b IN []|a) , id : 15 } ) REMOVE (NULL).TRUE CREATE ( n0 : L5 { k29 : NULL , id : CASE WHEN TRUE THEN 16 END } ) CREATE ( n1 : L3 { k19 : NULL , id : CASE WHEN TRUE THEN 17 END } ) < - [ r0 : T1 { id : CASE WHEN FALSE THEN NULL ELSE 18 END } ] - ( n2 { id : 19 } ) REMOVE (NULL).TRUE ) CREATE (c0{id:-1}) DELETE (c0) CREATE p0 = ( { id : 20 } ) WITH * UNWIND [1] as l0 CREATE ( { k29 : true , id : 21 } ) CREATE ( n3 : L3 { k21 : reduce(a=true ,b IN []|a) , id : 22 } ) WITH * UNWIND [1] as l1 RETURN 1 AS a1 , 1 AS a2 SKIP 0 ;
MATCH (a) RETURN a;
MATCH (a) RETURN a;
MATCH (b)-[a]->(c) RETURN a;
MATCH (b)-[a]->(c) RETURN a;
FOREACH(a0 IN nodes(NULL)|CREATE ( :L5{k29:('RzH' ENDS WITH 'nDa7'), id:23})<-[ :T2{id:24}]-({id:25}), (n0{id:26})<-[ :T2{id:27}]-(n1 :L2{k16:((((568429932*1297063824)--1085813611)-NULL) > -1405893985), id:28}) CREATE ({id:29}) CREATE (n2 :L3{id:30})<-[r0 :T1{k48:214712173, id:31}]-(n3{k21:NULL, id:32})) MERGE ( :L3{id:33}) CREATE (n4 :L3{id:34})<-[r1 :T1{id:35}]-(n5{k18:-1501716726, id:36}) RETURN DISTINCT 1 AS a1 UNION ALL UNWIND NULL AS a0 CREATE (n0{id:37}), (n1{k29:((((reduce(a='SN',b IN ['39', 'Rd']|a)+'ZBGBAYsR')+'GZzUe') > substring('X', abs(NULL), abs(-72219759))) AND (reverse('S') >= (NULL+(('j'+'H')+'0w')))), id:38}) MERGE ( :L2{id:39})-[r0 :T1{id:40}]-(n2{k31:'j', id:41}) RETURN a0 AS a1;
FOREACH ( a0 IN (nodes ( reduce(a=NULL ,b IN []|a) ) +[]) | CREATE ( : L5 { k29 : ( 'RzH' ENDS WITH 'nDa7' ) , id : CASE WHEN FALSE THEN NULL ELSE 23 END } ) < - [ : T2 { id : CASE WHEN FALSE THEN NULL ELSE 24 END } ] - ( { id : reduce(a=25 ,b IN []|a) } ) CREATE ( n0 { id : reduce(a=26 ,b IN []|a) } ) < - [ : T2 { id : 27 } ] - ( n1 : L2 { k16 : ( ( ( ( CASE WHEN TRUE THEN 568429932 * 1297063824 END ) - -1085813611 ) - NULL ) > -1405893985 ) , id : 28 } ) CREATE (c0{id:-1}) DELETE (c0) CREATE ( { id : 29 } ) CREATE (n2: L3 { id : 30 } )CREATE (n2)< - [ r0 : T1 { k48 : reduce(a=214712173 ,b IN []|a) , id : 31 } ] - ( n3 { k21 : reduce(a=NULL ,b IN []|a) , id : 32 } ) DELETE NULL ) WITH * UNWIND [NULL] as l0 MERGE ( : L3 { id : 33 } ) CREATE ( n4 : L3 { id : 34 } ) < - [ r1 : T1 { id : 35 } ] - ( n5 { k18 : -1501716726 , id : 36 } ) RETURN DISTINCT 1 AS a1 UNION ALL UNWIND NULL AS a0 CREATE ( n0 { id : 37 } ) CREATE ( n1 { k29 : ( ( ( CASE WHEN TRUE THEN ( reduce ( a = (''+'SN' ), b IN [ CASE WHEN TRUE THEN '39' END , CASE WHEN TRUE THEN 'Rd' END ] | a ) + 'ZBGBAYsR' ) + 'GZzUe' END ) > substring ( 'X' , reduce(a=abs ( CASE WHEN TRUE THEN NULL END ) ,b IN []|a) , abs ( -72219759 ) ) ) AND ( reverse ( 'S' ) >= ( NULL + ( reduce(a=( 'j' + 'H' ) + (''+'0w' ),b IN []|a) ) ) ) ) , id : 38 } ) MERGE ( : L2 { id : 39 } ) - [ r0 : T1 { id : 40 } ] - ( n2 { k31 : 'j' , id : 41 } ) RETURN a0 AS a1 ;
MATCH (a) RETURN a;
MATCH (a) RETURN a;
MATCH (b)-[a]->(c) RETURN a;
MATCH (b)-[a]->(c) RETURN a;
WITH * LIMIT 1 WHERE NULL MATCH (n0{k31:NULL}) CREATE ({id:42}) RETURN 1 AS a0 UNION ALL MATCH (n0), p2=(n0) WHERE ((NULL = ('KjulvnL'+'hGDfQ')) OR false) MATCH (), () SET n0.k='PygjkIl' RETURN n0 AS a0;
WITH * LIMIT CASE WHEN TRUE THEN 1 END WHERE reduce(a=NULL ,b IN []|a) MATCH (n0)-[*0..0]-( n0 { k31 : reduce(a=NULL ,b IN []|a) } ) CREATE ( { id : 42 } ) RETURN DISTINCT reduce(a=1 ,b IN []|a) AS a0 ORDER BY FALSE UNION ALL MATCH ( n0 ) ,p2 = ( n0 ) WHERE ( ( NULL = ( 'KjulvnL' + 'hGDfQ' ) ) OR false ) MATCH ( ) ,( ) WITH * WITH * SET n0 . k = 'PygjkIl' DELETE NULL RETURN n0 AS a0 ;
MATCH (a) RETURN a;
MATCH (a) RETURN a;
MATCH (b)-[a]->(c) RETURN a;
MATCH (b)-[a]->(c) RETURN a;
CREATE (n0{id:46}) MERGE ( :L5{id:47}) CREATE (n1{id:48}), ({id:49}) RETURN 1 AS a1, collect(NULL)[abs(-921607139)] AS a2;
CREATE ( n0 { id : 46 } ) WITH * MERGE pp0=( : L5 { id : 47 } ) CREATE ( n1 { id : 48 } ) CREATE ( { id : 49 } ) DELETE NULL RETURN 1 AS a1 , collect ( NULL ) [ abs ( -921607139 ) ] AS a2 ;
MATCH (a) RETURN a;
MATCH (a) RETURN a;
MATCH (b)-[a]->(c) RETURN a;
MATCH (b)-[a]->(c) RETURN a;
FOREACH(a0 IN [NULL, [NULL]]|MERGE ({id:50}) CREATE (n0{id:51})<-[ :T2{k56:NULL, id:52}]-(n1{id:53}) CREATE (n2 :L3{id:54})<-[ :T1{k47:substring('J', abs(NULL), abs(size(NULL))), id:55}]-(n5{id:56}), (n6{id:57})<-[ :T1{id:58}]-(n7 :L3{id:59})) CREATE (n8{k30:NULL, id:60})<-[r0 :T2{k54:NULL, id:61}]-({id:62}), (n9{k19:NULL, id:63})<-[ :T1{id:64}]-({id:65}) CREATE (n10{k29:false, id:66}), ({id:67}) RETURN 1 AS a1, 1 AS a2 LIMIT 0;
FOREACH ( a0 IN [ NULL , reduce(a=[ NULL ] ,b IN []|a) ] | MERGE ( { id : 50 } ) CREATE ( n0 { id : 51 } ) < - [ : T2 { k56 : CASE WHEN TRUE THEN NULL END , id : 52 } ] - ( n1 { id : 53 } ) CREATE (n2: L3 { id : 54 } )CREATE (n2)< - [ : T1 { k47 : substring ( 'J' , abs ( CASE WHEN TRUE THEN NULL END ) , abs ( size ( CASE WHEN TRUE THEN NULL END ) ) ) , id : 55 } ] - ( n5 { id : reduce(a=56 ,b IN []|a) } ) CREATE (n7 :L3{id:59})-[ : T1 { id : 58 } ] ->( n6 { id : 57 } ) DELETE NULL ) WITH * CREATE ( n8 { k30 : reduce(a=NULL ,b IN []|a) , id : 60 } ) < - [ r0 : T2 { k54 : reduce(a=NULL ,b IN []|a) , id : 61 } ] - ( { id : 62 } ) CREATE ( n9 { k19 : NULL , id : 63 } ) < - [ : T1 { id : reduce(a=64 ,b IN []|a) } ] - ( { id : 65 } ) CREATE ( n10 { k29 : false , id : 66 } ) CREATE ( { id : 67 } ) RETURN 1 AS a1 , 1 AS a2 LIMIT reduce(a=0 ,b IN []|a) ;
