-- Time: 2024/07/05 16:32:30
-- Database: memgraph_database49
-- Database version: composite
-- seed value: 1720168297024
CREATE (n0 :L3:L0{k19 : true, k0 : false, k1 : 'huinYejI4', k2 : true, k20 : 12562918, k3 : -963762132, k22 : 'q', k5 : true, id : 0, k6 : false, k24 : false});
CREATE (n0 :L0{k0 : true, k1 : 'K', k3 : -1714332848, k4 : false, k5 : true, id : 1, k6 : false});
CREATE (n0 :L0{k0 : true, k1 : 'P03jl4D', k2 : false, k3 : -565845052, k4 : false, k5 : true, id : 2, k6 : true});
CREATE (n0 :L1:L3{k19 : true, k20 : 912250010, k11 : 'sRBhrR7', k22 : 'lQNXLR4', id : 3, k10 : '2yFwI', k21 : 'B', k7 : 'KN0s', k24 : true, k8 : -1980743951, k9 : 'g', k25 : 'N'});
MATCH (n0 {id : 3}), (n1 {id : 3}) MERGE(n0)-[r :T0{k39 : false, k38 : -996835941, k40 : 'UUq', k42 : 'd', k41 : 1758727346, id : 4}]->(n1);
MATCH (n0 {id : 0}), (n1 {id : 3}) MERGE(n0)-[r :T2{k49 : true, k50 : 'G6', k52 : 792302307, k55 : 'f', id : 5, k54 : false}]->(n1);
MATCH (n0 {id : 2}), (n1 {id : 3}) MERGE(n0)-[r :T5{k70 : '9SXj', k66 : false, id : 6, k68 : 'kf', k67 : false, k69 : 'r'}]->(n1);
MATCH (n0 {id : 0}), (n1 {id : 0}) MERGE(n0)-[r :T5{k66 : false, id : 7, k68 : 'I', k67 : false, k69 : 'g'}]->(n1);
MATCH (n0 {id : 2}), (n1 {id : 2}) MERGE(n0)-[r :T4{k62 : -1783199699, k61 : false, k64 : -207025341, k63 : false, id : 8, k65 : -357591450}]->(n1);
MATCH (n0 {id : 0}), (n1 {id : 2}) MERGE(n0)-[r :T4{k62 : -739619763, k61 : true, k64 : 64919885, k63 : true, id : 9, k65 : 1812026142}]->(n1);
MATCH (n0 {id : 3}), (n1 {id : 0}) MERGE(n0)-[r :T5{k70 : '3', k66 : false, id : 10, k68 : 'mBK', k67 : false, k69 : 'Vyz5FPE1'}]->(n1);
CALL{WITH * MERGE (n0 :L1{k22:'U', id:11})-[r2 :T0{id:12}]->( :L1{k19:false, id:13})<-[ :T2{id:14}]-(n4{k23:false, id:15}) WITH NULL AS a0 ORDER BY a0 DESC WHERE ((n0.k10) STARTS WITH (r2.k40)) RETURN 1 AS a1, 1 AS a2} MERGE p0=( :L3{k19:false, id:16})<-[r3 :T5{id:17}]-(n5{id:18})<-[ :T2{id:19}]-({id:20}) DETACH DELETE r3,n5  RETURN DISTINCT 1 AS a3;
CALL { WITH * OPTIONAL MATCH ()-[:TYPE]-() MERGE ( n0 : L1 { k22 : reduce(a='U' ,b IN []|a) , id : 11 } ) - [ r2 : T0 { id : 12 } ] - > ( : L1 { k19 : false , id : 13 } ) < - [ : T2 { id : 14 } ] - ( n4 { k23 : false , id : reduce(a=15 ,b IN []|a) } ) WITH * OPTIONAL MATCH ()-[:TYPE]-() WITH CASE WHEN FALSE THEN NULL ELSE NULL END AS a0 ORDER BY a0 DESC WHERE ( CASE WHEN TRUE THEN ( CASE WHEN FALSE THEN NULL ELSE n0 . k10 END ) STARTS WITH ( r2 . k40 ) END ) OPTIONAL MATCH ()-[:TYPE]-() RETURN CASE WHEN TRUE THEN 1 END AS a1 , 1 AS a2 } OPTIONAL MATCH ()-[:TYPE]-() MERGE p0 = ( : L3 { k19 : false , id : 16 } ) < - [ r3 : T5 { id : 17 } ] - ( n5 { id : reduce(a=18 ,b IN []|a) } ) < - [ : T2 { id : 19 } ] - ( { id : 20 } ) DETACH DELETE r3 , n5 RETURN DISTINCT 1 AS a3 ;
MATCH (a) RETURN a;
MATCH (a) RETURN a;
MATCH (b)-[a]->(c) RETURN a;
MATCH (b)-[a]->(c) RETURN a;
MATCH ( :L0{k2:NULL})-[]-(), (n2)-[ :T5{k66:NULL}]-()-[]->() OPTIONAL MATCH ()-[r0]-(n0)<-[]-() MERGE ({k10:'6', id:21})-[ :T2{k50:'Feb5', id:22}]-(n3 :L3{id:23})<-[ :T5{k69:'nc', id:24}]-({k21:'F', id:25}) RETURN n0 AS a2, n3 AS a3;
MATCH ( : L0 { k2 : NULL } ) - [ ] - ( ) ,( n2 ) - [ : T5 { k66 : CASE WHEN FALSE THEN NULL ELSE NULL END } ] - ( ) - [ ] - > ( ) REMOVE (NULL).NULL WITH * OPTIONAL MATCH ( ) - [ r0 ] - ( n0 ) < - [ ] - ( ) MERGE ( { k10 : '6' , id : 21 } ) - [ : T2 { k50 : ('Feb5' +'') , id : 22 } ] - ( n3 : L3 { id : 23 } ) < - [ : T5 { k69 : 'nc' , id : 24 } ] - ( { k21 : 'F' , id : 25 } ) RETURN n0 AS a2 , n3 AS a3 ;
MATCH (a) RETURN a;
MATCH (a) RETURN a;
MATCH (b)-[a]->(c) RETURN a;
MATCH (b)-[a]->(c) RETURN a;
MERGE ( :L0{k5:true, id:26}) CREATE ({k0:NULL, id:27})-[r0 :T4{id:28}]->(n0{id:29})-[r1 :T5{k66:(CASE WHEN NULL THEN NULL END IS NOT NULL), id:30}]->({k7:reverse(NULL), id:31}), p0=(n1{id:32}) MERGE (n2{id:33})-[r2 :T4{id:34}]->(n3{id:35}) RETURN 1 AS a0;
MERGE ( : L0 { k5 : true , id : 26 } ) CREATE (c0{id:-1}) DELETE (c0) CREATE (m0{ k0 : NULL , id : 27 } )CREATE (m0)- [ r0 : T4 { id : 28 } ] - > ( n0 { id : CASE WHEN FALSE THEN NULL ELSE 29 END } ) - [ r1 : T5 { k66 : reduce(a=( CASE WHEN TRUE THEN CASE WHEN NULL THEN NULL END IS NOT NULL END ) ,b IN []|a) , id : 30 } ] - > ( { k7 : reverse ( NULL ) , id : 31 } ) CREATE p0 = ( n1 { id : 32 } ) MERGE ( n2 { id : 33 } ) - [ r2 : T4 { id : 34 } ] - > ( n3 { id : CASE WHEN TRUE THEN 35 END } ) SET (NULL).FALSE=1 RETURN 1 AS a0 ;
MATCH (a) RETURN a;
MATCH (a) RETURN a;
MATCH (b)-[a]->(c) RETURN a;
MATCH (b)-[a]->(c) RETURN a;
FOREACH(a0 IN NULL|CREATE (n0{k2:false, id:36})-[r0 :T4{id:37}]->(n1{id:38}), ( :L3{k10:NULL, id:39})-[ :T5{k67:NULL, id:40}]->({id:41}) CREATE p0=(n2 :L1{id:42})-[ :T5{id:43}]->( :L3{k20:973788530, id:44})-[ :T5{id:45}]->( :L3 :L0{k23:false, id:46}), (n3{id:47})-[ :T4{id:48}]->(n4 :L0{id:49})-[r1 :T5{k67:('K' CONTAINS 'b'), id:50}]->(n5 :L1{k21:NULL, id:51}) CREATE p1=(n6{id:52})-[ :T4{id:53}]->( :L0{k6:true, id:54})) MERGE ({id:55}) CREATE (n7{k3:NULL, id:56})-[r2 :T2{k50:NULL, id:57}]->( :L1 :L3{k7:substring('wR4DkR2', abs(NULL), abs(-82483588)), id:58})-[r3 :T0{id:59}]->({id:60}) RETURN 1 AS a1, 1 AS a2;
FOREACH ( a0 IN NULL | CREATE (n1{id:38})<-[ r0 : T4 { id : 37 } ] -( n0 { k2 : false , id : 36 } ) CREATE ( : L3 { k10 : NULL , id : 39 } ) - [ : T5 { k67 : NULL , id : 40 } ] - > ( { id : 41 } ) CREATE p0 = ( n2 : L1 { id : 42 } ) - [ : T5 { id : 43 } ] - > ( : L3 { k20 : CASE WHEN TRUE THEN 973788530 END , id : CASE WHEN TRUE THEN 44 END } ) - [ : T5 { id : 45 } ] - > ( : L3 : L0 { k23 : reduce(a=false ,b IN []|a) , id : 46 } ) CREATE ( n3 { id : 47 } ) - [ : T4 { id : 48 } ] - > ( n4 : L0 { id : 49 } ) - [ r1 : T5 { k67 : ( 'K' CONTAINS 'b' ) , id : 50 } ] - > ( n5 : L1 { k21 : CASE WHEN FALSE THEN NULL ELSE NULL END , id : 51 } ) CREATE p1 = ( n6 { id : 52 } ) - [ : T4 { id : CASE WHEN TRUE THEN 53 END } ] - > ( : L0 { k6 : true , id : 54 } ) ) WITH * OPTIONAL MATCH ()-[:TYPE]-() MERGE ( { id : 55 } ) WITH * OPTIONAL MATCH ()-[:TYPE]-() CREATE ( n7 { k3 : reduce(a=NULL ,b IN []|a) , id : 56 } ) - [ r2 : T2 { k50 : NULL , id : 57 } ] - > ( : L1 : L3 { k7 : CASE WHEN FALSE THEN NULL ELSE substring ( CASE WHEN FALSE THEN NULL ELSE 'wR4DkR2' END , abs ( NULL ) , abs ( reduce(a=-82483588 ,b IN []|a) ) ) END , id : 58 } ) - [ r3 : T0 { id : reduce(a=59 ,b IN []|a) } ] - > ( { id : reduce(a=60 ,b IN []|a) } ) WITH * OPTIONAL MATCH ()-[:TYPE]-() RETURN 1 AS a1 , CASE WHEN FALSE THEN NULL ELSE 1 END AS a2 ;
MATCH (a) RETURN a;
MATCH (a) RETURN a;
MATCH (b)-[a]->(c) RETURN a;
MATCH (b)-[a]->(c) RETURN a;
CREATE ( :L3{id:61}), ( :L3{k22:NULL, k3:151675805, id:62})-[r0 :T4{id:63}]->( :L0{id:64})-[r1 :T5{id:65}]->( :L1{k7:(NULL+CASE WHEN NULL THEN 'h' END), id:66}) CREATE (n0 :L0{id:67})<-[r2 :T4{k61:reduce(a=(('9BedIW3UT' ENDS WITH ('r'+'R')) >= NULL),b IN [(NULL >= NULL)]|a), id:68}]-({id:69}) CREATE ( :L1{k10:NULL, k23:(NULL STARTS WITH 'h6f0XmDkc'), id:70}), ({k20:NULL, id:71})<-[r3 :T5{id:72}]-(n1 :L0{id:73}) RETURN 1 AS a0;
CREATE ( : L3 { id : 61 } ) CREATE ( : L3 { k22 : NULL , k3 : 151675805 , id : 62 } ) - [ r0 : T4 { id : 63 } ] - > ( : L0 { id : 64 } ) - [ r1 : T5 { id : 65 } ] - > ( : L1 { k7 : ( NULL + CASE WHEN NULL THEN reduce(a='h' ,b IN []|a) END ) , id : 66 } ) WITH * CREATE ( n0 : L0 { id : 67 } ) < - [ r2 : T4 { k61 : reduce ( a = ( ( '9BedIW3UT' ENDS WITH ( 'r' + 'R' ) ) >= NULL ) , b IN [ ( reduce(a=NULL >= NULL ,b IN []|a) ) ] | a ) , id : 68 } ] - ( { id : 69 } ) WITH * CREATE ( : L1 { k10 : reduce(a=NULL ,b IN []|a) , k23 : ( NULL STARTS WITH 'h6f0XmDkc' ) , id : 70 } ) CREATE ( { k20 : NULL , id : 71 } ) < - [ r3 : T5 { id : 72 } ] - ( n1 : L0 { id : 73 } ) RETURN DISTINCT 1 AS a0 ;
MATCH (a) RETURN a;
MATCH (a) RETURN a;
MATCH (b)-[a]->(c) RETURN a;
MATCH (b)-[a]->(c) RETURN a;
UNWIND NULL AS a0 CREATE ({id:74})<-[ :T5{id:75}]-({id:76}) CREATE ({id:77})-[r0 :T5{k68:NULL, id:78}]->(n0 :L3{id:79}) RETURN 1 AS a1, 1 AS a2 UNION WITH * MERGE (n0 :L0{k22:'AVxwn2Xe', k5:false, id:80})-[r0 :T4{id:81}]->( :L0{id:82}) DETACH DELETE n0,NULL  RETURN 1 AS a1, 1 AS a2;
UNWIND reduce(a=NULL ,b IN []|a) AS a0 CREATE (c0{id:-1}) DELETE (c0) CREATE ( { id : reduce(a=74 ,b IN []|a) } ) < - [ : T5 { id : 75 } ] - ( { id : 76 } ) CREATE (n0 :L3{id:79})<-[ r0 : T5 { k68 : reduce(a=NULL ,b IN []|a) , id : 78 } ] -( { id : 77 } ) WITH * OPTIONAL MATCH ()-[:TYPE]-() RETURN 1 AS a1 , 1 AS a2 UNION WITH * WHERE TRUE MERGE ( n0 : L0 { k22 : 'AVxwn2Xe' , k5 : CASE WHEN TRUE THEN false END , id : reduce(a=80 ,b IN []|a) } ) - [ r0 : T4 { id : reduce(a=81 ,b IN []|a) } ] - > ( : L0 { id : 82 } ) WITH * OPTIONAL MATCH ()-[:TYPE]-() FOREACH(f in [1]|DETACH DELETE CASE WHEN TRUE THEN n0 END , CASE WHEN TRUE THEN NULL END ) DELETE NULL RETURN 1 AS a1 , 1 AS a2 SKIP 1 ;
MATCH (a) RETURN a;
MATCH (a) RETURN a;
MATCH (b)-[a]->(c) RETURN a;
MATCH (b)-[a]->(c) RETURN a;
CREATE (n0{id:83}) CREATE (n1 :L0{id:84})-[ :T4{id:85}]->( :L0{k2:exists(( :L3 :L0)-[]->()-[]-()), id:86})<-[ :T4{k62:NULL, id:87}]-(n2 :L3{k23:NULL, k5:NULL, id:88}) MERGE p0=({id:89}) RETURN 1 AS a0, 1 AS a1;
CREATE ( n0 { id : CASE WHEN FALSE THEN NULL ELSE 83 END } ) CREATE ( n1 : L0 { id : 84 } ) - [ : T4 { id : 85 } ] - > ( : L0 { k2 : exists ( ( : L3 : L0 ) - [ ] - > ( ) - [ ] - ( ) ) , id : 86 } ) < - [ : T4 { k62 : NULL , id : 87 } ] - ( n2 : L3 { k23 : NULL , k5 : NULL , id : CASE WHEN TRUE THEN 88 END } ) MERGE p0 = ( { id : 89 } ) RETURN 1 AS a0 , reduce(a=1 ,b IN []|a) AS a1 ;
MATCH (a) RETURN a;
MATCH (a) RETURN a;
MATCH (b)-[a]->(c) RETURN a;
MATCH (b)-[a]->(c) RETURN a;
WITH * CREATE ( :L0{id:90})<-[r1 :T4{id:91}]-(n4{id:92})<-[r2 :T5{k67:NULL, id:93}]-(n5{id:94}) MERGE p1=(n6{id:95})-[r3 :T0{k38:-556478136, id:96}]-( :L1{k11:'O', id:97}) RETURN 1 AS a1, r3 AS a2;
WITH * CREATE (c0{id:-1}) DELETE (c0) CREATE ( : L0 { id : reduce(a=90 ,b IN []|a) } ) < - [ r1 : T4 { id : reduce(a=91 ,b IN []|a) } ] - ( n4 { id : 92 } ) < - [ r2 : T5 { k67 : NULL , id : reduce(a=93 ,b IN []|a) } ] - ( n5 { id : 94 } ) DELETE NULL MERGE p1 = ( n6 { id : CASE WHEN FALSE THEN NULL ELSE 95 END } ) - [ r3 : T0 { k38 : -556478136 , id : 96 } ] - ( : L1 { k11 : 'O' , id : 97 } ) RETURN 1 AS a1 , reduce(a=r3 ,b IN []|a) AS a2 ;
MATCH (a) RETURN a;
MATCH (a) RETURN a;
MATCH (b)-[a]->(c) RETURN a;
MATCH (b)-[a]->(c) RETURN a;
MERGE (n0{k22:'m', id:98}) MERGE (n1 :L1{id:99}) MERGE ({id:100})<-[r0 :T2{id:101}]-({k25:'VXPBmd', id:102})-[r1 :T5{id:103}]-(n2{k23:false, k3:391134564, id:104}) RETURN (r1.k68) AS a0 SKIP 0;
MERGE ( n0 { k22 : 'm' , id : 98 } ) MERGE ( n1 : L1 { id : CASE WHEN FALSE THEN NULL ELSE 99 END } ) WITH * UNWIND [NULL] as l0 MERGE ( { id : 100 } ) < - [ r0 : T2 { id : 101 } ] - ( { k25 : 'VXPBmd' , id : CASE WHEN FALSE THEN NULL ELSE 102 END } ) - [ r1 : T5 { id : 103 } ] - ( n2 { k23 : false , k3 : CASE WHEN FALSE THEN NULL ELSE 391134564 END , id : 104 } ) RETURN ( r1 . k68 ) AS a0 ORDER BY NULL SKIP 0 ;
MATCH (a) RETURN a;
MATCH (a) RETURN a;
MATCH (b)-[a]->(c) RETURN a;
MATCH (b)-[a]->(c) RETURN a;
FOREACH(a0 IN [(n0)-[r0]-(n1)|NULL]|MERGE (n2 :L0{k6:true, id:105}) CREATE p0=(n3{id:106}), ( :L0{id:107}) CREATE ( :L3{k10:'TARr', id:108}), p1=( :L0{k6:false, id:109})) MERGE p2=({k24:true, id:110})-[r1 :T5{k70:'U', id:111}]-(n4{id:112})-[r2 :T4{id:113}]->({id:114}) CREATE p3=(n5{k25:(r1.k69), id:115})<-[ :T5{id:116}]-(n6 :L1{k20:(-81806484/(r2.k65)), id:117}) RETURN 1 AS a1;
FOREACH ( a0 IN [ ( n0 ) - [ r0 ] - ( n1 ) | NULL ] | MERGE ( n2 : L0 { k6 : CASE WHEN TRUE THEN true END , id : 105 } ) CREATE p0 = ( n3 { id : 106 } ) CREATE ( : L0 { id : 107 } ) CREATE ( : L3 { k10 : 'TARr' , id : reduce(a=108 ,b IN []|a) } ) CREATE p1 = ( : L0 { k6 : false , id : 109 } ) ) WITH * UNWIND [NULL] as l0 MERGE p2 = ( { k24 : true , id : 110 } ) - [ r1 : T5 { k70 : 'U' , id : 111 } ] - ( n4 { id : 112 } ) - [ r2 : T4 { id : 113 } ] - > ( { id : CASE WHEN TRUE THEN 114 END } ) CREATE p3 = ( n5 { k25 : ( r1 . k69 ) , id : 115 } ) < - [ : T5 { id : 116 } ] - ( n6 : L1 { k20 : ( -81806484 / ( r2 . k65 ) ) , id : reduce(a=117 ,b IN []|a) } ) RETURN 1 AS a1 ;
MATCH (a) RETURN a;
MATCH (a) RETURN a;
MATCH (b)-[a]->(c) RETURN a;
MATCH (b)-[a]->(c) RETURN a;
MERGE ( :L3{id:118})-[r0 :T0{k40:'M', id:119}]->(n0{id:120}) MERGE (n1 :L1{id:121}) CREATE ({id:122})-[r1 :T5{id:123}]->(n2{k22:substring((('OZve'+'O5t')+'51iB'), abs((r0.k38)), abs((((r0.k38)+(n1.k8))/116936380))), k4:true, id:124})<-[r2 :T5{id:125}]-(n3 :L3{id:126}), ( :L1{k24:(r0.k39), id:127}) RETURN n1 AS a0 ORDER BY NULL DESC UNION ALL UNWIND NULL AS a0 OPTIONAL MATCH (n0)-[*..2]-(n1) WHERE false CREATE ({k4:true, id:128}), (n2 :L3{id:129})-[r0 :T2{id:130}]->(n3 :L1 :L3{id:131}) RETURN 1 AS a0;
MERGE pp0=( : L3 { id : 118 } ) - [ r0 : T0 { k40 : 'M' , id : 119 } ] - > ( n0 { id : 120 } ) WITH * OPTIONAL MATCH ()-[:TYPE]-() MERGE ( n1 : L1 { id : 121 } ) CREATE ( { id : 122 } ) - [ r1 : T5 { id : 123 } ] - > ( n2 { k22 : CASE WHEN TRUE THEN substring ( ( reduce(a=( (''+'OZve' )+ 'O5t' ) + '51iB' ,b IN []|a) ) , abs ( ( r0 . k38 ) ) , abs ( ( ( ( r0 . k38 ) + ( n1 . k8 ) ) / 116936380 ) ) ) END , k4 : true , id : CASE WHEN TRUE THEN 124 END } ) < - [ r2 : T5 { id : 125 } ] - ( n3 : L3 { id : 126 } ) CREATE ( : L1 { k24 : ( r0 . k39 ) , id : 127 } ) WITH * UNWIND [NULL] as l0 RETURN n1 AS a0 ORDER BY NULL DESC UNION ALL UNWIND reduce(a=NULL ,b IN []|a) AS a0 OPTIONAL MATCH ( n0 ) - [ * .. 2 ] - ( n1 ) WHERE false CREATE ( { k4 : true , id : 128 } ) CREATE (n3 :L1 :L3{id:131})<-[ r0 : T2 { id : 130 } ] -( n2 : L3 { id : 129 } ) RETURN CASE WHEN TRUE THEN 1 END AS a0 ;
MATCH (a) RETURN a;
MATCH (a) RETURN a;
MATCH (b)-[a]->(c) RETURN a;
MATCH (b)-[a]->(c) RETURN a;
CREATE ( :L3{k9:CASE WHEN true THEN NULL END, k19:false, id:132})<-[ :T2{k51:'Q29GDwA0', id:133}]-(n2{k6:true, id:134}) CREATE ( :L3{k24:NULL, id:135})-[r1 :T0{k38:-1647210196, id:136}]->(n3 :L1 :L3{id:137})-[ :T5{id:138}]->(n4{k20:1608488422, k1:reverse(NULL), id:139}) CREATE ({k3:NULL, id:140})<-[ :T4{id:141}]-(n5{k0:true, id:142}) RETURN 1 AS a0, 1 AS a1 LIMIT 1 UNION OPTIONAL MATCH ()-[]->()<-[ :T5{k69:'yXsdXoA'}]-(n0{k5:NULL}) SET n0.k=true MERGE ( :L0{id:143})-[r0 :T5{id:144}]-({k25:'7Ndt6', id:145})-[r1 :T4{id:146}]-({id:147}) RETURN r0 AS a0, 1 AS a1;
CREATE ( : L3 { k9 : CASE WHEN true THEN CASE WHEN FALSE THEN NULL ELSE NULL END END , k19 : false , id : 132 } ) < - [ : T2 { k51 : reduce(a='Q29GDwA0' ,b IN []|a) , id : 133 } ] - ( n2 { k6 : true , id : CASE WHEN TRUE THEN 134 END } ) CREATE (m0: L3 { k24 : NULL , id : 135 } )CREATE (m0)- [ r1 : T0 { k38 : reduce(a=-1647210196 ,b IN []|a) , id : 136 } ] - > ( n3 : L1 : L3 { id : 137 } ) - [ : T5 { id : 138 } ] - > ( n4 { k20 : 1608488422 , k1 : reverse ( NULL ) , id : CASE WHEN FALSE THEN NULL ELSE 139 END } ) WITH * OPTIONAL MATCH ()-[:TYPE]-() CREATE (m1{ k3 : NULL , id : 140 } )CREATE (m1)< - [ : T4 { id : 141 } ] - ( n5 { k0 : true , id : 142 } ) WITH * RETURN 1 AS a0 , reduce(a=1 ,b IN []|a) AS a1 LIMIT 1 UNION OPTIONAL MATCH ( ) - [ ] - > ( ) < - [ : T5 { k69 : ('yXsdXoA' +'') } ] - ( n0 { k5 : NULL } ) WHERE TRUE UNWIND [NULL] as l0 SET n0 . k = true MERGE ( : L0 { id : 143 } ) - [ r0 : T5 { id : 144 } ] - ( { k25 : reduce(a='7Ndt6' ,b IN []|a) , id : 145 } ) - [ r1 : T4 { id : CASE WHEN TRUE THEN 146 END } ] - ( { id : 147 } ) RETURN r0 AS a0 , 1 AS a1 ORDER BY TRUE SKIP 1 ;
MATCH (a) RETURN a;
MATCH (a) RETURN a;
MATCH (b)-[a]->(c) RETURN a;
MATCH (b)-[a]->(c) RETURN a;
MATCH ()-[ :T4{k62:((1291660262+((NULL+NULL)*1155147480))*-119897096)}]-(n0{k2:(NULL >= NULL)}), (n1)-[]-( :L0{k2:NULL})-[r0 :T5{k68:'L'}]->() UNWIND NULL AS a0 CREATE ( :L1{k7:reverse((r0.k69)), k20:NULL, id:148}), ( :L3{id:149})-[r1 :T0{id:150}]->(n2{id:151})<-[r2 :T2{id:152}]-( :L3{id:153}) RETURN n0 AS a1 LIMIT 0;
MATCH ( ) - [ : T4 { k62 : ( ( 1291660262 + ( CASE WHEN FALSE THEN NULL ELSE ( NULL + NULL ) * 1155147480 END ) ) * -119897096 ) } ] - ( n0 { k2 : ( NULL >= NULL ) } ) ,( n1 ) - [ ] - ( : L0 { k2 : reduce(a=NULL ,b IN []|a) } ) - [ r0 : T5 { k68 : CASE WHEN FALSE THEN NULL ELSE 'L' END } ] - > ( ) WITH * SET (NULL).NULL=1 WITH * UNWIND NULL AS a0 WITH * CREATE ( : L1 { k7 : reverse ( ( r0 . k69 ) ) , k20 : reduce(a=NULL ,b IN []|a) , id : 148 } ) CREATE (m0: L3 { id : CASE WHEN TRUE THEN 149 END } )CREATE (m0)- [ r1 : T0 { id : 150 } ] - > ( n2 { id : 151 } ) < - [ r2 : T2 { id : 152 } ] - ( : L3 { id : 153 } ) RETURN n0 AS a1 LIMIT reduce(a=0 ,b IN []|a) ;
