-- Time: 2024/07/05 16:32:48
-- Database: memgraph_database68
-- Database version: composite
-- seed value: 1720168297043
CREATE (n0 :L4{k28 : 2073929923, k27 : 'oz', k29 : 1547576167, id : 0, k24 : '0', k23 : '7e', k26 : true, k25 : 'B'});
CREATE (n0 :L4{k28 : -540432947, k27 : 'PVsRp2J', id : 1, k24 : 'yg', k23 : 'q', k26 : true, k25 : 'Sr5'});
CREATE (n0 :L3:L4{k20 : -1142561562, k22 : true, k21 : '7S3t', k24 : 'G8Q', k23 : 'azUZRL4h', k26 : true, k25 : 'Z', k17 : false, k28 : -2104046696, k27 : '7', k19 : false, k18 : '77hWq0I', k29 : 1672010367, id : 2});
CREATE (n0 :L0:L1{k0 : true, k1 : 'H2c9TUJpG', k2 : false, k3 : -130290225, k4 : 'JLfwY', k5 : 'c7', id : 3, k6 : 'Ae', k10 : false, k7 : 'vHM', k8 : 'oWyDbkDWi', k9 : 'UP'});
MATCH (n0 {id : 2}), (n1 {id : 0}) MERGE(n0)-[r :T4{k55 : 'ulHi', id : 4, k54 : 'q', k57 : 'VjYa', k56 : true, k59 : '7', k58 : true}]->(n1);
MATCH (n0 {id : 2}), (n1 {id : 3}) MERGE(n0)-[r :T3{k50 : 2117661796, k53 : false, k52 : '7', id : 5}]->(n1);
MATCH (n0 {id : 3}), (n1 {id : 3}) MERGE(n0)-[r :T2{k44 : 'y', id : 6, k45 : 'M', k48 : true, k47 : false}]->(n1);
MATCH (n0 {id : 3}), (n1 {id : 2}) MERGE(n0)-[r :T3{k49 : -1788986421, k51 : 'ckLAJJH', k50 : -1708926074, k53 : false, k52 : 'P', id : 7}]->(n1);
MATCH (n0 {id : 1}), (n1 {id : 0}) MERGE(n0)-[r :T4{k55 : 'RuMKHGHoe', id : 8, k54 : 'gULoWkR', k57 : 'F', k56 : false, k59 : '7', k58 : false}]->(n1);
MATCH (n0 {id : 1}), (n1 {id : 0}) MERGE(n0)-[r :T3{k49 : 1914717057, k51 : 'x', k50 : 1852219453, k52 : 'o', id : 9}]->(n1);
MATCH (n0 {id : 1}), (n1 {id : 1}) MERGE(n0)-[r :T4{k55 : 'oZiu', id : 10, k54 : 'e417RB', k57 : 'VjYa', k56 : true, k58 : true}]->(n1);
MATCH (n0)<-[*..2]-(n1) WHERE NULL MERGE (n2{id:11}) SET n0.k=true RETURN n0 AS a0, 1 AS a1;
MATCH ( n0 ) < - [ * .. 2 ] - ( n1 ) WITH * WHERE NULL OPTIONAL MATCH ()-[:TYPE]-() MERGE ( n2 { id : 11 } ) DETACH DELETE NULL SET n0 . k = true RETURN n0 AS a0 , 1 AS a1 ;
MATCH (a) RETURN a;
MATCH (a) RETURN a;
MATCH (b)-[a]->(c) RETURN a;
MATCH (b)-[a]->(c) RETURN a;
MATCH (n0)<-[r0 :T4{k54:reverse(NULL)}]-(n6), p0=(n0)-[r0]-(n7) CREATE p1=({id:12})<-[r2 :T4{id:13}]-(n8 :L4{k19:CASE WHEN (exists(( :L4)-[{k58:true}]-()) OR false) THEN (r0.k58) END, k28:NULL, id:14}), p2=({id:15})<-[ :T4{k54:(r0.k59), id:16}]-(n9 :L3 :L4{id:17})<-[r3 :T3{k53:(r0.k56), id:18}]-(n10{id:19}) SET n6.k=NULL RETURN true AS a0;
MATCH ( n0 ) < - [ r0 : T4 { k54 : reverse ( NULL ) } ] - ( n6 ) ,p0 = (n0)-[*0..0]-( n0 ) - [ r0 ] - ( n7 ) CREATE (m0{ id : 12 } )CREATE (m0)< - [ r2 : T4 { id : CASE WHEN TRUE THEN 13 END } ] - ( n8 : L4 { k19 : CASE WHEN ( exists ( ( : L4 ) - [ { k58 : true } ] - ( ) ) OR false ) THEN CASE WHEN FALSE THEN NULL ELSE ( r0 . k58 ) END END , k28 : NULL , id : 14 } ) CREATE p2 = ( { id : 15 } ) < - [ : T4 { k54 : ( r0 . k59 ) , id : 16 } ] - ( n9 : L3 : L4 { id : 17 } ) < - [ r3 : T3 { k53 : ( r0 . k56 ) , id : 18 } ] - ( n10 { id : 19 } ) WITH * SET n6 . k = NULL RETURN true AS a0 LIMIT 1 ;
MATCH (a) RETURN a;
MATCH (a) RETURN a;
MATCH (b)-[a]->(c) RETURN a;
MATCH (b)-[a]->(c) RETURN a;
CALL{WITH * CREATE p0=(n0{k5:NULL, k7:reverse(NULL), id:20}) CREATE ({k26:true, id:21}), (n1 :L4{id:22})-[r0 :T4{id:23}]->(n2{id:24})<-[ :T4{id:25}]-( :L4{id:26}) RETURN 1 AS a0} OPTIONAL MATCH (n3)-[r1]-()-[]-(n4) DETACH DELETE n4,n3  RETURN 1 AS a1, 1 AS a2 LIMIT 0;
CALL { WITH * CREATE p0 = ( n0 { k5 : NULL , k7 : reverse ( NULL ) , id : 20 } ) CREATE ( { k26 : true , id : 21 } ) CREATE ( n1 : L4 { id : 22 } ) - [ r0 : T4 { id : CASE WHEN FALSE THEN NULL ELSE 23 END } ] - > ( n2 { id : 24 } ) < - [ : T4 { id : 25 } ] - ( : L4 { id : 26 } ) RETURN DISTINCT 1 AS a0 } CREATE (c0{id:-1}) DELETE (c0) WITH * OPTIONAL MATCH ( n3 ) - [ r1 ] - ( ) - [ ] - ( n4 ) OPTIONAL MATCH ()-[:TYPE]-() DETACH DELETE n4 , n3 WITH * RETURN reduce(a=1 ,b IN []|a) AS a1 , 1 AS a2 LIMIT 0 ;
MATCH (a) RETURN a;
MATCH (a) RETURN a;
MATCH (b)-[a]->(c) RETURN a;
MATCH (b)-[a]->(c) RETURN a;
MERGE p0=(n0{id:27})-[r0 :T4{id:28}]->({id:29})-[r1 :T4{id:30}]-(n1 :L4{id:31}) DETACH DELETE n0  SET n1.k='m' RETURN *, (n1.k24) AS a0;
MERGE p0 = ( n0 { id : 27 } ) - [ r0 : T4 { id : 28 } ] - > ( { id : CASE WHEN TRUE THEN 29 END } ) - [ r1 : T4 { id : 30 } ] - ( n1 : L4 { id : 31 } ) DETACH DELETE n0 WITH * UNWIND [NULL] as l0 SET n1 . k = 'm' WITH * RETURN * , ( n1 . k24 ) AS a0 ;
MATCH (a) RETURN a;
MATCH (a) RETURN a;
MATCH (b)-[a]->(c) RETURN a;
MATCH (b)-[a]->(c) RETURN a;
MERGE ( :L4{id:32})-[r0 :T4{id:33}]->(n0{id:34})-[r1 :T3{k52:'MG1hq', id:35}]-( :L4{id:36}) MERGE ( :L4{k19:true, id:37})-[r2 :T3{id:38}]-( :L0 :L1{k8:'A', id:39}) DETACH DELETE r1,n0  RETURN 1 AS a0, -152298865 AS a1;
MERGE ( : L4 { id : 32 } ) - [ r0 : T4 { id : reduce(a=33 ,b IN []|a) } ] - > ( n0 { id : 34 } ) - [ r1 : T3 { k52 : (''+'MG1hq' ), id : 35 } ] - ( : L4 { id : 36 } ) MERGE ( : L4 { k19 : true , id : 37 } ) - [ r2 : T3 { id : 38 } ] - ( : L0 : L1 { k8 : 'A' , id : 39 } ) DETACH DELETE CASE WHEN FALSE THEN NULL ELSE r1 END , n0 WITH * UNWIND [NULL] as l0 RETURN DISTINCT 1 AS a0 , CASE WHEN TRUE THEN -152298865 END AS a1 ;
MATCH (a) RETURN a;
MATCH (a) RETURN a;
MATCH (b)-[a]->(c) RETURN a;
MATCH (b)-[a]->(c) RETURN a;
CALL{WITH * CREATE (n0{id:40}), (n1 :L4{id:41})<-[r0 :T3{k52:NULL, id:42}]-({id:43})<-[ :T3{id:44}]-({id:45}) CREATE ({k26:(NULL <= NULL), id:46})<-[ :T3{id:47}]-({k6:NULL, id:48}) RETURN 1 AS a0} OPTIONAL MATCH ()<-[*..2]-(n2 :L4), (n3)<-[]-(n4)-[*0..1]->(n5) CREATE ( :L0 :L1{id:49})<-[ :T3{k51:NULL, id:50}]-( :L4{id:51})<-[ :T3{id:52}]-({k3:NULL, id:53}) RETURN (n2.k25) AS a1, n3 AS a2 LIMIT 1;
CALL { WITH * UNWIND [1] as l0 CREATE ( n0 { id : 40 } ) CREATE ( n1 : L4 { id : CASE WHEN FALSE THEN NULL ELSE 41 END } ) < - [ r0 : T3 { k52 : NULL , id : 42 } ] - ( { id : 43 } ) < - [ : T3 { id : 44 } ] - ( { id : 45 } ) WITH * CREATE ( { k26 : reduce(a=( reduce(a=NULL <= NULL ,b IN []|a) ) ,b IN []|a) , id : 46 } ) < - [ : T3 { id : reduce(a=47 ,b IN []|a) } ] - ( { k6 : NULL , id : CASE WHEN TRUE THEN 48 END } ) RETURN 1 AS a0 } OPTIONAL MATCH ()-[:TYPE]-() OPTIONAL MATCH ( ) < - [ * .. 2 ] - ( n2 : L4 ) ,( n3 ) < - [ ] - ( n4 ) - [ * 0 .. 1 ] - > ( n5 ) CREATE ( : L0 : L1 { id : 49 } ) < - [ : T3 { k51 : NULL , id : 50 } ] - ( : L4 { id : 51 } ) < - [ : T3 { id : CASE WHEN TRUE THEN 52 END } ] - ( { k3 : NULL , id : 53 } ) WITH * OPTIONAL MATCH ()-[:TYPE]-() RETURN ( n2 . k25 ) AS a1 , n3 AS a2 LIMIT 1 ;
MATCH (a) RETURN a;
MATCH (a) RETURN a;
MATCH (b)-[a]->(c) RETURN a;
MATCH (b)-[a]->(c) RETURN a;
UNWIND NULL AS a0 CREATE ({id:54}) CREATE p0=(n0 :L1{id:55})<-[ :T3{id:56}]-(n1{k26:NULL, id:57})-[ :T4{id:58}]->({id:59}) RETURN 1 AS a1, 1 AS a2;
UNWIND NULL AS a0 WITH * CREATE ( { id : 54 } ) CREATE p0 = ( n0 : L1 { id : CASE WHEN FALSE THEN NULL ELSE 55 END } ) < - [ : T3 { id : 56 } ] - ( n1 { k26 : NULL , id : reduce(a=57 ,b IN []|a) } ) - [ : T4 { id : 58 } ] - > ( { id : 59 } ) SET (NULL).FALSE=1 RETURN 1 AS a1 , 1 AS a2 ORDER BY NULL ;
MATCH (a) RETURN a;
MATCH (a) RETURN a;
MATCH (b)-[a]->(c) RETURN a;
MATCH (b)-[a]->(c) RETURN a;
FOREACH(a0 IN NULL|MERGE ({id:60})-[r0 :T4{id:61}]-(n0{k28:-1410710595, id:62}) MERGE (n1{k3:420742119, k6:'Hc', id:63}) CREATE ({id:64})-[ :T3{id:65}]->(n2{id:66})-[r1 :T4{id:67}]->(n3 :L4{k29:round((2074661146/1269363959)), id:68}), p0=(n4{id:69})-[ :T4{id:70}]->( :L4{k24:type(relationships(NULL)[abs(NULL)]), id:71})<-[ :T3{id:72}]-(n5{id:73})) CREATE ( :L4{k21:NULL, id:74})-[r2 :T3{id:75}]->(n6 :L0{k0:true, id:76}) CREATE ({k20:NULL, k26:false, id:77})-[r3 :T3{id:78}]->( :L0{id:79})-[r4 :T2{id:80}]->({id:81}), (n7 :L1{id:82})-[r5 :T3{id:83}]->( :L3{k24:'b', id:84})-[r6 :T4{k54:'cmn', id:85}]->(n8 :L4{k27:(NULL+NULL), id:86}) RETURN 1 AS a1 ORDER BY a1 UNION UNWIND NULL AS a0 UNWIND [NULL] AS a1 MERGE ( :L4{k27:'uq', id:87})-[r0 :T4{id:88}]-(n0{k18:'rKTbh', id:89})-[r1 :T3{k51:'vM', id:90}]-({id:91}) RETURN 1 AS a1;
FOREACH ( a0 IN NULL | MERGE ( { id : 60 } ) - [ r0 : T4 { id : 61 } ] - ( n0 { k28 : -1410710595 , id : 62 } ) REMOVE (NULL).TRUE MERGE ( n1 { k3 : 420742119 , k6 : CASE WHEN TRUE THEN 'Hc' END , id : reduce(a=63 ,b IN []|a) } ) CREATE (m0{ id : 64 } )CREATE (m0)- [ : T3 { id : reduce(a=65 ,b IN []|a) } ] - > ( n2 { id : 66 } ) - [ r1 : T4 { id : 67 } ] - > ( n3 : L4 { k29 : round ( ( 2074661146 / 1269363959 ) ) , id : 68 } ) CREATE p0 = ( n4 { id : 69 } ) - [ : T4 { id : CASE WHEN FALSE THEN NULL ELSE 70 END } ] - > ( : L4 { k24 : type ( relationships ( NULL ) [ abs ( reduce(a=NULL ,b IN []|a) ) ] ) , id : CASE WHEN FALSE THEN NULL ELSE 71 END } ) < - [ : T3 { id : 72 } ] - ( n5 { id : 73 } ) ) CREATE ( : L4 { k21 : NULL , id : CASE WHEN TRUE THEN 74 END } ) - [ r2 : T3 { id : 75 } ] - > ( n6 : L0 { k0 : true , id : 76 } ) SET (NULL).NULL=1 CREATE (m1{ k20 : NULL , k26 : false , id : 77 } )CREATE (m1)- [ r3 : T3 { id : 78 } ] - > ( : L0 { id : 79 } ) - [ r4 : T2 { id : 80 } ] - > ( { id : 81 } ) CREATE ( n7 : L1 { id : CASE WHEN FALSE THEN NULL ELSE 82 END } ) - [ r5 : T3 { id : CASE WHEN FALSE THEN NULL ELSE 83 END } ] - > ( : L3 { k24 : 'b' , id : 84 } ) - [ r6 : T4 { k54 : reduce(a='cmn' ,b IN []|a) , id : 85 } ] - > ( n8 : L4 { k27 : reduce(a=( NULL + NULL ) ,b IN []|a) , id : 86 } ) WITH * RETURN 1 AS a1 ORDER BY a1 UNION UNWIND NULL AS a0 OPTIONAL MATCH ()-[:TYPE]-() UNWIND CASE WHEN TRUE THEN ([]+[ NULL ] )END AS a1 DELETE NULL MERGE ( : L4 { k27 : (''+'uq' ), id : reduce(a=87 ,b IN []|a) } ) - [ r0 : T4 { id : 88 } ] - ( n0 { k18 : 'rKTbh' , id : 89 } ) - [ r1 : T3 { k51 : 'vM' , id : 90 } ] - ( { id : reduce(a=91 ,b IN []|a) } ) WITH * OPTIONAL MATCH ()-[:TYPE]-() RETURN reduce(a=1 ,b IN []|a) AS a1 ;
MATCH (a) RETURN a;
MATCH (a) RETURN a;
MATCH (b)-[a]->(c) RETURN a;
MATCH (b)-[a]->(c) RETURN a;
FOREACH(a0 IN [NULL, relationships(NULL)[abs(size([]))]]|CREATE (n0{id:92}) MERGE (n1{id:93})-[r0 :T4{k54:'n', id:94}]->(n2{id:95}) MERGE (n3 :L4{id:96})-[ :T4{id:97}]->({id:98})-[r1 :T3{id:99}]-( :L4{k25:'i', id:100})) MERGE ({k24:'r', id:101}) MERGE (n4{id:102})-[ :T4{id:103}]-(n5{id:104})-[ :T3{id:105}]-(n6{id:106}) RETURN 1 AS a1 ORDER BY a1 DESC;
FOREACH ( a0 IN [ NULL , relationships ( NULL ) [ CASE WHEN FALSE THEN NULL ELSE abs ( CASE WHEN TRUE THEN size ( ([]+[ ] )) END ) END ] ] | CREATE ( n0 { id : reduce(a=92 ,b IN []|a) } ) MERGE ( n1 { id : 93 } ) - [ r0 : T4 { k54 : 'n' , id : 94 } ] - > ( n2 { id : CASE WHEN FALSE THEN NULL ELSE 95 END } ) MERGE ( n3 : L4 { id : 96 } ) - [ : T4 { id : 97 } ] - > ( { id : 98 } ) - [ r1 : T3 { id : CASE WHEN TRUE THEN 99 END } ] - ( : L4 { k25 : 'i' , id : 100 } ) SET (NULL).TRUE=1 ) MERGE ( { k24 : 'r' , id : 101 } ) MERGE ( n4 { id : 102 } ) - [ : T4 { id : 103 } ] - ( n5 { id : 104 } ) - [ : T3 { id : 105 } ] - ( n6 { id : 106 } ) RETURN 1 AS a1 ORDER BY a1 DESC ;
MATCH (a) RETURN a;
MATCH (a) RETURN a;
MATCH (b)-[a]->(c) RETURN a;
MATCH (b)-[a]->(c) RETURN a;
OPTIONAL MATCH (n0)-[]-(n1)-[r0]-() SET n0.k=267951317 DETACH DELETE n0,n1  RETURN 1 AS a0, 1 AS a1;
OPTIONAL MATCH ( n0 ) - [ ] - ( n1 ) - [ r0 ] - ( ) CREATE (c0{id:-1}) DELETE (c0) SET n0 . k = reduce(a=267951317 ,b IN []|a) SET (NULL).k=1 DETACH DELETE n0 , n1 RETURN 1 AS a0 , CASE WHEN FALSE THEN NULL ELSE 1 END AS a1 ;
MATCH (a) RETURN a;
MATCH (a) RETURN a;
MATCH (b)-[a]->(c) RETURN a;
MATCH (b)-[a]->(c) RETURN a;
MATCH ()<-[]-(n0{k28:NULL})-[r0 :T4{k56:(NULL CONTAINS NULL)}]->(), () MERGE ({id:107}) CREATE (n1{id:108})<-[r1 :T3{id:109}]-({id:110}) RETURN n0 AS a0;
MATCH ( ) < - [ ] - ( n0 { k28 : NULL } ) - [ r0 : T4 { k56 : ( NULL CONTAINS NULL ) } ] - > ( ) ,( ) WITH * MERGE pp0=( { id : 107 } ) CREATE ( n1 { id : 108 } ) < - [ r1 : T3 { id : CASE WHEN TRUE THEN 109 END } ] - ( { id : 110 } ) WITH * UNWIND [NULL] as l0 RETURN n0 AS a0 ;
MATCH (a) RETURN a;
MATCH (a) RETURN a;
MATCH (b)-[a]->(c) RETURN a;
MATCH (b)-[a]->(c) RETURN a;
UNWIND nodes(NULL) AS a0 CREATE ( :L1{k5:substring(reverse(reverse('e')), abs(-1284469862), abs(-881327264)), k7:NULL, id:111})-[r0 :T3{id:112}]->( :L4{k18:'mGH', id:113}) DETACH DELETE a0  RETURN 1 AS a1, 'Ug' AS a2;
UNWIND nodes ( NULL ) AS a0 CREATE ( : L1 { k5 : substring ( reverse ( reverse ( 'e' ) ) , abs ( -1284469862 ) , abs ( CASE WHEN TRUE THEN -881327264 END ) ) , k7 : NULL , id : 111 } ) - [ r0 : T3 { id : 112 } ] - > ( : L4 { k18 : ('mGH' +'') , id : 113 } ) REMOVE (NULL).NULL FOREACH(f in [1]|DETACH DELETE CASE WHEN FALSE THEN NULL ELSE a0 END ) WITH * UNWIND [NULL] as l0 RETURN 1 AS a1 , CASE WHEN TRUE THEN 'Ug' END AS a2 ;
MATCH (a) RETURN a;
MATCH (a) RETURN a;
MATCH (b)-[a]->(c) RETURN a;
MATCH (b)-[a]->(c) RETURN a;
FOREACH(a0 IN [NULL]|CREATE (n0 :L3 :L4{id:114})-[r0 :T3{id:115}]->( :L1{k1:reverse(NULL), id:116})-[ :T3{id:117}]->({k17:false, id:118}) CREATE p0=(n1 :L1{id:119})-[r1 :T3{id:120}]->(n2 :L3{k21:'b', id:121}) CREATE (n3 :L1{id:122})-[ :T2{id:123}]->( :L0{id:124}), (n4 :L0 :L1{id:125})-[ :T2{id:126}]->( :L1{k9:(('TVa'+'TgF')+'lOH3Pj2A'), id:127})<-[r2 :T3{id:128}]-(n5 :L4{id:129})) CREATE p1=(n6 :L4{id:130}) CREATE (n7 :L4{k27:substring(NULL, abs(NULL), abs(990490019)), id:131}) RETURN 1 AS a1;
FOREACH ( a0 IN [ NULL ] | CREATE ( n0 : L3 : L4 { id : 114 } ) - [ r0 : T3 { id : 115 } ] - > ( : L1 { k1 : reverse ( reduce(a=NULL ,b IN []|a) ) , id : CASE WHEN FALSE THEN NULL ELSE 116 END } ) - [ : T3 { id : 117 } ] - > ( { k17 : false , id : 118 } ) CREATE p0 = ( n1 : L1 { id : 119 } ) - [ r1 : T3 { id : 120 } ] - > ( n2 : L3 { k21 : 'b' , id : CASE WHEN TRUE THEN 121 END } ) CREATE (n3: L1 { id : 122 } )CREATE (n3)- [ : T2 { id : 123 } ] - > ( : L0 { id : 124 } ) CREATE ( n4 : L0 : L1 { id : 125 } ) - [ : T2 { id : CASE WHEN FALSE THEN NULL ELSE 126 END } ] - > ( : L1 { k9 : ( reduce(a=( ('TVa' +'') + 'TgF' ) + (''+'lOH3Pj2A' ),b IN []|a) ) , id : 127 } ) < - [ r2 : T3 { id : 128 } ] - ( n5 : L4 { id : 129 } ) ) WITH * OPTIONAL MATCH ()-[:TYPE]-() CREATE p1 = ( n6 : L4 { id : reduce(a=130 ,b IN []|a) } ) WITH * CREATE ( n7 : L4 { k27 : substring ( NULL , reduce(a=abs ( CASE WHEN FALSE THEN NULL ELSE NULL END ) ,b IN []|a) , abs ( 990490019 ) ) , id : 131 } ) RETURN CASE WHEN FALSE THEN NULL ELSE 1 END AS a1 ;
MATCH (a) RETURN a;
MATCH (a) RETURN a;
MATCH (b)-[a]->(c) RETURN a;
MATCH (b)-[a]->(c) RETURN a;
MERGE p0=( :L4{id:132}) MERGE (n0 :L4{k29:358222676, id:133})-[r0 :T4{k54:reverse('X03oPFx6'), id:134}]-( :L4{k27:'TBeOisJ', id:135})<-[ :T4{k56:false, id:136}]-( :L3{k29:1653282765, id:137}) SET n0.k=('HBlR' CONTAINS 'K') RETURN (n0.k25) AS a0, 1 AS a1;
MERGE p0 = ( : L4 { id : CASE WHEN TRUE THEN 132 END } ) REMOVE (NULL).NULL MERGE ( n0 : L4 { k29 : 358222676 , id : 133 } ) - [ r0 : T4 { k54 : reverse ( CASE WHEN TRUE THEN 'X03oPFx6' END ) , id : 134 } ] - ( : L4 { k27 : 'TBeOisJ' , id : 135 } ) < - [ : T4 { k56 : reduce(a=false ,b IN []|a) , id : reduce(a=136 ,b IN []|a) } ] - ( : L3 { k29 : 1653282765 , id : reduce(a=137 ,b IN []|a) } ) SET n0 . k = ( ('HBlR' +'') CONTAINS 'K' ) WITH * OPTIONAL MATCH ()-[:TYPE]-() RETURN ( n0 . k25 ) AS a0 , 1 AS a1 ;
MATCH (a) RETURN a;
MATCH (a) RETURN a;
MATCH (b)-[a]->(c) RETURN a;
MATCH (b)-[a]->(c) RETURN a;
WITH DISTINCT * MERGE (n0 :L4{k25:'dETBfC0X', id:138})-[r0 :T3{id:139}]-( :L4{k23:'2U', id:140}) MERGE (n1 :L4{k22:true, k29:2043392257, id:141}) RETURN (n1.k25) AS a0 SKIP 0;
WITH DISTINCT * MERGE ( n0 : L4 { k25 : (''+'dETBfC0X' ), id : 138 } ) - [ r0 : T3 { id : 139 } ] - ( : L4 { k23 : (''+'2U' ), id : 140 } ) MERGE ( n1 : L4 { k22 : true , k29 : 2043392257 , id : CASE WHEN FALSE THEN NULL ELSE 141 END } ) DETACH DELETE NULL RETURN ( CASE WHEN TRUE THEN n1 . k25 END ) AS a0 SKIP reduce(a=0 ,b IN []|a) ;
MATCH (a) RETURN a;
MATCH (a) RETURN a;
MATCH (b)-[a]->(c) RETURN a;
MATCH (b)-[a]->(c) RETURN a;
OPTIONAL MATCH (n0)-[r0]-(n1), (n2 :L4)<-[]-()-[r1 :T4{k56:CASE WHEN true THEN false END}]-() UNWIND [[{k1: NULL, k2: []}], nodes(CASE WHEN false THEN NULL END)] AS a0 CREATE (n3{id:142}) RETURN n0 AS a1;
OPTIONAL MATCH ( n0 ) - [ r0 ] - ( n1 ) ,( n2 : L4 ) < - [ ] - ( ) - [ r1 : T4 { k56 : CASE WHEN true THEN false END } ] - ( ) OPTIONAL MATCH ()-[:TYPE]-() UNWIND [ ([ { k1 : NULL , k2 : reduce(a=[ ] ,b IN []|a) } ] +[]) , nodes ( CASE WHEN reduce(a=false ,b IN []|a) THEN NULL END ) ] AS a0 WITH * CREATE ( n3 { id : 142 } ) CREATE (c0{id:-1}) DELETE (c0) RETURN n0 AS a1 ;
MATCH (a) RETURN a;
MATCH (a) RETURN a;
MATCH (b)-[a]->(c) RETURN a;
MATCH (b)-[a]->(c) RETURN a;
CREATE p0=(n0 :L3 :L4{id:143})-[ :T3{k53:NULL, id:144}]->(n1 :L0 :L1{id:145}), (n2 :L4{id:146}) CREATE ({id:147}), p1=(n3 :L1{k8:reverse('T'), id:148}) MERGE (n4{k26:true, id:149})-[r0 :T4{k59:'JceDQ', id:150}]-(n5{k25:'L', id:151}) RETURN 1 AS a0, 1 AS a1;
CREATE p0 = ( n0 : L3 : L4 { id : 143 } ) - [ : T3 { k53 : CASE WHEN FALSE THEN NULL ELSE NULL END , id : 144 } ] - > ( n1 : L0 : L1 { id : 145 } ) CREATE ( n2 : L4 { id : 146 } ) WITH * UNWIND [NULL] as l0 CREATE ( { id : 147 } ) CREATE p1 = ( n3 : L1 { k8 : reduce(a=reverse ( 'T' ) ,b IN []|a) , id : 148 } ) SET (NULL).NULL=1 MERGE ( n4 { k26 : true , id : 149 } ) - [ r0 : T4 { k59 : 'JceDQ' , id : reduce(a=150 ,b IN []|a) } ] - ( n5 { k25 : 'L' , id : 151 } ) WITH * RETURN 1 AS a0 , 1 AS a1 ORDER BY 1 ;
MATCH (a) RETURN a;
MATCH (a) RETURN a;
MATCH (b)-[a]->(c) RETURN a;
MATCH (b)-[a]->(c) RETURN a;
CALL{WITH * FOREACH(a0 IN NULL|CREATE (n0{id:152}), (n1 :L4{id:153})-[ :T4{id:154}]->( :L4{id:155}) CREATE p0=( :L1{k7:'2EYt', id:156}), p1=(n2 :L4{k22:true, id:157}) CREATE p2=({id:158})-[ :T3{id:159}]->(n3{k8:reverse('5t'), id:160})) WITH 'qOTbGZZ' AS a1 WHERE NULL RETURN 1 AS a2, 1 AS a3} UNWIND [startNode(NULL)] AS a4 CREATE ( :L3{k20:a2, k25:'R', id:161}), ( :L1{k4:substring(NULL, abs(a3), abs(-135975974)), k10:NULL, id:162}) RETURN 1 AS a5;
CALL { WITH * FOREACH ( a0 IN NULL | CREATE ( n0 { id : CASE WHEN TRUE THEN 152 END } ) CREATE ( n1 : L4 { id : 153 } ) - [ : T4 { id : 154 } ] - > ( : L4 { id : CASE WHEN FALSE THEN NULL ELSE 155 END } ) CREATE p0 = ( : L1 { k7 : reduce(a='2EYt' ,b IN []|a) , id : 156 } ) CREATE p1 = ( n2 : L4 { k22 : true , id : 157 } ) CREATE p2 = ( { id : 158 } ) - [ : T3 { id : 159 } ] - > ( n3 { k8 : CASE WHEN FALSE THEN NULL ELSE reverse ( CASE WHEN TRUE THEN '5t' END ) END , id : 160 } ) ) WITH * UNWIND [NULL] as l0 WITH 'qOTbGZZ' AS a1 WHERE NULL OPTIONAL MATCH ()-[:TYPE]-() RETURN CASE WHEN FALSE THEN NULL ELSE 1 END AS a2 , 1 AS a3 } UNWIND ([ reduce(a=startNode ( NULL ) ,b IN []|a) ] +[]) AS a4 CREATE ( : L3 { k20 : a2 , k25 : reduce(a='R' ,b IN []|a) , id : 161 } ) CREATE ( : L1 { k4 : substring ( CASE WHEN FALSE THEN NULL ELSE NULL END , abs ( a3 ) , abs ( -135975974 ) ) , k10 : NULL , id : 162 } ) RETURN 1 AS a5 SKIP 1 ;
MATCH (a) RETURN a;
MATCH (a) RETURN a;
MATCH (b)-[a]->(c) RETURN a;
MATCH (b)-[a]->(c) RETURN a;
UNWIND NULL AS a0 OPTIONAL MATCH p0=(n0 :L4)-[]->(n1)<-[ :T4{k57:(n0.k23)}]-(n2), () SET n2.k=substring(NULL, abs((n0.k29)), abs(511150373)) RETURN 608030551 AS a1, a0 AS a2;
UNWIND NULL AS a0 DETACH DELETE NULL WITH * OPTIONAL MATCH p0 = ( n0 : L4 ) - [ ] - > ( n1 ) < - [ : T4 { k57 : ( n0 . k23 ) } ] - ( n2 ) ,( ) CREATE (c0{id:-1}) DELETE (c0) SET n2 . k = substring ( NULL , abs ( ( n0 . k29 ) ) , CASE WHEN FALSE THEN NULL ELSE abs ( 511150373 ) END ) RETURN 608030551 AS a1 , a0 AS a2 SKIP 1 ;
MATCH (a) RETURN a;
MATCH (a) RETURN a;
MATCH (b)-[a]->(c) RETURN a;
MATCH (b)-[a]->(c) RETURN a;
WITH reduce(a=NULL,b IN [NULL]|a) AS a0 ORDER BY nodes(NULL) LIMIT 0 DETACH DELETE a0,a0  CREATE ({k25:NULL, id:163})-[ :T4{id:164}]->(n0{id:165})<-[ :T4{id:166}]-(n1{id:167}) RETURN 1 AS a1 SKIP 0;
WITH reduce ( a = NULL , b IN [ NULL ] | a ) AS a0 ORDER BY nodes ( NULL ) LIMIT 0 UNWIND [NULL] as l0 FOREACH(f in [1]|DETACH DELETE a0 , a0 ) CREATE ( { k25 : NULL , id : 163 } ) - [ : T4 { id : 164 } ] - > ( n0 { id : CASE WHEN TRUE THEN 165 END } ) < - [ : T4 { id : 166 } ] - ( n1 { id : reduce(a=167 ,b IN []|a) } ) REMOVE (NULL).k RETURN 1 AS a1 SKIP 0 ;
MATCH (a) RETURN a;
MATCH (a) RETURN a;
MATCH (b)-[a]->(c) RETURN a;
MATCH (b)-[a]->(c) RETURN a;
MATCH (n0{k0:(reverse(NULL) ENDS WITH (reduce(a='EoWoiizZ',b IN ['bGV', 'P']|a)+'7'))})-[r0]-(n1 :L1)<-[r1]-(n2 :L4), (n3) UNWIND NULL AS a0 SET n2.k='QieXZD' RETURN DISTINCT (n2.k23) AS a1, (n2.k23) AS a2;
MATCH (n0)-[*0..0]-( n0 { k0 : ( reverse ( NULL ) ENDS WITH ( reduce ( a = 'EoWoiizZ' , b IN [ ('bGV' +'') , reduce(a='P' ,b IN []|a) ] | reduce(a=a ,b IN []|a) ) + '7' ) ) } ) - [ r0 ] - ( n1 : L1 ) < - [ r1 ] - ( n2 : L4 ) ,( n3 ) WITH * CREATE (c0{id:-1}) DELETE (c0) WITH * UNWIND NULL AS a0 WITH * SET n2 . k = reduce(a='QieXZD' ,b IN []|a) DETACH DELETE NULL RETURN DISTINCT reduce(a=( n2 . k23 ) ,b IN []|a) AS a1 , ( CASE WHEN TRUE THEN n2 . k23 END ) AS a2 ;
MATCH (a) RETURN a;
MATCH (a) RETURN a;
MATCH (b)-[a]->(c) RETURN a;
MATCH (b)-[a]->(c) RETURN a;
CREATE ( :L4{id:170})-[r2 :T3{k51:substring('5MOxnggfH', abs(NULL), abs((-743751255+-117612167))), id:171}]->(n6 :L0{k7:reverse(NULL), id:172})-[ :T2{k44:NULL, id:173}]->( :L1{k8:NULL, id:174}), (n7 :L3{id:175})-[r3 :T3{id:176}]->({id:177}) CREATE ( :L4{id:178}) MERGE p0=(n8 :L4{k22:false, k26:false, id:179})-[r4 :T3{id:180}]-(n9 :L1{id:181})-[r5 :T3{id:182}]->( :L3{k22:('v' <> 's2M'), id:183}) RETURN 1 AS a4, 1 AS a5;
CREATE ( : L4 { id : reduce(a=170 ,b IN []|a) } ) - [ r2 : T3 { k51 : substring ( '5MOxnggfH' , abs ( NULL ) , reduce(a=abs ( ( -743751255 + -117612167 ) ) ,b IN []|a) ) , id : CASE WHEN FALSE THEN NULL ELSE 171 END } ] - > ( n6 : L0 { k7 : reverse ( NULL ) , id : 172 } ) - [ : T2 { k44 : NULL , id : reduce(a=173 ,b IN []|a) } ] - > ( : L1 { k8 : CASE WHEN TRUE THEN NULL END , id : 174 } ) CREATE ({id:177})<-[ r3 : T3 { id : 176 } ] -( n7 : L3 { id : 175 } ) CREATE (c0{id:-1}) DELETE (c0) CREATE ( : L4 { id : 178 } ) WITH * OPTIONAL MATCH ()-[:TYPE]-() MERGE p0 = ( n8 : L4 { k22 : false , k26 : false , id : reduce(a=179 ,b IN []|a) } ) - [ r4 : T3 { id : 180 } ] - ( n9 : L1 { id : 181 } ) - [ r5 : T3 { id : 182 } ] - > ( : L3 { k22 : ( 'v' <> 's2M' ) , id : reduce(a=183 ,b IN []|a) } ) RETURN 1 AS a4 , CASE WHEN FALSE THEN NULL ELSE 1 END AS a5 ORDER BY FALSE ;
MATCH (a) RETURN a;
MATCH (a) RETURN a;
MATCH (b)-[a]->(c) RETURN a;
MATCH (b)-[a]->(c) RETURN a;
OPTIONAL MATCH (n0 :L3)-[r0]->(n1 :L4) SET n1.k=(n0.k22) CREATE (n2 :L3{k24:(n1.k23), id:184})-[r1 :T4{k57:'er', id:185}]->(n3{id:186})<-[r2 :T4{id:187}]-(n4 :L4{id:188}) RETURN (n1.k29) AS a0, round((n1.k28)) AS a1;
OPTIONAL MATCH ( n0 : L3 ) - [ r0 ] - > ( n1 : L4 ) CREATE (c0{id:-1}) DELETE (c0) FOREACH(f in [1]|SET n1 . k = ( n0 . k22 ) ) CREATE (c1{id:-1}) DELETE (c1) CREATE (n4 :L4{id:188})-[ r2 : T4 { id : 187 } ] ->(n3{id:186})<-[ r1 : T4 { k57 : 'er' , id : 185 } ] -( n2 : L3 { k24 : ( n1 . k23 ) , id : 184 } ) CREATE (c2{id:-1}) DELETE (c2) RETURN ( n1 . k29 ) AS a0 , reduce(a=round ( ( CASE WHEN TRUE THEN n1 . k28 END ) ) ,b IN []|a) AS a1 ORDER BY 1 ;
MATCH (a) RETURN a;
MATCH (a) RETURN a;
MATCH (b)-[a]->(c) RETURN a;
MATCH (b)-[a]->(c) RETURN a;
OPTIONAL MATCH (n0) WHERE true OPTIONAL MATCH ()-[ :T3{k50:NULL}]-(n1) WHERE true MERGE ({id:189})-[r0 :T3{id:190}]-({k10:true, id:191}) RETURN DISTINCT *;
OPTIONAL MATCH (n0) WHERE true OPTIONAL MATCH (nn0),()<-[m1:T3{k50:NULL}]-(),(n1) WHERE exists((nn0)-[m1]-(n1)) AND (true )MERGE ( { id : 189 } ) - [ r0 : T3 { id : 190 } ] - ( { k10 : true , id : 191 } ) RETURN DISTINCT * SKIP 1 ;
