-- Time: 2024/07/05 16:32:01
-- Database: memgraph_database20
-- Database version: composite
-- seed value: 1720168296995
CREATE (n0 :L3:L2{k20 : true, k22 : false, k21 : 'N', k24 : 288433278, k13 : 'ph', k23 : 'TfeSM95c', k12 : 'FoMY', k15 : true, k14 : 734355245, k17 : false, k16 : -951310050, k19 : 735415917, k18 : '3aYE', id : 0});
CREATE (n0 :L3:L0{k0 : 1705175732, k1 : false, k2 : -1200746835, k20 : false, k3 : -22952794, k4 : '5', k22 : true, k21 : 'EBer8AI', k6 : false, k24 : -1086281577, k23 : 'H', k19 : 1889854435, k18 : 'HvN6xd69', id : 1});
CREATE (n0 :L2:L4{k17 : true, k28 : true, k16 : -2062476969, k27 : 1871246469, k29 : 1406855547, id : 2, k13 : 'dZ8WtJJ', k12 : 'FoMY', k15 : true, k26 : false, k14 : 876374447, k25 : true});
CREATE (n0 :L3:L2{k17 : true, k16 : 739620045, k19 : 1969663123, k18 : 'Qg', k22 : true, id : 3, k21 : 'B', k24 : -1979519780, k23 : '7', k12 : 'FoMY', k15 : true, k14 : 1121909033});
MATCH (n0 {id : 2}), (n1 {id : 3}) MERGE(n0)-[r :T2{k49 : 'E', k44 : false, id : 4, k43 : 'd', k46 : true, k45 : false, k48 : 1298248663, k47 : true}]->(n1);
MATCH (n0 {id : 2}), (n1 {id : 1}) MERGE(n0)-[r :T1{k39 : false, k38 : 1000212476, k40 : true, k41 : 'G', id : 5, k37 : 'HbN', k36 : true}]->(n1);
MATCH (n0 {id : 0}), (n1 {id : 3}) MERGE(n0)-[r :T0{k31 : 674357032, k30 : -1171305326, k33 : 'x', id : 6, k32 : -708352621}]->(n1);
MATCH (n0 {id : 1}), (n1 {id : 0}) MERGE(n0)-[r :T3{k51 : '9', k50 : 'cPrvq9', k53 : 'u', k52 : 'upP6p2', id : 7, k56 : false}]->(n1);
MATCH (n0 {id : 1}), (n1 {id : 0}) MERGE(n0)-[r :T2{k49 : 'I', k44 : true, id : 8, k43 : 'TurE', k45 : true, k48 : -2113258506, k47 : false}]->(n1);
OPTIONAL MATCH (n0), () UNWIND NULL AS a0 MERGE ( :L3{k22:('qkJN5oN0g' > 'W'), k13:'Y', id:9}) RETURN (540342406/-2055342873) AS a1, 1 AS a2 UNION CALL{WITH * FOREACH(a2 IN [NULL, NULL]|CREATE ( :L2{id:10})<-[r0 :T2{id:11}]-( :L3 :L0{id:12})<-[ :T1{k38:NULL, id:13}]-(n4 :L4{k13:CASE WHEN NULL THEN NULL END, k28:NULL, id:14}) MERGE ( :L2{k17:true, id:15})-[r1 :T0{id:16}]->(n5{id:17})-[r2 :T2{id:18}]-({k12:'jd1ma5XX', id:19}) MERGE ({id:20})-[ :T0{k32:round(size([{}, {}])), id:21}]-( :L3{k24:1653021677, id:22})) WITH NULL AS a3 RETURN a3 AS a4} MERGE ( :L3{id:23})<-[ :T0{id:24}]-(n6 :L3{id:25})-[ :T2{id:26}]-({k18:'Br', id:27}) DETACH DELETE n6,NULL  RETURN 1 AS a1, 1 AS a2;
OPTIONAL MATCH ( n0 ) ,( ) CREATE (c0{id:-1}) DELETE (c0) WITH * UNWIND NULL AS a0 MERGE ( : L3 { k22 : ( (''+'qkJN5oN0g' )> 'W' ) , k13 : 'Y' , id : 9 } ) RETURN reduce(a=( 540342406 / -2055342873 ) ,b IN []|a) AS a1 , 1 AS a2 UNION CALL { WITH * FOREACH ( a2 IN [ NULL , NULL ] | CREATE (n4 :L4{k13:CASE WHEN NULL THEN NULL END, k28:NULL, id:14})-[ : T1 { k38 : NULL , id : 13 } ] ->( :L3 :L0{id:12})-[ r0 : T2 { id : reduce(a=11 ,b IN []|a) } ] ->( : L2 { id : 10 } ) MERGE ( : L2 { k17 : true , id : 15 } ) - [ r1 : T0 { id : 16 } ] - > ( n5 { id : 17 } ) - [ r2 : T2 { id : 18 } ] - ( { k12 : ('jd1ma5XX' +'') , id : reduce(a=19 ,b IN []|a) } ) MERGE ( { id : 20 } ) - [ : T0 { k32 : round ( size ( ([ CASE WHEN FALSE THEN NULL ELSE { } END , { } ] +[]) ) ) , id : 21 } ] - ( : L3 { k24 : 1653021677 , id : CASE WHEN TRUE THEN 22 END } ) ) WITH * WITH NULL AS a3 SET (NULL).k=1 RETURN a3 AS a4 SKIP 1 } WITH * MERGE ( : L3 { id : 23 } ) < - [ : T0 { id : 24 } ] - ( n6 : L3 { id : 25 } ) - [ : T2 { id : 26 } ] - ( { k18 : CASE WHEN FALSE THEN NULL ELSE (''+'Br' )END , id : 27 } ) DETACH DELETE reduce(a=n6 ,b IN []|a) , NULL DETACH DELETE (NULL) RETURN 1 AS a1 , 1 AS a2 ;
MATCH (a) RETURN a;
MATCH (a) RETURN a;
MATCH (b)-[a]->(c) RETURN a;
MATCH (b)-[a]->(c) RETURN a;
CALL{WITH * MERGE ( :L3{k24:round(327070962), k4:'MNYCum', id:28}) CREATE ( :L2 :L4{k25:exists(()-[ :T2]-( :L2{k12:(reverse(CASE WHEN false THEN 'U' END)+NULL)})<-[]-( :L3)), id:29})-[ :T1{id:30}]->(n2{k4:reverse('X'), id:31})-[r1 :T2{k45:NULL, id:32}]->({k23:reverse(substring('1vnc', abs(1839797159), abs(((-259044541/2090779695)--1186498365)))), k17:NULL, id:33}) RETURN 1 AS a0, 1 AS a1} CREATE p0=(n3 :L2 :L4{id:34}), (n4 :L2{k19:CASE WHEN NULL THEN size(NULL) END, id:35})<-[r2 :T0{k34:NULL, id:36}]-( :L3{k16:-1329737013, id:37}) MERGE (n5 :L3{k22:false, id:38})-[ :T3{id:39}]-(n6 :L3{k1:true, id:40}) RETURN *;
CALL { WITH * UNWIND [NULL] as l0 MERGE ( : L3 { k24 : reduce(a=round ( 327070962 ) ,b IN []|a) , k4 : 'MNYCum' , id : 28 } ) WITH * OPTIONAL MATCH ()-[:TYPE]-() CREATE (m0: L2 : L4 { k25 : exists ( ( ) - [ : T2 ] - ( : L2 { k12 : ( reverse ( CASE WHEN false THEN 'U' END ) + NULL ) } ) < - [ ] - ( : L3 ) ) , id : 29 } )CREATE (m0)- [ : T1 { id : CASE WHEN TRUE THEN 30 END } ] - > ( n2 { k4 : reverse ( CASE WHEN FALSE THEN NULL ELSE 'X' END ) , id : 31 } ) - [ r1 : T2 { k45 : reduce(a=NULL ,b IN []|a) , id : 32 } ] - > ( { k23 : reverse ( substring ( ('1vnc' +'') , abs ( 1839797159 ) , abs ( reduce(a=( ( reduce(a=-259044541 / 2090779695 ,b IN []|a) ) - -1186498365 ) ,b IN []|a) ) ) ) , k17 : NULL , id : 33 } ) RETURN 1 AS a0 , 1 AS a1 ORDER BY FALSE } CREATE p0 = ( n3 : L2 : L4 { id : 34 } ) CREATE ( :L3{k16:-1329737013, id:37})-[ r2 : T0 { k34 : NULL , id : 36 } ] ->( n4 : L2 { k19 : CASE WHEN NULL THEN size ( NULL ) END , id : 35 } ) DELETE NULL MERGE ( n5 : L3 { k22 : false , id : 38 } ) - [ : T3 { id : 39 } ] - ( n6 : L3 { k1 : true , id : 40 } ) WITH * RETURN * ;
MATCH (a) RETURN a;
MATCH (a) RETURN a;
MATCH (b)-[a]->(c) RETURN a;
MATCH (b)-[a]->(c) RETURN a;
MERGE (n0{id:41}) CREATE p0=( :L3 :L0{k6:NULL, id:42})-[r0 :T2{id:43}]->(n1 :L2{id:44}), p1=(n2 :L3{k18:NULL, id:45})-[ :T2{k43:'fzwh4tDV', id:46}]->({k21:NULL, id:47})-[ :T0{k34:(true OR (NULL <= -40037809)), id:48}]->({k21:'l', id:49}) MERGE (n3{id:50})-[r1 :T2{id:51}]->({id:52}) RETURN 1 AS a0;
MERGE ( n0 { id : 41 } ) CREATE p0=(n1 :L2{id:44})<-[ r0 : T2 { id : 43 } ] -( : L3 : L0 { k6 : CASE WHEN FALSE THEN NULL ELSE NULL END , id : 42 } ) CREATE p1 = ( n2 : L3 { k18 : NULL , id : CASE WHEN TRUE THEN 45 END } ) - [ : T2 { k43 : 'fzwh4tDV' , id : 46 } ] - > ( { k21 : NULL , id : 47 } ) - [ : T0 { k34 : ( true OR ( NULL <= -40037809 ) ) , id : CASE WHEN FALSE THEN NULL ELSE 48 END } ] - > ( { k21 : 'l' , id : 49 } ) DETACH DELETE (NULL) MERGE ( n3 { id : 50 } ) - [ r1 : T2 { id : 51 } ] - > ( { id : 52 } ) RETURN CASE WHEN TRUE THEN 1 END AS a0 ;
MATCH (a) RETURN a;
MATCH (a) RETURN a;
MATCH (b)-[a]->(c) RETURN a;
MATCH (b)-[a]->(c) RETURN a;
CREATE (n0{k16:1903054366, k25:false, id:53})-[r0 :T1{id:54}]->(n1{k22:('95o' ENDS WITH (('4xZ'+('EkaV'+'O'))+NULL)), k0:NULL, id:55}), (n2 :L3 :L0{id:56}) CREATE ( :L3{id:57}), p0=(n3{k23:NULL, id:58})<-[ :T0{k33:'o', id:59}]-( :L2{id:60}) MERGE ({k21:'i', k5:295240619, id:61})-[r1 :T3{id:62}]-(n4{k15:false, id:63})-[r2 :T0{id:64}]->( :L3{k13:'qJoLB', id:65}) RETURN 1 AS a0 SKIP 0;
CREATE ( n0 { k16 : 1903054366 , k25 : reduce(a=false ,b IN []|a) , id : 53 } ) - [ r0 : T1 { id : 54 } ] - > ( n1 { k22 : ( '95o' ENDS WITH ( reduce(a=( '4xZ' + ( CASE WHEN FALSE THEN NULL ELSE 'EkaV' + 'O' END ) ) + NULL ,b IN []|a) ) ) , k0 : NULL , id : 55 } ) CREATE ( n2 : L3 : L0 { id : reduce(a=56 ,b IN []|a) } ) SET (NULL).NULL=1 CREATE ( : L3 { id : 57 } ) CREATE p0 = ( n3 { k23 : NULL , id : 58 } ) < - [ : T0 { k33 : 'o' , id : 59 } ] - ( : L2 { id : 60 } ) WITH * OPTIONAL MATCH ()-[:TYPE]-() MERGE ( { k21 : 'i' , k5 : 295240619 , id : reduce(a=61 ,b IN []|a) } ) - [ r1 : T3 { id : 62 } ] - ( n4 { k15 : false , id : 63 } ) - [ r2 : T0 { id : 64 } ] - > ( : L3 { k13 : 'qJoLB' , id : CASE WHEN FALSE THEN NULL ELSE 65 END } ) WITH * RETURN 1 AS a0 SKIP 0 ;
MATCH (a) RETURN a;
MATCH (a) RETURN a;
MATCH (b)-[a]->(c) RETURN a;
MATCH (b)-[a]->(c) RETURN a;
CREATE (n9{k21:'TEs80', id:82})<-[ :T3{id:83}]-(n10 :L0{id:84})-[r3 :T2{id:85}]->({k19:NULL, k14:NULL, id:86}) MERGE p0=( :L3{k2:-134215331, id:87}) CREATE (n11{id:88}) RETURN *;
CREATE ( n9 { k21 : 'TEs80' , id : 82 } ) < - [ : T3 { id : CASE WHEN TRUE THEN 83 END } ] - ( n10 : L0 { id : 84 } ) - [ r3 : T2 { id : 85 } ] - > ( { k19 : NULL , k14 : NULL , id : 86 } ) WITH * UNWIND [NULL] as l0 MERGE p0 = ( : L3 { k2 : -134215331 , id : 87 } ) CREATE ( n11 { id : 88 } ) RETURN * ;
MATCH (a) RETURN a;
MATCH (a) RETURN a;
MATCH (b)-[a]->(c) RETURN a;
MATCH (b)-[a]->(c) RETURN a;
CALL{WITH * MATCH ()-[]-( :L2)-[r1]-(n1), () WHERE NULL REMOVE n1.k2 RETURN 1 AS a1, 1 AS a2} CREATE ( :L3{k19:a2, k3:a1, id:89}) CREATE (n2 :L0{id:90}) RETURN 1 AS a3, 1 AS a4 UNION ALL MATCH ()-[ :T1{k38:NULL}]->()-[r0]-(n0) DETACH DELETE n0  CREATE (n1 :L2{k17:NULL, id:91})<-[ :T2{id:92}]-({k20:NULL, id:93}) RETURN 1 AS a3, 1 AS a4;
CALL { WITH * MATCH ( ) - [ ] - ( : L2 ) - [ r1 ] - ( n1 ) ,()-[*0..0]-( ) WHERE NULL REMOVE n1 . k2 RETURN 1 AS a1 , 1 AS a2 } WITH * CREATE ( : L3 { k19 : a2 , k3 : reduce(a=a1 ,b IN []|a) , id : 89 } ) WITH * CREATE ( n2 : L0 { id : reduce(a=90 ,b IN []|a) } ) WITH * OPTIONAL MATCH ()-[:TYPE]-() RETURN DISTINCT 1 AS a3 , CASE WHEN FALSE THEN NULL ELSE 1 END AS a4 UNION ALL MATCH ( ) - [ : T1 { k38 : CASE WHEN TRUE THEN NULL END } ] - > ( ) - [ r0 ] - ( n0 ) CREATE (c0{id:-1}) DELETE (c0) DETACH DELETE reduce(a=n0 ,b IN []|a) REMOVE (NULL).TRUE CREATE ( n1 : L2 { k17 : NULL , id : 91 } ) < - [ : T2 { id : reduce(a=92 ,b IN []|a) } ] - ( { k20 : NULL , id : CASE WHEN TRUE THEN 93 END } ) RETURN reduce(a=1 ,b IN []|a) AS a3 , 1 AS a4 ;
MATCH (a) RETURN a;
MATCH (a) RETURN a;
MATCH (b)-[a]->(c) RETURN a;
MATCH (b)-[a]->(c) RETURN a;
FOREACH(a0 IN [round(-90006247)]|MERGE ({id:94}) MERGE ({id:95})-[r0 :T3{id:96}]-( :L3{k23:'5sqD', id:97}) CREATE (n0 :L0{id:98})-[r1 :T3{id:99}]->({k16:NULL, id:100})-[ :T0{id:101}]->( :L2{k14:NULL, id:102}), p0=({id:103})) MERGE ({id:104})-[ :T3{id:105}]->(n1{k21:reverse('b2BVI2f9'), k17:false, id:106})-[r2 :T0{id:107}]->(n2{id:108}) SET n2.k='YDh1' RETURN 1 AS a1, 1 AS a2;
FOREACH ( a0 IN [ round ( -90006247 ) ] | MERGE ( { id : 94 } ) MERGE ( { id : 95 } ) - [ r0 : T3 { id : 96 } ] - ( : L3 { k23 : '5sqD' , id : 97 } ) CREATE ( n0 : L0 { id : 98 } ) - [ r1 : T3 { id : 99 } ] - > ( { k16 : NULL , id : 100 } ) - [ : T0 { id : 101 } ] - > ( : L2 { k14 : NULL , id : CASE WHEN TRUE THEN 102 END } ) CREATE p0 = ( { id : CASE WHEN FALSE THEN NULL ELSE 103 END } ) ) DETACH DELETE (NULL) MERGE ( { id : 104 } ) - [ : T3 { id : 105 } ] - > ( n1 { k21 : reduce(a=reverse ( (''+'b2BVI2f9' )) ,b IN []|a) , k17 : false , id : 106 } ) - [ r2 : T0 { id : CASE WHEN TRUE THEN 107 END } ] - > ( n2 { id : 108 } ) SET n2 . k = 'YDh1' WITH * OPTIONAL MATCH ()-[:TYPE]-() RETURN 1 AS a1 , 1 AS a2 SKIP 1 LIMIT 1 ;
MATCH (a) RETURN a;
MATCH (a) RETURN a;
MATCH (b)-[a]->(c) RETURN a;
MATCH (b)-[a]->(c) RETURN a;
CALL{WITH * CREATE p0=( :L3{k18:NULL, id:109})<-[ :T2{id:110}]-(n0 :L0{k18:NULL, k3:reduce(a=NULL,b IN [NULL]|a), id:111})-[r0 :T3{id:112}]->( :L3{id:113}) MERGE (n1 :L3 :L2{id:114})-[r1 :T0{id:115}]->(n2 :L2{id:116})<-[r2 :T2{k47:true, id:117}]-({k25:true, id:118}) RETURN 1 AS a0 ORDER BY (r1.k35), a0 DESC} MATCH ( :L2), (n1) SET n1.k=false RETURN 1 AS a1 LIMIT 0;
CALL { WITH * CREATE (m0: L3 { k18 : NULL , id : 109 } )CREATE (m0)< - [ : T2 { id : reduce(a=110 ,b IN []|a) } ] - ( n0 : L0 { k18 : reduce(a=NULL ,b IN []|a) , k3 : reduce ( a = CASE WHEN TRUE THEN NULL END , b IN [ CASE WHEN FALSE THEN NULL ELSE NULL END ] | a ) , id : 111 } ) - [ r0 : T3 { id : 112 } ] - > ( : L3 { id : 113 } ) WITH * MERGE ( n1 : L3 : L2 { id : 114 } ) - [ r1 : T0 { id : 115 } ] - > ( n2 : L2 { id : 116 } ) < - [ r2 : T2 { k47 : true , id : 117 } ] - ( { k25 : reduce(a=true ,b IN []|a) , id : 118 } ) RETURN DISTINCT reduce(a=1 ,b IN []|a) AS a0 ORDER BY (r1.k35), a0 DESC LIMIT 1 } MATCH ( : L2 ) ,( n1 ) SET n1 . k = false RETURN reduce(a=1 ,b IN []|a) AS a1 LIMIT 0 ;
MATCH (a) RETURN a;
MATCH (a) RETURN a;
MATCH (b)-[a]->(c) RETURN a;
MATCH (b)-[a]->(c) RETURN a;
MERGE ( :L0{id:119})-[r0 :T3{k52:'7sky', id:120}]-({id:121}) DETACH DELETE r0  CREATE p0=({k14:-923491181, id:122})-[ :T1{id:123}]->(n0{k24:1998455121, id:124})-[ :T3{id:125}]->(n1 :L2{id:126}), (n2 :L2{k16:NULL, k27:-1578741537, id:127}) RETURN DISTINCT 1 AS a0, 1 AS a1;
MERGE ( : L0 { id : 119 } ) - [ r0 : T3 { k52 : ('7sky' +'') , id : 120 } ] - ( { id : 121 } ) DETACH DELETE r0 CREATE p0 = ( { k14 : -923491181 , id : 122 } ) - [ : T1 { id : 123 } ] - > ( n0 { k24 : 1998455121 , id : 124 } ) - [ : T3 { id : CASE WHEN TRUE THEN 125 END } ] - > ( n1 : L2 { id : reduce(a=126 ,b IN []|a) } ) CREATE ( n2 : L2 { k16 : NULL , k27 : reduce(a=-1578741537 ,b IN []|a) , id : CASE WHEN FALSE THEN NULL ELSE 127 END } ) RETURN DISTINCT 1 AS a0 , 1 AS a1 ;
MATCH (a) RETURN a;
MATCH (a) RETURN a;
MATCH (b)-[a]->(c) RETURN a;
MATCH (b)-[a]->(c) RETURN a;
WITH [reduce(a=-337937671,b IN [NULL]|a)] AS a0 MERGE p0=( :L0{id:128}) DETACH DELETE p0,NULL  RETURN 1 AS a1;
WITH [ CASE WHEN TRUE THEN reduce ( a = reduce(a=-337937671 ,b IN []|a) , b IN [ CASE WHEN TRUE THEN NULL END ] | CASE WHEN FALSE THEN NULL ELSE a END ) END ] AS a0 OPTIONAL MATCH ()-[:TYPE]-() MERGE p0 = ( : L0 { id : CASE WHEN FALSE THEN NULL ELSE 128 END } ) DETACH DELETE p0 , NULL DETACH DELETE NULL RETURN 1 AS a1 ;
MATCH (a) RETURN a;
MATCH (a) RETURN a;
MATCH (b)-[a]->(c) RETURN a;
MATCH (b)-[a]->(c) RETURN a;
FOREACH(a0 IN labels(endNode(relationships(NULL)[abs(1065689464)]))|CREATE ( :L3 :L2{id:129}) MERGE (n0{k12:'AtoWb', id:130})-[r0 :T1{id:131}]-(n1{id:132})-[r1 :T2{id:133}]->( :L3{id:134}) MERGE ({id:135})-[r2 :T0{id:136}]-({id:137})) CREATE ( :L3 :L2{id:138})<-[r3 :T3{id:139}]-(n2{k5:-1525106640, id:140})-[ :T2{id:141}]->({k12:reverse(NULL), id:142}), (n3 :L4{id:143}) CREATE ({k16:CASE WHEN true THEN NULL END, id:144})-[ :T1{id:145}]->({k3:NULL, id:146}), ( :L0{id:147}) RETURN 1 AS a1;
FOREACH ( a0 IN labels ( endNode ( relationships ( NULL ) [ CASE WHEN TRUE THEN abs ( 1065689464 ) END ] ) ) | CREATE ( : L3 : L2 { id : CASE WHEN FALSE THEN NULL ELSE 129 END } ) MERGE ( n0 { k12 : ('AtoWb' +'') , id : 130 } ) - [ r0 : T1 { id : 131 } ] - ( n1 { id : 132 } ) - [ r1 : T2 { id : CASE WHEN TRUE THEN 133 END } ] - > ( : L3 { id : 134 } ) MERGE pp0=( { id : 135 } ) - [ r2 : T0 { id : CASE WHEN TRUE THEN 136 END } ] - ( { id : reduce(a=137 ,b IN []|a) } ) DELETE (NULL) ) REMOVE (NULL).FALSE CREATE ( : L3 : L2 { id : 138 } ) < - [ r3 : T3 { id : 139 } ] - ( n2 { k5 : -1525106640 , id : 140 } ) - [ : T2 { id : 141 } ] - > ( { k12 : reverse ( NULL ) , id : 142 } ) CREATE ( n3 : L4 { id : 143 } ) WITH * CREATE ( { k16 : CASE WHEN reduce(a=true ,b IN []|a) THEN CASE WHEN FALSE THEN NULL ELSE NULL END END , id : 144 } ) - [ : T1 { id : 145 } ] - > ( { k3 : reduce(a=NULL ,b IN []|a) , id : 146 } ) CREATE ( : L0 { id : CASE WHEN FALSE THEN NULL ELSE 147 END } ) SET (NULL).k=1 RETURN reduce(a=1 ,b IN []|a) AS a1 ;
MATCH (a) RETURN a;
MATCH (a) RETURN a;
MATCH (b)-[a]->(c) RETURN a;
MATCH (b)-[a]->(c) RETURN a;
UNWIND [-950656205] AS a0 CREATE ( :L3 :L0{id:148})-[ :T3{id:149}]->(n0 :L2{k14:NULL, id:150})<-[r0 :T2{k45:true, id:151}]-({id:152}), (n1 :L3 :L0{id:153}) MERGE (n2 :L3{k13:('RcXUAu'+'2OH'), id:154})<-[r1 :T2{id:155}]-(n3 :L2 :L4{k15:true, id:156}) RETURN 1 AS a1;
UNWIND [ -950656205 ] AS a0 OPTIONAL MATCH ()-[:TYPE]-() CREATE ( : L3 : L0 { id : 148 } ) - [ : T3 { id : CASE WHEN FALSE THEN NULL ELSE 149 END } ] - > ( n0 : L2 { k14 : NULL , id : 150 } ) < - [ r0 : T2 { k45 : true , id : 151 } ] - ( { id : 152 } ) CREATE ( n1 : L3 : L0 { id : 153 } ) MERGE ( n2 : L3 { k13 : reduce(a=( CASE WHEN FALSE THEN NULL ELSE (''+'RcXUAu' )+ '2OH' END ) ,b IN []|a) , id : 154 } ) < - [ r1 : T2 { id : 155 } ] - ( n3 : L2 : L4 { k15 : true , id : 156 } ) CREATE (c0{id:-1}) DELETE (c0) RETURN 1 AS a1 LIMIT 1 ;
MATCH (a) RETURN a;
MATCH (a) RETURN a;
MATCH (b)-[a]->(c) RETURN a;
MATCH (b)-[a]->(c) RETURN a;
OPTIONAL MATCH (n0)-[ :T2{k46:CASE WHEN false THEN NULL END}]-()-[*0..0]->(), (n0)<-[]-(n1) WHERE NULL DETACH DELETE n1  SET n0.k=NULL RETURN 1 AS a0, n0 AS a1 ORDER BY a0, a1;
OPTIONAL MATCH ( n0 ) - [ : T2 { k46 : CASE WHEN false THEN NULL END } ] - ( ) - [ * 0 .. 0 ] - > ( ) ,( n0 ) < - [ ] - ( n1 ) WHERE NULL DETACH DELETE reduce(a=n1 ,b IN []|a) CREATE (c0{id:-1}) DELETE (c0) SET n0 . k = NULL WITH * UNWIND [NULL] as l0 RETURN CASE WHEN FALSE THEN NULL ELSE 1 END AS a0 , n0 AS a1 ORDER BY a0, a1 ;
MATCH (a) RETURN a;
MATCH (a) RETURN a;
MATCH (b)-[a]->(c) RETURN a;
MATCH (b)-[a]->(c) RETURN a;
MERGE p0=(n0 :L3{id:157}) DETACH DELETE n0  CREATE ({id:158}), (n1 :L0{id:159}) RETURN 1 AS a0;
MERGE p0 = ( n0 : L3 { id : 157 } ) WITH * DETACH DELETE n0 WITH * UNWIND [1] as l0 CREATE ( { id : 158 } ) CREATE ( n1 : L0 { id : 159 } ) WITH * UNWIND [1] as l1 RETURN CASE WHEN TRUE THEN 1 END AS a0 ;
MATCH (a) RETURN a;
MATCH (a) RETURN a;
MATCH (b)-[a]->(c) RETURN a;
MATCH (b)-[a]->(c) RETURN a;
UNWIND ['Q'] AS a0 MERGE (n0{id:160})-[r0 :T3{id:161}]->(n1 :L3 :L2{id:162})<-[r1 :T2{id:163}]-( :L3{k5:945742484, id:164}) SET n0.k='x' RETURN 1 AS a1, NULL AS a2;
UNWIND [ 'Q' ] AS a0 MERGE ( n0 { id : CASE WHEN TRUE THEN 160 END } ) - [ r0 : T3 { id : 161 } ] - > ( n1 : L3 : L2 { id : 162 } ) < - [ r1 : T2 { id : 163 } ] - ( : L3 { k5 : 945742484 , id : 164 } ) SET n0 . k = 'x' SET (NULL).NULL=1 RETURN 1 AS a1 , NULL AS a2 ;
MATCH (a) RETURN a;
MATCH (a) RETURN a;
MATCH (b)-[a]->(c) RETURN a;
MATCH (b)-[a]->(c) RETURN a;
FOREACH(a1 IN NULL|CREATE (n5{k21:reverse(NULL), id:165}), (n6{k14:(-1102771297-(NULL-1064016492)), id:166}) CREATE p1=( :L0{k4:NULL, id:167}) CREATE p2=( :L3 :L2{k19:NULL, id:168})<-[r1 :T0{id:169}]-(n7{k19:-674800127, id:170})) CREATE ({k18:('4PEa'+'v'), id:171})<-[ :T0{k35:'DP', id:172}]-(n8{k17:false, id:173})<-[ :T2{id:174}]-(n9 :L3{id:175}) CREATE (n10 :L0{id:176})-[ :T3{id:177}]->( :L3{id:178})<-[ :T2{id:179}]-(n11{id:180}) RETURN 1 AS a2, NULL AS a3;
FOREACH ( a1 IN reduce(a=NULL ,b IN []|a) | CREATE ( n5 { k21 : reverse ( CASE WHEN TRUE THEN NULL END ) , id : CASE WHEN TRUE THEN 165 END } ) CREATE ( n6 { k14 : ( -1102771297 - ( NULL -1064016492 ) ) , id : 166 } ) CREATE p1 = ( : L0 { k4 : NULL , id : CASE WHEN TRUE THEN 167 END } ) SET (NULL).TRUE=1 CREATE p2 = ( : L3 : L2 { k19 : NULL , id : 168 } ) < - [ r1 : T0 { id : 169 } ] - ( n7 { k19 : -674800127 , id : 170 } ) ) WITH * CREATE ( { k18 : ( '4PEa' + 'v' ) , id : 171 } ) < - [ : T0 { k35 : reduce(a='DP' ,b IN []|a) , id : 172 } ] - ( n8 { k17 : reduce(a=false ,b IN []|a) , id : CASE WHEN FALSE THEN NULL ELSE 173 END } ) < - [ : T2 { id : 174 } ] - ( n9 : L3 { id : reduce(a=175 ,b IN []|a) } ) DETACH DELETE (NULL) CREATE ( n10 : L0 { id : 176 } ) - [ : T3 { id : 177 } ] - > ( : L3 { id : 178 } ) < - [ : T2 { id : 179 } ] - ( n11 { id : 180 } ) CREATE (c0{id:-1}) DELETE (c0) RETURN 1 AS a2 , NULL AS a3 ;
