-- Time: 2024/07/05 16:33:06
-- Database: memgraph_database84
-- Database version: composite
-- seed value: 1720168297059
CREATE (n0 :L0:L4{k28 : 'f', k27 : true, k0 : true, k2 : 'Z', k3 : 119948781, k4 : true, id : 0, k24 : '5w', k26 : true, k25 : 'l'});
CREATE (n0 :L5{k29 : 'g7', k31 : -2009573389, k30 : 1437877727, k33 : -2055172656, id : 1, k32 : false, k34 : 'zY3'});
CREATE (n0 {id : 2});
CREATE (n0 :L0:L5{k29 : 'b', k0 : true, k1 : 'S8TanINdT', k2 : 'UhJ', k3 : 30634688, k31 : 718879210, k4 : false, k30 : 665288445, k33 : 369389254, id : 3, k32 : true, k34 : 'ST'});
MATCH (n0 {id : 2}), (n1 {id : 1}) MERGE(n0)-[r :T0{k39 : -1531749079, k38 : true, id : 4, k37 : false, k36 : 'Au55H'}]->(n1);
MATCH (n0 {id : 3}), (n1 {id : 1}) MERGE(n0)-[r :T5{k63 : -1877848706, k66 : '8bmB7Uuv4', id : 5, k65 : 'o', k68 : true, k69 : 'i'}]->(n1);
MATCH (n0 {id : 3}), (n1 {id : 0}) MERGE(n0)-[r :T6{k71 : -1895233774, k73 : 'Oh2ae', k74 : 'j', id : 6}]->(n1);
WITH * OPTIONAL MATCH p0=()<-[r0]-(), p1=(n0 :L0{k2:'on'})<-[r1]-() WHERE ('D' > ('2CiRx'+'QD5')) MERGE (n1 :L0{id:7})<-[ :T0{id:8}]-({id:9}) RETURN (n1.k3) AS a0, (n0.k0) AS a1;
WITH * WITH * OPTIONAL MATCH p0 = ( ) < - [ r0 ] - ( ) ,p1 = ( n0 : L0 { k2 : 'on' } ) < - [ r1 ] - ( ) WHERE ( CASE WHEN TRUE THEN 'D' > ( ('2CiRx' +'') + 'QD5' ) END ) UNWIND [1] as l0 MERGE ( n1 : L0 { id : CASE WHEN FALSE THEN NULL ELSE 7 END } ) < - [ : T0 { id : 8 } ] - ( { id : 9 } ) RETURN DISTINCT ( n1 . k3 ) AS a0 , reduce(a=( CASE WHEN FALSE THEN NULL ELSE n0 . k0 END ) ,b IN []|a) AS a1 ;
MATCH (a) RETURN a;
MATCH (a) RETURN a;
MATCH (b)-[a]->(c) RETURN a;
MATCH (b)-[a]->(c) RETURN a;
OPTIONAL MATCH (n0)-[r0]->() WHERE true CREATE p0=(n1 :L4{k1:NULL, k25:('F'+(NULL+NULL)), id:10})<-[r1 :T6{k70:NULL, id:11}]-({id:12})-[r2 :T5{id:13}]->(n2{id:14}) SET n0.k='Jvyqyb' RETURN NULL AS a0, r0 AS a1 LIMIT 0;
OPTIONAL MATCH ( n0 ) - [ r0 ] - > ( ) WHERE true CREATE p0=(n2{id:14})<-[ r2 : T5 { id : 13 } ] -({id:12})-[ r1 : T6 { k70 : reduce(a=NULL ,b IN []|a) , id : reduce(a=11 ,b IN []|a) } ] ->( n1 : L4 { k1 : NULL , k25 : ( 'F' + ( CASE WHEN TRUE THEN NULL + NULL END ) ) , id : 10 } ) SET n0 . k = 'Jvyqyb' RETURN NULL AS a0 , r0 AS a1 SKIP 1 LIMIT 0 ;
MATCH (a) RETURN a;
MATCH (a) RETURN a;
MATCH (b)-[a]->(c) RETURN a;
MATCH (b)-[a]->(c) RETURN a;
MERGE p0=(n0{id:15})-[r0 :T6{id:16}]-( :L0 :L5{k31:-1470299556, id:17})-[r1 :T5{id:18}]-( :L5{id:19}) MERGE p1=({id:20}) DETACH DELETE n0  RETURN *;
MERGE p0 = ( n0 { id : 15 } ) - [ r0 : T6 { id : 16 } ] - ( : L0 : L5 { k31 : -1470299556 , id : reduce(a=17 ,b IN []|a) } ) - [ r1 : T5 { id : 18 } ] - ( : L5 { id : 19 } ) WITH * MERGE p1 = ( { id : CASE WHEN FALSE THEN NULL ELSE 20 END } ) DETACH DELETE CASE WHEN TRUE THEN n0 END RETURN * ;
MATCH (a) RETURN a;
MATCH (a) RETURN a;
MATCH (b)-[a]->(c) RETURN a;
MATCH (b)-[a]->(c) RETURN a;
FOREACH(a0 IN [properties(CASE WHEN false THEN NULL END)]|MERGE p0=(n0{id:21})-[r0 :T6{k70:'7', id:22}]-({id:23}) MERGE ( :L0{id:24})-[ :T6{id:25}]->(n1{id:26}) MERGE (n2{k4:true, id:27})) CREATE (n3 :L5{id:28})-[ :T6{k72:NULL, id:29}]->( :L0 :L4{id:30}), (n4 :L0{id:31}) CREATE (n5{id:32})-[ :T6{id:33}]->(n6 :L0{id:34}), ({id:35})<-[ :T6{k74:'OmjSpaBXh', id:36}]-({k29:NULL, id:37}) RETURN 1 AS a1, NULL AS a2;
FOREACH ( a0 IN [ properties ( CASE WHEN false THEN NULL END ) ] | MERGE p0 = ( n0 { id : 21 } ) - [ r0 : T6 { k70 : '7' , id : 22 } ] - ( { id : 23 } ) MERGE ( : L0 { id : 24 } ) - [ : T6 { id : 25 } ] - > ( n1 { id : 26 } ) MERGE ( n2 { k4 : reduce(a=true ,b IN []|a) , id : 27 } ) DETACH DELETE (NULL) ) WITH * CREATE (n3: L5 { id : 28 } )CREATE (n3)- [ : T6 { k72 : NULL , id : 29 } ] - > ( : L0 : L4 { id : 30 } ) CREATE ( n4 : L0 { id : 31 } ) CREATE ( n5 { id : 32 } ) - [ : T6 { id : 33 } ] - > ( n6 : L0 { id : 34 } ) CREATE ( { id : 35 } ) < - [ : T6 { k74 : 'OmjSpaBXh' , id : 36 } ] - ( { k29 : NULL , id : 37 } ) SET (NULL).TRUE=1 RETURN 1 AS a1 , NULL AS a2 ;
