-- Time: 2024/07/05 16:32:04
-- Database: memgraph_database23
-- Database version: composite
-- seed value: 1720168296998
CREATE (n0 :L4:L5{k31 : -1754081661, k30 : 'm3V', k33 : 'C', k32 : -2054383473, k35 : '5zuvE', k34 : true, k26 : 'JIm', k25 : -1480043232, k36 : true, k28 : 'oP', k27 : 809458427, k29 : true, id : 0});
CREATE (n0 :L3{k20 : true, k22 : 'TNRnRC5A', id : 1, k21 : 'Ygb', k24 : 1622361015, k23 : true});
CREATE (n0 :L6{k39 : 'E', k38 : false, k40 : -1498479154, k42 : false, k41 : 1519017494, id : 2, k43 : -1155847554, k37 : -202087532});
CREATE (n0 :L0{k0 : 'SG', k1 : '9', k2 : 828077920, k3 : -1869900922, k4 : true, k5 : -676701255, id : 3, k6 : false});
MATCH (n0 {id : 1}), (n1 {id : 1}) MERGE(n0)-[r :T1{k51 : 'tr', k53 : 'b', k52 : true, k55 : 1922482964, id : 4, k54 : 577763256}]->(n1);
MATCH (n0 {id : 0}), (n1 {id : 3}) MERGE(n0)-[r :T5{k73 : 1468079620, k72 : -824133497, k75 : true, k74 : 'Wjs', k77 : -95839303, id : 5, k76 : -2008624243}]->(n1);
MATCH (n0 {id : 0}), (n1 {id : 1}) MERGE(n0)-[r :T1{k51 : 'H', k50 : -43771826, k53 : 'YrNic5', k52 : true, k55 : 754017356, id : 6, k54 : 779702209}]->(n1);
MATCH (n0 {id : 1}), (n1 {id : 1}) MERGE(n0)-[r :T1{k51 : 'OfBT6XRr', k53 : 'gV025U7', k52 : true, k55 : -1400365021, id : 7, k54 : -1485538415}]->(n1);
MATCH (n0 {id : 3}), (n1 {id : 2}) MERGE(n0)-[r :T0{k49 : false, k44 : 'm', id : 8, k46 : true}]->(n1);
MATCH (n0 {id : 0}), (n1 {id : 2}) MERGE(n0)-[r :T2{k61 : '6', id : 9, k57 : 622279647, k59 : 1287295972, k58 : 'h'}]->(n1);
MATCH (n0 {id : 3}), (n1 {id : 3}) MERGE(n0)-[r :T1{k51 : 'H', k50 : 1401137011, k53 : 'G5GpLabp', k52 : true, k55 : 652132108, id : 10, k54 : 577763256}]->(n1);
UNWIND nodes(NULL) AS a0 MERGE ( :L3{id:11}) DETACH DELETE a0  RETURN NULL AS a1, 1 AS a2;
UNWIND nodes ( CASE WHEN TRUE THEN NULL END ) AS a0 OPTIONAL MATCH ()-[:TYPE]-() MERGE ( : L3 { id : 11 } ) WITH * OPTIONAL MATCH ()-[:TYPE]-() DETACH DELETE a0 RETURN NULL AS a1 , 1 AS a2 ;
MATCH (a) RETURN a;
MATCH (a) RETURN a;
MATCH (b)-[a]->(c) RETURN a;
MATCH (b)-[a]->(c) RETURN a;
OPTIONAL MATCH (n4)<-[r0]-(n1)-[]-(n3) UNWIND keys(endNode(relationships(NULL)[abs(-1714264318)])) AS a2 CREATE ({id:18}), (n5{id:19}) RETURN 1 AS a3;
OPTIONAL MATCH ( n4 ) < - [ r0 ] - ( n1 ) - [ ] - ( n3 ) UNWIND ([]+keys ( endNode ( relationships ( NULL ) [ abs ( -1714264318 ) ] ) ) )AS a2 UNWIND [1] as l0 CREATE ( { id : 18 } ) CREATE ( n5 { id : 19 } ) WITH * RETURN CASE WHEN TRUE THEN 1 END AS a3 ;
MATCH (a) RETURN a;
MATCH (a) RETURN a;
MATCH (b)-[a]->(c) RETURN a;
MATCH (b)-[a]->(c) RETURN a;
CREATE ( :L3{id:20}) MERGE ( :L3{k22:'t2qmMPX', id:21})-[r0 :T1{id:22}]->(n0 :L3{k22:'VXfYcwRSm', id:23})-[r1 :T1{k53:('U'+'bN'), id:24}]-( :L3{id:25}) SET n0.k=(n0.k20) RETURN n0 AS a0, 'y' AS a1;
CREATE ( : L3 { id : 20 } ) MERGE ( : L3 { k22 : CASE WHEN TRUE THEN 't2qmMPX' END , id : 21 } ) - [ r0 : T1 { id : 22 } ] - > ( n0 : L3 { k22 : 'VXfYcwRSm' , id : 23 } ) - [ r1 : T1 { k53 : ( 'U' + 'bN' ) , id : 24 } ] - ( : L3 { id : CASE WHEN FALSE THEN NULL ELSE 25 END } ) WITH * SET n0 . k = ( n0 . k20 ) WITH * UNWIND [1] as l0 RETURN n0 AS a0 , 'y' AS a1 ;
MATCH (a) RETURN a;
MATCH (a) RETURN a;
MATCH (b)-[a]->(c) RETURN a;
MATCH (b)-[a]->(c) RETURN a;
UNWIND [NULL, NULL] AS a0 MATCH (n0)<-[ :T2{k58:NULL}]-( :L4)-[ :T1{k53:reduce(a='YSyaT83d',b IN [NULL]|b)}]->(n1) SET n0.k=NULL RETURN n0 AS a1;
UNWIND CASE WHEN TRUE THEN [ NULL , NULL ] END AS a0 CREATE (c0{id:-1}) DELETE (c0) WITH * MATCH ( n0 ) < - [ : T2 { k58 : NULL } ] - ( : L4 ) - [ : T1 { k53 : reduce ( a = 'YSyaT83d' , b IN CASE WHEN FALSE THEN NULL ELSE ([]+[ NULL ] )END | b ) } ] - > ( n1 ) UNWIND [NULL] as l0 SET n0 . k = CASE WHEN FALSE THEN NULL ELSE NULL END RETURN n0 AS a1 ;
MATCH (a) RETURN a;
MATCH (a) RETURN a;
MATCH (b)-[a]->(c) RETURN a;
MATCH (b)-[a]->(c) RETURN a;
CREATE p1=(n2{id:26}) MERGE (n3{id:27})-[r0 :T1{k55:-2040430256, id:28}]-(n4{k25:-874227346, id:29}) CREATE (n5 :L4{id:30})-[ :T5{id:31}]->(n6{id:32}) RETURN DISTINCT *, n3 AS a1;
CREATE p1 = ( n2 { id : 26 } ) MERGE ( n3 { id : 27 } ) - [ r0 : T1 { k55 : -2040430256 , id : 28 } ] - ( n4 { k25 : -874227346 , id : 29 } ) CREATE (n5: L4 { id : 30 } )CREATE (n5)- [ : T5 { id : 31 } ] - > ( n6 { id : 32 } ) RETURN DISTINCT * , n3 AS a1 ;
MATCH (a) RETURN a;
MATCH (a) RETURN a;
MATCH (b)-[a]->(c) RETURN a;
MATCH (b)-[a]->(c) RETURN a;
CALL{WITH * MERGE ({id:33}) CREATE ({k38:true, id:34})<-[ :T2{id:35}]-({id:36})-[ :T5{id:37}]->( :L0{k0:reduce(a=NULL,b IN [NULL, '8H']|a+ b), id:38}), (n0 :L0{k3:NULL, id:39})-[r0 :T1{id:40}]->(n1{k1:NULL, id:41}) RETURN 1 AS a0, NULL AS a1} MATCH (), (n2)-[r1]-() WHERE true CREATE (n3{k22:NULL, id:42}), (n4 :L6{k40:a0, id:43})<-[r2 :T2{id:44}]-(n5{id:45})-[r3 :T5{id:46}]->(n6{id:47}) RETURN n2 AS a2, 1 AS a3;
CALL { WITH * CREATE (c0{id:-1}) DELETE (c0) MERGE ( { id : 33 } ) REMOVE (NULL).TRUE CREATE ( { k38 : true , id : 34 } ) < - [ : T2 { id : 35 } ] - ( { id : CASE WHEN FALSE THEN NULL ELSE 36 END } ) - [ : T5 { id : 37 } ] - > ( : L0 { k0 : reduce(a=reduce ( a = NULL , b IN [ reduce(a=NULL ,b IN []|a) , '8H' ] | a + b ) ,b IN []|a) , id : 38 } ) CREATE ( n0 : L0 { k3 : NULL , id : 39 } ) - [ r0 : T1 { id : 40 } ] - > ( n1 { k1 : NULL , id : 41 } ) RETURN 1 AS a0 , NULL AS a1 } CREATE (c1{id:-1}) DELETE (c1) WITH * MATCH ( ) ,( n2 ) - [ r1 ] - ( ) WHERE true REMOVE (NULL).k CREATE ( n3 { k22 : NULL , id : 42 } ) CREATE ( n4 : L6 { k40 : a0 , id : 43 } ) < - [ r2 : T2 { id : 44 } ] - ( n5 { id : 45 } ) - [ r3 : T5 { id : 46 } ] - > ( n6 { id : 47 } ) WITH * UNWIND [1] as l0 RETURN n2 AS a2 , 1 AS a3 LIMIT 1 ;
MATCH (a) RETURN a;
MATCH (a) RETURN a;
MATCH (b)-[a]->(c) RETURN a;
MATCH (b)-[a]->(c) RETURN a;
MERGE (n0{k31:675968389, id:48})-[r0 :T2{id:49}]->(n1{id:50})-[r1 :T0{id:51}]-({id:52}) CREATE (n2{id:53}), (n3{id:54}) SET n1.k=(r0.k58) RETURN DISTINCT n1 AS a0, n0 AS a1;
MERGE ( n0 { k31 : reduce(a=675968389 ,b IN []|a) , id : 48 } ) - [ r0 : T2 { id : CASE WHEN TRUE THEN 49 END } ] - > ( n1 { id : 50 } ) - [ r1 : T0 { id : 51 } ] - ( { id : 52 } ) WITH * CREATE ( n2 { id : reduce(a=53 ,b IN []|a) } ) CREATE ( n3 { id : 54 } ) SET n1 . k = ( r0 . k58 ) DELETE (NULL) RETURN DISTINCT reduce(a=n1 ,b IN []|a) AS a0 , n0 AS a1 ;
MATCH (a) RETURN a;
MATCH (a) RETURN a;
MATCH (b)-[a]->(c) RETURN a;
MATCH (b)-[a]->(c) RETURN a;
CALL{WITH * MATCH (n0), ()-[r0]-() SET n0.k=reduce(a=('oKMd'+'z'),b IN [NULL]|a) RETURN r0 AS a0} CREATE (n1 :L0{id:55}), p0=(n2 :L0{id:56})-[ :T1{id:57}]->(n3{id:58}) DETACH DELETE a0,a0  RETURN 1 AS a1, 1 AS a2;
CALL { WITH * MATCH ( n0 ) ,( ) - [ r0 ] - ( ) CREATE (c0{id:-1}) DELETE (c0) SET n0 . k = reduce ( a = ( 'oKMd' + 'z' ) , b IN CASE WHEN FALSE THEN NULL ELSE [ NULL ] END | a ) RETURN r0 AS a0 } CREATE ( n1 : L0 { id : 55 } ) CREATE p0 = ( n2 : L0 { id : 56 } ) - [ : T1 { id : 57 } ] - > ( n3 { id : 58 } ) WITH * OPTIONAL MATCH ()-[:TYPE]-() DETACH DELETE a0 , a0 WITH * OPTIONAL MATCH ()-[:TYPE]-() RETURN 1 AS a1 , 1 AS a2 SKIP 1 ;
MATCH (a) RETURN a;
MATCH (a) RETURN a;
MATCH (b)-[a]->(c) RETURN a;
MATCH (b)-[a]->(c) RETURN a;
FOREACH(a0 IN [NULL, NULL]|CREATE ({k43:NULL, id:59})<-[r0 :T2{id:60}]-( :L5{id:61}) CREATE (n0{k6:NULL, id:62})-[r1 :T0{id:63}]->({id:64}) CREATE ({id:65})-[ :T5{k74:reduce(a='TK',b IN [NULL]|a), id:66}]->( :L0{id:67})) MERGE ({id:68})<-[r2 :T2{id:69}]-(n1 :L4{id:70})-[r3 :T5{k76:-1995109724, id:71}]->(n2 :L0{id:72}) MERGE (n3{id:73})-[ :T5{id:74}]-(n4{id:75}) RETURN n4 AS a1, 1 AS a2;
FOREACH ( a0 IN [ NULL , NULL ] | CREATE ( :L5{id:61})-[ r0 : T2 { id : 60 } ] ->( { k43 : NULL , id : 59 } ) CREATE (n0{ k6 : NULL , id : 62 } )CREATE (n0)- [ r1 : T0 { id : 63 } ] - > ( { id : reduce(a=64 ,b IN []|a) } ) CREATE ( { id : 65 } ) - [ : T5 { k74 : reduce ( a = 'TK' , b IN [ NULL ] | a ) , id : 66 } ] - > ( : L0 { id : 67 } ) ) MERGE ( { id : 68 } ) < - [ r2 : T2 { id : 69 } ] - ( n1 : L4 { id : reduce(a=70 ,b IN []|a) } ) - [ r3 : T5 { k76 : -1995109724 , id : 71 } ] - > ( n2 : L0 { id : 72 } ) MERGE ( n3 { id : CASE WHEN TRUE THEN 73 END } ) - [ : T5 { id : 74 } ] - ( n4 { id : 75 } ) RETURN n4 AS a1 , 1 AS a2 ;
MATCH (a) RETURN a;
MATCH (a) RETURN a;
MATCH (b)-[a]->(c) RETURN a;
MATCH (b)-[a]->(c) RETURN a;
FOREACH(a3 IN NULL|CREATE ({id:77}), (n5 :L3{id:78})-[ :T1{id:79}]->(n6{id:80})-[r2 :T1{id:81}]->({id:82}) CREATE (n7 :L3{k22:reverse(NULL), id:83})-[ :T1{k52:true, id:84}]->(n8{id:85}), (n9{k32:NULL, id:86}) CREATE (n10{k36:('L' CONTAINS 'fK'), id:87})-[r3 :T2{id:88}]->({id:89})<-[ :T0{id:90}]-(n11{k0:NULL, id:91})) CREATE (n12 :L3{k20:true, id:92})-[r4 :T1{id:93}]->(n13 :L3{id:94})-[ :T1{id:95}]->( :L3{id:96}) MERGE p0=({id:97})-[ :T1{k50:1429031988, id:98}]-(n14{id:99}) RETURN n14 AS a4;
FOREACH ( a3 IN NULL | CREATE ( { id : reduce(a=77 ,b IN []|a) } ) CREATE ({id:82})<-[ r2 : T1 { id : 81 } ] -(n6{id:80})<-[ : T1 { id : 79 } ] -( n5 : L3 { id : 78 } ) SET (NULL).FALSE=1 CREATE ( n7 : L3 { k22 : reverse ( NULL ) , id : 83 } ) - [ : T1 { k52 : CASE WHEN TRUE THEN true END , id : 84 } ] - > ( n8 { id : 85 } ) CREATE ( n9 { k32 : NULL , id : 86 } ) CREATE (n10{ k36 : ( 'L' CONTAINS ('fK' +'') ) , id : 87 } )CREATE (n10)- [ r3 : T2 { id : 88 } ] - > ( { id : 89 } ) < - [ : T0 { id : reduce(a=90 ,b IN []|a) } ] - ( n11 { k0 : NULL , id : 91 } ) ) CREATE (n12: L3 { k20 : true , id : 92 } )CREATE (n12)- [ r4 : T1 { id : 93 } ] - > ( n13 : L3 { id : 94 } ) - [ : T1 { id : 95 } ] - > ( : L3 { id : reduce(a=96 ,b IN []|a) } ) MERGE p0 = ( { id : 97 } ) - [ : T1 { k50 : CASE WHEN TRUE THEN 1429031988 END , id : reduce(a=98 ,b IN []|a) } ] - ( n14 { id : 99 } ) WITH * OPTIONAL MATCH ()-[:TYPE]-() RETURN n14 AS a4 ;
MATCH (a) RETURN a;
MATCH (a) RETURN a;
MATCH (b)-[a]->(c) RETURN a;
MATCH (b)-[a]->(c) RETURN a;
CREATE ({id:100})<-[r0 :T2{id:101}]-( :L4{k25:reduce(a=NULL,b IN [(-967731646-NULL), NULL]|a), id:102})-[r1 :T5{k72:NULL, id:103}]->(n0{k0:substring(CASE WHEN NULL THEN 'M' END, abs(-1359635151), abs(NULL)), id:104}) CREATE p0=(n1 :L6{id:105})<-[r2 :T2{id:106}]-({k35:NULL, id:107})-[ :T5{id:108}]->(n2{id:109}), ( :L3{id:110}) CREATE (n3{id:111}) RETURN 1 AS a0;
CREATE ( { id : 100 } ) < - [ r0 : T2 { id : 101 } ] - ( : L4 { k25 : reduce ( a = NULL , b IN [ reduce(a=( -967731646 - NULL ) ,b IN []|a) , NULL ] | a ) , id : 102 } ) - [ r1 : T5 { k72 : CASE WHEN FALSE THEN NULL ELSE NULL END , id : 103 } ] - > ( n0 { k0 : substring ( CASE WHEN NULL THEN 'M' END , abs ( CASE WHEN TRUE THEN -1359635151 END ) , abs ( NULL ) ) , id : 104 } ) CREATE p0 = ( n1 : L6 { id : 105 } ) < - [ r2 : T2 { id : 106 } ] - ( { k35 : NULL , id : 107 } ) - [ : T5 { id : 108 } ] - > ( n2 { id : 109 } ) CREATE ( : L3 { id : 110 } ) WITH * UNWIND [NULL] as l0 CREATE ( n3 { id : 111 } ) WITH * RETURN reduce(a=1 ,b IN []|a) AS a0 ;
MATCH (a) RETURN a;
MATCH (a) RETURN a;
MATCH (b)-[a]->(c) RETURN a;
MATCH (b)-[a]->(c) RETURN a;
CALL{WITH * MATCH ({k27:NULL})-[]->({k22:type(NULL)})-[*0..0]-(n1), (n2{k24:-1186680354})-[]-()-[r0]-(n3 :L3{k20:NULL}) MERGE ( :L3{k21:'G', id:112}) RETURN (n3.k23) AS a0, 1 AS a1} CREATE (n4{id:113})-[r1 :T1{id:114}]->({id:115}), ({id:116})-[r2 :T1{id:117}]->(n5 :L0{k2:1808792599, id:118}) CREATE ({k24:a1, id:119})-[r3 :T1{id:120}]->(n6 :L3{id:121}) RETURN 1 AS a2, NULL AS a3;
CALL { WITH * MATCH ( { k27 : NULL } ) - [ ] - > ( { k22 : type ( NULL ) } ) - [ * 0 .. 0 ] - ( n1 ) ,( n2 { k24 : -1186680354 } ) - [ ] - ( ) - [ r0 ] - ( n3 : L3 { k20 : CASE WHEN TRUE THEN NULL END } ) UNWIND [NULL] as l0 MERGE ( : L3 { k21 : CASE WHEN FALSE THEN NULL ELSE 'G' END , id : 112 } ) RETURN ( n3 . k23 ) AS a0 , CASE WHEN FALSE THEN NULL ELSE 1 END AS a1 LIMIT 1 } WITH * CREATE ( n4 { id : 113 } ) - [ r1 : T1 { id : reduce(a=114 ,b IN []|a) } ] - > ( { id : 115 } ) CREATE (n5 :L0{k2:1808792599, id:118})<-[ r2 : T1 { id : 117 } ] -( { id : 116 } ) CREATE (c0{id:-1}) DELETE (c0) CREATE ( { k24 : reduce(a=a1 ,b IN []|a) , id : CASE WHEN TRUE THEN 119 END } ) - [ r3 : T1 { id : 120 } ] - > ( n6 : L3 { id : 121 } ) RETURN 1 AS a2 , NULL AS a3 ;
MATCH (a) RETURN a;
MATCH (a) RETURN a;
MATCH (b)-[a]->(c) RETURN a;
MATCH (b)-[a]->(c) RETURN a;
CREATE ( :L6{id:122})<-[ :T0{id:123}]-(n0{id:124})-[r0 :T1{id:125}]->({id:126}) CREATE (n1{id:127}) MERGE ( :L0{id:128})<-[r1 :T5{id:129}]-(n2{k29:true, k33:'6AJ', id:130}) RETURN n2 AS a0, n2 AS a1;
CREATE ({id:126})<-[ r0 : T1 { id : CASE WHEN TRUE THEN 125 END } ] -(n0{id:124})-[ : T0 { id : CASE WHEN TRUE THEN 123 END } ] ->( : L6 { id : CASE WHEN FALSE THEN NULL ELSE 122 END } ) WITH * OPTIONAL MATCH ()-[:TYPE]-() CREATE ( n1 { id : CASE WHEN TRUE THEN 127 END } ) MERGE ( : L0 { id : reduce(a=128 ,b IN []|a) } ) < - [ r1 : T5 { id : 129 } ] - ( n2 { k29 : true , k33 : CASE WHEN FALSE THEN NULL ELSE '6AJ' END , id : 130 } ) DETACH DELETE NULL RETURN n2 AS a0 , n2 AS a1 ;
MATCH (a) RETURN a;
MATCH (a) RETURN a;
MATCH (b)-[a]->(c) RETURN a;
MATCH (b)-[a]->(c) RETURN a;
CREATE p0=(n0 :L5{k35:substring(NULL, abs(NULL), abs(((NULL*NULL)-(-19680639/-1784369304)))), id:131})-[r0 :T2{id:132}]->( :L6{k42:CASE WHEN (NULL AND NULL) THEN false END, id:133})<-[r1 :T0{id:134}]-(n1 :L0{id:135}), (n2{id:136}) CREATE (n3{k5:1748991369, id:137})-[ :T0{id:138}]->({id:139})<-[ :T2{id:140}]-(n4{k28:NULL, id:141}) CREATE ( :L0{id:142})-[r2 :T1{id:143}]->(n5 :L0{id:144})-[r3 :T0{k49:NULL, id:145}]->(n6{k38:(-379804021 >= (NULL*-1908808799)), id:146}) RETURN true AS a0 UNION MATCH (n0)-[r0]->()-[]-( :L5) MERGE (n1{id:147})-[ :T0{k49:true, id:148}]-({id:149}) SET n1.k=NULL RETURN DISTINCT false AS a0 ORDER BY CASE WHEN true THEN NULL END, a0;
CREATE p0 = ( n0 : L5 { k35 : substring ( NULL , CASE WHEN TRUE THEN abs ( NULL ) END , abs ( ( ( NULL * NULL ) - ( reduce(a=-19680639 / -1784369304 ,b IN []|a) ) ) ) ) , id : 131 } ) - [ r0 : T2 { id : 132 } ] - > ( : L6 { k42 : CASE WHEN ( NULL AND NULL ) THEN false END , id : 133 } ) < - [ r1 : T0 { id : reduce(a=134 ,b IN []|a) } ] - ( n1 : L0 { id : 135 } ) CREATE ( n2 { id : reduce(a=136 ,b IN []|a) } ) CREATE ( n3 { k5 : reduce(a=1748991369 ,b IN []|a) , id : 137 } ) - [ : T0 { id : 138 } ] - > ( { id : 139 } ) < - [ : T2 { id : 140 } ] - ( n4 { k28 : NULL , id : 141 } ) WITH * OPTIONAL MATCH ()-[:TYPE]-() CREATE ( : L0 { id : reduce(a=142 ,b IN []|a) } ) - [ r2 : T1 { id : 143 } ] - > ( n5 : L0 { id : 144 } ) - [ r3 : T0 { k49 : NULL , id : 145 } ] - > ( n6 { k38 : ( -379804021 >= ( NULL * -1908808799 ) ) , id : 146 } ) CREATE (c0{id:-1}) DELETE (c0) RETURN true AS a0 ORDER BY TRUE UNION MATCH (n0),()-[r0]->(),(nn0),()<-[m1]-(),(nn2:L5) WHERE exists((n0)-[r0]->(nn0)-[m1]-(nn2)) MERGE ( n1 { id : 147 } ) - [ : T0 { k49 : true , id : 148 } ] - ( { id : 149 } ) WITH * UNWIND [1] as l0 FOREACH(f in [1]|SET n1 . k = NULL ) WITH * UNWIND [1] as l1 RETURN DISTINCT false AS a0 ORDER BY CASE WHEN true THEN NULL END, a0 ,TRUE LIMIT 1 ;
MATCH (a) RETURN a;
MATCH (a) RETURN a;
MATCH (b)-[a]->(c) RETURN a;
MATCH (b)-[a]->(c) RETURN a;
UNWIND NULL AS a0 MERGE (n0{id:150})-[r0 :T1{id:151}]-(n1 :L0{id:152})-[r1 :T0{id:153}]-({id:154}) DETACH DELETE r0  RETURN a0 AS a1 LIMIT 1;
UNWIND NULL AS a0 MERGE ( n0 { id : 150 } ) - [ r0 : T1 { id : 151 } ] - ( n1 : L0 { id : 152 } ) - [ r1 : T0 { id : 153 } ] - ( { id : 154 } ) DETACH DELETE r0 WITH * UNWIND [NULL] as l0 RETURN a0 AS a1 LIMIT 1 ;
MATCH (a) RETURN a;
MATCH (a) RETURN a;
MATCH (b)-[a]->(c) RETURN a;
MATCH (b)-[a]->(c) RETURN a;
FOREACH(a1 IN [NULL]|CREATE ({k42:NULL, id:155})<-[r0 :T2{k59:63116079, id:156}]-(n0{id:157})-[ :T5{id:158}]->({k4:(false IS NOT NULL), id:159}), (n1{id:160})<-[ :T2{k59:1597829152, id:161}]-(n2{k29:false, id:162}) CREATE p0=(n3{k41:217594735, id:163}), ( :L6{id:164})<-[ :T2{k60:(369733919+(NULL/-429917376)), id:165}]-({k35:NULL, id:166}) CREATE ( :L6{id:167})<-[r1 :T0{k44:'fBWD', id:168}]-({k0:'u', id:169}), p1=(n4 :L5{k28:NULL, id:170})-[ :T1{id:171}]->(n5{id:172})-[r2 :T1{k53:'t', id:173}]->({id:174})) CREATE ({k20:NULL, id:175}) MERGE ({id:176}) RETURN DISTINCT 1 AS a2 UNION WITH * OPTIONAL MATCH (n0) WHERE false SET n0.k=reduce(a=true,b IN [true]|a) RETURN NULL AS a2;
FOREACH ( a1 IN ([ NULL ] +[]) | CREATE ( { k42 : NULL , id : CASE WHEN FALSE THEN NULL ELSE 155 END } ) < - [ r0 : T2 { k59 : 63116079 , id : 156 } ] - ( n0 { id : 157 } ) - [ : T5 { id : 158 } ] - > ( { k4 : ( false IS NOT NULL ) , id : 159 } ) CREATE (n1{ id : 160 } )CREATE (n1)< - [ : T2 { k59 : 1597829152 , id : CASE WHEN TRUE THEN 161 END } ] - ( n2 { k29 : false , id : CASE WHEN TRUE THEN 162 END } ) CREATE p0 = ( n3 { k41 : 217594735 , id : CASE WHEN TRUE THEN 163 END } ) CREATE (m0: L6 { id : 164 } )CREATE (m0)< - [ : T2 { k60 : reduce(a=( 369733919 + ( NULL / -429917376 ) ) ,b IN []|a) , id : 165 } ] - ( { k35 : NULL , id : 166 } ) CREATE (m1: L6 { id : reduce(a=167 ,b IN []|a) } )CREATE (m1)< - [ r1 : T0 { k44 : 'fBWD' , id : 168 } ] - ( { k0 : 'u' , id : 169 } ) CREATE p1 = ( n4 : L5 { k28 : NULL , id : 170 } ) - [ : T1 { id : reduce(a=171 ,b IN []|a) } ] - > ( n5 { id : 172 } ) - [ r2 : T1 { k53 : 't' , id : 173 } ] - > ( { id : 174 } ) CREATE (c0{id:-1}) DELETE (c0) ) REMOVE (NULL).k CREATE ( { k20 : NULL , id : 175 } ) MERGE ( { id : 176 } ) WITH * RETURN DISTINCT 1 AS a2 UNION WITH * OPTIONAL MATCH ( n0 ) WHERE false WITH * SET n0 . k = reduce ( a = true , b IN [ true ] | a ) WITH * UNWIND [1] as l0 RETURN NULL AS a2 ;
MATCH (a) RETURN a;
MATCH (a) RETURN a;
MATCH (b)-[a]->(c) RETURN a;
MATCH (b)-[a]->(c) RETURN a;
FOREACH(a0 IN NULL|CREATE (n0{id:177})<-[r0 :T5{id:178}]-(n1{k28:'P', id:179})-[ :T1{id:180}]->(n2{id:181}), (n3{k2:1663427054, id:182})<-[ :T5{id:183}]-(n4 :L4 :L5{id:184}) CREATE ({k1:NULL, id:185})<-[ :T5{k74:'X', id:186}]-(n5 :L5{id:187}), (n6{id:188})-[r1 :T1{k50:NULL, id:189}]->(n7{k23:(NULL <= NULL), id:190})-[ :T1{id:191}]->(n8{id:192}) MERGE ( :L6{id:193})-[r2 :T0{k48:true, id:194}]-({k0:'Izr9HOPM6', id:195})) MERGE (n9{id:196}) MERGE ({id:197}) RETURN 1 AS a1;
FOREACH ( a0 IN NULL | CREATE ( n0 { id : 177 } ) < - [ r0 : T5 { id : 178 } ] - ( n1 { k28 : reduce(a='P' ,b IN []|a) , id : reduce(a=179 ,b IN []|a) } ) - [ : T1 { id : 180 } ] - > ( n2 { id : 181 } ) CREATE ( n3 { k2 : 1663427054 , id : reduce(a=182 ,b IN []|a) } ) < - [ : T5 { id : 183 } ] - ( n4 : L4 : L5 { id : 184 } ) REMOVE (NULL).NULL CREATE ( { k1 : NULL , id : CASE WHEN TRUE THEN 185 END } ) < - [ : T5 { k74 : 'X' , id : 186 } ] - ( n5 : L5 { id : 187 } ) CREATE (n6{ id : 188 } )CREATE (n6)- [ r1 : T1 { k50 : NULL , id : 189 } ] - > ( n7 { k23 : ( NULL <= NULL ) , id : 190 } ) - [ : T1 { id : 191 } ] - > ( n8 { id : CASE WHEN TRUE THEN 192 END } ) CREATE (c0{id:-1}) DELETE (c0) MERGE pp0=( : L6 { id : 193 } ) - [ r2 : T0 { k48 : true , id : 194 } ] - ( { k0 : reduce(a='Izr9HOPM6' ,b IN []|a) , id : 195 } ) ) WITH * UNWIND [1] as l0 MERGE ( n9 { id : reduce(a=196 ,b IN []|a) } ) CREATE (c1{id:-1}) DELETE (c1) MERGE pp1=( { id : 197 } ) WITH * RETURN CASE WHEN FALSE THEN NULL ELSE 1 END AS a1 ;
