-- Time: 2024/07/05 16:33:21
-- Database: memgraph_database103
-- Database version: composite
-- seed value: 1720168297078
CREATE (n0 {id : 0});
CREATE (n0 {id : 1});
CREATE (n0 :L0{k1 : false, k2 : false, k3 : -982200146, k5 : false, id : 2, k6 : 'YtcjD'});
CREATE (n0 :L3:L1{k20 : 1557635969, k22 : true, k11 : 'U', id : 3, k21 : 'H', k10 : '8', k24 : false, k7 : false, k13 : false, k8 : 1259019570, k12 : true, k9 : true});
MATCH (n0 {id : 3}), (n1 {id : 0}) MERGE(n0)-[r :T1{k42 : 'BY', k44 : 'QL8DjrJt', id : 4, k43 : 'm2X', k46 : -498076571, k45 : 's'}]->(n1);
MATCH (n0 {id : 2}), (n1 {id : 3}) MERGE(n0)-[r :T1{k42 : 'r', k44 : 'PAE', id : 5, k43 : '6', k46 : -768493144, k45 : 'O'}]->(n1);
MATCH (n0 {id : 2}), (n1 {id : 3}) MERGE(n0)-[r :T0{k39 : -1309051659, k38 : false, k40 : 'dTrA', k41 : false, id : 6, k37 : true}]->(n1);
FOREACH(a0 IN NULL|MERGE p0=( :L1{k25:'EOG', id:7})-[r0 :T0{id:8}]-(n0 :L0{id:9}) CREATE ( :L3{k20:1388683782, k8:-1099355309, id:10}) MERGE ( :L1{k20:-2061024575, id:11})-[ :T0{id:12}]-({id:13})) CREATE p1=(n1{id:14}), (n2{id:15})<-[ :T1{id:16}]-(n3 :L3 :L1{k20:-239110122, k11:NULL, id:17})<-[r1 :T0{id:18}]-({id:19}) CREATE (n4 :L3 :L1{k21:substring(NULL, abs(-1259991115), abs(CASE WHEN ('b' CONTAINS 'L') THEN NULL END)), id:20})<-[ :T0{id:21}]-({id:22})-[ :T1{id:23}]->({k21:NULL, id:24}), p2=(n5{id:25})<-[r2 :T1{k45:NULL, id:26}]-({k8:NULL, id:27})<-[r3 :T0{id:28}]-({id:29}) RETURN 1 AS a1;
FOREACH ( a0 IN reduce(a=NULL ,b IN []|a) | MERGE p0 = ( : L1 { k25 : CASE WHEN FALSE THEN NULL ELSE 'EOG' END , id : CASE WHEN FALSE THEN NULL ELSE 7 END } ) - [ r0 : T0 { id : 8 } ] - ( n0 : L0 { id : 9 } ) CREATE ( : L3 { k20 : 1388683782 , k8 : -1099355309 , id : 10 } ) MERGE ( : L1 { k20 : -2061024575 , id : 11 } ) - [ : T0 { id : 12 } ] - ( { id : 13 } ) CREATE (c0{id:-1}) DELETE (c0) ) WITH * CREATE p1 = ( n1 { id : 14 } ) CREATE ( n2 { id : 15 } ) < - [ : T1 { id : 16 } ] - ( n3 : L3 : L1 { k20 : -239110122 , k11 : NULL , id : CASE WHEN TRUE THEN 17 END } ) < - [ r1 : T0 { id : reduce(a=18 ,b IN []|a) } ] - ( { id : 19 } ) WITH * CREATE ( n4 : L3 : L1 { k21 : reduce(a=substring ( NULL , reduce(a=abs ( reduce(a=-1259991115 ,b IN []|a) ) ,b IN []|a) , abs ( CASE WHEN ( 'b' CONTAINS 'L' ) THEN NULL END ) ) ,b IN []|a) , id : 20 } ) < - [ : T0 { id : 21 } ] - ( { id : CASE WHEN FALSE THEN NULL ELSE 22 END } ) - [ : T1 { id : 23 } ] - > ( { k21 : NULL , id : CASE WHEN FALSE THEN NULL ELSE 24 END } ) CREATE p2 = ( n5 { id : 25 } ) < - [ r2 : T1 { k45 : NULL , id : 26 } ] - ( { k8 : NULL , id : CASE WHEN FALSE THEN NULL ELSE 27 END } ) < - [ r3 : T0 { id : 28 } ] - ( { id : 29 } ) WITH * UNWIND [NULL] as l0 RETURN 1 AS a1 ;
MATCH (a) RETURN a;
MATCH (a) RETURN a;
MATCH (b)-[a]->(c) RETURN a;
MATCH (b)-[a]->(c) RETURN a;
UNWIND NULL AS a0 MERGE ( :L3{id:30})-[r0 :T1{id:31}]->({id:32}) CREATE ({id:33})<-[ :T1{id:34}]-(n0 :L1{k20:-722286390, id:35})<-[r1 :T0{id:36}]-(n1 :L0{id:37}) RETURN 1 AS a1, 1 AS a2;
UNWIND NULL AS a0 MERGE pp0=( : L3 { id : 30 } ) - [ r0 : T1 { id : 31 } ] - > ( { id : 32 } ) DELETE (NULL) CREATE ( { id : 33 } ) < - [ : T1 { id : CASE WHEN TRUE THEN 34 END } ] - ( n0 : L1 { k20 : -722286390 , id : 35 } ) < - [ r1 : T0 { id : 36 } ] - ( n1 : L0 { id : reduce(a=37 ,b IN []|a) } ) RETURN 1 AS a1 , 1 AS a2 LIMIT 1 ;
MATCH (a) RETURN a;
MATCH (a) RETURN a;
MATCH (b)-[a]->(c) RETURN a;
MATCH (b)-[a]->(c) RETURN a;
CREATE (n0{id:38})<-[r0 :T0{id:39}]-(n1{id:40}) MERGE ( :L1{k12:false, id:41}) CREATE ({id:42}) RETURN 1 AS a0;
CREATE ( n0 { id : 38 } ) < - [ r0 : T0 { id : 39 } ] - ( n1 { id : 40 } ) WITH * UNWIND [NULL] as l0 MERGE ( : L1 { k12 : reduce(a=false ,b IN []|a) , id : 41 } ) CREATE ( { id : reduce(a=42 ,b IN []|a) } ) RETURN 1 AS a0 ;
MATCH (a) RETURN a;
MATCH (a) RETURN a;
MATCH (b)-[a]->(c) RETURN a;
MATCH (b)-[a]->(c) RETURN a;
CREATE ( :L3{k22:true, id:43})<-[ :T0{id:44}]-({id:45}) MERGE ({k24:false, id:46})-[r0 :T0{k39:-1520710858, id:47}]-({id:48})-[r1 :T1{id:49}]->(n0 :L3 :L1{k13:true, id:50}) DETACH DELETE n0  RETURN DISTINCT 1 AS a0;
CREATE ({id:45})-[ : T0 { id : 44 } ] ->( : L3 { k22 : true , id : 43 } ) MERGE ( { k24 : false , id : 46 } ) - [ r0 : T0 { k39 : -1520710858 , id : CASE WHEN FALSE THEN NULL ELSE 47 END } ] - ( { id : 48 } ) - [ r1 : T1 { id : 49 } ] - > ( n0 : L3 : L1 { k13 : true , id : reduce(a=50 ,b IN []|a) } ) WITH * UNWIND [NULL] as l0 DETACH DELETE reduce(a=n0 ,b IN []|a) WITH * RETURN DISTINCT 1 AS a0 LIMIT 1 ;
MATCH (a) RETURN a;
MATCH (a) RETURN a;
MATCH (b)-[a]->(c) RETURN a;
MATCH (b)-[a]->(c) RETURN a;
UNWIND [NULL] AS a0 CREATE ({id:51})<-[r0 :T1{k42:NULL, id:52}]-(n0 :L1{k21:'AsNGJI', id:53}), (n1{id:54}) CREATE ( :L0{id:55})-[ :T1{k44:reverse(NULL), id:56}]->({k20:NULL, k13:true, id:57})<-[ :T0{id:58}]-({k6:'xvbIpaX', id:59}) RETURN 1 AS a1;
UNWIND ([]+[ NULL ] )AS a0 REMOVE (NULL).NULL CREATE ( { id : 51 } ) < - [ r0 : T1 { k42 : reduce(a=NULL ,b IN []|a) , id : 52 } ] - ( n0 : L1 { k21 : (''+'AsNGJI' ), id : CASE WHEN FALSE THEN NULL ELSE 53 END } ) CREATE ( n1 { id : 54 } ) WITH * CREATE ( : L0 { id : 55 } ) - [ : T1 { k44 : reverse ( NULL ) , id : 56 } ] - > ( { k20 : NULL , k13 : true , id : 57 } ) < - [ : T0 { id : 58 } ] - ( { k6 : 'xvbIpaX' , id : 59 } ) WITH * RETURN 1 AS a1 ;
MATCH (a) RETURN a;
MATCH (a) RETURN a;
MATCH (b)-[a]->(c) RETURN a;
MATCH (b)-[a]->(c) RETURN a;
OPTIONAL MATCH (n0), (n0) SET n0.k=(true OR NULL) CREATE p0=({id:60}), (n1{id:61}) RETURN 1 AS a0;
OPTIONAL MATCH (n0),(n0) UNWIND [NULL] as l0 SET n0 . k = CASE WHEN FALSE THEN NULL ELSE ( true OR NULL ) END WITH * UNWIND [1] as l1 CREATE p0 = ( { id : 60 } ) CREATE ( n1 { id : 61 } ) WITH * OPTIONAL MATCH ()-[:TYPE]-() RETURN CASE WHEN FALSE THEN NULL ELSE 1 END AS a0 ;
MATCH (a) RETURN a;
MATCH (a) RETURN a;
MATCH (b)-[a]->(c) RETURN a;
MATCH (b)-[a]->(c) RETURN a;
FOREACH(a0 IN NULL|MERGE (n0 :L0{k0:true, id:62})-[r0 :T0{id:63}]->(n1{id:64}) CREATE ({id:65})-[ :T0{id:66}]->( :L3 :L1{k24:NULL, id:67}), ({k22:NULL, id:68}) MERGE (n2{id:69})-[r1 :T0{k40:'o', id:70}]->({k7:('DH' STARTS WITH 'C'), id:71})) MERGE (n3{k12:false, id:72}) SET n3.k=NULL RETURN 1 AS a1, 1 AS a2 SKIP 0 UNION ALL MATCH p0=(n0), (n0) MATCH (n1), ()-[r0 :T0{k41:true}]->({k20:reduce(a=(r0.k39),b IN [137934031, -733751669]|a)}) MERGE (n2{id:73}) RETURN r0 AS a1, p0 AS a2;
FOREACH ( a0 IN NULL | MERGE ( n0 : L0 { k0 : true , id : CASE WHEN TRUE THEN 62 END } ) - [ r0 : T0 { id : 63 } ] - > ( n1 { id : CASE WHEN TRUE THEN 64 END } ) DETACH DELETE NULL CREATE (m0{ id : 65 } )CREATE (m0)- [ : T0 { id : 66 } ] - > ( : L3 : L1 { k24 : NULL , id : 67 } ) CREATE ( { k22 : NULL , id : 68 } ) MERGE ( n2 { id : reduce(a=69 ,b IN []|a) } ) - [ r1 : T0 { k40 : 'o' , id : 70 } ] - > ( { k7 : ( 'DH' STARTS WITH 'C' ) , id : 71 } ) ) MERGE ( n3 { k12 : false , id : 72 } ) WITH * SET n3 . k = NULL WITH * RETURN 1 AS a1 , 1 AS a2 SKIP reduce(a=0 ,b IN []|a) UNION ALL MATCH p0 = ( n0 ) ,(n0)-[*0..0]-( n0 ) WITH * DELETE NULL WITH * MATCH ( n1 ) ,( ) - [ r0 : T0 { k41 : true } ] - > ( { k20 : reduce ( a = CASE WHEN TRUE THEN ( r0 . k39 ) END , b IN [ 137934031 , -733751669 ] | a ) } ) WITH * MERGE ( n2 { id : 73 } ) SET (NULL).k=1 RETURN CASE WHEN TRUE THEN r0 END AS a1 , p0 AS a2 ;
MATCH (a) RETURN a;
MATCH (a) RETURN a;
MATCH (b)-[a]->(c) RETURN a;
MATCH (b)-[a]->(c) RETURN a;
UNWIND reduce(a=[(n0 :L3 :L1)-[]-(n1)|NULL],b IN [NULL, NULL]|a) AS a0 OPTIONAL MATCH ( :L0)-[]->(), (n0) SET n0.k=NULL RETURN 1 AS a1 SKIP 1;
UNWIND reduce ( a = [ ( n0 : L3 : L1 ) - [ ] - ( n1 ) | NULL ] , b IN [ NULL , NULL ] | a ) AS a0 UNWIND [1] as l0 OPTIONAL MATCH ( :L0)-[]->(),(n0) OPTIONAL MATCH ()-[:TYPE]-() SET n0 . k = NULL RETURN CASE WHEN FALSE THEN NULL ELSE 1 END AS a1 SKIP 1 ;
MATCH (a) RETURN a;
MATCH (a) RETURN a;
MATCH (b)-[a]->(c) RETURN a;
MATCH (b)-[a]->(c) RETURN a;
OPTIONAL MATCH (n0 :L1), () CREATE (n1 :L1{k12:(-129674746 = (n0.k8)), id:74})<-[r0 :T1{id:75}]-(n2{id:76})-[r1 :T0{k38:(-2040993546 < CASE WHEN (false OR false) THEN 988158536 END), id:77}]->(n3{k10:NULL, id:78}) MERGE (n4{k0:true, id:79})-[r2 :T1{id:80}]-(n5{id:81}) RETURN r2 AS a0;
OPTIONAL MATCH (n0 :L1),() CREATE (n1: L1 { k12 : CASE WHEN TRUE THEN ( -129674746 = ( reduce(a=n0 . k8 ,b IN []|a) ) ) END , id : reduce(a=74 ,b IN []|a) } )CREATE (n1)< - [ r0 : T1 { id : 75 } ] - ( n2 { id : 76 } ) - [ r1 : T0 { k38 : ( -2040993546 < CASE WHEN ( CASE WHEN TRUE THEN false OR false END ) THEN CASE WHEN TRUE THEN 988158536 END END ) , id : 77 } ] - > ( n3 { k10 : NULL , id : 78 } ) DETACH DELETE NULL MERGE ( n4 { k0 : true , id : 79 } ) - [ r2 : T1 { id : 80 } ] - ( n5 { id : 81 } ) RETURN r2 AS a0 ORDER BY FALSE DESC ;
MATCH (a) RETURN a;
MATCH (a) RETURN a;
MATCH (b)-[a]->(c) RETURN a;
MATCH (b)-[a]->(c) RETURN a;
MATCH ()-[]-(), p0=(n0)-[]-(n1) CREATE ({k7:(false OR (NULL OR ((round(-2076927619)+round(-723329077)) >= (20615164+NULL)))), id:82})<-[ :T0{id:83}]-({id:84}), ({id:85})<-[ :T1{id:86}]-(n2{k2:true, id:87})-[ :T0{k38:true, id:88}]->(n3 :L1{id:89}) DETACH DELETE n1  RETURN n0 AS a0, n0 AS a1 LIMIT 0;
MATCH ( ) - [ ] - ( ) ,p0 = ( n0 ) - [ ] - ( n1 ) OPTIONAL MATCH ()-[:TYPE]-() CREATE ( { k7 : ( CASE WHEN FALSE THEN NULL ELSE false OR ( CASE WHEN TRUE THEN NULL OR ( ( round ( -2076927619 ) + round ( -723329077 ) ) >= ( 20615164 + NULL ) ) END ) END ) , id : 82 } ) < - [ : T0 { id : 83 } ] - ( { id : 84 } ) CREATE ( { id : 85 } ) < - [ : T1 { id : 86 } ] - ( n2 { k2 : true , id : reduce(a=87 ,b IN []|a) } ) - [ : T0 { k38 : true , id : 88 } ] - > ( n3 : L1 { id : reduce(a=89 ,b IN []|a) } ) CREATE (c0{id:-1}) DELETE (c0) DETACH DELETE n1 RETURN n0 AS a0 , n0 AS a1 LIMIT 0 ;
MATCH (a) RETURN a;
MATCH (a) RETURN a;
MATCH (b)-[a]->(c) RETURN a;
MATCH (b)-[a]->(c) RETURN a;
CALL{WITH * CREATE (n0{k5:NULL, id:90})-[r0 :T0{id:91}]->(n1 :L3{k23:true, id:92})-[ :T1{id:93}]->({id:94}), p0=(n2{id:95}) CREATE (n3{id:96})<-[r1 :T1{k44:reverse(NULL), id:97}]-(n4{id:98})<-[ :T1{id:99}]-({k1:true, id:100}), ({id:101}) RETURN DISTINCT 1 AS a0} MATCH ()-[]-(n5) DETACH DELETE n5,NULL  RETURN 1 AS a1, 1 AS a2;
CALL { WITH * REMOVE (NULL).k CREATE (n0{ k5 : reduce(a=NULL ,b IN []|a) , id : 90 } )CREATE (n0)- [ r0 : T0 { id : 91 } ] - > ( n1 : L3 { k23 : true , id : 92 } ) - [ : T1 { id : 93 } ] - > ( { id : 94 } ) CREATE p0 = ( n2 { id : 95 } ) CREATE (n3{ id : 96 } )CREATE (n3)< - [ r1 : T1 { k44 : reverse ( NULL ) , id : 97 } ] - ( n4 { id : 98 } ) < - [ : T1 { id : 99 } ] - ( { k1 : true , id : 100 } ) CREATE ( { id : CASE WHEN TRUE THEN 101 END } ) WITH * UNWIND [1] as l0 RETURN DISTINCT CASE WHEN TRUE THEN 1 END AS a0 } SET (NULL).TRUE=1 WITH * MATCH ( ) - [ ] - ( n5 ) WITH * UNWIND [NULL] as l1 DETACH DELETE n5 , NULL WITH * UNWIND [NULL] as l2 RETURN CASE WHEN FALSE THEN NULL ELSE 1 END AS a1 , 1 AS a2 SKIP 1 ;
MATCH (a) RETURN a;
MATCH (a) RETURN a;
MATCH (b)-[a]->(c) RETURN a;
MATCH (b)-[a]->(c) RETURN a;
CALL{WITH * FOREACH(a5 IN reduce(a=[('W' ENDS WITH 'GF'), NULL],b IN [NULL]|a)|MERGE (n2{id:102}) MERGE p1=(n3{id:103})-[ :T0{id:104}]-(n4 :L3{id:105}) CREATE ({id:106})<-[r1 :T1{id:107}]-(n5 :L1{k24:false, id:108})<-[r2 :T1{id:109}]-({id:110})) CREATE (n6{id:111})<-[ :T0{k39:NULL, id:112}]-( :L3{id:113}) RETURN 1 AS a6, collect(relationships(NULL)[abs(-692747011)])[abs(1046053236)] AS a7} UNWIND NULL AS a8 MERGE (n7 :L3 :L1{id:114})-[r3 :T0{id:115}]-(n8{id:116}) RETURN r3 AS a9, -1559928619 AS a10 UNION ALL CALL{WITH * MATCH (), (n0) WHERE true REMOVE n0.k2 RETURN n0 AS a0 ORDER BY NULL, a0 DESC} OPTIONAL MATCH p0=(a0), () WHERE NULL MERGE (n1{id:117}) RETURN DISTINCT 1 AS a9, a0 AS a10;
CALL { WITH * DETACH DELETE NULL FOREACH ( a5 IN reduce ( a = [ ( reduce(a='W' ENDS WITH 'GF' ,b IN []|a) ) , NULL ] , b IN [ CASE WHEN FALSE THEN NULL ELSE NULL END ] | reduce(a=a ,b IN []|a) ) | MERGE ( n2 { id : reduce(a=102 ,b IN []|a) } ) MERGE p1 = ( n3 { id : 103 } ) - [ : T0 { id : 104 } ] - ( n4 : L3 { id : 105 } ) CREATE (c0{id:-1}) DELETE (c0) CREATE ( { id : 106 } ) < - [ r1 : T1 { id : 107 } ] - ( n5 : L1 { k24 : CASE WHEN TRUE THEN false END , id : 108 } ) < - [ r2 : T1 { id : 109 } ] - ( { id : 110 } ) SET (NULL).TRUE=1 ) WITH * CREATE ( n6 { id : 111 } ) < - [ : T0 { k39 : NULL , id : 112 } ] - ( : L3 { id : reduce(a=113 ,b IN []|a) } ) WITH * RETURN reduce(a=1 ,b IN []|a) AS a6 , collect ( CASE WHEN FALSE THEN NULL ELSE ([]+relationships ( NULL ) )[ CASE WHEN TRUE THEN abs ( -692747011 ) END ] END ) [ abs ( 1046053236 ) ] AS a7 } DELETE (NULL) WITH * UNWIND NULL AS a8 SET (NULL).NULL=1 MERGE ( n7 : L3 : L1 { id : 114 } ) - [ r3 : T0 { id : 115 } ] - ( n8 { id : 116 } ) RETURN r3 AS a9 , -1559928619 AS a10 LIMIT 1 UNION ALL CALL { WITH * DETACH DELETE (NULL) WITH * MATCH ( ) ,( n0 ) WHERE reduce(a=true ,b IN []|a) UNWIND [1] as l0 REMOVE n0 . k2 RETURN n0 AS a0 ORDER BY NULL, a0 DESC } WITH * OPTIONAL MATCH p0 = ( a0 ) ,( ) WHERE NULL CREATE (c1{id:-1}) DELETE (c1) MERGE ( n1 { id : reduce(a=117 ,b IN []|a) } ) RETURN DISTINCT CASE WHEN TRUE THEN 1 END AS a9 , reduce(a=a0 ,b IN []|a) AS a10 ;
MATCH (a) RETURN a;
MATCH (a) RETURN a;
MATCH (b)-[a]->(c) RETURN a;
MATCH (b)-[a]->(c) RETURN a;
MATCH () WHERE NULL MATCH ()<-[r0 :T1{k43:('T'+NULL)}]-( :L3)<-[]-(n0) CREATE (n1 :L0{id:118})-[r1 :T0{id:119}]->(n2 :L1{id:120}), p0=({id:121})<-[ :T1{k43:'nTpn', id:122}]-(n3 :L3{k25:substring(NULL, abs((r0.k46)), abs((r0.k47))), id:123}) RETURN ('K' < 'E') AS a0, 1 AS a1 ORDER BY a1 DESC UNION ALL OPTIONAL MATCH (n0), p0=() WHERE NULL CREATE p1=(n1{id:124}) CREATE (n2{id:125}), ({id:126}) RETURN n0 AS a0, n0 AS a1;
MATCH () WHERE NULL UNWIND [1] as l0 MATCH ( ) < - [ r0 : T1 { k43 : ( CASE WHEN FALSE THEN NULL ELSE 'T' + NULL END ) } ] - ( : L3 ) < - [ ] - ( n0 ) DELETE NULL CREATE (n1: L0 { id : 118 } )CREATE (n1)- [ r1 : T0 { id : 119 } ] - > ( n2 : L1 { id : 120 } ) CREATE p0 = ( { id : 121 } ) < - [ : T1 { k43 : 'nTpn' , id : CASE WHEN FALSE THEN NULL ELSE 122 END } ] - ( n3 : L3 { k25 : CASE WHEN FALSE THEN NULL ELSE substring ( NULL , abs ( CASE WHEN TRUE THEN ( r0 . k46 ) END ) , abs ( ( CASE WHEN TRUE THEN r0 . k47 END ) ) ) END , id : 123 } ) RETURN ( CASE WHEN FALSE THEN NULL ELSE 'K' < 'E' END ) AS a0 , 1 AS a1 ORDER BY a1 DESC LIMIT 1 UNION ALL OPTIONAL MATCH (n0)-[*0..0]-( n0 ) ,p0 = ( ) WHERE NULL SET (NULL).FALSE=1 CREATE p1 = ( n1 { id : 124 } ) WITH * OPTIONAL MATCH ()-[:TYPE]-() CREATE ( n2 { id : reduce(a=125 ,b IN []|a) } ) CREATE ( { id : 126 } ) WITH * OPTIONAL MATCH ()-[:TYPE]-() RETURN DISTINCT n0 AS a0 , reduce(a=n0 ,b IN []|a) AS a1 LIMIT 1 ;
MATCH (a) RETURN a;
MATCH (a) RETURN a;
MATCH (b)-[a]->(c) RETURN a;
MATCH (b)-[a]->(c) RETURN a;
FOREACH(a0 IN reduce(a=NULL,b IN [NULL]|a)|MERGE (n0{k6:'b', id:127}) MERGE ({id:128})-[r0 :T0{k41:false, id:129}]-(n1 :L3{id:130})-[r1 :T1{k44:'5', id:131}]-({id:132}) MERGE (n2{id:133})-[r2 :T1{id:134}]-({k8:388171069, id:135})-[r3 :T0{k39:500481206, id:136}]-({id:137})) CREATE ({k3:(NULL--1706784540), id:138})-[ :T1{id:139}]->(n3 :L1{k24:true, id:140}) MERGE ({k1:false, id:141}) RETURN 1 AS a1;
FOREACH ( a0 IN reduce ( a = NULL , b IN [ NULL ] | a ) | MERGE ( n0 { k6 : 'b' , id : 127 } ) MERGE ( { id : 128 } ) - [ r0 : T0 { k41 : false , id : 129 } ] - ( n1 : L3 { id : reduce(a=130 ,b IN []|a) } ) - [ r1 : T1 { k44 : '5' , id : 131 } ] - ( { id : 132 } ) MERGE ( n2 { id : reduce(a=133 ,b IN []|a) } ) - [ r2 : T1 { id : 134 } ] - ( { k8 : 388171069 , id : 135 } ) - [ r3 : T0 { k39 : 500481206 , id : 136 } ] - ( { id : 137 } ) ) CREATE ( { k3 : CASE WHEN TRUE THEN ( NULL - -1706784540 ) END , id : 138 } ) - [ : T1 { id : 139 } ] - > ( n3 : L1 { k24 : reduce(a=true ,b IN []|a) , id : 140 } ) WITH * UNWIND [1] as l0 MERGE ( { k1 : false , id : 141 } ) RETURN 1 AS a1 ;
MATCH (a) RETURN a;
MATCH (a) RETURN a;
MATCH (b)-[a]->(c) RETURN a;
MATCH (b)-[a]->(c) RETURN a;
CREATE p0=(n1{id:144}), p1=(n2{id:145}) MERGE ({id:146}) MERGE (n3{id:147}) RETURN 1 AS a4;
CREATE p0 = ( n1 { id : 144 } ) CREATE p1 = ( n2 { id : reduce(a=145 ,b IN []|a) } ) MERGE ( { id : 146 } ) MERGE ( n3 { id : 147 } ) RETURN 1 AS a4 ;
MATCH (a) RETURN a;
MATCH (a) RETURN a;
MATCH (b)-[a]->(c) RETURN a;
MATCH (b)-[a]->(c) RETURN a;
WITH NULL AS a0 MERGE p0=(n0{id:148}) SET n0.k=reduce(a=464915374,b IN [NULL]|a) RETURN 1 AS a1, n0 AS a2 UNION CREATE ( :L1{id:161}) CREATE (n8 :L0{id:162})-[r1 :T1{id:163}]->({id:164})<-[r2 :T0{id:165}]-(n9{id:166}), ({id:167})<-[r3 :T1{k46:(939389449/(1106244574+NULL)), id:168}]-(n10{k25:'N', id:169}) MERGE p0=(n11{id:170})-[r4 :T0{k41:(NOT true), id:171}]-( :L0{id:172}) RETURN DISTINCT collect(n11)[abs(-1894438796)] AS a1, n11 AS a2;
WITH NULL AS a0 SET (NULL).NULL=1 MERGE p0 = ( n0 { id : 148 } ) WITH * OPTIONAL MATCH ()-[:TYPE]-() SET n0 . k = reduce ( a = 464915374 , b IN [ NULL ] | a ) WITH * RETURN 1 AS a1 , n0 AS a2 UNION CREATE ( : L1 { id : CASE WHEN TRUE THEN 161 END } ) CREATE (n9{id:166})-[ r2 : T0 { id : 165 } ] ->({id:164})<-[ r1 : T1 { id : 163 } ] -( n8 : L0 { id : 162 } ) CREATE ( { id : 167 } ) < - [ r3 : T1 { k46 : ( 939389449 / ( 1106244574 + NULL ) ) , id : 168 } ] - ( n10 { k25 : 'N' , id : 169 } ) WITH * MERGE p0 = ( n11 { id : 170 } ) - [ r4 : T0 { k41 : ( NOT true ) , id : reduce(a=171 ,b IN []|a) } ] - ( : L0 { id : 172 } ) WITH * UNWIND [NULL] as l0 RETURN DISTINCT collect ( n11 ) [ abs ( -1894438796 ) ] AS a1 , n11 AS a2 ;
MATCH (a) RETURN a;
MATCH (a) RETURN a;
MATCH (b)-[a]->(c) RETURN a;
MATCH (b)-[a]->(c) RETURN a;
OPTIONAL MATCH (n0)<-[r0]-( :L1)-[]-(n1), ()<-[r1]-(n2) MERGE (n3{id:173}) CREATE p0=(n4{id:174})<-[r2 :T0{k41:(false AND false), id:175}]-(n5 :L3{k24:false, id:176}), ( :L0{id:177}) RETURN collect(nodes(reduce(a=NULL,b IN [NULL]|a))[abs(NULL)])[abs(-1710857846)] AS a0 UNION FOREACH(a0 IN NULL|MERGE ( :L0{id:178})-[r0 :T1{id:179}]-({id:180}) CREATE ({id:181})-[ :T1{id:182}]->({id:183})-[ :T1{id:184}]->(n0{id:185}) CREATE (n1 :L0{id:186})-[r1 :T1{id:187}]->({id:188})-[ :T1{id:189}]->({id:190})) CREATE ({id:191}), (n2 :L3{k8:(398527443*NULL), id:192}) CREATE ({id:193})<-[r2 :T0{id:194}]-(n3{id:195}), p0=(n4{k12:CASE WHEN ('E2kwLRpx' > '2') THEN (NULL ENDS WITH '2') END, id:196})<-[r3 :T0{k37:NULL, id:197}]-(n5 :L0{k5:(NULL CONTAINS substring('S', abs(-83305619), abs(NULL))), id:198})-[ :T1{id:199}]->( :L3 :L1{k9:true, id:200}) RETURN 192989422 AS a0;
OPTIONAL MATCH ( n0 ) < - [ r0 ] - ( : L1 ) - [ ] - ( n1 ) ,( ) < - [ r1 ] - ( n2 ) MERGE ( n3 { id : 173 } ) CREATE (c0{id:-1}) DELETE (c0) CREATE p0 = ( n4 { id : CASE WHEN TRUE THEN 174 END } ) < - [ r2 : T0 { k41 : ( false AND false ) , id : 175 } ] - ( n5 : L3 { k24 : false , id : 176 } ) CREATE ( : L0 { id : CASE WHEN TRUE THEN 177 END } ) RETURN reduce(a=collect ( nodes ( reduce ( a = reduce(a=NULL ,b IN []|a) , b IN ([]+[ NULL ] )| a ) ) [ abs ( NULL ) ] ) [ abs ( -1710857846 ) ] ,b IN []|a) AS a0 UNION FOREACH ( a0 IN NULL | MERGE ( : L0 { id : CASE WHEN TRUE THEN 178 END } ) - [ r0 : T1 { id : 179 } ] - ( { id : 180 } ) SET (NULL).k=1 CREATE (m0{ id : CASE WHEN FALSE THEN NULL ELSE 181 END } )CREATE (m0)- [ : T1 { id : 182 } ] - > ( { id : 183 } ) - [ : T1 { id : CASE WHEN TRUE THEN 184 END } ] - > ( n0 { id : 185 } ) CREATE (c1{id:-1}) DELETE (c1) CREATE ( n1 : L0 { id : 186 } ) - [ r1 : T1 { id : 187 } ] - > ( { id : 188 } ) - [ : T1 { id : 189 } ] - > ( { id : CASE WHEN FALSE THEN NULL ELSE 190 END } ) CREATE (c2{id:-1}) DELETE (c2) ) CREATE ( { id : 191 } ) CREATE ( n2 : L3 { k8 : ( 398527443 * NULL ) , id : 192 } ) WITH * UNWIND [NULL] as l0 CREATE (m1{ id : reduce(a=193 ,b IN []|a) } )CREATE (m1)< - [ r2 : T0 { id : 194 } ] - ( n3 { id : 195 } ) CREATE p0 = ( n4 { k12 : CASE WHEN CASE WHEN FALSE THEN NULL ELSE ( CASE WHEN TRUE THEN 'E2kwLRpx' > '2' END ) END THEN reduce(a=( NULL ENDS WITH '2' ) ,b IN []|a) END , id : 196 } ) < - [ r3 : T0 { k37 : NULL , id : 197 } ] - ( n5 : L0 { k5 : ( NULL CONTAINS substring ( 'S' , abs ( -83305619 ) , abs ( CASE WHEN FALSE THEN NULL ELSE NULL END ) ) ) , id : reduce(a=198 ,b IN []|a) } ) - [ : T1 { id : CASE WHEN TRUE THEN 199 END } ] - > ( : L3 : L1 { k9 : true , id : 200 } ) WITH * RETURN DISTINCT 192989422 AS a0 ;
MATCH (a) RETURN a;
MATCH (a) RETURN a;
MATCH (b)-[a]->(c) RETURN a;
MATCH (b)-[a]->(c) RETURN a;
UNWIND NULL AS a0 MATCH p0=(n0), (n1) CREATE p1=(n2{id:201})<-[r0 :T1{k43:NULL, id:202}]-(n5 :L3{k8:NULL, id:203}) RETURN relationships(p0)[abs(NULL)] AS a1, a0 AS a2 ORDER BY a1 DESC;
UNWIND NULL AS a0 OPTIONAL MATCH ()-[:TYPE]-() MATCH p0=(n0),(n1) DETACH DELETE (NULL) CREATE p1 = ( n2 { id : 201 } ) < - [ r0 : T1 { k43 : NULL , id : reduce(a=202 ,b IN []|a) } ] - ( n5 : L3 { k8 : NULL , id : 203 } ) WITH * RETURN relationships ( p0 ) [ abs ( reduce(a=NULL ,b IN []|a) ) ] AS a1 , a0 AS a2 ORDER BY a1 DESC ;
MATCH (a) RETURN a;
MATCH (a) RETURN a;
MATCH (b)-[a]->(c) RETURN a;
MATCH (b)-[a]->(c) RETURN a;
CREATE (n0{id:204}), p0=({id:205}) CREATE (n1{id:206})<-[ :T1{id:207}]-({id:208})-[r0 :T0{id:209}]->({k23:false, k9:CASE WHEN NULL THEN true END, id:210}) CREATE ({id:211})<-[ :T1{id:212}]-(n2{id:213}) RETURN [NULL] AS a0 UNION CALL{WITH * UNWIND [reduce(a=NULL,b IN [NULL]|a)] AS a0 CREATE ( :L1{id:214}), (n0{id:215})-[ :T1{id:216}]->({id:217}) RETURN a0 AS a1, 1 AS a2 LIMIT 0} CREATE ( :L3{k22:NULL, id:218})-[r0 :T1{id:219}]->(n1{id:220}) SET a1.k=NULL RETURN 1 AS a0;
CREATE ( n0 { id : 204 } ) CREATE p0 = ( { id : 205 } ) WITH * OPTIONAL MATCH ()-[:TYPE]-() CREATE (n1{ id : 206 } )CREATE (n1)< - [ : T1 { id : 207 } ] - ( { id : 208 } ) - [ r0 : T0 { id : 209 } ] - > ( { k23 : false , k9 : CASE WHEN NULL THEN true END , id : reduce(a=210 ,b IN []|a) } ) WITH * OPTIONAL MATCH ()-[:TYPE]-() CREATE ( { id : 211 } ) < - [ : T1 { id : 212 } ] - ( n2 { id : 213 } ) CREATE (c0{id:-1}) DELETE (c0) RETURN DISTINCT [ NULL ] AS a0 UNION CALL { WITH * UNWIND [NULL] as l0 UNWIND [ reduce ( a = NULL , b IN CASE WHEN TRUE THEN ([]+[ NULL ] )END | a ) ] AS a0 OPTIONAL MATCH ()-[:TYPE]-() CREATE ( : L1 { id : 214 } ) CREATE ( n0 { id : 215 } ) - [ : T1 { id : 216 } ] - > ( { id : CASE WHEN FALSE THEN NULL ELSE 217 END } ) RETURN a0 AS a1 , CASE WHEN TRUE THEN 1 END AS a2 LIMIT 0 } SET (NULL).TRUE=1 CREATE (n1{id:220})<-[ r0 : T1 { id : 219 } ] -( : L3 { k22 : NULL , id : 218 } ) WITH * UNWIND [NULL] as l1 SET a1 . k = NULL WITH * OPTIONAL MATCH ()-[:TYPE]-() RETURN reduce(a=1 ,b IN []|a) AS a0 ;
MATCH (a) RETURN a;
MATCH (a) RETURN a;
MATCH (b)-[a]->(c) RETURN a;
MATCH (b)-[a]->(c) RETURN a;
CREATE (n0{k3:NULL, id:221}) CREATE (n1{id:222}) CREATE ({id:223}), ({k20:-1903496398, id:224})-[r0 :T1{id:225}]->(n2{id:226}) RETURN 1 AS a0, 1462596227 AS a1;
CREATE ( n0 { k3 : NULL , id : 221 } ) WITH * CREATE ( n1 { id : 222 } ) WITH * UNWIND [1] as l0 CREATE ( { id : 223 } ) CREATE ( { k20 : -1903496398 , id : CASE WHEN TRUE THEN 224 END } ) - [ r0 : T1 { id : 225 } ] - > ( n2 { id : 226 } ) RETURN 1 AS a0 , 1462596227 AS a1 ;
MATCH (a) RETURN a;
MATCH (a) RETURN a;
MATCH (b)-[a]->(c) RETURN a;
MATCH (b)-[a]->(c) RETURN a;
WITH DISTINCT * WHERE NULL CREATE (n0{id:227}) MERGE p0=(n1{id:228})-[r0 :T1{id:229}]-(n2 :L0{id:230})-[r1 :T0{id:231}]->(n3{k25:'sqfp', id:232}) RETURN p0 AS a0;
WITH DISTINCT * WHERE reduce(a=NULL ,b IN []|a) OPTIONAL MATCH ()-[:TYPE]-() CREATE ( n0 { id : 227 } ) WITH * OPTIONAL MATCH ()-[:TYPE]-() MERGE p0 = ( n1 { id : 228 } ) - [ r0 : T1 { id : reduce(a=229 ,b IN []|a) } ] - ( n2 : L0 { id : 230 } ) - [ r1 : T0 { id : reduce(a=231 ,b IN []|a) } ] - > ( n3 { k25 : 'sqfp' , id : 232 } ) WITH * UNWIND [NULL] as l0 RETURN reduce(a=p0 ,b IN []|a) AS a0 ;
MATCH (a) RETURN a;
MATCH (a) RETURN a;
MATCH (b)-[a]->(c) RETURN a;
MATCH (b)-[a]->(c) RETURN a;
FOREACH(a0 IN [NULL]|MERGE p0=({k24:true, id:233}) MERGE ( :L3{id:234})-[r0 :T1{id:235}]->(n0{id:236}) MERGE p1=(n1 :L3{id:237})) CREATE ({id:238}) MERGE p2=({id:239})-[r1 :T1{id:240}]-(n2{id:241}) RETURN DISTINCT n2 AS a1;
FOREACH ( a0 IN ([]+[ NULL ] )| MERGE p0 = ( { k24 : true , id : 233 } ) MERGE ( : L3 { id : 234 } ) - [ r0 : T1 { id : CASE WHEN TRUE THEN 235 END } ] - > ( n0 { id : 236 } ) MERGE p1 = ( n1 : L3 { id : 237 } ) REMOVE (NULL).FALSE ) WITH * OPTIONAL MATCH ()-[:TYPE]-() CREATE ( { id : 238 } ) DELETE (NULL) MERGE p2 = ( { id : reduce(a=239 ,b IN []|a) } ) - [ r1 : T1 { id : 240 } ] - ( n2 { id : CASE WHEN TRUE THEN 241 END } ) WITH * RETURN DISTINCT n2 AS a1 ;
