-- Time: 2024/07/05 16:32:24
-- Database: memgraph_database44
-- Database version: composite
-- seed value: 1720168297019
CREATE (n0 :L3{k17 : -1214093546, k19 : 'KqLpiwYK', k18 : 'iFmFpxF', id : 0, k21 : -236919852});
CREATE (n0 :L1:L0{k1 : -1206775621, k2 : 'a', k3 : 'sN1', k4 : false, k11 : -906768896, k5 : true, id : 1, k6 : 'D', k10 : 225433241, k7 : '1', k8 : false});
CREATE (n0 {id : 2});
CREATE (n0 {id : 3});
MATCH (n0 {id : 3}), (n1 {id : 3}) MERGE(n0)-[r :T3{k55 : -722652545, id : 4, k54 : 'lna8Y', k57 : 451771621, k56 : 698381008, k58 : 'H6'}]->(n1);
MATCH (n0 {id : 0}), (n1 {id : 2}) MERGE(n0)-[r :T0{k39 : false, k38 : -1426272025, id : 5, k34 : false, k36 : 'ynw'}]->(n1);
MATCH (n0 {id : 0}), (n1 {id : 1}) MERGE(n0)-[r :T0{k39 : false, k38 : 2038852461, k40 : -727792852, id : 6, k35 : true, k34 : false, k37 : 'TVAzMmj', k36 : 'x'}]->(n1);
MATCH (n0 {id : 3}), (n1 {id : 1}) MERGE(n0)-[r :T1{k42 : 647843839, k41 : true, k44 : -1971459556, id : 7, k43 : false, k45 : 't', k47 : -827368718}]->(n1);
MATCH (n0 {id : 0}), (n1 {id : 2}) MERGE(n0)-[r :T3{id : 8, k54 : 'a', k57 : -1744630483, k56 : 1876835593, k58 : 'BECZLY'}]->(n1);
OPTIONAL MATCH p0=(n5)-[r2]->(n6) WHERE false UNWIND NULL AS a1 SET n5.k=false RETURN r2 AS a2;
OPTIONAL MATCH p0 = ( n5 ) - [ r2 ] - > ( n6 ) WHERE false CREATE (c0{id:-1}) DELETE (c0) WITH * UNWIND NULL AS a1 REMOVE (NULL).NULL SET n5 . k = false REMOVE (NULL).FALSE RETURN r2 AS a2 ;
MATCH (a) RETURN a;
MATCH (a) RETURN a;
MATCH (b)-[a]->(c) RETURN a;
MATCH (b)-[a]->(c) RETURN a;
CALL{WITH * FOREACH(a1 IN NULL|CREATE (n2{id:9})-[r1 :T1{id:10}]->(n3 :L1{k3:'NcksIbvX', id:11}), (n4{id:12}) MERGE ({k17:1219382934, id:13})-[r2 :T0{id:14}]-( :L1{id:15}) MERGE (n5 :L1{k7:'cJ', id:16})<-[r3 :T0{k35:true, id:17}]-({id:18})) CREATE p0=(n6{id:19}) RETURN 1 AS a2} MERGE (n7{id:20}) CREATE (n8{id:21})<-[ :T3{id:22}]-({id:23})-[ :T0{id:24}]->(n9{id:25}), ({id:26})-[ :T1{id:27}]->(n10{k1:-914990750, id:28})<-[ :T0{id:29}]-(n11 :L3{id:30}) RETURN n7 AS a3, a2 AS a4 SKIP 0;
CALL { WITH * UNWIND [1] as l0 FOREACH ( a1 IN NULL | CREATE ( n2 { id : 9 } ) - [ r1 : T1 { id : reduce(a=10 ,b IN []|a) } ] - > ( n3 : L1 { k3 : 'NcksIbvX' , id : 11 } ) CREATE ( n4 { id : CASE WHEN TRUE THEN 12 END } ) MERGE ( { k17 : 1219382934 , id : CASE WHEN FALSE THEN NULL ELSE 13 END } ) - [ r2 : T0 { id : reduce(a=14 ,b IN []|a) } ] - ( : L1 { id : 15 } ) MERGE ( n5 : L1 { k7 : reduce(a=('cJ' +'') ,b IN []|a) , id : 16 } ) < - [ r3 : T0 { k35 : true , id : 17 } ] - ( { id : reduce(a=18 ,b IN []|a) } ) ) WITH * OPTIONAL MATCH ()-[:TYPE]-() CREATE p0 = ( n6 { id : 19 } ) RETURN CASE WHEN TRUE THEN 1 END AS a2 } DELETE (NULL) MERGE ( n7 { id : CASE WHEN TRUE THEN 20 END } ) CREATE ( n8 { id : reduce(a=21 ,b IN []|a) } ) < - [ : T3 { id : 22 } ] - ( { id : 23 } ) - [ : T0 { id : reduce(a=24 ,b IN []|a) } ] - > ( n9 { id : 25 } ) CREATE (n11 :L3{id:30})-[ : T0 { id : 29 } ] ->(n10{k1:-914990750, id:28})<-[ : T1 { id : 27 } ] -( { id : 26 } ) WITH * UNWIND [1] as l1 RETURN reduce(a=n7 ,b IN []|a) AS a3 , a2 AS a4 SKIP 0 LIMIT 1 ;
MATCH (a) RETURN a;
MATCH (a) RETURN a;
MATCH (b)-[a]->(c) RETURN a;
MATCH (b)-[a]->(c) RETURN a;
CREATE ({id:31})<-[r0 :T1{id:32}]-({id:33}), (n0{id:34})-[r1 :T1{id:35}]->(n1{k9:'N1', k1:-2003434270, id:36}) CREATE ({k19:reverse(type(relationships(NULL)[abs(920853581)])), id:37})-[ :T0{id:38}]->({id:39})<-[ :T3{id:40}]-(n2{k18:NULL, id:41}) MERGE p1=({id:42})-[r2 :T1{id:43}]->(n3 :L1 :L0{k4:false, id:44})-[r3 :T0{id:45}]-(n4{id:46}) RETURN 1 AS a1;
CREATE ( { id : CASE WHEN TRUE THEN 31 END } ) < - [ r0 : T1 { id : 32 } ] - ( { id : reduce(a=33 ,b IN []|a) } ) CREATE ( n0 { id : CASE WHEN TRUE THEN 34 END } ) - [ r1 : T1 { id : 35 } ] - > ( n1 { k9 : reduce(a=('N1' +'') ,b IN []|a) , k1 : CASE WHEN FALSE THEN NULL ELSE -2003434270 END , id : 36 } ) CREATE ( { k19 : reverse ( type ( relationships ( NULL ) [ abs ( reduce(a=920853581 ,b IN []|a) ) ] ) ) , id : 37 } ) - [ : T0 { id : 38 } ] - > ( { id : CASE WHEN TRUE THEN 39 END } ) < - [ : T3 { id : 40 } ] - ( n2 { k18 : NULL , id : 41 } ) DETACH DELETE NULL MERGE p1 = ( { id : reduce(a=42 ,b IN []|a) } ) - [ r2 : T1 { id : CASE WHEN FALSE THEN NULL ELSE 43 END } ] - > ( n3 : L1 : L0 { k4 : false , id : reduce(a=44 ,b IN []|a) } ) - [ r3 : T0 { id : CASE WHEN FALSE THEN NULL ELSE 45 END } ] - ( n4 { id : 46 } ) RETURN DISTINCT reduce(a=1 ,b IN []|a) AS a1 ;
MATCH (a) RETURN a;
MATCH (a) RETURN a;
MATCH (b)-[a]->(c) RETURN a;
MATCH (b)-[a]->(c) RETURN a;
FOREACH(a0 IN [(n0)-[r0]-(n1)|NULL]|MERGE (n2{id:47})-[r1 :T3{id:48}]->({id:49})<-[r2 :T0{id:50}]-({id:51}) CREATE p0=({id:52}), (n3{id:53})-[r3 :T3{k56:NULL, id:54}]->({id:55}) CREATE (n4 :L0{id:56})<-[ :T0{id:57}]-(n5{k20:exists(()-[]->( :L0)<-[]-( :L3)), id:58})-[r4 :T3{id:59}]->({id:60})) MERGE (n6{id:61}) CREATE (n7{id:62})-[ :T3{k55:round(2065846393), id:63}]->(n8{id:64}), ({id:65})-[ :T1{id:66}]->({id:67})<-[r5 :T0{id:68}]-(n9{id:69}) RETURN DISTINCT 1 AS a1, n6 AS a2;
FOREACH ( a0 IN [ ( n0 ) - [ r0 ] - ( n1 ) | NULL ] | MERGE ( n2 { id : 47 } ) - [ r1 : T3 { id : 48 } ] - > ( { id : CASE WHEN FALSE THEN NULL ELSE 49 END } ) < - [ r2 : T0 { id : 50 } ] - ( { id : 51 } ) CREATE p0 = ( { id : 52 } ) CREATE ( n3 { id : 53 } ) - [ r3 : T3 { k56 : CASE WHEN FALSE THEN NULL ELSE NULL END , id : 54 } ] - > ( { id : 55 } ) CREATE (c0{id:-1}) DELETE (c0) CREATE ({id:60})<-[ r4 : T3 { id : 59 } ] -(n5{k20:exists(()-[]->( :L0)<-[]-( :L3)), id:58})-[ : T0 { id : 57 } ] ->( n4 : L0 { id : reduce(a=56 ,b IN []|a) } ) ) MERGE ( n6 { id : 61 } ) REMOVE (NULL).TRUE CREATE ( n7 { id : 62 } ) - [ : T3 { k55 : CASE WHEN TRUE THEN round ( CASE WHEN FALSE THEN NULL ELSE 2065846393 END ) END , id : 63 } ] - > ( n8 { id : 64 } ) CREATE (m0{ id : 65 } )CREATE (m0)- [ : T1 { id : 66 } ] - > ( { id : 67 } ) < - [ r5 : T0 { id : 68 } ] - ( n9 { id : 69 } ) RETURN DISTINCT 1 AS a1 , n6 AS a2 SKIP 1 ;
MATCH (a) RETURN a;
MATCH (a) RETURN a;
MATCH (b)-[a]->(c) RETURN a;
MATCH (b)-[a]->(c) RETURN a;
CREATE ({id:70})-[ :T3{id:71}]->(n0{id:72}), (n1{id:73}) MERGE ({id:74}) MERGE p0=(n2{id:75})-[r0 :T3{id:76}]->({id:77})-[r1 :T1{k47:1026472718, id:78}]->( :L0{k3:reduce(a='KeD',b IN ['pM', 'jS']|b), id:79}) RETURN 1 AS a0, 1 AS a1 UNION ALL MERGE (n0{id:80})-[r0 :T0{k34:true, id:81}]-(n1{k3:'QZPEBcOs', id:82})-[r1 :T1{id:83}]-({id:84}) DETACH DELETE r0,n0  CREATE p0=({id:85})<-[r2 :T0{id:86}]-(n2 :L3{id:87}), ({id:88})-[ :T1{id:89}]->({id:90})<-[r3 :T0{id:91}]-({id:92}) RETURN 1 AS a0, n1 AS a1;
CREATE ( { id : 70 } ) - [ : T3 { id : 71 } ] - > ( n0 { id : 72 } ) CREATE ( n1 { id : 73 } ) WITH * OPTIONAL MATCH ()-[:TYPE]-() MERGE ( { id : CASE WHEN TRUE THEN 74 END } ) MERGE p0 = ( n2 { id : 75 } ) - [ r0 : T3 { id : 76 } ] - > ( { id : 77 } ) - [ r1 : T1 { k47 : 1026472718 , id : 78 } ] - > ( : L0 { k3 : CASE WHEN TRUE THEN reduce ( a = 'KeD' , b IN [ reduce(a='pM' ,b IN []|a) , 'jS' ] | b ) END , id : 79 } ) WITH * RETURN 1 AS a0 , CASE WHEN TRUE THEN 1 END AS a1 UNION ALL MERGE ( n0 { id : 80 } ) - [ r0 : T0 { k34 : true , id : CASE WHEN TRUE THEN 81 END } ] - ( n1 { k3 : (''+'QZPEBcOs' ), id : 82 } ) - [ r1 : T1 { id : CASE WHEN FALSE THEN NULL ELSE 83 END } ] - ( { id : 84 } ) WITH * UNWIND [NULL] as l0 DETACH DELETE CASE WHEN TRUE THEN r0 END , n0 SET (NULL).FALSE=1 CREATE p0 = ( { id : 85 } ) < - [ r2 : T0 { id : 86 } ] - ( n2 : L3 { id : 87 } ) CREATE ( { id : 88 } ) - [ : T1 { id : 89 } ] - > ( { id : reduce(a=90 ,b IN []|a) } ) < - [ r3 : T0 { id : CASE WHEN FALSE THEN NULL ELSE 91 END } ] - ( { id : 92 } ) WITH * UNWIND [NULL] as l1 RETURN reduce(a=1 ,b IN []|a) AS a0 , n1 AS a1 ;
MATCH (a) RETURN a;
MATCH (a) RETURN a;
MATCH (b)-[a]->(c) RETURN a;
MATCH (b)-[a]->(c) RETURN a;
CREATE ({k2:NULL, id:93})<-[r0 :T1{id:94}]-({id:95}) CREATE p0=({id:96})-[r1 :T1{id:97}]->( :L1{id:98})<-[ :T0{k34:reduce(a=true,b IN [false]|a), id:99}]-({id:100}) MERGE ({id:101})-[r2 :T1{id:102}]-(n0 :L0{id:103}) RETURN (r2.k46) AS a0, n0 AS a1 ORDER BY reduce(a='2pUlJc0',b IN [(n0.k3)]|b);
CREATE ( { k2 : NULL , id : 93 } ) < - [ r0 : T1 { id : 94 } ] - ( { id : 95 } ) CREATE p0 = ( { id : 96 } ) - [ r1 : T1 { id : 97 } ] - > ( : L1 { id : 98 } ) < - [ : T0 { k34 : reduce ( a = true , b IN [ false ] | a ) , id : CASE WHEN FALSE THEN NULL ELSE 99 END } ] - ( { id : 100 } ) WITH * UNWIND [NULL] as l0 MERGE ( { id : 101 } ) - [ r2 : T1 { id : 102 } ] - ( n0 : L0 { id : 103 } ) RETURN ( r2 . k46 ) AS a0 , n0 AS a1 ORDER BY reduce(a='2pUlJc0',b IN [(n0.k3)]|b) ;
MATCH (a) RETURN a;
MATCH (a) RETURN a;
MATCH (b)-[a]->(c) RETURN a;
MATCH (b)-[a]->(c) RETURN a;
MERGE ({id:104})-[r1 :T3{id:105}]-(n2{id:106}) SET n2.k='VGu' SET n2.k=31371496 RETURN CASE WHEN NULL THEN 'M' END AS a0, n2 AS a1 SKIP 0 LIMIT 1 UNION CREATE (n0{k4:NULL, id:107})<-[r0 :T1{id:108}]-(n1{id:109})-[r1 :T3{id:110}]->({id:111}) CREATE ({id:112}) MERGE (n2{id:113})-[r2 :T3{k57:1140787980, id:114}]-({id:115}) RETURN n2 AS a0, n2 AS a1;
MERGE ( { id : CASE WHEN TRUE THEN 104 END } ) - [ r1 : T3 { id : reduce(a=105 ,b IN []|a) } ] - ( n2 { id : 106 } ) WITH * OPTIONAL MATCH ()-[:TYPE]-() SET n2 . k = reduce(a='VGu' ,b IN []|a) SET (NULL).FALSE=1 SET n2 . k = 31371496 RETURN CASE WHEN NULL THEN 'M' END AS a0 , n2 AS a1 SKIP 0 LIMIT 1 UNION CREATE (n0{ k4 : NULL , id : 107 } )CREATE (n0)< - [ r0 : T1 { id : 108 } ] - ( n1 { id : 109 } ) - [ r1 : T3 { id : 110 } ] - > ( { id : 111 } ) WITH * OPTIONAL MATCH ()-[:TYPE]-() CREATE ( { id : 112 } ) WITH * MERGE ( n2 { id : 113 } ) - [ r2 : T3 { k57 : reduce(a=1140787980 ,b IN []|a) , id : CASE WHEN FALSE THEN NULL ELSE 114 END } ] - ( { id : 115 } ) WITH * UNWIND [1] as l0 RETURN n2 AS a0 , n2 AS a1 ;
MATCH (a) RETURN a;
MATCH (a) RETURN a;
MATCH (b)-[a]->(c) RETURN a;
MATCH (b)-[a]->(c) RETURN a;
OPTIONAL MATCH ()-[ :T1{k44:1342463993}]-()<-[*..2]-(), (n0)-[]->() CREATE ({id:116})<-[r0 :T3{id:117}]-({id:118}) DETACH DELETE n0  RETURN 1 AS a0;
OPTIONAL MATCH ( ) - [ : T1 { k44 : 1342463993 } ] - ( ) < - [ * .. 2 ] - ( ) ,( n0 ) - [ ] - > ( ) OPTIONAL MATCH ()-[:TYPE]-() CREATE (m0{ id : 116 } )CREATE (m0)< - [ r0 : T3 { id : 117 } ] - ( { id : 118 } ) DETACH DELETE n0 CREATE (c0{id:-1}) DELETE (c0) RETURN 1 AS a0 SKIP 1 ;
MATCH (a) RETURN a;
MATCH (a) RETURN a;
MATCH (b)-[a]->(c) RETURN a;
MATCH (b)-[a]->(c) RETURN a;
UNWIND reduce(a=[round(316669388), NULL],b IN [[NULL]]|a) AS a2 MERGE ({id:119})<-[ :T1{k45:'iGa', id:120}]-(n2{id:121}) DETACH DELETE n2,NULL  RETURN 1 AS a3, 1 AS a4;
UNWIND reduce ( a = [ round ( 316669388 ) , NULL ] , b IN [ [ NULL ] ] | CASE WHEN FALSE THEN NULL ELSE a END ) AS a2 UNWIND [1] as l0 MERGE ( { id : 119 } ) < - [ : T1 { k45 : reduce(a='iGa' ,b IN []|a) , id : 120 } ] - ( n2 { id : CASE WHEN TRUE THEN 121 END } ) DETACH DELETE CASE WHEN FALSE THEN NULL ELSE n2 END , NULL WITH * UNWIND [1] as l1 RETURN DISTINCT 1 AS a3 , 1 AS a4 ;
MATCH (a) RETURN a;
MATCH (a) RETURN a;
MATCH (b)-[a]->(c) RETURN a;
MATCH (b)-[a]->(c) RETURN a;
MERGE p0=( :L1{id:122}) DETACH DELETE p0  MERGE ({k4:false, id:123})<-[r0 :T0{id:124}]-({id:125})-[r1 :T3{id:126}]-({id:127}) RETURN 1 AS a0;
MERGE p0 = ( : L1 { id : 122 } ) FOREACH(f in nodes(p0)|DETACH DELETE f) WITH * OPTIONAL MATCH ()-[:TYPE]-() MERGE ( { k4 : reduce(a=false ,b IN []|a) , id : 123 } ) < - [ r0 : T0 { id : 124 } ] - ( { id : 125 } ) - [ r1 : T3 { id : 126 } ] - ( { id : 127 } ) WITH * RETURN 1 AS a0 SKIP 1 ;
MATCH (a) RETURN a;
MATCH (a) RETURN a;
MATCH (b)-[a]->(c) RETURN a;
MATCH (b)-[a]->(c) RETURN a;
OPTIONAL MATCH (n0)-[]-(n1)<-[*0..0]-(), (n2)-[r0 :T3{k54:'fK'}]-()-[r1]->() CREATE (n3{id:128}) DETACH DELETE n1  RETURN NULL AS a0, n2 AS a1;
OPTIONAL MATCH (n0),()<-[m0]-(),(n1),()<-[*0..0]-(),(nn1),(n2)-[r0 :T3{k54:'fK'}]-()-[r1]->() WHERE exists((n0)-[m0]-(n1)<-[*0..0]-(nn1)) OPTIONAL MATCH ()-[:TYPE]-() CREATE ( n3 { id : CASE WHEN TRUE THEN 128 END } ) WITH * DETACH DELETE reduce(a=n1 ,b IN []|a) RETURN NULL AS a0 , n2 AS a1 ;
