-- Time: 2024/07/05 16:32:09
-- Database: memgraph_database28
-- Database version: composite
-- seed value: 1720168297003
CREATE (n0 :L4{k28 : 378119472, k27 : 127092223, k29 : true, k30 : 1154135809, id : 0, k26 : true, k25 : 'Bk'});
CREATE (n0 {id : 1});
CREATE (n0 :L6{k39 : 'B', k40 : true, k41 : 'pcYZsvxY', k44 : -931534255, id : 2, k43 : 'd'});
CREATE (n0 {id : 3});
MATCH (n0 {id : 2}), (n1 {id : 2}) MERGE(n0)-[r :T0{k49 : true, k51 : 'ojTCx4', id : 4, k46 : '4', k45 : 203440488, k48 : false, k47 : 'frX'}]->(n1);
MATCH (n0 {id : 3}), (n1 {id : 2}) MERGE(n0)-[r :T1{k53 : 'A', k52 : false, k55 : '8yWiEcpTB', id : 5, k54 : false, k56 : false}]->(n1);
MATCH (n0 {id : 2}), (n1 {id : 0}) MERGE(n0)-[r :T2{k60 : true, k62 : 686101656, k61 : 57135429, k63 : true, id : 6, k57 : 'Hmuh', k59 : 'g69NT', k58 : 2057098132}]->(n1);
MATCH (n0 {id : 2}), (n1 {id : 2}) MERGE(n0)-[r :T0{k49 : true, k51 : '5UggUFXxM', k50 : 'F', id : 7, k46 : 'h', k45 : 1149825667}]->(n1);
MATCH (n0 {id : 1}), (n1 {id : 1}) MERGE(n0)-[r :T1{k53 : 'A', k55 : '5P', id : 8, k54 : true, k56 : false}]->(n1);
MATCH (n0 {id : 3}), (n1 {id : 2}) MERGE(n0)-[r :T2{k60 : true, k62 : -1346686811, k61 : 1228332068, k63 : true, id : 9, k57 : 'VppU', k58 : 1481554651}]->(n1);
MATCH (n0)-[*0..1]->(), (n1)-[*0..]->( :L6) SET n0.k=NULL DETACH DELETE n1  RETURN n0 AS a0, 1 AS a1 UNION ALL CALL{WITH * CREATE (n0{id:10})<-[r1 :T0{k49:false, id:11}]-(n1{id:12}), ({id:13})<-[ :T0{k51:substring(reduce(a='G',b IN [NULL]|a+ b), abs(1735416097), abs(NULL)), id:14}]-({id:15}) MERGE ({id:16})-[ :T0{id:17}]-({id:18}) RETURN DISTINCT 1 AS a3} CREATE ({id:19}), p0=( :L6{id:20})-[ :T0{k48:true, id:21}]->( :L6{id:22})-[r2 :T0{id:23}]->( :L6{id:24}) CREATE (n2{id:25}), p1=(n3{id:26})<-[r3 :T0{id:27}]-(n4{id:28}) RETURN collect(NULL) AS a0, 1 AS a1;
MATCH (n0)-[*0..1]->(),(n1),()-[*0..]->(),(nn0:L6) WHERE exists((n1)-[*0..]->(nn0)) OPTIONAL MATCH ()-[:TYPE]-() SET n0 . k = CASE WHEN TRUE THEN NULL END SET (NULL).NULL=1 DETACH DELETE n1 CREATE (c0{id:-1}) DELETE (c0) RETURN CASE WHEN FALSE THEN NULL ELSE n0 END AS a0 , CASE WHEN FALSE THEN NULL ELSE 1 END AS a1 UNION ALL CALL { WITH * WITH * CREATE ( n0 { id : 10 } ) < - [ r1 : T0 { k49 : CASE WHEN TRUE THEN false END , id : 11 } ] - ( n1 { id : 12 } ) CREATE (m1{ id : 13 } )CREATE (m1)< - [ : T0 { k51 : substring ( reduce ( a = 'G' , b IN ([ CASE WHEN TRUE THEN NULL END ] +[]) | CASE WHEN FALSE THEN NULL ELSE a + b END ) , abs ( 1735416097 ) , abs ( CASE WHEN FALSE THEN NULL ELSE NULL END ) ) , id : CASE WHEN TRUE THEN 14 END } ] - ( { id : reduce(a=15 ,b IN []|a) } ) SET (NULL).TRUE=1 MERGE ( { id : reduce(a=16 ,b IN []|a) } ) - [ : T0 { id : 17 } ] - ( { id : 18 } ) CREATE (c1{id:-1}) DELETE (c1) RETURN DISTINCT 1 AS a3 } OPTIONAL MATCH ()-[:TYPE]-() CREATE ( { id : reduce(a=19 ,b IN []|a) } ) CREATE p0 = ( : L6 { id : 20 } ) - [ : T0 { k48 : true , id : 21 } ] - > ( : L6 { id : 22 } ) - [ r2 : T0 { id : 23 } ] - > ( : L6 { id : 24 } ) CREATE ( n2 { id : CASE WHEN FALSE THEN NULL ELSE 25 END } ) CREATE p1 = ( n3 { id : 26 } ) < - [ r3 : T0 { id : 27 } ] - ( n4 { id : 28 } ) WITH * UNWIND [1] as l0 RETURN CASE WHEN FALSE THEN NULL ELSE collect ( NULL ) END AS a0 , CASE WHEN FALSE THEN NULL ELSE 1 END AS a1 ORDER BY TRUE ;
MATCH (a) RETURN a;
MATCH (a) RETURN a;
MATCH (b)-[a]->(c) RETURN a;
MATCH (b)-[a]->(c) RETURN a;
WITH * CREATE (n0{id:29}) MERGE p0=(n1 :L6{id:30})-[r0 :T1{id:31}]-(n2{id:32})-[r1 :T2{id:33}]-( :L6{k38:-393853146, id:34}) RETURN n2 AS a0;
WITH * WITH * CREATE ( n0 { id : 29 } ) SET (NULL).NULL=1 MERGE p0 = ( n1 : L6 { id : 30 } ) - [ r0 : T1 { id : 31 } ] - ( n2 { id : 32 } ) - [ r1 : T2 { id : 33 } ] - ( : L6 { k38 : CASE WHEN FALSE THEN NULL ELSE -393853146 END , id : 34 } ) RETURN reduce(a=n2 ,b IN []|a) AS a0 ;
MATCH (a) RETURN a;
MATCH (a) RETURN a;
MATCH (b)-[a]->(c) RETURN a;
MATCH (b)-[a]->(c) RETURN a;
OPTIONAL MATCH ()-[ :T0{k47:NULL}]->(n0) WHERE ('1mTjC' <= 'D57') MERGE ({id:35})-[r0 :T2{k63:false, id:36}]-({id:37}) SET n0.k=('0'+'mx') RETURN n0 AS a0 SKIP 0;
OPTIONAL MATCH (nn0),()-[m1:T0{k47:NULL}]->(),(n0) WHERE exists((nn0)-[m1]->(n0)) AND (( '1mTjC' <= 'D57' ) )UNWIND [NULL] as l0 MERGE ( { id : 35 } ) - [ r0 : T2 { k63 : reduce(a=false ,b IN []|a) , id : 36 } ] - ( { id : 37 } ) SET n0 . k = ( '0' + 'mx' ) WITH * OPTIONAL MATCH ()-[:TYPE]-() RETURN n0 AS a0 SKIP 0 ;
