-- Time: 2024/07/05 16:33:10
-- Database: memgraph_database90
-- Database version: composite
-- seed value: 1720168297065
CREATE (n0 :L5:L6{k40 : 625387352, k31 : 'b', k30 : false, k33 : 975624516, k32 : true, k35 : 'G', k34 : 1989641455, k37 : false, k36 : -545662360, k39 : 'nlg', k38 : '1', k29 : '4wE', id : 0});
CREATE (n0 :L2:L4{k28 : 'w', k16 : 1569544592, k27 : 'SY377Tvw', k11 : 'bt', id : 1, k13 : false, k24 : 1619321548, k15 : 'N', k26 : 'apccKz200', k25 : false});
CREATE (n0 :L5{k31 : 'wfZB', k30 : false, k33 : -1420131903, id : 2, k32 : false, k34 : -2018726658});
CREATE (n0 :L4{k28 : 'k7JE', k27 : 'W', id : 3, k24 : 971225399, k25 : false});
MATCH (n0 {id : 0}), (n1 {id : 0}) MERGE(n0)-[r :T4{k71 : -119275675, k70 : '5', k72 : false, id : 4, k68 : true, k67 : -479229662, k69 : 'b'}]->(n1);
MATCH (n0 {id : 3}), (n1 {id : 0}) MERGE(n0)-[r :T4{k71 : 235784958, k70 : 'FqXK', k72 : false, id : 5, k68 : false, k67 : 64186476}]->(n1);
MATCH (n0 {id : 2}), (n1 {id : 1}) MERGE(n0)-[r :T4{k71 : -1183921928, k70 : 'z3', k72 : false, id : 6, k68 : false, k67 : -962682828, k69 : 'H'}]->(n1);
MATCH (n0 {id : 2}), (n1 {id : 2}) MERGE(n0)-[r :T4{k71 : 494252690, k72 : false, id : 7, k68 : true, k67 : 438548228, k69 : 'A'}]->(n1);
MATCH (n0 {id : 3}), (n1 {id : 0}) MERGE(n0)-[r :T0{k41 : 'ja', k44 : -184910699, id : 8, k43 : 'LcioWek', k45 : -1100115646}]->(n1);
MATCH (n0 {id : 1}), (n1 {id : 0}) MERGE(n0)-[r :T5{k75 : false, k74 : -1475715805, k77 : 'l', id : 9, k76 : true, k78 : true}]->(n1);
CALL{WITH * OPTIONAL MATCH (n0)-[r0]->(n1) SET n0.k=-1447506181 RETURN n0 AS a0} CREATE (n2{id:10})-[r1 :T4{k70:('Y'+('o'+'Wj')), id:11}]->({id:12})-[ :T5{k73:reverse('5'), id:13}]->( :L6{k35:'doM9VG', id:14}) SET a0.k=NULL RETURN DISTINCT 1 AS a1;
CALL { WITH * CREATE (c0{id:-1}) DELETE (c0) WITH * OPTIONAL MATCH ( n0 ) - [ r0 ] - > ( n1 ) SET (NULL).k=1 SET n0 . k = reduce(a=-1447506181 ,b IN []|a) RETURN reduce(a=n0 ,b IN []|a) AS a0 ORDER BY NULL DESC } CREATE ( n2 { id : CASE WHEN FALSE THEN NULL ELSE 10 END } ) - [ r1 : T4 { k70 : ( 'Y' + ( 'o' + 'Wj' ) ) , id : 11 } ] - > ( { id : 12 } ) - [ : T5 { k73 : CASE WHEN TRUE THEN reverse ( reduce(a='5' ,b IN []|a) ) END , id : 13 } ] - > ( : L6 { k35 : 'doM9VG' , id : 14 } ) WITH * SET a0 . k = NULL WITH * RETURN DISTINCT 1 AS a1 ;
MATCH (a) RETURN a;
MATCH (a) RETURN a;
MATCH (b)-[a]->(c) RETURN a;
MATCH (b)-[a]->(c) RETURN a;
WITH min(NULL) AS a0 SKIP 0 OPTIONAL MATCH p0=(n0) SET n0.k=a0 RETURN DISTINCT 1 AS a1 ORDER BY nodes(NULL) DESC;
WITH min ( NULL ) AS a0 SKIP 0 WHERE TRUE CREATE (c0{id:-1}) DELETE (c0) WITH * OPTIONAL MATCH p0 = ( n0 ) UNWIND [1] as l0 FOREACH(f in [1]|SET n0 . k = a0 ) WITH * OPTIONAL MATCH ()-[:TYPE]-() RETURN DISTINCT 1 AS a1 ORDER BY nodes(NULL) DESC ;
MATCH (a) RETURN a;
MATCH (a) RETURN a;
MATCH (b)-[a]->(c) RETURN a;
MATCH (b)-[a]->(c) RETURN a;
CALL{WITH * MERGE (n8 :L2 :L4{id:15})-[ :T5{id:16}]-({id:17})<-[ :T4{k71:-637638825, id:18}]-(n9{k26:'eIVvgG', id:19}) REMOVE n8.k2 RETURN NULL AS a2, 1 AS a3} UNWIND relationships(NULL) AS a4 CREATE (n10 :L2{k25:exists(()-[a4{k70:NULL}]-( :L4{k14:reduce(a=a3,b IN [a3]|b)})-[{k77:NULL}]->()), id:20})-[r1 :T5{k74:395440912, id:21}]->( :L5{id:22})-[ :T4{id:23}]->(n11 :L5{k31:'Gew', id:24}) RETURN 1 AS a5, CASE WHEN NULL THEN nodes(NULL)[abs(a3)] END AS a6;
CALL { WITH * DETACH DELETE (NULL) MERGE ( n8 : L2 : L4 { id : 15 } ) - [ : T5 { id : reduce(a=16 ,b IN []|a) } ] - ( { id : 17 } ) < - [ : T4 { k71 : -637638825 , id : 18 } ] - ( n9 { k26 : CASE WHEN FALSE THEN NULL ELSE 'eIVvgG' END , id : 19 } ) WITH * OPTIONAL MATCH ()-[:TYPE]-() REMOVE n8 . k2 WITH * RETURN NULL AS a2 , 1 AS a3 ORDER BY TRUE DESC } SET (NULL).FALSE=1 WITH * UNWIND relationships ( NULL ) AS a4 CREATE ( n10 : L2 { k25 : exists ( ( ) - [ a4 { k70 : NULL } ] - ( : L4 { k14 : reduce ( a = a3 , b IN [ CASE WHEN FALSE THEN NULL ELSE a3 END ] | b ) } ) - [ { k77 : NULL } ] - > ( ) ) , id : CASE WHEN FALSE THEN NULL ELSE 20 END } ) - [ r1 : T5 { k74 : 395440912 , id : 21 } ] - > ( : L5 { id : 22 } ) - [ : T4 { id : 23 } ] - > ( n11 : L5 { k31 : 'Gew' , id : reduce(a=24 ,b IN []|a) } ) RETURN reduce(a=1 ,b IN []|a) AS a5 , CASE WHEN reduce(a=NULL ,b IN []|a) THEN nodes ( NULL ) [ abs ( a3 ) ] END AS a6 ;
MATCH (a) RETURN a;
MATCH (a) RETURN a;
MATCH (b)-[a]->(c) RETURN a;
MATCH (b)-[a]->(c) RETURN a;
MERGE (n0 :L4{k25:false, id:25}) MERGE ( :L2{k11:'r', id:26})-[r0 :T4{id:27}]-({id:28}) DETACH DELETE n0,r0  RETURN 1 AS a0, NULL AS a1 SKIP 0 UNION ALL MATCH () WHERE NULL MATCH () MERGE ( :L6{id:29}) RETURN 1 AS a0, 1 AS a1;
MERGE ( n0 : L4 { k25 : false , id : 25 } ) MERGE ( : L2 { k11 : 'r' , id : 26 } ) - [ r0 : T4 { id : 27 } ] - ( { id : 28 } ) DETACH DELETE NULL DETACH DELETE reduce(a=n0 ,b IN []|a) , r0 WITH * OPTIONAL MATCH ()-[:TYPE]-() RETURN reduce(a=1 ,b IN []|a) AS a0 , NULL AS a1 SKIP 0 UNION ALL MATCH ( ) WHERE NULL CREATE (c0{id:-1}) DELETE (c0) WITH * MATCH ()-[*0..0]-( ) UNWIND [NULL] as l0 MERGE ( : L6 { id : CASE WHEN FALSE THEN NULL ELSE 29 END } ) REMOVE (NULL).TRUE RETURN 1 AS a0 , 1 AS a1 ;
MATCH (a) RETURN a;
MATCH (a) RETURN a;
MATCH (b)-[a]->(c) RETURN a;
MATCH (b)-[a]->(c) RETURN a;
MATCH ({k33:CASE WHEN ({k1: NULL, k2: []} < true) THEN NULL END}) MERGE (n0{id:30}) SET n0.k='I' RETURN 1 AS a0, n0 AS a1 LIMIT 0;
MATCH ( { k33 : CASE WHEN TRUE THEN CASE WHEN ( { k1 : NULL , k2 : [ ] } < true ) THEN NULL END END } ) MERGE ( n0 { id : 30 } ) SET n0 . k = 'I' RETURN 1 AS a0 , n0 AS a1 LIMIT 0 ;
MATCH (a) RETURN a;
MATCH (a) RETURN a;
MATCH (b)-[a]->(c) RETURN a;
MATCH (b)-[a]->(c) RETURN a;
FOREACH(a6 IN [(n5)-[ :T4{k69:'6'}]-(n6)-[]-(n0 :L4)|-2]|MERGE ( :L6{id:42}) CREATE (n7{id:43}), (n8{k14:((NULL--565597896)*(NULL*CASE WHEN NULL THEN 1526372124 END)), id:44})-[ :T5{k78:NULL, id:45}]->(n9{id:46}) MERGE (n10 :L5{k37:false, id:47})) CREATE ({id:48})-[r2 :T4{k68:true, id:49}]->({k30:true, id:50})-[r3 :T4{k70:NULL, id:51}]->(n11{id:52}), ({k24:NULL, id:53})-[r4 :T5{id:54}]->({k30:true, id:55}) CREATE (n12 :L5 :L6{id:56})<-[ :T5{id:57}]-({id:58}) RETURN 1 AS a7, 1 AS a8;
FOREACH ( a6 IN [ ( n5 ) - [ : T4 { k69 : '6' } ] - ( n6 ) - [ ] - ( n0 : L4 ) | -2 ] | MERGE pp0=( : L6 { id : 42 } ) DELETE NULL CREATE ( n7 { id : 43 } ) CREATE ( n8 { k14 : ( ( NULL - -565597896 ) * ( reduce(a=NULL * CASE WHEN CASE WHEN TRUE THEN NULL END THEN 1526372124 END ,b IN []|a) ) ) , id : 44 } ) - [ : T5 { k78 : NULL , id : CASE WHEN FALSE THEN NULL ELSE 45 END } ] - > ( n9 { id : 46 } ) MERGE ( n10 : L5 { k37 : false , id : 47 } ) CREATE (c0{id:-1}) DELETE (c0) ) REMOVE (NULL).FALSE CREATE (m0{ id : 48 } )CREATE (m0)- [ r2 : T4 { k68 : true , id : 49 } ] - > ( { k30 : true , id : 50 } ) - [ r3 : T4 { k70 : NULL , id : 51 } ] - > ( n11 { id : 52 } ) CREATE ( { k24 : NULL , id : 53 } ) - [ r4 : T5 { id : 54 } ] - > ( { k30 : true , id : 55 } ) REMOVE (NULL).k CREATE ( n12 : L5 : L6 { id : reduce(a=56 ,b IN []|a) } ) < - [ : T5 { id : 57 } ] - ( { id : 58 } ) REMOVE (NULL).k RETURN 1 AS a7 , 1 AS a8 ;
MATCH (a) RETURN a;
MATCH (a) RETURN a;
MATCH (b)-[a]->(c) RETURN a;
MATCH (b)-[a]->(c) RETURN a;
UNWIND NULL AS a0 CREATE (n0 :L5 :L6{id:59})<-[r0 :T0{id:60}]-({id:61})-[ :T4{id:62}]->({k31:'U', id:63}) MERGE ( :L2 :L4{id:64})-[r1 :T5{id:65}]-(n1 :L6{k31:'DDaoz', id:66})-[r2 :T0{k41:'C', id:67}]-(n2{id:68}) RETURN a0 AS a1, (r1.k74) AS a2;
UNWIND NULL AS a0 WITH * CREATE (n0: L5 : L6 { id : 59 } )CREATE (n0)< - [ r0 : T0 { id : CASE WHEN FALSE THEN NULL ELSE 60 END } ] - ( { id : 61 } ) - [ : T4 { id : 62 } ] - > ( { k31 : 'U' , id : 63 } ) MERGE ( : L2 : L4 { id : reduce(a=64 ,b IN []|a) } ) - [ r1 : T5 { id : 65 } ] - ( n1 : L6 { k31 : (''+'DDaoz' ), id : 66 } ) - [ r2 : T0 { k41 : 'C' , id : CASE WHEN FALSE THEN NULL ELSE 67 END } ] - ( n2 { id : reduce(a=68 ,b IN []|a) } ) RETURN a0 AS a1 , ( r1 . k74 ) AS a2 ;
MATCH (a) RETURN a;
MATCH (a) RETURN a;
MATCH (b)-[a]->(c) RETURN a;
MATCH (b)-[a]->(c) RETURN a;
WITH properties(relationships(NULL)[abs(round(1483516511))]) AS a0 CREATE (n0{k34:NULL, id:69}), (n1{id:70})-[ :T0{id:71}]->( :L6{id:72})<-[r0 :T5{id:73}]-(n2 :L2{id:74}) CREATE (n3 :L5{k29:NULL, id:75})-[ :T4{id:76}]->(n4{k36:-942274160, id:77})<-[ :T5{k73:NULL, id:78}]-(n5{k24:NULL, id:79}), (n6 :L6{id:80})-[ :T4{id:81}]->(n7{id:82})<-[ :T5{k75:true, id:83}]-({id:84}) RETURN *, a0 AS a1;
WITH properties ( relationships ( NULL ) [ abs ( round ( 1483516511 ) ) ] ) AS a0 CREATE ( n0 { k34 : NULL , id : 69 } ) CREATE ( n1 { id : 70 } ) - [ : T0 { id : 71 } ] - > ( : L6 { id : 72 } ) < - [ r0 : T5 { id : 73 } ] - ( n2 : L2 { id : 74 } ) WITH * CREATE ( n3 : L5 { k29 : reduce(a=NULL ,b IN []|a) , id : 75 } ) - [ : T4 { id : 76 } ] - > ( n4 { k36 : -942274160 , id : CASE WHEN TRUE THEN 77 END } ) < - [ : T5 { k73 : NULL , id : 78 } ] - ( n5 { k24 : reduce(a=NULL ,b IN []|a) , id : CASE WHEN FALSE THEN NULL ELSE 79 END } ) CREATE ( n6 : L6 { id : 80 } ) - [ : T4 { id : 81 } ] - > ( n7 { id : 82 } ) < - [ : T5 { k75 : true , id : 83 } ] - ( { id : 84 } ) WITH * UNWIND [1] as l0 RETURN * , a0 AS a1 ORDER BY 1 ;
MATCH (a) RETURN a;
MATCH (a) RETURN a;
MATCH (b)-[a]->(c) RETURN a;
MATCH (b)-[a]->(c) RETURN a;
CREATE p0=( :L5{id:85})-[r0 :T4{id:86}]->( :L6{k40:(714807650/-578737026), id:87}) CREATE ( :L4{id:88})-[r1 :T5{id:89}]->(n0{id:90})-[ :T4{id:91}]->(n1 :L6{k39:'R', id:92}), ({id:93})-[r2 :T4{id:94}]->({id:95}) CREATE ( :L2{id:96}) RETURN 1 AS a0, 1 AS a1;
CREATE p0 = ( : L5 { id : 85 } ) - [ r0 : T4 { id : 86 } ] - > ( : L6 { k40 : ( CASE WHEN TRUE THEN 714807650 / -578737026 END ) , id : 87 } ) CREATE ( : L4 { id : 88 } ) - [ r1 : T5 { id : 89 } ] - > ( n0 { id : reduce(a=90 ,b IN []|a) } ) - [ : T4 { id : 91 } ] - > ( n1 : L6 { k39 : 'R' , id : reduce(a=92 ,b IN []|a) } ) CREATE ( { id : 93 } ) - [ r2 : T4 { id : 94 } ] - > ( { id : 95 } ) WITH * OPTIONAL MATCH ()-[:TYPE]-() CREATE ( : L2 { id : reduce(a=96 ,b IN []|a) } ) RETURN 1 AS a0 , 1 AS a1 ;
MATCH (a) RETURN a;
MATCH (a) RETURN a;
MATCH (b)-[a]->(c) RETURN a;
MATCH (b)-[a]->(c) RETURN a;
MERGE p0=(n2 :L5 :L6{k34:1260744968, id:97}) CREATE ({id:98})-[ :T4{id:99}]->(n3{id:100}) MERGE ( :L4{id:101}) RETURN 1 AS a1, 1 AS a2;
MERGE p0 = ( n2 : L5 : L6 { k34 : 1260744968 , id : reduce(a=97 ,b IN []|a) } ) CREATE ( { id : 98 } ) - [ : T4 { id : 99 } ] - > ( n3 { id : 100 } ) WITH * MERGE ( : L4 { id : 101 } ) WITH * RETURN DISTINCT CASE WHEN TRUE THEN 1 END AS a1 , CASE WHEN FALSE THEN NULL ELSE 1 END AS a2 ;
MATCH (a) RETURN a;
MATCH (a) RETURN a;
MATCH (b)-[a]->(c) RETURN a;
MATCH (b)-[a]->(c) RETURN a;
MERGE (n0 :L5{k37:('V' STARTS WITH '0EXLRY8P'), id:102})-[r0 :T4{id:103}]->({id:104}) DETACH DELETE n0  CREATE ( :L5{id:105})-[r1 :T4{id:106}]->(n1 :L5 :L6{id:107}) RETURN true AS a0, 1 AS a1 ORDER BY a0, a1 SKIP 0;
MERGE ( n0 : L5 { k37 : ( 'V' STARTS WITH '0EXLRY8P' ) , id : 102 } ) - [ r0 : T4 { id : 103 } ] - > ( { id : 104 } ) WITH * DETACH DELETE n0 CREATE ( : L5 { id : 105 } ) - [ r1 : T4 { id : 106 } ] - > ( n1 : L5 : L6 { id : 107 } ) WITH * OPTIONAL MATCH ()-[:TYPE]-() RETURN true AS a0 , 1 AS a1 ORDER BY a0, a1 SKIP 0 ;
MATCH (a) RETURN a;
MATCH (a) RETURN a;
MATCH (b)-[a]->(c) RETURN a;
MATCH (b)-[a]->(c) RETURN a;
OPTIONAL MATCH ()-[r1]-(n5 :L5{k33:(-419282924+1003368388)})-[ :T4{k67:(n5.k34)}]->(n6), ()-[ :T4{k72:(n5.k30)}]-()-[r2]->() WHERE (n5.k32) MERGE (n7 :L5{id:108}) SET n7.k=(n5.k30) RETURN n6 AS a0 UNION ALL UNWIND NULL AS a0 OPTIONAL MATCH (n0) MERGE (n1{k26:'k', id:109}) RETURN n1 AS a0 LIMIT 1;
OPTIONAL MATCH ()-[*0..0]-( ) - [ r1 ] - ( n5 : L5 { k33 : ( -419282924 + 1003368388 ) } ) - [ : T4 { k67 : ( n5 . k34 ) } ] - > ( n6 ) ,( ) - [ : T4 { k72 : reduce(a=( n5 . k30 ) ,b IN []|a) } ] - ( ) - [ r2 ] - > ( ) WHERE ( n5 . k32 ) REMOVE (NULL).FALSE MERGE ( n7 : L5 { id : 108 } ) SET n7 . k = ( n5 . k30 ) RETURN n6 AS a0 UNION ALL UNWIND NULL AS a0 OPTIONAL MATCH ( n0 ) MERGE ( n1 { k26 : 'k' , id : 109 } ) REMOVE (NULL).TRUE RETURN n1 AS a0 LIMIT 1 ;
MATCH (a) RETURN a;
MATCH (a) RETURN a;
MATCH (b)-[a]->(c) RETURN a;
MATCH (b)-[a]->(c) RETURN a;
CREATE ({id:110}), (n3{k34:NULL, id:111})-[ :T4{id:112}]->(n4 :L5{k29:(substring(reverse('ASLkd'), abs(NULL), abs(reduce(a=-307140166,b IN [-1643380244, -1522849207]|a+ b)))+NULL), id:113}) MERGE ( :L2{k26:'1', id:114})-[ :T5{id:115}]-({id:116}) CREATE ( :L6{k35:NULL, id:117})<-[r2 :T0{id:118}]-( :L4{id:119}) RETURN 1 AS a2;
CREATE ( { id : CASE WHEN TRUE THEN 110 END } ) CREATE ( n3 { k34 : NULL , id : CASE WHEN TRUE THEN 111 END } ) - [ : T4 { id : 112 } ] - > ( n4 : L5 { k29 : ( reduce(a=substring ( CASE WHEN FALSE THEN NULL ELSE reverse ( reduce(a='ASLkd' ,b IN []|a) ) END , abs ( NULL ) , abs ( reduce ( a = -307140166 , b IN [ -1643380244 , -1522849207 ] | a + b ) ) ) + NULL ,b IN []|a) ) , id : 113 } ) WITH * OPTIONAL MATCH ()-[:TYPE]-() MERGE ( : L2 { k26 : '1' , id : 114 } ) - [ : T5 { id : CASE WHEN TRUE THEN 115 END } ] - ( { id : reduce(a=116 ,b IN []|a) } ) CREATE ( : L6 { k35 : NULL , id : 117 } ) < - [ r2 : T0 { id : 118 } ] - ( : L4 { id : 119 } ) WITH * OPTIONAL MATCH ()-[:TYPE]-() RETURN 1 AS a2 ;
MATCH (a) RETURN a;
MATCH (a) RETURN a;
MATCH (b)-[a]->(c) RETURN a;
MATCH (b)-[a]->(c) RETURN a;
MERGE ({id:120})-[r0 :T4{id:121}]->({id:122}) MERGE (n0 :L5 :L6{k30:false, id:123})-[r1 :T4{id:124}]->( :L5{k35:'K', id:125}) DETACH DELETE n0  RETURN 1 AS a0;
MERGE ( { id : 120 } ) - [ r0 : T4 { id : CASE WHEN FALSE THEN NULL ELSE 121 END } ] - > ( { id : 122 } ) MERGE ( n0 : L5 : L6 { k30 : false , id : 123 } ) - [ r1 : T4 { id : CASE WHEN FALSE THEN NULL ELSE 124 END } ] - > ( : L5 { k35 : CASE WHEN FALSE THEN NULL ELSE 'K' END , id : 125 } ) FOREACH(f in [1]|DETACH DELETE n0 ) WITH * OPTIONAL MATCH ()-[:TYPE]-() RETURN 1 AS a0 ;
MATCH (a) RETURN a;
MATCH (a) RETURN a;
MATCH (b)-[a]->(c) RETURN a;
MATCH (b)-[a]->(c) RETURN a;
OPTIONAL MATCH p0=()-[r0]->(n0{k39:NULL})<-[r1]-(n1{k27:'Y'}) OPTIONAL MATCH (n2)-[ :T4{k71:781184915}]-() MERGE (n3{id:126})-[r2 :T5{id:127}]-(n4 :L4{k24:-579040694, id:128})-[r3 :T4{id:129}]-({k33:-1438547634, id:130}) RETURN (n4.k26) AS a0;
OPTIONAL MATCH p0 = ( ) - [ r0 ] - > ( n0 { k39 : NULL } ) < - [ r1 ] - ( n1 { k27 : 'Y' } ) OPTIONAL MATCH ()-[:TYPE]-() OPTIONAL MATCH (n2)-[*0..0]-( n2 ) - [ : T4 { k71 : reduce(a=781184915 ,b IN []|a) } ] - ( ) MERGE ( n3 { id : CASE WHEN FALSE THEN NULL ELSE 126 END } ) - [ r2 : T5 { id : 127 } ] - ( n4 : L4 { k24 : reduce(a=-579040694 ,b IN []|a) , id : 128 } ) - [ r3 : T4 { id : 129 } ] - ( { k33 : -1438547634 , id : 130 } ) WITH * OPTIONAL MATCH ()-[:TYPE]-() RETURN DISTINCT reduce(a=( n4 . k26 ) ,b IN []|a) AS a0 ;
