-- Time: 2024/07/05 16:32:25
-- Database: memgraph_database45
-- Database version: composite
-- seed value: 1720168297020
CREATE (n0 {id : 0});
CREATE (n0 :L3{k19 : -417230528, k18 : -1327841047, k20 : -894966649, id : 1, k21 : -1879826048, k23 : 1470537564});
CREATE (n0 :L2:L4{k28 : 'SL', k16 : 'o', k27 : 'elthvh', k29 : -1877234849, id : 2, k13 : 591074814, k24 : 1694015600, k15 : 'bS', k14 : 702111884, k25 : 'ATQQBmY0w'});
CREATE (n0 :L3:L0{k0 : true, k1 : -1211067083, k2 : true, k20 : -894966649, k3 : 'L', k4 : 1412322640, k22 : 'M', k5 : 'Y9', k21 : -1341269860, k6 : 'a3', k23 : 2003185648, k19 : -708037657, k18 : 726643675, id : 3});
MATCH (n0 {id : 1}), (n1 {id : 3}) MERGE(n0)-[r :T2{k42 : 1828059203, k41 : 'uoLUmYFhp', k44 : 'Mh', id : 4, k43 : 'Z6', k45 : 'k0H'}]->(n1);
MATCH (n0 {id : 3}), (n1 {id : 2}) MERGE(n0)-[r :T1{k39 : true, k38 : true, k40 : true, id : 5, k37 : -307478848, k36 : 'X'}]->(n1);
MATCH (n0 {id : 3}), (n1 {id : 1}) MERGE(n0)-[r :T4{k52 : false, k55 : -512869917, id : 6, k54 : 1480638895, k57 : '3x'}]->(n1);
MATCH (n0 {id : 0}), (n1 {id : 1}) MERGE(n0)-[r :T5{k60 : -368731097, k62 : false, k61 : false, id : 7, k59 : 'UBRu7yBp', k58 : true}]->(n1);
MATCH (n0 {id : 2}), (n1 {id : 0}) MERGE(n0)-[r :T5{k62 : false, k61 : true, k63 : false, id : 8, k59 : 'l5lB2sp7I'}]->(n1);
CALL{WITH * CREATE ({id:9})<-[r0 :T2{id:10}]-(n0{k22:NULL, id:11}), ({id:12})-[r1 :T5{id:13}]->(n1 :L3{id:14}) CREATE (n2 :L0{k0:(NOT true), id:15})-[ :T4{id:16}]->({id:17}) RETURN DISTINCT 1 AS a0, 1 AS a1} CREATE (n3{k16:'N', id:18}), p0=(n4 :L3{k22:reverse('BThI'), id:19})<-[r2 :T5{k62:(true OR (NULL > 'KeLgM')), id:20}]-(n7{id:21}) CREATE (n8{id:22}), ( :L2{k26:(('aZuf'+'H')+NULL), id:23}) RETURN 1 AS a2;
CALL { WITH * WITH * CREATE (n0{k22:NULL, id:11})-[ r0 : T2 { id : CASE WHEN TRUE THEN 10 END } ] ->( { id : 9 } ) CREATE ( { id : 12 } ) - [ r1 : T5 { id : 13 } ] - > ( n1 : L3 { id : 14 } ) CREATE ( n2 : L0 { k0 : CASE WHEN FALSE THEN NULL ELSE ( NOT true ) END , id : 15 } ) - [ : T4 { id : 16 } ] - > ( { id : 17 } ) WITH * OPTIONAL MATCH ()-[:TYPE]-() RETURN DISTINCT CASE WHEN TRUE THEN 1 END AS a0 , 1 AS a1 ORDER BY FALSE } CREATE ( n3 { k16 : 'N' , id : CASE WHEN TRUE THEN 18 END } ) CREATE p0=(n7{id:21})-[ r2 : T5 { k62 : ( true OR ( reduce(a=NULL > 'KeLgM' ,b IN []|a) ) ) , id : 20 } ] ->( n4 : L3 { k22 : reverse ( 'BThI' ) , id : 19 } ) CREATE ( n8 { id : CASE WHEN TRUE THEN 22 END } ) CREATE ( : L2 { k26 : CASE WHEN TRUE THEN ( CASE WHEN TRUE THEN ( 'aZuf' + 'H' ) + NULL END ) END , id : 23 } ) WITH * UNWIND [NULL] as l0 RETURN 1 AS a2 ;
MATCH (a) RETURN a;
MATCH (a) RETURN a;
MATCH (b)-[a]->(c) RETURN a;
MATCH (b)-[a]->(c) RETURN a;
WITH NULL AS a0 ORDER BY NULL, a0 CREATE (n0{id:24})<-[ :T4{id:25}]-(n1{k4:NULL, id:26})<-[ :T2{id:27}]-(n2{id:28}), p0=({id:29})-[ :T5{k62:false, id:30}]->({k23:15465436, id:31}) MERGE (n3{id:32})<-[r0 :T4{k55:-518808657, id:33}]-(n4{k3:'wDmw', id:34})<-[r1 :T2{id:35}]-(n5 :L3{k20:780256444, id:36}) RETURN 1 AS a1, r0 AS a2;
WITH NULL AS a0 ORDER BY NULL , CASE WHEN TRUE THEN a0 END CREATE ( n0 { id : 24 } ) < - [ : T4 { id : 25 } ] - ( n1 { k4 : NULL , id : 26 } ) < - [ : T2 { id : reduce(a=27 ,b IN []|a) } ] - ( n2 { id : 28 } ) CREATE (m0{ id : CASE WHEN FALSE THEN NULL ELSE 29 END } )CREATE (m0)- [ : T5 { k62 : CASE WHEN TRUE THEN false END , id : 30 } ] - > ( { k23 : reduce(a=15465436 ,b IN []|a) , id : 31 } ) WITH * MERGE ( n3 { id : 32 } ) < - [ r0 : T4 { k55 : -518808657 , id : 33 } ] - ( n4 { k3 : reduce(a='wDmw' ,b IN []|a) , id : 34 } ) < - [ r1 : T2 { id : 35 } ] - ( n5 : L3 { k20 : 780256444 , id : 36 } ) WITH * OPTIONAL MATCH ()-[:TYPE]-() RETURN DISTINCT 1 AS a1 , r0 AS a2 ;
MATCH (a) RETURN a;
MATCH (a) RETURN a;
MATCH (b)-[a]->(c) RETURN a;
MATCH (b)-[a]->(c) RETURN a;
WITH true AS a0 WHERE NULL MERGE ( :L2 :L4{id:37})-[r0 :T1{id:38}]-({id:39})-[r1 :T2{id:40}]-( :L3{k19:124020073, id:41}) DETACH DELETE r0  RETURN 1 AS a1, 1 AS a2;
WITH CASE WHEN TRUE THEN true END AS a0 WHERE reduce(a=NULL ,b IN []|a) MERGE pp0=( : L2 : L4 { id : 37 } ) - [ r0 : T1 { id : 38 } ] - ( { id : 39 } ) - [ r1 : T2 { id : reduce(a=40 ,b IN []|a) } ] - ( : L3 { k19 : 124020073 , id : 41 } ) DETACH DELETE r0 RETURN 1 AS a1 , 1 AS a2 LIMIT 1 ;
MATCH (a) RETURN a;
MATCH (a) RETURN a;
MATCH (b)-[a]->(c) RETURN a;
MATCH (b)-[a]->(c) RETURN a;
WITH * MERGE ({k21:-1683162235, id:42})-[r0 :T2{id:43}]-( :L0{k18:-185081943, id:44})-[r1 :T1{id:45}]-( :L4{k24:-2, id:46}) MERGE (n0{k15:'y', id:47})<-[ :T1{k40:true, id:48}]-({id:49})<-[ :T2{k44:'9W', id:50}]-(n1{k19:-976305184, id:51}) RETURN n1 AS a0;
WITH * MERGE ( { k21 : -1683162235 , id : CASE WHEN FALSE THEN NULL ELSE 42 END } ) - [ r0 : T2 { id : reduce(a=43 ,b IN []|a) } ] - ( : L0 { k18 : reduce(a=-185081943 ,b IN []|a) , id : 44 } ) - [ r1 : T1 { id : reduce(a=45 ,b IN []|a) } ] - ( : L4 { k24 : -2 , id : 46 } ) MERGE ( n0 { k15 : 'y' , id : CASE WHEN TRUE THEN 47 END } ) < - [ : T1 { k40 : true , id : 48 } ] - ( { id : 49 } ) < - [ : T2 { k44 : '9W' , id : 50 } ] - ( n1 { k19 : CASE WHEN FALSE THEN NULL ELSE -976305184 END , id : 51 } ) RETURN n1 AS a0 ;
MATCH (a) RETURN a;
MATCH (a) RETURN a;
MATCH (b)-[a]->(c) RETURN a;
MATCH (b)-[a]->(c) RETURN a;
CREATE ({k23:1849745863, id:52})<-[r0 :T5{id:53}]-(n0{id:54}) MERGE ({id:55}) MERGE (n1 :L3{id:56})-[r1 :T5{id:57}]-(n2{id:58})<-[r2 :T5{id:59}]-( :L2 :L4{id:60}) RETURN (reduce(a=true,b IN [true]|a) IS NULL) AS a0 UNION ALL MERGE (n0{id:61}) SET n0.k='z' DETACH DELETE n0,NULL  RETURN DISTINCT avg(NULL) AS a0;
CREATE ( { k23 : 1849745863 , id : 52 } ) < - [ r0 : T5 { id : 53 } ] - ( n0 { id : 54 } ) DETACH DELETE (NULL) MERGE ( { id : 55 } ) MERGE ( n1 : L3 { id : 56 } ) - [ r1 : T5 { id : 57 } ] - ( n2 { id : 58 } ) < - [ r2 : T5 { id : 59 } ] - ( : L2 : L4 { id : reduce(a=60 ,b IN []|a) } ) CREATE (c0{id:-1}) DELETE (c0) RETURN ( CASE WHEN TRUE THEN reduce ( a = true , b IN CASE WHEN TRUE THEN [ reduce(a=true ,b IN []|a) ] END | a ) IS NULL END ) AS a0 SKIP 1 UNION ALL MERGE ( n0 { id : 61 } ) SET n0 . k = 'z' WITH * OPTIONAL MATCH ()-[:TYPE]-() DETACH DELETE n0 , CASE WHEN TRUE THEN NULL END RETURN DISTINCT reduce(a=avg ( NULL ) ,b IN []|a) AS a0 SKIP 1 ;
MATCH (a) RETURN a;
MATCH (a) RETURN a;
MATCH (b)-[a]->(c) RETURN a;
MATCH (b)-[a]->(c) RETURN a;
UNWIND NULL AS a0 CREATE ({id:62})<-[ :T5{id:63}]-(n0{id:64})<-[r0 :T1{id:65}]-( :L0{k23:1239809880, id:66}), p0=(n1{id:67}) CREATE ( :L3{id:68}) RETURN 1 AS a1;
UNWIND NULL AS a0 REMOVE (NULL).NULL CREATE ( { id : 62 } ) < - [ : T5 { id : 63 } ] - ( n0 { id : 64 } ) < - [ r0 : T1 { id : 65 } ] - ( : L0 { k23 : 1239809880 , id : 66 } ) CREATE p0 = ( n1 { id : 67 } ) CREATE ( : L3 { id : 68 } ) WITH * RETURN DISTINCT reduce(a=1 ,b IN []|a) AS a1 ;
MATCH (a) RETURN a;
MATCH (a) RETURN a;
MATCH (b)-[a]->(c) RETURN a;
MATCH (b)-[a]->(c) RETURN a;
CREATE ({k18:(-1056091345+-1966034747), id:69}), (n0{k15:NULL, id:70})-[r0 :T5{id:71}]->({id:72}) CREATE ({id:73})-[r1 :T5{k59:'1', id:74}]->({id:75})-[r2 :T5{k62:false, id:76}]->({k20:NULL, id:77}) MERGE ({k14:1616388029, id:78})-[r3 :T5{id:79}]->(n1{id:80}) RETURN * SKIP 1;
CREATE ( { k18 : ( reduce(a=-1056091345 + -1966034747 ,b IN []|a) ) , id : 69 } ) CREATE (n0{ k15 : NULL , id : reduce(a=70 ,b IN []|a) } )CREATE (n0)- [ r0 : T5 { id : 71 } ] - > ( { id : 72 } ) CREATE (m0{ id : CASE WHEN FALSE THEN NULL ELSE 73 END } )CREATE (m0)- [ r1 : T5 { k59 : '1' , id : 74 } ] - > ( { id : CASE WHEN FALSE THEN NULL ELSE 75 END } ) - [ r2 : T5 { k62 : false , id : 76 } ] - > ( { k20 : CASE WHEN TRUE THEN NULL END , id : 77 } ) WITH * OPTIONAL MATCH ()-[:TYPE]-() MERGE ( { k14 : CASE WHEN TRUE THEN 1616388029 END , id : 78 } ) - [ r3 : T5 { id : 79 } ] - > ( n1 { id : 80 } ) WITH * OPTIONAL MATCH ()-[:TYPE]-() RETURN * ORDER BY TRUE SKIP 1 ;
MATCH (a) RETURN a;
MATCH (a) RETURN a;
MATCH (b)-[a]->(c) RETURN a;
MATCH (b)-[a]->(c) RETURN a;
CALL{WITH * OPTIONAL MATCH (n0)-[ :T2{k41:NULL}]-(n1), (n2)-[r0]-(n3)-[r1]->(n0) WHERE ((NULL+NULL) >= 'wOdz') REMOVE n1.k2 RETURN false AS a0} MERGE ( :L0{k22:reverse('qtGQ'), id:81})<-[ :T2{id:82}]-(n4 :L3{id:83}) MERGE ( :L0{id:84})-[ :T2{k41:'R', id:85}]-(n5{id:86})<-[ :T5{k59:'R', id:87}]-({id:88}) RETURN *, 1 AS a1;
CALL { WITH * OPTIONAL MATCH (n0),()<-[m0:T2{k41:NULL}]-(),(n1),(n2)-[r0]-(n3)-[r1]->(n0) WHERE exists((n0)-[m0]-(n1)) AND (( reduce(a=( NULL + NULL ) >= 'wOdz' ,b IN []|a) ) )REMOVE n1 . k2 RETURN false AS a0 } WITH * MERGE ( : L0 { k22 : reverse ( 'qtGQ' ) , id : 81 } ) < - [ : T2 { id : 82 } ] - ( n4 : L3 { id : 83 } ) MERGE ( : L0 { id : 84 } ) - [ : T2 { k41 : 'R' , id : reduce(a=85 ,b IN []|a) } ] - ( n5 { id : 86 } ) < - [ : T5 { k59 : 'R' , id : reduce(a=87 ,b IN []|a) } ] - ( { id : 88 } ) WITH * UNWIND [NULL] as l0 RETURN * , 1 AS a1 ;
MATCH (a) RETURN a;
MATCH (a) RETURN a;
MATCH (b)-[a]->(c) RETURN a;
MATCH (b)-[a]->(c) RETURN a;
FOREACH(a4 IN [NULL]|CREATE ( :L2{k15:NULL, id:89})-[r1 :T5{k58:false, id:90}]->({id:91})-[ :T5{id:92}]->({id:93}) MERGE ( :L3 :L0{k4:990074579, id:94})-[ :T1{id:95}]->( :L4{id:96}) CREATE (n4{id:97})-[ :T1{k37:1595641789, id:98}]->({k27:'Fvs0vAjol', id:99}), (n5{id:100})) MERGE ( :L3 :L0{k1:1926830425, id:101}) MERGE p0=(n7{id:102}) RETURN n7 AS a5 SKIP 1;
FOREACH ( a4 IN ([ NULL ] +[]) | CREATE (m0: L2 { k15 : NULL , id : 89 } )CREATE (m0)- [ r1 : T5 { k58 : false , id : 90 } ] - > ( { id : CASE WHEN FALSE THEN NULL ELSE 91 END } ) - [ : T5 { id : 92 } ] - > ( { id : 93 } ) MERGE pp0=( : L3 : L0 { k4 : 990074579 , id : reduce(a=94 ,b IN []|a) } ) - [ : T1 { id : 95 } ] - > ( : L4 { id : 96 } ) CREATE ( n4 { id : 97 } ) - [ : T1 { k37 : 1595641789 , id : reduce(a=98 ,b IN []|a) } ] - > ( { k27 : ('Fvs0vAjol' +'') , id : 99 } ) CREATE ( n5 { id : 100 } ) ) WITH * UNWIND [1] as l0 MERGE ( : L3 : L0 { k1 : 1926830425 , id : 101 } ) SET (NULL).FALSE=1 MERGE p0 = ( n7 { id : 102 } ) RETURN n7 AS a5 SKIP 1 ;
MATCH (a) RETURN a;
MATCH (a) RETURN a;
MATCH (b)-[a]->(c) RETURN a;
MATCH (b)-[a]->(c) RETURN a;
OPTIONAL MATCH (n0), ()-[r0]-() WHERE NULL SET n0.k='97v' DETACH DELETE n0,r0  RETURN 1 AS a0;
OPTIONAL MATCH (n0)-[*0..0]-( n0 ) ,( ) - [ r0 ] - ( ) WHERE NULL OPTIONAL MATCH ()-[:TYPE]-() SET n0 . k = CASE WHEN FALSE THEN NULL ELSE '97v' END DELETE (NULL) DETACH DELETE n0 , CASE WHEN FALSE THEN NULL ELSE r0 END WITH * UNWIND [NULL] as l0 RETURN DISTINCT 1 AS a0 ORDER BY TRUE ;
MATCH (a) RETURN a;
MATCH (a) RETURN a;
MATCH (b)-[a]->(c) RETURN a;
MATCH (b)-[a]->(c) RETURN a;
OPTIONAL MATCH ()<-[r0]-({k4:-1362222952})-[r1 :T4{k54:NULL}]->( :L3{k19:-1308445991}) OPTIONAL MATCH () WHERE false CREATE (n0 :L2{id:103})<-[ :T1{id:104}]-(n1 :L3 :L0{id:105}), (n2{id:106}) RETURN 1 AS a0 UNION CALL{WITH * MERGE p0=( :L0{k6:'8m', id:107}) WITH * RETURN 1 AS a0} CREATE ({id:108})<-[r0 :T5{id:109}]-({id:110})<-[ :T1{id:111}]-( :L0{id:112}), (n0{id:113})<-[r1 :T1{k37:round(NULL), id:114}]-(n1 :L3 :L0{k4:-1297000724, id:115}) CREATE ({id:116}), (n2{id:117})<-[ :T1{k37:-1619721645, id:118}]-({id:119})<-[r2 :T2{id:120}]-({id:121}) RETURN a0 AS a0 SKIP 1;
OPTIONAL MATCH ( ) < - [ r0 ] - ( { k4 : -1362222952 } ) - [ r1 : T4 { k54 : NULL } ] - > ( : L3 { k19 : -1308445991 } ) OPTIONAL MATCH ()-[:TYPE]-() OPTIONAL MATCH ( ) WHERE false DETACH DELETE (NULL) CREATE ( n0 : L2 { id : 103 } ) < - [ : T1 { id : 104 } ] - ( n1 : L3 : L0 { id : 105 } ) CREATE ( n2 { id : 106 } ) WITH * OPTIONAL MATCH ()-[:TYPE]-() RETURN 1 AS a0 LIMIT 1 UNION CALL { WITH * CREATE (c0{id:-1}) DELETE (c0) MERGE p0 = ( : L0 { k6 : reduce(a='8m' ,b IN []|a) , id : 107 } ) WITH * WITH * RETURN 1 AS a0 } WITH * CREATE ( { id : reduce(a=108 ,b IN []|a) } ) < - [ r0 : T5 { id : 109 } ] - ( { id : 110 } ) < - [ : T1 { id : 111 } ] - ( : L0 { id : 112 } ) CREATE ( n0 { id : 113 } ) < - [ r1 : T1 { k37 : round ( NULL ) , id : 114 } ] - ( n1 : L3 : L0 { k4 : -1297000724 , id : 115 } ) CREATE ( { id : CASE WHEN FALSE THEN NULL ELSE 116 END } ) CREATE ({id:121})-[ r2 : T2 { id : 120 } ] ->({id:119})-[ : T1 { k37 : CASE WHEN FALSE THEN NULL ELSE -1619721645 END , id : 118 } ] ->( n2 { id : 117 } ) WITH * OPTIONAL MATCH ()-[:TYPE]-() RETURN a0 AS a0 SKIP reduce(a=1 ,b IN []|a) ;
MATCH (a) RETURN a;
MATCH (a) RETURN a;
MATCH (b)-[a]->(c) RETURN a;
MATCH (b)-[a]->(c) RETURN a;
MATCH ()-[r0 :T5{k61:(NULL OR true)}]-()<-[r1 :T4{k52:(r0.k63)}]-(n0) WHERE ((r0.k59) CONTAINS 'O') MERGE ( :L3 :L0{id:122})-[r2 :T1{k39:false, id:123}]-({k17:2005634847, id:124})-[r3 :T5{k59:'PQ7', id:125}]-(n1{id:126}) DETACH DELETE n0  RETURN n1 AS a1, properties(relationships(NULL)[abs(1858443762)]) AS a2;
MATCH ( ) - [ r0 : T5 { k61 : ( NULL OR true ) } ] - ( ) < - [ r1 : T4 { k52 : ( CASE WHEN TRUE THEN r0 . k63 END ) } ] - ( n0 ) WHERE reduce(a=( ( r0 . k59 ) CONTAINS 'O' ) ,b IN []|a) MERGE ( : L3 : L0 { id : 122 } ) - [ r2 : T1 { k39 : false , id : 123 } ] - ( { k17 : 2005634847 , id : 124 } ) - [ r3 : T5 { k59 : 'PQ7' , id : 125 } ] - ( n1 { id : reduce(a=126 ,b IN []|a) } ) REMOVE (NULL).NULL DETACH DELETE n0 WITH * OPTIONAL MATCH ()-[:TYPE]-() RETURN n1 AS a1 , properties ( relationships ( NULL ) [ abs ( 1858443762 ) ] ) AS a2 ;
MATCH (a) RETURN a;
MATCH (a) RETURN a;
MATCH (b)-[a]->(c) RETURN a;
MATCH (b)-[a]->(c) RETURN a;
OPTIONAL MATCH ()-[]-( :L2)<-[]-(n0 :L3), () OPTIONAL MATCH ()<-[r0]-(n1), (n2)-[ :T4{k52:CASE WHEN exists(( :L3{k21:(n0.k21)})-[]-( :L0)) THEN (true IS NOT NULL) END}]->() MERGE p0=({id:127})-[r1 :T5{id:128}]-(n3{k21:-645662534, id:129})<-[r2 :T4{k52:false, id:130}]-(n4 :L3{k20:1673214355, id:131}) RETURN DISTINCT n0 AS a0, r2 AS a1 ORDER BY a0 UNION ALL OPTIONAL MATCH () OPTIONAL MATCH (n2) SET n2.k=true RETURN n2 AS a0, NULL AS a1;
OPTIONAL MATCH ( ) - [ ] - ( : L2 ) < - [ ] - ( n0 : L3 ) ,( ) OPTIONAL MATCH ()-[:TYPE]-() OPTIONAL MATCH ( ) < - [ r0 ] - ( n1 ) ,( n2 ) - [ : T4 { k52 : CASE WHEN exists ( ( : L3 { k21 : reduce(a=( reduce(a=n0 . k21 ,b IN []|a) ) ,b IN []|a) } ) - [ ] - ( : L0 ) ) THEN ( true IS NOT NULL ) END } ] - > ( ) UNWIND [1] as l0 MERGE p0 = ( { id : 127 } ) - [ r1 : T5 { id : 128 } ] - ( n3 { k21 : reduce(a=-645662534 ,b IN []|a) , id : 129 } ) < - [ r2 : T4 { k52 : false , id : 130 } ] - ( n4 : L3 { k20 : 1673214355 , id : 131 } ) DELETE (NULL) RETURN DISTINCT n0 AS a0 , r2 AS a1 ORDER BY a0 UNION ALL OPTIONAL MATCH ( ) CREATE (c0{id:-1}) DELETE (c0) WITH * OPTIONAL MATCH ( n2 ) DETACH DELETE (NULL) SET n2 . k = true WITH * RETURN n2 AS a0 , NULL AS a1 ORDER BY FALSE ;
MATCH (a) RETURN a;
MATCH (a) RETURN a;
MATCH (b)-[a]->(c) RETURN a;
MATCH (b)-[a]->(c) RETURN a;
UNWIND NULL AS a0 MATCH (n0)-[r0]-(n1 :L3{k19:NULL})<-[r1]-(n2) MERGE ({id:132}) RETURN n2 AS a1, n0 AS a2 SKIP 0;
UNWIND NULL AS a0 OPTIONAL MATCH ()-[:TYPE]-() MATCH ( n0 ) - [ r0 ] - ( n1 : L3 { k19 : NULL } ) < - [ r1 ] - ( n2 ) OPTIONAL MATCH ()-[:TYPE]-() MERGE pp0=( { id : reduce(a=132 ,b IN []|a) } ) CREATE (c0{id:-1}) DELETE (c0) RETURN n2 AS a1 , n0 AS a2 SKIP 0 ;
MATCH (a) RETURN a;
MATCH (a) RETURN a;
MATCH (b)-[a]->(c) RETURN a;
MATCH (b)-[a]->(c) RETURN a;
OPTIONAL MATCH (n0)-[r1]->()-[r2 :T2{k41:(NULL+'vXSfYm5B')}]-(n0) MERGE (n2{k0:true, id:133})-[r3 :T1{id:134}]-(n3 :L2{k16:'i', k28:'Y', id:135})-[r4 :T5{id:136}]->(n4{id:137}) DETACH DELETE n0,n2  RETURN n3 AS a1;
OPTIONAL MATCH ( n0 ) - [ r1 ] - > ( ) - [ r2 : T2 { k41 : ( NULL + 'vXSfYm5B' ) } ] - ( n0 ) MERGE ( n2 { k0 : true , id : 133 } ) - [ r3 : T1 { id : 134 } ] - ( n3 : L2 { k16 : reduce(a='i' ,b IN []|a) , k28 : 'Y' , id : 135 } ) - [ r4 : T5 { id : 136 } ] - > ( n4 { id : 137 } ) SET (NULL).TRUE=1 DETACH DELETE reduce(a=n0 ,b IN []|a) , n2 RETURN DISTINCT n3 AS a1 ;
MATCH (a) RETURN a;
MATCH (a) RETURN a;
MATCH (b)-[a]->(c) RETURN a;
MATCH (b)-[a]->(c) RETURN a;
OPTIONAL MATCH ()-[ :T2{k41:reduce(a='W',b IN ['Gj', NULL]|b)}]-()-[r1]->(n1), ( :L3)-[r1]-()<-[]-() WHERE NULL MERGE ( :L3{k2:true, id:139})<-[ :T2{k44:'WiJBzDbHp', id:140}]-(n2{k20:1756324011, id:141}) DETACH DELETE n2  RETURN *;
OPTIONAL MATCH ( ) - [ : T2 { k41 : reduce ( a = 'W' , b IN [ ('Gj' +'') , CASE WHEN TRUE THEN NULL END ] | b ) } ] - ( ) - [ r1 ] - > ( n1 ) ,( : L3 ) - [ r1 ] - ( ) < - [ ] - ( ) WHERE NULL CREATE (c0{id:-1}) DELETE (c0) MERGE ( : L3 { k2 : true , id : 139 } ) < - [ : T2 { k44 : CASE WHEN FALSE THEN NULL ELSE 'WiJBzDbHp' END , id : 140 } ] - ( n2 { k20 : 1756324011 , id : 141 } ) WITH * DETACH DELETE n2 RETURN * LIMIT 1 ;
MATCH (a) RETURN a;
MATCH (a) RETURN a;
MATCH (b)-[a]->(c) RETURN a;
MATCH (b)-[a]->(c) RETURN a;
WITH endNode(NULL) AS a0 ORDER BY a0 DESC SKIP 0 WHERE true CREATE (n0{id:142}) SET a0.k='MH' RETURN 1 AS a1 LIMIT 1;
WITH endNode ( NULL ) AS a0 ORDER BY a0 DESC SKIP 0 WHERE true WITH * CREATE ( n0 { id : reduce(a=142 ,b IN []|a) } ) DETACH DELETE NULL SET a0 . k = 'MH' WITH * RETURN 1 AS a1 LIMIT 1 ;
MATCH (a) RETURN a;
MATCH (a) RETURN a;
MATCH (b)-[a]->(c) RETURN a;
MATCH (b)-[a]->(c) RETURN a;
CALL{WITH * MATCH p0=(n0) REMOVE n0.k2 RETURN p0 AS a0, endNode(relationships(p0)[abs(NULL)]) AS a1} OPTIONAL MATCH (a1)<-[r0]-(n0), (n1)-[ :T1{k39:NULL}]-(a1)-[ :T5{k60:NULL}]->(a1) MERGE (n2{id:143})-[ :T1{id:144}]->( :L4{k17:-1618234448, id:145})-[ :T5{k59:'l', id:146}]->(n3{id:147}) RETURN NULL AS a2, n0 AS a3 ORDER BY a2 DESC;
CALL { WITH * OPTIONAL MATCH ()-[:TYPE]-() MATCH p0 = ( n0 ) WITH * REMOVE n0 . k2 WITH * UNWIND [NULL] as l0 RETURN p0 AS a0 , CASE WHEN FALSE THEN NULL ELSE endNode ( relationships ( p0 ) [ abs ( NULL ) ] ) END AS a1 } OPTIONAL MATCH ( a1 ) < - [ r0 ] - ( n0 ) ,( n1 ) - [ : T1 { k39 : CASE WHEN TRUE THEN NULL END } ] - ( a1 ) - [ : T5 { k60 : NULL } ] - > ( a1 ) MERGE ( n2 { id : 143 } ) - [ : T1 { id : 144 } ] - > ( : L4 { k17 : CASE WHEN FALSE THEN NULL ELSE -1618234448 END , id : reduce(a=145 ,b IN []|a) } ) - [ : T5 { k59 : 'l' , id : 146 } ] - > ( n3 { id : CASE WHEN TRUE THEN 147 END } ) RETURN NULL AS a2 , n0 AS a3 ORDER BY a2 DESC ;
MATCH (a) RETURN a;
MATCH (a) RETURN a;
MATCH (b)-[a]->(c) RETURN a;
MATCH (b)-[a]->(c) RETURN a;
OPTIONAL MATCH ()-[]->(n0 :L3)<-[ :T4{k53:(reverse('Pv') ENDS WITH reverse((n0.k22)))}]-(n1), (n1) DETACH DELETE n0,n1  MERGE (n2{id:148})-[r0 :T1{k40:false, id:149}]->(n3 :L2{k14:-2135728225, id:150}) RETURN collect(CASE WHEN true THEN relationships(NULL)[abs(-1373246815)] END)[abs(-129495550)] AS a0, 1 AS a1 UNION ALL OPTIONAL MATCH ({k22:reverse((NULL+NULL))})-[]-(n0)-[r0]->() DETACH DELETE n0,NULL  CREATE ( :L3 :L0{id:151})-[ :T1{id:152}]->(n1 :L2{k13:1862590919, id:153}), (n2 :L4{id:154})<-[ :T1{id:155}]-({id:156})-[r1 :T4{id:157}]->({k21:NULL, id:158}) RETURN DISTINCT 1 AS a0, 1 AS a1;
OPTIONAL MATCH (nn0),()-[m1]->(),(n0:L3),()<-[m2:T4{k53:(reverse('Pv') ENDS WITH reverse((n0.k22)))}]-(),(n1),(n1) WHERE exists((nn0)-[m1]->(n0)<-[m2]-(n1)) OPTIONAL MATCH ()-[:TYPE]-() DETACH DELETE n0 , n1 DELETE NULL MERGE ( n2 { id : 148 } ) - [ r0 : T1 { k40 : false , id : 149 } ] - > ( n3 : L2 { k14 : CASE WHEN TRUE THEN -2135728225 END , id : 150 } ) WITH * OPTIONAL MATCH ()-[:TYPE]-() RETURN collect ( CASE WHEN CASE WHEN TRUE THEN true END THEN relationships ( NULL ) [ abs ( -1373246815 ) ] END ) [ abs ( -129495550 ) ] AS a0 , 1 AS a1 ORDER BY 1 SKIP 1 UNION ALL OPTIONAL MATCH ( { k22 : reverse ( ( NULL + NULL ) ) } ) - [ ] - ( n0 ) - [ r0 ] - > ( ) WHERE TRUE DETACH DELETE n0 , NULL WITH * OPTIONAL MATCH ()-[:TYPE]-() CREATE ( : L3 : L0 { id : 151 } ) - [ : T1 { id : 152 } ] - > ( n1 : L2 { k13 : 1862590919 , id : 153 } ) CREATE (n2: L4 { id : 154 } )CREATE (n2)< - [ : T1 { id : 155 } ] - ( { id : reduce(a=156 ,b IN []|a) } ) - [ r1 : T4 { id : 157 } ] - > ( { k21 : NULL , id : 158 } ) RETURN DISTINCT reduce(a=1 ,b IN []|a) AS a0 , reduce(a=1 ,b IN []|a) AS a1 ;
