-- Time: 2024/07/05 16:32:39
-- Database: memgraph_database58
-- Database version: composite
-- seed value: 1720168297033
CREATE (n0 :L5{k28 : 'UuqxbY1', k29 : '0', k31 : -85562266, k30 : false, k33 : -2142580606, id : 0, k32 : 'Q'});
CREATE (n0 :L1:L2{k16 : true, k5 : 143885128, k11 : '5', id : 1, k6 : 1796841572, k10 : -776165999, k7 : true, k13 : true, k12 : -1466593039, k9 : false, k15 : false, k14 : 'etBIw'});
CREATE (n0 {id : 2});
CREATE (n0 {id : 3});
MATCH (n0 {id : 2}), (n1 {id : 3}) MERGE(n0)-[r :T0{k39 : true, k40 : false, k42 : true, k41 : true, id : 4, k43 : 1479524118}]->(n1);
MATCH (n0 {id : 2}), (n1 {id : 3}) MERGE(n0)-[r :T3{k60 : 'I', k61 : 'd', k55 : 'I', id : 5, k57 : false, k56 : 623782360, k59 : 'UxtFtq7'}]->(n1);
MATCH (n0 {id : 3}), (n1 {id : 1}) MERGE(n0)-[r :T4{k62 : true, k64 : 'nN5', k63 : '8', id : 6, k65 : 620661850, k68 : false, k67 : 'gtp'}]->(n1);
MATCH (n0 {id : 3}), (n1 {id : 3}) MERGE(n0)-[r :T3{k60 : 'w', k61 : 'GhnmxrmB', k55 : 'H', id : 7, k57 : false, k56 : -1992955152, k59 : 't', k58 : 'F'}]->(n1);
MATCH (n0 {id : 1}), (n1 {id : 2}) MERGE(n0)-[r :T4{k62 : true, k64 : 'Qx', k66 : 'ESjkiw', id : 8, k65 : -1788091492, k68 : true, k67 : 'fJcurAs5'}]->(n1);
MATCH (n0 {id : 0}), (n1 {id : 1}) MERGE(n0)-[r :T1{k49 : -1800244493, k44 : 'GQS4jEj3S', id : 9, k45 : true, k48 : true, k47 : 'f'}]->(n1);
UNWIND [startNode(relationships(NULL)[abs(2012807630)]), endNode(relationships(NULL)[abs(-645828299)])] AS a0 MERGE (n0{id:10})-[r0 :T3{id:11}]-({id:12}) CREATE (n1{id:13})-[ :T3{k57:('UED' ENDS WITH 'WQB'), id:14}]->(n2{id:15}) RETURN a0 AS a1, r0 AS a2 UNION ALL WITH * MERGE (n0{id:16})-[r0 :T3{id:17}]-(n1{id:18})<-[r1 :T0{id:19}]-(n2{id:20}) DETACH DELETE n2,n0  RETURN 1 AS a1, 1 AS a2;
UNWIND [ startNode ( relationships ( NULL ) [ reduce(a=abs ( 2012807630 ) ,b IN []|a) ] ) , endNode ( relationships ( NULL ) [ reduce(a=abs ( -645828299 ) ,b IN []|a) ] ) ] AS a0 MERGE ( n0 { id : 10 } ) - [ r0 : T3 { id : 11 } ] - ( { id : CASE WHEN FALSE THEN NULL ELSE 12 END } ) WITH * CREATE ( n1 { id : 13 } ) - [ : T3 { k57 : CASE WHEN FALSE THEN NULL ELSE ( (''+'UED' )ENDS WITH 'WQB' ) END , id : 14 } ] - > ( n2 { id : 15 } ) WITH * OPTIONAL MATCH ()-[:TYPE]-() RETURN a0 AS a1 , r0 AS a2 SKIP 1 UNION ALL WITH * CREATE (c0{id:-1}) DELETE (c0) MERGE ( n0 { id : 16 } ) - [ r0 : T3 { id : CASE WHEN TRUE THEN 17 END } ] - ( n1 { id : CASE WHEN FALSE THEN NULL ELSE 18 END } ) < - [ r1 : T0 { id : 19 } ] - ( n2 { id : 20 } ) REMOVE (NULL).NULL DETACH DELETE CASE WHEN FALSE THEN NULL ELSE n2 END , n0 SET (NULL).k=1 RETURN CASE WHEN FALSE THEN NULL ELSE 1 END AS a1 , 1 AS a2 ORDER BY FALSE SKIP 1 ;
MATCH (a) RETURN a;
MATCH (a) RETURN a;
MATCH (b)-[a]->(c) RETURN a;
MATCH (b)-[a]->(c) RETURN a;
CREATE (n0{id:21})-[ :T0{id:22}]->(n1{id:23}), (n2{id:24})-[r0 :T0{id:25}]->({id:26}) CREATE (n3{id:27})-[ :T0{id:28}]->(n4{id:29}) CREATE ({id:30})-[r1 :T4{id:31}]->(n5{id:32})<-[ :T1{k49:NULL, id:33}]-({k28:NULL, id:34}) RETURN 1 AS a0;
CREATE (n0{ id : CASE WHEN FALSE THEN NULL ELSE 21 END } )CREATE (n0)- [ : T0 { id : 22 } ] - > ( n1 { id : reduce(a=23 ,b IN []|a) } ) CREATE ( n2 { id : 24 } ) - [ r0 : T0 { id : 25 } ] - > ( { id : 26 } ) WITH * UNWIND [NULL] as l0 CREATE ( n3 { id : 27 } ) - [ : T0 { id : 28 } ] - > ( n4 { id : 29 } ) WITH * CREATE (m0{ id : 30 } )CREATE (m0)- [ r1 : T4 { id : CASE WHEN TRUE THEN 31 END } ] - > ( n5 { id : CASE WHEN TRUE THEN 32 END } ) < - [ : T1 { k49 : NULL , id : 33 } ] - ( { k28 : reduce(a=NULL ,b IN []|a) , id : reduce(a=34 ,b IN []|a) } ) WITH * UNWIND [NULL] as l1 RETURN 1 AS a0 SKIP 1 ;
MATCH (a) RETURN a;
MATCH (a) RETURN a;
MATCH (b)-[a]->(c) RETURN a;
MATCH (b)-[a]->(c) RETURN a;
UNWIND NULL AS a0 OPTIONAL MATCH (n0)-[]-(), (n1) WHERE NULL CREATE (n2{id:35}), ({id:36}) RETURN keys(n1) AS a1;
UNWIND NULL AS a0 OPTIONAL MATCH ( n0 ) - [ ] - ( ) ,( n1 ) WHERE NULL REMOVE (NULL).NULL CREATE ( n2 { id : 35 } ) CREATE ( { id : 36 } ) WITH * RETURN keys ( n1 ) AS a1 ORDER BY TRUE ;
MATCH (a) RETURN a;
MATCH (a) RETURN a;
MATCH (b)-[a]->(c) RETURN a;
MATCH (b)-[a]->(c) RETURN a;
CALL{WITH * FOREACH(a0 IN NULL|MERGE p0=(n2{id:37})-[ :T3{id:38}]-({id:39})<-[r0 :T0{id:40}]-({id:41}) CREATE ({id:42})-[r1 :T3{id:43}]->({id:44})<-[r2 :T0{k43:round(NULL), id:45}]-({id:46}), p1=(n3{k28:NULL, id:47}) CREATE ({id:48}), (n4{id:49})-[r3 :T4{k66:NULL, id:50}]->(n5{k5:(round(2005078092)*445462472), k12:NULL, id:51})<-[ :T1{id:52}]-({id:53})) CREATE (n6{id:54})-[r4 :T3{id:55}]->({id:56}) RETURN 1 AS a1, 1 AS a2 LIMIT 0} UNWIND NULL AS a3 CREATE ( :L1 :L2{id:57})-[ :T4{k64:'S', id:58}]->({id:59})-[ :T3{id:60}]->({id:61}), ({k9:false, id:62})<-[ :T4{id:63}]-({id:64})-[ :T3{id:65}]->(n7{id:66}) RETURN min(NULL) AS a4;
CALL { WITH * OPTIONAL MATCH ()-[:TYPE]-() FOREACH ( a0 IN NULL | MERGE p0 = ( n2 { id : reduce(a=37 ,b IN []|a) } ) - [ : T3 { id : 38 } ] - ( { id : 39 } ) < - [ r0 : T0 { id : 40 } ] - ( { id : 41 } ) REMOVE (NULL).TRUE CREATE ( { id : 42 } ) - [ r1 : T3 { id : 43 } ] - > ( { id : 44 } ) < - [ r2 : T0 { k43 : round ( NULL ) , id : 45 } ] - ( { id : 46 } ) CREATE p1 = ( n3 { k28 : NULL , id : 47 } ) CREATE ( { id : 48 } ) CREATE ( n4 { id : 49 } ) - [ r3 : T4 { k66 : NULL , id : CASE WHEN FALSE THEN NULL ELSE 50 END } ] - > ( n5 { k5 : ( reduce(a=round ( 2005078092 ) * 445462472 ,b IN []|a) ) , k12 : NULL , id : 51 } ) < - [ : T1 { id : reduce(a=52 ,b IN []|a) } ] - ( { id : 53 } ) ) WITH * CREATE ( n6 { id : 54 } ) - [ r4 : T3 { id : 55 } ] - > ( { id : 56 } ) CREATE (c0{id:-1}) DELETE (c0) RETURN CASE WHEN TRUE THEN 1 END AS a1 , 1 AS a2 LIMIT 0 } UNWIND [1] as l0 UNWIND reduce(a=NULL ,b IN []|a) AS a3 OPTIONAL MATCH ()-[:TYPE]-() CREATE ( : L1 : L2 { id : 57 } ) - [ : T4 { k64 : 'S' , id : 58 } ] - > ( { id : reduce(a=59 ,b IN []|a) } ) - [ : T3 { id : 60 } ] - > ( { id : 61 } ) CREATE ( { k9 : reduce(a=false ,b IN []|a) , id : 62 } ) < - [ : T4 { id : 63 } ] - ( { id : 64 } ) - [ : T3 { id : 65 } ] - > ( n7 { id : 66 } ) SET (NULL).k=1 RETURN min ( NULL ) AS a4 ;
MATCH (a) RETURN a;
MATCH (a) RETURN a;
MATCH (b)-[a]->(c) RETURN a;
MATCH (b)-[a]->(c) RETURN a;
MERGE (n0{id:67}) MERGE p0=(n1{id:68})<-[r0 :T0{id:69}]-(n2{id:70})<-[r1 :T4{id:71}]-({id:72}) DETACH DELETE n0  RETURN DISTINCT n2 AS a0, 1 AS a1 SKIP 1;
MERGE ( n0 { id : 67 } ) CREATE (c0{id:-1}) DELETE (c0) MERGE p0 = ( n1 { id : 68 } ) < - [ r0 : T0 { id : 69 } ] - ( n2 { id : 70 } ) < - [ r1 : T4 { id : 71 } ] - ( { id : 72 } ) REMOVE (NULL).NULL DETACH DELETE reduce(a=n0 ,b IN []|a) RETURN DISTINCT n2 AS a0 , reduce(a=1 ,b IN []|a) AS a1 SKIP 1 ;
MATCH (a) RETURN a;
MATCH (a) RETURN a;
MATCH (b)-[a]->(c) RETURN a;
MATCH (b)-[a]->(c) RETURN a;
FOREACH(a0 IN labels(endNode(relationships(NULL)[abs(1)]))|MERGE (n0 :L2{id:73})-[r0 :T4{id:74}]-(n1{id:75}) CREATE ({id:76})<-[r1 :T4{k64:NULL, id:77}]-(n2{id:78})<-[r2 :T0{id:79}]-(n3{id:80}) CREATE ( :L2{id:81}), (n4{id:82})-[r3 :T4{k63:(NULL+NULL), id:83}]->( :L1 :L2{k14:NULL, id:84})) MERGE p0=({id:85})-[ :T4{k68:false, id:86}]-(n5{id:87}) DETACH DELETE n5  RETURN 1 AS a1;
FOREACH ( a0 IN labels ( endNode ( relationships ( CASE WHEN TRUE THEN NULL END ) [ abs ( reduce(a=1 ,b IN []|a) ) ] ) ) | MERGE ( n0 : L2 { id : reduce(a=73 ,b IN []|a) } ) - [ r0 : T4 { id : 74 } ] - ( n1 { id : 75 } ) CREATE (m0{ id : 76 } )CREATE (m0)< - [ r1 : T4 { k64 : NULL , id : 77 } ] - ( n2 { id : 78 } ) < - [ r2 : T0 { id : 79 } ] - ( n3 { id : reduce(a=80 ,b IN []|a) } ) CREATE ( : L2 { id : 81 } ) CREATE ( :L1 :L2{k14:NULL, id:84})<-[ r3 : T4 { k63 : ( NULL + NULL ) , id : 83 } ] -( n4 { id : CASE WHEN TRUE THEN 82 END } ) CREATE (c0{id:-1}) DELETE (c0) ) MERGE p0 = ( { id : 85 } ) - [ : T4 { k68 : false , id : 86 } ] - ( n5 { id : 87 } ) WITH * DETACH DELETE n5 RETURN 1 AS a1 ;
MATCH (a) RETURN a;
MATCH (a) RETURN a;
MATCH (b)-[a]->(c) RETURN a;
MATCH (b)-[a]->(c) RETURN a;
UNWIND NULL AS a0 MATCH (n0 :L2)-[r0]-(n1), (n2) SET n2.k=NULL RETURN 1 AS a1, 1 AS a2;
UNWIND NULL AS a0 UNWIND [1] as l0 MATCH (n0)-[*0..0]-( n0 : L2 ) - [ r0 ] - ( n1 ) ,( n2 ) SET n2 . k = NULL WITH * OPTIONAL MATCH ()-[:TYPE]-() RETURN 1 AS a1 , 1 AS a2 ;
MATCH (a) RETURN a;
MATCH (a) RETURN a;
MATCH (b)-[a]->(c) RETURN a;
MATCH (b)-[a]->(c) RETURN a;
WITH * OPTIONAL MATCH ()-[r0]->(), (n0) WHERE (false IS NULL) CREATE (n1{id:88})<-[ :T3{id:89}]-({id:90})-[ :T0{id:91}]->({id:92}), (n2 :L5{k32:'iTf', id:93})-[r1 :T1{id:94}]->(n3{k14:NULL, id:95}) RETURN n0 AS a0;
WITH * CREATE (c0{id:-1}) DELETE (c0) WITH * OPTIONAL MATCH ( ) - [ r0 ] - > ( ) ,( n0 ) WHERE CASE WHEN FALSE THEN NULL ELSE ( CASE WHEN FALSE THEN NULL ELSE false IS NULL END ) END CREATE ( n1 { id : 88 } ) < - [ : T3 { id : 89 } ] - ( { id : 90 } ) - [ : T0 { id : CASE WHEN FALSE THEN NULL ELSE 91 END } ] - > ( { id : 92 } ) CREATE ( n2 : L5 { k32 : 'iTf' , id : 93 } ) - [ r1 : T1 { id : 94 } ] - > ( n3 { k14 : NULL , id : 95 } ) WITH * RETURN reduce(a=n0 ,b IN []|a) AS a0 ORDER BY FALSE DESC ;
MATCH (a) RETURN a;
MATCH (a) RETURN a;
MATCH (b)-[a]->(c) RETURN a;
MATCH (b)-[a]->(c) RETURN a;
CREATE p0=( :L1 :L2{k12:NULL, id:96}), ( :L1 :L2{id:97})-[ :T4{id:98}]->(n1{id:99})-[r1 :T3{id:100}]->(n2{id:101}) MERGE ( :L1{k7:false, id:102})<-[ :T4{id:103}]-(n3{id:104})-[r2 :T3{id:105}]->(n4{id:106}) DETACH DELETE n4,n3  RETURN [-1857518806, (1941355633-(NULL+NULL))] AS a1;
CREATE p0 = ( : L1 : L2 { k12 : NULL , id : 96 } ) CREATE (m0: L1 : L2 { id : 97 } )CREATE (m0)- [ : T4 { id : 98 } ] - > ( n1 { id : 99 } ) - [ r1 : T3 { id : 100 } ] - > ( n2 { id : CASE WHEN TRUE THEN 101 END } ) WITH * MERGE ( : L1 { k7 : false , id : 102 } ) < - [ : T4 { id : CASE WHEN FALSE THEN NULL ELSE 103 END } ] - ( n3 { id : 104 } ) - [ r2 : T3 { id : CASE WHEN TRUE THEN 105 END } ] - > ( n4 { id : 106 } ) DETACH DELETE n4 , n3 WITH * OPTIONAL MATCH ()-[:TYPE]-() RETURN ([ -1857518806 , ( 1941355633 - ( NULL + NULL ) ) ] +[]) AS a1 ;
MATCH (a) RETURN a;
MATCH (a) RETURN a;
MATCH (b)-[a]->(c) RETURN a;
MATCH (b)-[a]->(c) RETURN a;
OPTIONAL MATCH p0=(n0)<-[ :T4{k67:NULL}]-(), (n1)-[r0 :T0{k39:NULL}]-(n0)<-[]-() CREATE (n2{id:107})<-[ :T0{id:108}]-(n3{id:109}) DETACH DELETE n0,n1  RETURN 1 AS a0, p0 AS a1;
OPTIONAL MATCH p0 = ( n0 ) < - [ : T4 { k67 : NULL } ] - ( ) ,( n1 ) - [ r0 : T0 { k39 : NULL } ] - ( n0 ) < - [ ] - ( ) OPTIONAL MATCH ()-[:TYPE]-() CREATE ( n2 { id : 107 } ) < - [ : T0 { id : 108 } ] - ( n3 { id : 109 } ) DETACH DELETE n0 , reduce(a=n1 ,b IN []|a) WITH * UNWIND [NULL] as l0 RETURN 1 AS a0 , p0 AS a1 LIMIT 1 ;
MATCH (a) RETURN a;
MATCH (a) RETURN a;
MATCH (b)-[a]->(c) RETURN a;
MATCH (b)-[a]->(c) RETURN a;
MERGE ({id:110})-[r0 :T0{k42:false, id:111}]->({id:112})-[r1 :T3{id:113}]-(n0{id:114}) DETACH DELETE n0  CREATE ({k33:reduce(a=(r0.k43),b IN [-349463646, -2057545255]|b), id:115})-[r2 :T1{id:116}]->(n1 :L2{k13:false, id:117})-[ :T4{k64:'Q', id:118}]->(n2{id:119}), ( :L5{id:120})-[r3 :T1{k49:(r0.k43), id:121}]->(n3 :L2{id:122}) RETURN (r0.k43) AS a0, 1 AS a1;
MERGE ( { id : 110 } ) - [ r0 : T0 { k42 : false , id : 111 } ] - > ( { id : 112 } ) - [ r1 : T3 { id : 113 } ] - ( n0 { id : 114 } ) DETACH DELETE n0 CREATE ( { k33 : reduce ( a = ( CASE WHEN TRUE THEN r0 . k43 END ) , b IN [ reduce(a=-349463646 ,b IN []|a) , -2057545255 ] | CASE WHEN TRUE THEN b END ) , id : reduce(a=115 ,b IN []|a) } ) - [ r2 : T1 { id : 116 } ] - > ( n1 : L2 { k13 : false , id : CASE WHEN FALSE THEN NULL ELSE 117 END } ) - [ : T4 { k64 : 'Q' , id : 118 } ] - > ( n2 { id : 119 } ) CREATE ( : L5 { id : 120 } ) - [ r3 : T1 { k49 : ( reduce(a=r0 . k43 ,b IN []|a) ) , id : 121 } ] - > ( n3 : L2 { id : CASE WHEN FALSE THEN NULL ELSE 122 END } ) WITH * OPTIONAL MATCH ()-[:TYPE]-() RETURN ( r0 . k43 ) AS a0 , 1 AS a1 ;
MATCH (a) RETURN a;
MATCH (a) RETURN a;
MATCH (b)-[a]->(c) RETURN a;
MATCH (b)-[a]->(c) RETURN a;
MATCH (n0) UNWIND [CASE WHEN false THEN 'A1' END, NULL] AS a0 CREATE ({id:123})-[ :T3{id:124}]->(n1{id:125}), ({id:126}) RETURN 1769336920 AS a1 UNION UNWIND NULL AS a0 MERGE (n0{id:127})-[r0 :T3{id:128}]-(n1{id:129}) MERGE (n2{id:130})-[r1 :T0{k43:-1251157497, id:131}]->({id:132}) RETURN n1 AS a1;
MATCH ( n0 ) UNWIND reduce(a=[ CASE WHEN false THEN 'A1' END , CASE WHEN TRUE THEN NULL END ] ,b IN []|a) AS a0 WITH * CREATE ( { id : reduce(a=123 ,b IN []|a) } ) - [ : T3 { id : 124 } ] - > ( n1 { id : 125 } ) CREATE ( { id : 126 } ) DELETE (NULL) RETURN DISTINCT 1769336920 AS a1 UNION UNWIND NULL AS a0 CREATE (c0{id:-1}) DELETE (c0) MERGE ( n0 { id : 127 } ) - [ r0 : T3 { id : 128 } ] - ( n1 { id : 129 } ) MERGE ( n2 { id : 130 } ) - [ r1 : T0 { k43 : -1251157497 , id : 131 } ] - > ( { id : 132 } ) RETURN n1 AS a1 ORDER BY 1 ;
MATCH (a) RETURN a;
MATCH (a) RETURN a;
MATCH (b)-[a]->(c) RETURN a;
MATCH (b)-[a]->(c) RETURN a;
OPTIONAL MATCH (), () WHERE false OPTIONAL MATCH p0=()-[]-()-[]->(n0) DETACH DELETE n0,p0  RETURN false AS a0, 1 AS a1;
OPTIONAL MATCH ( ) ,( ) WHERE false OPTIONAL MATCH ()-[:TYPE]-() OPTIONAL MATCH p0 = ( ) - [ ] - ( ) - [ ] - > ( n0 ) UNWIND [NULL] as l0 DETACH DELETE n0 , p0 DELETE (NULL) RETURN false AS a0 , 1 AS a1 ;
MATCH (a) RETURN a;
MATCH (a) RETURN a;
MATCH (b)-[a]->(c) RETURN a;
MATCH (b)-[a]->(c) RETURN a;
CALL{WITH * MERGE ( :L2{id:133}) CREATE (n7{k7:NULL, id:134})<-[ :T4{id:135}]-({id:136}) RETURN 1 AS a1 SKIP 0} MERGE ( :L2{id:137}) CREATE p0=({id:138})-[r1 :T3{id:139}]->(n8{id:140}), (n9{id:141})<-[ :T4{id:142}]-(n10{id:143}) RETURN 1 AS a2;
CALL { WITH * MERGE ( : L2 { id : reduce(a=133 ,b IN []|a) } ) WITH * CREATE ( n7 { k7 : NULL , id : 134 } ) < - [ : T4 { id : 135 } ] - ( { id : 136 } ) WITH * RETURN 1 AS a1 SKIP 0 LIMIT 1 } CREATE (c0{id:-1}) DELETE (c0) MERGE ( : L2 { id : 137 } ) CREATE p0 = ( { id : 138 } ) - [ r1 : T3 { id : 139 } ] - > ( n8 { id : 140 } ) CREATE ( n9 { id : CASE WHEN TRUE THEN 141 END } ) < - [ : T4 { id : CASE WHEN FALSE THEN NULL ELSE 142 END } ] - ( n10 { id : 143 } ) CREATE (c1{id:-1}) DELETE (c1) RETURN 1 AS a2 ;
MATCH (a) RETURN a;
MATCH (a) RETURN a;
MATCH (b)-[a]->(c) RETURN a;
MATCH (b)-[a]->(c) RETURN a;
CREATE ({id:144})-[r0 :T0{k42:(1798417173 <> (-733356790*NULL)), id:145}]->({id:146})<-[r1 :T3{k59:'2', id:147}]-({id:148}) CREATE p0=(n0{id:149}) CREATE ({id:150})-[r2 :T1{id:151}]->(n1{k5:NULL, id:152})-[r3 :T4{k64:'sh', id:153}]->(n2{id:154}), (n3{id:155}) RETURN 1 AS a0;
CREATE ( { id : 144 } ) - [ r0 : T0 { k42 : reduce(a=( 1798417173 <> ( -733356790 * NULL ) ) ,b IN []|a) , id : CASE WHEN TRUE THEN 145 END } ] - > ( { id : 146 } ) < - [ r1 : T3 { k59 : '2' , id : 147 } ] - ( { id : reduce(a=148 ,b IN []|a) } ) CREATE p0 = ( n0 { id : 149 } ) CREATE (n2{id:154})<-[ r3 : T4 { k64 : (''+'sh' ), id : 153 } ] -(n1{k5:NULL, id:152})<-[ r2 : T1 { id : 151 } ] -( { id : 150 } ) CREATE ( n3 { id : 155 } ) WITH * UNWIND [NULL] as l0 RETURN 1 AS a0 SKIP 1 ;
MATCH (a) RETURN a;
MATCH (a) RETURN a;
MATCH (b)-[a]->(c) RETURN a;
MATCH (b)-[a]->(c) RETURN a;
FOREACH(a0 IN NULL|MERGE ( :L1{k9:true, id:156}) CREATE p0=({id:157})-[r0 :T0{k40:NULL, id:158}]->(n0{id:159})-[r1 :T3{k58:'T', id:160}]->({id:161}) CREATE p1=({id:162})-[r2 :T3{id:163}]->({id:164}), (n1{id:165})-[r3 :T0{id:166}]->({id:167})) CREATE ( :L1{k9:('5' ENDS WITH 'oO6QQ1MDT'), id:168}) CREATE (n2{id:169})<-[r4 :T4{id:170}]-({id:171}) RETURN -1197815003 AS a1, 1 AS a2;
FOREACH ( a0 IN NULL | MERGE ( : L1 { k9 : reduce(a=true ,b IN []|a) , id : 156 } ) SET (NULL).TRUE=1 CREATE p0 = ( { id : 157 } ) - [ r0 : T0 { k40 : NULL , id : 158 } ] - > ( n0 { id : 159 } ) - [ r1 : T3 { k58 : 'T' , id : 160 } ] - > ( { id : 161 } ) DETACH DELETE NULL CREATE (m0{ id : 162 } )CREATE (m0)- [ r2 : T3 { id : CASE WHEN FALSE THEN NULL ELSE 163 END } ] - > ( { id : reduce(a=164 ,b IN []|a) } ) CREATE (n1{ id : 165 } )CREATE (n1)- [ r3 : T0 { id : 166 } ] - > ( { id : 167 } ) CREATE (c0{id:-1}) DELETE (c0) ) CREATE ( : L1 { k9 : ( '5' ENDS WITH 'oO6QQ1MDT' ) , id : reduce(a=168 ,b IN []|a) } ) WITH * OPTIONAL MATCH ()-[:TYPE]-() CREATE ( n2 { id : 169 } ) < - [ r4 : T4 { id : 170 } ] - ( { id : reduce(a=171 ,b IN []|a) } ) WITH * OPTIONAL MATCH ()-[:TYPE]-() RETURN -1197815003 AS a1 , reduce(a=1 ,b IN []|a) AS a2 ;
