-- Time: 2024/07/05 16:32:03
-- Database: memgraph_database22
-- Database version: composite
-- seed value: 1720168296997
CREATE (n0 :L4:L3{k28 : false, k17 : -1911562654, k27 : -1145546806, k19 : true, k18 : 'GH', k20 : -1461292021, k22 : 'c', id : 0, k21 : false, k24 : 'dI', k23 : 711352641, k25 : '7Z'});
CREATE (n0 :L4{k28 : true, k27 : 1249491620, id : 1, k24 : '9', k26 : true});
CREATE (n0 :L2:L4{k28 : true, k16 : -1355251275, k27 : 1306924413, id : 2, k13 : -2058541556, k24 : 'TVB', k12 : 'N', k15 : true, k26 : true, k25 : '0'});
CREATE (n0 :L4:L0{k28 : false, k27 : 557984931, k0 : 81840678, k1 : true, k2 : -172288576, k4 : 1013739630, k5 : -1098894900, id : 3, k6 : true, k24 : 'y', k26 : false, k25 : 'oe'});
MATCH (n0 {id : 0}), (n1 {id : 1}) MERGE(n0)-[r :T1{k39 : true, k38 : -1927775316, k40 : '8rh', k41 : true, id : 4, k37 : 150339954, k36 : false}]->(n1);
MATCH (n0 {id : 1}), (n1 {id : 2}) MERGE(n0)-[r :T4{k62 : -400267844, k61 : false, id : 5, k57 : true, k56 : false, k59 : false, k58 : true}]->(n1);
MATCH (n0 {id : 3}), (n1 {id : 2}) MERGE(n0)-[r :T2{k42 : -349106007, k44 : false, id : 6, k46 : 1428943963, k48 : -1366537902, k47 : '7DMI1LH'}]->(n1);
MATCH (n0 {id : 3}), (n1 {id : 2}) MERGE(n0)-[r :T0{k29 : -1751982095, k31 : false, k30 : false, id : 7, k35 : 591999395, k34 : -2100272271}]->(n1);
MATCH (n0 {id : 3}), (n1 {id : 0}) MERGE(n0)-[r :T0{k29 : -740801362, k31 : false, k30 : false, k33 : 'l', id : 8, k32 : false, k35 : 491403424, k34 : 1005591264}]->(n1);
MATCH (n0 {id : 3}), (n1 {id : 0}) MERGE(n0)-[r :T4{k60 : false, k62 : 297040503, k61 : true, id : 9, k56 : false, k59 : false, k58 : false}]->(n1);
FOREACH(a0 IN reduce(a=NULL,b IN [NULL, NULL]|a)|CREATE ({k0:-119767148, id:10})-[r1 :T4{k57:(1724845243 < 1333362189), id:11}]->( :L4{id:12}) MERGE ( :L4{id:13}) MERGE (n3{k28:false, id:14})) CREATE ( :L4{id:15})-[ :T0{k35:186085990, id:16}]->({id:17})<-[r2 :T4{id:18}]-( :L4{id:19}) MERGE (n4{id:20})<-[r3 :T1{id:21}]-(n5{id:22}) RETURN '6UI' AS a1, n4 AS a2 UNION ALL FOREACH(a0 IN nodes(NULL)|CREATE ({id:23})-[ :T0{k29:((round(reduce(a=-249809063,b IN [-346619300, -1107235204]|b))/236880243)+582957180), id:24}]->(n2 :L4{id:25})<-[r0 :T4{id:26}]-( :L4{id:27}) MERGE (n3 :L0{k26:true, k0:1348717924, id:28})-[r1 :T0{id:29}]->( :L4 :L3{id:30})-[r2 :T1{id:31}]-({k27:round(-1074692568), id:32}) MERGE (n4{k6:true, id:33})-[r3 :T0{id:34}]->(n5{id:35})<-[r4 :T4{k61:true, id:36}]-( :L4{id:37})) CREATE ( :L2{k27:NULL, id:38}), (n6{k18:type(NULL), id:39}) CREATE ( :L4 :L0{k2:NULL, id:40})-[r5 :T0{id:41}]->( :L2 :L4{k16:1914056513, id:42}) RETURN 1 AS a1, 1 AS a2;
FOREACH ( a0 IN reduce ( a = NULL , b IN CASE WHEN FALSE THEN NULL ELSE [ NULL , NULL ] END | a ) | CREATE ( { k0 : CASE WHEN TRUE THEN -119767148 END , id : 10 } ) - [ r1 : T4 { k57 : ( 1724845243 < 1333362189 ) , id : 11 } ] - > ( : L4 { id : 12 } ) MERGE pp0=( : L4 { id : reduce(a=13 ,b IN []|a) } ) CREATE (c0{id:-1}) DELETE (c0) MERGE ( n3 { k28 : reduce(a=false ,b IN []|a) , id : 14 } ) CREATE (c1{id:-1}) DELETE (c1) ) CREATE ( :L4{id:19})-[ r2 : T4 { id : 18 } ] ->({id:17})<-[ : T0 { k35 : 186085990 , id : 16 } ] -( : L4 { id : 15 } ) WITH * MERGE pp1=( n4 { id : CASE WHEN TRUE THEN 20 END } ) < - [ r3 : T1 { id : 21 } ] - ( n5 { id : 22 } ) WITH * UNWIND [NULL] as l0 RETURN (''+'6UI' )AS a1 , n4 AS a2 UNION ALL FOREACH ( a0 IN nodes ( NULL ) | CREATE ( { id : 23 } ) - [ : T0 { k29 : ( ( round ( reduce ( a = -249809063 , b IN reduce(a=([ -346619300 , -1107235204 ] +[]) ,b IN []|a) | b ) ) / 236880243 ) + 582957180 ) , id : 24 } ] - > ( n2 : L4 { id : 25 } ) < - [ r0 : T4 { id : 26 } ] - ( : L4 { id : 27 } ) MERGE ( n3 : L0 { k26 : true , k0 : 1348717924 , id : 28 } ) - [ r1 : T0 { id : 29 } ] - > ( : L4 : L3 { id : 30 } ) - [ r2 : T1 { id : reduce(a=31 ,b IN []|a) } ] - ( { k27 : CASE WHEN FALSE THEN NULL ELSE round ( -1074692568 ) END , id : 32 } ) MERGE ( n4 { k6 : true , id : CASE WHEN TRUE THEN 33 END } ) - [ r3 : T0 { id : 34 } ] - > ( n5 { id : CASE WHEN TRUE THEN 35 END } ) < - [ r4 : T4 { k61 : true , id : 36 } ] - ( : L4 { id : 37 } ) ) CREATE ( : L2 { k27 : NULL , id : 38 } ) CREATE ( n6 { k18 : type ( CASE WHEN TRUE THEN NULL END ) , id : 39 } ) WITH * UNWIND [NULL] as l1 CREATE ( : L4 : L0 { k2 : CASE WHEN FALSE THEN NULL ELSE NULL END , id : 40 } ) - [ r5 : T0 { id : CASE WHEN FALSE THEN NULL ELSE 41 END } ] - > ( : L2 : L4 { k16 : 1914056513 , id : 42 } ) WITH * UNWIND [1] as l2 RETURN CASE WHEN FALSE THEN NULL ELSE 1 END AS a1 , 1 AS a2 ;
MATCH (a) RETURN a;
MATCH (a) RETURN a;
MATCH (b)-[a]->(c) RETURN a;
MATCH (b)-[a]->(c) RETURN a;
FOREACH(a0 IN NULL|MERGE ( :L2{id:43})-[r0 :T0{id:44}]-(n0 :L4{k28:false, id:45})-[r1 :T2{id:46}]->({id:47}) MERGE (n1 :L3{id:48})-[r2 :T4{id:49}]-(n2 :L4 :L0{id:50}) MERGE (n3 :L2 :L4{id:51})) MERGE ({k25:'urv', k4:813228990, id:52}) CREATE (n4 :L4{k27:615272495, id:53})<-[r3 :T0{id:54}]-(n5 :L4{k6:NULL, id:55}), (n6 :L3{id:56})<-[ :T4{id:57}]-(n7{k2:(-555643641-NULL), id:58}) RETURN 1 AS a1, 1 AS a2;
FOREACH ( a0 IN NULL | MERGE pp0=( : L2 { id : 43 } ) - [ r0 : T0 { id : CASE WHEN TRUE THEN 44 END } ] - ( n0 : L4 { k28 : reduce(a=false ,b IN []|a) , id : 45 } ) - [ r1 : T2 { id : 46 } ] - > ( { id : 47 } ) MERGE ( n1 : L3 { id : 48 } ) - [ r2 : T4 { id : 49 } ] - ( n2 : L4 : L0 { id : CASE WHEN TRUE THEN 50 END } ) MERGE ( n3 : L2 : L4 { id : 51 } ) ) MERGE ( { k25 : reduce(a='urv' ,b IN []|a) , k4 : 813228990 , id : 52 } ) CREATE ( n4 : L4 { k27 : CASE WHEN TRUE THEN 615272495 END , id : 53 } ) < - [ r3 : T0 { id : 54 } ] - ( n5 : L4 { k6 : NULL , id : CASE WHEN FALSE THEN NULL ELSE 55 END } ) CREATE ( n6 : L3 { id : 56 } ) < - [ : T4 { id : 57 } ] - ( n7 { k2 : ( -555643641 - NULL ) , id : 58 } ) RETURN 1 AS a1 , reduce(a=1 ,b IN []|a) AS a2 SKIP 1 ;
MATCH (a) RETURN a;
MATCH (a) RETURN a;
MATCH (b)-[a]->(c) RETURN a;
MATCH (b)-[a]->(c) RETURN a;
UNWIND reduce(a=NULL,b IN [[('l'+'k')], [p0=(n0 :L2 :L4{k26:true})-[r0]-(n1 :L4 :L0)|true]]|a) AS a0 CREATE (n2 :L2{id:59}) MERGE ({id:60})-[ :T2{k46:1369043262, id:61}]-(n3 :L4{id:62}) RETURN * LIMIT 1;
UNWIND reduce ( a = reduce(a=NULL ,b IN []|a) , b IN [ [ ( 'l' + 'k' ) ] , [ p0 = ( n0 : L2 : L4 { k26 : CASE WHEN FALSE THEN NULL ELSE true END } ) - [ r0 ] - ( n1 : L4 : L0 ) | true ] ] | reduce(a=a ,b IN []|a) ) AS a0 CREATE ( n2 : L2 { id : 59 } ) REMOVE (NULL).k MERGE ( { id : 60 } ) - [ : T2 { k46 : 1369043262 , id : 61 } ] - ( n3 : L4 { id : 62 } ) RETURN * SKIP 1 LIMIT 1 ;
MATCH (a) RETURN a;
MATCH (a) RETURN a;
MATCH (b)-[a]->(c) RETURN a;
MATCH (b)-[a]->(c) RETURN a;
MATCH ( :L4)<-[ :T1{k41:NULL}]-()-[]-({k2:CASE WHEN false THEN NULL END}), (n0)-[*0..0]->()-[r0 :T4{k62:NULL}]-(n1 :L2) WHERE (r0.k57) MATCH ()-[r1 :T2{k48:(n1.k16)}]-(n2), (n3 :L4{k24:(n1.k12)}) WHERE (((r0.k62)+round((r1.k48))) = 605155021) MERGE (n4 :L0{k26:true, id:63}) RETURN DISTINCT 1 AS a0 UNION ALL MERGE (n0 :L4 :L0{k25:'ecoR', id:64}) MERGE ( :L4 :L3{id:65})-[r0 :T1{id:66}]-(n1 :L4{id:67})-[r1 :T4{k60:false, id:68}]->( :L2 :L4{id:69}) DETACH DELETE n1,n0  RETURN 1 AS a0;
MATCH ( : L4 ) < - [ : T1 { k41 : NULL } ] - ( ) - [ ] - ( { k2 : CASE WHEN false THEN reduce(a=NULL ,b IN []|a) END } ) ,( n0 ) - [ * 0 .. 0 ] - > ( ) - [ r0 : T4 { k62 : CASE WHEN FALSE THEN NULL ELSE NULL END } ] - ( n1 : L2 ) WHERE ( r0 . k57 ) WITH * MATCH ()-[*0..0]-( ) - [ r1 : T2 { k48 : ( CASE WHEN TRUE THEN n1 . k16 END ) } ] - ( n2 ) ,(n3)-[*0..0]-( n3 : L4 { k24 : ( n1 . k12 ) } ) WHERE ( ( ( r0 . k62 ) + round ( ( r1 . k48 ) ) ) = 605155021 ) WITH * MERGE ( n4 : L0 { k26 : true , id : CASE WHEN TRUE THEN 63 END } ) WITH * OPTIONAL MATCH ()-[:TYPE]-() RETURN DISTINCT 1 AS a0 UNION ALL MERGE ( n0 : L4 : L0 { k25 : (''+'ecoR' ), id : 64 } ) WITH * OPTIONAL MATCH ()-[:TYPE]-() MERGE ( : L4 : L3 { id : 65 } ) - [ r0 : T1 { id : 66 } ] - ( n1 : L4 { id : 67 } ) - [ r1 : T4 { k60 : false , id : 68 } ] - > ( : L2 : L4 { id : reduce(a=69 ,b IN []|a) } ) DETACH DELETE CASE WHEN FALSE THEN NULL ELSE n1 END , n0 CREATE (c0{id:-1}) DELETE (c0) RETURN 1 AS a0 ;
