-- Time: 2024/07/05 16:32:44
-- Database: memgraph_database64
-- Database version: composite
-- seed value: 1720168297039
CREATE (n0 :L4{k28 : -1631576571, k27 : '1E6', id : 0, k26 : 301757521, k25 : 'nTu8UUk'});
CREATE (n0 :L4:L5{k28 : -1885470937, k27 : 'sx7', k29 : -1377226025, k31 : -1090561416, k30 : -2031251377, k33 : 'Y', id : 1, k32 : 'k', k24 : false, k26 : -925858322, k25 : 'g'});
CREATE (n0 {id : 2});
CREATE (n0 :L4{k28 : 1807379373, k27 : 'r', id : 3, k24 : true, k26 : -863045330, k25 : '8'});
MATCH (n0 {id : 0}), (n1 {id : 2}) MERGE(n0)-[r :T2{k51 : false, k50 : '2PX', k53 : 'H', k52 : 'Q', id : 4, k48 : 1046443610, k47 : -431459883}]->(n1);
MATCH (n0 {id : 3}), (n1 {id : 3}) MERGE(n0)-[r :T3{k55 : false, id : 5, k57 : false, k56 : 'I', k59 : 'dYis', k58 : 1524990855}]->(n1);
MATCH (n0 {id : 0}), (n1 {id : 3}) MERGE(n0)-[r :T1{k42 : true, k41 : false, k44 : -794598851, id : 6, k43 : 'b', k46 : -106485400}]->(n1);
MATCH (n0 {id : 2}), (n1 {id : 2}) MERGE(n0)-[r :T6{k71 : false, k73 : true, k72 : '6', k74 : 1364877940, id : 7, k76 : 'alu8G'}]->(n1);
MATCH (n0 {id : 2}), (n1 {id : 2}) MERGE(n0)-[r :T1{k42 : false, k41 : true, k44 : 854990376, id : 8, k43 : 'U', k46 : -1822612575, k45 : -407679054}]->(n1);
MATCH (n0 {id : 2}), (n1 {id : 3}) MERGE(n0)-[r :T6{k71 : false, k73 : true, k72 : 'S7yY', k75 : '0e', k74 : 939880449, id : 9, k76 : 'y'}]->(n1);
WITH NULL AS a0 OPTIONAL MATCH (n0), (n1) WHERE true MERGE ({id:10})-[r0 :T3{id:11}]->(n2{id:12})<-[r1 :T1{id:13}]-(n3{id:14}) RETURN 1 AS a1, 1 AS a2 SKIP 1;
WITH NULL AS a0 WITH * OPTIONAL MATCH ( n0 ) ,( n1 ) WHERE true UNWIND [NULL] as l0 MERGE ( { id : 10 } ) - [ r0 : T3 { id : 11 } ] - > ( n2 { id : CASE WHEN TRUE THEN 12 END } ) < - [ r1 : T1 { id : 13 } ] - ( n3 { id : 14 } ) WITH * OPTIONAL MATCH ()-[:TYPE]-() RETURN reduce(a=1 ,b IN []|a) AS a1 , 1 AS a2 SKIP 1 ;
MATCH (a) RETURN a;
MATCH (a) RETURN a;
MATCH (b)-[a]->(c) RETURN a;
MATCH (b)-[a]->(c) RETURN a;
CALL{WITH * FOREACH(a0 IN NULL|CREATE ({id:15}), ({k28:round(-486507568), id:16}) CREATE p0=({id:17})-[ :T1{id:18}]->({id:19}), (n0{id:20}) MERGE ({id:21})-[r0 :T1{id:22}]-({id:23})-[r1 :T2{id:24}]-(n1{id:25})) MERGE (n2{id:26}) RETURN 1 AS a1, n2 AS a2} MATCH (n3 :L4)-[ :T2{k52:'t'}]-(n4) DETACH DELETE n4  RETURN 1 AS a3, (n3.k24) AS a4;
CALL { WITH * FOREACH ( a0 IN NULL | CREATE ( { id : 15 } ) CREATE ( { k28 : round ( -486507568 ) , id : 16 } ) CREATE (c0{id:-1}) DELETE (c0) CREATE p0 = ( { id : CASE WHEN FALSE THEN NULL ELSE 17 END } ) - [ : T1 { id : 18 } ] - > ( { id : 19 } ) CREATE ( n0 { id : 20 } ) MERGE pp0=( { id : 21 } ) - [ r0 : T1 { id : 22 } ] - ( { id : 23 } ) - [ r1 : T2 { id : 24 } ] - ( n1 { id : 25 } ) ) MERGE ( n2 { id : 26 } ) RETURN 1 AS a1 , CASE WHEN FALSE THEN NULL ELSE n2 END AS a2 ORDER BY NULL } WITH * MATCH ( n3 : L4 ) - [ : T2 { k52 : reduce(a='t' ,b IN []|a) } ] - ( n4 ) DELETE (NULL) DETACH DELETE n4 WITH * RETURN reduce(a=1 ,b IN []|a) AS a3 , reduce(a=( n3 . k24 ) ,b IN []|a) AS a4 ;
MATCH (a) RETURN a;
MATCH (a) RETURN a;
MATCH (b)-[a]->(c) RETURN a;
MATCH (b)-[a]->(c) RETURN a;
WITH * MATCH ( :L4)<-[r1]-()-[ :T1{k41:(type(r1) <> NULL)}]-(n4) DETACH DELETE r1,n4  RETURN 1 AS a1;
WITH * WHERE TRUE CREATE (c0{id:-1}) DELETE (c0) WITH * MATCH ( : L4 ) < - [ r1 ] - ( ) - [ : T1 { k41 : ( type ( r1 ) <> NULL ) } ] - ( n4 ) WITH * DETACH DELETE NULL DETACH DELETE reduce(a=r1 ,b IN []|a) , n4 RETURN 1 AS a1 ;
MATCH (a) RETURN a;
MATCH (a) RETURN a;
MATCH (b)-[a]->(c) RETURN a;
MATCH (b)-[a]->(c) RETURN a;
WITH * ORDER BY [[false, NULL], NULL] DESC CREATE (n0{id:27}), p0=(n1{k28:NULL, id:28})-[r0 :T1{id:29}]->( :L4{k24:(NULL ENDS WITH 'Zi'), id:30}) MERGE ({k25:'fHH', id:31})<-[r1 :T6{k73:true, id:32}]-(n2{id:33}) RETURN DISTINCT n2 AS a0;
WITH * ORDER BY ([ ([ false , NULL ] +[]) , NULL ] +[]) DESC UNWIND [1] as l0 CREATE ( n0 { id : 27 } ) CREATE p0 = ( n1 { k28 : NULL , id : reduce(a=28 ,b IN []|a) } ) - [ r0 : T1 { id : CASE WHEN TRUE THEN 29 END } ] - > ( : L4 { k24 : ( CASE WHEN FALSE THEN NULL ELSE NULL ENDS WITH ('Zi' +'') END ) , id : 30 } ) WITH * OPTIONAL MATCH ()-[:TYPE]-() MERGE ( { k25 : 'fHH' , id : 31 } ) < - [ r1 : T6 { k73 : true , id : reduce(a=32 ,b IN []|a) } ] - ( n2 { id : 33 } ) WITH * RETURN DISTINCT n2 AS a0 ;
MATCH (a) RETURN a;
MATCH (a) RETURN a;
MATCH (b)-[a]->(c) RETURN a;
MATCH (b)-[a]->(c) RETURN a;
OPTIONAL MATCH (), () OPTIONAL MATCH (n0), (n1) DETACH DELETE n1,n0  RETURN 1 AS a0;
OPTIONAL MATCH ( ) ,()-[*0..0]-( ) OPTIONAL MATCH (n0),(n1) OPTIONAL MATCH ()-[:TYPE]-() DETACH DELETE n1 , n0 WITH * RETURN DISTINCT 1 AS a0 ;
MATCH (a) RETURN a;
MATCH (a) RETURN a;
MATCH (b)-[a]->(c) RETURN a;
MATCH (b)-[a]->(c) RETURN a;
WITH NULL AS a0 WHERE NULL CREATE ({id:34}), ({id:35})-[ :T1{k44:round(NULL), id:36}]->(n0{id:37}) MERGE ({id:38})-[r0 :T2{k48:1090535307, id:39}]-(n1 :L4{k28:-1774365221, id:40})-[r1 :T1{id:41}]->( :L4{id:42}) RETURN DISTINCT n1 AS a1, 1 AS a2 ORDER BY a2 DESC;
WITH NULL AS a0 WHERE CASE WHEN TRUE THEN NULL END CREATE ( { id : CASE WHEN TRUE THEN 34 END } ) CREATE (m0{ id : CASE WHEN TRUE THEN 35 END } )CREATE (m0)- [ : T1 { k44 : round ( NULL ) , id : reduce(a=36 ,b IN []|a) } ] - > ( n0 { id : 37 } ) WITH * OPTIONAL MATCH ()-[:TYPE]-() MERGE ( { id : 38 } ) - [ r0 : T2 { k48 : 1090535307 , id : 39 } ] - ( n1 : L4 { k28 : -1774365221 , id : reduce(a=40 ,b IN []|a) } ) - [ r1 : T1 { id : 41 } ] - > ( : L4 { id : reduce(a=42 ,b IN []|a) } ) WITH * RETURN DISTINCT reduce(a=n1 ,b IN []|a) AS a1 , 1 AS a2 ORDER BY a2 DESC SKIP 1 ;
MATCH (a) RETURN a;
MATCH (a) RETURN a;
MATCH (b)-[a]->(c) RETURN a;
MATCH (b)-[a]->(c) RETURN a;
CREATE ( :L4{k26:NULL, id:43}), (n0 :L4 :L5{id:44}) MERGE (n1 :L5{k27:'k', id:45}) DETACH DELETE n1  RETURN 1 AS a0, 1 AS a1;
CREATE ( : L4 { k26 : reduce(a=NULL ,b IN []|a) , id : 43 } ) CREATE ( n0 : L4 : L5 { id : 44 } ) WITH * OPTIONAL MATCH ()-[:TYPE]-() MERGE ( n1 : L5 { k27 : CASE WHEN FALSE THEN NULL ELSE 'k' END , id : reduce(a=45 ,b IN []|a) } ) WITH * UNWIND [NULL] as l0 DETACH DELETE n1 RETURN 1 AS a0 , 1 AS a1 LIMIT 1 ;
MATCH (a) RETURN a;
MATCH (a) RETURN a;
MATCH (b)-[a]->(c) RETURN a;
MATCH (b)-[a]->(c) RETURN a;
WITH ((NULL < 'uEW') AND false) AS a0 ORDER BY NULL, a0 DESC CREATE (n0{k29:NULL, id:46}), ( :L4{id:47})-[ :T3{id:48}]->(n1{k27:NULL, id:49})<-[ :T1{k44:-149107881, id:50}]-(n2{id:51}) MERGE (n3{k24:false, id:52})-[r0 :T6{id:53}]-(n4{id:54})-[r1 :T1{k42:false, id:55}]->({id:56}) RETURN n3 AS a1, n4 AS a2 SKIP 1 LIMIT 0;
WITH ( reduce(a=( NULL < ('uEW' +'') ) AND false ,b IN []|a) ) AS a0 ORDER BY NULL , a0 DESC REMOVE (NULL).FALSE CREATE ( n0 { k29 : NULL , id : CASE WHEN TRUE THEN 46 END } ) CREATE (m0: L4 { id : CASE WHEN TRUE THEN 47 END } )CREATE (m0)- [ : T3 { id : 48 } ] - > ( n1 { k27 : NULL , id : 49 } ) < - [ : T1 { k44 : -149107881 , id : 50 } ] - ( n2 { id : 51 } ) WITH * MERGE ( n3 { k24 : false , id : 52 } ) - [ r0 : T6 { id : 53 } ] - ( n4 { id : 54 } ) - [ r1 : T1 { k42 : false , id : CASE WHEN TRUE THEN 55 END } ] - > ( { id : 56 } ) WITH * RETURN n3 AS a1 , n4 AS a2 SKIP 1 LIMIT 0 ;
MATCH (a) RETURN a;
MATCH (a) RETURN a;
MATCH (b)-[a]->(c) RETURN a;
MATCH (b)-[a]->(c) RETURN a;
OPTIONAL MATCH (n2)-[]->(n3)-[]-(n4) WHERE NULL SET n4.k=-1508816606 CREATE ({k26:NULL, id:57})-[ :T3{id:58}]->({id:59}), ({k27:NULL, id:60})-[ :T3{k57:reduce(a=true,b IN [NULL, (reverse('B') CONTAINS 'o')]|a), id:61}]->({id:62}) RETURN relationships(NULL)[abs(2094307583)] AS a2, n2 AS a3;
OPTIONAL MATCH ( n2 ) - [ ] - > ( n3 ) - [ ] - ( n4 ) WHERE NULL UNWIND [NULL] as l0 FOREACH(f in [1]|SET n4 . k = CASE WHEN FALSE THEN NULL ELSE -1508816606 END ) DETACH DELETE (NULL) CREATE ( { k26 : NULL , id : 57 } ) - [ : T3 { id : 58 } ] - > ( { id : 59 } ) CREATE ( { k27 : NULL , id : 60 } ) - [ : T3 { k57 : reduce ( a = true , b IN [ NULL , ( reverse ( 'B' ) CONTAINS 'o' ) ] | a ) , id : 61 } ] - > ( { id : 62 } ) WITH * UNWIND [NULL] as l1 RETURN CASE WHEN FALSE THEN NULL ELSE (relationships ( NULL ) +[]) [ abs ( 2094307583 ) ] END AS a2 , n2 AS a3 ORDER BY 1 ;
MATCH (a) RETURN a;
MATCH (a) RETURN a;
MATCH (b)-[a]->(c) RETURN a;
MATCH (b)-[a]->(c) RETURN a;
CREATE (n0{id:63})-[ :T6{id:64}]->({id:65}), ({id:66})-[ :T6{id:67}]->(n1{id:68})-[r0 :T1{k45:-954794524, id:69}]->(n2{id:70}) CREATE (n3{id:71})-[r1 :T6{id:72}]->( :L4{k28:size(NULL), id:73}), (n4 :L4{id:74}) CREATE ({id:75}), (n5{id:76})-[ :T1{k45:round(NULL), id:77}]->(n6{id:78})-[r2 :T6{id:79}]->(n7{id:80}) RETURN 1 AS a0, 1 AS a1;
CREATE ( n0 { id : reduce(a=63 ,b IN []|a) } ) - [ : T6 { id : 64 } ] - > ( { id : CASE WHEN FALSE THEN NULL ELSE 65 END } ) CREATE ( { id : 66 } ) - [ : T6 { id : 67 } ] - > ( n1 { id : 68 } ) - [ r0 : T1 { k45 : reduce(a=-954794524 ,b IN []|a) , id : 69 } ] - > ( n2 { id : 70 } ) REMOVE (NULL).TRUE CREATE ( n3 { id : 71 } ) - [ r1 : T6 { id : 72 } ] - > ( : L4 { k28 : size ( NULL ) , id : CASE WHEN FALSE THEN NULL ELSE 73 END } ) CREATE ( n4 : L4 { id : 74 } ) CREATE ( { id : 75 } ) CREATE ( n5 { id : 76 } ) - [ : T1 { k45 : CASE WHEN TRUE THEN round ( reduce(a=NULL ,b IN []|a) ) END , id : 77 } ] - > ( n6 { id : 78 } ) - [ r2 : T6 { id : 79 } ] - > ( n7 { id : 80 } ) SET (NULL).FALSE=1 RETURN 1 AS a0 , 1 AS a1 ;
MATCH (a) RETURN a;
MATCH (a) RETURN a;
MATCH (b)-[a]->(c) RETURN a;
MATCH (b)-[a]->(c) RETURN a;
WITH (((reverse('CC2')+('4'+'yPql7lPM')) > type(relationships(NULL)[abs(-779375377)])) AND (NULL IS NOT NULL)) AS a0 WHERE ((NULL CONTAINS reverse('e')) OR (NULL AND true)) MATCH ({k26:-1367544780})-[ :T3{k56:'Y'}]-({k26:1082893796})-[]-(n0), p0=(n1) DETACH DELETE n0,n1  RETURN *, 1 AS a1;
WITH ( ( ( reverse ( CASE WHEN TRUE THEN 'CC2' END ) + ( '4' + 'yPql7lPM' ) ) > type ( reduce(a=relationships ( reduce(a=NULL ,b IN []|a) ) [ abs ( -779375377 ) ] ,b IN []|a) ) ) AND ( reduce(a=NULL IS NOT NULL ,b IN []|a) ) ) AS a0 WHERE ( ( NULL CONTAINS reverse ( 'e' ) ) OR ( NULL AND true ) ) MATCH (nn0),()<-[m1:T3{k56:'Y'}]-(),(nn2),()<-[m3]-(),(n0),p0=(n1) WHERE exists((nn0{k26:-1367544780})-[m1]-(nn2{k26:1082893796})-[m3]-(n0)) WITH * DETACH DELETE n0 , reduce(a=n1 ,b IN []|a) RETURN * , 1 AS a1 ;
