-- Time: 2024/07/05 16:32:37
-- Database: memgraph_database56
-- Database version: composite
-- seed value: 1720168297031
CREATE (n0 :L5{k31 : false, k33 : 1571885196, id : 0, k32 : 'p', k35 : false, k34 : -78572823, k36 : '1'});
CREATE (n0 :L3:L5{k20 : false, k31 : false, k22 : 'LWLVj', k33 : 187812042, k21 : 'W', k32 : 'H', k24 : false, k35 : true, k34 : 1327714514, k25 : 1085946765, k36 : '0', k19 : false, id : 1});
CREATE (n0 :L2{k17 : '8', k16 : '3', k18 : 1478304061, id : 2, k13 : 'wo', k15 : true});
CREATE (n0 :L4:L2{k28 : 'y', k17 : 'j', k27 : 1925467847, k16 : 'crSUD2y', k29 : '3', k18 : 476953977, k30 : -1164375317, id : 3, k13 : 'wo', k26 : 1626554764, k15 : false, k14 : 'P'});
MATCH (n0 {id : 3}), (n1 {id : 0}) MERGE(n0)-[r :T4{k66 : 1042763336, id : 4, k65 : 2017623718, k67 : false}]->(n1);
MATCH (n0 {id : 2}), (n1 {id : 0}) MERGE(n0)-[r :T4{k64 : 974433926, k66 : 1417317542, id : 5, k65 : 1086340519, k67 : false, k69 : -1139965746}]->(n1);
MATCH (n0 {id : 0}), (n1 {id : 0}) MERGE(n0)-[r :T1{k49 : 526155479, k44 : -1257953678, id : 6, k46 : -1439012562, k48 : true, k47 : false}]->(n1);
MATCH (n0 {id : 3}), (n1 {id : 1}) MERGE(n0)-[r :T5{k71 : false, k70 : 'JiW', k73 : 'edthr', k72 : false, k75 : false, k74 : 'C', id : 7}]->(n1);
FOREACH(a0 IN NULL|CREATE (n0{k29:'vlbWmHycy', id:8})-[ :T4{id:9}]->(n1 :L5{k25:NULL, k33:size(NULL), id:10}), ({id:11})<-[ :T4{id:12}]-({id:13}) CREATE (n2 :L2{id:14})-[r0 :T4{id:15}]->( :L3{id:16}), (n3{id:17})-[ :T1{id:18}]->(n4{k35:NULL, id:19}) MERGE (n5{k16:'o', id:20})<-[r1 :T4{id:21}]-(n6 :L5{k35:true, id:22})) MERGE ({id:23})-[r2 :T1{k44:1202140848, id:24}]-( :L5{k33:-743906001, id:25})<-[r3 :T4{id:26}]-( :L2{k30:588545487, id:27}) MERGE p0=({id:28})<-[ :T4{id:29}]-( :L4{id:30})-[r4 :T5{id:31}]->( :L3{id:32}) RETURN 1 AS a1, 1 AS a2;
FOREACH ( a0 IN NULL | CREATE ( n0 { k29 : 'vlbWmHycy' , id : 8 } ) - [ : T4 { id : 9 } ] - > ( n1 : L5 { k25 : NULL , k33 : size ( NULL ) , id : 10 } ) CREATE ({id:13})-[ : T4 { id : CASE WHEN FALSE THEN NULL ELSE 12 END } ] ->( { id : 11 } ) SET (NULL).TRUE=1 CREATE ( n2 : L2 { id : 14 } ) - [ r0 : T4 { id : 15 } ] - > ( : L3 { id : 16 } ) CREATE ( n3 { id : 17 } ) - [ : T1 { id : 18 } ] - > ( n4 { k35 : reduce(a=NULL ,b IN []|a) , id : 19 } ) MERGE ( n5 { k16 : 'o' , id : 20 } ) < - [ r1 : T4 { id : 21 } ] - ( n6 : L5 { k35 : true , id : 22 } ) ) MERGE ( { id : 23 } ) - [ r2 : T1 { k44 : 1202140848 , id : 24 } ] - ( : L5 { k33 : -743906001 , id : CASE WHEN FALSE THEN NULL ELSE 25 END } ) < - [ r3 : T4 { id : CASE WHEN TRUE THEN 26 END } ] - ( : L2 { k30 : 588545487 , id : 27 } ) MERGE p0 = ( { id : 28 } ) < - [ : T4 { id : 29 } ] - ( : L4 { id : 30 } ) - [ r4 : T5 { id : 31 } ] - > ( : L3 { id : CASE WHEN FALSE THEN NULL ELSE 32 END } ) SET (NULL).FALSE=1 RETURN CASE WHEN TRUE THEN 1 END AS a1 , reduce(a=1 ,b IN []|a) AS a2 ;
MATCH (a) RETURN a;
MATCH (a) RETURN a;
MATCH (b)-[a]->(c) RETURN a;
MATCH (b)-[a]->(c) RETURN a;
CREATE ( :L2{id:33})-[ :T4{k66:NULL, id:34}]->(n0{k32:NULL, id:35})-[ :T1{id:36}]->(n1{id:37}) CREATE ({id:38}) CREATE (n2{id:39})<-[r0 :T5{k70:'j', id:40}]-(n3 :L2{k26:1887066922, id:41}) RETURN ('M'+'rbdbhBj') AS a0, -1534628264 AS a1;
CREATE ( : L2 { id : reduce(a=33 ,b IN []|a) } ) - [ : T4 { k66 : NULL , id : CASE WHEN TRUE THEN 34 END } ] - > ( n0 { k32 : reduce(a=NULL ,b IN []|a) , id : 35 } ) - [ : T1 { id : CASE WHEN TRUE THEN 36 END } ] - > ( n1 { id : 37 } ) CREATE (c0{id:-1}) DELETE (c0) CREATE ( { id : reduce(a=38 ,b IN []|a) } ) WITH * CREATE (n2{ id : 39 } )CREATE (n2)< - [ r0 : T5 { k70 : 'j' , id : CASE WHEN TRUE THEN 40 END } ] - ( n3 : L2 { k26 : 1887066922 , id : 41 } ) WITH * RETURN ( 'M' + (''+'rbdbhBj' )) AS a0 , -1534628264 AS a1 ;
MATCH (a) RETURN a;
MATCH (a) RETURN a;
MATCH (b)-[a]->(c) RETURN a;
MATCH (b)-[a]->(c) RETURN a;
WITH NULL AS a1, NULL AS a2 OPTIONAL MATCH p1=()-[r0]->(n3) SET n3.k=NULL RETURN p1 AS a3, p1 AS a4 ORDER BY a3 DESC;
WITH NULL AS a1 , NULL AS a2 OPTIONAL MATCH p1=()-[r0]->(n3) OPTIONAL MATCH ()-[:TYPE]-() SET n3 . k = NULL SET (NULL).FALSE=1 RETURN p1 AS a3 , p1 AS a4 ORDER BY a3 DESC ;
MATCH (a) RETURN a;
MATCH (a) RETURN a;
MATCH (b)-[a]->(c) RETURN a;
MATCH (b)-[a]->(c) RETURN a;
CALL{WITH * OPTIONAL MATCH ()-[]->(n0 :L5) WHERE true SET n0.k=CASE WHEN (2083488271 < true) THEN NULL END RETURN 1 AS a0} CREATE (n1 :L2{k30:-620995950, id:42})-[r0 :T4{id:43}]->(n2{id:44})-[r1 :T1{id:45}]->(n3{id:46}), (n4{id:47}) MERGE (n5{k17:'rNV3xhnH', id:48}) RETURN a0 AS a1 ORDER BY NULL DESC UNION ALL FOREACH(a0 IN [NULL]|CREATE ( :L2{k18:NULL, id:49})-[ :T4{id:50}]->({k36:'TJp1N', id:51})-[ :T1{id:52}]->({id:53}), p0=({id:54})-[r0 :T1{k44:2034798271, id:55}]->( :L5{id:56}) MERGE ({id:57})-[r1 :T4{k69:-1576846235, id:58}]->(n0{id:59})-[r2 :T1{k44:-328529144, id:60}]->({id:61}) MERGE ( :L5{id:62})-[r3 :T5{id:63}]-({id:64})) CREATE (n1{id:65})-[r4 :T4{id:66}]->( :L5{id:67}), p1=({id:68})<-[r5 :T4{k68:926774763, id:69}]-(n2{k28:NULL, id:70}) MERGE p2=( :L5{id:71})-[ :T1{id:72}]->(n3{id:73}) RETURN p2 AS a1;
CALL { WITH * OPTIONAL MATCH (nn0),()-[m1]->(),(n0:L5) WHERE exists((nn0)-[m1]->(n0)) AND (true )CREATE (c0{id:-1}) DELETE (c0) SET n0 . k = CASE WHEN CASE WHEN TRUE THEN ( 2083488271 < true ) END THEN NULL END RETURN reduce(a=1 ,b IN []|a) AS a0 } OPTIONAL MATCH ()-[:TYPE]-() CREATE (n3{id:46})<-[ r1 : T1 { id : 45 } ] -(n2{id:44})<-[ r0 : T4 { id : reduce(a=43 ,b IN []|a) } ] -( n1 : L2 { k30 : -620995950 , id : 42 } ) CREATE ( n4 { id : CASE WHEN FALSE THEN NULL ELSE 47 END } ) DETACH DELETE NULL MERGE pp0=( n5 { k17 : (''+'rNV3xhnH' ), id : 48 } ) RETURN DISTINCT a0 AS a1 ORDER BY NULL DESC UNION ALL FOREACH ( a0 IN ([]+[ NULL ] )| CREATE ( : L2 { k18 : NULL , id : 49 } ) - [ : T4 { id : 50 } ] - > ( { k36 : CASE WHEN TRUE THEN 'TJp1N' END , id : 51 } ) - [ : T1 { id : 52 } ] - > ( { id : reduce(a=53 ,b IN []|a) } ) CREATE (m2{ id : 54 } )CREATE (m2)- [ r0 : T1 { k44 : 2034798271 , id : 55 } ] - > ( : L5 { id : reduce(a=56 ,b IN []|a) } ) MERGE ( { id : 57 } ) - [ r1 : T4 { k69 : -1576846235 , id : reduce(a=58 ,b IN []|a) } ] - > ( n0 { id : CASE WHEN FALSE THEN NULL ELSE 59 END } ) - [ r2 : T1 { k44 : -328529144 , id : 60 } ] - > ( { id : 61 } ) MERGE ( : L5 { id : reduce(a=62 ,b IN []|a) } ) - [ r3 : T5 { id : CASE WHEN FALSE THEN NULL ELSE 63 END } ] - ( { id : 64 } ) ) WITH * OPTIONAL MATCH ()-[:TYPE]-() CREATE ( n1 { id : 65 } ) - [ r4 : T4 { id : reduce(a=66 ,b IN []|a) } ] - > ( : L5 { id : 67 } ) CREATE p1=(n2{k28:NULL, id:70})-[ r5 : T4 { k68 : 926774763 , id : 69 } ] ->( { id : 68 } ) CREATE (c1{id:-1}) DELETE (c1) MERGE p2 = ( : L5 { id : 71 } ) - [ : T1 { id : 72 } ] - > ( n3 { id : CASE WHEN TRUE THEN 73 END } ) WITH * UNWIND [NULL] as l0 RETURN p2 AS a1 ;
MATCH (a) RETURN a;
MATCH (a) RETURN a;
MATCH (b)-[a]->(c) RETURN a;
MATCH (b)-[a]->(c) RETURN a;
CALL{WITH * WITH * SKIP 1 WHERE true CREATE (n0{id:74})<-[r0 :T4{k69:((-836681066+-1301181449)+-1695860022), id:75}]-({k27:1429285731, id:76}), ({id:77})<-[ :T5{k71:((1022448949 >= -135125032) OR true), id:78}]-({id:79}) RETURN 1 AS a0, 1 AS a1} MERGE ( :L4{k26:a1, k14:'C', id:80})-[r1 :T4{id:81}]-({k32:'R', id:82}) DETACH DELETE r1  RETURN 1 AS a2, NULL AS a3;
CALL { WITH * WITH * SKIP 1 WHERE true UNWIND [NULL] as l0 CREATE ( n0 { id : 74 } ) < - [ r0 : T4 { k69 : ( CASE WHEN FALSE THEN NULL ELSE ( -836681066 + -1301181449 ) + -1695860022 END ) , id : 75 } ] - ( { k27 : CASE WHEN FALSE THEN NULL ELSE 1429285731 END , id : reduce(a=76 ,b IN []|a) } ) CREATE ( { id : 77 } ) < - [ : T5 { k71 : ( ( 1022448949 >= -135125032 ) OR true ) , id : 78 } ] - ( { id : 79 } ) RETURN 1 AS a0 , 1 AS a1 } DELETE NULL MERGE ( : L4 { k26 : a1 , k14 : 'C' , id : 80 } ) - [ r1 : T4 { id : 81 } ] - ( { k32 : 'R' , id : 82 } ) DELETE (NULL) DETACH DELETE r1 DETACH DELETE NULL RETURN DISTINCT CASE WHEN FALSE THEN NULL ELSE 1 END AS a2 , NULL AS a3 ;
MATCH (a) RETURN a;
MATCH (a) RETURN a;
MATCH (b)-[a]->(c) RETURN a;
MATCH (b)-[a]->(c) RETURN a;
MATCH ()-[ :T4{k66:-1910428124}]->(n0) UNWIND [[1160150102, -1100445002], NULL] AS a0 MERGE ( :L5{k23:false, id:83})<-[r0 :T4{id:84}]-(n1{k26:1660035570, id:85}) RETURN 1 AS a1;
MATCH ( ) - [ : T4 { k66 : -1910428124 } ] - > ( n0 ) WITH * WHERE TRUE UNWIND ([ [ 1160150102 , -1100445002 ] , NULL ] +[]) AS a0 CREATE (c0{id:-1}) DELETE (c0) MERGE ( : L5 { k23 : false , id : CASE WHEN TRUE THEN 83 END } ) < - [ r0 : T4 { id : 84 } ] - ( n1 { k26 : 1660035570 , id : 85 } ) CREATE (c1{id:-1}) DELETE (c1) RETURN 1 AS a1 LIMIT 1 ;
MATCH (a) RETURN a;
MATCH (a) RETURN a;
MATCH (b)-[a]->(c) RETURN a;
MATCH (b)-[a]->(c) RETURN a;
OPTIONAL MATCH (n0{k29:reverse(NULL)})-[]->(), (n1) WHERE NULL CREATE (n2 :L5{id:86}) SET n0.k=1253203441 RETURN collect(NULL)[abs(-1009841634)] AS a0 SKIP 0;
OPTIONAL MATCH ( n0 { k29 : CASE WHEN TRUE THEN reverse ( NULL ) END } ) - [ ] - > ( ) ,( n1 ) WHERE NULL CREATE (c0{id:-1}) DELETE (c0) CREATE ( n2 : L5 { id : 86 } ) WITH * SET n0 . k = 1253203441 WITH * OPTIONAL MATCH ()-[:TYPE]-() RETURN collect ( NULL ) [ CASE WHEN TRUE THEN abs ( -1009841634 ) END ] AS a0 SKIP 0 ;
MATCH (a) RETURN a;
MATCH (a) RETURN a;
MATCH (b)-[a]->(c) RETURN a;
MATCH (b)-[a]->(c) RETURN a;
UNWIND NULL AS a0 OPTIONAL MATCH ()-[r0]-()<-[r1 :T4{k66:NULL}]-(n0), (n1)-[]-()<-[*0..1]-(n2{k33:(r1.k66)}) CREATE ({id:87})-[ :T1{id:88}]->({id:89}) RETURN 1 AS a1, a0 AS a2 LIMIT 1;
UNWIND NULL AS a0 OPTIONAL MATCH ( ) - [ r0 ] - ( ) < - [ r1 : T4 { k66 : NULL } ] - ( n0 ) ,( n1 ) - [ ] - ( ) < - [ * 0 .. 1 ] - ( n2 { k33 : ( r1 . k66 ) } ) WITH * CREATE (m0{ id : reduce(a=87 ,b IN []|a) } )CREATE (m0)- [ : T1 { id : 88 } ] - > ( { id : CASE WHEN TRUE THEN 89 END } ) WITH * RETURN reduce(a=1 ,b IN []|a) AS a1 , a0 AS a2 LIMIT 1 ;
MATCH (a) RETURN a;
MATCH (a) RETURN a;
MATCH (b)-[a]->(c) RETURN a;
MATCH (b)-[a]->(c) RETURN a;
UNWIND NULL AS a0 MATCH p0=(n0)-[*0..]-(n1)-[]-(n2), p1=() MERGE (n3 :L5{k31:false, id:90}) RETURN *;
UNWIND CASE WHEN FALSE THEN NULL ELSE NULL END AS a0 SET (NULL).k=1 WITH * MATCH p0 = ( n0 ) - [ * 0 .. ] - ( n1 ) - [ ] - ( n2 ) ,p1 = ( ) OPTIONAL MATCH ()-[:TYPE]-() MERGE ( n3 : L5 { k31 : false , id : reduce(a=90 ,b IN []|a) } ) WITH * RETURN * ;
MATCH (a) RETURN a;
MATCH (a) RETURN a;
MATCH (b)-[a]->(c) RETURN a;
MATCH (b)-[a]->(c) RETURN a;
CALL{WITH * MERGE ( :L3 :L5{k33:-2071150531, id:91}) CREATE p0=({id:92})-[ :T4{id:93}]->({id:94}), p1=(n1 :L4 :L2{id:95})-[ :T4{id:96}]->({id:97})-[r0 :T1{id:98}]->(n2{id:99}) RETURN properties(nodes(NULL)[abs(867438163)]) AS a2, 1 AS a3} OPTIONAL MATCH ()-[ :T5{k74:NULL}]-(n3) WHERE (NULL ENDS WITH NULL) DETACH DELETE n3,NULL  RETURN 1 AS a4 ORDER BY NULL SKIP 0;
CALL { WITH * REMOVE (NULL).TRUE MERGE pp0=( : L3 : L5 { k33 : -2071150531 , id : 91 } ) CREATE (m0{ id : 92 } )CREATE (m0)- [ : T4 { id : 93 } ] - > ( { id : 94 } ) CREATE p1 = ( n1 : L4 : L2 { id : 95 } ) - [ : T4 { id : 96 } ] - > ( { id : 97 } ) - [ r0 : T1 { id : 98 } ] - > ( n2 { id : 99 } ) WITH * OPTIONAL MATCH ()-[:TYPE]-() RETURN reduce(a=properties ( nodes ( NULL ) [ abs ( reduce(a=867438163 ,b IN []|a) ) ] ) ,b IN []|a) AS a2 , 1 AS a3 } WITH * OPTIONAL MATCH ( ) - [ : T5 { k74 : NULL } ] - ( n3 ) WHERE ( NULL ENDS WITH NULL ) WITH * DETACH DELETE n3 , NULL RETURN 1 AS a4 ORDER BY NULL SKIP reduce(a=0 ,b IN []|a) ;
MATCH (a) RETURN a;
MATCH (a) RETURN a;
MATCH (b)-[a]->(c) RETURN a;
MATCH (b)-[a]->(c) RETURN a;
FOREACH(a0 IN keys(relationships(NULL)[abs(NULL)])|CREATE ({id:100}), (n0{id:101})<-[ :T5{id:102}]-( :L4{id:103}) CREATE ({id:104})<-[r0 :T5{id:105}]-({id:106})-[ :T4{id:107}]->( :L5{id:108}), (n1{k30:CASE WHEN false THEN NULL END, id:109})-[r1 :T4{k64:-176716261, id:110}]->(n2{k32:'5D', id:111}) MERGE (n3{id:112})-[r2 :T4{k64:-1295218638, id:113}]-( :L5{id:114})) MERGE p0=(n4{id:115})-[r3 :T1{id:116}]->(n5 :L5{k34:1705843614, id:117}) CREATE ({id:118}) RETURN (r3.k44) AS a1, (n5.k31) AS a2;
FOREACH ( a0 IN keys ( relationships ( NULL ) [ abs ( NULL ) ] ) | CREATE ( { id : 100 } ) CREATE ( n0 { id : 101 } ) < - [ : T5 { id : CASE WHEN TRUE THEN 102 END } ] - ( : L4 { id : 103 } ) CREATE ( :L5{id:108})<-[ : T4 { id : 107 } ] -({id:106})-[ r0 : T5 { id : 105 } ] ->( { id : 104 } ) CREATE ( n1 { k30 : CASE WHEN false THEN NULL END , id : 109 } ) - [ r1 : T4 { k64 : -176716261 , id : CASE WHEN TRUE THEN 110 END } ] - > ( n2 { k32 : reduce(a='5D' ,b IN []|a) , id : reduce(a=111 ,b IN []|a) } ) MERGE ( n3 { id : 112 } ) - [ r2 : T4 { k64 : -1295218638 , id : 113 } ] - ( : L5 { id : 114 } ) ) WITH * UNWIND [NULL] as l0 MERGE p0 = ( n4 { id : 115 } ) - [ r3 : T1 { id : 116 } ] - > ( n5 : L5 { k34 : 1705843614 , id : 117 } ) CREATE ( { id : 118 } ) WITH * OPTIONAL MATCH ()-[:TYPE]-() RETURN CASE WHEN FALSE THEN NULL ELSE ( r3 . k44 ) END AS a1 , ( n5 . k31 ) AS a2 ;
