-- Time: 2024/07/05 16:32:56
-- Database: memgraph_database76
-- Database version: composite
-- seed value: 1720168297051
CREATE (n0 :L2{k17 : 181124689, k16 : 1920009631, id : 0, k13 : true, k12 : false, k15 : false, k14 : true});
CREATE (n0 {id : 1});
CREATE (n0 {id : 2});
CREATE (n0 :L2:L3{k17 : 1683949083, k16 : -1286150979, k19 : false, k18 : 'g', k20 : 574856323, k22 : 2146112923, id : 3, k21 : false, k13 : true, k23 : false});
MATCH (n0 {id : 1}), (n1 {id : 1}) MERGE(n0)-[r :T5{k71 : '5B22Ejvz', k70 : -943229964, k75 : 'Fck', k74 : 'cC', id : 4, k69 : 'f'}]->(n1);
MATCH (n0 {id : 1}), (n1 {id : 0}) MERGE(n0)-[r :T3{k60 : true, k62 : true, k61 : 'wM', k63 : true, id : 5, k57 : 'U', k59 : 'LslQqBaq', k58 : '3'}]->(n1);
MATCH (n0 {id : 2}), (n1 {id : 2}) MERGE(n0)-[r :T0{k39 : -1518906164, k38 : 98558800, k40 : 'Jxbgz0s', k42 : true, k41 : 'LSx5d', id : 6, k43 : true, k37 : 'KhFjym'}]->(n1);
MATCH (n0 {id : 3}), (n1 {id : 3}) MERGE(n0)-[r :T6{k80 : 'd', k82 : -1080701830, k81 : '3p', k77 : '6maS', id : 7, k79 : 'X1b', k78 : false}]->(n1);
MATCH (n0 {id : 3}), (n1 {id : 1}) MERGE(n0)-[r :T6{k80 : 'E', k81 : 'aJmh2c', k77 : '7', id : 8, k76 : false, k79 : 'UvtV9fhYu', k78 : false}]->(n1);
MATCH (n0 {id : 1}), (n1 {id : 0}) MERGE(n0)-[r :T4{k64 : -740643704, k66 : 'vWmNkPJ', id : 9, k65 : false, k68 : 'IR8Xz8k', k67 : 1097218791}]->(n1);
MATCH (n0 {id : 0}), (n1 {id : 0}) MERGE(n0)-[r :T2{k51 : 'gLt1s8FR', k52 : 424888006, k55 : false, id : 10, k54 : true, k56 : 'UH'}]->(n1);
CALL{WITH * MERGE ({k20:1338669549, id:11})-[r0 :T6{id:12}]->({id:13}) WITH * RETURN r0 AS a0} UNWIND NULL AS a1 MERGE ({id:14})-[r1 :T2{id:15}]-(n0 :L2{id:16})<-[r2 :T3{id:17}]-({id:18}) RETURN * LIMIT 0;
CALL { WITH * CREATE (c0{id:-1}) DELETE (c0) MERGE ( { k20 : 1338669549 , id : 11 } ) - [ r0 : T6 { id : CASE WHEN FALSE THEN NULL ELSE 12 END } ] - > ( { id : CASE WHEN TRUE THEN 13 END } ) WITH * RETURN r0 AS a0 } OPTIONAL MATCH ()-[:TYPE]-() UNWIND NULL AS a1 SET (NULL).NULL=1 MERGE ( { id : 14 } ) - [ r1 : T2 { id : 15 } ] - ( n0 : L2 { id : 16 } ) < - [ r2 : T3 { id : 17 } ] - ( { id : CASE WHEN TRUE THEN 18 END } ) WITH * OPTIONAL MATCH ()-[:TYPE]-() RETURN DISTINCT * SKIP 1 LIMIT 0 ;
MATCH (a) RETURN a;
MATCH (a) RETURN a;
MATCH (b)-[a]->(c) RETURN a;
MATCH (b)-[a]->(c) RETURN a;
CREATE ({id:19})<-[r0 :T5{id:20}]-(n0{id:21}) CREATE p0=(n1{id:22}), (n2{id:23})<-[r1 :T5{id:24}]-(n3{id:25}) CREATE (n4{id:26})<-[r2 :T5{id:27}]-(n5{id:28}) RETURN 1 AS a0, 1 AS a1;
CREATE ( { id : 19 } ) < - [ r0 : T5 { id : 20 } ] - ( n0 { id : 21 } ) DELETE (NULL) CREATE p0 = ( n1 { id : reduce(a=22 ,b IN []|a) } ) CREATE ( n2 { id : 23 } ) < - [ r1 : T5 { id : 24 } ] - ( n3 { id : 25 } ) CREATE ( n4 { id : 26 } ) < - [ r2 : T5 { id : 27 } ] - ( n5 { id : 28 } ) WITH * UNWIND [NULL] as l0 RETURN 1 AS a0 , 1 AS a1 ;
MATCH (a) RETURN a;
MATCH (a) RETURN a;
MATCH (b)-[a]->(c) RETURN a;
MATCH (b)-[a]->(c) RETURN a;
MATCH (), ()-[r0]-()-[ :T4{k65:false}]-() UNWIND NULL AS a0 MERGE ({id:29})-[r1 :T3{id:30}]-(n0{id:31})-[ :T2{k53:true, id:32}]-({id:33}) RETURN 1 AS a1;
MATCH ()-[*0..0]-( ) ,( ) - [ r0 ] - ( ) - [ : T4 { k65 : reduce(a=false ,b IN []|a) } ] - ( ) UNWIND CASE WHEN FALSE THEN NULL ELSE NULL END AS a0 MERGE ( { id : 29 } ) - [ r1 : T3 { id : CASE WHEN TRUE THEN 30 END } ] - ( n0 { id : 31 } ) - [ : T2 { k53 : true , id : 32 } ] - ( { id : 33 } ) RETURN 1 AS a1 ;
MATCH (a) RETURN a;
MATCH (a) RETURN a;
MATCH (b)-[a]->(c) RETURN a;
MATCH (b)-[a]->(c) RETURN a;
CREATE ({id:34})-[r1 :T6{id:35}]->(n4{id:36})-[ :T5{id:37}]->(n5{id:38}) MERGE ({id:39}) CREATE ({id:40})-[ :T4{id:41}]->( :L2{id:42})-[r2 :T2{id:43}]->({k16:NULL, id:44}), (n6{id:45})-[r3 :T4{id:46}]->(n7{id:47}) RETURN 1 AS a0;
CREATE ( { id : 34 } ) - [ r1 : T6 { id : 35 } ] - > ( n4 { id : 36 } ) - [ : T5 { id : 37 } ] - > ( n5 { id : CASE WHEN TRUE THEN 38 END } ) MERGE ( { id : reduce(a=39 ,b IN []|a) } ) WITH * OPTIONAL MATCH ()-[:TYPE]-() CREATE ( { id : 40 } ) - [ : T4 { id : 41 } ] - > ( : L2 { id : 42 } ) - [ r2 : T2 { id : 43 } ] - > ( { k16 : NULL , id : reduce(a=44 ,b IN []|a) } ) CREATE (n6{ id : 45 } )CREATE (n6)- [ r3 : T4 { id : 46 } ] - > ( n7 { id : 47 } ) WITH * RETURN 1 AS a0 SKIP 1 ;
MATCH (a) RETURN a;
MATCH (a) RETURN a;
MATCH (b)-[a]->(c) RETURN a;
MATCH (b)-[a]->(c) RETURN a;
FOREACH(a0 IN [[[{}]], NULL]|CREATE ( :L2{id:48})-[ :T6{k81:NULL, id:49}]->({id:50})-[ :T5{id:51}]->({id:52}), (n0{id:53}) MERGE (n1 :L2{k17:9418500, id:54})-[r0 :T3{k58:'qaXuArvRh', id:55}]-({id:56})-[r1 :T5{id:57}]->(n2{id:58}) CREATE ( :L3{id:59})-[r2 :T6{id:60}]->({k15:reduce(a=NULL,b IN [(NULL STARTS WITH 'k'), false]|a), id:61})-[ :T6{id:62}]->(n3{id:63}), p0=({k16:NULL, id:64})) CREATE (n4{id:65}), ( :L3{id:66})-[r3 :T6{k76:true, id:67}]->(n5{id:68})-[r4 :T6{id:69}]->({id:70}) MERGE ({id:71})<-[ :T3{id:72}]-(n6{id:73})-[ :T5{k71:'ez', id:74}]-(n7{id:75}) RETURN NULL AS a1, 1 AS a2;
FOREACH ( a0 IN CASE WHEN TRUE THEN [ ([ CASE WHEN TRUE THEN [ { } ] END ] +[]) , reduce(a=NULL ,b IN []|a) ] END | CREATE ({id:52})<-[ : T5 { id : CASE WHEN FALSE THEN NULL ELSE 51 END } ] -({id:50})<-[ : T6 { k81 : NULL , id : 49 } ] -( : L2 { id : 48 } ) CREATE ( n0 { id : 53 } ) MERGE ( n1 : L2 { k17 : 9418500 , id : 54 } ) - [ r0 : T3 { k58 : 'qaXuArvRh' , id : 55 } ] - ( { id : 56 } ) - [ r1 : T5 { id : 57 } ] - > ( n2 { id : reduce(a=58 ,b IN []|a) } ) CREATE ( : L3 { id : 59 } ) - [ r2 : T6 { id : CASE WHEN FALSE THEN NULL ELSE 60 END } ] - > ( { k15 : reduce ( a = NULL , b IN ([ ( NULL STARTS WITH 'k' ) , false ] +[]) | reduce(a=a ,b IN []|a) ) , id : 61 } ) - [ : T6 { id : CASE WHEN FALSE THEN NULL ELSE 62 END } ] - > ( n3 { id : 63 } ) CREATE p0 = ( { k16 : NULL , id : 64 } ) REMOVE (NULL).k ) CREATE (c0{id:-1}) DELETE (c0) CREATE ( n4 { id : 65 } ) CREATE ( : L3 { id : 66 } ) - [ r3 : T6 { k76 : true , id : 67 } ] - > ( n5 { id : 68 } ) - [ r4 : T6 { id : reduce(a=69 ,b IN []|a) } ] - > ( { id : 70 } ) WITH * UNWIND [NULL] as l0 MERGE ( { id : 71 } ) < - [ : T3 { id : 72 } ] - ( n6 { id : CASE WHEN TRUE THEN 73 END } ) - [ : T5 { k71 : 'ez' , id : 74 } ] - ( n7 { id : 75 } ) RETURN NULL AS a1 , reduce(a=1 ,b IN []|a) AS a2 ;
MATCH (a) RETURN a;
MATCH (a) RETURN a;
MATCH (b)-[a]->(c) RETURN a;
MATCH (b)-[a]->(c) RETURN a;
MATCH (n0)-[r0]-() CREATE p0=(n1{id:76}), (n2{id:77})-[ :T3{k61:substring('V4j', abs(856577267), abs(reduce(a=-1906027575,b IN [-1816394918]|b))), id:78}]->(n3 :L2{k15:NULL, id:79})<-[r1 :T4{id:80}]-(n4{id:81}) CREATE ({id:82})<-[ :T6{id:83}]-(n5{k13:true, id:84})-[r2 :T6{id:85}]->({k22:NULL, id:86}), (n6{id:87})-[r3 :T3{id:88}]->(n7{id:89})-[r4 :T2{id:90}]->(n8{id:91}) RETURN n0 AS a0, 1 AS a1 UNION CALL{WITH * UNWIND NULL AS a1 CREATE (n1{id:92})<-[r0 :T4{id:93}]-(n2{id:94})-[ :T5{id:95}]->({id:96}) RETURN 1 AS a2, 1 AS a3} MERGE ({id:97})-[r1 :T4{id:98}]-({id:99})-[r2 :T5{id:100}]-(n3{id:101}) SET n3.k=767480530 RETURN 1 AS a0, n3 AS a1;
MATCH ( n0 ) - [ r0 ] - ( ) WITH * CREATE (c0{id:-1}) DELETE (c0) CREATE p0 = ( n1 { id : 76 } ) CREATE ( n2 { id : 77 } ) - [ : T3 { k61 : substring ( 'V4j' , abs ( reduce(a=856577267 ,b IN []|a) ) , abs ( reduce ( a = CASE WHEN FALSE THEN NULL ELSE -1906027575 END , b IN reduce(a=([ -1816394918 ] +[]) ,b IN []|a) | b ) ) ) , id : 78 } ] - > ( n3 : L2 { k15 : NULL , id : 79 } ) < - [ r1 : T4 { id : 80 } ] - ( n4 { id : 81 } ) CREATE (c1{id:-1}) DELETE (c1) CREATE ( { id : 82 } ) < - [ : T6 { id : 83 } ] - ( n5 { k13 : true , id : 84 } ) - [ r2 : T6 { id : 85 } ] - > ( { k22 : NULL , id : 86 } ) CREATE ( n6 { id : 87 } ) - [ r3 : T3 { id : 88 } ] - > ( n7 { id : 89 } ) - [ r4 : T2 { id : CASE WHEN TRUE THEN 90 END } ] - > ( n8 { id : 91 } ) RETURN n0 AS a0 , 1 AS a1 UNION CALL { WITH * REMOVE (NULL).k WITH * UNWIND NULL AS a1 SET (NULL).FALSE=1 CREATE ( n1 { id : 92 } ) < - [ r0 : T4 { id : 93 } ] - ( n2 { id : 94 } ) - [ : T5 { id : 95 } ] - > ( { id : CASE WHEN FALSE THEN NULL ELSE 96 END } ) WITH * OPTIONAL MATCH ()-[:TYPE]-() RETURN 1 AS a2 , 1 AS a3 } DELETE NULL MERGE ( { id : 97 } ) - [ r1 : T4 { id : 98 } ] - ( { id : reduce(a=99 ,b IN []|a) } ) - [ r2 : T5 { id : 100 } ] - ( n3 { id : 101 } ) SET n3 . k = 767480530 WITH * OPTIONAL MATCH ()-[:TYPE]-() RETURN 1 AS a0 , n3 AS a1 SKIP 1 ;
MATCH (a) RETURN a;
MATCH (a) RETURN a;
MATCH (b)-[a]->(c) RETURN a;
MATCH (b)-[a]->(c) RETURN a;
FOREACH(a0 IN keys(NULL)|CREATE ({id:102})<-[r0 :T4{id:103}]-({id:104}), p1=({id:105})-[ :T6{id:106}]->({id:107}) CREATE (n3 :L2{k15:((size([p2=(n4 :L2)<-[r1]-(n5)-[r2]-(n6)|{}])+NULL) >= -1600137173), id:108})-[r3 :T6{id:109}]->( :L2{k20:NULL, id:110}), ( :L2{id:111})<-[r4 :T3{k61:reduce(a=NULL,b IN [NULL, 'e']|b), id:112}]-(n7{id:113})<-[r5 :T6{k78:NULL, id:114}]-( :L3{k15:false, id:115}) MERGE ( :L2 :L3{id:116})-[r6 :T6{k80:(reverse('p')+'VR'), id:117}]-({k21:false, id:118})) MERGE (n8{k13:true, id:119})<-[ :T3{id:120}]-(n9{id:121})-[r7 :T6{id:122}]-(n10{id:123}) SET n9.k=585749727 RETURN n10 AS a1;
FOREACH ( a0 IN keys ( CASE WHEN TRUE THEN NULL END ) | CREATE (m0{ id : 102 } )CREATE (m0)< - [ r0 : T4 { id : CASE WHEN TRUE THEN 103 END } ] - ( { id : 104 } ) CREATE p1 = ( { id : 105 } ) - [ : T6 { id : 106 } ] - > ( { id : CASE WHEN TRUE THEN 107 END } ) REMOVE (NULL).TRUE CREATE ( n3 : L2 { k15 : ( ( size ( [ p2 = ( n4 : L2 ) < - [ r1 ] - ( n5 ) - [ r2 ] - ( n6 ) | { } ] ) + NULL ) >= -1600137173 ) , id : 108 } ) - [ r3 : T6 { id : reduce(a=109 ,b IN []|a) } ] - > ( : L2 { k20 : NULL , id : 110 } ) CREATE (m1: L2 { id : reduce(a=111 ,b IN []|a) } )CREATE (m1)< - [ r4 : T3 { k61 : reduce ( a = NULL , b IN [ NULL , 'e' ] | CASE WHEN FALSE THEN NULL ELSE b END ) , id : 112 } ] - ( n7 { id : 113 } ) < - [ r5 : T6 { k78 : NULL , id : 114 } ] - ( : L3 { k15 : false , id : 115 } ) MERGE pp0=( : L2 : L3 { id : CASE WHEN TRUE THEN 116 END } ) - [ r6 : T6 { k80 : ( reduce(a=reverse ( 'p' ) + 'VR' ,b IN []|a) ) , id : CASE WHEN FALSE THEN NULL ELSE 117 END } ] - ( { k21 : false , id : 118 } ) ) MERGE ( n8 { k13 : true , id : 119 } ) < - [ : T3 { id : 120 } ] - ( n9 { id : 121 } ) - [ r7 : T6 { id : reduce(a=122 ,b IN []|a) } ] - ( n10 { id : CASE WHEN FALSE THEN NULL ELSE 123 END } ) SET n9 . k = reduce(a=585749727 ,b IN []|a) RETURN n10 AS a1 ;
MATCH (a) RETURN a;
MATCH (a) RETURN a;
MATCH (b)-[a]->(c) RETURN a;
MATCH (b)-[a]->(c) RETURN a;
UNWIND relationships(NULL) AS a0 OPTIONAL MATCH ()-[ :T5{k69:NULL}]-()-[a0]->(n0 :L2{k14:NULL}) CREATE (n1{id:124})-[r0 :T6{id:125}]->(n2 :L2{k20:(n0.k17), id:126}), ( :L2{id:127})-[r1 :T2{id:128}]->({id:129})<-[ :T4{k66:NULL, id:130}]-({id:131}) RETURN *, (n0.k13) AS a1;
UNWIND relationships ( NULL ) AS a0 OPTIONAL MATCH (nn0),()<-[m1:T5{k69:NULL}]-(),(nn2),()-[a0]->(),(n0:L2) WHERE exists((nn0)-[m1]-(nn2)-[a0]->(n0{k14:NULL})) REMOVE (NULL).TRUE CREATE (n1{ id : 124 } )CREATE (n1)- [ r0 : T6 { id : reduce(a=125 ,b IN []|a) } ] - > ( n2 : L2 { k20 : ( n0 . k17 ) , id : 126 } ) CREATE ({id:131})-[ : T4 { k66 : CASE WHEN FALSE THEN NULL ELSE NULL END , id : 130 } ] ->({id:129})<-[ r1 : T2 { id : reduce(a=128 ,b IN []|a) } ] -( : L2 { id : 127 } ) WITH * RETURN * , reduce(a=( n0 . k13 ) ,b IN []|a) AS a1 SKIP 1 ;
MATCH (a) RETURN a;
MATCH (a) RETURN a;
MATCH (b)-[a]->(c) RETURN a;
MATCH (b)-[a]->(c) RETURN a;
OPTIONAL MATCH (n0)-[]->() MERGE (n1{k14:true, k22:round(721032946), id:132})-[r0 :T6{k77:'nOFPtTL9', id:133}]-(n2{id:134}) SET n2.k=reduce(a=(true AND exists(()-[]-(n2))),b IN [(r0.k76), (r0.k76)]|a AND b) RETURN n2 AS a0, 1 AS a1 ORDER BY CASE WHEN (r0.k76) THEN endNode(relationships(NULL)[abs(1614036945)]) END, a0 DESC;
OPTIONAL MATCH ( n0 ) - [ ] - > ( ) MERGE ( n1 { k14 : CASE WHEN TRUE THEN true END , k22 : round ( 721032946 ) , id : 132 } ) - [ r0 : T6 { k77 : reduce(a=(''+'nOFPtTL9' ),b IN []|a) , id : CASE WHEN FALSE THEN NULL ELSE 133 END } ] - ( n2 { id : 134 } ) SET n2 . k = reduce(a=reduce ( a = ( true AND exists ( ( ) - [ ] - ( n2 ) ) ) , b IN reduce(a=[ ( r0 . k76 ) , ( r0 . k76 ) ] ,b IN []|a) | a AND b ) ,b IN []|a) WITH * OPTIONAL MATCH ()-[:TYPE]-() RETURN n2 AS a0 , 1 AS a1 ORDER BY CASE WHEN (r0.k76) THEN endNode(relationships(NULL)[abs(1614036945)]) END, a0 DESC SKIP 1 ;
MATCH (a) RETURN a;
MATCH (a) RETURN a;
MATCH (b)-[a]->(c) RETURN a;
MATCH (b)-[a]->(c) RETURN a;
OPTIONAL MATCH p0=()-[r0]-()-[]-(), ()-[*0..0]-()-[]->() DETACH DELETE r0,p0  MERGE ({id:135})-[r1 :T2{id:136}]->(n0{k16:57473133, id:137})<-[r2 :T4{id:138}]-(n1{id:139}) RETURN n0 AS a0, 1 AS a1;
OPTIONAL MATCH p0 = ( ) - [ r0 ] - ( ) - [ ] - ( ) ,( ) - [ * 0 .. 0 ] - ( ) - [ ] - > ( ) WHERE TRUE CREATE (c0{id:-1}) DELETE (c0) DETACH DELETE r0 , CASE WHEN TRUE THEN p0 END DELETE (NULL) MERGE ( { id : 135 } ) - [ r1 : T2 { id : 136 } ] - > ( n0 { k16 : 57473133 , id : 137 } ) < - [ r2 : T4 { id : CASE WHEN TRUE THEN 138 END } ] - ( n1 { id : 139 } ) RETURN n0 AS a0 , reduce(a=1 ,b IN []|a) AS a1 ;
MATCH (a) RETURN a;
MATCH (a) RETURN a;
MATCH (b)-[a]->(c) RETURN a;
MATCH (b)-[a]->(c) RETURN a;
WITH * WHERE NULL UNWIND CASE WHEN (NULL ENDS WITH (('YinKcYe4i'+'K4')+('FVvIin'+'sZm0'))) THEN NULL END AS a0 MERGE (n0{id:140})-[r0 :T5{id:141}]-(n1{id:142})-[r1 :T4{id:143}]->(n2 :L2{id:144}) RETURN *, n0 AS a1;
WITH * WHERE CASE WHEN FALSE THEN NULL ELSE NULL END OPTIONAL MATCH ()-[:TYPE]-() UNWIND CASE WHEN ( NULL ENDS WITH ( ( CASE WHEN TRUE THEN 'YinKcYe4i' + 'K4' END ) + ( (''+'FVvIin' )+ 'sZm0' ) ) ) THEN CASE WHEN FALSE THEN NULL ELSE NULL END END AS a0 MERGE ( n0 { id : CASE WHEN TRUE THEN 140 END } ) - [ r0 : T5 { id : 141 } ] - ( n1 { id : 142 } ) - [ r1 : T4 { id : CASE WHEN FALSE THEN NULL ELSE 143 END } ] - > ( n2 : L2 { id : 144 } ) RETURN * , n0 AS a1 ;
MATCH (a) RETURN a;
MATCH (a) RETURN a;
MATCH (b)-[a]->(c) RETURN a;
MATCH (b)-[a]->(c) RETURN a;
CREATE ({id:145})<-[r0 :T3{id:146}]-(n0{id:147}), (n1{id:148}) MERGE (n2 :L3{k14:false, k22:-913378552, id:149})-[r1 :T6{k82:-441264933, id:150}]->({k15:false, id:151}) DETACH DELETE n2  RETURN 1 AS a0, 1 AS a1 ORDER BY [NULL], a0 DESC;
CREATE (n0{id:147})-[ r0 : T3 { id : 146 } ] ->( { id : 145 } ) CREATE ( n1 { id : 148 } ) SET (NULL).FALSE=1 MERGE pp0=( n2 : L3 { k14 : false , k22 : -913378552 , id : 149 } ) - [ r1 : T6 { k82 : -441264933 , id : 150 } ] - > ( { k15 : false , id : 151 } ) DETACH DELETE (NULL) DETACH DELETE reduce(a=n2 ,b IN []|a) RETURN 1 AS a0 , 1 AS a1 ORDER BY [NULL], a0 DESC ;
MATCH (a) RETURN a;
MATCH (a) RETURN a;
MATCH (b)-[a]->(c) RETURN a;
MATCH (b)-[a]->(c) RETURN a;
UNWIND NULL AS a0 OPTIONAL MATCH (n0)-[]-()-[*0..]-( :L3), (n0)-[]->() CREATE p0=({id:152})<-[r0 :T3{id:153}]-({id:154})-[ :T4{id:155}]->(n1{k16:NULL, id:156}), (n2{id:157})-[r1 :T5{id:158}]->(n3{id:159}) RETURN *;
UNWIND NULL AS a0 OPTIONAL MATCH ( n0 ) - [ ] - ( ) - [ * 0 .. ] - ( : L3 ) ,( n0 ) - [ ] - > ( ) OPTIONAL MATCH ()-[:TYPE]-() CREATE p0 = ( { id : 152 } ) < - [ r0 : T3 { id : 153 } ] - ( { id : 154 } ) - [ : T4 { id : CASE WHEN FALSE THEN NULL ELSE 155 END } ] - > ( n1 { k16 : NULL , id : 156 } ) CREATE ( n2 { id : CASE WHEN FALSE THEN NULL ELSE 157 END } ) - [ r1 : T5 { id : 158 } ] - > ( n3 { id : 159 } ) WITH * UNWIND [1] as l0 RETURN * ;
MATCH (a) RETURN a;
MATCH (a) RETURN a;
MATCH (b)-[a]->(c) RETURN a;
MATCH (b)-[a]->(c) RETURN a;
CREATE (n0{id:160}) CREATE ({id:161}), ({id:162})<-[ :T6{k80:reduce(a='l',b IN [NULL, substring('f', abs((1721895440+(1533482835+1304762817))), abs(0))]|a), id:163}]-(n1{id:164})-[ :T6{id:165}]->(n2{k17:round(NULL), k18:NULL, id:166}) MERGE (n3{id:167})-[r0 :T6{id:168}]->( :L2{id:169}) RETURN n3 AS a0;
CREATE ( n0 { id : 160 } ) WITH * UNWIND [NULL] as l0 CREATE ( { id : 161 } ) CREATE ( { id : 162 } ) < - [ : T6 { k80 : reduce ( a = 'l' , b IN ([]+[ CASE WHEN TRUE THEN NULL END , CASE WHEN TRUE THEN substring ( 'f' , CASE WHEN FALSE THEN NULL ELSE abs ( ( reduce(a=1721895440 + ( 1533482835 + 1304762817 ) ,b IN []|a) ) ) END , abs ( 0 ) ) END ] )| a ) , id : 163 } ] - ( n1 { id : 164 } ) - [ : T6 { id : 165 } ] - > ( n2 { k17 : round ( NULL ) , k18 : reduce(a=NULL ,b IN []|a) , id : 166 } ) WITH * UNWIND [1] as l1 MERGE ( n3 { id : 167 } ) - [ r0 : T6 { id : reduce(a=168 ,b IN []|a) } ] - > ( : L2 { id : 169 } ) WITH * OPTIONAL MATCH ()-[:TYPE]-() RETURN n3 AS a0 ;
MATCH (a) RETURN a;
MATCH (a) RETURN a;
MATCH (b)-[a]->(c) RETURN a;
MATCH (b)-[a]->(c) RETURN a;
FOREACH(a0 IN NULL|CREATE (n0{id:170}), ( :L2{id:171}) CREATE ({id:172})-[r0 :T3{id:173}]->({id:174})-[r1 :T2{id:175}]->( :L2{id:176}) CREATE (n1{id:177}), (n2{id:178})-[ :T3{k58:'47', id:179}]->(n3{id:180})) CREATE (n4{k14:true, id:181})-[ :T6{id:182}]->(n5{id:183}), ({id:184})-[r2 :T4{id:185}]->(n6 :L2{id:186})-[r3 :T2{id:187}]->( :L2{id:188}) CREATE p0=(n7{id:189}), ({id:190}) RETURN 1 AS a1, 1 AS a2;
FOREACH ( a0 IN NULL | CREATE ( n0 { id : 170 } ) CREATE ( : L2 { id : 171 } ) REMOVE (NULL).FALSE CREATE ( { id : 172 } ) - [ r0 : T3 { id : 173 } ] - > ( { id : CASE WHEN TRUE THEN 174 END } ) - [ r1 : T2 { id : 175 } ] - > ( : L2 { id : 176 } ) CREATE ( n1 { id : 177 } ) CREATE ( n2 { id : 178 } ) - [ : T3 { k58 : '47' , id : 179 } ] - > ( n3 { id : CASE WHEN FALSE THEN NULL ELSE 180 END } ) ) WITH * UNWIND [1] as l0 CREATE (n5{id:183})<-[ : T6 { id : 182 } ] -( n4 { k14 : true , id : reduce(a=181 ,b IN []|a) } ) CREATE ( { id : 184 } ) - [ r2 : T4 { id : 185 } ] - > ( n6 : L2 { id : 186 } ) - [ r3 : T2 { id : 187 } ] - > ( : L2 { id : 188 } ) WITH * CREATE p0 = ( n7 { id : 189 } ) CREATE ( { id : CASE WHEN FALSE THEN NULL ELSE 190 END } ) RETURN 1 AS a1 , 1 AS a2 LIMIT 1 ;
