-- Time: 2024/07/05 16:33:07
-- Database: memgraph_database86
-- Database version: composite
-- seed value: 1720168297061
CREATE (n0 :L2:L0{k16 : true, k18 : -1746132840, k0 : 'Z9c', k1 : true, k2 : true, k4 : 'Tf0', id : 0, k13 : false, k12 : -905322173, k15 : true, k14 : 'L'});
CREATE (n0 :L3{k20 : 'HRTqBQi', k22 : true, id : 1, k24 : 1110396939, k23 : 'RkmXr9wg'});
CREATE (n0 :L1{k5 : 1627928202, k11 : 'LkEGj', id : 2, k6 : -1220186366, k7 : 29061543, k9 : -551003107});
CREATE (n0 {id : 3});
MATCH (n0 {id : 1}), (n1 {id : 0}) MERGE(n0)-[r :T1{k39 : 'n', k38 : 220872352, k40 : '4', k41 : false, id : 4, k37 : -1330350079, k36 : 1244792579}]->(n1);
MATCH (n0 {id : 1}), (n1 {id : 1}) MERGE(n0)-[r :T4{k60 : 'Z', id : 5, k54 : true, k56 : 1159405477, k59 : 'T', k58 : false}]->(n1);
MATCH (n0 {id : 2}), (n1 {id : 1}) MERGE(n0)-[r :T1{k39 : '9xWvp', k38 : 220872352, k40 : 'OqYs', k41 : true, id : 6, k37 : 934014688, k36 : 966203187}]->(n1);
MATCH (n0)-[r0]-()<-[r1]-( :L1{k5:-737708093}), (n1)-[r2]-(n2) CREATE p0=(n3{id:7})-[ :T1{k37:NULL, id:8}]->( :L3{id:9}) DETACH DELETE n1  RETURN n2 AS a0, r1 AS a1;
MATCH ( n0 ) - [ r0 ] - ( ) < - [ r1 ] - ( : L1 { k5 : -737708093 } ) ,( n1 ) - [ r2 ] - ( n2 ) WITH * CREATE p0 = ( n3 { id : 7 } ) - [ : T1 { k37 : NULL , id : CASE WHEN TRUE THEN 8 END } ] - > ( : L3 { id : 9 } ) WITH * OPTIONAL MATCH ()-[:TYPE]-() DETACH DELETE n1 RETURN n2 AS a0 , r1 AS a1 SKIP 1 ;
MATCH (a) RETURN a;
MATCH (a) RETURN a;
MATCH (b)-[a]->(c) RETURN a;
MATCH (b)-[a]->(c) RETURN a;
MATCH (n0{k8:round(CASE WHEN true THEN (-1575737189*1481106803) END)})-[r0]-(), (n0)-[r0]->()-[r1]-() OPTIONAL MATCH (n0), (n1)-[r0]->(n2)-[]-(n3) MERGE ({k21:'LFQeNPlLT', id:10})-[ :T4{k57:true, id:11}]-( :L3{k21:'NofafHkVg', id:12})<-[ :T1{k39:'fE', id:13}]-( :L1{id:14}) RETURN 1 AS a0, NULL AS a1;
MATCH ( n0 { k8 : CASE WHEN FALSE THEN NULL ELSE round ( CASE WHEN true THEN ( -1575737189 * 1481106803 ) END ) END } ) - [ r0 ] - ( ) ,( n0 ) - [ r0 ] - > ( ) - [ r1 ] - ( ) SET (NULL).k=1 WITH * OPTIONAL MATCH (n0)-[*0..0]-( n0 ) ,(n1)-[*0..0]-( n1 ) - [ r0 ] - > ( n2 ) - [ ] - ( n3 ) WITH * MERGE ( { k21 : CASE WHEN TRUE THEN ('LFQeNPlLT' +'') END , id : 10 } ) - [ : T4 { k57 : true , id : 11 } ] - ( : L3 { k21 : 'NofafHkVg' , id : 12 } ) < - [ : T1 { k39 : 'fE' , id : 13 } ] - ( : L1 { id : reduce(a=14 ,b IN []|a) } ) WITH * RETURN 1 AS a0 , NULL AS a1 ;
MATCH (a) RETURN a;
MATCH (a) RETURN a;
MATCH (b)-[a]->(c) RETURN a;
MATCH (b)-[a]->(c) RETURN a;
FOREACH(a0 IN [NULL]|CREATE ({id:15})<-[ :T1{id:16}]-( :L3{id:17})-[ :T4{id:18}]->({id:19}), ( :L2{k15:NULL, id:20})<-[r0 :T1{k37:NULL, id:21}]-({k22:(reverse('E') CONTAINS NULL), id:22})-[r1 :T4{k56:round(NULL), id:23}]->({id:24}) CREATE (n0{id:25}) MERGE ({id:26})) CREATE ({id:27}), ({id:28}) MERGE p0=({id:29}) RETURN DISTINCT 1 AS a1;
FOREACH ( a0 IN [ NULL ] | CREATE (m0{ id : CASE WHEN TRUE THEN 15 END } )CREATE (m0)< - [ : T1 { id : CASE WHEN TRUE THEN 16 END } ] - ( : L3 { id : 17 } ) - [ : T4 { id : 18 } ] - > ( { id : 19 } ) CREATE ( : L2 { k15 : reduce(a=NULL ,b IN []|a) , id : reduce(a=20 ,b IN []|a) } ) < - [ r0 : T1 { k37 : NULL , id : CASE WHEN TRUE THEN 21 END } ] - ( { k22 : ( reduce(a=reverse ( 'E' ) CONTAINS NULL ,b IN []|a) ) , id : 22 } ) - [ r1 : T4 { k56 : round ( reduce(a=NULL ,b IN []|a) ) , id : 23 } ] - > ( { id : 24 } ) CREATE ( n0 { id : 25 } ) MERGE ( { id : 26 } ) ) CREATE ( { id : 27 } ) CREATE ( { id : 28 } ) DELETE (NULL) MERGE p0 = ( { id : 29 } ) RETURN DISTINCT 1 AS a1 ;
MATCH (a) RETURN a;
MATCH (a) RETURN a;
MATCH (b)-[a]->(c) RETURN a;
MATCH (b)-[a]->(c) RETURN a;
UNWIND keys(NULL) AS a0 CREATE (n0 :L3{id:30})-[r0 :T4{id:31}]->({id:32})<-[ :T1{id:33}]-(n1{k10:CASE WHEN true THEN NULL END, id:34}) MERGE (n2 :L3{id:35})-[r1 :T4{id:36}]->(n3{id:37})<-[r2 :T1{k40:'qD', id:38}]-(n4{id:39}) RETURN * ORDER BY (n2.k19) DESC;
UNWIND reduce(a=keys ( reduce(a=NULL ,b IN []|a) ) ,b IN []|a) AS a0 WITH * CREATE (n1{k10:CASE WHEN true THEN NULL END, id:34})-[ : T1 { id : CASE WHEN TRUE THEN 33 END } ] ->({id:32})<-[ r0 : T4 { id : 31 } ] -( n0 : L3 { id : CASE WHEN FALSE THEN NULL ELSE 30 END } ) MERGE ( n2 : L3 { id : 35 } ) - [ r1 : T4 { id : 36 } ] - > ( n3 { id : 37 } ) < - [ r2 : T1 { k40 : 'qD' , id : reduce(a=38 ,b IN []|a) } ] - ( n4 { id : 39 } ) SET (NULL).FALSE=1 RETURN * ORDER BY (n2.k19) DESC ;
MATCH (a) RETURN a;
MATCH (a) RETURN a;
MATCH (b)-[a]->(c) RETURN a;
MATCH (b)-[a]->(c) RETURN a;
WITH * CREATE p0=(n0{id:40}), ({id:41})<-[ :T1{k41:true, id:42}]-({id:43}) MERGE (n1{id:44}) RETURN n1 AS a0;
WITH * REMOVE (NULL).TRUE CREATE p0 = ( n0 { id : 40 } ) CREATE ( { id : 41 } ) < - [ : T1 { k41 : true , id : CASE WHEN TRUE THEN 42 END } ] - ( { id : 43 } ) WITH * MERGE ( n1 { id : CASE WHEN FALSE THEN NULL ELSE 44 END } ) RETURN n1 AS a0 ;
MATCH (a) RETURN a;
MATCH (a) RETURN a;
MATCH (b)-[a]->(c) RETURN a;
MATCH (b)-[a]->(c) RETURN a;
OPTIONAL MATCH (n0), ()-[]->() WHERE true UNWIND NULL AS a0 MERGE (n1{id:45}) RETURN NULL AS a1, NULL AS a2 LIMIT 0;
OPTIONAL MATCH (n0),()-[]->() WHERE true UNWIND CASE WHEN TRUE THEN NULL END AS a0 OPTIONAL MATCH ()-[:TYPE]-() MERGE ( n1 { id : 45 } ) RETURN CASE WHEN TRUE THEN NULL END AS a1 , NULL AS a2 LIMIT 0 ;
MATCH (a) RETURN a;
MATCH (a) RETURN a;
MATCH (b)-[a]->(c) RETURN a;
MATCH (b)-[a]->(c) RETURN a;
WITH (NULL+CASE WHEN ('Yof' ENDS WITH 'iQGhgdAeo') THEN NULL END) AS a0 ORDER BY a0 CREATE ({id:46}), (n0 :L1{k6:-1787100715, id:47})-[ :T1{id:48}]->({id:49}) CREATE ({k17:false, k4:type(relationships(NULL)[abs((-518495289*(792800412*-1640016731)))]), id:50})<-[ :T1{id:51}]-(n1{id:52}), (n2 :L3{id:53}) RETURN 1 AS a1, -1476347252 AS a2;
WITH ( NULL + CASE WHEN ( (''+'Yof' )ENDS WITH 'iQGhgdAeo' ) THEN reduce(a=NULL ,b IN []|a) END ) AS a0 ORDER BY a0 DETACH DELETE (NULL) CREATE ( { id : 46 } ) CREATE ( n0 : L1 { k6 : -1787100715 , id : 47 } ) - [ : T1 { id : 48 } ] - > ( { id : 49 } ) DELETE (NULL) CREATE ( { k17 : false , k4 : (type ( relationships ( NULL ) [ abs ( ( -518495289 * ( reduce(a=792800412 * -1640016731 ,b IN []|a) ) ) ) ] ) +'') , id : 50 } ) < - [ : T1 { id : 51 } ] - ( n1 { id : 52 } ) CREATE ( n2 : L3 { id : 53 } ) WITH * RETURN 1 AS a1 , -1476347252 AS a2 ;
MATCH (a) RETURN a;
MATCH (a) RETURN a;
MATCH (b)-[a]->(c) RETURN a;
MATCH (b)-[a]->(c) RETURN a;
MATCH (n0) SET n0.k=NULL MERGE (n1{id:54}) RETURN n1 AS a0, NULL AS a1 LIMIT 1;
MATCH ( n0 ) WITH * SET n0 . k = CASE WHEN TRUE THEN NULL END MERGE pp0=( n1 { id : reduce(a=54 ,b IN []|a) } ) RETURN n1 AS a0 , NULL AS a1 LIMIT reduce(a=1 ,b IN []|a) ;
