-- Time: 2024/07/05 16:32:28
-- Database: memgraph_database47
-- Database version: composite
-- seed value: 1720168297022
CREATE (n0 :L2{k17 : true, k16 : 'imkElqf', id : 0, k13 : 'JP', k15 : -601547726, k14 : true});
CREATE (n0 :L4{k28 : true, k27 : -648343111, k29 : -1994993742, k31 : 'N', k30 : -54451034, id : 1, k26 : true, k25 : false});
CREATE (n0 {id : 2});
CREATE (n0 :L4:L1{k28 : false, k27 : 214617169, k29 : -593110135, k30 : -521623107, k11 : true, id : 3, k7 : 'z', k8 : 'qW9gwqI', k12 : 545465556, k26 : false, k9 : 'OB'});
MATCH (n0 {id : 1}), (n1 {id : 0}) MERGE(n0)-[r :T1{k39 : true, k40 : '7JQ', k42 : 1430298546, k41 : -1994557440, id : 4, k43 : false}]->(n1);
MATCH (n0 {id : 0}), (n1 {id : 1}) MERGE(n0)-[r :T1{k39 : false, k40 : 'D', k42 : 1033728744, k41 : -174947643, id : 5, k43 : false}]->(n1);
MATCH (n0 {id : 2}), (n1 {id : 0}) MERGE(n0)-[r :T4{k60 : 1748859358, id : 6, k57 : -367368774, k59 : 92918256, k58 : false}]->(n1);
MATCH (n0 {id : 1}), (n1 {id : 1}) MERGE(n0)-[r :T4{k60 : -389863242, id : 7, k56 : 'tdnEvK', k59 : -584350101, k58 : false}]->(n1);
MATCH (n0 {id : 0}), (n1 {id : 1}) MERGE(n0)-[r :T2{k49 : 'xx', k50 : 827590013, k44 : 'S95oWf3I', id : 8, k46 : true, k45 : 1536727246, k48 : 1553020572, k47 : true}]->(n1);
MATCH (n0 {id : 1}), (n1 {id : 3}) MERGE(n0)-[r :T3{k51 : -196077763, k53 : -555028869, k52 : true, k55 : 'WsL', id : 9, k54 : 801806850}]->(n1);
MATCH (n0 {id : 1}), (n1 {id : 3}) MERGE(n0)-[r :T2{k49 : 't', k50 : 1804293892, k44 : 'u8usKfl', id : 10, k46 : true, k45 : -1585826702, k48 : 942112608, k47 : true}]->(n1);
CREATE (n0{id:11})<-[ :T2{id:12}]-({id:13})<-[ :T1{id:14}]-(n1{id:15}), (n2{id:16})-[ :T4{id:17}]->({id:18}) MERGE ({k30:-1125515198, id:19}) MERGE p0=({k29:-2043406704, id:20})-[r0 :T4{k59:-1435473780, id:21}]->(n3 :L4{id:22}) RETURN 1 AS a0;
CREATE ( n0 { id : 11 } ) < - [ : T2 { id : 12 } ] - ( { id : 13 } ) < - [ : T1 { id : 14 } ] - ( n1 { id : 15 } ) CREATE ( n2 { id : 16 } ) - [ : T4 { id : reduce(a=17 ,b IN []|a) } ] - > ( { id : 18 } ) DETACH DELETE NULL MERGE ( { k30 : -1125515198 , id : 19 } ) MERGE p0 = ( { k29 : -2043406704 , id : 20 } ) - [ r0 : T4 { k59 : -1435473780 , id : 21 } ] - > ( n3 : L4 { id : 22 } ) WITH * RETURN CASE WHEN TRUE THEN 1 END AS a0 ;
MATCH (a) RETURN a;
MATCH (a) RETURN a;
MATCH (b)-[a]->(c) RETURN a;
MATCH (b)-[a]->(c) RETURN a;
MERGE (n0{id:23}) CREATE ({id:24})-[ :T4{id:25}]->({k14:NULL, id:26})-[ :T1{id:27}]->({k30:2120647658, id:28}), ( :L4{id:29}) CREATE (n1{k31:('i'+'yrV'), id:30})-[ :T1{k41:NULL, id:31}]->(n2 :L2{id:32}), p0=(n3{id:33}) RETURN 1 AS a0, [false, NULL] AS a1;
MERGE ( n0 { id : 23 } ) CREATE ( { id : CASE WHEN FALSE THEN NULL ELSE 24 END } ) - [ : T4 { id : 25 } ] - > ( { k14 : NULL , id : CASE WHEN TRUE THEN 26 END } ) - [ : T1 { id : 27 } ] - > ( { k30 : 2120647658 , id : 28 } ) CREATE ( : L4 { id : reduce(a=29 ,b IN []|a) } ) WITH * UNWIND [1] as l0 CREATE ( n1 { k31 : ( 'i' + 'yrV' ) , id : reduce(a=30 ,b IN []|a) } ) - [ : T1 { k41 : NULL , id : 31 } ] - > ( n2 : L2 { id : 32 } ) CREATE p0 = ( n3 { id : 33 } ) CREATE (c0{id:-1}) DELETE (c0) RETURN 1 AS a0 , [ false , reduce(a=NULL ,b IN []|a) ] AS a1 ;
MATCH (a) RETURN a;
MATCH (a) RETURN a;
MATCH (b)-[a]->(c) RETURN a;
MATCH (b)-[a]->(c) RETURN a;
MATCH p0=()-[]-(), ()-[r0 :T3{k53:1308788360}]-()<-[]-( :L4{k30:(r0.k51)}) WHERE true DETACH DELETE r0,p0  MERGE (n0{id:34}) RETURN n0 AS a0, 1 AS a1;
MATCH p0 = ()-[*0..0]-( ) - [ ] - ( ) ,( ) - [ r0 : T3 { k53 : 1308788360 } ] - ( ) < - [ ] - ( : L4 { k30 : ( CASE WHEN TRUE THEN r0 . k51 END ) } ) WHERE reduce(a=true ,b IN []|a) DETACH DELETE r0 , p0 WITH * MERGE ( n0 { id : 34 } ) CREATE (c0{id:-1}) DELETE (c0) RETURN n0 AS a0 , 1 AS a1 ;
MATCH (a) RETURN a;
MATCH (a) RETURN a;
MATCH (b)-[a]->(c) RETURN a;
MATCH (b)-[a]->(c) RETURN a;
OPTIONAL MATCH ()-[r0]->(n0) DETACH DELETE n0  CREATE (n1 :L4{k31:NULL, id:35})-[ :T3{id:36}]->( :L4{k28:NULL, id:37}) RETURN type(relationships(NULL)[abs(NULL)]) AS a0 UNION OPTIONAL MATCH ()-[r0 :T4{k60:(175416602-(NULL/NULL))}]-()<-[*0..0]-(), (n0{k29:-699505233})<-[r1]-() UNWIND keys(n0) AS a0 MERGE ( :L4{id:38})-[ :T4{id:39}]-(n1{id:40}) RETURN n1 AS a0 SKIP 1;
OPTIONAL MATCH (nn0),()-[r0]->(),(n0) WHERE exists((nn0)-[r0]->(n0)) FOREACH(f in [1]|DETACH DELETE n0 ) DETACH DELETE NULL CREATE ( n1 : L4 { k31 : NULL , id : 35 } ) - [ : T3 { id : 36 } ] - > ( : L4 { k28 : NULL , id : 37 } ) WITH * UNWIND [1] as l0 RETURN type ( (relationships ( NULL ) +[]) [ abs ( NULL ) ] ) AS a0 SKIP 1 UNION OPTIONAL MATCH ()-[r0 :T4{k60:(175416602-(NULL/NULL))}]-()<-[*0..0]-(),(n0),()<-[r1]-(),(nn1) WHERE exists((n0{k29:-699505233})<-[r1]-(nn1)) UNWIND keys ( n0 ) AS a0 MERGE ( : L4 { id : 38 } ) - [ : T4 { id : 39 } ] - ( n1 { id : 40 } ) RETURN n1 AS a0 ORDER BY TRUE SKIP CASE WHEN TRUE THEN 1 END ;
MATCH (a) RETURN a;
MATCH (a) RETURN a;
MATCH (b)-[a]->(c) RETURN a;
MATCH (b)-[a]->(c) RETURN a;
CALL{WITH * CREATE (n2{id:41})-[ :T2{id:42}]->({k27:NULL, id:43})-[ :T4{k60:NULL, id:44}]->(n3{k31:substring(NULL, abs(293953940), abs(NULL)), id:45}), (n4{id:46}) MERGE (n5 :L4{id:47})-[ :T2{k45:-1835998220, id:48}]-(n6{k13:'LAwV', id:49}) RETURN 1 AS a1, n6 AS a2} CREATE ({id:50})-[r1 :T4{id:51}]->(n7 :L4{id:52}), ({id:53})<-[r2 :T1{k43:NULL, id:54}]-(n8{k15:a1, id:55})<-[r3 :T4{k58:exists((a2)-[ :T1]->(a2 :L4)), id:56}]-({id:57}) CREATE (n9{id:58})-[r4 :T2{id:59}]->(n10{id:60})-[ :T4{id:61}]->( :L4{k29:-2108337580, id:62}), ({k13:NULL, id:63})-[ :T2{id:64}]->(n11{k26:NULL, id:65})-[ :T4{id:66}]->( :L4{id:67}) RETURN a2 AS a3;
CALL { WITH * UNWIND [1] as l0 CREATE ( n2 { id : 41 } ) - [ : T2 { id : 42 } ] - > ( { k27 : NULL , id : reduce(a=43 ,b IN []|a) } ) - [ : T4 { k60 : NULL , id : CASE WHEN TRUE THEN 44 END } ] - > ( n3 { k31 : substring ( NULL , CASE WHEN TRUE THEN abs ( 293953940 ) END , abs ( NULL ) ) , id : 45 } ) CREATE ( n4 { id : 46 } ) WITH * UNWIND [NULL] as l1 MERGE ( n5 : L4 { id : CASE WHEN TRUE THEN 47 END } ) - [ : T2 { k45 : -1835998220 , id : 48 } ] - ( n6 { k13 : 'LAwV' , id : 49 } ) WITH * OPTIONAL MATCH ()-[:TYPE]-() RETURN CASE WHEN TRUE THEN 1 END AS a1 , n6 AS a2 } CREATE (c0{id:-1}) DELETE (c0) CREATE (m0{ id : CASE WHEN TRUE THEN 50 END } )CREATE (m0)- [ r1 : T4 { id : 51 } ] - > ( n7 : L4 { id : 52 } ) CREATE ( { id : 53 } ) < - [ r2 : T1 { k43 : NULL , id : 54 } ] - ( n8 { k15 : a1 , id : 55 } ) < - [ r3 : T4 { k58 : exists ( ( a2 ) - [ : T1 ] - > ( a2 : L4 ) ) , id : 56 } ] - ( { id : 57 } ) CREATE (n9{ id : 58 } )CREATE (n9)- [ r4 : T2 { id : 59 } ] - > ( n10 { id : reduce(a=60 ,b IN []|a) } ) - [ : T4 { id : 61 } ] - > ( : L4 { k29 : reduce(a=-2108337580 ,b IN []|a) , id : CASE WHEN TRUE THEN 62 END } ) CREATE ( { k13 : NULL , id : 63 } ) - [ : T2 { id : 64 } ] - > ( n11 { k26 : NULL , id : 65 } ) - [ : T4 { id : 66 } ] - > ( : L4 { id : reduce(a=67 ,b IN []|a) } ) REMOVE (NULL).TRUE RETURN a2 AS a3 ;
MATCH (a) RETURN a;
MATCH (a) RETURN a;
MATCH (b)-[a]->(c) RETURN a;
MATCH (b)-[a]->(c) RETURN a;
MATCH ()-[r0]-(n3)-[r1 :T4{k60:1394449800}]-() WHERE (r1.k58) UNWIND NULL AS a2 SET n3.k=-1168626873 RETURN 646606515 AS a3, 1 AS a4;
MATCH ( ) - [ r0 ] - ( n3 ) - [ r1 : T4 { k60 : 1394449800 } ] - ( ) WHERE ( CASE WHEN FALSE THEN NULL ELSE r1 . k58 END ) WITH * UNWIND reduce(a=NULL ,b IN []|a) AS a2 SET n3 . k = -1168626873 WITH * RETURN 646606515 AS a3 , reduce(a=1 ,b IN []|a) AS a4 ;
MATCH (a) RETURN a;
MATCH (a) RETURN a;
MATCH (b)-[a]->(c) RETURN a;
MATCH (b)-[a]->(c) RETURN a;
UNWIND CASE WHEN NULL THEN NULL END AS a0 CREATE (n0{k27:NULL, id:68})-[r0 :T1{k41:-1008164022, id:69}]->(n1 :L2{id:70}), (n2{id:71})-[r1 :T4{id:72}]->({id:73})-[ :T1{id:74}]->(n3{id:75}) MERGE ({id:76})<-[r2 :T1{k42:(1980721450-1722034212), id:77}]-( :L2{id:78}) RETURN DISTINCT 1 AS a1;
UNWIND CASE WHEN NULL THEN reduce(a=NULL ,b IN []|a) END AS a0 DETACH DELETE NULL CREATE (n1 :L2{id:70})<-[ r0 : T1 { k41 : -1008164022 , id : 69 } ] -( n0 { k27 : NULL , id : 68 } ) CREATE (n2{ id : 71 } )CREATE (n2)- [ r1 : T4 { id : CASE WHEN TRUE THEN 72 END } ] - > ( { id : 73 } ) - [ : T1 { id : 74 } ] - > ( n3 { id : 75 } ) WITH * MERGE ( { id : reduce(a=76 ,b IN []|a) } ) < - [ r2 : T1 { k42 : ( 1980721450 -1722034212 ) , id : reduce(a=77 ,b IN []|a) } ] - ( : L2 { id : reduce(a=78 ,b IN []|a) } ) RETURN DISTINCT 1 AS a1 ;
MATCH (a) RETURN a;
MATCH (a) RETURN a;
MATCH (b)-[a]->(c) RETURN a;
MATCH (b)-[a]->(c) RETURN a;
MATCH p0=(n0)<-[r0 :T1{k43:(false IS NOT NULL)}]-(n1), (n2)-[r0]-(n3)-[r1]-(n0) WHERE (r0.k39) MERGE ({id:79}) DETACH DELETE n2  RETURN p0 AS a0, 1 AS a1;
MATCH p0 = ( n0 ) < - [ r0 : T1 { k43 : ( false IS NOT NULL ) } ] - ( n1 ) ,(n2)-[*0..0]-( n2 ) - [ r0 ] - ( n3 ) - [ r1 ] - ( n0 ) WHERE ( r0 . k39 ) MERGE ( { id : 79 } ) WITH * DETACH DELETE n2 RETURN p0 AS a0 , reduce(a=1 ,b IN []|a) AS a1 ;
MATCH (a) RETURN a;
MATCH (a) RETURN a;
MATCH (b)-[a]->(c) RETURN a;
MATCH (b)-[a]->(c) RETURN a;
CREATE (n0 :L4{id:81}), ({k29:NULL, id:82}) MERGE p0=( :L4{k8:'HyrS', id:83})-[r1 :T3{id:84}]-(n1{id:85})-[r2 :T2{k44:substring('1', abs(1923634395), abs(-18507401)), id:86}]-( :L4{id:87}) SET n1.k=exists(( :L4)-[ :T1]->()<-[ :T4]-()) RETURN n1 AS a4;
CREATE ( n0 : L4 { id : reduce(a=81 ,b IN []|a) } ) CREATE ( { k29 : reduce(a=NULL ,b IN []|a) , id : 82 } ) DETACH DELETE (NULL) MERGE p0 = ( : L4 { k8 : CASE WHEN TRUE THEN 'HyrS' END , id : 83 } ) - [ r1 : T3 { id : CASE WHEN TRUE THEN 84 END } ] - ( n1 { id : 85 } ) - [ r2 : T2 { k44 : substring ( CASE WHEN TRUE THEN '1' END , abs ( 1923634395 ) , abs ( -18507401 ) ) , id : 86 } ] - ( : L4 { id : reduce(a=87 ,b IN []|a) } ) WITH * SET n1 . k = exists ( ( : L4 ) - [ : T1 ] - > ( ) < - [ : T4 ] - ( ) ) OR FALSE WITH * RETURN n1 AS a4 ;
MATCH (a) RETURN a;
MATCH (a) RETURN a;
MATCH (b)-[a]->(c) RETURN a;
MATCH (b)-[a]->(c) RETURN a;
MERGE ({id:95}) MERGE (n3{id:96}) MERGE ( :L4{k25:false, id:97})-[r2 :T2{id:98}]-( :L4{id:99}) RETURN 1 AS a2 ORDER BY a2 DESC;
MERGE ( { id : 95 } ) MERGE pp0=( n3 { id : 96 } ) REMOVE (NULL).NULL MERGE ( : L4 { k25 : false , id : CASE WHEN TRUE THEN 97 END } ) - [ r2 : T2 { id : 98 } ] - ( : L4 { id : 99 } ) WITH * UNWIND [NULL] as l0 RETURN 1 AS a2 ORDER BY a2 DESC LIMIT 1 ;
MATCH (a) RETURN a;
MATCH (a) RETURN a;
MATCH (b)-[a]->(c) RETURN a;
MATCH (b)-[a]->(c) RETURN a;
OPTIONAL MATCH (n0), p0=(n1{k25:('s8OFCZkHR' STARTS WITH reverse('b'))})-[ :T1{k43:(NULL > 1563589350)}]->( :L2{k15:round(NULL)})-[r0]->(n0) WHERE NULL DETACH DELETE n1,n0  CREATE ({id:100}), ({id:101}) RETURN 1 AS a0, 1 AS a1;
OPTIONAL MATCH (n0),p0=(n1{k25:('s8OFCZkHR' STARTS WITH reverse('b'))})-[ :T1{k43:(NULL > 1563589350)}]->( :L2{k15:round(NULL)})-[r0]->(n0) WHERE reduce(a=NULL ,b IN []|a) WITH * DETACH DELETE n1 , reduce(a=n0 ,b IN []|a) WITH * OPTIONAL MATCH ()-[:TYPE]-() CREATE ( { id : 100 } ) CREATE ( { id : 101 } ) WITH * OPTIONAL MATCH ()-[:TYPE]-() RETURN 1 AS a0 , 1 AS a1 ;
MATCH (a) RETURN a;
MATCH (a) RETURN a;
MATCH (b)-[a]->(c) RETURN a;
MATCH (b)-[a]->(c) RETURN a;
FOREACH(a0 IN labels(endNode(relationships(NULL)[abs(1046704634)]))|CREATE ({id:102}), p1=( :L4{k31:'1', id:103})-[ :T3{k52:true, id:104}]->(n2 :L1{k29:1, id:105})<-[r1 :T2{k44:'k0', id:106}]-(n3{id:107}) CREATE ({id:108})-[ :T3{k54:(CASE WHEN true THEN NULL END/211182582), id:109}]->(n4{k27:29257002, k9:NULL, id:110})<-[ :T2{id:111}]-({id:112}), (n5{id:113}) CREATE (n6{k30:NULL, id:114}), (n7{k29:(NULL--1338095055), id:115})) CREATE p2=( :L4{id:116})-[ :T1{k41:NULL, id:117}]->(n8{id:118})-[r2 :T2{id:119}]->({k27:NULL, id:120}) MERGE (n9{id:121})<-[r3 :T1{k39:false, id:122}]-( :L2{id:123})-[r4 :T2{id:124}]->({id:125}) RETURN n9 AS a1, n9 AS a2 ORDER BY a1 DESC LIMIT 0;
FOREACH ( a0 IN (labels ( endNode ( relationships ( CASE WHEN FALSE THEN NULL ELSE NULL END ) [ abs ( 1046704634 ) ] ) ) +[]) | CREATE ( { id : 102 } ) CREATE p1 = ( : L4 { k31 : CASE WHEN TRUE THEN '1' END , id : CASE WHEN TRUE THEN 103 END } ) - [ : T3 { k52 : true , id : 104 } ] - > ( n2 : L1 { k29 : 1 , id : 105 } ) < - [ r1 : T2 { k44 : (''+'k0' ), id : 106 } ] - ( n3 { id : 107 } ) DETACH DELETE (NULL) CREATE (m0{ id : 108 } )CREATE (m0)- [ : T3 { k54 : ( CASE WHEN CASE WHEN FALSE THEN NULL ELSE true END THEN NULL END / 211182582 ) , id : 109 } ] - > ( n4 { k27 : 29257002 , k9 : NULL , id : 110 } ) < - [ : T2 { id : 111 } ] - ( { id : 112 } ) CREATE ( n5 { id : 113 } ) CREATE ( n6 { k30 : NULL , id : 114 } ) CREATE ( n7 { k29 : ( NULL - -1338095055 ) , id : 115 } ) ) WITH * OPTIONAL MATCH ()-[:TYPE]-() CREATE p2 = ( : L4 { id : 116 } ) - [ : T1 { k41 : NULL , id : 117 } ] - > ( n8 { id : 118 } ) - [ r2 : T2 { id : CASE WHEN TRUE THEN 119 END } ] - > ( { k27 : NULL , id : CASE WHEN FALSE THEN NULL ELSE 120 END } ) MERGE pp0=( n9 { id : CASE WHEN FALSE THEN NULL ELSE 121 END } ) < - [ r3 : T1 { k39 : false , id : CASE WHEN FALSE THEN NULL ELSE 122 END } ] - ( : L2 { id : 123 } ) - [ r4 : T2 { id : 124 } ] - > ( { id : 125 } ) RETURN CASE WHEN FALSE THEN NULL ELSE n9 END AS a1 , n9 AS a2 ORDER BY a1 DESC LIMIT 0 ;
