-- Time: 2024/07/05 16:32:16
-- Database: memgraph_database37
-- Database version: composite
-- seed value: 1720168297012
CREATE (n0 :L1:L4{k28 : 'a', k27 : true, k11 : -300556088, id : 0, k10 : 'h', k7 : '0', k24 : 'F6', k8 : true, k9 : false, k26 : false, k25 : false});
CREATE (n0 {id : 1});
CREATE (n0 :L1{k11 : -1294118149, id : 2, k6 : -1297462334, k7 : '7V', k8 : true, k9 : false});
CREATE (n0 :L0{k0 : true, k1 : 1915658941, k3 : false, k4 : true, k5 : false, id : 3});
MATCH (n0 {id : 1}), (n1 {id : 2}) MERGE(n0)-[r :T3{k49 : false, k51 : 143335070, k50 : true, k53 : '9', k52 : 1300978242, id : 4}]->(n1);
MATCH (n0 {id : 3}), (n1 {id : 0}) MERGE(n0)-[r :T4{k55 : '40', id : 5, k54 : 'g', k57 : true, k56 : 'u', k58 : -1965547230}]->(n1);
MERGE (n0 :L4{id:6})<-[r0 :T3{k52:1483035219, id:7}]-(n1{id:8}) DETACH DELETE r0,n1  MERGE ( :L4{k27:false, id:9})-[r1 :T4{id:10}]-(n2 :L0{k4:true, id:11}) RETURN NULL AS a0, (n0.k28) AS a1;
MERGE ( n0 : L4 { id : 6 } ) < - [ r0 : T3 { k52 : 1483035219 , id : reduce(a=7 ,b IN []|a) } ] - ( n1 { id : 8 } ) WITH * OPTIONAL MATCH ()-[:TYPE]-() DETACH DELETE CASE WHEN FALSE THEN NULL ELSE r0 END , n1 CREATE (c0{id:-1}) DELETE (c0) MERGE ( : L4 { k27 : false , id : reduce(a=9 ,b IN []|a) } ) - [ r1 : T4 { id : 10 } ] - ( n2 : L0 { k4 : true , id : 11 } ) RETURN NULL AS a0 , ( n0 . k28 ) AS a1 ;
MATCH (a) RETURN a;
MATCH (a) RETURN a;
MATCH (b)-[a]->(c) RETURN a;
MATCH (b)-[a]->(c) RETURN a;
CREATE ({id:12})<-[ :T4{id:13}]-(n0{id:14}), ( :L1{id:15}) CREATE p0=(n1 :L1{id:16})<-[r0 :T4{k56:'a', id:17}]-(n2{id:18}), (n3{id:19}) MERGE ({id:20}) RETURN 1 AS a0;
CREATE (n0{id:14})-[ : T4 { id : 13 } ] ->( { id : 12 } ) CREATE ( : L1 { id : 15 } ) CREATE p0 = ( n1 : L1 { id : 16 } ) < - [ r0 : T4 { k56 : 'a' , id : 17 } ] - ( n2 { id : CASE WHEN TRUE THEN 18 END } ) CREATE ( n3 { id : 19 } ) CREATE (c0{id:-1}) DELETE (c0) MERGE ( { id : 20 } ) WITH * OPTIONAL MATCH ()-[:TYPE]-() RETURN 1 AS a0 ;
MATCH (a) RETURN a;
MATCH (a) RETURN a;
MATCH (b)-[a]->(c) RETURN a;
MATCH (b)-[a]->(c) RETURN a;
CREATE (n0{id:21})<-[r0 :T3{id:22}]-({id:23}), p0=(n1{k10:NULL, id:24})<-[r1 :T4{k54:NULL, id:25}]-(n2{id:26}) MERGE (n3{id:27})<-[r2 :T3{id:28}]-({id:29}) SET n3.k=(r2.k52) RETURN n3 AS a0;
CREATE ( n0 { id : reduce(a=21 ,b IN []|a) } ) < - [ r0 : T3 { id : 22 } ] - ( { id : 23 } ) CREATE p0 = ( n1 { k10 : NULL , id : 24 } ) < - [ r1 : T4 { k54 : NULL , id : 25 } ] - ( n2 { id : 26 } ) MERGE ( n3 { id : CASE WHEN FALSE THEN NULL ELSE 27 END } ) < - [ r2 : T3 { id : 28 } ] - ( { id : 29 } ) WITH * UNWIND [NULL] as l0 SET n3 . k = CASE WHEN TRUE THEN ( CASE WHEN TRUE THEN r2 . k52 END ) END RETURN n3 AS a0 ;
MATCH (a) RETURN a;
MATCH (a) RETURN a;
MATCH (b)-[a]->(c) RETURN a;
MATCH (b)-[a]->(c) RETURN a;
FOREACH(a0 IN [-1413422497]|MERGE ({id:30})<-[r0 :T3{k50:true, id:31}]-(n0{id:32}) CREATE ({id:33}), ({id:34})<-[r1 :T3{id:35}]-({id:36}) CREATE ({id:37})<-[ :T4{id:38}]-(n1{id:39})) CREATE (n2{id:40})<-[r2 :T3{k53:substring(NULL, abs(1944207518), abs(NULL)), id:41}]-({id:42}), (n3{id:43}) CREATE ({id:44}) RETURN 1 AS a1;
FOREACH ( a0 IN reduce(a=[ CASE WHEN FALSE THEN NULL ELSE -1413422497 END ] ,b IN []|a) | MERGE ( { id : 30 } ) < - [ r0 : T3 { k50 : true , id : CASE WHEN FALSE THEN NULL ELSE 31 END } ] - ( n0 { id : 32 } ) CREATE ( { id : 33 } ) CREATE (m0{ id : CASE WHEN FALSE THEN NULL ELSE 34 END } )CREATE (m0)< - [ r1 : T3 { id : CASE WHEN TRUE THEN 35 END } ] - ( { id : reduce(a=36 ,b IN []|a) } ) REMOVE (NULL).NULL CREATE ( { id : 37 } ) < - [ : T4 { id : 38 } ] - ( n1 { id : 39 } ) ) CREATE (c0{id:-1}) DELETE (c0) CREATE ( n2 { id : 40 } ) < - [ r2 : T3 { k53 : CASE WHEN FALSE THEN NULL ELSE substring ( NULL , abs ( 1944207518 ) , CASE WHEN FALSE THEN NULL ELSE abs ( CASE WHEN FALSE THEN NULL ELSE NULL END ) END ) END , id : 41 } ] - ( { id : 42 } ) CREATE ( n3 { id : 43 } ) WITH * CREATE ( { id : 44 } ) RETURN 1 AS a1 ;
MATCH (a) RETURN a;
MATCH (a) RETURN a;
MATCH (b)-[a]->(c) RETURN a;
MATCH (b)-[a]->(c) RETURN a;
CALL{WITH * MATCH ()-[r0]-(), ()-[]->(n0) WHERE (NOT (NULL STARTS WITH NULL)) SET n0.k=NULL RETURN n0 AS a0, n0 AS a1 LIMIT 1} CREATE (n1{id:45})-[ :T3{k50:NULL, id:46}]->(n2{id:47}), (n3{id:48})-[r1 :T3{k49:false, id:49}]->(n4 :L1{id:50}) SET a0.k=exists(()-[ :T3]-(a0 :L1)) RETURN DISTINCT max(NULL) AS a2;
CALL { WITH * DETACH DELETE NULL WITH * MATCH ( ) - [ r0 ] - ( ) ,( ) - [ ] - > ( n0 ) WITH * WHERE ( NOT ( CASE WHEN TRUE THEN NULL STARTS WITH NULL END ) ) DELETE (NULL) SET n0 . k = NULL WITH * RETURN n0 AS a0 , n0 AS a1 SKIP 1 LIMIT 1 } CREATE (c0{id:-1}) DELETE (c0) CREATE (n2{id:47})<-[ : T3 { k50 : NULL , id : 46 } ] -( n1 { id : 45 } ) CREATE ( n3 { id : 48 } ) - [ r1 : T3 { k49 : false , id : 49 } ] - > ( n4 : L1 { id : 50 } ) WITH * FOREACH(f in [1]|SET a0 . k = exists ( ( ) - [ : T3 ] - ( a0 : L1 ) ) ) RETURN DISTINCT max ( NULL ) AS a2 ;
MATCH (a) RETURN a;
MATCH (a) RETURN a;
MATCH (b)-[a]->(c) RETURN a;
MATCH (b)-[a]->(c) RETURN a;
WITH * WHERE true CREATE (n0 :L4{id:51})<-[r0 :T4{id:52}]-(n1{k1:-754693164, id:53}), (n2 :L4{id:54}) CREATE (n3 :L4{id:55})<-[r1 :T3{k52:NULL, id:56}]-({id:57}), ( :L4{k29:NULL, id:58})<-[r2 :T4{id:59}]-(n4{id:60}) RETURN 1 AS a0, 1 AS a1;
WITH * WHERE CASE WHEN FALSE THEN NULL ELSE true END OPTIONAL MATCH ()-[:TYPE]-() CREATE ( n0 : L4 { id : 51 } ) < - [ r0 : T4 { id : 52 } ] - ( n1 { k1 : reduce(a=-754693164 ,b IN []|a) , id : 53 } ) CREATE ( n2 : L4 { id : CASE WHEN FALSE THEN NULL ELSE 54 END } ) SET (NULL).NULL=1 CREATE ( n3 : L4 { id : 55 } ) < - [ r1 : T3 { k52 : NULL , id : CASE WHEN FALSE THEN NULL ELSE 56 END } ] - ( { id : 57 } ) CREATE (n4{id:60})-[ r2 : T4 { id : 59 } ] ->( : L4 { k29 : NULL , id : 58 } ) CREATE (c0{id:-1}) DELETE (c0) RETURN reduce(a=1 ,b IN []|a) AS a0 , 1 AS a1 ;
MATCH (a) RETURN a;
MATCH (a) RETURN a;
MATCH (b)-[a]->(c) RETURN a;
MATCH (b)-[a]->(c) RETURN a;
WITH * WHERE true CREATE (n0{id:61})<-[r0 :T3{id:62}]-({k8:NULL, k29:reduce(a='JES9gz',b IN ['Yyv', NULL]|b), id:63}) CREATE (n1{id:64})<-[r1 :T4{id:65}]-({id:66}), p0=(n2{id:67})<-[ :T4{id:68}]-(n3{id:69}) RETURN 1 AS a0, 1 AS a1;
WITH * WHERE true CREATE ( n0 { id : CASE WHEN FALSE THEN NULL ELSE 61 END } ) < - [ r0 : T3 { id : 62 } ] - ( { k8 : NULL , k29 : reduce(a=reduce ( a = 'JES9gz' , b IN [ 'Yyv' , NULL ] | b ) ,b IN []|a) , id : 63 } ) CREATE ( n1 { id : 64 } ) < - [ r1 : T4 { id : 65 } ] - ( { id : 66 } ) CREATE (n2{ id : 67 } )CREATE (n2)< - [ : T4 { id : 68 } ] - ( n3 { id : CASE WHEN TRUE THEN 69 END } ) RETURN DISTINCT 1 AS a0 , CASE WHEN FALSE THEN NULL ELSE 1 END AS a1 LIMIT 1 ;
MATCH (a) RETURN a;
MATCH (a) RETURN a;
MATCH (b)-[a]->(c) RETURN a;
MATCH (b)-[a]->(c) RETURN a;
OPTIONAL MATCH (), (n0)-[r0 :T4{k58:NULL}]-(n1) OPTIONAL MATCH ()<-[r0]-(n2) DETACH DELETE r0,n2  RETURN n0 AS a0;
OPTIONAL MATCH ( ) ,( n0 ) - [ r0 : T4 { k58 : NULL } ] - ( n1 ) WITH * OPTIONAL MATCH ( ) < - [ r0 ] - ( n2 ) DELETE NULL DETACH DELETE r0 , n2 WITH * UNWIND [NULL] as l0 RETURN CASE WHEN FALSE THEN NULL ELSE n0 END AS a0 ;
MATCH (a) RETURN a;
MATCH (a) RETURN a;
MATCH (b)-[a]->(c) RETURN a;
MATCH (b)-[a]->(c) RETURN a;
MERGE (n0{id:70})-[r0 :T4{id:71}]-(n1 :L4{k24:'TG', id:72}) MERGE ( :L0{k1:1945889781, id:73})-[ :T4{k56:'AR', id:74}]-(n2 :L1{id:75}) DETACH DELETE r0  RETURN (n2.k6) AS a0;
MERGE pp0=( n0 { id : reduce(a=70 ,b IN []|a) } ) - [ r0 : T4 { id : 71 } ] - ( n1 : L4 { k24 : 'TG' , id : 72 } ) MERGE ( : L0 { k1 : CASE WHEN TRUE THEN 1945889781 END , id : 73 } ) - [ : T4 { k56 : 'AR' , id : 74 } ] - ( n2 : L1 { id : reduce(a=75 ,b IN []|a) } ) WITH * UNWIND [1] as l0 DETACH DELETE r0 RETURN ( n2 . k6 ) AS a0 ;
MATCH (a) RETURN a;
MATCH (a) RETURN a;
MATCH (b)-[a]->(c) RETURN a;
MATCH (b)-[a]->(c) RETURN a;
OPTIONAL MATCH ({k4:NULL})-[*0..1]->(n2 :L4), ()<-[r0]-(n1) WHERE (n2.k27) MERGE ({id:76})-[ :T4{id:77}]-( :L1{id:78}) MERGE p1=(n3{id:79}) RETURN n2 AS a1 ORDER BY NULL, a1;
OPTIONAL MATCH ( { k4 : CASE WHEN TRUE THEN NULL END } ) - [ * 0 .. 1 ] - > ( n2 : L4 ) ,( ) < - [ r0 ] - ( n1 ) WHERE ( n2 . k27 ) UNWIND [NULL] as l0 MERGE pp0=( { id : reduce(a=76 ,b IN []|a) } ) - [ : T4 { id : 77 } ] - ( : L1 { id : 78 } ) WITH * MERGE p1 = ( n3 { id : 79 } ) RETURN DISTINCT n2 AS a1 ORDER BY NULL, a1 ;
MATCH (a) RETURN a;
MATCH (a) RETURN a;
MATCH (b)-[a]->(c) RETURN a;
MATCH (b)-[a]->(c) RETURN a;
WITH relationships(NULL)[abs(-1002795309)] AS a0 CREATE (n0{id:80}), ({id:81})<-[ :T3{id:82}]-(n1 :L1{id:83}) CREATE (n2 :L4{id:84})<-[ :T3{k50:(NULL ENDS WITH NULL), id:85}]-(n3{id:86}) RETURN 1 AS a1, 1 AS a2;
WITH CASE WHEN FALSE THEN NULL ELSE relationships ( reduce(a=NULL ,b IN []|a) ) [ abs ( -1002795309 ) ] END AS a0 CREATE ( n0 { id : CASE WHEN TRUE THEN 80 END } ) CREATE ( { id : 81 } ) < - [ : T3 { id : 82 } ] - ( n1 : L1 { id : 83 } ) SET (NULL).k=1 CREATE ( n2 : L4 { id : 84 } ) < - [ : T3 { k50 : ( NULL ENDS WITH NULL ) , id : 85 } ] - ( n3 { id : 86 } ) CREATE (c0{id:-1}) DELETE (c0) RETURN 1 AS a1 , 1 AS a2 ;
MATCH (a) RETURN a;
MATCH (a) RETURN a;
MATCH (b)-[a]->(c) RETURN a;
MATCH (b)-[a]->(c) RETURN a;
MATCH (n0 :L1)<-[r0]-(), (n0)-[*0..0]-(n1) OPTIONAL MATCH ()<-[]-(), ()-[]-(n2) DETACH DELETE n2,n1  RETURN 1 AS a0;
MATCH ( n0 : L1 ) < - [ r0 ] - ( ) ,( n0 ) - [ * 0 .. 0 ] - ( n1 ) OPTIONAL MATCH ( ) < - [ ] - ( ) ,()-[*0..0]-( ) - [ ] - ( n2 ) WITH * DETACH DELETE n2 , n1 WITH * OPTIONAL MATCH ()-[:TYPE]-() RETURN 1 AS a0 ORDER BY 1 SKIP 1 ;
MATCH (a) RETURN a;
MATCH (a) RETURN a;
MATCH (b)-[a]->(c) RETURN a;
MATCH (b)-[a]->(c) RETURN a;
MATCH ({k9:NULL})-[]-(n0), (n1)<-[]-(n0) UNWIND NULL AS a0 SET n1.k=NULL RETURN n0 AS a1, 1 AS a2;
MATCH ( { k9 : NULL } ) - [ ] - ( n0 ) ,(n1)-[*0..0]-( n1 ) < - [ ] - ( n0 ) UNWIND [NULL] as l0 UNWIND NULL AS a0 SET (NULL).k=1 SET n1 . k = NULL WITH * UNWIND [1] as l1 RETURN n0 AS a1 , 1 AS a2 ;
MATCH (a) RETURN a;
MATCH (a) RETURN a;
MATCH (b)-[a]->(c) RETURN a;
MATCH (b)-[a]->(c) RETURN a;
CREATE (n0{id:87}), ({id:88}) MERGE (n1{id:89})-[r0 :T4{id:90}]-(n2 :L1{id:91}) DETACH DELETE n2  RETURN n1 AS a0, true AS a1 SKIP 1;
CREATE ( n0 { id : 87 } ) CREATE ( { id : 88 } ) WITH * UNWIND [NULL] as l0 MERGE ( n1 { id : 89 } ) - [ r0 : T4 { id : CASE WHEN FALSE THEN NULL ELSE 90 END } ] - ( n2 : L1 { id : CASE WHEN TRUE THEN 91 END } ) DETACH DELETE n2 RETURN n1 AS a0 , reduce(a=true ,b IN []|a) AS a1 SKIP CASE WHEN TRUE THEN 1 END LIMIT 1 ;
MATCH (a) RETURN a;
MATCH (a) RETURN a;
MATCH (b)-[a]->(c) RETURN a;
MATCH (b)-[a]->(c) RETURN a;
WITH NULL AS a0, -1037264913 AS a1 WHERE (((1344066601/-379393518)/NULL) < 630731299) MERGE (n0{id:92}) CREATE (n1 :L4{id:93})<-[ :T3{id:94}]-(n2 :L0{id:95}) RETURN n0 AS a2;
WITH reduce(a=NULL ,b IN []|a) AS a0 , -1037264913 AS a1 WHERE ( ( CASE WHEN FALSE THEN NULL ELSE ( 1344066601 / -379393518 ) / NULL END ) < 630731299 ) OPTIONAL MATCH ()-[:TYPE]-() MERGE ( n0 { id : 92 } ) WITH * CREATE (n1: L4 { id : 93 } )CREATE (n1)< - [ : T3 { id : 94 } ] - ( n2 : L0 { id : 95 } ) RETURN n0 AS a2 ;
MATCH (a) RETURN a;
MATCH (a) RETURN a;
MATCH (b)-[a]->(c) RETURN a;
MATCH (b)-[a]->(c) RETURN a;
CALL{WITH * FOREACH(a3 IN NULL|CREATE ({id:96})<-[r1 :T4{id:97}]-({k9:(false AND NULL), id:98}), (n4{id:99})<-[r2 :T4{id:100}]-({k9:NULL, id:101}) MERGE ( :L0{id:102}) MERGE p0=(n5{id:103})) CREATE (n6 :L0{id:104})-[ :T4{k55:NULL, id:105}]->(n7{id:106}), ({id:107}) RETURN 1 AS a4 LIMIT 0} MERGE ({id:108})-[ :T4{k54:'53HCIdZ', id:109}]-({id:110}) CREATE ({id:111})-[r3 :T4{id:112}]->(n8 :L1 :L4{id:113}), (n9{id:114})<-[r4 :T4{id:115}]-(n10{id:116}) RETURN a4 AS a5, 1 AS a6;
CALL { WITH * UNWIND [NULL] as l0 FOREACH ( a3 IN NULL | CREATE ( { id : 96 } ) < - [ r1 : T4 { id : 97 } ] - ( { k9 : ( false AND NULL ) , id : 98 } ) CREATE ( n4 { id : CASE WHEN FALSE THEN NULL ELSE 99 END } ) < - [ r2 : T4 { id : 100 } ] - ( { k9 : NULL , id : 101 } ) REMOVE (NULL).FALSE MERGE ( : L0 { id : 102 } ) MERGE p0 = ( n5 { id : 103 } ) REMOVE (NULL).FALSE ) WITH * OPTIONAL MATCH ()-[:TYPE]-() CREATE (n6: L0 { id : 104 } )CREATE (n6)- [ : T4 { k55 : NULL , id : 105 } ] - > ( n7 { id : 106 } ) CREATE ( { id : CASE WHEN FALSE THEN NULL ELSE 107 END } ) SET (NULL).k=1 RETURN 1 AS a4 LIMIT 0 } OPTIONAL MATCH ()-[:TYPE]-() MERGE ( { id : 108 } ) - [ : T4 { k54 : '53HCIdZ' , id : 109 } ] - ( { id : CASE WHEN TRUE THEN 110 END } ) CREATE ( { id : 111 } ) - [ r3 : T4 { id : 112 } ] - > ( n8 : L1 : L4 { id : CASE WHEN TRUE THEN 113 END } ) CREATE (n9{ id : 114 } )CREATE (n9)< - [ r4 : T4 { id : reduce(a=115 ,b IN []|a) } ] - ( n10 { id : 116 } ) RETURN a4 AS a5 , 1 AS a6 ;
MATCH (a) RETURN a;
MATCH (a) RETURN a;
MATCH (b)-[a]->(c) RETURN a;
MATCH (b)-[a]->(c) RETURN a;
UNWIND NULL AS a0 OPTIONAL MATCH (n0)-[r0]-(n1{k7:NULL}) CREATE p0=(n2{id:117})<-[r1 :T4{id:118}]-(n3 :L1{k9:true, id:119}), p2=({id:120})<-[ :T4{k54:'H', id:121}]-({k6:round(1568620814), id:122}) RETURN NULL AS a1, n1 AS a2;
UNWIND NULL AS a0 DETACH DELETE NULL WITH * OPTIONAL MATCH ( n0 ) - [ r0 ] - ( n1 { k7 : NULL } ) CREATE p0 = ( n2 { id : 117 } ) < - [ r1 : T4 { id : 118 } ] - ( n3 : L1 { k9 : true , id : 119 } ) CREATE p2 = ( { id : 120 } ) < - [ : T4 { k54 : 'H' , id : 121 } ] - ( { k6 : round ( 1568620814 ) , id : 122 } ) RETURN DISTINCT reduce(a=NULL ,b IN []|a) AS a1 , n1 AS a2 SKIP 1 ;
MATCH (a) RETURN a;
MATCH (a) RETURN a;
MATCH (b)-[a]->(c) RETURN a;
MATCH (b)-[a]->(c) RETURN a;
MERGE ( :L1{id:123})-[r0 :T3{id:124}]-(n0{id:125}) CREATE (n1{id:126})<-[ :T4{id:127}]-({id:128}) MERGE p0=({k9:false, id:129})<-[ :T3{id:130}]-(n2{id:131}) RETURN 1 AS a0, n2 AS a1;
MERGE ( : L1 { id : 123 } ) - [ r0 : T3 { id : 124 } ] - ( n0 { id : 125 } ) CREATE ( n1 { id : 126 } ) < - [ : T4 { id : 127 } ] - ( { id : 128 } ) MERGE p0 = ( { k9 : false , id : 129 } ) < - [ : T3 { id : 130 } ] - ( n2 { id : 131 } ) WITH * UNWIND [1] as l0 RETURN 1 AS a0 , n2 AS a1 ;
MATCH (a) RETURN a;
MATCH (a) RETURN a;
MATCH (b)-[a]->(c) RETURN a;
MATCH (b)-[a]->(c) RETURN a;
CREATE (n0{id:132})-[ :T3{id:133}]->({id:134}), (n1{id:135}) CREATE (n2{id:136})-[r0 :T3{k52:1290610037, id:137}]->({id:138}) MERGE p0=({id:139})-[r1 :T3{id:140}]->( :L1{id:141}) RETURN DISTINCT 1 AS a0, 1 AS a1;
CREATE ( n0 { id : CASE WHEN FALSE THEN NULL ELSE 132 END } ) - [ : T3 { id : 133 } ] - > ( { id : 134 } ) CREATE ( n1 { id : 135 } ) CREATE (n2{ id : 136 } )CREATE (n2)- [ r0 : T3 { k52 : 1290610037 , id : 137 } ] - > ( { id : 138 } ) DELETE NULL MERGE p0 = ( { id : 139 } ) - [ r1 : T3 { id : 140 } ] - > ( : L1 { id : 141 } ) RETURN DISTINCT 1 AS a0 , 1 AS a1 LIMIT 1 ;
MATCH (a) RETURN a;
MATCH (a) RETURN a;
MATCH (b)-[a]->(c) RETURN a;
MATCH (b)-[a]->(c) RETURN a;
CALL{WITH * MERGE ( :L0{k1:1996566032, id:142}) MERGE (n0{id:143})<-[r0 :T3{id:144}]-({id:145}) RETURN 1 AS a0, 1 AS a1} CREATE (n1 :L0{id:146}), ( :L0{k0:NULL, id:147}) CREATE p0=({id:148})<-[r1 :T3{k49:('6dMvhwZt' < 'dUDl5S'), id:149}]-({k8:(-1748220177 <= 1360847845), id:150}) RETURN 1 AS a2, 1 AS a3 ORDER BY relationships(NULL)[abs(a0)], a3 DESC;
CALL { WITH * CREATE (c0{id:-1}) DELETE (c0) MERGE ( : L0 { k1 : CASE WHEN FALSE THEN NULL ELSE 1996566032 END , id : 142 } ) MERGE ( n0 { id : 143 } ) < - [ r0 : T3 { id : 144 } ] - ( { id : 145 } ) WITH * OPTIONAL MATCH ()-[:TYPE]-() RETURN 1 AS a0 , reduce(a=1 ,b IN []|a) AS a1 } SET (NULL).FALSE=1 CREATE ( n1 : L0 { id : 146 } ) CREATE ( : L0 { k0 : NULL , id : 147 } ) WITH * CREATE (m0{ id : reduce(a=148 ,b IN []|a) } )CREATE (m0)< - [ r1 : T3 { k49 : ( reduce(a='6dMvhwZt' < 'dUDl5S' ,b IN []|a) ) , id : 149 } ] - ( { k8 : CASE WHEN TRUE THEN ( reduce(a=-1748220177 <= 1360847845 ,b IN []|a) ) END , id : 150 } ) DETACH DELETE NULL RETURN 1 AS a2 , CASE WHEN FALSE THEN NULL ELSE 1 END AS a3 ORDER BY relationships(NULL)[abs(a0)], a3 DESC ;
MATCH (a) RETURN a;
MATCH (a) RETURN a;
MATCH (b)-[a]->(c) RETURN a;
MATCH (b)-[a]->(c) RETURN a;
WITH * LIMIT 1 MERGE (n0{k3:false, id:151})<-[r0 :T3{k50:true, id:152}]-(n1 :L1{k7:'Gk', id:153}) MERGE ({id:154}) RETURN DISTINCT (n1.k11) AS a0, n0 AS a1;
WITH * LIMIT 1 MERGE ( n0 { k3 : false , id : 151 } ) < - [ r0 : T3 { k50 : true , id : 152 } ] - ( n1 : L1 { k7 : 'Gk' , id : CASE WHEN TRUE THEN 153 END } ) MERGE ( { id : 154 } ) WITH * OPTIONAL MATCH ()-[:TYPE]-() RETURN DISTINCT ( n1 . k11 ) AS a0 , n0 AS a1 SKIP 1 ;
MATCH (a) RETURN a;
MATCH (a) RETURN a;
MATCH (b)-[a]->(c) RETURN a;
MATCH (b)-[a]->(c) RETURN a;
CREATE ( :L0{id:155})-[ :T4{id:156}]->(n0 :L1{k24:NULL, id:157}) CREATE ({id:158}), p1=({id:159}) CREATE ( :L1{id:160}) RETURN 1 AS a0;
CREATE ( : L0 { id : 155 } ) - [ : T4 { id : 156 } ] - > ( n0 : L1 { k24 : NULL , id : 157 } ) DETACH DELETE NULL CREATE ( { id : 158 } ) CREATE p1 = ( { id : 159 } ) WITH * CREATE ( : L1 { id : 160 } ) SET (NULL).FALSE=1 RETURN 1 AS a0 SKIP 1 ;
MATCH (a) RETURN a;
MATCH (a) RETURN a;
MATCH (b)-[a]->(c) RETURN a;
MATCH (b)-[a]->(c) RETURN a;
CREATE p0=(n0{id:161}) MERGE (n1{id:162})<-[r0 :T4{id:163}]-(n2{id:164}) DETACH DELETE n1  RETURN n2 AS a0 LIMIT 1;
CREATE p0 = ( n0 { id : 161 } ) WITH * UNWIND [NULL] as l0 MERGE ( n1 { id : 162 } ) < - [ r0 : T4 { id : 163 } ] - ( n2 { id : CASE WHEN TRUE THEN 164 END } ) DETACH DELETE n1 RETURN CASE WHEN TRUE THEN n2 END AS a0 SKIP 1 LIMIT 1 ;
MATCH (a) RETURN a;
MATCH (a) RETURN a;
MATCH (b)-[a]->(c) RETURN a;
MATCH (b)-[a]->(c) RETURN a;
OPTIONAL MATCH (n0), (n1)-[]-(n2) OPTIONAL MATCH (n0), (n3) WHERE (NULL AND NULL) SET n2.k=NULL RETURN DISTINCT keys(relationships(NULL)[abs(NULL)]) AS a0, n3 AS a1;
OPTIONAL MATCH ( n0 ) ,( n1 ) - [ ] - ( n2 ) OPTIONAL MATCH ()-[:TYPE]-() OPTIONAL MATCH (n0)-[*0..0]-( n0 ) ,( n3 ) WHERE ( NULL AND NULL ) SET n2 . k = NULL WITH * UNWIND [NULL] as l0 RETURN DISTINCT keys ( (relationships ( NULL ) +[]) [ abs ( NULL ) ] ) AS a0 , n3 AS a1 ;
MATCH (a) RETURN a;
MATCH (a) RETURN a;
MATCH (b)-[a]->(c) RETURN a;
MATCH (b)-[a]->(c) RETURN a;
UNWIND NULL AS a0 MERGE p0=(n0{k29:'U', id:165})<-[r0 :T4{id:166}]-({id:167}) MERGE (n1 :L1{k28:'wY', id:168}) RETURN p0 AS a1, n0 AS a2 ORDER BY a1, a2;
UNWIND NULL AS a0 WITH * MERGE p0 = ( n0 { k29 : 'U' , id : 165 } ) < - [ r0 : T4 { id : 166 } ] - ( { id : 167 } ) WITH * MERGE ( n1 : L1 { k28 : 'wY' , id : 168 } ) SET (NULL).TRUE=1 RETURN CASE WHEN FALSE THEN NULL ELSE p0 END AS a1 , n0 AS a2 ORDER BY a1, a2 ;
MATCH (a) RETURN a;
MATCH (a) RETURN a;
MATCH (b)-[a]->(c) RETURN a;
MATCH (b)-[a]->(c) RETURN a;
CREATE ( :L1{id:169})<-[r2 :T3{id:170}]-({id:171}) MERGE (n3 :L1{k8:false, id:172})<-[ :T3{id:173}]-({id:174}) MERGE (n4{id:175})-[r3 :T3{k49:true, id:176}]-(n5 :L1{k9:false, id:177}) RETURN n4 AS a0;
CREATE ({id:171})-[ r2 : T3 { id : 170 } ] ->( : L1 { id : 169 } ) CREATE (c0{id:-1}) DELETE (c0) MERGE ( n3 : L1 { k8 : false , id : 172 } ) < - [ : T3 { id : 173 } ] - ( { id : 174 } ) WITH * OPTIONAL MATCH ()-[:TYPE]-() MERGE ( n4 { id : 175 } ) - [ r3 : T3 { k49 : true , id : reduce(a=176 ,b IN []|a) } ] - ( n5 : L1 { k9 : false , id : 177 } ) RETURN n4 AS a0 ;
MATCH (a) RETURN a;
MATCH (a) RETURN a;
MATCH (b)-[a]->(c) RETURN a;
MATCH (b)-[a]->(c) RETURN a;
UNWIND NULL AS a0 OPTIONAL MATCH ({k28:'E'})<-[r0]-(), ()-[]-(n0) DETACH DELETE n0,r0  RETURN 1 AS a1, 1 AS a2;
UNWIND NULL AS a0 UNWIND [1] as l0 OPTIONAL MATCH (nn0),()<-[r0]-(),(nn1),()-[]-(n0) WHERE exists((nn0{k28:'E'})<-[r0]-(nn1)) DETACH DELETE n0 , reduce(a=r0 ,b IN []|a) RETURN 1 AS a1 , CASE WHEN FALSE THEN NULL ELSE 1 END AS a2 ;
MATCH (a) RETURN a;
MATCH (a) RETURN a;
MATCH (b)-[a]->(c) RETURN a;
MATCH (b)-[a]->(c) RETURN a;
UNWIND NULL AS a0 CREATE ({id:178})-[r0 :T3{id:179}]->({id:180}), (n0{id:181})-[ :T3{k52:1613181612, id:182}]->({id:183}) CREATE (n1{id:184})-[r1 :T3{id:185}]->({id:186}) RETURN DISTINCT 1 AS a1;
UNWIND NULL AS a0 OPTIONAL MATCH ()-[:TYPE]-() CREATE (m0{ id : reduce(a=178 ,b IN []|a) } )CREATE (m0)- [ r0 : T3 { id : 179 } ] - > ( { id : reduce(a=180 ,b IN []|a) } ) CREATE ( n0 { id : 181 } ) - [ : T3 { k52 : 1613181612 , id : 182 } ] - > ( { id : CASE WHEN TRUE THEN 183 END } ) WITH * OPTIONAL MATCH ()-[:TYPE]-() CREATE ( n1 { id : 184 } ) - [ r1 : T3 { id : reduce(a=185 ,b IN []|a) } ] - > ( { id : 186 } ) REMOVE (NULL).NULL RETURN DISTINCT 1 AS a1 LIMIT 1 ;
MATCH (a) RETURN a;
MATCH (a) RETURN a;
MATCH (b)-[a]->(c) RETURN a;
MATCH (b)-[a]->(c) RETURN a;
MERGE ({k1:0, id:187}) CREATE p0=(n0 :L1 :L4{id:188})<-[r0 :T4{k58:-606790804, id:189}]-(n1{id:190}) MERGE ({k3:true, id:191})-[r1 :T4{k55:'gy', id:192}]->({k26:true, id:193}) RETURN 1 AS a0, 1 AS a1;
MERGE ( { k1 : 0 , id : CASE WHEN TRUE THEN 187 END } ) DELETE (NULL) CREATE p0 = ( n0 : L1 : L4 { id : CASE WHEN TRUE THEN 188 END } ) < - [ r0 : T4 { k58 : -606790804 , id : 189 } ] - ( n1 { id : 190 } ) CREATE (c0{id:-1}) DELETE (c0) MERGE pp0=( { k3 : true , id : 191 } ) - [ r1 : T4 { k55 : CASE WHEN TRUE THEN 'gy' END , id : 192 } ] - > ( { k26 : true , id : 193 } ) CREATE (c1{id:-1}) DELETE (c1) RETURN 1 AS a0 , 1 AS a1 ;
MATCH (a) RETURN a;
MATCH (a) RETURN a;
MATCH (b)-[a]->(c) RETURN a;
MATCH (b)-[a]->(c) RETURN a;
CALL{WITH * MERGE p0=(n0 :L0{id:194})-[r0 :T4{k55:'lp1', id:195}]->(n1 :L1{id:196}) CREATE (n2{k4:(n0.k5), id:197})-[r1 :T4{k57:(false AND ((n1.k10) STARTS WITH NULL)), id:198}]->(n3{id:199}), p1=(n4{id:200})-[ :T4{k58:(n1.k6), id:201}]->({k9:((n1.k10) CONTAINS ('jtfdNYb'+'Yg3F')), k24:type(relationships(p0)[abs(-453328357)]), id:202}) RETURN n0 AS a0} CREATE ({k5:false, id:203}), ( :L0{k5:('e' CONTAINS NULL), id:204})-[ :T4{k58:CASE WHEN (NOT (NULL > type(NULL))) THEN 291379847 END, id:205}]->(n5{id:206}) SET a0.k=reduce(a=substring(CASE WHEN true THEN 'aPi' END, abs(1786531718), abs(NULL)),b IN [NULL]|a+ b) RETURN 1 AS a1, 1 AS a2;
CALL { WITH * MERGE p0 = ( n0 : L0 { id : 194 } ) - [ r0 : T4 { k55 : ('lp1' +'') , id : 195 } ] - > ( n1 : L1 { id : 196 } ) WITH * CREATE ( n2 { k4 : ( n0 . k5 ) , id : CASE WHEN FALSE THEN NULL ELSE 197 END } ) - [ r1 : T4 { k57 : ( false AND ( ( reduce(a=n1 . k10 ,b IN []|a) ) STARTS WITH NULL ) ) , id : 198 } ] - > ( n3 { id : 199 } ) CREATE (n4{ id : 200 } )CREATE (n4)- [ : T4 { k58 : CASE WHEN TRUE THEN ( n1 . k6 ) END , id : 201 } ] - > ( { k9 : ( reduce(a=( n1 . k10 ) CONTAINS ( 'jtfdNYb' + 'Yg3F' ) ,b IN []|a) ) , k24 : CASE WHEN FALSE THEN NULL ELSE type ( relationships ( p0 ) [ abs ( -453328357 ) ] ) END , id : CASE WHEN TRUE THEN 202 END } ) RETURN n0 AS a0 } SET (NULL).k=1 CREATE ( { k5 : false , id : 203 } ) CREATE ( : L0 { k5 : reduce(a=( 'e' CONTAINS NULL ) ,b IN []|a) , id : 204 } ) - [ : T4 { k58 : CASE WHEN ( NOT ( NULL > type ( NULL ) ) ) THEN 291379847 END , id : 205 } ] - > ( n5 { id : 206 } ) WITH * UNWIND [1] as l0 SET a0 . k = CASE WHEN TRUE THEN reduce ( a = substring ( CASE WHEN FALSE THEN NULL ELSE CASE WHEN true THEN (''+'aPi' )END END , abs ( 1786531718 ) , CASE WHEN TRUE THEN abs ( NULL ) END ) , b IN [ NULL ] | CASE WHEN FALSE THEN NULL ELSE a + b END ) END DETACH DELETE NULL RETURN 1 AS a1 , 1 AS a2 LIMIT 1 ;
MATCH (a) RETURN a;
MATCH (a) RETURN a;
MATCH (b)-[a]->(c) RETURN a;
MATCH (b)-[a]->(c) RETURN a;
CALL{WITH * MERGE p0=({id:207})-[r0 :T4{id:208}]-({k9:false, id:209}) MERGE p1=(n0{id:210}) RETURN DISTINCT 1 AS a0} MERGE ({id:211})-[ :T4{id:212}]-({id:213}) CREATE ({id:214}) RETURN DISTINCT a0 AS a1 SKIP 1;
CALL { WITH * CREATE (c0{id:-1}) DELETE (c0) MERGE p0 = ( { id : 207 } ) - [ r0 : T4 { id : CASE WHEN TRUE THEN 208 END } ] - ( { k9 : false , id : 209 } ) MERGE p1 = ( n0 { id : 210 } ) RETURN DISTINCT 1 AS a0 } OPTIONAL MATCH ()-[:TYPE]-() MERGE ( { id : reduce(a=211 ,b IN []|a) } ) - [ : T4 { id : reduce(a=212 ,b IN []|a) } ] - ( { id : reduce(a=213 ,b IN []|a) } ) WITH * OPTIONAL MATCH ()-[:TYPE]-() CREATE ( { id : 214 } ) WITH * OPTIONAL MATCH ()-[:TYPE]-() RETURN DISTINCT CASE WHEN FALSE THEN NULL ELSE a0 END AS a1 SKIP 1 ;
MATCH (a) RETURN a;
MATCH (a) RETURN a;
MATCH (b)-[a]->(c) RETURN a;
MATCH (b)-[a]->(c) RETURN a;
MERGE p1=(n1{k7:'z', id:215})-[ :T4{id:216}]-({id:217}) CREATE ({id:218}) CREATE (n2{id:219})<-[ :T3{id:220}]-({id:221}) RETURN n1 AS a2, 1 AS a3;
MERGE p1 = ( n1 { k7 : 'z' , id : 215 } ) - [ : T4 { id : 216 } ] - ( { id : 217 } ) CREATE ( { id : 218 } ) CREATE (n2{ id : 219 } )CREATE (n2)< - [ : T3 { id : 220 } ] - ( { id : reduce(a=221 ,b IN []|a) } ) WITH * RETURN n1 AS a2 , reduce(a=1 ,b IN []|a) AS a3 ;
MATCH (a) RETURN a;
MATCH (a) RETURN a;
MATCH (b)-[a]->(c) RETURN a;
MATCH (b)-[a]->(c) RETURN a;
MATCH p0=({k25:false})<-[]-(n0), ()-[]-({k11:NULL}) CREATE (n1 :L1{k26:false, id:222})<-[ :T3{id:223}]-({k4:false, id:224}), ( :L1 :L4{k10:NULL, id:225}) SET n0.k=NULL RETURN p0 AS a0, p0 AS a1;
MATCH p0=({k25:false})<-[]-(n0),()-[]-({k11:NULL}) CREATE ( n1 : L1 { k26 : false , id : 222 } ) < - [ : T3 { id : 223 } ] - ( { k4 : false , id : CASE WHEN FALSE THEN NULL ELSE 224 END } ) CREATE ( : L1 : L4 { k10 : NULL , id : 225 } ) WITH * SET n0 . k = reduce(a=NULL ,b IN []|a) CREATE (c0{id:-1}) DELETE (c0) RETURN p0 AS a0 , CASE WHEN FALSE THEN NULL ELSE p0 END AS a1 SKIP 1 ;
MATCH (a) RETURN a;
MATCH (a) RETURN a;
MATCH (b)-[a]->(c) RETURN a;
MATCH (b)-[a]->(c) RETURN a;
MATCH () WHERE NULL CREATE ({k10:'Oo', id:226})<-[r0 :T3{id:227}]-({id:228}) MERGE (n0{id:229})<-[r1 :T4{k55:'z', id:230}]-(n1 :L0{k2:'T', id:231}) RETURN (n1.k2) AS a0;
MATCH () WITH * WHERE NULL OPTIONAL MATCH ()-[:TYPE]-() CREATE ( { k10 : ('Oo' +'') , id : 226 } ) < - [ r0 : T3 { id : 227 } ] - ( { id : 228 } ) REMOVE (NULL).FALSE MERGE ( n0 { id : 229 } ) < - [ r1 : T4 { k55 : 'z' , id : 230 } ] - ( n1 : L0 { k2 : CASE WHEN TRUE THEN 'T' END , id : 231 } ) WITH * RETURN DISTINCT ( n1 . k2 ) AS a0 ;
