-- Time: 2024/07/05 16:33:02
-- Database: memgraph_database81
-- Database version: composite
-- seed value: 1720168297056
CREATE (n0 :L4{k28 : '5', k27 : false, k29 : 'G', k31 : -1206076464, k30 : 'F', id : 0, k32 : 's4Dhe'});
CREATE (n0 :L0:L1{k0 : 'iBNrbc', k1 : true, k2 : 1049932551, k3 : 'j9', k4 : '77V', k5 : true, k11 : 849397239, k6 : 1536390458, k10 : -1366071368, k7 : -394392807, k8 : 126550961, k9 : 'x', id : 1});
CREATE (n0 {id : 2});
CREATE (n0 :L2:L0{k17 : false, k16 : 'Lt0A', k0 : 'e', k1 : false, k2 : 1872095991, k3 : 'N', k4 : '7', id : 3, k13 : false, k12 : false, k15 : -1920083444, k14 : 'Jo9y3Aqy'});
MATCH (n0 {id : 3}), (n1 {id : 3}) MERGE(n0)-[r :T1{k49 : -394156161, id : 4, k46 : '1uP2D6z', k48 : false, k47 : true}]->(n1);
MATCH (n0 {id : 1}), (n1 {id : 3}) MERGE(n0)-[r :T4{k62 : 'os5b', k61 : '6FiV', k64 : false, k63 : 'hvPz', k66 : false, id : 5, k65 : false, k67 : false}]->(n1);
MATCH (n0 {id : 0}), (n1 {id : 2}) MERGE(n0)-[r :T2{k51 : -412057041, k50 : '8RaAAnmjn', k53 : 'y', k52 : 2051874474, id : 6, k54 : -453143522}]->(n1);
MATCH (n0 {id : 0}), (n1 {id : 2}) MERGE(n0)-[r :T0{k40 : 'L0D', k42 : 'e', k41 : -1484850603, k44 : 1771644596, id : 7, k43 : 'o'}]->(n1);
MATCH (n0 {id : 3}), (n1 {id : 2}) MERGE(n0)-[r :T3{k60 : 'gIKp', k55 : -1730600172, id : 8, k56 : false, k59 : -1664170418, k58 : -801288569}]->(n1);
WITH NULL AS a0 LIMIT 0 MERGE p0=({id:9})-[r0 :T3{id:10}]-({id:11})-[r1 :T1{id:12}]-( :L2{k12:false, id:13}) CREATE (n0 :L2{k4:(r0.k60), id:14})-[ :T3{id:15}]->({id:16})<-[r2 :T2{id:17}]-({id:18}) RETURN *;
WITH CASE WHEN FALSE THEN NULL ELSE NULL END AS a0 LIMIT 0 MERGE p0 = ( { id : 9 } ) - [ r0 : T3 { id : 10 } ] - ( { id : CASE WHEN TRUE THEN 11 END } ) - [ r1 : T1 { id : 12 } ] - ( : L2 { k12 : false , id : 13 } ) CREATE ( n0 : L2 { k4 : ( r0 . k60 ) , id : 14 } ) - [ : T3 { id : 15 } ] - > ( { id : 16 } ) < - [ r2 : T2 { id : CASE WHEN TRUE THEN 17 END } ] - ( { id : 18 } ) RETURN * ;
MATCH (a) RETURN a;
MATCH (a) RETURN a;
MATCH (b)-[a]->(c) RETURN a;
MATCH (b)-[a]->(c) RETURN a;
UNWIND [NULL] AS a0 UNWIND NULL AS a1 CREATE ({k10:NULL, id:19})<-[ :T1{id:20}]-( :L0{id:21}) RETURN 1 AS a2, 1 AS a3 ORDER BY a3 DESC;
UNWIND [ NULL ] AS a0 OPTIONAL MATCH ()-[:TYPE]-() UNWIND NULL AS a1 CREATE ( { k10 : NULL , id : 19 } ) < - [ : T1 { id : reduce(a=20 ,b IN []|a) } ] - ( : L0 { id : 21 } ) RETURN DISTINCT 1 AS a2 , reduce(a=1 ,b IN []|a) AS a3 ORDER BY a3 DESC SKIP 1 ;
MATCH (a) RETURN a;
MATCH (a) RETURN a;
MATCH (b)-[a]->(c) RETURN a;
MATCH (b)-[a]->(c) RETURN a;
CALL{WITH * MERGE (n6{k1:true, id:22})-[r2 :T1{id:23}]-({id:24})-[r3 :T4{id:25}]-( :L0{id:26}) DETACH DELETE n6  RETURN 1 AS a1} CREATE ( :L4{id:27}), ( :L4{id:28})-[ :T0{id:29}]->(n7{id:30}) CREATE (n8{id:31}) RETURN a1 AS a2;
CALL { WITH * WITH * MERGE ( n6 { k1 : true , id : 22 } ) - [ r2 : T1 { id : reduce(a=23 ,b IN []|a) } ] - ( { id : 24 } ) - [ r3 : T4 { id : 25 } ] - ( : L0 { id : 26 } ) WITH * UNWIND [NULL] as l0 DETACH DELETE n6 SET (NULL).k=1 RETURN CASE WHEN FALSE THEN NULL ELSE 1 END AS a1 } CREATE ( : L4 { id : 27 } ) CREATE ( : L4 { id : 28 } ) - [ : T0 { id : CASE WHEN TRUE THEN 29 END } ] - > ( n7 { id : 30 } ) WITH * UNWIND [NULL] as l1 CREATE ( n8 { id : 31 } ) WITH * UNWIND [NULL] as l2 RETURN CASE WHEN FALSE THEN NULL ELSE a1 END AS a2 ;
MATCH (a) RETURN a;
MATCH (a) RETURN a;
MATCH (b)-[a]->(c) RETURN a;
MATCH (b)-[a]->(c) RETURN a;
MATCH p0=(), () WHERE reduce(a=(NULL IS NULL),b IN [NULL, NULL]|a) UNWIND NULL AS a0 DETACH DELETE p0  RETURN 1 AS a1, a0 AS a2;
MATCH p0 = ( ) ,( ) WHERE reduce ( a = ( CASE WHEN TRUE THEN NULL IS NULL END ) , b IN [ NULL , NULL ] | CASE WHEN TRUE THEN a END ) WITH * UNWIND NULL AS a0 DETACH DELETE p0 RETURN 1 AS a1 , reduce(a=a0 ,b IN []|a) AS a2 ;
MATCH (a) RETURN a;
MATCH (a) RETURN a;
MATCH (b)-[a]->(c) RETURN a;
MATCH (b)-[a]->(c) RETURN a;
CALL{WITH * FOREACH(a1 IN ['t', 'I']|MERGE (n1{id:32})-[r0 :T3{id:33}]->(n2{id:34})-[r1 :T0{id:35}]-( :L4{id:36}) MERGE p0=({k4:'EhJP', k5:true, id:37})-[r2 :T1{id:38}]-( :L2{id:39}) MERGE ({id:40})-[ :T1{id:41}]-(n3 :L2{id:42})-[r3 :T3{k56:false, id:43}]->(n4{id:44})) WITH NULL AS a2 RETURN DISTINCT 1 AS a3} OPTIONAL MATCH p1=()-[r0]-(n2), (n5 :L0)-[*0..0]-(n6)-[ :T3{k59:-1290211158}]-(n7) CREATE ({id:45}), (n8 :L0{id:46})-[r4 :T1{id:47}]->(n9{k18:('ae9'+(reverse((n5.k4))+CASE WHEN ((1763077792*-79243923) > (720002989*664128186)) THEN reverse('bjiEyN6G') END)), id:48}) RETURN a3 AS a4, 1 AS a5 SKIP 0;
CALL { WITH * OPTIONAL MATCH ()-[:TYPE]-() FOREACH ( a1 IN [ 't' , 'I' ] | MERGE ( n1 { id : 32 } ) - [ r0 : T3 { id : 33 } ] - > ( n2 { id : 34 } ) - [ r1 : T0 { id : 35 } ] - ( : L4 { id : 36 } ) MERGE p0 = ( { k4 : (''+'EhJP' ), k5 : true , id : 37 } ) - [ r2 : T1 { id : 38 } ] - ( : L2 { id : 39 } ) MERGE ( { id : CASE WHEN FALSE THEN NULL ELSE 40 END } ) - [ : T1 { id : reduce(a=41 ,b IN []|a) } ] - ( n3 : L2 { id : reduce(a=42 ,b IN []|a) } ) - [ r3 : T3 { k56 : CASE WHEN FALSE THEN NULL ELSE false END , id : 43 } ] - > ( n4 { id : 44 } ) ) WITH * UNWIND [NULL] as l0 WITH NULL AS a2 UNWIND [1] as l1 RETURN DISTINCT 1 AS a3 SKIP 1 } UNWIND [1] as l2 OPTIONAL MATCH p1 = ( ) - [ r0 ] - ( n2 ) ,( n5 : L0 ) - [ * 0 .. 0 ] - ( n6 ) - [ : T3 { k59 : -1290211158 } ] - ( n7 ) CREATE (c0{id:-1}) DELETE (c0) CREATE ( { id : 45 } ) CREATE ( n8 : L0 { id : CASE WHEN FALSE THEN NULL ELSE 46 END } ) - [ r4 : T1 { id : 47 } ] - > ( n9 { k18 : ( CASE WHEN FALSE THEN NULL ELSE (''+'ae9' )+ ( reverse ( reduce(a=( n5 . k4 ) ,b IN []|a) ) + CASE WHEN ( ( 1763077792 * -79243923 ) > ( CASE WHEN TRUE THEN 720002989 * 664128186 END ) ) THEN reverse ( CASE WHEN FALSE THEN NULL ELSE 'bjiEyN6G' END ) END ) END ) , id : CASE WHEN TRUE THEN 48 END } ) WITH * OPTIONAL MATCH ()-[:TYPE]-() RETURN a3 AS a4 , 1 AS a5 SKIP 0 ;
MATCH (a) RETURN a;
MATCH (a) RETURN a;
MATCH (b)-[a]->(c) RETURN a;
MATCH (b)-[a]->(c) RETURN a;
MERGE p0=( :L4{id:49})-[r0 :T2{k54:1019023548, id:50}]->(n0{id:51})<-[r1 :T3{k59:1677739068, id:52}]-({k0:'tbx3EG', id:53}) SET n0.k=NULL SET n0.k=NULL RETURN p0 AS a0, (r1.k60) AS a1;
MERGE p0 = ( : L4 { id : 49 } ) - [ r0 : T2 { k54 : 1019023548 , id : 50 } ] - > ( n0 { id : 51 } ) < - [ r1 : T3 { k59 : 1677739068 , id : CASE WHEN TRUE THEN 52 END } ] - ( { k0 : reduce(a='tbx3EG' ,b IN []|a) , id : 53 } ) SET n0 . k = NULL WITH * SET n0 . k = reduce(a=NULL ,b IN []|a) WITH * RETURN p0 AS a0 , ( reduce(a=r1 . k60 ,b IN []|a) ) AS a1 LIMIT 1 ;
MATCH (a) RETURN a;
MATCH (a) RETURN a;
MATCH (b)-[a]->(c) RETURN a;
MATCH (b)-[a]->(c) RETURN a;
CREATE ({id:54}), (n0{k13:NULL, id:55}) CREATE p0=(n1{k5:NULL, id:56})-[r0 :T4{k66:false, id:57}]->(n2{id:58}), ({id:59}) MERGE ( :L2 :L0{id:60})-[r1 :T1{id:61}]->(n3 :L0{id:62}) RETURN (n3.k3) AS a0;
CREATE ( { id : 54 } ) CREATE ( n0 { k13 : NULL , id : 55 } ) WITH * OPTIONAL MATCH ()-[:TYPE]-() CREATE p0=(n2{id:58})<-[ r0 : T4 { k66 : false , id : 57 } ] -( n1 { k5 : NULL , id : 56 } ) CREATE ( { id : 59 } ) WITH * MERGE ( : L2 : L0 { id : 60 } ) - [ r1 : T1 { id : 61 } ] - > ( n3 : L0 { id : 62 } ) CREATE (c0{id:-1}) DELETE (c0) RETURN ( n3 . k3 ) AS a0 ;
MATCH (a) RETURN a;
MATCH (a) RETURN a;
MATCH (b)-[a]->(c) RETURN a;
MATCH (b)-[a]->(c) RETURN a;
CALL{WITH * OPTIONAL MATCH ({k15:(((-116439247+NULL)/(((-1416858314/929451752)/1948122296)+-604540614))/NULL)})-[r0]-( :L0)<-[r1 :T4{k67:NULL}]-(n0), () WHERE false DETACH DELETE r0,n0  RETURN 1 AS a1, NULL AS a2} MERGE ( :L2{id:63})-[r2 :T3{id:64}]->(n1{id:65}) CREATE ({id:66}) RETURN n1 AS a3, a2 AS a4;
CALL { WITH * DETACH DELETE (NULL) WITH * OPTIONAL MATCH (nn0),()<-[r0]-(),(nn1:L0),()<-[r1:T4{k67:NULL}]-(),(n0),() WHERE exists((nn0{k15:(((-116439247+NULL)/(((-1416858314/929451752)/1948122296)+-604540614))/NULL)})-[r0]-(nn1)<-[r1]-(n0)) AND (false )CREATE (c0{id:-1}) DELETE (c0) DETACH DELETE r0 , n0 RETURN 1 AS a1 , NULL AS a2 } UNWIND [NULL] as l0 MERGE ( : L2 { id : 63 } ) - [ r2 : T3 { id : 64 } ] - > ( n1 { id : 65 } ) CREATE ( { id : CASE WHEN TRUE THEN 66 END } ) WITH * RETURN DISTINCT CASE WHEN FALSE THEN NULL ELSE n1 END AS a3 , a2 AS a4 SKIP 1 ;
MATCH (a) RETURN a;
MATCH (a) RETURN a;
MATCH (b)-[a]->(c) RETURN a;
MATCH (b)-[a]->(c) RETURN a;
MERGE ({id:67}) MERGE ( :L0{k15:1439304223, id:68})-[r0 :T1{k46:'c', id:69}]->(n0 :L0{k15:428314553, id:70}) SET n0.k='P' RETURN n0 AS a0;
MERGE pp0=( { id : 67 } ) CREATE (c0{id:-1}) DELETE (c0) MERGE ( : L0 { k15 : 1439304223 , id : 68 } ) - [ r0 : T1 { k46 : 'c' , id : 69 } ] - > ( n0 : L0 { k15 : reduce(a=428314553 ,b IN []|a) , id : 70 } ) CREATE (c1{id:-1}) DELETE (c1) SET n0 . k = 'P' WITH * UNWIND [NULL] as l0 RETURN n0 AS a0 ;
MATCH (a) RETURN a;
MATCH (a) RETURN a;
MATCH (b)-[a]->(c) RETURN a;
MATCH (b)-[a]->(c) RETURN a;
WITH * LIMIT 1 MERGE ({k1:false, id:71}) CREATE ({k18:NULL, k1:true, id:72})-[r0 :T3{id:73}]->(n0{id:74})<-[ :T0{k44:NULL, id:75}]-(n1{id:76}) RETURN NULL AS a0, 1 AS a1;
WITH * LIMIT 1 OPTIONAL MATCH ()-[:TYPE]-() MERGE ( { k1 : false , id : CASE WHEN FALSE THEN NULL ELSE 71 END } ) CREATE ( { k18 : NULL , k1 : reduce(a=true ,b IN []|a) , id : 72 } ) - [ r0 : T3 { id : 73 } ] - > ( n0 { id : 74 } ) < - [ : T0 { k44 : CASE WHEN TRUE THEN NULL END , id : reduce(a=75 ,b IN []|a) } ] - ( n1 { id : 76 } ) RETURN DISTINCT NULL AS a0 , CASE WHEN TRUE THEN 1 END AS a1 SKIP 1 ;
MATCH (a) RETURN a;
MATCH (a) RETURN a;
MATCH (b)-[a]->(c) RETURN a;
MATCH (b)-[a]->(c) RETURN a;
UNWIND NULL AS a0 MERGE ({id:77}) CREATE ( :L2{id:78})-[ :T3{k56:NULL, id:79}]->( :L1{id:80}), ({id:81})<-[r0 :T2{k52:NULL, id:82}]-(n0{k30:NULL, id:83})-[r1 :T0{id:84}]->({id:85}) RETURN NULL AS a1, -695090855 AS a2 SKIP 1 UNION ALL CALL{WITH * OPTIONAL MATCH ()-[]->(n0) WHERE true REMOVE n0.k2 RETURN 1 AS a0} MERGE (n1 :L4{k30:'7', id:86})-[ :T2{id:87}]-(n2{id:88})-[r0 :T3{k56:false, id:89}]-(n3 :L2 :L0{k16:'r', id:90}) MERGE ({id:91})-[ :T2{id:92}]-({id:93}) RETURN (n1.k32) AS a1, a0 AS a2;
UNWIND NULL AS a0 UNWIND [NULL] as l0 MERGE ( { id : 77 } ) CREATE ( : L2 { id : 78 } ) - [ : T3 { k56 : NULL , id : 79 } ] - > ( : L1 { id : CASE WHEN FALSE THEN NULL ELSE 80 END } ) CREATE ( { id : 81 } ) < - [ r0 : T2 { k52 : NULL , id : reduce(a=82 ,b IN []|a) } ] - ( n0 { k30 : NULL , id : CASE WHEN TRUE THEN 83 END } ) - [ r1 : T0 { id : 84 } ] - > ( { id : 85 } ) WITH * OPTIONAL MATCH ()-[:TYPE]-() RETURN NULL AS a1 , -695090855 AS a2 SKIP CASE WHEN FALSE THEN NULL ELSE 1 END UNION ALL CALL { WITH * DELETE NULL WITH * OPTIONAL MATCH ( ) - [ ] - > ( n0 ) WHERE true UNWIND [NULL] as l1 REMOVE n0 . k2 CREATE (c0{id:-1}) DELETE (c0) RETURN 1 AS a0 } CREATE (c1{id:-1}) DELETE (c1) MERGE ( n1 : L4 { k30 : reduce(a='7' ,b IN []|a) , id : 86 } ) - [ : T2 { id : 87 } ] - ( n2 { id : CASE WHEN TRUE THEN 88 END } ) - [ r0 : T3 { k56 : false , id : CASE WHEN FALSE THEN NULL ELSE 89 END } ] - ( n3 : L2 : L0 { k16 : 'r' , id : reduce(a=90 ,b IN []|a) } ) DETACH DELETE (NULL) MERGE ( { id : CASE WHEN FALSE THEN NULL ELSE 91 END } ) - [ : T2 { id : 92 } ] - ( { id : CASE WHEN TRUE THEN 93 END } ) WITH * OPTIONAL MATCH ()-[:TYPE]-() RETURN ( n1 . k32 ) AS a1 , a0 AS a2 ;
MATCH (a) RETURN a;
MATCH (a) RETURN a;
MATCH (b)-[a]->(c) RETURN a;
MATCH (b)-[a]->(c) RETURN a;
CREATE ( :L0 :L1{k1:NULL, k9:NULL, id:94}), ({id:95})-[r0 :T2{id:96}]->(n0{id:97}) MERGE ( :L2{id:98})-[r1 :T3{id:99}]->({id:100}) MERGE (n1{id:101})-[r2 :T2{id:102}]-(n2{id:103})-[r3 :T3{id:104}]-( :L0{k0:'dAhoStL', id:105}) RETURN n2 AS a0 ORDER BY (r2.k50) SKIP 0;
CREATE ( : L0 : L1 { k1 : NULL , k9 : NULL , id : 94 } ) CREATE ( { id : 95 } ) - [ r0 : T2 { id : 96 } ] - > ( n0 { id : 97 } ) WITH * MERGE ( : L2 { id : 98 } ) - [ r1 : T3 { id : 99 } ] - > ( { id : 100 } ) WITH * UNWIND [1] as l0 MERGE ( n1 { id : 101 } ) - [ r2 : T2 { id : CASE WHEN TRUE THEN 102 END } ] - ( n2 { id : 103 } ) - [ r3 : T3 { id : 104 } ] - ( : L0 { k0 : reduce(a='dAhoStL' ,b IN []|a) , id : 105 } ) REMOVE (NULL).TRUE RETURN CASE WHEN FALSE THEN NULL ELSE n2 END AS a0 ORDER BY (r2.k50) SKIP 0 ;
MATCH (a) RETURN a;
MATCH (a) RETURN a;
MATCH (b)-[a]->(c) RETURN a;
MATCH (b)-[a]->(c) RETURN a;
WITH * CREATE (n7 :L2{k3:'8', id:126})-[r5 :T1{id:127}]->(n8{k2:round(-420087109), k11:718864188, id:128}) CREATE p1=( :L0{id:129}), p2=(n9{id:130})<-[ :T3{id:131}]-(n10{k1:(NULL < -974366819), id:132})-[ :T1{k45:('a' CONTAINS 'Q9uj1YeW'), id:133}]->({k18:NULL, k2:NULL, id:134}) RETURN NULL AS a4, NULL AS a5 UNION ALL OPTIONAL MATCH p0=(n0)-[r0]->(n1)-[r1]-(), () DETACH DELETE n1  CREATE ({id:135}) RETURN n0 AS a4, NULL AS a5 LIMIT 1;
WITH * CREATE (c0{id:-1}) DELETE (c0) CREATE (n7: L2 { k3 : '8' , id : 126 } )CREATE (n7)- [ r5 : T1 { id : CASE WHEN FALSE THEN NULL ELSE 127 END } ] - > ( n8 { k2 : round ( -420087109 ) , k11 : 718864188 , id : 128 } ) CREATE p1 = ( : L0 { id : 129 } ) CREATE p2 = ( n9 { id : reduce(a=130 ,b IN []|a) } ) < - [ : T3 { id : CASE WHEN FALSE THEN NULL ELSE 131 END } ] - ( n10 { k1 : ( CASE WHEN TRUE THEN NULL < -974366819 END ) , id : 132 } ) - [ : T1 { k45 : ( reduce(a='a' CONTAINS 'Q9uj1YeW' ,b IN []|a) ) , id : 133 } ] - > ( { k18 : NULL , k2 : CASE WHEN TRUE THEN NULL END , id : CASE WHEN TRUE THEN 134 END } ) RETURN NULL AS a4 , NULL AS a5 ORDER BY FALSE UNION ALL OPTIONAL MATCH p0 = ( n0 ) - [ r0 ] - > ( n1 ) - [ r1 ] - ( ) ,( ) WITH * DETACH DELETE n1 WITH * CREATE ( { id : 135 } ) WITH * OPTIONAL MATCH ()-[:TYPE]-() RETURN n0 AS a4 , reduce(a=NULL ,b IN []|a) AS a5 SKIP 1 LIMIT 1 ;
MATCH (a) RETURN a;
MATCH (a) RETURN a;
MATCH (b)-[a]->(c) RETURN a;
MATCH (b)-[a]->(c) RETURN a;
FOREACH(a0 IN nodes(NULL)|CREATE ({k8:NULL, id:136})<-[r0 :T1{k49:-36187493, id:137}]-(n0 :L0{k0:a0, id:138}) CREATE p0=(n1 :L0{k4:reduce(a=NULL,b IN [NULL]|a), id:139})-[ :T3{k60:reduce(a=('4'+substring('t', abs(1011340788), abs(794960183))),b IN ['UE', reverse('8')]|a), id:140}]->(n2{id:141})<-[ :T2{k52:424004338, id:142}]-({id:143}) MERGE p1=(n3{id:144})<-[r1 :T3{id:145}]-(n4{k17:true, id:146})) MERGE ({id:147})<-[r2 :T0{id:148}]-({id:149})-[r3 :T2{id:150}]->({id:151}) CREATE ({k1:((NULL AND false) OR ('1IxTcKM' > substring(CASE WHEN false THEN 'r' END, abs((r3.k54)), abs((r3.k52))))), id:152})<-[ :T1{k49:(r2.k44), id:153}]-(n5 :L0{id:154}) RETURN 1840475552 AS a1, (r2.k41) AS a2;
FOREACH ( a0 IN nodes ( NULL ) | CREATE ( { k8 : NULL , id : 136 } ) < - [ r0 : T1 { k49 : -36187493 , id : 137 } ] - ( n0 : L0 { k0 : reduce(a=a0 ,b IN []|a) , id : CASE WHEN TRUE THEN 138 END } ) CREATE p0 = ( n1 : L0 { k4 : reduce ( a = NULL , b IN [ NULL ] | reduce(a=a ,b IN []|a) ) , id : 139 } ) - [ : T3 { k60 : reduce(a=reduce ( a = ( '4' + substring ( reduce(a='t' ,b IN []|a) , CASE WHEN TRUE THEN abs ( 1011340788 ) END , abs ( 794960183 ) ) ) , b IN [ 'UE' , reverse ( '8' ) ] | a ) ,b IN []|a) , id : 140 } ] - > ( n2 { id : 141 } ) < - [ : T2 { k52 : 424004338 , id : 142 } ] - ( { id : 143 } ) CREATE (c0{id:-1}) DELETE (c0) MERGE p1 = ( n3 { id : reduce(a=144 ,b IN []|a) } ) < - [ r1 : T3 { id : 145 } ] - ( n4 { k17 : reduce(a=true ,b IN []|a) , id : 146 } ) REMOVE (NULL).k ) MERGE ( { id : 147 } ) < - [ r2 : T0 { id : 148 } ] - ( { id : 149 } ) - [ r3 : T2 { id : 150 } ] - > ( { id : 151 } ) WITH * UNWIND [NULL] as l0 CREATE (m0{ k1 : ( ( NULL AND false ) OR ( reduce(a='1IxTcKM' > substring ( CASE WHEN false THEN 'r' END , reduce(a=abs ( ( reduce(a=r3 . k54 ,b IN []|a) ) ) ,b IN []|a) , abs ( ( r3 . k52 ) ) ) ,b IN []|a) ) ) , id : 152 } )CREATE (m0)< - [ : T1 { k49 : ( r2 . k44 ) , id : 153 } ] - ( n5 : L0 { id : CASE WHEN FALSE THEN NULL ELSE 154 END } ) WITH * RETURN 1840475552 AS a1 , ( CASE WHEN TRUE THEN r2 . k41 END ) AS a2 ;
MATCH (a) RETURN a;
MATCH (a) RETURN a;
MATCH (b)-[a]->(c) RETURN a;
MATCH (b)-[a]->(c) RETURN a;
FOREACH(a0 IN [NULL, 2073425397]|CREATE ( :L0{k15:NULL, id:155}) MERGE p0=(n0{id:156}) MERGE p1=( :L2 :L0{id:157})-[r0 :T3{id:158}]->({id:159})) MERGE (n1{id:160})-[ :T3{id:161}]-(n2{id:162}) SET n1.k=NULL RETURN n1 AS a1, n1 AS a2;
FOREACH ( a0 IN [ NULL , 2073425397 ] | CREATE ( : L0 { k15 : NULL , id : 155 } ) DETACH DELETE (NULL) MERGE p0 = ( n0 { id : 156 } ) MERGE p1 = ( : L2 : L0 { id : CASE WHEN FALSE THEN NULL ELSE 157 END } ) - [ r0 : T3 { id : 158 } ] - > ( { id : CASE WHEN TRUE THEN 159 END } ) ) WITH * OPTIONAL MATCH ()-[:TYPE]-() MERGE ( n1 { id : 160 } ) - [ : T3 { id : 161 } ] - ( n2 { id : 162 } ) SET n1 . k = NULL RETURN n1 AS a1 , CASE WHEN TRUE THEN n1 END AS a2 ;
MATCH (a) RETURN a;
MATCH (a) RETURN a;
MATCH (b)-[a]->(c) RETURN a;
MATCH (b)-[a]->(c) RETURN a;
CREATE ( :L0{k2:round(NULL), k11:1617855619, id:163})-[ :T4{id:164}]->({id:165})-[r0 :T3{k56:NULL, id:166}]->(n0{id:167}), (n1{id:168})<-[r1 :T3{k60:'e', id:169}]-( :L2 :L0{id:170}) CREATE ({id:171})<-[ :T0{id:172}]-(n2{id:173})-[r2 :T2{id:174}]->({id:175}) CREATE (n3{id:176})<-[r3 :T3{id:177}]-( :L0{k13:true, k4:'GnO', id:178}), (n4{id:179}) RETURN 1 AS a0, 1 AS a1 ORDER BY NULL, a0;
CREATE ( : L0 { k2 : round ( NULL ) , k11 : CASE WHEN FALSE THEN NULL ELSE 1617855619 END , id : 163 } ) - [ : T4 { id : CASE WHEN FALSE THEN NULL ELSE 164 END } ] - > ( { id : 165 } ) - [ r0 : T3 { k56 : CASE WHEN FALSE THEN NULL ELSE NULL END , id : 166 } ] - > ( n0 { id : 167 } ) CREATE ( n1 { id : 168 } ) < - [ r1 : T3 { k60 : 'e' , id : 169 } ] - ( : L2 : L0 { id : 170 } ) WITH * UNWIND [NULL] as l0 CREATE ( { id : 171 } ) < - [ : T0 { id : 172 } ] - ( n2 { id : 173 } ) - [ r2 : T2 { id : 174 } ] - > ( { id : 175 } ) CREATE (c0{id:-1}) DELETE (c0) CREATE ( n3 { id : CASE WHEN FALSE THEN NULL ELSE 176 END } ) < - [ r3 : T3 { id : 177 } ] - ( : L0 { k13 : true , k4 : 'GnO' , id : 178 } ) CREATE ( n4 { id : 179 } ) WITH * RETURN 1 AS a0 , 1 AS a1 ORDER BY NULL, a0 DESC ;
MATCH (a) RETURN a;
MATCH (a) RETURN a;
MATCH (b)-[a]->(c) RETURN a;
MATCH (b)-[a]->(c) RETURN a;
CALL{WITH * UNWIND relationships(NULL) AS a0 MERGE p0=(n0{id:180})-[r0 :T0{id:181}]-({id:182}) RETURN 1 AS a1, 1 AS a2} MERGE ( :L4{k26:'8', id:183}) MERGE (n1{k2:a1, id:184}) RETURN n1 AS a3;
CALL { WITH * UNWIND relationships ( NULL ) AS a0 UNWIND [1] as l0 MERGE p0 = ( n0 { id : 180 } ) - [ r0 : T0 { id : reduce(a=181 ,b IN []|a) } ] - ( { id : 182 } ) RETURN 1 AS a1 , 1 AS a2 } DELETE (NULL) MERGE ( : L4 { k26 : '8' , id : 183 } ) WITH * UNWIND [1] as l1 MERGE ( n1 { k2 : a1 , id : 184 } ) WITH * RETURN CASE WHEN FALSE THEN NULL ELSE n1 END AS a3 ORDER BY NULL ;
MATCH (a) RETURN a;
MATCH (a) RETURN a;
MATCH (b)-[a]->(c) RETURN a;
MATCH (b)-[a]->(c) RETURN a;
MERGE (n2 :L0 :L1{id:185})-[ :T3{id:186}]-(n3{k0:'E', id:187}) CREATE p0=( :L0{id:188})<-[r1 :T3{id:189}]-({id:190}) SET n3.k=(n2.k7) RETURN n3 AS a2;
MERGE ( n2 : L0 : L1 { id : 185 } ) - [ : T3 { id : CASE WHEN TRUE THEN 186 END } ] - ( n3 { k0 : 'E' , id : 187 } ) WITH * CREATE p0 = ( : L0 { id : reduce(a=188 ,b IN []|a) } ) < - [ r1 : T3 { id : reduce(a=189 ,b IN []|a) } ] - ( { id : CASE WHEN TRUE THEN 190 END } ) CREATE (c0{id:-1}) DELETE (c0) SET n3 . k = ( n2 . k7 ) SET (NULL).FALSE=1 RETURN n3 AS a2 ;
MATCH (a) RETURN a;
MATCH (a) RETURN a;
MATCH (b)-[a]->(c) RETURN a;
MATCH (b)-[a]->(c) RETURN a;
WITH NULL AS a0 CREATE (n0{id:191})<-[r0 :T2{id:192}]-( :L4{id:193}) MERGE (n1{id:194}) RETURN n1 AS a1 SKIP 0;
WITH NULL AS a0 DELETE (NULL) CREATE ( n0 { id : 191 } ) < - [ r0 : T2 { id : 192 } ] - ( : L4 { id : 193 } ) CREATE (c0{id:-1}) DELETE (c0) MERGE ( n1 { id : CASE WHEN FALSE THEN NULL ELSE 194 END } ) WITH * OPTIONAL MATCH ()-[:TYPE]-() RETURN DISTINCT n1 AS a1 SKIP 0 ;
MATCH (a) RETURN a;
MATCH (a) RETURN a;
MATCH (b)-[a]->(c) RETURN a;
MATCH (b)-[a]->(c) RETURN a;
CALL{WITH * CREATE p0=({id:195})<-[r0 :T3{id:196}]-({k0:NULL, id:197}), (n0 :L1{id:198})-[r1 :T4{k65:true, id:199}]->(n1{k14:NULL, k0:reduce(a=NULL,b IN [NULL, 'cZw']|b), id:200})-[ :T1{id:201}]->(n2 :L0{id:202}) MERGE (n3{k2:1183803695, id:203})-[r2 :T4{id:204}]-(n4{k15:-1114415530, k2:750378189, id:205})-[r3 :T1{id:206}]->({k0:'PR', id:207}) RETURN n4 AS a0, (r3.k49) AS a1} CREATE (n5{k17:false, k4:'zPEM', id:208})-[r4 :T3{id:209}]->({id:210})<-[ :T0{id:211}]-({k30:NULL, id:212}), ({k18:NULL, id:213}) SET a0.k=NULL RETURN 1 AS a2;
CALL { WITH * SET (NULL).FALSE=1 CREATE p0 = ( { id : 195 } ) < - [ r0 : T3 { id : 196 } ] - ( { k0 : NULL , id : 197 } ) CREATE ( n0 : L1 { id : 198 } ) - [ r1 : T4 { k65 : true , id : 199 } ] - > ( n1 { k14 : NULL , k0 : reduce ( a = NULL , b IN [ NULL , 'cZw' ] | b ) , id : 200 } ) - [ : T1 { id : 201 } ] - > ( n2 : L0 { id : 202 } ) MERGE ( n3 { k2 : 1183803695 , id : 203 } ) - [ r2 : T4 { id : 204 } ] - ( n4 { k15 : -1114415530 , k2 : 750378189 , id : 205 } ) - [ r3 : T1 { id : reduce(a=206 ,b IN []|a) } ] - > ( { k0 : (''+'PR' ), id : 207 } ) RETURN n4 AS a0 , ( reduce(a=r3 . k49 ,b IN []|a) ) AS a1 } DELETE NULL CREATE ( n5 { k17 : CASE WHEN FALSE THEN NULL ELSE false END , k4 : CASE WHEN FALSE THEN NULL ELSE 'zPEM' END , id : 208 } ) - [ r4 : T3 { id : 209 } ] - > ( { id : 210 } ) < - [ : T0 { id : CASE WHEN FALSE THEN NULL ELSE 211 END } ] - ( { k30 : NULL , id : 212 } ) CREATE ( { k18 : CASE WHEN FALSE THEN NULL ELSE NULL END , id : 213 } ) WITH * OPTIONAL MATCH ()-[:TYPE]-() SET a0 . k = CASE WHEN FALSE THEN NULL ELSE NULL END RETURN 1 AS a2 ;
MATCH (a) RETURN a;
MATCH (a) RETURN a;
MATCH (b)-[a]->(c) RETURN a;
MATCH (b)-[a]->(c) RETURN a;
CREATE ({id:214}), ( :L2{id:215})-[r2 :T3{k59:NULL, id:216}]->({id:217}) MERGE (n5{k4:'M', id:218})-[r3 :T1{id:219}]-( :L2{k0:'8', id:220}) DETACH DELETE n5,NULL  RETURN [('I'+'cp')] AS a0 LIMIT 1 UNION ALL MATCH (n0)-[]->() CREATE (n1{id:221})<-[r0 :T2{id:222}]-(n2{id:223}), (n3{id:224})<-[ :T2{k50:NULL, id:225}]-( :L4{k29:substring(NULL, abs(NULL), abs(((NULL*NULL)-741310917))), id:226})-[r1 :T0{id:227}]->(n4{id:228}) SET n0.k=true RETURN n0 AS a0;
CREATE ( { id : 214 } ) CREATE ( : L2 { id : 215 } ) - [ r2 : T3 { k59 : NULL , id : 216 } ] - > ( { id : 217 } ) WITH * UNWIND [NULL] as l0 MERGE ( n5 { k4 : 'M' , id : reduce(a=218 ,b IN []|a) } ) - [ r3 : T1 { id : 219 } ] - ( : L2 { k0 : '8' , id : 220 } ) DETACH DELETE n5 , NULL WITH * UNWIND [NULL] as l1 RETURN CASE WHEN TRUE THEN ([]+[ CASE WHEN FALSE THEN NULL ELSE ( 'I' + 'cp' ) END ] )END AS a0 ORDER BY NULL LIMIT 1 UNION ALL MATCH ( n0 ) - [ ] - > ( ) CREATE ( n1 { id : 221 } ) < - [ r0 : T2 { id : CASE WHEN FALSE THEN NULL ELSE 222 END } ] - ( n2 { id : reduce(a=223 ,b IN []|a) } ) CREATE ( n3 { id : 224 } ) < - [ : T2 { k50 : NULL , id : 225 } ] - ( : L4 { k29 : CASE WHEN TRUE THEN substring ( NULL , abs ( NULL ) , abs ( ( ( NULL * NULL ) -741310917 ) ) ) END , id : reduce(a=226 ,b IN []|a) } ) - [ r1 : T0 { id : CASE WHEN TRUE THEN 227 END } ] - > ( n4 { id : 228 } ) SET n0 . k = true WITH * OPTIONAL MATCH ()-[:TYPE]-() RETURN n0 AS a0 ;
MATCH (a) RETURN a;
MATCH (a) RETURN a;
MATCH (b)-[a]->(c) RETURN a;
MATCH (b)-[a]->(c) RETURN a;
FOREACH(a0 IN NULL|CREATE (n0 :L0{id:229})-[ :T1{k45:false, id:230}]->( :L2{id:231})<-[ :T4{id:232}]-(n1{id:233}), (n2{id:234})-[ :T0{k43:'g', id:235}]->({id:236})<-[ :T3{k58:CASE WHEN NULL THEN reduce(a=NULL,b IN [538666678, round(-1455204078)]|a) END, id:237}]-(n3{k15:-1882696869, k1:NULL, id:238}) CREATE (n4{id:239}), (n5 :L0{id:240})<-[ :T3{id:241}]-( :L0{id:242}) CREATE ({id:243})-[ :T3{id:244}]->(n6{id:245})) CREATE (n7{k3:'i', id:246}), (n8 :L2{id:247})-[r0 :T3{k56:NULL, id:248}]->({id:249}) CREATE ({id:250})<-[r1 :T0{id:251}]-(n9{k32:reduce(a='LR55Ag9aq',b IN [CASE WHEN NULL THEN NULL END]|b), id:252}), (n10{id:253}) RETURN NULL AS a1;
FOREACH ( a0 IN NULL | CREATE ( n0 : L0 { id : 229 } ) - [ : T1 { k45 : false , id : CASE WHEN TRUE THEN 230 END } ] - > ( : L2 { id : 231 } ) < - [ : T4 { id : CASE WHEN FALSE THEN NULL ELSE 232 END } ] - ( n1 { id : 233 } ) CREATE (n2{ id : 234 } )CREATE (n2)- [ : T0 { k43 : 'g' , id : reduce(a=235 ,b IN []|a) } ] - > ( { id : CASE WHEN FALSE THEN NULL ELSE 236 END } ) < - [ : T3 { k58 : CASE WHEN NULL THEN reduce ( a = NULL , b IN [ 538666678 , round ( -1455204078 ) ] | a ) END , id : 237 } ] - ( n3 { k15 : -1882696869 , k1 : NULL , id : 238 } ) CREATE ( n4 { id : 239 } ) CREATE ( n5 : L0 { id : 240 } ) < - [ : T3 { id : 241 } ] - ( : L0 { id : 242 } ) SET (NULL).k=1 CREATE (n6{id:245})<-[ : T3 { id : 244 } ] -( { id : 243 } ) CREATE (c0{id:-1}) DELETE (c0) ) WITH * CREATE ( n7 { k3 : 'i' , id : 246 } ) CREATE ( n8 : L2 { id : 247 } ) - [ r0 : T3 { k56 : NULL , id : 248 } ] - > ( { id : CASE WHEN TRUE THEN 249 END } ) CREATE ( { id : reduce(a=250 ,b IN []|a) } ) < - [ r1 : T0 { id : 251 } ] - ( n9 { k32 : reduce ( a = 'LR55Ag9aq' , b IN [ reduce(a=CASE WHEN NULL THEN CASE WHEN TRUE THEN NULL END END ,b IN []|a) ] | b ) , id : CASE WHEN TRUE THEN 252 END } ) CREATE ( n10 { id : reduce(a=253 ,b IN []|a) } ) WITH * RETURN DISTINCT NULL AS a1 LIMIT 1 ;
