-- Time: 2024/07/05 16:32:53
-- Database: memgraph_database73
-- Database version: composite
-- seed value: 1720168297048
CREATE (n0 {id : 0});
CREATE (n0 :L0{k0 : true, k1 : 'w', k2 : false, k3 : -10346845, k4 : false, id : 1});
CREATE (n0 {id : 2});
CREATE (n0 :L4{k28 : 'Ok', k29 : 'bBcigZamN', id : 3, k24 : false, k26 : 'mS', k25 : -90280611});
MATCH (n0 {id : 1}), (n1 {id : 1}) MERGE(n0)-[r :T1{k40 : 'xgGV', k42 : 988096154, k44 : false, id : 4, k43 : -1152490575}]->(n1);
MATCH (n0 {id : 1}), (n1 {id : 1}) MERGE(n0)-[r :T5{k63 : true, k66 : 'nU', id : 5, k65 : 1352522704, k68 : false, k67 : true, k69 : true}]->(n1);
MATCH (n0 {id : 2}), (n1 {id : 2}) MERGE(n0)-[r :T1{k40 : 'xgGV', k42 : 2115678767, k41 : true, k44 : false, id : 6}]->(n1);
MATCH (n0 {id : 0}), (n1 {id : 3}) MERGE(n0)-[r :T5{k64 : '5nJ', k63 : true, k66 : 'Iu1Tv4tT', id : 7, k65 : 148845029, k68 : false, k67 : false}]->(n1);
CREATE (n4{id:8})<-[ :T1{k44:CASE WHEN NULL THEN NULL END, id:9}]-({k27:'q', id:10}) CREATE p0=(n5{id:11})<-[r0 :T1{id:12}]-({k27:('U'+'jxSaZOq7j'), id:13}), (n6{id:14}) MERGE p1=(n7{id:15})-[ :T5{id:16}]-(n8 :L0{id:17}) RETURN 1 AS a1 ORDER BY (n8.k3), a1 DESC LIMIT 0;
CREATE ( n4 { id : 8 } ) < - [ : T1 { k44 : reduce(a=CASE WHEN NULL THEN NULL END ,b IN []|a) , id : 9 } ] - ( { k27 : 'q' , id : reduce(a=10 ,b IN []|a) } ) WITH * OPTIONAL MATCH ()-[:TYPE]-() CREATE (n5{ id : 11 } )CREATE (n5)< - [ r0 : T1 { id : 12 } ] - ( { k27 : CASE WHEN TRUE THEN ( 'U' + 'jxSaZOq7j' ) END , id : CASE WHEN FALSE THEN NULL ELSE 13 END } ) CREATE ( n6 { id : 14 } ) MERGE p1 = ( n7 { id : 15 } ) - [ : T5 { id : 16 } ] - ( n8 : L0 { id : 17 } ) RETURN 1 AS a1 ORDER BY (n8.k3), a1 DESC LIMIT 0 ;
MATCH (a) RETURN a;
MATCH (a) RETURN a;
MATCH (b)-[a]->(c) RETURN a;
MATCH (b)-[a]->(c) RETURN a;
WITH * WHERE NULL OPTIONAL MATCH (n1{k26:NULL})-[r1]-(n2), (n0)-[r0]-() SET n1.k=(NULL <> -923863245) RETURN DISTINCT n2 AS a2, 1 AS a3;
WITH * WHERE NULL REMOVE (NULL).k WITH * OPTIONAL MATCH ( n1 { k26 : NULL } ) - [ r1 ] - ( n2 ) ,( n0 ) - [ r0 ] - ( ) SET n1 . k = ( NULL <> -923863245 ) RETURN DISTINCT n2 AS a2 , 1 AS a3 LIMIT 1 ;
MATCH (a) RETURN a;
MATCH (a) RETURN a;
MATCH (b)-[a]->(c) RETURN a;
MATCH (b)-[a]->(c) RETURN a;
UNWIND ['10b'] AS a0 MATCH ()-[r0 :T5{k63:exists(()-[ :T5]->())}]->(n0), p0=()-[]-() CREATE p1=({id:19})-[ :T5{k69:false, id:20}]->(n1 :L4{k28:(r0.k66), id:21}), (n2{id:22}) RETURN DISTINCT false AS a1, 'wQ' AS a2 ORDER BY a2 UNION ALL OPTIONAL MATCH ()-[]-(), ()-[]-(n0) WHERE true CREATE (n1{id:23})-[ :T5{id:24}]->({k28:'Lg', id:25}), ({id:26})-[r0 :T5{id:27}]->(n2 :L4{k26:type(relationships(NULL)[abs(reduce(a=-1446438003,b IN [-1661846451, 1364259545]|a))]), id:28}) MERGE p0=({id:29}) RETURN 1 AS a1, NULL AS a2 LIMIT 0;
UNWIND [ (''+'10b' )] AS a0 OPTIONAL MATCH ()-[:TYPE]-() MATCH ( ) - [ r0 : T5 { k63 : exists ( ( ) - [ : T5 ] - > ( ) ) } ] - > ( n0 ) ,p0 = ( ) - [ ] - ( ) WITH * CREATE p1 = ( { id : 19 } ) - [ : T5 { k69 : false , id : 20 } ] - > ( n1 : L4 { k28 : reduce(a=( r0 . k66 ) ,b IN []|a) , id : 21 } ) CREATE ( n2 { id : 22 } ) RETURN DISTINCT false AS a1 , 'wQ' AS a2 ORDER BY a2 SKIP 1 UNION ALL OPTIONAL MATCH (nn0),()<-[m1]-(),(nn2),()-[]-(n0) WHERE exists((nn0)-[m1]-(nn2)) AND (true )OPTIONAL MATCH ()-[:TYPE]-() CREATE ( n1 { id : 23 } ) - [ : T5 { id : 24 } ] - > ( { k28 : CASE WHEN TRUE THEN 'Lg' END , id : 25 } ) CREATE ( { id : 26 } ) - [ r0 : T5 { id : 27 } ] - > ( n2 : L4 { k26 : type ( relationships ( NULL ) [ abs ( reduce ( a = -1446438003 , b IN [ -1661846451 , 1364259545 ] | a ) ) ] ) , id : 28 } ) WITH * MERGE p0 = ( { id : 29 } ) WITH * OPTIONAL MATCH ()-[:TYPE]-() RETURN 1 AS a1 , NULL AS a2 SKIP 1 LIMIT 0 ;
MATCH (a) RETURN a;
MATCH (a) RETURN a;
MATCH (b)-[a]->(c) RETURN a;
MATCH (b)-[a]->(c) RETURN a;
CALL{WITH * CREATE (n0{id:30})<-[r0 :T1{id:31}]-( :L4{id:32}), (n1{id:33}) CREATE ({id:34})<-[ :T1{id:35}]-(n2{k24:NULL, id:36}) RETURN 1 AS a0} MATCH ()-[r1 :T1{k44:false}]-(n3) WHERE false CREATE (n4{id:37}), (n5{id:38})<-[r2 :T1{id:39}]-({id:40}) RETURN DISTINCT 1 AS a1;
CALL { WITH * WITH * CREATE ( n0 { id : 30 } ) < - [ r0 : T1 { id : 31 } ] - ( : L4 { id : 32 } ) CREATE ( n1 { id : reduce(a=33 ,b IN []|a) } ) WITH * OPTIONAL MATCH ()-[:TYPE]-() CREATE (n2{k24:NULL, id:36})-[ : T1 { id : CASE WHEN TRUE THEN 35 END } ] ->( { id : 34 } ) WITH * UNWIND [NULL] as l0 RETURN 1 AS a0 SKIP 1 } UNWIND [NULL] as l1 MATCH ( ) - [ r1 : T1 { k44 : false } ] - ( n3 ) WHERE CASE WHEN TRUE THEN false END CREATE ( n4 { id : 37 } ) CREATE ( n5 { id : 38 } ) < - [ r2 : T1 { id : 39 } ] - ( { id : CASE WHEN FALSE THEN NULL ELSE 40 END } ) WITH * UNWIND [1] as l2 RETURN DISTINCT 1 AS a1 SKIP 1 LIMIT 1 ;
MATCH (a) RETURN a;
MATCH (a) RETURN a;
MATCH (b)-[a]->(c) RETURN a;
MATCH (b)-[a]->(c) RETURN a;
MERGE (n0{k1:'l', id:41})-[r0 :T1{k44:false, id:42}]-(n1{id:43})-[r1 :T5{id:44}]->(n2{id:45}) MERGE ( :L0{k0:false, id:46})-[r2 :T5{k67:false, id:47}]->(n3 :L0{id:48}) DETACH DELETE n0,n1  RETURN n2 AS a0;
MERGE ( n0 { k1 : 'l' , id : 41 } ) - [ r0 : T1 { k44 : false , id : CASE WHEN FALSE THEN NULL ELSE 42 END } ] - ( n1 { id : 43 } ) - [ r1 : T5 { id : reduce(a=44 ,b IN []|a) } ] - > ( n2 { id : CASE WHEN FALSE THEN NULL ELSE 45 END } ) WITH * MERGE ( : L0 { k0 : false , id : 46 } ) - [ r2 : T5 { k67 : reduce(a=false ,b IN []|a) , id : 47 } ] - > ( n3 : L0 { id : 48 } ) DETACH DELETE NULL DETACH DELETE n0 , n1 RETURN n2 AS a0 ;
MATCH (a) RETURN a;
MATCH (a) RETURN a;
MATCH (b)-[a]->(c) RETURN a;
MATCH (b)-[a]->(c) RETURN a;
UNWIND [[CASE WHEN false THEN [] END, [NULL]], NULL] AS a0 CREATE p0=(n0{id:49})<-[ :T5{k68:true, id:50}]-({id:51}) CREATE (n1{id:52})<-[ :T1{id:53}]-(n2{id:54}) RETURN 1 AS a1;
UNWIND [ [ CASE WHEN false THEN [ ] END , [ NULL ] ] , NULL ] AS a0 UNWIND [1] as l0 CREATE (n0{ id : 49 } )CREATE (n0)< - [ : T5 { k68 : true , id : 50 } ] - ( { id : CASE WHEN FALSE THEN NULL ELSE 51 END } ) CREATE (c0{id:-1}) DELETE (c0) CREATE (n1{ id : CASE WHEN TRUE THEN 52 END } )CREATE (n1)< - [ : T1 { id : 53 } ] - ( n2 { id : 54 } ) SET (NULL).k=1 RETURN DISTINCT 1 AS a1 ;
MATCH (a) RETURN a;
MATCH (a) RETURN a;
MATCH (b)-[a]->(c) RETURN a;
MATCH (b)-[a]->(c) RETURN a;
UNWIND [(n0 :L4)<-[r0]-(n1) WHERE (n0.k24)|n0] AS a0 CREATE (n2 :L4{k25:523140779, id:55}), ({id:56})<-[ :T1{id:57}]-({id:58}) CREATE (n3{id:59}) RETURN (((('jC7'+NULL)+'n')+substring(('z'+'q'), abs(NULL), abs(CASE WHEN false THEN -1938993640 END))) <= 'u') AS a1;
UNWIND CASE WHEN TRUE THEN [ ( n0 : L4 ) < - [ r0 ] - ( n1 ) WHERE ( n0 . k24 ) | n0 ] END AS a0 CREATE ( n2 : L4 { k25 : 523140779 , id : 55 } ) CREATE ({id:58})-[ : T1 { id : 57 } ] ->( { id : 56 } ) DELETE NULL CREATE ( n3 { id : reduce(a=59 ,b IN []|a) } ) WITH * OPTIONAL MATCH ()-[:TYPE]-() RETURN DISTINCT ( ( ( ( 'jC7' + NULL ) + 'n' ) + substring ( ( reduce(a='z' + 'q' ,b IN []|a) ) , abs ( reduce(a=NULL ,b IN []|a) ) , abs ( CASE WHEN false THEN -1938993640 END ) ) ) <= 'u' ) AS a1 ;
MATCH (a) RETURN a;
MATCH (a) RETURN a;
MATCH (b)-[a]->(c) RETURN a;
MATCH (b)-[a]->(c) RETURN a;
OPTIONAL MATCH ()<-[r0]-(n0), p0=(n1)<-[r0]-(n2) CREATE p1=(n3{k27:('uYZyB'+'IUbttLb'), id:60})<-[r1 :T5{id:61}]-(n4{id:62}) SET n1.k=NULL RETURN n0 AS a0 UNION UNWIND [NULL, ((903772302+-1885060228)*279709878)] AS a1 CREATE ({id:63}), (n0{id:64}) MERGE p0=(n1{id:65})-[ :T5{k67:true, id:66}]-( :L4{id:67}) RETURN DISTINCT p0 AS a0;
OPTIONAL MATCH ( ) < - [ r0 ] - ( n0 ) ,p0 = ( n1 ) < - [ r0 ] - ( n2 ) CREATE p1 = ( n3 { k27 : ( reduce(a='uYZyB' + 'IUbttLb' ,b IN []|a) ) , id : 60 } ) < - [ r1 : T5 { id : 61 } ] - ( n4 { id : 62 } ) SET n1 . k = NULL WITH * OPTIONAL MATCH ()-[:TYPE]-() RETURN DISTINCT n0 AS a0 UNION UNWIND ([ NULL , ( ( 903772302 + -1885060228 ) * 279709878 ) ] +[]) AS a1 CREATE ( { id : 63 } ) CREATE ( n0 { id : 64 } ) MERGE p0 = ( n1 { id : 65 } ) - [ : T5 { k67 : true , id : 66 } ] - ( : L4 { id : 67 } ) WITH * RETURN DISTINCT p0 AS a0 ;
MATCH (a) RETURN a;
MATCH (a) RETURN a;
MATCH (b)-[a]->(c) RETURN a;
MATCH (b)-[a]->(c) RETURN a;
WITH * WHERE NULL MATCH (n0)-[r0 :T5{k69:false}]-(n1), (n2 :L0)-[*0..0]-(n3)-[]->(n4) MERGE (n5{id:68})<-[ :T5{id:69}]-({id:70}) RETURN DISTINCT 1 AS a0, CASE WHEN false THEN reduce(a=r0,b IN [r0]|a) END AS a1;
WITH * WHERE NULL MATCH ( n0 ) - [ r0 : T5 { k69 : false } ] - ( n1 ) ,( n2 : L0 ) - [ * 0 .. 0 ] - ( n3 ) - [ ] - > ( n4 ) MERGE ( n5 { id : 68 } ) < - [ : T5 { id : 69 } ] - ( { id : 70 } ) RETURN DISTINCT 1 AS a0 , CASE WHEN reduce(a=false ,b IN []|a) THEN reduce ( a = r0 , b IN [ reduce(a=r0 ,b IN []|a) ] | a ) END AS a1 ;
MATCH (a) RETURN a;
MATCH (a) RETURN a;
MATCH (b)-[a]->(c) RETURN a;
MATCH (b)-[a]->(c) RETURN a;
CREATE ( :L4{id:71})<-[ :T1{id:72}]-({id:73}), (n0{id:74}) CREATE (n1{id:75})<-[ :T1{k40:type(NULL), id:76}]-({id:77}), (n2{id:78})<-[r0 :T5{id:79}]-(n3{id:80}) CREATE ({id:81})<-[r1 :T5{id:82}]-(n4{id:83}), ({id:84}) RETURN 1 AS a0, 1 AS a1;
CREATE ( : L4 { id : 71 } ) < - [ : T1 { id : 72 } ] - ( { id : 73 } ) CREATE ( n0 { id : 74 } ) WITH * CREATE ( n1 { id : 75 } ) < - [ : T1 { k40 : type ( NULL ) , id : 76 } ] - ( { id : 77 } ) CREATE ( n2 { id : 78 } ) < - [ r0 : T5 { id : 79 } ] - ( n3 { id : 80 } ) REMOVE (NULL).k CREATE (m0{ id : CASE WHEN TRUE THEN 81 END } )CREATE (m0)< - [ r1 : T5 { id : 82 } ] - ( n4 { id : 83 } ) CREATE ( { id : CASE WHEN FALSE THEN NULL ELSE 84 END } ) RETURN 1 AS a0 , CASE WHEN FALSE THEN NULL ELSE 1 END AS a1 ;
MATCH (a) RETURN a;
MATCH (a) RETURN a;
MATCH (b)-[a]->(c) RETURN a;
MATCH (b)-[a]->(c) RETURN a;
OPTIONAL MATCH (n0)-[r0]-( :L0), (n0)-[r0]-(n1) MERGE (n2{id:85})-[r1 :T5{id:86}]-(n3{id:87}) CREATE (n4{id:88})-[ :T1{id:89}]->(n5 :L0{k2:false, id:90}) RETURN *;
OPTIONAL MATCH ( n0 ) - [ r0 ] - ( : L0 ) ,( n0 ) - [ r0 ] - ( n1 ) WITH * MERGE ( n2 { id : CASE WHEN FALSE THEN NULL ELSE 85 END } ) - [ r1 : T5 { id : 86 } ] - ( n3 { id : reduce(a=87 ,b IN []|a) } ) REMOVE (NULL).FALSE CREATE ( n4 { id : 88 } ) - [ : T1 { id : 89 } ] - > ( n5 : L0 { k2 : false , id : 90 } ) WITH * UNWIND [1] as l0 RETURN * SKIP 1 LIMIT 1 ;
MATCH (a) RETURN a;
MATCH (a) RETURN a;
MATCH (b)-[a]->(c) RETURN a;
MATCH (b)-[a]->(c) RETURN a;
MERGE (n0{id:91}) MERGE ({id:92}) CREATE (n1{id:93})<-[r0 :T5{k68:NULL, id:94}]-(n2{id:95}) RETURN 1 AS a0;
MERGE ( n0 { id : 91 } ) WITH * UNWIND [NULL] as l0 MERGE ( { id : reduce(a=92 ,b IN []|a) } ) WITH * CREATE ( n1 { id : 93 } ) < - [ r0 : T5 { k68 : reduce(a=NULL ,b IN []|a) , id : 94 } ] - ( n2 { id : 95 } ) WITH * UNWIND [NULL] as l1 RETURN 1 AS a0 ;
MATCH (a) RETURN a;
MATCH (a) RETURN a;
MATCH (b)-[a]->(c) RETURN a;
MATCH (b)-[a]->(c) RETURN a;
MERGE (n6 :L4{k25:32128679, id:96})<-[ :T1{k44:true, id:97}]-(n7{id:98}) MERGE ( :L4{id:99})-[ :T1{k41:true, id:100}]-(n8{id:101}) SET n8.k=(1892621989/((n6.k25)/(847341535*-1082407661))) RETURN 1 AS a2, n8 AS a3;
MERGE ( n6 : L4 { k25 : CASE WHEN TRUE THEN 32128679 END , id : 96 } ) < - [ : T1 { k44 : true , id : 97 } ] - ( n7 { id : 98 } ) WITH * MERGE ( : L4 { id : CASE WHEN FALSE THEN NULL ELSE 99 END } ) - [ : T1 { k41 : reduce(a=true ,b IN []|a) , id : 100 } ] - ( n8 { id : 101 } ) WITH * OPTIONAL MATCH ()-[:TYPE]-() SET n8 . k = ( 1892621989 / ( ( n6 . k25 ) / ( CASE WHEN TRUE THEN 847341535 * -1082407661 END ) ) ) CREATE (c0{id:-1}) DELETE (c0) RETURN DISTINCT 1 AS a2 , reduce(a=n8 ,b IN []|a) AS a3 ;
MATCH (a) RETURN a;
MATCH (a) RETURN a;
MATCH (b)-[a]->(c) RETURN a;
MATCH (b)-[a]->(c) RETURN a;
FOREACH(a0 IN NULL|MERGE (n0 :L4{id:102})-[r0 :T5{id:103}]-(n1{id:104}) MERGE (n2{id:105}) MERGE (n3{id:106})<-[ :T5{id:107}]-({id:108})) CREATE ( :L4{id:109})<-[r1 :T5{id:110}]-(n4{id:111}) MERGE p0=({id:112}) RETURN 1 AS a1 UNION ALL MERGE ( :L0{id:113}) MERGE (n0{id:114})-[r0 :T5{id:115}]->(n1 :L0{id:116}) DETACH DELETE n0  RETURN 1 AS a1;
FOREACH ( a0 IN reduce(a=NULL ,b IN []|a) | MERGE ( n0 : L4 { id : CASE WHEN FALSE THEN NULL ELSE 102 END } ) - [ r0 : T5 { id : 103 } ] - ( n1 { id : 104 } ) CREATE (c0{id:-1}) DELETE (c0) MERGE ( n2 { id : 105 } ) REMOVE (NULL).k MERGE ( n3 { id : CASE WHEN FALSE THEN NULL ELSE 106 END } ) < - [ : T5 { id : 107 } ] - ( { id : CASE WHEN FALSE THEN NULL ELSE 108 END } ) ) SET (NULL).k=1 CREATE ( : L4 { id : 109 } ) < - [ r1 : T5 { id : 110 } ] - ( n4 { id : 111 } ) REMOVE (NULL).FALSE MERGE p0 = ( { id : 112 } ) WITH * OPTIONAL MATCH ()-[:TYPE]-() RETURN reduce(a=1 ,b IN []|a) AS a1 SKIP 1 UNION ALL MERGE ( : L0 { id : 113 } ) WITH * MERGE ( n0 { id : 114 } ) - [ r0 : T5 { id : 115 } ] - > ( n1 : L0 { id : 116 } ) WITH * DETACH DELETE n0 WITH * UNWIND [1] as l0 RETURN reduce(a=1 ,b IN []|a) AS a1 ;
