-- Time: 2024/07/05 16:31:46
-- Database: memgraph_database6
-- Database version: composite
-- seed value: 1720168296981
CREATE (n0 :L1:L6{k42 : true, k41 : '94', k11 : true, k44 : true, id : 0, k10 : -1462453617, k43 : false, k7 : 202411402, k13 : -1787818836, k8 : false, k12 : 1891139837, k45 : false});
CREATE (n0 :L2{k17 : -1478477608, k16 : 926391810, k18 : true, id : 1, k15 : false, k14 : -1697476012});
CREATE (n0 :L5{k38 : 939851407, k33 : 'Ghv3', id : 2, k35 : 378263814, k34 : 'wu0', k37 : 'CIu1Ao', k36 : false});
CREATE (n0 :L1{k11 : true, id : 3, k10 : -364123450, k7 : -1509338119, k13 : -1787818836, k8 : true, k12 : 79053095, k9 : 'b'});
MATCH (n0 {id : 3}), (n1 {id : 3}) MERGE(n0)-[r :T5{k80 : false, k77 : true, id : 4, k79 : 1283631653, k78 : 'u'}]->(n1);
MATCH (n0 {id : 2}), (n1 {id : 0}) MERGE(n0)-[r :T0{k49 : 'iqc', k51 : 'hK', k50 : 'UFN', k52 : 1141217140, id : 5, k46 : 'XeaHJGjV', k48 : 'G', k47 : true}]->(n1);
MATCH (n0 {id : 1}), (n1 {id : 1}) MERGE(n0)-[r :T0{k49 : '3', k51 : 'Fh', k50 : 'dl', k52 : -987634662, id : 6, k46 : 'B', k48 : 'jpmx6XO', k47 : true}]->(n1);
MATCH (n0 {id : 1}), (n1 {id : 2}) MERGE(n0)-[r :T1{k53 : true, k55 : true, id : 7, k54 : '4U', k57 : -1883952933, k56 : '5hQ', k58 : 122727774}]->(n1);
MATCH (n0 {id : 1}), (n1 {id : 1}) MERGE(n0)-[r :T3{k70 : true, k66 : -2100024769, id : 8, k65 : false, k68 : 'e', k67 : false, k69 : 'H'}]->(n1);
MATCH (n0 {id : 1}), (n1 {id : 0}) MERGE(n0)-[r :T4{k71 : -485200402, k73 : 'pPP5CJA', k75 : 913663048, k74 : 'A', id : 9}]->(n1);
MATCH (n0 :L6)-[r0 :T0{k47:('6' > 'zxE')}]-(n1), ({k36:reduce(a=(n0.k44),b IN [CASE WHEN (n0.k43) THEN ('tm' CONTAINS 'h2') END, false]|b)})-[ :T0{k48:'cfskJ'}]->(n2)<-[]-(n3{k17:943235721}) WHERE (n0.k45) OPTIONAL MATCH p0=( :L6)-[r0]-(n4) MERGE (n5{id:10})-[r1 :T1{k54:'Xu', id:11}]-(n6 :L2{id:12}) RETURN (r0.k47) AS a0, n0 AS a1 ORDER BY a0 DESC LIMIT 0;
MATCH ( n0 : L6 ) - [ r0 : T0 { k47 : ( '6' > 'zxE' ) } ] - ( n1 ) ,( { k36 : reduce ( a = CASE WHEN TRUE THEN ( n0 . k44 ) END , b IN reduce(a=[ CASE WHEN ( n0 . k43 ) THEN ( 'tm' CONTAINS 'h2' ) END , reduce(a=false ,b IN []|a) ] ,b IN []|a) | b ) } ) - [ : T0 { k48 : 'cfskJ' } ] - > ( n2 ) < - [ ] - ( n3 { k17 : 943235721 } ) WHERE ( n0 . k45 ) OPTIONAL MATCH p0 = ( : L6 ) - [ r0 ] - ( n4 ) MERGE ( n5 { id : 10 } ) - [ r1 : T1 { k54 : CASE WHEN FALSE THEN NULL ELSE 'Xu' END , id : 11 } ] - ( n6 : L2 { id : reduce(a=12 ,b IN []|a) } ) WITH * UNWIND [NULL] as l0 RETURN ( CASE WHEN TRUE THEN r0 . k47 END ) AS a0 , reduce(a=n0 ,b IN []|a) AS a1 ORDER BY a0 DESC LIMIT 0 ;
MATCH (a) RETURN a;
MATCH (a) RETURN a;
MATCH (b)-[a]->(c) RETURN a;
MATCH (b)-[a]->(c) RETURN a;
MATCH (n0{k18:NULL})-[r1]-(n1 :L1)-[]-(n2) SET n1.k=(-926370058+-1494843362) SET n1.k=NULL RETURN 1 AS a1 SKIP 1;
MATCH ( n0 { k18 : NULL } ) - [ r1 ] - ( n1 : L1 ) - [ ] - ( n2 ) WITH * SET n1 . k = ( -926370058 + -1494843362 ) WITH * UNWIND [NULL] as l0 SET n1 . k = NULL WITH * RETURN 1 AS a1 SKIP 1 ;
MATCH (a) RETURN a;
MATCH (a) RETURN a;
MATCH (b)-[a]->(c) RETURN a;
MATCH (b)-[a]->(c) RETURN a;
CREATE ({k18:(reduce(a=reverse('B'),b IN [NULL]|a) STARTS WITH 'P'), id:13}), p0=(n0{id:14}) CREATE p1=( :L1 :L6{id:15}), ( :L6{k10:-2058924040, k42:NULL, id:16})<-[ :T0{id:17}]-(n1{id:18}) MERGE (n2 :L2{id:19})-[r0 :T3{k65:false, id:20}]->(n3{k16:1340589462, id:21})-[r1 :T4{id:22}]-(n4{id:23}) RETURN n4 AS a0, n3 AS a1;
CREATE ( { k18 : ( reduce(a=reduce ( a = reverse ( 'B' ) , b IN [ NULL ] | a ) STARTS WITH 'P' ,b IN []|a) ) , id : 13 } ) CREATE p0 = ( n0 { id : 14 } ) WITH * UNWIND [NULL] as l0 CREATE p1 = ( : L1 : L6 { id : 15 } ) CREATE ( : L6 { k10 : reduce(a=-2058924040 ,b IN []|a) , k42 : NULL , id : 16 } ) < - [ : T0 { id : 17 } ] - ( n1 { id : 18 } ) REMOVE (NULL).TRUE MERGE ( n2 : L2 { id : CASE WHEN TRUE THEN 19 END } ) - [ r0 : T3 { k65 : false , id : CASE WHEN TRUE THEN 20 END } ] - > ( n3 { k16 : 1340589462 , id : 21 } ) - [ r1 : T4 { id : CASE WHEN FALSE THEN NULL ELSE 22 END } ] - ( n4 { id : 23 } ) WITH * OPTIONAL MATCH ()-[:TYPE]-() RETURN DISTINCT n4 AS a0 , n3 AS a1 ;
MATCH (a) RETURN a;
MATCH (a) RETURN a;
MATCH (b)-[a]->(c) RETURN a;
MATCH (b)-[a]->(c) RETURN a;
CALL{WITH * FOREACH(a0 IN keys(endNode(CASE WHEN false THEN NULL END))|CREATE ({id:24})-[r0 :T3{k66:NULL, id:25}]->({id:26})-[r1 :T0{k50:NULL, id:27}]->( :L2{k14:(((NULL*NULL)--1086690759)-round(128538716)), id:28}) CREATE p0=( :L2{id:29})-[ :T3{id:30}]->(n0 :L2{k18:NULL, id:31}), (n1{k16:NULL, id:32})-[ :T4{k73:'NbNNupF', id:33}]->(n2 :L6{k7:(-496560501*179101825), id:34})<-[r2 :T0{k49:reverse('QT'), id:35}]-({k36:true, id:36}) MERGE ( :L5{k33:'Pu', id:37})-[r3 :T1{id:38}]-(n3 :L2{id:39})) MERGE ({k37:'Is', id:40})<-[r4 :T1{id:41}]-({k15:false, id:42}) RETURN *, 1 AS a1} MERGE ({id:43})-[r5 :T0{k51:'w', id:44}]-({k17:-1866894815, id:45}) DETACH DELETE r5  RETURN 1 AS a2;
CALL { WITH * FOREACH ( a0 IN keys ( endNode ( CASE WHEN false THEN NULL END ) ) | CREATE ( { id : 24 } ) - [ r0 : T3 { k66 : CASE WHEN FALSE THEN NULL ELSE NULL END , id : 25 } ] - > ( { id : 26 } ) - [ r1 : T0 { k50 : NULL , id : 27 } ] - > ( : L2 { k14 : ( ( ( NULL * NULL ) - -1086690759 ) - round ( 128538716 ) ) , id : reduce(a=28 ,b IN []|a) } ) CREATE p0 = ( : L2 { id : 29 } ) - [ : T3 { id : 30 } ] - > ( n0 : L2 { k18 : NULL , id : 31 } ) CREATE (n1{ k16 : NULL , id : 32 } )CREATE (n1)- [ : T4 { k73 : CASE WHEN TRUE THEN 'NbNNupF' END , id : 33 } ] - > ( n2 : L6 { k7 : ( -496560501 * 179101825 ) , id : 34 } ) < - [ r2 : T0 { k49 : reduce(a=reverse ( 'QT' ) ,b IN []|a) , id : reduce(a=35 ,b IN []|a) } ] - ( { k36 : true , id : 36 } ) MERGE ( : L5 { k33 : 'Pu' , id : 37 } ) - [ r3 : T1 { id : 38 } ] - ( n3 : L2 { id : 39 } ) DETACH DELETE (NULL) ) MERGE ( { k37 : reduce(a='Is' ,b IN []|a) , id : 40 } ) < - [ r4 : T1 { id : 41 } ] - ( { k15 : CASE WHEN TRUE THEN false END , id : 42 } ) CREATE (c0{id:-1}) DELETE (c0) RETURN DISTINCT * , 1 AS a1 } MERGE pp0=( { id : 43 } ) - [ r5 : T0 { k51 : 'w' , id : 44 } ] - ( { k17 : -1866894815 , id : CASE WHEN FALSE THEN NULL ELSE 45 END } ) DELETE NULL DETACH DELETE r5 RETURN 1 AS a2 LIMIT 1 ;
MATCH (a) RETURN a;
MATCH (a) RETURN a;
MATCH (b)-[a]->(c) RETURN a;
MATCH (b)-[a]->(c) RETURN a;
OPTIONAL MATCH ({k18:false})-[r0]-()-[]-(n0) DETACH DELETE n0  CREATE (n1 :L2{id:46}), ({id:47})-[r1 :T3{id:48}]->(n2{id:49}) RETURN DISTINCT 1 AS a0, 1 AS a1;
OPTIONAL MATCH ()-[*0..0]-( { k18 : CASE WHEN TRUE THEN false END } ) - [ r0 ] - ( ) - [ ] - ( n0 ) DETACH DELETE n0 SET (NULL).NULL=1 CREATE ( n1 : L2 { id : 46 } ) CREATE ( { id : CASE WHEN FALSE THEN NULL ELSE 47 END } ) - [ r1 : T3 { id : CASE WHEN TRUE THEN 48 END } ] - > ( n2 { id : 49 } ) SET (NULL).TRUE=1 RETURN DISTINCT 1 AS a0 , reduce(a=1 ,b IN []|a) AS a1 ORDER BY TRUE ;
MATCH (a) RETURN a;
MATCH (a) RETURN a;
MATCH (b)-[a]->(c) RETURN a;
MATCH (b)-[a]->(c) RETURN a;
MERGE ( :L1{id:50})-[r0 :T4{id:51}]-( :L2{id:52})-[r1 :T3{k68:'w', id:53}]-(n0{k17:2145656418, id:54}) SET n0.k=(r1.k66) DETACH DELETE n0,r0  RETURN 1 AS a0, 1 AS a1;
MERGE ( : L1 { id : CASE WHEN TRUE THEN 50 END } ) - [ r0 : T4 { id : 51 } ] - ( : L2 { id : 52 } ) - [ r1 : T3 { k68 : 'w' , id : CASE WHEN FALSE THEN NULL ELSE 53 END } ] - ( n0 { k17 : 2145656418 , id : 54 } ) WITH * SET n0 . k = ( r1 . k66 ) WITH * DETACH DELETE n0 , r0 SET (NULL).TRUE=1 RETURN 1 AS a0 , CASE WHEN FALSE THEN NULL ELSE 1 END AS a1 ;
MATCH (a) RETURN a;
MATCH (a) RETURN a;
MATCH (b)-[a]->(c) RETURN a;
MATCH (b)-[a]->(c) RETURN a;
FOREACH(a0 IN [(n0)-[ :T4{k71:1908657125}]-(n1)|NULL]|MERGE (n4{k8:false, id:55})<-[ :T4{id:56}]-({id:57}) MERGE ({id:58})<-[ :T1{id:59}]-(n5{id:60}) MERGE (n6 :L2{id:61})-[r1 :T3{k66:round(1536975929), id:62}]->({id:63})) MERGE p0=( :L5{k38:1, id:64}) CREATE (n7{id:65}), ( :L1{id:66})<-[ :T4{k74:NULL, id:67}]-(n8{id:68}) RETURN DISTINCT 1 AS a1, NULL AS a2;
FOREACH ( a0 IN [ ( n0 ) - [ : T4 { k71 : CASE WHEN FALSE THEN NULL ELSE 1908657125 END } ] - ( n1 ) | NULL ] | MERGE pp0=( n4 { k8 : false , id : 55 } ) < - [ : T4 { id : CASE WHEN TRUE THEN 56 END } ] - ( { id : 57 } ) MERGE ( { id : 58 } ) < - [ : T1 { id : reduce(a=59 ,b IN []|a) } ] - ( n5 { id : 60 } ) MERGE ( n6 : L2 { id : 61 } ) - [ r1 : T3 { k66 : round ( 1536975929 ) , id : 62 } ] - > ( { id : 63 } ) ) WITH * UNWIND [1] as l0 MERGE p0 = ( : L5 { k38 : 1 , id : 64 } ) WITH * OPTIONAL MATCH ()-[:TYPE]-() CREATE ( n7 { id : 65 } ) CREATE ( : L1 { id : CASE WHEN TRUE THEN 66 END } ) < - [ : T4 { k74 : NULL , id : 67 } ] - ( n8 { id : 68 } ) RETURN DISTINCT 1 AS a1 , NULL AS a2 ;
MATCH (a) RETURN a;
MATCH (a) RETURN a;
MATCH (b)-[a]->(c) RETURN a;
MATCH (b)-[a]->(c) RETURN a;
CREATE ({id:69}) MERGE ( :L1 :L6{id:70})-[r0 :T4{id:71}]-(n0 :L2{id:72}) MERGE p0=( :L6{k10:789965028, id:73})-[ :T4{k72:'a8KBVM', id:74}]-( :L2{k16:279285762, id:75}) RETURN r0 AS a0 SKIP 1 UNION ALL UNWIND [NULL, [relationships(NULL)[abs(1848494657)]]] AS a0 UNWIND [(n0 :L5{k37:NULL})-[r0 :T0{k52:reduce(a=NULL,b IN [565421149]|a)}]-(n1)<-[r1]-(n2)|(r0.k47)] AS a1 MERGE ({k37:'vkmCDu', id:76}) RETURN 1 AS a0 SKIP 0;
CREATE ( { id : 69 } ) DELETE (NULL) MERGE ( : L1 : L6 { id : 70 } ) - [ r0 : T4 { id : reduce(a=71 ,b IN []|a) } ] - ( n0 : L2 { id : 72 } ) MERGE p0 = ( : L6 { k10 : 789965028 , id : 73 } ) - [ : T4 { k72 : 'a8KBVM' , id : 74 } ] - ( : L2 { k16 : 279285762 , id : 75 } ) SET (NULL).TRUE=1 RETURN r0 AS a0 ORDER BY 1 SKIP 1 UNION ALL UNWIND [ NULL , [ CASE WHEN TRUE THEN relationships ( NULL ) [ abs ( 1848494657 ) ] END ] ] AS a0 CREATE (c0{id:-1}) DELETE (c0) WITH * UNWIND [ ( n0 : L5 { k37 : NULL } ) - [ r0 : T0 { k52 : reduce ( a = NULL , b IN [ reduce(a=565421149 ,b IN []|a) ] | a ) } ] - ( n1 ) < - [ r1 ] - ( n2 ) | ( r0 . k47 ) ] AS a1 MERGE ( { k37 : 'vkmCDu' , id : CASE WHEN FALSE THEN NULL ELSE 76 END } ) RETURN reduce(a=1 ,b IN []|a) AS a0 SKIP CASE WHEN TRUE THEN 0 END ;
MATCH (a) RETURN a;
MATCH (a) RETURN a;
MATCH (b)-[a]->(c) RETURN a;
MATCH (b)-[a]->(c) RETURN a;
MERGE (n0{k14:-1877828657, id:77})-[r0 :T0{id:78}]->(n1{id:79})-[r1 :T3{id:80}]-(n2{k16:-1953877756, id:81}) DETACH DELETE n1,n0  SET n2.k=NULL RETURN 1 AS a0, 1 AS a1;
MERGE ( n0 { k14 : -1877828657 , id : 77 } ) - [ r0 : T0 { id : 78 } ] - > ( n1 { id : 79 } ) - [ r1 : T3 { id : 80 } ] - ( n2 { k16 : CASE WHEN FALSE THEN NULL ELSE -1953877756 END , id : 81 } ) WITH * DETACH DELETE n1 , CASE WHEN FALSE THEN NULL ELSE n0 END SET n2 . k = NULL WITH * OPTIONAL MATCH ()-[:TYPE]-() RETURN 1 AS a0 , 1 AS a1 ORDER BY FALSE LIMIT 1 ;
MATCH (a) RETURN a;
MATCH (a) RETURN a;
MATCH (b)-[a]->(c) RETURN a;
MATCH (b)-[a]->(c) RETURN a;
OPTIONAL MATCH (n0)-[ :T1{k55:NULL}]-( :L5{k33:NULL}), (n1{k12:NULL}) SET n1.k=((-1999785475 <= 815619828) AND (NULL IS NOT NULL)) DETACH DELETE n1,n0  RETURN 1 AS a0, 1 AS a1 ORDER BY a0 DESC UNION WITH * ORDER BY NULL DESC CREATE ({id:100})<-[ :T1{id:101}]-({k14:NULL, id:102})-[ :T3{id:103}]->(n12 :L2{id:104}) MERGE p0=(n13 :L5{k35:485374404, id:105})-[ :T0{id:106}]-(n14 :L6{k39:false, id:107})<-[ :T4{id:108}]-(n15{id:109}) RETURN 1 AS a0, p0 AS a1;
OPTIONAL MATCH ( n0 ) - [ : T1 { k55 : NULL } ] - ( : L5 { k33 : NULL } ) ,( n1 { k12 : CASE WHEN TRUE THEN NULL END } ) UNWIND [NULL] as l0 FOREACH(f in [1]|SET n1 . k = ( ( -1999785475 <= 815619828 ) AND ( NULL IS NOT NULL ) ) ) REMOVE (NULL).TRUE FOREACH(f in [1]|DETACH DELETE n1 , CASE WHEN TRUE THEN n0 END ) WITH * OPTIONAL MATCH ()-[:TYPE]-() RETURN 1 AS a0 , 1 AS a1 ORDER BY a0 DESC UNION WITH * ORDER BY reduce(a=NULL ,b IN []|a) DESC UNWIND [1] as l1 CREATE ( { id : 100 } ) < - [ : T1 { id : 101 } ] - ( { k14 : reduce(a=NULL ,b IN []|a) , id : CASE WHEN FALSE THEN NULL ELSE 102 END } ) - [ : T3 { id : CASE WHEN FALSE THEN NULL ELSE 103 END } ] - > ( n12 : L2 { id : 104 } ) MERGE p0 = ( n13 : L5 { k35 : reduce(a=485374404 ,b IN []|a) , id : 105 } ) - [ : T0 { id : 106 } ] - ( n14 : L6 { k39 : false , id : reduce(a=107 ,b IN []|a) } ) < - [ : T4 { id : reduce(a=108 ,b IN []|a) } ] - ( n15 { id : 109 } ) WITH * UNWIND [1] as l2 RETURN DISTINCT 1 AS a0 , p0 AS a1 ORDER BY NULL ;
MATCH (a) RETURN a;
MATCH (a) RETURN a;
MATCH (b)-[a]->(c) RETURN a;
MATCH (b)-[a]->(c) RETURN a;
OPTIONAL MATCH ()-[r0]->({k34:reverse('kCJGDuZ')})-[]->(n0) UNWIND [[(n1)-[]-(n2{k7:NULL}) WHERE CASE WHEN false THEN false END|NULL]] AS a0 DETACH DELETE n0  RETURN 1 AS a1, 1 AS a2;
OPTIONAL MATCH ( ) - [ r0 ] - > ( { k34 : CASE WHEN TRUE THEN reverse ( 'kCJGDuZ' ) END } ) - [ ] - > ( n0 ) CREATE (c0{id:-1}) DELETE (c0) WITH * UNWIND ([ [ ( n1 ) - [ ] - ( n2 { k7 : NULL } ) WHERE CASE WHEN false THEN false END | NULL ] ] +[]) AS a0 WITH * DETACH DELETE n0 WITH * UNWIND [1] as l0 RETURN 1 AS a1 , 1 AS a2 ;
MATCH (a) RETURN a;
MATCH (a) RETURN a;
MATCH (b)-[a]->(c) RETURN a;
MATCH (b)-[a]->(c) RETURN a;
MERGE p0=(n0 :L2{id:110}) CREATE ( :L2{id:111})-[ :T0{id:112}]->({id:113})-[r0 :T3{id:114}]->(n1{id:115}) MERGE ({id:116}) RETURN DISTINCT NULL AS a0 ORDER BY NULL;
MERGE p0 = ( n0 : L2 { id : 110 } ) WITH * CREATE (n1{id:115})<-[ r0 : T3 { id : 114 } ] -({id:113})<-[ : T0 { id : 112 } ] -( : L2 { id : 111 } ) SET (NULL).TRUE=1 MERGE pp0=( { id : 116 } ) WITH * OPTIONAL MATCH ()-[:TYPE]-() RETURN DISTINCT reduce(a=NULL ,b IN []|a) AS a0 ORDER BY NULL ;
MATCH (a) RETURN a;
MATCH (a) RETURN a;
MATCH (b)-[a]->(c) RETURN a;
MATCH (b)-[a]->(c) RETURN a;
MERGE ({k7:-997359804, k40:-461469991, id:117})<-[r0 :T0{id:118}]-({id:119})-[r1 :T1{id:120}]-(n0 :L2{id:121}) MERGE ({id:122})-[r2 :T0{id:123}]->({k14:1640754910, id:124})-[r3 :T4{id:125}]-(n1{id:126}) SET n0.k=(r1.k53) RETURN (r2.k52) AS a0;
MERGE ( { k7 : -997359804 , k40 : -461469991 , id : 117 } ) < - [ r0 : T0 { id : 118 } ] - ( { id : CASE WHEN FALSE THEN NULL ELSE 119 END } ) - [ r1 : T1 { id : 120 } ] - ( n0 : L2 { id : 121 } ) CREATE (c0{id:-1}) DELETE (c0) MERGE ( { id : 122 } ) - [ r2 : T0 { id : 123 } ] - > ( { k14 : 1640754910 , id : 124 } ) - [ r3 : T4 { id : 125 } ] - ( n1 { id : CASE WHEN TRUE THEN 126 END } ) CREATE (c1{id:-1}) DELETE (c1) SET n0 . k = ( CASE WHEN FALSE THEN NULL ELSE r1 . k53 END ) RETURN ( r2 . k52 ) AS a0 ;
MATCH (a) RETURN a;
MATCH (a) RETURN a;
MATCH (b)-[a]->(c) RETURN a;
MATCH (b)-[a]->(c) RETURN a;
OPTIONAL MATCH () MERGE (n0{id:127}) DETACH DELETE n0,NULL  RETURN 1 AS a0, 1 AS a1 ORDER BY a1 LIMIT 0;
OPTIONAL MATCH ( ) WHERE TRUE MERGE ( n0 { id : 127 } ) DELETE NULL DETACH DELETE n0 , NULL SET (NULL).NULL=1 RETURN 1 AS a0 , 1 AS a1 ORDER BY a1 LIMIT CASE WHEN FALSE THEN NULL ELSE 0 END ;
MATCH (a) RETURN a;
MATCH (a) RETURN a;
MATCH (b)-[a]->(c) RETURN a;
MATCH (b)-[a]->(c) RETURN a;
UNWIND NULL AS a0 CREATE (n0{id:128}), ({id:129})-[ :T1{id:130}]->({id:131}) CREATE ({id:132})-[ :T3{id:133}]->({k18:(-1800707590 < -722424213), id:134}), (n1{id:135})-[r0 :T5{k78:NULL, id:136}]->({id:137}) RETURN 1 AS a1;
UNWIND CASE WHEN FALSE THEN NULL ELSE NULL END AS a0 SET (NULL).k=1 CREATE ( n0 { id : 128 } ) CREATE ({id:131})<-[ : T1 { id : 130 } ] -( { id : 129 } ) CREATE (m0{ id : 132 } )CREATE (m0)- [ : T3 { id : 133 } ] - > ( { k18 : ( -1800707590 < -722424213 ) , id : 134 } ) CREATE ( n1 { id : 135 } ) - [ r0 : T5 { k78 : NULL , id : 136 } ] - > ( { id : reduce(a=137 ,b IN []|a) } ) RETURN 1 AS a1 ;
MATCH (a) RETURN a;
MATCH (a) RETURN a;
MATCH (b)-[a]->(c) RETURN a;
MATCH (b)-[a]->(c) RETURN a;
MERGE (n0{id:138}) CREATE (n1{id:139})-[r0 :T4{id:140}]->({id:141})<-[ :T0{id:142}]-({k34:'9eN', id:143}), ( :L2{id:144}) DETACH DELETE n0,NULL  RETURN 1 AS a0, 1 AS a1;
MERGE ( n0 { id : 138 } ) WITH * CREATE (n1{ id : 139 } )CREATE (n1)- [ r0 : T4 { id : 140 } ] - > ( { id : 141 } ) < - [ : T0 { id : reduce(a=142 ,b IN []|a) } ] - ( { k34 : reduce(a=('9eN' +'') ,b IN []|a) , id : 143 } ) CREATE ( : L2 { id : 144 } ) WITH * DETACH DELETE n0 , NULL SET (NULL).FALSE=1 RETURN 1 AS a0 , 1 AS a1 ;
MATCH (a) RETURN a;
MATCH (a) RETURN a;
MATCH (b)-[a]->(c) RETURN a;
MATCH (b)-[a]->(c) RETURN a;
MERGE p0=({id:145})-[r0 :T1{id:146}]-({id:147}) CREATE ({id:148})<-[r1 :T0{id:149}]-({k33:reverse((r0.k54)), id:150}) CREATE (n0 :L1{id:151})<-[ :T4{k71:NULL, id:152}]-(n1{id:153}) RETURN 1 AS a0, r0 AS a1;
MERGE p0 = ( { id : 145 } ) - [ r0 : T1 { id : 146 } ] - ( { id : 147 } ) REMOVE (NULL).TRUE CREATE (m0{ id : 148 } )CREATE (m0)< - [ r1 : T0 { id : reduce(a=149 ,b IN []|a) } ] - ( { k33 : reverse ( ( r0 . k54 ) ) , id : CASE WHEN TRUE THEN 150 END } ) DETACH DELETE NULL CREATE (n1{id:153})-[ : T4 { k71 : NULL , id : CASE WHEN FALSE THEN NULL ELSE 152 END } ] ->( n0 : L1 { id : reduce(a=151 ,b IN []|a) } ) WITH * RETURN 1 AS a0 , r0 AS a1 ;
MATCH (a) RETURN a;
MATCH (a) RETURN a;
MATCH (b)-[a]->(c) RETURN a;
MATCH (b)-[a]->(c) RETURN a;
MATCH (), ()-[r0]->()-[r1]->() DETACH DELETE r0  CREATE ({id:154})-[r2 :T1{id:155}]->(n0 :L5{id:156}), p0=({id:157}) RETURN NULL AS a0;
MATCH (),()-[r0]->()-[r1]->() DETACH DELETE r0 WITH * OPTIONAL MATCH ()-[:TYPE]-() CREATE (n0 :L5{id:156})<-[ r2 : T1 { id : 155 } ] -( { id : 154 } ) CREATE p0 = ( { id : 157 } ) WITH * UNWIND [NULL] as l0 RETURN DISTINCT NULL AS a0 ORDER BY 1 SKIP 1 ;
MATCH (a) RETURN a;
MATCH (a) RETURN a;
MATCH (b)-[a]->(c) RETURN a;
MATCH (b)-[a]->(c) RETURN a;
CALL{WITH * OPTIONAL MATCH (n0 :L2{k16:683052111}), ()-[r0 :T3{k68:'7'}]->(n0)-[r1]-(n0) WHERE (r0.k67) SET n0.k=(r0.k65) RETURN r1 AS a0} MATCH (n1{k18:true}), (n0)-[a0]->( :L5) CREATE p0=(n2{k10:NULL, id:158}), p1=(n3{k12:866262424, id:159})<-[ :T4{k72:NULL, id:160}]-(n4{k18:true, id:161}) RETURN 1 AS a1, n1 AS a2;
CALL { WITH * OPTIONAL MATCH ()-[:TYPE]-() OPTIONAL MATCH ( n0 : L2 { k16 : reduce(a=683052111 ,b IN []|a) } ) ,( ) - [ r0 : T3 { k68 : '7' } ] - > ( n0 ) - [ r1 ] - ( n0 ) WHERE ( reduce(a=r0 . k67 ,b IN []|a) ) CREATE (c0{id:-1}) DELETE (c0) SET n0 . k = ( r0 . k65 ) RETURN r1 AS a0 } MATCH ( n1 { k18 : true } ) ,(n0)-[*0..0]-( n0 ) - [ a0 ] - > ( : L5 ) CREATE p0 = ( n2 { k10 : NULL , id : 158 } ) CREATE p1 = ( n3 { k12 : 866262424 , id : 159 } ) < - [ : T4 { k72 : reduce(a=NULL ,b IN []|a) , id : reduce(a=160 ,b IN []|a) } ] - ( n4 { k18 : true , id : 161 } ) WITH * OPTIONAL MATCH ()-[:TYPE]-() RETURN reduce(a=1 ,b IN []|a) AS a1 , n1 AS a2 ;
MATCH (a) RETURN a;
MATCH (a) RETURN a;
MATCH (b)-[a]->(c) RETURN a;
MATCH (b)-[a]->(c) RETURN a;
CREATE ({k17:1014737099, id:162})-[ :T0{id:163}]->({id:164})-[r0 :T4{k71:NULL, id:165}]->(n0{k10:NULL, id:166}) CREATE ( :L2{k14:NULL, id:167})-[ :T0{k52:NULL, id:168}]->({id:169}) MERGE (n1{k9:reverse(('W'+'icjDBrt')), id:170})<-[r1 :T4{id:171}]-({id:172}) RETURN [n1, n1] AS a0 SKIP 0;
CREATE ( { k17 : 1014737099 , id : reduce(a=162 ,b IN []|a) } ) - [ : T0 { id : 163 } ] - > ( { id : 164 } ) - [ r0 : T4 { k71 : reduce(a=NULL ,b IN []|a) , id : 165 } ] - > ( n0 { k10 : NULL , id : 166 } ) CREATE ({id:169})<-[ : T0 { k52 : NULL , id : 168 } ] -( : L2 { k14 : reduce(a=NULL ,b IN []|a) , id : 167 } ) WITH * MERGE ( n1 { k9 : CASE WHEN TRUE THEN reverse ( CASE WHEN TRUE THEN ( 'W' + 'icjDBrt' ) END ) END , id : 170 } ) < - [ r1 : T4 { id : 171 } ] - ( { id : CASE WHEN FALSE THEN NULL ELSE 172 END } ) WITH * OPTIONAL MATCH ()-[:TYPE]-() RETURN ([ n1 , n1 ] +[]) AS a0 SKIP 0 LIMIT 1 ;
MATCH (a) RETURN a;
MATCH (a) RETURN a;
MATCH (b)-[a]->(c) RETURN a;
MATCH (b)-[a]->(c) RETURN a;
CALL{WITH * CREATE p0=({id:173})-[ :T4{k73:('I'+'C'), id:174}]->(n0 :L6{id:175}) MERGE ({id:176})-[r0 :T1{k58:round(519579355), id:177}]-(n1{id:178}) RETURN n1 AS a0} CREATE p1=(n2 :L5{id:179}) SET a0.k=NULL RETURN 1 AS a1, 1 AS a2;
CALL { WITH * CREATE p0 = ( { id : 173 } ) - [ : T4 { k73 : ( CASE WHEN TRUE THEN 'I' + 'C' END ) , id : 174 } ] - > ( n0 : L6 { id : CASE WHEN FALSE THEN NULL ELSE 175 END } ) WITH * OPTIONAL MATCH ()-[:TYPE]-() MERGE ( { id : CASE WHEN TRUE THEN 176 END } ) - [ r0 : T1 { k58 : reduce(a=round ( 519579355 ) ,b IN []|a) , id : CASE WHEN FALSE THEN NULL ELSE 177 END } ] - ( n1 { id : CASE WHEN TRUE THEN 178 END } ) WITH * RETURN DISTINCT n1 AS a0 } OPTIONAL MATCH ()-[:TYPE]-() CREATE p1 = ( n2 : L5 { id : 179 } ) DELETE (NULL) SET a0 . k = NULL RETURN 1 AS a1 , 1 AS a2 ORDER BY NULL ;
MATCH (a) RETURN a;
MATCH (a) RETURN a;
MATCH (b)-[a]->(c) RETURN a;
MATCH (b)-[a]->(c) RETURN a;
UNWIND NULL AS a0 MERGE ({id:180})-[r0 :T3{id:181}]->({id:182})-[r1 :T1{id:183}]-(n0{id:184}) DETACH DELETE r1  RETURN 1 AS a1;
UNWIND NULL AS a0 MERGE ( { id : 180 } ) - [ r0 : T3 { id : 181 } ] - > ( { id : 182 } ) - [ r1 : T1 { id : 183 } ] - ( n0 { id : 184 } ) WITH * DETACH DELETE r1 RETURN CASE WHEN TRUE THEN 1 END AS a1 ORDER BY NULL DESC SKIP 1 ;
MATCH (a) RETURN a;
MATCH (a) RETURN a;
MATCH (b)-[a]->(c) RETURN a;
MATCH (b)-[a]->(c) RETURN a;
UNWIND [nodes(NULL)] AS a0 MATCH (n0)-[ :T4{k73:'h'}]-(n1), (n2)<-[]-(n3) WHERE false CREATE ({id:185})<-[r0 :T1{k57:-1425139789, id:186}]-( :L2{k14:NULL, id:187})-[ :T0{id:188}]->({k14:930589846, id:189}), (n4 :L5{k37:'MxINH', id:190})<-[r1 :T1{id:191}]-(n5{id:192}) RETURN DISTINCT 1 AS a1, n0 AS a2;
UNWIND ([]+[ nodes ( reduce(a=NULL ,b IN []|a) ) ] )AS a0 MATCH ( n0 ) - [ : T4 { k73 : 'h' } ] - ( n1 ) ,( n2 ) < - [ ] - ( n3 ) WHERE CASE WHEN FALSE THEN NULL ELSE false END CREATE ( { id : 185 } ) < - [ r0 : T1 { k57 : -1425139789 , id : 186 } ] - ( : L2 { k14 : NULL , id : 187 } ) - [ : T0 { id : 188 } ] - > ( { k14 : 930589846 , id : 189 } ) CREATE ( n4 : L5 { k37 : 'MxINH' , id : 190 } ) < - [ r1 : T1 { id : 191 } ] - ( n5 { id : 192 } ) RETURN DISTINCT 1 AS a1 , n0 AS a2 ;
MATCH (a) RETURN a;
MATCH (a) RETURN a;
MATCH (b)-[a]->(c) RETURN a;
MATCH (b)-[a]->(c) RETURN a;
UNWIND NULL AS a0 MERGE ({k38:-612257851, id:193}) CREATE ({k7:reduce(a=NULL,b IN [NULL, -259406457]|a), id:194})-[r0 :T5{id:195}]->( :L1{id:196}), (n0{id:197})-[ :T5{id:198}]->(n1{id:199}) RETURN DISTINCT 1 AS a1, 1 AS a2 SKIP 0;
UNWIND NULL AS a0 MERGE ( { k38 : CASE WHEN FALSE THEN NULL ELSE -612257851 END , id : 193 } ) WITH * UNWIND [NULL] as l0 CREATE ( { k7 : reduce ( a = NULL , b IN [ reduce(a=NULL ,b IN []|a) , -259406457 ] | a ) , id : 194 } ) - [ r0 : T5 { id : 195 } ] - > ( : L1 { id : reduce(a=196 ,b IN []|a) } ) CREATE ( n0 { id : 197 } ) - [ : T5 { id : 198 } ] - > ( n1 { id : reduce(a=199 ,b IN []|a) } ) WITH * RETURN DISTINCT 1 AS a1 , 1 AS a2 SKIP 0 ;
MATCH (a) RETURN a;
MATCH (a) RETURN a;
MATCH (b)-[a]->(c) RETURN a;
MATCH (b)-[a]->(c) RETURN a;
OPTIONAL MATCH (n0)-[r0]-(n1)-[r1]-() WHERE NULL MERGE (n2{id:200})-[ :T4{id:201}]-( :L1{id:202})-[ :T0{id:203}]-(n3 :L5{k38:2100919306, id:204}) MERGE p0=({id:205})-[r2 :T4{id:206}]-(n4{id:207}) RETURN n4 AS a0;
OPTIONAL MATCH ( n0 ) - [ r0 ] - ( n1 ) - [ r1 ] - ( ) WHERE CASE WHEN FALSE THEN NULL ELSE NULL END OPTIONAL MATCH ()-[:TYPE]-() MERGE pp0=( n2 { id : 200 } ) - [ : T4 { id : 201 } ] - ( : L1 { id : 202 } ) - [ : T0 { id : 203 } ] - ( n3 : L5 { k38 : reduce(a=2100919306 ,b IN []|a) , id : 204 } ) WITH * OPTIONAL MATCH ()-[:TYPE]-() MERGE p0 = ( { id : 205 } ) - [ r2 : T4 { id : 206 } ] - ( n4 { id : 207 } ) RETURN reduce(a=n4 ,b IN []|a) AS a0 ;
MATCH (a) RETURN a;
MATCH (a) RETURN a;
MATCH (b)-[a]->(c) RETURN a;
MATCH (b)-[a]->(c) RETURN a;
FOREACH(a0 IN NULL|MERGE ({id:208})-[r0 :T4{id:209}]-(n0{id:210}) CREATE ( :L1{id:211}), (n1 :L1{k8:NULL, id:212}) MERGE ({id:213})) MERGE ({id:214}) CREATE p0=({id:215})<-[r1 :T4{id:216}]-(n2{id:217}) RETURN 1 AS a1;
FOREACH ( a0 IN NULL | MERGE ( { id : 208 } ) - [ r0 : T4 { id : 209 } ] - ( n0 { id : 210 } ) CREATE ( : L1 { id : 211 } ) CREATE ( n1 : L1 { k8 : NULL , id : 212 } ) MERGE ( { id : CASE WHEN TRUE THEN 213 END } ) DETACH DELETE (NULL) ) REMOVE (NULL).TRUE MERGE ( { id : 214 } ) WITH * CREATE p0 = ( { id : 215 } ) < - [ r1 : T4 { id : CASE WHEN TRUE THEN 216 END } ] - ( n2 { id : 217 } ) WITH * OPTIONAL MATCH ()-[:TYPE]-() RETURN CASE WHEN TRUE THEN 1 END AS a1 SKIP 1 ;
