-- Time: 2024/07/05 16:31:51
-- Database: memgraph_database10
-- Database version: composite
-- seed value: 1720168296985
CREATE (n0 :L2:L5{k33 : 'jXrh1', k13 : -983361757, k35 : 'r8', k34 : false, k37 : 'l', k14 : true, k17 : false, k39 : -113700670, k16 : 1693025145, k38 : 'tku0rO', k19 : 1947138897, k18 : -565377365, id : 0});
CREATE (n0 :L0{k0 : true, k1 : -538813776, k2 : 'vL', k3 : true, k4 : 't5P', k5 : 's', id : 1});
CREATE (n0 :L1:L3{k11 : false, k22 : 'TQ0OccYh', id : 2, k21 : 'sG', k7 : 'nIBJMR', k24 : 'zZ', k8 : 'U', k12 : false, k23 : 'T', k9 : false, k26 : 731749485, k25 : -292138553});
CREATE (n0 :L1:L5{k11 : false, k33 : 'ARxO6oF', k6 : -728815596, k10 : false, k7 : 'NxuPkT', k8 : 'o', k12 : true, k34 : false, k9 : false, k37 : 'MBEP', k36 : 'N', k39 : -2136791299, id : 3});
MATCH (n0 {id : 1}), (n1 {id : 3}) MERGE(n0)-[r :T3{k60 : 'm9qn', k61 : 'P', k55 : 'h9', id : 4, k57 : 'QHd', k56 : 551878909, k59 : 1592555904, k58 : 'FW'}]->(n1);
MATCH (n0 {id : 0}), (n1 {id : 2}) MERGE(n0)-[r :T3{k60 : 'c9s8gH', k61 : 'i', k55 : 'F', id : 5, k56 : 277901068, k58 : '0qC'}]->(n1);
MATCH (n0 {id : 1}), (n1 {id : 2}) MERGE(n0)-[r :T2{k51 : -1542841322, k50 : -1636399466, k53 : true, k52 : 'POVg17kT', id : 6, k54 : 'bIQe'}]->(n1);
MATCH (n0 {id : 2}), (n1 {id : 2}) MERGE(n0)-[r :T4{k62 : false, k64 : 'z', k63 : 'Smy', k66 : '5R', id : 7, k65 : -657633305}]->(n1);
MATCH (n0 {id : 0}), (n1 {id : 2}) MERGE(n0)-[r :T5{k71 : true, k70 : 'wfLg', id : 8, k68 : 'a', k67 : 'ltjRK44'}]->(n1);
MATCH (n0 {id : 0}), (n1 {id : 3}) MERGE(n0)-[r :T1{k49 : 'm9AgWZr', id : 9, k46 : -1790137272, k45 : false, k47 : -1481015589}]->(n1);
MATCH (n0 {id : 0}), (n1 {id : 2}) MERGE(n0)-[r :T2{k51 : 899685265, k50 : 1415931047, k53 : true, k52 : 'F', id : 10, k54 : 'r'}]->(n1);
WITH * SKIP 0 MERGE (n0{k15:false, id:11}) MERGE (n1{id:12}) RETURN *;
WITH * SKIP 0 UNWIND [NULL] as l0 MERGE ( n0 { k15 : false , id : 11 } ) CREATE (c0{id:-1}) DELETE (c0) MERGE ( n1 { id : 12 } ) WITH * RETURN * ORDER BY NULL ;
MATCH (a) RETURN a;
MATCH (a) RETURN a;
MATCH (b)-[a]->(c) RETURN a;
MATCH (b)-[a]->(c) RETURN a;
CREATE ({k16:reduce(a=433517556,b IN [1851218845]|a), k34:false, id:13})-[ :T2{k52:'k', id:14}]->(n0 :L1{k8:'VmC8', id:15})<-[ :T2{id:16}]-({k1:-394979682, id:17}) CREATE (n1{id:18})-[ :T2{id:19}]->({k12:NULL, id:20})<-[ :T2{id:21}]-(n2{k16:NULL, id:22}), ( :L0{id:23})-[ :T2{k51:NULL, id:24}]->( :L3{k24:'H', id:25})<-[r0 :T2{id:26}]-({k14:reduce(a=NULL,b IN [true]|a), id:27}) MERGE (n3{id:28})-[r1 :T1{id:29}]->( :L1{k38:reverse('0Ip'), id:30})<-[r2 :T3{k55:'i', id:31}]-(n4 :L0{id:32}) RETURN *;
CREATE ( { k16 : reduce ( a = 433517556 , b IN [ 1851218845 ] | a ) , k34 : false , id : 13 } ) - [ : T2 { k52 : reduce(a='k' ,b IN []|a) , id : 14 } ] - > ( n0 : L1 { k8 : (''+'VmC8' ), id : 15 } ) < - [ : T2 { id : 16 } ] - ( { k1 : -394979682 , id : 17 } ) REMOVE (NULL).FALSE CREATE ( n1 { id : 18 } ) - [ : T2 { id : CASE WHEN FALSE THEN NULL ELSE 19 END } ] - > ( { k12 : NULL , id : 20 } ) < - [ : T2 { id : 21 } ] - ( n2 { k16 : NULL , id : 22 } ) CREATE ( : L0 { id : 23 } ) - [ : T2 { k51 : NULL , id : 24 } ] - > ( : L3 { k24 : 'H' , id : 25 } ) < - [ r0 : T2 { id : 26 } ] - ( { k14 : reduce ( a = NULL , b IN [ true ] | a ) , id : 27 } ) MERGE ( n3 { id : 28 } ) - [ r1 : T1 { id : CASE WHEN FALSE THEN NULL ELSE 29 END } ] - > ( : L1 { k38 : reverse ( '0Ip' ) , id : 30 } ) < - [ r2 : T3 { k55 : CASE WHEN TRUE THEN 'i' END , id : 31 } ] - ( n4 : L0 { id : 32 } ) WITH * RETURN * ;
MATCH (a) RETURN a;
MATCH (a) RETURN a;
MATCH (b)-[a]->(c) RETURN a;
MATCH (b)-[a]->(c) RETURN a;
FOREACH(a0 IN [NULL]|CREATE (n0 :L0{k5:NULL, id:33})-[r0 :T3{id:34}]->({id:35}), ( :L1{k9:NULL, id:36})<-[ :T5{id:37}]-( :L5{k35:'B', id:38})-[r1 :T1{id:39}]->(n1{k7:NULL, id:40}) MERGE p0=(n2 :L1{k11:false, k22:'7', id:41}) MERGE p1=({id:42})) MERGE ( :L1{k12:true, id:43})-[r2 :T3{id:44}]-(n3{id:45}) CREATE (n4{id:46}), ({id:47})<-[ :T1{id:48}]-({id:49}) RETURN n3 AS a1 ORDER BY ('P' ENDS WITH substring((r2.k61), abs(1482643933), abs((558880372-(514397760+-990212450))))), a1 DESC SKIP 0 LIMIT 1 UNION ALL CREATE ({id:50})-[ :T5{id:51}]->( :L1{k8:'AUzkc6', k21:NULL, id:52})-[r0 :T4{id:53}]->(n0 :L3{id:54}), (n1{id:55})<-[r1 :T1{id:56}]-(n2{k16:NULL, id:57})-[ :T3{id:58}]->(n3 :L3{k22:NULL, id:59}) CREATE ( :L1{k6:NULL, id:60}) CREATE (n4{k12:false, k26:round(1460561639), id:61})<-[r2 :T3{id:62}]-(n5{id:63})-[ :T2{id:64}]->(n6 :L1{id:65}), (n7 :L3{k6:(NULL*2052196382), k23:'Z', id:66})<-[ :T3{k61:'f', id:67}]-(n8 :L2 :L5{id:68})-[ :T1{id:69}]->( :L1{k38:NULL, id:70}) RETURN collect(endNode(CASE WHEN true THEN NULL END))[abs(1968693032)] AS a1;
FOREACH ( a0 IN ([ NULL ] +[]) | CREATE ( n0 : L0 { k5 : NULL , id : 33 } ) - [ r0 : T3 { id : 34 } ] - > ( { id : 35 } ) CREATE ( : L1 { k9 : NULL , id : 36 } ) < - [ : T5 { id : CASE WHEN TRUE THEN 37 END } ] - ( : L5 { k35 : CASE WHEN FALSE THEN NULL ELSE 'B' END , id : 38 } ) - [ r1 : T1 { id : reduce(a=39 ,b IN []|a) } ] - > ( n1 { k7 : NULL , id : 40 } ) SET (NULL).FALSE=1 MERGE p0 = ( n2 : L1 { k11 : false , k22 : '7' , id : CASE WHEN TRUE THEN 41 END } ) CREATE (c0{id:-1}) DELETE (c0) MERGE p1 = ( { id : 42 } ) ) WITH * OPTIONAL MATCH ()-[:TYPE]-() MERGE ( : L1 { k12 : reduce(a=true ,b IN []|a) , id : 43 } ) - [ r2 : T3 { id : reduce(a=44 ,b IN []|a) } ] - ( n3 { id : 45 } ) CREATE ( n4 { id : 46 } ) CREATE (m0{ id : 47 } )CREATE (m0)< - [ : T1 { id : 48 } ] - ( { id : 49 } ) DELETE NULL RETURN DISTINCT n3 AS a1 ORDER BY ('P' ENDS WITH substring((r2.k61), abs(1482643933), abs((558880372-(514397760+-990212450))))), a1 DESC SKIP 0 LIMIT 1 UNION ALL CREATE ( { id : 50 } ) - [ : T5 { id : 51 } ] - > ( : L1 { k8 : ('AUzkc6' +'') , k21 : NULL , id : 52 } ) - [ r0 : T4 { id : reduce(a=53 ,b IN []|a) } ] - > ( n0 : L3 { id : 54 } ) CREATE ( n1 { id : 55 } ) < - [ r1 : T1 { id : 56 } ] - ( n2 { k16 : NULL , id : CASE WHEN TRUE THEN 57 END } ) - [ : T3 { id : reduce(a=58 ,b IN []|a) } ] - > ( n3 : L3 { k22 : NULL , id : 59 } ) CREATE ( : L1 { k6 : NULL , id : reduce(a=60 ,b IN []|a) } ) CREATE (c1{id:-1}) DELETE (c1) CREATE ( n4 { k12 : false , k26 : reduce(a=round ( 1460561639 ) ,b IN []|a) , id : 61 } ) < - [ r2 : T3 { id : 62 } ] - ( n5 { id : 63 } ) - [ : T2 { id : 64 } ] - > ( n6 : L1 { id : 65 } ) CREATE ( n7 : L3 { k6 : reduce(a=( NULL * 2052196382 ) ,b IN []|a) , k23 : 'Z' , id : reduce(a=66 ,b IN []|a) } ) < - [ : T3 { k61 : 'f' , id : 67 } ] - ( n8 : L2 : L5 { id : 68 } ) - [ : T1 { id : 69 } ] - > ( : L1 { k38 : CASE WHEN TRUE THEN NULL END , id : 70 } ) RETURN CASE WHEN FALSE THEN NULL ELSE collect ( reduce(a=endNode ( reduce(a=CASE WHEN true THEN CASE WHEN FALSE THEN NULL ELSE NULL END END ,b IN []|a) ) ,b IN []|a) ) [ abs ( reduce(a=1968693032 ,b IN []|a) ) ] END AS a1 ORDER BY NULL ;
MATCH (a) RETURN a;
MATCH (a) RETURN a;
MATCH (b)-[a]->(c) RETURN a;
MATCH (b)-[a]->(c) RETURN a;
MATCH ( :L3)-[r0]-(n0)<-[*0..]-(n1), (n1)-[]-()-[r0]->(n2{k25:NULL}) WHERE true UNWIND NULL AS a0 DETACH DELETE n2  RETURN n1 AS a1, 1 AS a2;
MATCH ( : L3 ) - [ r0 ] - ( n0 ) < - [ * 0 .. ] - ( n1 ) ,(n1)-[*0..0]-( n1 ) - [ ] - ( ) - [ r0 ] - > ( n2 { k25 : NULL } ) WITH * WHERE CASE WHEN FALSE THEN NULL ELSE true END WITH * UNWIND NULL AS a0 DETACH DELETE n2 WITH * OPTIONAL MATCH ()-[:TYPE]-() RETURN CASE WHEN FALSE THEN NULL ELSE n1 END AS a1 , 1 AS a2 ;
MATCH (a) RETURN a;
MATCH (a) RETURN a;
MATCH (b)-[a]->(c) RETURN a;
MATCH (b)-[a]->(c) RETURN a;
WITH * CREATE ( :L0{k0:true, id:71})-[ :T3{k60:'0VlR9N1', id:72}]->( :L5{k12:false, k36:reverse(('n'+'veZE3')), id:73})<-[r0 :T1{k49:'p7', id:74}]-(n0{id:75}), (n1 :L1{k9:NULL, id:76})<-[r1 :T3{id:77}]-(n2 :L2 :L5{id:78}) CREATE (n3{id:79})-[ :T4{k64:('o'+'o'), id:80}]->( :L1{k26:NULL, id:81})<-[r2 :T3{id:82}]-(n4 :L2{id:83}) RETURN 1 AS a0;
WITH * WITH * CREATE ( : L0 { k0 : true , id : reduce(a=71 ,b IN []|a) } ) - [ : T3 { k60 : '0VlR9N1' , id : 72 } ] - > ( : L5 { k12 : CASE WHEN FALSE THEN NULL ELSE false END , k36 : reverse ( ( reduce(a='n' + 'veZE3' ,b IN []|a) ) ) , id : reduce(a=73 ,b IN []|a) } ) < - [ r0 : T1 { k49 : CASE WHEN TRUE THEN 'p7' END , id : 74 } ] - ( n0 { id : 75 } ) CREATE (n1: L1 { k9 : NULL , id : 76 } )CREATE (n1)< - [ r1 : T3 { id : 77 } ] - ( n2 : L2 : L5 { id : 78 } ) WITH * OPTIONAL MATCH ()-[:TYPE]-() CREATE (n3{ id : 79 } )CREATE (n3)- [ : T4 { k64 : ( 'o' + 'o' ) , id : 80 } ] - > ( : L1 { k26 : NULL , id : 81 } ) < - [ r2 : T3 { id : 82 } ] - ( n4 : L2 { id : 83 } ) REMOVE (NULL).TRUE RETURN reduce(a=1 ,b IN []|a) AS a0 SKIP 1 ;
MATCH (a) RETURN a;
MATCH (a) RETURN a;
MATCH (b)-[a]->(c) RETURN a;
MATCH (b)-[a]->(c) RETURN a;
WITH relationships(NULL)[abs(NULL)] AS a0 WHERE NULL MERGE (n0{k10:false, k20:'a', id:84})<-[r0 :T5{id:85}]-(n1{k34:false, id:86}) DETACH DELETE n1,n0  RETURN NULL AS a1, 1 AS a2;
WITH relationships ( CASE WHEN FALSE THEN NULL ELSE NULL END ) [ reduce(a=abs ( NULL ) ,b IN []|a) ] AS a0 WHERE NULL MERGE ( n0 { k10 : false , k20 : reduce(a='a' ,b IN []|a) , id : 84 } ) < - [ r0 : T5 { id : 85 } ] - ( n1 { k34 : CASE WHEN FALSE THEN NULL ELSE false END , id : 86 } ) CREATE (c0{id:-1}) DELETE (c0) DETACH DELETE n1 , n0 WITH * UNWIND [NULL] as l0 RETURN reduce(a=NULL ,b IN []|a) AS a1 , 1 AS a2 ;
MATCH (a) RETURN a;
MATCH (a) RETURN a;
MATCH (b)-[a]->(c) RETURN a;
MATCH (b)-[a]->(c) RETURN a;
MATCH (n0)-[]->() MERGE p0=({id:87})-[r0 :T2{id:88}]-( :L1 :L3{k7:'QrNLlm7K', id:89}) MERGE (n1 :L1 :L3{k11:true, k25:2136661228, id:90})-[r1 :T4{id:91}]->( :L3{id:92}) RETURN (n1.k9) AS a0, n0 AS a1;
MATCH ( n0 ) - [ ] - > ( ) OPTIONAL MATCH ()-[:TYPE]-() MERGE p0 = ( { id : 87 } ) - [ r0 : T2 { id : 88 } ] - ( : L1 : L3 { k7 : 'QrNLlm7K' , id : 89 } ) MERGE ( n1 : L1 : L3 { k11 : CASE WHEN FALSE THEN NULL ELSE true END , k25 : 2136661228 , id : reduce(a=90 ,b IN []|a) } ) - [ r1 : T4 { id : CASE WHEN FALSE THEN NULL ELSE 91 END } ] - > ( : L3 { id : 92 } ) DETACH DELETE (NULL) RETURN ( n1 . k9 ) AS a0 , reduce(a=n0 ,b IN []|a) AS a1 ;
MATCH (a) RETURN a;
MATCH (a) RETURN a;
MATCH (b)-[a]->(c) RETURN a;
MATCH (b)-[a]->(c) RETURN a;
FOREACH(a0 IN [(849051213-1465558634)]|CREATE p0=({k2:NULL, id:93}), p1=(n0{k5:NULL, id:94}) CREATE ( :L1{k9:NULL, k38:reverse('D'), id:95})<-[ :T3{id:96}]-(n1{id:97}), p2=( :L1{k7:('CP'+(NULL+'I')), k21:'ZN1oRl', id:98}) MERGE ( :L1{k12:true, id:99})-[r0 :T3{id:100}]-(n2{id:101})) MERGE ({id:102})-[ :T3{id:103}]->(n3 :L5{k36:'x', id:104}) DETACH DELETE n3  RETURN 1 AS a1, CASE WHEN false THEN NULL END AS a2;
FOREACH ( a0 IN ([ CASE WHEN FALSE THEN NULL ELSE ( 849051213 -1465558634 ) END ] +[]) | CREATE p0 = ( { k2 : NULL , id : 93 } ) CREATE p1 = ( n0 { k5 : NULL , id : 94 } ) REMOVE (NULL).NULL CREATE ( : L1 { k9 : NULL , k38 : CASE WHEN TRUE THEN reverse ( 'D' ) END , id : 95 } ) < - [ : T3 { id : 96 } ] - ( n1 { id : 97 } ) CREATE p2 = ( : L1 { k7 : ( ('CP' +'') + ( NULL + 'I' ) ) , k21 : 'ZN1oRl' , id : 98 } ) DETACH DELETE (NULL) MERGE ( : L1 { k12 : true , id : 99 } ) - [ r0 : T3 { id : 100 } ] - ( n2 { id : CASE WHEN TRUE THEN 101 END } ) CREATE (c0{id:-1}) DELETE (c0) ) MERGE pp0=( { id : 102 } ) - [ : T3 { id : reduce(a=103 ,b IN []|a) } ] - > ( n3 : L5 { k36 : CASE WHEN TRUE THEN 'x' END , id : 104 } ) WITH * OPTIONAL MATCH ()-[:TYPE]-() DETACH DELETE n3 RETURN CASE WHEN FALSE THEN NULL ELSE 1 END AS a1 , CASE WHEN reduce(a=false ,b IN []|a) THEN NULL END AS a2 ;
MATCH (a) RETURN a;
MATCH (a) RETURN a;
MATCH (b)-[a]->(c) RETURN a;
MATCH (b)-[a]->(c) RETURN a;
MERGE ({id:105})-[r0 :T1{id:106}]-({k14:false, id:107})-[r3 :T3{id:108}]->({k6:473948674, id:109}) MERGE (n3{id:110})-[ :T1{id:111}]-( :L5{k19:957514895, id:112})-[ :T3{id:113}]->( :L1 :L3{id:114}) DETACH DELETE n3,r0  RETURN 1 AS a3, (r3.k56) AS a4;
MERGE ( { id : 105 } ) - [ r0 : T1 { id : reduce(a=106 ,b IN []|a) } ] - ( { k14 : false , id : 107 } ) - [ r3 : T3 { id : 108 } ] - > ( { k6 : reduce(a=473948674 ,b IN []|a) , id : 109 } ) MERGE ( n3 { id : CASE WHEN TRUE THEN 110 END } ) - [ : T1 { id : 111 } ] - ( : L5 { k19 : 957514895 , id : 112 } ) - [ : T3 { id : 113 } ] - > ( : L1 : L3 { id : 114 } ) SET (NULL).TRUE=1 DETACH DELETE n3 , r0 REMOVE (NULL).FALSE RETURN reduce(a=1 ,b IN []|a) AS a3 , reduce(a=( CASE WHEN FALSE THEN NULL ELSE r3 . k56 END ) ,b IN []|a) AS a4 ;
MATCH (a) RETURN a;
MATCH (a) RETURN a;
MATCH (b)-[a]->(c) RETURN a;
MATCH (b)-[a]->(c) RETURN a;
WITH * WHERE NULL MERGE ( :L5{k12:false, id:115}) CREATE (n3 :L3{k21:reverse(NULL), id:116}) RETURN NULL AS a0 ORDER BY a0 DESC;
WITH * WHERE NULL MERGE ( : L5 { k12 : false , id : 115 } ) WITH * UNWIND [NULL] as l0 CREATE ( n3 : L3 { k21 : reverse ( NULL ) , id : CASE WHEN FALSE THEN NULL ELSE 116 END } ) WITH * OPTIONAL MATCH ()-[:TYPE]-() RETURN NULL AS a0 ORDER BY a0 DESC ;
MATCH (a) RETURN a;
MATCH (a) RETURN a;
MATCH (b)-[a]->(c) RETURN a;
MATCH (b)-[a]->(c) RETURN a;
WITH * CREATE (n0{k25:NULL, id:117})<-[ :T2{id:118}]-(n1{id:119}) CREATE (n2{k21:NULL, id:120})<-[r0 :T2{id:121}]-(n3 :L0{id:122})-[r1 :T3{k56:((-626756445*(-1303611827/-811492573))/(NULL*CASE WHEN true THEN round(1534269187) END)), id:123}]->({id:124}), ({k33:NULL, id:125})-[ :T3{id:126}]->({id:127})-[r2 :T4{id:128}]->( :L1 :L3{id:129}) RETURN reduce(a=CASE WHEN NULL THEN NULL END,b IN [startNode(relationships(NULL)[abs(131031087)])]|a) AS a0, NULL AS a1 ORDER BY a0, a1 DESC;
WITH * UNWIND [1] as l0 CREATE ( n0 { k25 : NULL , id : 117 } ) < - [ : T2 { id : 118 } ] - ( n1 { id : CASE WHEN FALSE THEN NULL ELSE 119 END } ) CREATE (n2{ k21 : NULL , id : reduce(a=120 ,b IN []|a) } )CREATE (n2)< - [ r0 : T2 { id : 121 } ] - ( n3 : L0 { id : 122 } ) - [ r1 : T3 { k56 : ( reduce(a=( -626756445 * ( -1303611827 / -811492573 ) ) / ( CASE WHEN FALSE THEN NULL ELSE NULL * CASE WHEN true THEN round ( reduce(a=1534269187 ,b IN []|a) ) END END ) ,b IN []|a) ) , id : 123 } ] - > ( { id : 124 } ) CREATE ( { k33 : NULL , id : 125 } ) - [ : T3 { id : 126 } ] - > ( { id : 127 } ) - [ r2 : T4 { id : CASE WHEN FALSE THEN NULL ELSE 128 END } ] - > ( : L1 : L3 { id : 129 } ) SET (NULL).TRUE=1 RETURN reduce ( a = CASE WHEN NULL THEN NULL END , b IN ([ startNode ( CASE WHEN FALSE THEN NULL ELSE relationships ( NULL ) [ abs ( 131031087 ) ] END ) ] +[]) | a ) AS a0 , reduce(a=NULL ,b IN []|a) AS a1 ORDER BY a0, a1 DESC LIMIT 1 ;
MATCH (a) RETURN a;
MATCH (a) RETURN a;
MATCH (b)-[a]->(c) RETURN a;
MATCH (b)-[a]->(c) RETURN a;
WITH properties(relationships(NULL)[abs(NULL)]) AS a0 CREATE ({k35:'sECS5Wiee', id:130})<-[ :T1{id:131}]-(n0{k17:NULL, k36:'A', id:132})-[r0 :T5{id:133}]->(n1{id:134}), ( :L1{k10:false, id:135}) CREATE (n2 :L1{id:136})<-[r1 :T2{id:137}]-(n3{id:138})-[r2 :T3{id:139}]->(n4{id:140}) RETURN 1 AS a1;
WITH properties ( relationships ( NULL ) [ reduce(a=abs ( NULL ) ,b IN []|a) ] ) AS a0 CREATE ( { k35 : 'sECS5Wiee' , id : 130 } ) < - [ : T1 { id : 131 } ] - ( n0 { k17 : NULL , k36 : 'A' , id : CASE WHEN FALSE THEN NULL ELSE 132 END } ) - [ r0 : T5 { id : CASE WHEN FALSE THEN NULL ELSE 133 END } ] - > ( n1 { id : reduce(a=134 ,b IN []|a) } ) CREATE ( : L1 { k10 : false , id : 135 } ) DELETE NULL CREATE ( n2 : L1 { id : 136 } ) < - [ r1 : T2 { id : 137 } ] - ( n3 { id : CASE WHEN FALSE THEN NULL ELSE 138 END } ) - [ r2 : T3 { id : 139 } ] - > ( n4 { id : 140 } ) WITH * RETURN 1 AS a1 ;
MATCH (a) RETURN a;
MATCH (a) RETURN a;
MATCH (b)-[a]->(c) RETURN a;
MATCH (b)-[a]->(c) RETURN a;
FOREACH(a0 IN keys(relationships(NULL)[abs(NULL)])|CREATE ({id:141})<-[ :T2{id:142}]-({id:143})-[r1 :T3{id:144}]->(n2{id:145}), p0=( :L2{k13:NULL, k34:true, id:146}) MERGE (n3 :L1{id:147}) CREATE ({id:148})-[r2 :T2{id:149}]->({id:150})) MERGE p1=({id:151})-[ :T3{id:152}]->( :L1 :L5{id:153})<-[r3 :T1{id:154}]-( :L5{id:155}) DETACH DELETE p1,NULL  RETURN 1 AS a1;
FOREACH ( a0 IN keys ( relationships ( NULL ) [ abs ( NULL ) ] ) | CREATE ( { id : 141 } ) < - [ : T2 { id : 142 } ] - ( { id : 143 } ) - [ r1 : T3 { id : 144 } ] - > ( n2 { id : reduce(a=145 ,b IN []|a) } ) CREATE p0 = ( : L2 { k13 : NULL , k34 : true , id : CASE WHEN FALSE THEN NULL ELSE 146 END } ) CREATE (c0{id:-1}) DELETE (c0) MERGE ( n3 : L1 { id : 147 } ) CREATE (m0{ id : reduce(a=148 ,b IN []|a) } )CREATE (m0)- [ r2 : T2 { id : 149 } ] - > ( { id : 150 } ) DETACH DELETE (NULL) ) MERGE p1 = ( { id : 151 } ) - [ : T3 { id : 152 } ] - > ( : L1 : L5 { id : 153 } ) < - [ r3 : T1 { id : 154 } ] - ( : L5 { id : 155 } ) WITH * UNWIND [NULL] as l0 DETACH DELETE p1 , NULL RETURN 1 AS a1 ;
MATCH (a) RETURN a;
MATCH (a) RETURN a;
MATCH (b)-[a]->(c) RETURN a;
MATCH (b)-[a]->(c) RETURN a;
WITH * WHERE true MERGE p0=({id:156}) DETACH DELETE p0  RETURN 1 AS a0, NULL AS a1 UNION MERGE ({k39:1257908424, id:157})-[r0 :T2{k52:'Oa', id:158}]->( :L1{k24:'9OAzOl', id:159})-[r2 :T4{k62:true, id:160}]-( :L3{id:161}) MERGE ( :L1 :L3{k23:'O7', id:162})-[r3 :T3{id:163}]-(n2{k37:'NA', id:164})-[ :T2{id:165}]-( :L3{id:166}) SET n2.k=1244691993 RETURN n2 AS a0, 1 AS a1;
WITH * WHERE reduce(a=true ,b IN []|a) OPTIONAL MATCH ()-[:TYPE]-() MERGE p0 = ( { id : 156 } ) WITH * OPTIONAL MATCH ()-[:TYPE]-() DETACH DELETE p0 RETURN 1 AS a0 , reduce(a=NULL ,b IN []|a) AS a1 UNION MERGE ( { k39 : CASE WHEN TRUE THEN 1257908424 END , id : 157 } ) - [ r0 : T2 { k52 : CASE WHEN FALSE THEN NULL ELSE (''+'Oa' )END , id : 158 } ] - > ( : L1 { k24 : '9OAzOl' , id : 159 } ) - [ r2 : T4 { k62 : true , id : 160 } ] - ( : L3 { id : 161 } ) WITH * MERGE ( : L1 : L3 { k23 : 'O7' , id : 162 } ) - [ r3 : T3 { id : CASE WHEN FALSE THEN NULL ELSE 163 END } ] - ( n2 { k37 : 'NA' , id : 164 } ) - [ : T2 { id : CASE WHEN TRUE THEN 165 END } ] - ( : L3 { id : 166 } ) WITH * OPTIONAL MATCH ()-[:TYPE]-() SET n2 . k = 1244691993 RETURN n2 AS a0 , 1 AS a1 ;
MATCH (a) RETURN a;
MATCH (a) RETURN a;
MATCH (b)-[a]->(c) RETURN a;
MATCH (b)-[a]->(c) RETURN a;
MERGE ( :L1{id:167})-[r0 :T4{k64:'g', id:168}]-( :L1 :L3{id:169}) DETACH DELETE r0,NULL  CREATE p0=(n0{k14:true, k35:NULL, id:170})-[ :T1{id:171}]->(n1{id:172}), (n2 :L5{id:173})-[r1 :T5{id:174}]->( :L1 :L3{k23:'ycq4R1U', id:175})-[r2 :T4{id:176}]->(n3 :L1{k7:'Z', id:177}) RETURN 1 AS a0, 1 AS a1;
MERGE ( : L1 { id : 167 } ) - [ r0 : T4 { k64 : 'g' , id : reduce(a=168 ,b IN []|a) } ] - ( : L1 : L3 { id : 169 } ) DETACH DELETE r0 , NULL WITH * OPTIONAL MATCH ()-[:TYPE]-() CREATE p0 = ( n0 { k14 : true , k35 : NULL , id : 170 } ) - [ : T1 { id : 171 } ] - > ( n1 { id : 172 } ) CREATE ( n2 : L5 { id : 173 } ) - [ r1 : T5 { id : 174 } ] - > ( : L1 : L3 { k23 : 'ycq4R1U' , id : reduce(a=175 ,b IN []|a) } ) - [ r2 : T4 { id : CASE WHEN FALSE THEN NULL ELSE 176 END } ] - > ( n3 : L1 { k7 : reduce(a='Z' ,b IN []|a) , id : CASE WHEN FALSE THEN NULL ELSE 177 END } ) WITH * OPTIONAL MATCH ()-[:TYPE]-() RETURN reduce(a=1 ,b IN []|a) AS a0 , CASE WHEN TRUE THEN 1 END AS a1 SKIP 1 LIMIT 1 ;
MATCH (a) RETURN a;
MATCH (a) RETURN a;
MATCH (b)-[a]->(c) RETURN a;
MATCH (b)-[a]->(c) RETURN a;
MERGE ({id:178})-[r0 :T1{k48:-1555315500, id:179}]->( :L5{k39:1275662211, id:180})-[r1 :T3{id:181}]-(n0{id:182}) CREATE ({id:183}) SET n0.k='Aw' RETURN n0 AS a0, 1 AS a1 LIMIT 1;
MERGE ( { id : 178 } ) - [ r0 : T1 { k48 : -1555315500 , id : 179 } ] - > ( : L5 { k39 : 1275662211 , id : reduce(a=180 ,b IN []|a) } ) - [ r1 : T3 { id : CASE WHEN FALSE THEN NULL ELSE 181 END } ] - ( n0 { id : 182 } ) WITH * CREATE ( { id : 183 } ) SET n0 . k = reduce(a='Aw' ,b IN []|a) WITH * UNWIND [1] as l0 RETURN n0 AS a0 , 1 AS a1 ORDER BY 1 LIMIT 1 ;
MATCH (a) RETURN a;
MATCH (a) RETURN a;
MATCH (b)-[a]->(c) RETURN a;
MATCH (b)-[a]->(c) RETURN a;
MERGE ({k7:'TtA', id:184}) CREATE (n0{id:185}), p0=(n1 :L5{id:186}) MERGE ( :L1{k25:142776902, id:187})-[r0 :T3{id:188}]-( :L5{k19:415171285, id:189})-[r1 :T5{id:190}]-({id:191}) RETURN (r1.k69) AS a0, r0 AS a1 SKIP 1;
MERGE ( { k7 : 'TtA' , id : reduce(a=184 ,b IN []|a) } ) CREATE (c0{id:-1}) DELETE (c0) CREATE ( n0 { id : reduce(a=185 ,b IN []|a) } ) CREATE p0 = ( n1 : L5 { id : CASE WHEN FALSE THEN NULL ELSE 186 END } ) REMOVE (NULL).FALSE MERGE ( : L1 { k25 : 142776902 , id : 187 } ) - [ r0 : T3 { id : 188 } ] - ( : L5 { k19 : 415171285 , id : 189 } ) - [ r1 : T5 { id : 190 } ] - ( { id : 191 } ) WITH * UNWIND [NULL] as l0 RETURN ( r1 . k69 ) AS a0 , r0 AS a1 SKIP 1 ;
MATCH (a) RETURN a;
MATCH (a) RETURN a;
MATCH (b)-[a]->(c) RETURN a;
MATCH (b)-[a]->(c) RETURN a;
MATCH p0=(n0 :L5{k38:NULL}), (n1)-[]->(n2) WHERE reduce(a=(n0.k34),b IN [(n0.k34), (n0.k34)]|b) CREATE (n3{id:192}), (n4 :L2{k13:-1685898409, id:193})-[r0 :T5{k70:(n0.k38), id:194}]->(n5 :L3{k6:(n0.k39), id:195}) SET n0.k=(n0.k39) RETURN n2 AS a0, n1 AS a1;
MATCH p0 = ( n0 : L5 { k38 : reduce(a=NULL ,b IN []|a) } ) ,( n1 ) - [ ] - > ( n2 ) WHERE reduce ( a = ( n0 . k34 ) , b IN [ reduce(a=( n0 . k34 ) ,b IN []|a) , ( n0 . k34 ) ] | reduce(a=b ,b IN []|a) ) WITH * CREATE ( n3 { id : 192 } ) CREATE ( n4 : L2 { k13 : reduce(a=-1685898409 ,b IN []|a) , id : 193 } ) - [ r0 : T5 { k70 : CASE WHEN FALSE THEN NULL ELSE ( n0 . k38 ) END , id : 194 } ] - > ( n5 : L3 { k6 : ( n0 . k39 ) , id : 195 } ) WITH * OPTIONAL MATCH ()-[:TYPE]-() SET n0 . k = ( CASE WHEN FALSE THEN NULL ELSE n0 . k39 END ) DETACH DELETE NULL RETURN n2 AS a0 , n1 AS a1 ;
