-- Time: 2024/07/05 16:31:49
-- Database: memgraph_database8
-- Database version: composite
-- seed value: 1720168296983
CREATE (n0 {id : 0});
CREATE (n0 {id : 1});
CREATE (n0 {id : 2});
CREATE (n0 :L0:L3{k0 : -959489457, k1 : true, k2 : true, k3 : false, k20 : 50173120, k4 : '2Sd', k5 : -1555385663, k22 : 1645704162, k21 : '5', k24 : false, k23 : 'o', k25 : 'M', k19 : 'O', id : 3});
MATCH (n0 {id : 1}), (n1 {id : 1}) MERGE(n0)-[r :T4{k70 : -364675105, id : 4, k67 : false, k69 : 'JrMB'}]->(n1);
MATCH (n0 {id : 3}), (n1 {id : 1}) MERGE(n0)-[r :T1{k49 : false, k51 : 1600612757, k53 : -579103436, k52 : true, id : 5}]->(n1);
MATCH (n0 {id : 1}), (n1 {id : 2}) MERGE(n0)-[r :T6{k80 : -265733385, k82 : 'jeSVJLR', k81 : 'S', k83 : false, k77 : -1031754729, id : 6, k78 : 874631122}]->(n1);
MATCH (n0 {id : 1}), (n1 {id : 2}) MERGE(n0)-[r :T3{k60 : '7', k61 : false, k64 : 1241185918, k63 : 'CaR0nyAwc', k66 : -1059518648, id : 7, k65 : false}]->(n1);
MATCH (n0 {id : 2}), (n1 {id : 2}) MERGE(n0)-[r :T3{k60 : 'm6RHy', k62 : -1689517219, k61 : true, k64 : 1848994709, k63 : 'P', k66 : -1383549, id : 8, k65 : false}]->(n1);
MATCH (n0 {id : 0}), (n1 {id : 3}) MERGE(n0)-[r :T3{k60 : 'a', k64 : 1242212360, k63 : 'K', id : 9, k65 : true}]->(n1);
MATCH (n0 {id : 1}), (n1 {id : 0}) MERGE(n0)-[r :T5{k73 : true, k72 : true, k75 : false, k74 : false, id : 10, k76 : 1176975794}]->(n1);
CALL{WITH * MERGE (n0{k4:'N3', id:11})<-[r0 :T3{id:12}]-(n1{id:13})-[r1 :T5{id:14}]-(n2{id:15}) SET n2.k=(0*1948315668) RETURN CASE WHEN (r1.k75) THEN NULL END AS a0} CREATE p0=({id:16})-[ :T4{k71:NULL, id:17}]->(n3{id:18})-[ :T6{id:19}]->(n4{id:20}), ({id:21})-[r2 :T4{id:22}]->(n5{id:23})-[r3 :T6{id:24}]->({id:25}) MERGE (n6{k1:false, k19:'qbn', id:26})<-[ :T3{k64:-2133960232, id:27}]-(n7{id:28}) RETURN *, 1 AS a1;
CALL { WITH * MERGE ( n0 { k4 : 'N3' , id : 11 } ) < - [ r0 : T3 { id : 12 } ] - ( n1 { id : 13 } ) - [ r1 : T5 { id : 14 } ] - ( n2 { id : 15 } ) SET n2 . k = ( 0 * 1948315668 ) RETURN CASE WHEN ( reduce(a=r1 . k75 ,b IN []|a) ) THEN NULL END AS a0 SKIP 1 } CREATE p0 = ( { id : 16 } ) - [ : T4 { k71 : NULL , id : CASE WHEN FALSE THEN NULL ELSE 17 END } ] - > ( n3 { id : 18 } ) - [ : T6 { id : 19 } ] - > ( n4 { id : 20 } ) CREATE ( { id : 21 } ) - [ r2 : T4 { id : 22 } ] - > ( n5 { id : 23 } ) - [ r3 : T6 { id : 24 } ] - > ( { id : 25 } ) SET (NULL).TRUE=1 MERGE pp0=( n6 { k1 : false , k19 : (''+'qbn' ), id : 26 } ) < - [ : T3 { k64 : -2133960232 , id : 27 } ] - ( n7 { id : CASE WHEN FALSE THEN NULL ELSE 28 END } ) WITH * RETURN * , 1 AS a1 ;
MATCH (a) RETURN a;
MATCH (a) RETURN a;
MATCH (b)-[a]->(c) RETURN a;
MATCH (b)-[a]->(c) RETURN a;
WITH * MATCH ()-[r0]->(n0)-[]->(n1), (n2) MERGE p0=(n3{id:29})<-[r1 :T3{k65:true, id:30}]-(n4{id:31})-[r2 :T6{id:32}]->(n5{id:33}) RETURN *;
WITH * OPTIONAL MATCH ()-[:TYPE]-() MATCH ( ) - [ r0 ] - > ( n0 ) - [ ] - > ( n1 ) ,( n2 ) WITH * WITH * MERGE p0 = ( n3 { id : 29 } ) < - [ r1 : T3 { k65 : CASE WHEN FALSE THEN NULL ELSE true END , id : 30 } ] - ( n4 { id : CASE WHEN TRUE THEN 31 END } ) - [ r2 : T6 { id : 32 } ] - > ( n5 { id : CASE WHEN TRUE THEN 33 END } ) RETURN * ;
MATCH (a) RETURN a;
MATCH (a) RETURN a;
MATCH (b)-[a]->(c) RETURN a;
MATCH (b)-[a]->(c) RETURN a;
UNWIND [keys(NULL), [NULL]] AS a0 OPTIONAL MATCH (n0)-[r0 :T3{k64:NULL}]-(n1)-[r1]-(n2) SET n2.k='Qr' RETURN 1 AS a1;
UNWIND ([]+[ CASE WHEN FALSE THEN NULL ELSE keys ( NULL ) END , [ NULL ] ] )AS a0 CREATE (c0{id:-1}) DELETE (c0) WITH * OPTIONAL MATCH (n0)-[*0..0]-( n0 ) - [ r0 : T3 { k64 : NULL } ] - ( n1 ) - [ r1 ] - ( n2 ) OPTIONAL MATCH ()-[:TYPE]-() SET n2 . k = 'Qr' RETURN 1 AS a1 LIMIT 1 ;
MATCH (a) RETURN a;
MATCH (a) RETURN a;
MATCH (b)-[a]->(c) RETURN a;
MATCH (b)-[a]->(c) RETURN a;
UNWIND NULL AS a0 CREATE (n2{id:34})-[r2 :T4{k69:reduce(a=reverse((('k'+'7P99iMUNR')+'9T')),b IN [NULL, 'la2ZGymvT']|a), id:35}]->(n3{id:36}) CREATE p0=({id:37})-[r3 :T6{id:38}]->({id:39}), ({k0:NULL, id:40})-[r4 :T1{k51:NULL, id:41}]->({id:42})-[r5 :T4{id:43}]->({id:44}) RETURN a0 AS a1;
UNWIND NULL AS a0 CREATE (c0{id:-1}) DELETE (c0) CREATE (n2{ id : 34 } )CREATE (n2)- [ r2 : T4 { k69 : CASE WHEN FALSE THEN NULL ELSE reduce ( a = reverse ( ( ( 'k' + '7P99iMUNR' ) + ('9T' +'') ) ) , b IN reduce(a=[ NULL , ('la2ZGymvT' +'') ] ,b IN []|a) | a ) END , id : 35 } ] - > ( n3 { id : reduce(a=36 ,b IN []|a) } ) CREATE p0=({id:39})<-[ r3 : T6 { id : 38 } ] -( { id : 37 } ) CREATE ( { k0 : NULL , id : reduce(a=40 ,b IN []|a) } ) - [ r4 : T1 { k51 : NULL , id : 41 } ] - > ( { id : reduce(a=42 ,b IN []|a) } ) - [ r5 : T4 { id : 43 } ] - > ( { id : 44 } ) RETURN a0 AS a1 ;
MATCH (a) RETURN a;
MATCH (a) RETURN a;
MATCH (b)-[a]->(c) RETURN a;
MATCH (b)-[a]->(c) RETURN a;
CREATE (n0{id:45}), p0=(n1{id:46})-[r0 :T3{id:47}]->(n2{id:48}) CREATE ({id:49})-[ :T6{id:50}]->({id:51})<-[r1 :T3{id:52}]-({id:53}), ( :L0{k2:false, id:54})-[r2 :T1{id:55}]->({id:56})-[ :T5{id:57}]->(n3{id:58}) CREATE ({id:59}), (n4{id:60}) RETURN 1 AS a0, 1 AS a1 LIMIT 1;
CREATE ( n0 { id : 45 } ) CREATE p0 = ( n1 { id : 46 } ) - [ r0 : T3 { id : 47 } ] - > ( n2 { id : CASE WHEN TRUE THEN 48 END } ) CREATE (m0{ id : 49 } )CREATE (m0)- [ : T6 { id : 50 } ] - > ( { id : CASE WHEN FALSE THEN NULL ELSE 51 END } ) < - [ r1 : T3 { id : 52 } ] - ( { id : 53 } ) CREATE ( : L0 { k2 : reduce(a=false ,b IN []|a) , id : reduce(a=54 ,b IN []|a) } ) - [ r2 : T1 { id : 55 } ] - > ( { id : CASE WHEN TRUE THEN 56 END } ) - [ : T5 { id : 57 } ] - > ( n3 { id : CASE WHEN FALSE THEN NULL ELSE 58 END } ) CREATE ( { id : 59 } ) CREATE ( n4 { id : 60 } ) REMOVE (NULL).TRUE RETURN 1 AS a0 , 1 AS a1 SKIP 1 LIMIT 1 ;
MATCH (a) RETURN a;
MATCH (a) RETURN a;
MATCH (b)-[a]->(c) RETURN a;
MATCH (b)-[a]->(c) RETURN a;
CREATE ({id:61})-[ :T6{id:62}]->(n0{id:63})-[r0 :T3{k66:NULL, id:64}]->(n1{id:65}) MERGE (n2{id:66})-[r1 :T3{id:67}]->(n3 :L0 :L3{id:68}) DETACH DELETE n2  RETURN 1 AS a0, n3 AS a1;
CREATE ( { id : 61 } ) - [ : T6 { id : 62 } ] - > ( n0 { id : 63 } ) - [ r0 : T3 { k66 : NULL , id : 64 } ] - > ( n1 { id : CASE WHEN FALSE THEN NULL ELSE 65 END } ) WITH * MERGE ( n2 { id : 66 } ) - [ r1 : T3 { id : 67 } ] - > ( n3 : L0 : L3 { id : 68 } ) WITH * UNWIND [1] as l0 DETACH DELETE n2 WITH * OPTIONAL MATCH ()-[:TYPE]-() RETURN 1 AS a0 , n3 AS a1 ;
MATCH (a) RETURN a;
MATCH (a) RETURN a;
MATCH (b)-[a]->(c) RETURN a;
MATCH (b)-[a]->(c) RETURN a;
UNWIND [nodes(NULL)] AS a0 CREATE (n0{id:69}) CREATE (n1{id:70}) RETURN 1 AS a1;
UNWIND CASE WHEN FALSE THEN NULL ELSE [ nodes ( CASE WHEN TRUE THEN NULL END ) ] END AS a0 OPTIONAL MATCH ()-[:TYPE]-() CREATE ( n0 { id : 69 } ) WITH * CREATE ( n1 { id : 70 } ) SET (NULL).TRUE=1 RETURN 1 AS a1 ;
MATCH (a) RETURN a;
MATCH (a) RETURN a;
MATCH (b)-[a]->(c) RETURN a;
MATCH (b)-[a]->(c) RETURN a;
CREATE ({id:71})<-[r0 :T3{id:72}]-(n0{id:73}) CREATE ({id:74}) MERGE (n1{id:75}) RETURN n1 AS a0;
CREATE (n0{id:73})-[ r0 : T3 { id : 72 } ] ->( { id : 71 } ) WITH * CREATE ( { id : 74 } ) CREATE (c0{id:-1}) DELETE (c0) MERGE ( n1 { id : 75 } ) WITH * OPTIONAL MATCH ()-[:TYPE]-() RETURN reduce(a=n1 ,b IN []|a) AS a0 ;
MATCH (a) RETURN a;
MATCH (a) RETURN a;
MATCH (b)-[a]->(c) RETURN a;
MATCH (b)-[a]->(c) RETURN a;
MATCH ()<-[]-() WHERE NULL OPTIONAL MATCH ()-[ :T3{k66:NULL}]->({k1:NULL})-[]-(n0), ()-[]-()-[]-() DETACH DELETE n0,NULL  RETURN 1 AS a0;
MATCH ( ) < - [ ] - ( ) WHERE NULL CREATE (c0{id:-1}) DELETE (c0) WITH * OPTIONAL MATCH ( ) - [ : T3 { k66 : NULL } ] - > ( { k1 : NULL } ) - [ ] - ( n0 ) ,( ) - [ ] - ( ) - [ ] - ( ) OPTIONAL MATCH ()-[:TYPE]-() DETACH DELETE CASE WHEN FALSE THEN NULL ELSE n0 END , CASE WHEN TRUE THEN NULL END WITH * RETURN 1 AS a0 ;
MATCH (a) RETURN a;
MATCH (a) RETURN a;
MATCH (b)-[a]->(c) RETURN a;
MATCH (b)-[a]->(c) RETURN a;
WITH * WHERE NULL OPTIONAL MATCH (n0) MERGE ({id:76})-[r0 :T4{id:77}]-(n1{id:78}) RETURN n0 AS a0, n1 AS a1;
WITH * WHERE reduce(a=NULL ,b IN []|a) OPTIONAL MATCH (n0)-[*0..0]-( n0 ) WITH * MERGE ( { id : 76 } ) - [ r0 : T4 { id : reduce(a=77 ,b IN []|a) } ] - ( n1 { id : 78 } ) SET (NULL).k=1 RETURN n0 AS a0 , n1 AS a1 ;
MATCH (a) RETURN a;
MATCH (a) RETURN a;
MATCH (b)-[a]->(c) RETURN a;
MATCH (b)-[a]->(c) RETURN a;
FOREACH(a2 IN NULL|MERGE ( :L3{id:79}) MERGE ( :L0 :L3{id:80})-[ :T1{id:81}]-(n1{id:82})-[r2 :T4{k67:(-286699811 > 389764850), id:83}]-({id:84}) MERGE ({id:85})-[ :T3{id:86}]->(n2{id:87})-[r3 :T3{id:88}]-(n3{id:89})) MERGE ({id:90})-[ :T1{id:91}]->(n4{id:92}) MERGE ({id:93})-[ :T3{k60:'A', id:94}]->(n5{id:95}) RETURN 1 AS a3;
FOREACH ( a2 IN NULL | MERGE ( : L3 { id : 79 } ) MERGE pp0=( : L0 : L3 { id : 80 } ) - [ : T1 { id : 81 } ] - ( n1 { id : 82 } ) - [ r2 : T4 { k67 : ( CASE WHEN FALSE THEN NULL ELSE -286699811 > 389764850 END ) , id : CASE WHEN TRUE THEN 83 END } ] - ( { id : 84 } ) MERGE ( { id : CASE WHEN TRUE THEN 85 END } ) - [ : T3 { id : reduce(a=86 ,b IN []|a) } ] - > ( n2 { id : 87 } ) - [ r3 : T3 { id : 88 } ] - ( n3 { id : 89 } ) ) MERGE ( { id : reduce(a=90 ,b IN []|a) } ) - [ : T1 { id : 91 } ] - > ( n4 { id : 92 } ) MERGE pp1=( { id : 93 } ) - [ : T3 { k60 : 'A' , id : 94 } ] - > ( n5 { id : 95 } ) WITH * UNWIND [NULL] as l0 RETURN 1 AS a3 ;
MATCH (a) RETURN a;
MATCH (a) RETURN a;
MATCH (b)-[a]->(c) RETURN a;
MATCH (b)-[a]->(c) RETURN a;
OPTIONAL MATCH (), (n0) SET n0.k='f' MERGE (n1{id:96})-[r0 :T3{id:97}]-(n2{id:98})-[r1 :T6{k78:-945127390, id:99}]-(n3{id:100}) RETURN 1 AS a0, n1 AS a1 ORDER BY a1 DESC;
OPTIONAL MATCH (),(n0) SET n0 . k = 'f' MERGE ( n1 { id : 96 } ) - [ r0 : T3 { id : 97 } ] - ( n2 { id : 98 } ) - [ r1 : T6 { k78 : -945127390 , id : 99 } ] - ( n3 { id : 100 } ) RETURN 1 AS a0 , n1 AS a1 ORDER BY a1 DESC ;
MATCH (a) RETURN a;
MATCH (a) RETURN a;
MATCH (b)-[a]->(c) RETURN a;
MATCH (b)-[a]->(c) RETURN a;
MERGE ({id:101}) MERGE p0=(n0{id:102})-[r0 :T6{k79:true, id:103}]-(n1{id:104}) CREATE (n2{id:105}), (n3{id:106})-[ :T5{k75:exists(()-[]->()), id:107}]->(n4{id:108})-[r1 :T3{id:109}]->(n5 :L0{k2:(r0.k79), id:110}) RETURN n0 AS a0 SKIP 0;
MERGE ( { id : 101 } ) WITH * MERGE p0 = ( n0 { id : 102 } ) - [ r0 : T6 { k79 : true , id : 103 } ] - ( n1 { id : 104 } ) CREATE ( n2 { id : 105 } ) CREATE ( n3 { id : 106 } ) - [ : T5 { k75 : exists ( ( ) - [ ] - > ( ) ) , id : 107 } ] - > ( n4 { id : 108 } ) - [ r1 : T3 { id : 109 } ] - > ( n5 : L0 { k2 : ( reduce(a=r0 . k79 ,b IN []|a) ) , id : 110 } ) RETURN n0 AS a0 SKIP reduce(a=0 ,b IN []|a) ;
MATCH (a) RETURN a;
MATCH (a) RETURN a;
MATCH (b)-[a]->(c) RETURN a;
MATCH (b)-[a]->(c) RETURN a;
FOREACH(a0 IN [NULL]|CREATE (n0{id:111})-[ :T6{k82:'nPT', id:112}]->({id:113}) MERGE (n1{id:114})-[r0 :T3{k64:1654508482, id:115}]-({k22:1214930767, id:116}) CREATE (n2{id:117})-[ :T3{id:118}]->(n3{id:119})) MERGE (n4{id:120})<-[r1 :T6{id:121}]-(n5{id:122}) SET n4.k=664636683 RETURN 1 AS a1, false AS a2;
FOREACH ( a0 IN ([]+[ NULL ] )| CREATE (n0{ id : 111 } )CREATE (n0)- [ : T6 { k82 : 'nPT' , id : 112 } ] - > ( { id : 113 } ) CREATE (c0{id:-1}) DELETE (c0) MERGE ( n1 { id : 114 } ) - [ r0 : T3 { k64 : 1654508482 , id : 115 } ] - ( { k22 : 1214930767 , id : 116 } ) CREATE (c1{id:-1}) DELETE (c1) CREATE ( n2 { id : 117 } ) - [ : T3 { id : CASE WHEN TRUE THEN 118 END } ] - > ( n3 { id : 119 } ) CREATE (c2{id:-1}) DELETE (c2) ) MERGE ( n4 { id : 120 } ) < - [ r1 : T6 { id : 121 } ] - ( n5 { id : 122 } ) WITH * OPTIONAL MATCH ()-[:TYPE]-() SET n4 . k = 664636683 REMOVE (NULL).NULL RETURN 1 AS a1 , false AS a2 ORDER BY 1 DESC ;
MATCH (a) RETURN a;
MATCH (a) RETURN a;
MATCH (b)-[a]->(c) RETURN a;
MATCH (b)-[a]->(c) RETURN a;
CALL{WITH * MATCH p1=(n1)-[]-()<-[r0]-() CREATE (n3{id:123})<-[r2 :T1{k51:CASE WHEN false THEN -805771931 END, id:124}]-(n4{k0:round(size([(n1)-[]-()|NULL])), k23:NULL, id:125})<-[r3 :T3{id:126}]-(n5{id:127}) RETURN DISTINCT n1 AS a3, 1 AS a4} MATCH p2=(n6) SET n6.k=round(a4) RETURN a3 AS a5, 1 AS a6;
CALL { WITH * CREATE (c0{id:-1}) DELETE (c0) WITH * MATCH p1 = ( n1 ) - [ ] - ( ) < - [ r0 ] - ( ) CREATE (c1{id:-1}) DELETE (c1) CREATE ( n3 { id : 123 } ) < - [ r2 : T1 { k51 : CASE WHEN false THEN -805771931 END , id : 124 } ] - ( n4 { k0 : round ( size ( [ ( n1 ) - [ ] - ( ) | NULL ] ) ) , k23 : NULL , id : 125 } ) < - [ r3 : T3 { id : 126 } ] - ( n5 { id : 127 } ) CREATE (c2{id:-1}) DELETE (c2) RETURN DISTINCT n1 AS a3 , 1 AS a4 } MATCH p2 = ( n6 ) WITH * SET n6 . k = round ( a4 ) WITH * RETURN a3 AS a5 , 1 AS a6 ;
MATCH (a) RETURN a;
MATCH (a) RETURN a;
MATCH (b)-[a]->(c) RETURN a;
MATCH (b)-[a]->(c) RETURN a;
OPTIONAL MATCH (n0) DETACH DELETE n0,NULL  CREATE (n1{id:128})-[r0 :T4{id:129}]->(n2{id:130})-[ :T6{id:131}]->({id:132}), ({id:133}) RETURN reduce(a=relationships(CASE WHEN false THEN NULL END)[abs(-1946166202)],b IN [relationships(NULL)[abs((1819464195+-1097289039))]]|b) AS a0, nodes(NULL)[abs(-1329839991)] AS a1;
OPTIONAL MATCH ( n0 ) WITH * DETACH DELETE CASE WHEN FALSE THEN NULL ELSE n0 END , NULL REMOVE (NULL).TRUE CREATE ( n1 { id : 128 } ) - [ r0 : T4 { id : 129 } ] - > ( n2 { id : 130 } ) - [ : T6 { id : 131 } ] - > ( { id : reduce(a=132 ,b IN []|a) } ) CREATE ( { id : 133 } ) RETURN reduce ( a = CASE WHEN FALSE THEN NULL ELSE relationships ( CASE WHEN false THEN NULL END ) [ abs ( CASE WHEN FALSE THEN NULL ELSE -1946166202 END ) ] END , b IN [ relationships ( NULL ) [ CASE WHEN TRUE THEN abs ( ( 1819464195 + -1097289039 ) ) END ] ] | CASE WHEN FALSE THEN NULL ELSE b END ) AS a0 , CASE WHEN FALSE THEN NULL ELSE nodes ( NULL ) [ abs ( -1329839991 ) ] END AS a1 ;
MATCH (a) RETURN a;
MATCH (a) RETURN a;
MATCH (b)-[a]->(c) RETURN a;
MATCH (b)-[a]->(c) RETURN a;
WITH * SKIP 0 CREATE (n0{id:134})-[r0 :T4{id:135}]->({id:136}) MERGE (n1{id:137}) RETURN 1 AS a0, 1 AS a1;
WITH * SKIP 0 CREATE (c0{id:-1}) DELETE (c0) CREATE (n0{ id : 134 } )CREATE (n0)- [ r0 : T4 { id : reduce(a=135 ,b IN []|a) } ] - > ( { id : 136 } ) MERGE ( n1 { id : 137 } ) RETURN 1 AS a0 , CASE WHEN TRUE THEN 1 END AS a1 SKIP 1 ;
MATCH (a) RETURN a;
MATCH (a) RETURN a;
MATCH (b)-[a]->(c) RETURN a;
MATCH (b)-[a]->(c) RETURN a;
MATCH (n0), (n1)-[*0..0]-()-[ :T1{k49:NULL}]->(n2) MATCH (n3) SET n2.k=NULL RETURN n0 AS a0;
MATCH ( n0 ) ,( n1 ) - [ * 0 .. 0 ] - ( ) - [ : T1 { k49 : NULL } ] - > ( n2 ) UNWIND [NULL] as l0 MATCH ( n3 ) WITH * SET n2 . k = NULL WITH * RETURN reduce(a=n0 ,b IN []|a) AS a0 ;
MATCH (a) RETURN a;
MATCH (a) RETURN a;
MATCH (b)-[a]->(c) RETURN a;
MATCH (b)-[a]->(c) RETURN a;
FOREACH(a0 IN [-1686313424, (1736725950/(-80577831+1151863109))]|MERGE ({id:138}) MERGE (n3{id:139})<-[ :T3{id:140}]-({id:141}) MERGE p0=(n4{id:142})) CREATE p1=(n5{id:143}) CREATE (n6{id:144})<-[r1 :T3{id:145}]-({id:146}), ({id:147})-[ :T3{id:148}]->({id:149}) RETURN 1 AS a1;
FOREACH ( a0 IN [ CASE WHEN TRUE THEN -1686313424 END , reduce(a=( 1736725950 / ( reduce(a=-80577831 + 1151863109 ,b IN []|a) ) ) ,b IN []|a) ] | MERGE ( { id : CASE WHEN TRUE THEN 138 END } ) CREATE (c0{id:-1}) DELETE (c0) MERGE pp0=( n3 { id : 139 } ) < - [ : T3 { id : 140 } ] - ( { id : reduce(a=141 ,b IN []|a) } ) DETACH DELETE (NULL) MERGE p0 = ( n4 { id : 142 } ) DETACH DELETE NULL ) CREATE (c1{id:-1}) DELETE (c1) CREATE p1 = ( n5 { id : 143 } ) CREATE (c2{id:-1}) DELETE (c2) CREATE ( n6 { id : 144 } ) < - [ r1 : T3 { id : 145 } ] - ( { id : 146 } ) CREATE ( { id : 147 } ) - [ : T3 { id : reduce(a=148 ,b IN []|a) } ] - > ( { id : 149 } ) RETURN CASE WHEN TRUE THEN 1 END AS a1 ;
MATCH (a) RETURN a;
MATCH (a) RETURN a;
MATCH (b)-[a]->(c) RETURN a;
MATCH (b)-[a]->(c) RETURN a;
FOREACH(a0 IN [[['15h', 'fx3mNpF'], NULL]]|MERGE ( :L3{k4:'S', k24:true, id:150})-[r0 :T1{id:151}]->({id:152}) MERGE (n0{id:153}) MERGE (n1{id:154})) CREATE (n2{k25:'aaU', id:155})-[r1 :T1{k51:NULL, id:156}]->(n3{id:157}) CREATE (n4 :L0 :L3{k0:1062664391, id:158})-[ :T1{id:159}]->({id:160})-[ :T6{id:161}]->(n5{id:162}) RETURN 1 AS a1, 1 AS a2 LIMIT 0;
FOREACH ( a0 IN [ [ [ CASE WHEN FALSE THEN NULL ELSE '15h' END , reduce(a='fx3mNpF' ,b IN []|a) ] , NULL ] ] | MERGE ( : L3 { k4 : 'S' , k24 : CASE WHEN TRUE THEN true END , id : 150 } ) - [ r0 : T1 { id : 151 } ] - > ( { id : CASE WHEN FALSE THEN NULL ELSE 152 END } ) DETACH DELETE NULL MERGE ( n0 { id : 153 } ) MERGE ( n1 { id : 154 } ) CREATE (c0{id:-1}) DELETE (c0) ) WITH * OPTIONAL MATCH ()-[:TYPE]-() CREATE ( n2 { k25 : CASE WHEN FALSE THEN NULL ELSE 'aaU' END , id : 155 } ) - [ r1 : T1 { k51 : NULL , id : 156 } ] - > ( n3 { id : 157 } ) CREATE ( n4 : L0 : L3 { k0 : 1062664391 , id : reduce(a=158 ,b IN []|a) } ) - [ : T1 { id : reduce(a=159 ,b IN []|a) } ] - > ( { id : 160 } ) - [ : T6 { id : 161 } ] - > ( n5 { id : 162 } ) SET (NULL).NULL=1 RETURN 1 AS a1 , reduce(a=1 ,b IN []|a) AS a2 SKIP 1 LIMIT 0 ;
