-- Time: 2024/07/05 16:33:06
-- Database: memgraph_database85
-- Database version: composite
-- seed value: 1720168297060
CREATE (n0 :L0:L4{k28 : true, k27 : false, k29 : 'EJ', k0 : 'WGp', k2 : 'AfVhQ', k3 : 'Gh', k4 : 1988924866, k5 : 'sLOVrmT', id : 0, k6 : -1085660076, k26 : false, k25 : -49654373});
CREATE (n0 :L0{k0 : '8y', k1 : -772259170, k2 : 'K', k3 : 'p', k4 : -1853697455, k5 : 'pK1kZ', id : 1, k6 : -1085660076});
CREATE (n0 :L0:L4{k28 : false, k27 : true, k0 : 'f', k1 : 195701866, k2 : 'lvU', k3 : 'P', id : 2, k6 : -679010277, k26 : false, k25 : 89317368});
CREATE (n0 {id : 3});
MATCH (n0 {id : 1}), (n1 {id : 1}) MERGE(n0)-[r :T4{k55 : -1643302069, id : 4, k54 : 'X', k57 : 'KRAH08ZTG', k56 : 'DwezRPsJ', k58 : -1843818292}]->(n1);
MATCH (n0 {id : 1}), (n1 {id : 3}) MERGE(n0)-[r :T0{k31 : 1810650030, k30 : false, k33 : 'P', id : 5, k32 : 'x', k35 : true, k34 : -369644599}]->(n1);
MATCH (n0 {id : 2}), (n1 {id : 1}) MERGE(n0)-[r :T3{k49 : false, k51 : -1958189024, k50 : 'L', k53 : '2', k52 : -727066673, id : 6}]->(n1);
MATCH (n0 {id : 0}), (n1 {id : 3}) MERGE(n0)-[r :T1{k39 : 1811986651, k38 : 'J', k40 : false, k41 : 'bMjk', id : 7, k37 : 'r0A7', k36 : false}]->(n1);
FOREACH(a0 IN [CASE WHEN ('3A' < '7H') THEN false END, NULL]|CREATE ( :L0{k2:type(relationships(NULL)[abs(NULL)]), id:8}), p0=(n5{id:9}) CREATE p1=(n6{id:10})<-[ :T1{id:11}]-( :L0{id:12}), (n7{id:13})<-[ :T1{id:14}]-(n8{k3:NULL, k27:exists(({k2:'l'})-[]->()), id:15}) MERGE (n9{id:16})<-[ :T1{id:17}]-(n10 :L0 :L4{id:18})) CREATE ({id:19}) CREATE ( :L4{k27:NULL, id:20})-[ :T3{k50:NULL, id:21}]->(n11{id:22}) RETURN 1 AS a1, 1 AS a2;
FOREACH ( a0 IN reduce(a=[ CASE WHEN ( '3A' < '7H' ) THEN false END , NULL ] ,b IN []|a) | CREATE ( : L0 { k2 : type ( relationships ( NULL ) [ abs ( NULL ) ] ) , id : reduce(a=8 ,b IN []|a) } ) CREATE p0 = ( n5 { id : 9 } ) CREATE p1=( :L0{id:12})-[ : T1 { id : 11 } ] ->( n6 { id : 10 } ) CREATE ( n7 { id : 13 } ) < - [ : T1 { id : 14 } ] - ( n8 { k3 : NULL , k27 : exists ( ( { k2 : 'l' } ) - [ ] - > ( ) ) , id : 15 } ) MERGE ( n9 { id : 16 } ) < - [ : T1 { id : 17 } ] - ( n10 : L0 : L4 { id : CASE WHEN TRUE THEN 18 END } ) SET (NULL).TRUE=1 ) REMOVE (NULL).TRUE CREATE ( { id : 19 } ) WITH * CREATE (n11{id:22})<-[ : T3 { k50 : reduce(a=NULL ,b IN []|a) , id : 21 } ] -( : L4 { k27 : CASE WHEN FALSE THEN NULL ELSE NULL END , id : 20 } ) RETURN CASE WHEN TRUE THEN 1 END AS a1 , 1 AS a2 ORDER BY TRUE ;
MATCH (a) RETURN a;
MATCH (a) RETURN a;
MATCH (b)-[a]->(c) RETURN a;
MATCH (b)-[a]->(c) RETURN a;
MATCH p0=()-[r0 :T4{k57:reverse(NULL)}]-(n0), p1=(n0)-[r1]->(n1)-[*0..]-(n2) MERGE ({id:23})<-[ :T4{id:24}]-( :L0{id:25}) DETACH DELETE n0  RETURN 1 AS a0;
MATCH p0=()-[r0 :T4{k57:reverse(NULL)}]-(n0),p1=(n0)-[r1]->(n1)-[*0..]-(n2) UNWIND [NULL] as l0 MERGE ( { id : 23 } ) < - [ : T4 { id : 24 } ] - ( : L0 { id : 25 } ) DETACH DELETE n0 WITH * RETURN 1 AS a0 SKIP 1 ;
MATCH (a) RETURN a;
MATCH (a) RETURN a;
MATCH (b)-[a]->(c) RETURN a;
MATCH (b)-[a]->(c) RETURN a;
OPTIONAL MATCH (n1)-[r1 :T4{k55:NULL}]->()-[]-( :L4) WHERE NULL CREATE ({id:26}), ({id:27})-[ :T3{id:28}]->(n4{id:29})-[r3 :T4{id:30}]->(n5{id:31}) DETACH DELETE r1  RETURN n1 AS a2, [false] AS a3 ORDER BY a2, a3;
OPTIONAL MATCH (n1)-[*0..0]-( n1 ) - [ r1 : T4 { k55 : NULL } ] - > ( ) - [ ] - ( : L4 ) WHERE NULL WITH * CREATE ( { id : 26 } ) CREATE ( { id : 27 } ) - [ : T3 { id : 28 } ] - > ( n4 { id : reduce(a=29 ,b IN []|a) } ) - [ r3 : T4 { id : 30 } ] - > ( n5 { id : 31 } ) SET (NULL).FALSE=1 DETACH DELETE r1 RETURN n1 AS a2 , [ CASE WHEN TRUE THEN false END ] AS a3 ORDER BY a2, a3 ;
MATCH (a) RETURN a;
MATCH (a) RETURN a;
MATCH (b)-[a]->(c) RETURN a;
MATCH (b)-[a]->(c) RETURN a;
CALL{WITH * UNWIND reduce(a=nodes(NULL),b IN [[(n0 :L4{k25:NULL})-[]-(n1 :L0{k3:substring(NULL, abs(1171983841), abs(-1981933635))})-[r0 :T0{k32:NULL}]->(n2)|NULL]]|a) AS a0 MERGE ( :L0{id:32})-[ :T0{id:33}]-(n3{id:34}) RETURN 1 AS a1 SKIP 1} MATCH (n0), (n4) WHERE (((substring('P', abs(1145034004), abs(902358122))+'H')+(NULL+'0df')) STARTS WITH NULL) CREATE ({id:35})-[r1 :T3{id:36}]->({id:37})-[r2 :T4{k55:1646693662, id:38}]->(n5{id:39}), (n6 :L0{k27:(NULL STARTS WITH NULL), id:40}) RETURN 1 AS a2;
CALL { WITH * OPTIONAL MATCH ()-[:TYPE]-() UNWIND reduce ( a = nodes ( NULL ) , b IN [ reduce(a=[ ( n0 : L4 { k25 : NULL } ) - [ ] - ( n1 : L0 { k3 : substring ( NULL , abs ( 1171983841 ) , abs ( -1981933635 ) ) } ) - [ r0 : T0 { k32 : NULL } ] - > ( n2 ) | NULL ] ,b IN []|a) ] | CASE WHEN FALSE THEN NULL ELSE a END ) AS a0 SET (NULL).NULL=1 MERGE ( : L0 { id : CASE WHEN FALSE THEN NULL ELSE 32 END } ) - [ : T0 { id : reduce(a=33 ,b IN []|a) } ] - ( n3 { id : 34 } ) RETURN 1 AS a1 SKIP 1 } WITH * MATCH ( n0 ) ,( n4 ) WITH * WHERE ( ( reduce(a=( (substring ( 'P' , abs ( reduce(a=1145034004 ,b IN []|a) ) , abs ( 902358122 ) ) +'') + 'H' ) + ( reduce(a=NULL + '0df' ,b IN []|a) ) ,b IN []|a) ) STARTS WITH NULL ) WITH * CREATE (n5{id:39})<-[ r2 : T4 { k55 : 1646693662 , id : 38 } ] -({id:37})<-[ r1 : T3 { id : 36 } ] -( { id : 35 } ) CREATE ( n6 : L0 { k27 : CASE WHEN FALSE THEN NULL ELSE ( CASE WHEN TRUE THEN NULL STARTS WITH NULL END ) END , id : 40 } ) WITH * RETURN 1 AS a2 ;
MATCH (a) RETURN a;
MATCH (a) RETURN a;
MATCH (b)-[a]->(c) RETURN a;
MATCH (b)-[a]->(c) RETURN a;
CREATE (n0{id:41}), p0=(n1 :L0{id:42})-[r0 :T0{k32:NULL, id:43}]->({id:44})<-[r1 :T1{id:45}]-({id:46}) CREATE (n2{id:47})<-[ :T1{id:48}]-(n3 :L4{k4:NULL, id:49}) CREATE p1=({id:50})-[ :T4{k55:NULL, id:51}]->( :L0 :L4{k0:NULL, id:52}) RETURN 1 AS a0, NULL AS a1;
CREATE ( n0 { id : reduce(a=41 ,b IN []|a) } ) CREATE p0 = ( n1 : L0 { id : reduce(a=42 ,b IN []|a) } ) - [ r0 : T0 { k32 : NULL , id : 43 } ] - > ( { id : 44 } ) < - [ r1 : T1 { id : 45 } ] - ( { id : 46 } ) WITH * OPTIONAL MATCH ()-[:TYPE]-() CREATE (n2{ id : 47 } )CREATE (n2)< - [ : T1 { id : 48 } ] - ( n3 : L4 { k4 : NULL , id : 49 } ) CREATE (c0{id:-1}) DELETE (c0) CREATE p1 = ( { id : 50 } ) - [ : T4 { k55 : NULL , id : 51 } ] - > ( : L0 : L4 { k0 : NULL , id : CASE WHEN FALSE THEN NULL ELSE 52 END } ) RETURN 1 AS a0 , reduce(a=NULL ,b IN []|a) AS a1 ;
MATCH (a) RETURN a;
MATCH (a) RETURN a;
MATCH (b)-[a]->(c) RETURN a;
MATCH (b)-[a]->(c) RETURN a;
MATCH (n0 :L4{k28:NULL})-[]->({k1:-1687859805}), (n0)-[]-(n1) UNWIND [((-839201986/-1888146891) <> (n0.k29)), false] AS a0 CREATE ({k28:true, id:53})-[ :T1{id:54}]->({id:55}) RETURN 1 AS a1;
MATCH (n0)-[*0..0]-( n0 : L4 { k28 : NULL } ) - [ ] - > ( { k1 : reduce(a=-1687859805 ,b IN []|a) } ) ,( n0 ) - [ ] - ( n1 ) UNWIND CASE WHEN TRUE THEN [ ( CASE WHEN TRUE THEN ( -839201986 / -1888146891 ) <> ( CASE WHEN FALSE THEN NULL ELSE n0 . k29 END ) END ) , CASE WHEN TRUE THEN false END ] END AS a0 CREATE ( { k28 : reduce(a=true ,b IN []|a) , id : reduce(a=53 ,b IN []|a) } ) - [ : T1 { id : CASE WHEN TRUE THEN 54 END } ] - > ( { id : 55 } ) CREATE (c0{id:-1}) DELETE (c0) RETURN 1 AS a1 ;
