-- Time: 2024/07/05 16:32:50
-- Database: memgraph_database70
-- Database version: composite
-- seed value: 1720168297045
CREATE (n0 :L1:L3{k20 : true, k5 : false, k22 : true, k6 : -986983685, k21 : '6', k7 : 'N5Iu', k8 : true, k23 : false, k9 : -478266421, k17 : false, k19 : false, k18 : 'u', id : 0});
CREATE (n0 :L2:L4{k11 : -869384554, k10 : -392084827, k13 : 'L5N', k24 : 'AVcTTaX', k12 : -1535474095, k26 : 1594807990, k14 : 'iTwjmdYj', k25 : 't', k28 : -1589727028, k16 : 'Z', k27 : false, k29 : -1325215953, id : 1});
CREATE (n0 :L4:L1{k28 : -2042165899, k27 : true, k29 : -1986416470, k5 : false, id : 2, k6 : -1284216986, k24 : 'AVcTTaX', k7 : '7', k26 : 1833878028, k9 : -1098282102, k25 : 'Nb9wor00'});
CREATE (n0 {id : 3});
MATCH (n0 {id : 0}), (n1 {id : 3}) MERGE(n0)-[r :T2{k44 : true, id : 4, k43 : 'md', k48 : -693122676, k47 : 'Q'}]->(n1);
MATCH (n0 {id : 0}), (n1 {id : 1}) MERGE(n0)-[r :T0{k31 : -1342317822, k30 : 'HHCzC', k33 : 'vy', id : 5, k32 : 1584636153, k35 : -1919397266, k34 : 'y', k36 : true}]->(n1);
MATCH (n0 {id : 3}), (n1 {id : 3}) MERGE(n0)-[r :T3{k51 : true, k50 : 2081521261, k53 : false, k52 : 1892824775, k55 : false, id : 6, k54 : 301082608}]->(n1);
WITH * WHERE (false IS NULL) OPTIONAL MATCH ()-[r0]-()<-[r1]-(), p0=()-[r0]->()<-[r1]-(n0{k6:-988494629}) DETACH DELETE n0  RETURN 1 AS a0, 1 AS a1;
WITH * WHERE ( false IS NULL ) DETACH DELETE NULL WITH * OPTIONAL MATCH ( ) - [ r0 ] - ( ) < - [ r1 ] - ( ) ,p0 = ( ) - [ r0 ] - > ( ) < - [ r1 ] - ( n0 { k6 : -988494629 } ) UNWIND [NULL] as l0 DETACH DELETE n0 CREATE (c0{id:-1}) DELETE (c0) RETURN 1 AS a0 , 1 AS a1 ;
MATCH (a) RETURN a;
MATCH (a) RETURN a;
MATCH (b)-[a]->(c) RETURN a;
MATCH (b)-[a]->(c) RETURN a;
WITH DISTINCT NULL AS a1 WHERE false UNWIND [-99197382] AS a2 MERGE (n1{id:7}) RETURN a1 AS a3 ORDER BY a3 DESC;
WITH DISTINCT CASE WHEN FALSE THEN NULL ELSE NULL END AS a1 WHERE reduce(a=false ,b IN []|a) UNWIND CASE WHEN TRUE THEN [ -99197382 ] END AS a2 OPTIONAL MATCH ()-[:TYPE]-() MERGE ( n1 { id : 7 } ) REMOVE (NULL).TRUE RETURN a1 AS a3 ORDER BY a3 DESC ;
MATCH (a) RETURN a;
MATCH (a) RETURN a;
MATCH (b)-[a]->(c) RETURN a;
MATCH (b)-[a]->(c) RETURN a;
UNWIND NULL AS a1 CREATE (n0 :L1{id:8})-[ :T2{id:9}]->(n1{id:10}) MERGE p1=(n2{id:11}) RETURN * LIMIT 0;
UNWIND reduce(a=NULL ,b IN []|a) AS a1 CREATE ( n0 : L1 { id : 8 } ) - [ : T2 { id : 9 } ] - > ( n1 { id : 10 } ) WITH * UNWIND [NULL] as l0 MERGE p1 = ( n2 { id : 11 } ) WITH * UNWIND [1] as l1 RETURN DISTINCT * SKIP 1 LIMIT 0 ;
MATCH (a) RETURN a;
MATCH (a) RETURN a;
MATCH (b)-[a]->(c) RETURN a;
MATCH (b)-[a]->(c) RETURN a;
MERGE (n0 :L2{k12:-1141989720, id:12})-[ :T0{id:13}]-(n4 :L3{id:14})-[ :T2{id:15}]->(n5{id:16}) SET n4.k=(n0.k11) DETACH DELETE n5,n4  RETURN (n0.k12) AS a0;
MERGE ( n0 : L2 { k12 : -1141989720 , id : 12 } ) - [ : T0 { id : 13 } ] - ( n4 : L3 { id : 14 } ) - [ : T2 { id : CASE WHEN FALSE THEN NULL ELSE 15 END } ] - > ( n5 { id : reduce(a=16 ,b IN []|a) } ) WITH * UNWIND [NULL] as l0 SET n4 . k = ( n0 . k11 ) DETACH DELETE reduce(a=n5 ,b IN []|a) , n4 CREATE (c0{id:-1}) DELETE (c0) RETURN ( CASE WHEN FALSE THEN NULL ELSE n0 . k12 END ) AS a0 ;
MATCH (a) RETURN a;
MATCH (a) RETURN a;
MATCH (b)-[a]->(c) RETURN a;
MATCH (b)-[a]->(c) RETURN a;
MERGE (n0{id:17})-[r0 :T3{k51:true, id:18}]-({id:19}) DETACH DELETE r0  CREATE ( :L2{k16:'OnV', id:20})<-[r1 :T0{id:21}]-({id:22}), ({k15:'hFo', id:23}) RETURN n0 AS a0;
MERGE ( n0 { id : 17 } ) - [ r0 : T3 { k51 : reduce(a=true ,b IN []|a) , id : 18 } ] - ( { id : 19 } ) WITH * DETACH DELETE r0 REMOVE (NULL).k CREATE ({id:22})-[ r1 : T0 { id : 21 } ] ->( : L2 { k16 : 'OnV' , id : 20 } ) CREATE ( { k15 : 'hFo' , id : 23 } ) WITH * UNWIND [1] as l0 RETURN n0 AS a0 ;
MATCH (a) RETURN a;
MATCH (a) RETURN a;
MATCH (b)-[a]->(c) RETURN a;
MATCH (b)-[a]->(c) RETURN a;
WITH NULL AS a0 ORDER BY true, a0 WHERE NULL OPTIONAL MATCH (n0)-[r0]-(n1), ()-[]->() CREATE (n2{id:24})-[r1 :T2{k46:true, id:25}]->({id:26})-[ :T3{id:27}]->(n3{id:28}), p0=({k9:(NULL*1044517368), id:29})-[r2 :T2{id:30}]->(n4{id:31})-[ :T3{k54:NULL, id:32}]->(n5{id:33}) RETURN r0 AS a1, a0 AS a2;
WITH NULL AS a0 ORDER BY true , a0 WHERE NULL OPTIONAL MATCH ( n0 ) - [ r0 ] - ( n1 ) ,( ) - [ ] - > ( ) WHERE TRUE WITH * CREATE ( n2 { id : 24 } ) - [ r1 : T2 { k46 : true , id : 25 } ] - > ( { id : CASE WHEN FALSE THEN NULL ELSE 26 END } ) - [ : T3 { id : 27 } ] - > ( n3 { id : 28 } ) CREATE p0 = ( { k9 : ( NULL * 1044517368 ) , id : 29 } ) - [ r2 : T2 { id : 30 } ] - > ( n4 { id : 31 } ) - [ : T3 { k54 : NULL , id : reduce(a=32 ,b IN []|a) } ] - > ( n5 { id : 33 } ) WITH * UNWIND [NULL] as l0 RETURN r0 AS a1 , a0 AS a2 ;
MATCH (a) RETURN a;
MATCH (a) RETURN a;
MATCH (b)-[a]->(c) RETURN a;
MATCH (b)-[a]->(c) RETURN a;
FOREACH(a0 IN [(n0 :L4 :L1)-[]-()|true]|CREATE ( :L4 :L1{id:34}), (n4 :L4 :L1{id:35}) MERGE (n5{k20:true, id:36})-[ :T2{id:37}]-(n6{id:38}) CREATE (n7 :L1{k28:(reduce(a=((266754821+1172060392)/(1513167898/1113203814)),b IN [-702040181, NULL]|a)+1532656823), k7:NULL, id:39})) MERGE ({id:40})<-[ :T2{k45:-1911575207, id:41}]-( :L1{k7:'q', k17:true, id:42})-[ :T0{k34:reduce(a='PEWCIdo',b IN ['SJo4zV']|a+ b), id:43}]->({k27:false, id:44}) MERGE (n8{k7:'0', id:45}) RETURN 1 AS a1, -514494075 AS a2;
FOREACH ( a0 IN [ ( n0 : L4 : L1 ) - [ ] - ( ) | true ] | CREATE ( : L4 : L1 { id : reduce(a=34 ,b IN []|a) } ) CREATE ( n4 : L4 : L1 { id : 35 } ) SET (NULL).TRUE=1 MERGE ( n5 { k20 : true , id : 36 } ) - [ : T2 { id : 37 } ] - ( n6 { id : 38 } ) REMOVE (NULL).k CREATE ( n7 : L1 { k28 : ( reduce ( a = ( ( reduce(a=266754821 + 1172060392 ,b IN []|a) ) / ( reduce(a=1513167898 / 1113203814 ,b IN []|a) ) ) , b IN CASE WHEN FALSE THEN NULL ELSE [ reduce(a=-702040181 ,b IN []|a) , reduce(a=NULL ,b IN []|a) ] END | a ) + 1532656823 ) , k7 : NULL , id : 39 } ) SET (NULL).FALSE=1 ) WITH * MERGE ( { id : 40 } ) < - [ : T2 { k45 : -1911575207 , id : CASE WHEN FALSE THEN NULL ELSE 41 END } ] - ( : L1 { k7 : 'q' , k17 : true , id : 42 } ) - [ : T0 { k34 : reduce ( a = 'PEWCIdo' , b IN [ 'SJo4zV' ] | a + b ) , id : reduce(a=43 ,b IN []|a) } ] - > ( { k27 : CASE WHEN TRUE THEN false END , id : 44 } ) SET (NULL).k=1 MERGE ( n8 { k7 : reduce(a='0' ,b IN []|a) , id : reduce(a=45 ,b IN []|a) } ) WITH * UNWIND [1] as l0 RETURN DISTINCT 1 AS a1 , reduce(a=-514494075 ,b IN []|a) AS a2 ORDER BY 1 ;
MATCH (a) RETURN a;
MATCH (a) RETURN a;
MATCH (b)-[a]->(c) RETURN a;
MATCH (b)-[a]->(c) RETURN a;
UNWIND [NULL, false] AS a0 OPTIONAL MATCH (n0 :L1), (n0) WHERE ((n0.k8) AND false) MERGE ({k6:-875047641, id:46}) RETURN 1 AS a1, n0 AS a2;
UNWIND CASE WHEN TRUE THEN [ NULL , false ] END AS a0 WITH * OPTIONAL MATCH ( n0 : L1 ) ,( n0 ) WHERE ( ( n0 . k8 ) AND false ) MERGE ( { k6 : -875047641 , id : CASE WHEN FALSE THEN NULL ELSE 46 END } ) WITH * RETURN 1 AS a1 , n0 AS a2 ;
MATCH (a) RETURN a;
MATCH (a) RETURN a;
MATCH (b)-[a]->(c) RETURN a;
MATCH (b)-[a]->(c) RETURN a;
FOREACH(a0 IN NULL|CREATE (n0{id:47}) CREATE ({id:48}) MERGE ({id:49})) CREATE p0=({id:50}), (n1{id:51})-[r0 :T3{id:52}]->(n2{id:53}) MERGE (n3{id:54}) RETURN NULL AS a1, 1 AS a2;
FOREACH ( a0 IN CASE WHEN FALSE THEN NULL ELSE NULL END | CREATE ( n0 { id : 47 } ) CREATE (c0{id:-1}) DELETE (c0) CREATE ( { id : reduce(a=48 ,b IN []|a) } ) SET (NULL).FALSE=1 MERGE ( { id : 49 } ) ) WITH * CREATE p0 = ( { id : CASE WHEN FALSE THEN NULL ELSE 50 END } ) CREATE ( n1 { id : 51 } ) - [ r0 : T3 { id : 52 } ] - > ( n2 { id : 53 } ) WITH * UNWIND [1] as l0 MERGE pp0=( n3 { id : 54 } ) WITH * OPTIONAL MATCH ()-[:TYPE]-() RETURN NULL AS a1 , 1 AS a2 ORDER BY FALSE DESC LIMIT 1 ;
