-- Time: 2024/07/05 16:32:27
-- Database: memgraph_database46
-- Database version: composite
-- seed value: 1720168297021
CREATE (n0 :L3{k19 : true, k18 : -1375599707, k20 : 587849593, id : 0, k21 : 1306373022});
CREATE (n0 :L2{k16 : true, k11 : -1724121072, id : 1, k13 : 'bCntBXya', k12 : -1881014659, k15 : 'ZB', k14 : true});
CREATE (n0 :L3{k17 : -469886516, k18 : -1132317180, k20 : -673308394, id : 2, k21 : -1820455312});
CREATE (n0 :L1{id : 3, k6 : false, k10 : 60643603, k7 : 1971146164, k8 : 'UMY5Kj', k9 : false});
MATCH (n0 {id : 0}), (n1 {id : 1}) MERGE(n0)-[r :T1{k49 : true, k50 : 'fQiJ', k52 : false, id : 4, k46 : 'opDyTBzBr'}]->(n1);
MATCH (n0 {id : 0}), (n1 {id : 0}) MERGE(n0)-[r :T0{k40 : '4eJszchnl', k42 : false, k41 : 'OiD2', k44 : true, id : 5, k45 : 1704168310}]->(n1);
MATCH (n0 {id : 0}), (n1 {id : 3}) MERGE(n0)-[r :T6{k75 : -280825362, k74 : 'A', id : 6, k79 : 'l', k78 : 'wMq'}]->(n1);
MATCH (n0 {id : 1}), (n1 {id : 2}) MERGE(n0)-[r :T3{k60 : -2076067755, k62 : 285783030, k61 : false, id : 7, k59 : -1154931854, k58 : '25tN'}]->(n1);
MATCH (n0 {id : 3}), (n1 {id : 1}) MERGE(n0)-[r :T2{k53 : true, k55 : 1443972372, id : 8, k57 : false, k56 : -782341148}]->(n1);
MATCH (n0 {id : 3}), (n1 {id : 2}) MERGE(n0)-[r :T5{k71 : true, k70 : 1733392966, k73 : 2054971221, k72 : 1684458790, id : 9, k68 : 507311746}]->(n1);
FOREACH(a0 IN [properties(NULL)]|MERGE ({k21:-1012063453, id:10})-[r0 :T6{id:11}]-({id:12})-[r1 :T2{id:13}]->(n0{k12:round(754737836), id:14}) MERGE ({id:15})-[r2 :T3{id:16}]-(n1{id:17})-[r3 :T2{id:18}]-(n2{id:19}) MERGE p0=(n3{id:20})-[r4 :T6{k80:'LEG3bBdgO', id:21}]-(n4{id:22})-[r5 :T0{id:23}]->({id:24})) CREATE (n5{id:25})<-[ :T3{k59:564010326, id:26}]-(n6{id:27})<-[ :T2{id:28}]-(n7{id:29}), ({id:30})-[r6 :T6{id:31}]->({id:32})-[r7 :T2{id:33}]->(n8 :L2{k14:NULL, id:34}) MERGE (n9{id:35})-[ :T2{id:36}]-( :L2{id:37}) RETURN 1 AS a1;
FOREACH ( a0 IN [ reduce(a=properties ( NULL ) ,b IN []|a) ] | MERGE pp0=( { k21 : -1012063453 , id : 10 } ) - [ r0 : T6 { id : 11 } ] - ( { id : CASE WHEN TRUE THEN 12 END } ) - [ r1 : T2 { id : 13 } ] - > ( n0 { k12 : reduce(a=round ( 754737836 ) ,b IN []|a) , id : 14 } ) MERGE ( { id : CASE WHEN TRUE THEN 15 END } ) - [ r2 : T3 { id : 16 } ] - ( n1 { id : 17 } ) - [ r3 : T2 { id : 18 } ] - ( n2 { id : reduce(a=19 ,b IN []|a) } ) MERGE p0 = ( n3 { id : 20 } ) - [ r4 : T6 { k80 : 'LEG3bBdgO' , id : 21 } ] - ( n4 { id : reduce(a=22 ,b IN []|a) } ) - [ r5 : T0 { id : 23 } ] - > ( { id : 24 } ) ) CREATE ( n5 { id : 25 } ) < - [ : T3 { k59 : 564010326 , id : 26 } ] - ( n6 { id : 27 } ) < - [ : T2 { id : 28 } ] - ( n7 { id : 29 } ) CREATE (n8 :L2{k14:NULL, id:34})<-[ r7 : T2 { id : 33 } ] -({id:32})<-[ r6 : T6 { id : 31 } ] -( { id : 30 } ) MERGE ( n9 { id : 35 } ) - [ : T2 { id : 36 } ] - ( : L2 { id : 37 } ) DELETE (NULL) RETURN 1 AS a1 ;
MATCH (a) RETURN a;
MATCH (a) RETURN a;
MATCH (b)-[a]->(c) RETURN a;
MATCH (b)-[a]->(c) RETURN a;
MERGE (n2{k17:-1129109638, id:38})<-[r1 :T3{id:39}]-({id:40}) DETACH DELETE r1,n2  MERGE (n3{k20:1401153232, id:41}) RETURN n3 AS a1, n3 AS a2;
MERGE ( n2 { k17 : -1129109638 , id : reduce(a=38 ,b IN []|a) } ) < - [ r1 : T3 { id : 39 } ] - ( { id : reduce(a=40 ,b IN []|a) } ) WITH * UNWIND [NULL] as l0 DETACH DELETE r1 , CASE WHEN FALSE THEN NULL ELSE n2 END MERGE pp0=( n3 { k20 : 1401153232 , id : reduce(a=41 ,b IN []|a) } ) WITH * UNWIND [1] as l1 RETURN n3 AS a1 , n3 AS a2 ORDER BY NULL SKIP 1 ;
MATCH (a) RETURN a;
MATCH (a) RETURN a;
MATCH (b)-[a]->(c) RETURN a;
MATCH (b)-[a]->(c) RETURN a;
MERGE (n2{k11:-2138765843, id:42}) DETACH DELETE n2,NULL  CREATE ( :L2{id:43})<-[r1 :T2{k53:true, id:44}]-(n3{k7:NULL, id:45})<-[ :T6{id:46}]-(n4{id:47}), ( :L3{id:48})<-[r2 :T5{k71:true, id:49}]-(n5 :L1{id:50}) RETURN NULL AS a1;
MERGE ( n2 { k11 : -2138765843 , id : 42 } ) DETACH DELETE n2 , NULL WITH * CREATE ( : L2 { id : CASE WHEN TRUE THEN 43 END } ) < - [ r1 : T2 { k53 : true , id : 44 } ] - ( n3 { k7 : reduce(a=NULL ,b IN []|a) , id : 45 } ) < - [ : T6 { id : CASE WHEN TRUE THEN 46 END } ] - ( n4 { id : 47 } ) CREATE ( : L3 { id : reduce(a=48 ,b IN []|a) } ) < - [ r2 : T5 { k71 : true , id : 49 } ] - ( n5 : L1 { id : CASE WHEN FALSE THEN NULL ELSE 50 END } ) WITH * OPTIONAL MATCH ()-[:TYPE]-() RETURN NULL AS a1 ;
MATCH (a) RETURN a;
MATCH (a) RETURN a;
MATCH (b)-[a]->(c) RETURN a;
MATCH (b)-[a]->(c) RETURN a;
CREATE ({k19:true, id:51}), ( :L3{id:52}) CREATE ( :L3{id:53})-[ :T0{k40:reverse('au'), id:54}]->({id:55})-[ :T1{k50:NULL, id:56}]->({id:57}) CREATE p0=( :L2{k11:-525018926, id:58})-[r0 :T3{id:59}]->(n0{k17:NULL, id:60}) RETURN NULL AS a0, 1 AS a1 ORDER BY a0;
CREATE ( { k19 : CASE WHEN TRUE THEN true END , id : 51 } ) CREATE ( : L3 { id : 52 } ) DETACH DELETE (NULL) CREATE ( : L3 { id : 53 } ) - [ : T0 { k40 : reverse ( (''+'au' )) , id : 54 } ] - > ( { id : 55 } ) - [ : T1 { k50 : NULL , id : 56 } ] - > ( { id : 57 } ) CREATE (m0: L2 { k11 : -525018926 , id : reduce(a=58 ,b IN []|a) } )CREATE (m0)- [ r0 : T3 { id : 59 } ] - > ( n0 { k17 : NULL , id : 60 } ) WITH * OPTIONAL MATCH ()-[:TYPE]-() RETURN NULL AS a0 , 1 AS a1 ORDER BY a0 SKIP 1 ;
MATCH (a) RETURN a;
MATCH (a) RETURN a;
MATCH (b)-[a]->(c) RETURN a;
MATCH (b)-[a]->(c) RETURN a;
MATCH ()-[ :T3{k61:((527597321 >= -395893049) OR (true AND NULL))}]-(n0)-[*0..]->(), (n1) SET n1.k=802161008 SET n0.k=CASE WHEN (NULL CONTAINS reduce(a='X',b IN ['F', 'SRMy']|a)) THEN (1589415422*(-302738809-1992256742)) END RETURN n0 AS a0 LIMIT 1;
MATCH (nn0),()<-[m1:T3{k61:((527597321 >= -395893049) OR (true AND NULL))}]-(),(n0),()-[*0..]->(),(nn2),(n1) WHERE exists((nn0)-[m1]-(n0)-[*0..]->(nn2)) UNWIND [NULL] as l0 SET n1 . k = 802161008 SET (NULL).k=1 SET n0 . k = CASE WHEN ( NULL CONTAINS reduce ( a = 'X' , b IN ([ CASE WHEN TRUE THEN 'F' END , 'SRMy' ] +[]) | CASE WHEN TRUE THEN a END ) ) THEN ( reduce(a=1589415422 * ( -302738809 -1992256742 ) ,b IN []|a) ) END DELETE (NULL) RETURN DISTINCT n0 AS a0 LIMIT 1 ;
