-- Time: 2024/07/05 16:31:37
-- Database: memgraph_database0
-- Database version: composite
-- seed value: 1720168296974
CREATE (n0 :L5{k31 : 'nnVRQq1', k30 : 455920665, k33 : 470562780, id : 0, k35 : -340832315, k34 : 'R'});
CREATE (n0 :L2:L0{k17 : 'asMV', k16 : true, k0 : false, k1 : 836720943, k2 : '3', k3 : -87870921, k4 : 768080225, k5 : false, id : 1, k13 : false, k15 : true, k14 : 'u6mSuTp'});
CREATE (n0 :L4{k28 : -2077549182, k27 : -1597433617, k29 : 'NVlNEu', id : 2, k24 : -937879773, k26 : true, k25 : 640572707});
CREATE (n0 :L4{k28 : -112685807, k27 : 1575299687, k29 : 'Ml', id : 3, k24 : 1324885415, k23 : 1214111849, k26 : true});
MATCH (n0 {id : 1}), (n1 {id : 0}) MERGE(n0)-[r :T0{k39 : '0', k38 : 1788133595, k40 : '8', k42 : 'n', k41 : 'Y', id : 4, k37 : '63', k36 : false}]->(n1);
MATCH (n0 {id : 3}), (n1 {id : 1}) MERGE(n0)-[r :T6{k82 : false, k81 : true, k77 : -829689355, id : 5, k76 : -457691112, k79 : false, k78 : -1803291750}]->(n1);
MATCH (n0 {id : 2}), (n1 {id : 2}) MERGE(n0)-[r :T4{k64 : 'e', k63 : false, k66 : true, id : 6, k65 : false, k67 : -523965940}]->(n1);
MATCH (n0 {id : 3}), (n1 {id : 2}) MERGE(n0)-[r :T4{k62 : 'LE', k63 : false, k66 : false, id : 7, k65 : true, k68 : true, k67 : 1939997919}]->(n1);
WITH NULL AS a7, NULL AS a8 WHERE NULL UNWIND NULL AS a9 CREATE ({id:11})-[r2 :T4{k64:NULL, id:12}]->( :L4{id:13})<-[r3 :T4{id:14}]-(n4 :L4{k24:NULL, id:15}), ( :L4{k27:NULL, id:16}) RETURN a9 AS a10;
WITH NULL AS a7 , CASE WHEN TRUE THEN NULL END AS a8 WHERE NULL UNWIND CASE WHEN TRUE THEN NULL END AS a9 OPTIONAL MATCH ()-[:TYPE]-() CREATE ( { id : 11 } ) - [ r2 : T4 { k64 : reduce(a=NULL ,b IN []|a) , id : 12 } ] - > ( : L4 { id : 13 } ) < - [ r3 : T4 { id : 14 } ] - ( n4 : L4 { k24 : NULL , id : reduce(a=15 ,b IN []|a) } ) CREATE ( : L4 { k27 : NULL , id : 16 } ) WITH * RETURN a9 AS a10 ;
MATCH (a) RETURN a;
MATCH (a) RETURN a;
MATCH (b)-[a]->(c) RETURN a;
MATCH (b)-[a]->(c) RETURN a;
UNWIND [NULL, reduce(a=1805044542,b IN [NULL]|a)] AS a0 MERGE ({id:17})-[r0 :T0{id:18}]-(n0 :L2{id:19})<-[r1 :T6{k82:false, id:20}]-({k23:-673111951, id:21}) REMOVE n0.k2 RETURN 1 AS a1, (n0.k16) AS a2 ORDER BY nodes(NULL), a2 SKIP 1 LIMIT 1;
UNWIND [ NULL , reduce ( a = 1805044542 , b IN [ NULL ] | a ) ] AS a0 MERGE ( { id : 17 } ) - [ r0 : T0 { id : 18 } ] - ( n0 : L2 { id : CASE WHEN TRUE THEN 19 END } ) < - [ r1 : T6 { k82 : false , id : 20 } ] - ( { k23 : -673111951 , id : 21 } ) WITH * UNWIND [NULL] as l0 REMOVE n0 . k2 RETURN 1 AS a1 , ( n0 . k16 ) AS a2 ORDER BY nodes(NULL), a2 ,FALSE SKIP 1 LIMIT 1 ;
MATCH (a) RETURN a;
MATCH (a) RETURN a;
MATCH (b)-[a]->(c) RETURN a;
MATCH (b)-[a]->(c) RETURN a;
WITH * SKIP 0 FOREACH(a0 IN NULL|CREATE p0=(n0 :L4{k28:-1323655424, id:22}) CREATE (n1{id:23}) MERGE p1=(n2{k23:-1693101450, id:24})-[r0 :T4{k68:true, id:25}]->(n3{k29:'3OMSmZ1', id:26})-[r1 :T4{k68:false, id:27}]-({id:28})) MERGE ({id:29})-[ :T4{k63:false, id:30}]-({id:31}) RETURN 1 AS a1;
WITH * SKIP 0 WITH * FOREACH ( a0 IN NULL | CREATE p0 = ( n0 : L4 { k28 : -1323655424 , id : CASE WHEN TRUE THEN 22 END } ) CREATE (c0{id:-1}) DELETE (c0) CREATE ( n1 { id : 23 } ) MERGE p1 = ( n2 { k23 : -1693101450 , id : 24 } ) - [ r0 : T4 { k68 : true , id : 25 } ] - > ( n3 { k29 : '3OMSmZ1' , id : 26 } ) - [ r1 : T4 { k68 : false , id : CASE WHEN FALSE THEN NULL ELSE 27 END } ] - ( { id : CASE WHEN TRUE THEN 28 END } ) SET (NULL).NULL=1 ) WITH * UNWIND [1] as l0 MERGE ( { id : reduce(a=29 ,b IN []|a) } ) - [ : T4 { k63 : false , id : 30 } ] - ( { id : 31 } ) WITH * OPTIONAL MATCH ()-[:TYPE]-() RETURN 1 AS a1 ;
MATCH (a) RETURN a;
MATCH (a) RETURN a;
MATCH (b)-[a]->(c) RETURN a;
MATCH (b)-[a]->(c) RETURN a;
MATCH ()<-[r0]-(n0), p0=()<-[*0..1]-( :L4) WHERE (NULL STARTS WITH type(relationships(NULL)[abs(943852825)])) SET n0.k=false SET n0.k=NULL RETURN 1 AS a0;
MATCH ( ) < - [ r0 ] - ( n0 ) ,p0 = ( ) < - [ * 0 .. 1 ] - ( : L4 ) WHERE ( reduce(a=NULL STARTS WITH type ( relationships ( NULL ) [ abs ( reduce(a=943852825 ,b IN []|a) ) ] ) ,b IN []|a) ) WITH * SET n0 . k = false WITH * OPTIONAL MATCH ()-[:TYPE]-() SET n0 . k = NULL RETURN 1 AS a0 ;
MATCH (a) RETURN a;
MATCH (a) RETURN a;
MATCH (b)-[a]->(c) RETURN a;
MATCH (b)-[a]->(c) RETURN a;
FOREACH(a1 IN [()<-[r0]-()|NULL]|MERGE ( :L4{k28:768462720, id:32})-[r1 :T4{id:33}]-({k23:295084110, id:34}) MERGE (n2 :L2 :L0{k15:false, id:35})-[ :T0{id:36}]-(n3 :L5{id:37}) MERGE (n4{k28:-213926760, id:38})-[r2 :T4{id:39}]->(n5 :L4{k27:-160484639, id:40})) MERGE (n6 :L4{k27:-448470687, id:41})<-[ :T4{k65:true, id:42}]-({id:43})-[r3 :T6{k76:-1528684332, id:44}]-(n7{id:45}) CREATE (n8 :L0{id:46})<-[r4 :T6{id:47}]-({id:48})-[r5 :T4{id:49}]->(n9{id:50}), (n10{id:51})<-[r6 :T6{id:52}]-(n11 :L4{id:53}) RETURN (r3.k80) AS a2, 1 AS a3 UNION ALL CALL{WITH * CREATE (n4{k24:-1267072594, id:54}) WITH *, CASE WHEN false THEN NULL END AS a1 WHERE NULL RETURN 1 AS a2 LIMIT 1} OPTIONAL MATCH (n5)-[ :T6{k77:round(a2)}]-({k17:reverse(NULL)})-[]-(n6) MERGE ({k28:1081837215, id:55})-[r2 :T4{id:56}]-(n7{id:57})-[r3 :T4{id:58}]->(n8{id:59}) RETURN -2061499261 AS a2, n7 AS a3;
FOREACH ( a1 IN CASE WHEN TRUE THEN [ ( ) < - [ r0 ] - ( ) | NULL ] END | MERGE ( : L4 { k28 : 768462720 , id : 32 } ) - [ r1 : T4 { id : 33 } ] - ( { k23 : 295084110 , id : 34 } ) MERGE ( n2 : L2 : L0 { k15 : false , id : 35 } ) - [ : T0 { id : 36 } ] - ( n3 : L5 { id : 37 } ) MERGE ( n4 { k28 : -213926760 , id : CASE WHEN TRUE THEN 38 END } ) - [ r2 : T4 { id : CASE WHEN FALSE THEN NULL ELSE 39 END } ] - > ( n5 : L4 { k27 : CASE WHEN TRUE THEN -160484639 END , id : 40 } ) SET (NULL).FALSE=1 ) MERGE ( n6 : L4 { k27 : reduce(a=-448470687 ,b IN []|a) , id : reduce(a=41 ,b IN []|a) } ) < - [ : T4 { k65 : CASE WHEN TRUE THEN true END , id : 42 } ] - ( { id : 43 } ) - [ r3 : T6 { k76 : CASE WHEN TRUE THEN -1528684332 END , id : 44 } ] - ( n7 { id : 45 } ) REMOVE (NULL).TRUE CREATE (n9{id:50})<-[ r5 : T4 { id : reduce(a=49 ,b IN []|a) } ] -({id:48})-[ r4 : T6 { id : 47 } ] ->( n8 : L0 { id : CASE WHEN FALSE THEN NULL ELSE 46 END } ) CREATE ( n10 { id : reduce(a=51 ,b IN []|a) } ) < - [ r6 : T6 { id : 52 } ] - ( n11 : L4 { id : 53 } ) REMOVE (NULL).k RETURN reduce(a=( r3 . k80 ) ,b IN []|a) AS a2 , 1 AS a3 UNION ALL CALL { WITH * OPTIONAL MATCH ()-[:TYPE]-() CREATE ( n4 { k24 : -1267072594 , id : reduce(a=54 ,b IN []|a) } ) WITH * , CASE WHEN false THEN NULL END AS a1 WHERE reduce(a=NULL ,b IN []|a) CREATE (c0{id:-1}) DELETE (c0) RETURN CASE WHEN TRUE THEN 1 END AS a2 LIMIT 1 } UNWIND [NULL] as l0 OPTIONAL MATCH (n5),()<-[m0:T6{k77:round(a2)}]-(),(nn1),()<-[m2]-(),(n6) WHERE exists((n5)-[m0]-(nn1{k17:reverse(NULL)})-[m2]-(n6)) OPTIONAL MATCH ()-[:TYPE]-() MERGE ( { k28 : reduce(a=1081837215 ,b IN []|a) , id : 55 } ) - [ r2 : T4 { id : 56 } ] - ( n7 { id : 57 } ) - [ r3 : T4 { id : 58 } ] - > ( n8 { id : reduce(a=59 ,b IN []|a) } ) DELETE NULL RETURN -2061499261 AS a2 , CASE WHEN TRUE THEN n7 END AS a3 ;
MATCH (a) RETURN a;
MATCH (a) RETURN a;
MATCH (b)-[a]->(c) RETURN a;
MATCH (b)-[a]->(c) RETURN a;
FOREACH(a0 IN [(n0)-[]->(n1 :L4)|(n1.k25)]|MERGE (n2{id:60}) MERGE (n3{k27:302316186, id:61})-[r0 :T4{id:62}]->(n4{id:63})-[r1 :T4{k63:false, id:64}]-( :L4{k24:-47495107, id:65}) MERGE ( :L2 :L0{id:66})) MERGE (n5 :L4{k28:1113972693, id:67}) CREATE (n6{id:68})-[ :T6{id:69}]->({k13:(n5.k26), id:70})-[r2 :T0{id:71}]->({id:72}), ({k24:round(round((n5.k25))), id:73}) RETURN 1 AS a1;
FOREACH ( a0 IN [ ( n0 ) - [ ] - > ( n1 : L4 ) | ( n1 . k25 ) ] | MERGE ( n2 { id : CASE WHEN FALSE THEN NULL ELSE 60 END } ) MERGE ( n3 { k27 : 302316186 , id : 61 } ) - [ r0 : T4 { id : 62 } ] - > ( n4 { id : 63 } ) - [ r1 : T4 { k63 : false , id : 64 } ] - ( : L4 { k24 : -47495107 , id : 65 } ) MERGE ( : L2 : L0 { id : 66 } ) ) CREATE (c0{id:-1}) DELETE (c0) MERGE ( n5 : L4 { k28 : 1113972693 , id : 67 } ) WITH * OPTIONAL MATCH ()-[:TYPE]-() CREATE ( n6 { id : 68 } ) - [ : T6 { id : CASE WHEN FALSE THEN NULL ELSE 69 END } ] - > ( { k13 : ( n5 . k26 ) , id : CASE WHEN FALSE THEN NULL ELSE 70 END } ) - [ r2 : T0 { id : 71 } ] - > ( { id : 72 } ) CREATE ( { k24 : round ( round ( ( n5 . k25 ) ) ) , id : 73 } ) CREATE (c1{id:-1}) DELETE (c1) RETURN CASE WHEN TRUE THEN 1 END AS a1 ;
MATCH (a) RETURN a;
MATCH (a) RETURN a;
MATCH (b)-[a]->(c) RETURN a;
MATCH (b)-[a]->(c) RETURN a;
CREATE ( :L5{k31:NULL, id:74})<-[ :T0{id:75}]-(n0{k14:NULL, id:76}), (n1{k24:NULL, id:77}) CREATE (n2 :L4{id:78})-[ :T4{id:79}]->(n3{id:80}), ({id:81}) CREATE (n4{id:82})<-[ :T6{k82:NULL, id:83}]-({id:84}) RETURN 1 AS a0, NULL AS a1 ORDER BY NULL DESC LIMIT 0;
CREATE ( : L5 { k31 : NULL , id : 74 } ) < - [ : T0 { id : 75 } ] - ( n0 { k14 : NULL , id : 76 } ) CREATE ( n1 { k24 : NULL , id : 77 } ) CREATE (n2: L4 { id : 78 } )CREATE (n2)- [ : T4 { id : 79 } ] - > ( n3 { id : 80 } ) CREATE ( { id : 81 } ) WITH * UNWIND [1] as l0 CREATE ( n4 { id : 82 } ) < - [ : T6 { k82 : NULL , id : 83 } ] - ( { id : 84 } ) WITH * OPTIONAL MATCH ()-[:TYPE]-() RETURN 1 AS a0 , NULL AS a1 ORDER BY NULL DESC LIMIT 0 ;
MATCH (a) RETURN a;
MATCH (a) RETURN a;
MATCH (b)-[a]->(c) RETURN a;
MATCH (b)-[a]->(c) RETURN a;
WITH * LIMIT 1 WHERE (-540669187 >= -1897676866) MERGE ({id:85})-[r0 :T4{id:86}]->({id:87})-[r1 :T4{k63:true, id:88}]-({id:89}) MERGE ({k17:'Lm8', k3:1574979630, id:90}) RETURN 1 AS a0 UNION WITH * UNWIND ['08', NULL] AS a0 MERGE (n0{id:91})-[r0 :T4{k66:(-1370334101 <> (-1346492951/-1059871780)), id:92}]-({k23:-2126561621, id:93})<-[r1 :T4{k68:false, id:94}]-({id:95}) RETURN r1 AS a0 LIMIT 1;
WITH * LIMIT 1 WHERE ( -540669187 >= -1897676866 ) MERGE ( { id : reduce(a=85 ,b IN []|a) } ) - [ r0 : T4 { id : 86 } ] - > ( { id : 87 } ) - [ r1 : T4 { k63 : true , id : 88 } ] - ( { id : 89 } ) MERGE ( { k17 : ('Lm8' +'') , k3 : CASE WHEN FALSE THEN NULL ELSE 1574979630 END , id : 90 } ) REMOVE (NULL).FALSE RETURN 1 AS a0 SKIP 1 UNION WITH * WITH * UNWIND [ (''+'08' ), NULL ] AS a0 OPTIONAL MATCH ()-[:TYPE]-() MERGE ( n0 { id : reduce(a=91 ,b IN []|a) } ) - [ r0 : T4 { k66 : ( -1370334101 <> ( -1346492951 / -1059871780 ) ) , id : 92 } ] - ( { k23 : -2126561621 , id : CASE WHEN FALSE THEN NULL ELSE 93 END } ) < - [ r1 : T4 { k68 : false , id : CASE WHEN TRUE THEN 94 END } ] - ( { id : CASE WHEN FALSE THEN NULL ELSE 95 END } ) RETURN DISTINCT reduce(a=r1 ,b IN []|a) AS a0 ORDER BY 1 LIMIT 1 ;
MATCH (a) RETURN a;
MATCH (a) RETURN a;
MATCH (b)-[a]->(c) RETURN a;
MATCH (b)-[a]->(c) RETURN a;
UNWIND [[(n0 :L5)<-[]-()<-[r0]-(n1)|NULL]] AS a1 CREATE (n3{id:96})<-[r2 :T0{id:97}]-(n4 :L2{k14:('4'+NULL), id:98}), ( :L4{id:99}) CREATE ({id:100})<-[ :T4{k63:exists(()<-[ :T4]-( :L4)), id:101}]-(n5 :L4{id:102})-[ :T6{id:103}]->( :L2{k1:-897119501, id:104}), (n6{k23:-1779890415, id:105})-[r3 :T4{id:106}]->(n7{k27:-1356359654, id:107}) RETURN 1 AS a2;
UNWIND [ CASE WHEN TRUE THEN [ ( n0 : L5 ) < - [ ] - ( ) < - [ r0 ] - ( n1 ) | NULL ] END ] AS a1 WITH * CREATE ( n3 { id : 96 } ) < - [ r2 : T0 { id : 97 } ] - ( n4 : L2 { k14 : ( '4' + NULL ) , id : 98 } ) CREATE ( : L4 { id : reduce(a=99 ,b IN []|a) } ) CREATE ( { id : reduce(a=100 ,b IN []|a) } ) < - [ : T4 { k63 : exists ( ( ) < - [ : T4 ] - ( : L4 ) ) , id : 101 } ] - ( n5 : L4 { id : CASE WHEN TRUE THEN 102 END } ) - [ : T6 { id : 103 } ] - > ( : L2 { k1 : -897119501 , id : CASE WHEN FALSE THEN NULL ELSE 104 END } ) CREATE ( n6 { k23 : CASE WHEN FALSE THEN NULL ELSE -1779890415 END , id : CASE WHEN TRUE THEN 105 END } ) - [ r3 : T4 { id : 106 } ] - > ( n7 { k27 : -1356359654 , id : 107 } ) RETURN 1 AS a2 ;
MATCH (a) RETURN a;
MATCH (a) RETURN a;
MATCH (b)-[a]->(c) RETURN a;
MATCH (b)-[a]->(c) RETURN a;
CALL{WITH * MATCH (), (n0)<-[ :T6{k82:(880145080 >= -539628197)}]-() MERGE (n1 :L4{id:108}) RETURN n0 AS a0} UNWIND [NULL] AS a1 DETACH DELETE a0,a0  RETURN *;
CALL { WITH * UNWIND [1] as l0 MATCH ( ) ,(n0)-[*0..0]-( n0 ) < - [ : T6 { k82 : ( 880145080 >= -539628197 ) } ] - ( ) WITH * MERGE ( n1 : L4 { id : 108 } ) RETURN n0 AS a0 LIMIT 1 } UNWIND [ NULL ] AS a1 WITH * DETACH DELETE a0 , reduce(a=a0 ,b IN []|a) RETURN * SKIP 1 LIMIT 1 ;
MATCH (a) RETURN a;
MATCH (a) RETURN a;
MATCH (b)-[a]->(c) RETURN a;
MATCH (b)-[a]->(c) RETURN a;
CREATE (n0{id:109})<-[ :T0{id:110}]-(n1{id:111}) MERGE ({k32:-459839892, id:112})-[r0 :T0{id:113}]-(n2 :L2 :L0{id:114}) CREATE (n3{id:115})<-[ :T4{k62:(r0.k40), id:116}]-(n4 :L4{id:117})-[ :T6{id:118}]->(n5{k16:true, id:119}), ({k27:(n2.k1), id:120})-[r1 :T4{id:121}]->(n6 :L4{id:122})<-[ :T4{k67:-1123424036, id:123}]-( :L4{id:124}) RETURN (n2.k4) AS a0, (n2.k3) AS a1;
CREATE (n0{ id : 109 } )CREATE (n0)< - [ : T0 { id : 110 } ] - ( n1 { id : CASE WHEN FALSE THEN NULL ELSE 111 END } ) WITH * UNWIND [NULL] as l0 MERGE ( { k32 : -459839892 , id : 112 } ) - [ r0 : T0 { id : 113 } ] - ( n2 : L2 : L0 { id : 114 } ) CREATE ( n3 { id : 115 } ) < - [ : T4 { k62 : CASE WHEN TRUE THEN ( r0 . k40 ) END , id : 116 } ] - ( n4 : L4 { id : CASE WHEN TRUE THEN 117 END } ) - [ : T6 { id : 118 } ] - > ( n5 { k16 : CASE WHEN TRUE THEN true END , id : CASE WHEN TRUE THEN 119 END } ) CREATE ( { k27 : ( n2 . k1 ) , id : CASE WHEN FALSE THEN NULL ELSE 120 END } ) - [ r1 : T4 { id : 121 } ] - > ( n6 : L4 { id : 122 } ) < - [ : T4 { k67 : -1123424036 , id : CASE WHEN FALSE THEN NULL ELSE 123 END } ] - ( : L4 { id : 124 } ) RETURN ( n2 . k4 ) AS a0 , ( n2 . k3 ) AS a1 ;
MATCH (a) RETURN a;
MATCH (a) RETURN a;
MATCH (b)-[a]->(c) RETURN a;
MATCH (b)-[a]->(c) RETURN a;
FOREACH(a0 IN relationships(CASE WHEN NULL THEN NULL END)|MERGE ({id:125})-[r0 :T4{id:126}]-(n0{k23:(-204527534/95136246), id:127})-[r1 :T4{id:128}]-( :L4{id:129}) MERGE (n1 :L2{id:130}) CREATE (n2 :L0{id:131})<-[r2 :T6{id:132}]-(n3{id:133})-[ :T4{k64:NULL, id:134}]->({k29:NULL, id:135}), p0=({k1:-1698580023, id:136})<-[r3 :T6{k81:NULL, id:137}]-(n4{k23:-2108367486, id:138})-[ :T4{id:139}]->({k25:NULL, id:140})) MERGE ( :L0{k17:'UP', id:141})<-[r4 :T6{id:142}]-({id:143}) CREATE ( :L4{k24:(r4.k77), id:144}), (n5{id:145}) RETURN 1 AS a1, 1 AS a2 UNION ALL MATCH (n0{k24:-926069715})-[]->()-[r0]-() MERGE (n1{id:146}) DETACH DELETE r0  RETURN n1 AS a1, 'T5wI6Sv63' AS a2;
FOREACH ( a0 IN relationships ( CASE WHEN CASE WHEN TRUE THEN NULL END THEN NULL END ) | MERGE ( { id : 125 } ) - [ r0 : T4 { id : 126 } ] - ( n0 { k23 : ( -204527534 / 95136246 ) , id : 127 } ) - [ r1 : T4 { id : 128 } ] - ( : L4 { id : reduce(a=129 ,b IN []|a) } ) MERGE ( n1 : L2 { id : CASE WHEN FALSE THEN NULL ELSE 130 END } ) CREATE (n2: L0 { id : 131 } )CREATE (n2)< - [ r2 : T6 { id : 132 } ] - ( n3 { id : CASE WHEN TRUE THEN 133 END } ) - [ : T4 { k64 : NULL , id : reduce(a=134 ,b IN []|a) } ] - > ( { k29 : NULL , id : CASE WHEN TRUE THEN 135 END } ) CREATE p0 = ( { k1 : CASE WHEN TRUE THEN -1698580023 END , id : 136 } ) < - [ r3 : T6 { k81 : NULL , id : 137 } ] - ( n4 { k23 : reduce(a=-2108367486 ,b IN []|a) , id : 138 } ) - [ : T4 { id : 139 } ] - > ( { k25 : NULL , id : 140 } ) REMOVE (NULL).NULL ) MERGE ( : L0 { k17 : 'UP' , id : reduce(a=141 ,b IN []|a) } ) < - [ r4 : T6 { id : 142 } ] - ( { id : 143 } ) CREATE ( : L4 { k24 : ( r4 . k77 ) , id : 144 } ) CREATE ( n5 { id : 145 } ) RETURN 1 AS a1 , 1 AS a2 SKIP 1 UNION ALL MATCH ( n0 { k24 : -926069715 } ) - [ ] - > ( ) - [ r0 ] - ( ) WHERE TRUE MERGE ( n1 { id : 146 } ) DETACH DELETE r0 WITH * UNWIND [1] as l0 RETURN n1 AS a1 , reduce(a='T5wI6Sv63' ,b IN []|a) AS a2 ;
MATCH (a) RETURN a;
MATCH (a) RETURN a;
MATCH (b)-[a]->(c) RETURN a;
MATCH (b)-[a]->(c) RETURN a;
CALL{WITH * OPTIONAL MATCH (n0)-[r0]->() REMOVE n0.k2 RETURN 1 AS a0, 1 AS a1} CREATE (n1{k24:-1597402924, id:147})<-[r1 :T4{id:148}]-({id:149})-[ :T6{id:150}]->({id:151}), (n2{id:152})<-[ :T4{k64:'q', id:153}]-(n3{k24:-1126997358, id:154}) CREATE ({id:155})<-[ :T4{id:156}]-({k27:1613625002, id:157})-[r2 :T6{id:158}]->(n4{k4:NULL, id:159}), (n5{id:160})-[ :T4{k64:'6pB', id:161}]->(n6 :L4{id:162})-[r3 :T4{id:163}]->({id:164}) RETURN 1 AS a2;
CALL { WITH * OPTIONAL MATCH ( n0 ) - [ r0 ] - > ( ) REMOVE n0 . k2 RETURN 1 AS a0 , 1 AS a1 SKIP 1 } CREATE (c0{id:-1}) DELETE (c0) CREATE ( n1 { k24 : -1597402924 , id : CASE WHEN FALSE THEN NULL ELSE 147 END } ) < - [ r1 : T4 { id : reduce(a=148 ,b IN []|a) } ] - ( { id : 149 } ) - [ : T6 { id : reduce(a=150 ,b IN []|a) } ] - > ( { id : 151 } ) CREATE ( n2 { id : 152 } ) < - [ : T4 { k64 : 'q' , id : CASE WHEN TRUE THEN 153 END } ] - ( n3 { k24 : -1126997358 , id : 154 } ) CREATE (m0{ id : 155 } )CREATE (m0)< - [ : T4 { id : 156 } ] - ( { k27 : reduce(a=1613625002 ,b IN []|a) , id : 157 } ) - [ r2 : T6 { id : 158 } ] - > ( n4 { k4 : NULL , id : 159 } ) CREATE ( n5 { id : 160 } ) - [ : T4 { k64 : '6pB' , id : 161 } ] - > ( n6 : L4 { id : 162 } ) - [ r3 : T4 { id : 163 } ] - > ( { id : 164 } ) WITH * RETURN reduce(a=1 ,b IN []|a) AS a2 SKIP 1 ;
MATCH (a) RETURN a;
MATCH (a) RETURN a;
MATCH (b)-[a]->(c) RETURN a;
MATCH (b)-[a]->(c) RETURN a;
CALL{WITH * CREATE ({id:165})<-[r0 :T4{id:166}]-({id:167}), ({id:168})-[ :T4{id:169}]->( :L4{k23:NULL, id:170}) WITH * RETURN 1 AS a1} MATCH () MERGE p0=({id:171})-[r1 :T4{k63:false, id:172}]-({id:173}) RETURN p0 AS a2;
CALL { WITH * CREATE (m0{ id : 165 } )CREATE (m0)< - [ r0 : T4 { id : 166 } ] - ( { id : 167 } ) CREATE ( { id : 168 } ) - [ : T4 { id : 169 } ] - > ( : L4 { k23 : NULL , id : 170 } ) WITH * WITH * WITH * RETURN 1 AS a1 } WITH * MATCH () UNWIND [1] as l0 MERGE p0 = ( { id : 171 } ) - [ r1 : T4 { k63 : false , id : reduce(a=172 ,b IN []|a) } ] - ( { id : 173 } ) WITH * OPTIONAL MATCH ()-[:TYPE]-() RETURN p0 AS a2 ;
MATCH (a) RETURN a;
MATCH (a) RETURN a;
MATCH (b)-[a]->(c) RETURN a;
MATCH (b)-[a]->(c) RETURN a;
FOREACH(a0 IN [[endNode(NULL), CASE WHEN false THEN NULL END], NULL]|CREATE ({k28:NULL, id:174})-[ :T4{k67:-1453455931, id:175}]->(n0 :L4{k23:-1674601463, id:176})-[ :T4{id:177}]->(n1 :L4{id:178}), (n2 :L4{id:179})-[ :T6{id:180}]->(n3{id:181}) MERGE ({k23:418604752, id:182})-[r0 :T4{id:183}]->({id:184}) CREATE ({id:185}), ({k24:NULL, id:186})) MERGE ({k29:'jGOT3', id:187})-[r1 :T6{k81:true, id:188}]-( :L0{id:189})-[r2 :T0{k41:'XUGD', id:190}]->({id:191}) DETACH DELETE r2,r1  RETURN 1 AS a1;
FOREACH ( a0 IN reduce(a=[ [ reduce(a=endNode ( NULL ) ,b IN []|a) , CASE WHEN false THEN NULL END ] , NULL ] ,b IN []|a) | CREATE ( { k28 : CASE WHEN TRUE THEN NULL END , id : 174 } ) - [ : T4 { k67 : -1453455931 , id : 175 } ] - > ( n0 : L4 { k23 : CASE WHEN TRUE THEN -1674601463 END , id : reduce(a=176 ,b IN []|a) } ) - [ : T4 { id : 177 } ] - > ( n1 : L4 { id : 178 } ) CREATE ( n2 : L4 { id : 179 } ) - [ : T6 { id : 180 } ] - > ( n3 { id : 181 } ) MERGE ( { k23 : 418604752 , id : CASE WHEN TRUE THEN 182 END } ) - [ r0 : T4 { id : 183 } ] - > ( { id : CASE WHEN FALSE THEN NULL ELSE 184 END } ) CREATE (c0{id:-1}) DELETE (c0) CREATE ( { id : 185 } ) CREATE ( { k24 : CASE WHEN TRUE THEN NULL END , id : 186 } ) SET (NULL).NULL=1 ) MERGE ( { k29 : reduce(a='jGOT3' ,b IN []|a) , id : 187 } ) - [ r1 : T6 { k81 : reduce(a=true ,b IN []|a) , id : 188 } ] - ( : L0 { id : 189 } ) - [ r2 : T0 { k41 : 'XUGD' , id : 190 } ] - > ( { id : CASE WHEN FALSE THEN NULL ELSE 191 END } ) CREATE (c1{id:-1}) DELETE (c1) DETACH DELETE r2 , r1 CREATE (c2{id:-1}) DELETE (c2) RETURN 1 AS a1 ;
MATCH (a) RETURN a;
MATCH (a) RETURN a;
MATCH (b)-[a]->(c) RETURN a;
MATCH (b)-[a]->(c) RETURN a;
CREATE p0=(n0{id:192})<-[r0 :T0{id:193}]-(n1{k3:NULL, id:194}) MERGE (n2{id:195})<-[r1 :T0{id:196}]-(n3{id:197}) MERGE ({k29:'XsxPA4', id:198}) RETURN n3 AS a0, CASE WHEN (r1.k36) THEN n3 END AS a1;
CREATE p0 = ( n0 { id : 192 } ) < - [ r0 : T0 { id : 193 } ] - ( n1 { k3 : NULL , id : 194 } ) WITH * OPTIONAL MATCH ()-[:TYPE]-() MERGE ( n2 { id : 195 } ) < - [ r1 : T0 { id : 196 } ] - ( n3 { id : 197 } ) MERGE ( { k29 : 'XsxPA4' , id : 198 } ) RETURN n3 AS a0 , CASE WHEN ( r1 . k36 ) THEN CASE WHEN FALSE THEN NULL ELSE n3 END END AS a1 LIMIT 1 ;
MATCH (a) RETURN a;
MATCH (a) RETURN a;
MATCH (b)-[a]->(c) RETURN a;
MATCH (b)-[a]->(c) RETURN a;
MERGE (n0{id:199})-[r0 :T4{id:200}]->({id:201}) MERGE (n1 :L4{k26:false, id:202})-[ :T4{id:203}]-(n2{id:204}) SET n2.k=(n1.k27) RETURN 1 AS a0, n0 AS a1 LIMIT 0;
MERGE pp0=( n0 { id : 199 } ) - [ r0 : T4 { id : 200 } ] - > ( { id : CASE WHEN FALSE THEN NULL ELSE 201 END } ) MERGE ( n1 : L4 { k26 : false , id : 202 } ) - [ : T4 { id : 203 } ] - ( n2 { id : reduce(a=204 ,b IN []|a) } ) SET n2 . k = ( reduce(a=n1 . k27 ,b IN []|a) ) WITH * OPTIONAL MATCH ()-[:TYPE]-() RETURN 1 AS a0 , n0 AS a1 LIMIT 0 ;
MATCH (a) RETURN a;
MATCH (a) RETURN a;
MATCH (b)-[a]->(c) RETURN a;
MATCH (b)-[a]->(c) RETURN a;
OPTIONAL MATCH ()-[*0..0]-() WHERE NULL MERGE p0=(n0{id:205})-[r0 :T6{k79:false, id:206}]-( :L2{id:207}) MERGE p1=({id:208})<-[r1 :T4{id:209}]-({id:210}) RETURN 1 AS a0, n0 AS a1;
OPTIONAL MATCH ( ) - [ * 0 .. 0 ] - ( ) WHERE NULL MERGE p0 = ( n0 { id : 205 } ) - [ r0 : T6 { k79 : false , id : 206 } ] - ( : L2 { id : CASE WHEN FALSE THEN NULL ELSE 207 END } ) MERGE p1 = ( { id : 208 } ) < - [ r1 : T4 { id : reduce(a=209 ,b IN []|a) } ] - ( { id : reduce(a=210 ,b IN []|a) } ) WITH * OPTIONAL MATCH ()-[:TYPE]-() RETURN 1 AS a0 , n0 AS a1 ;
MATCH (a) RETURN a;
MATCH (a) RETURN a;
MATCH (b)-[a]->(c) RETURN a;
MATCH (b)-[a]->(c) RETURN a;
MATCH (), ()-[r0]-()-[r1]-() UNWIND NULL AS a0 MERGE (n0{id:211}) RETURN 1 AS a1;
MATCH ( ) ,( ) - [ r0 ] - ( ) - [ r1 ] - ( ) CREATE (c0{id:-1}) DELETE (c0) WITH * UNWIND NULL AS a0 UNWIND [NULL] as l0 MERGE ( n0 { id : reduce(a=211 ,b IN []|a) } ) RETURN CASE WHEN FALSE THEN NULL ELSE 1 END AS a1 SKIP 1 ;
MATCH (a) RETURN a;
MATCH (a) RETURN a;
MATCH (b)-[a]->(c) RETURN a;
MATCH (b)-[a]->(c) RETURN a;
MATCH (n0) WHERE false DETACH DELETE n0  CREATE ({id:212})<-[ :T0{id:213}]-({id:214}), (n1 :L4{id:215}) RETURN 1 AS a0;
MATCH (n0) WHERE CASE WHEN TRUE THEN false END OPTIONAL MATCH ()-[:TYPE]-() DETACH DELETE n0 DETACH DELETE (NULL) CREATE ( { id : CASE WHEN TRUE THEN 212 END } ) < - [ : T0 { id : 213 } ] - ( { id : 214 } ) CREATE ( n1 : L4 { id : CASE WHEN TRUE THEN 215 END } ) WITH * RETURN DISTINCT CASE WHEN TRUE THEN 1 END AS a0 LIMIT 1 ;
MATCH (a) RETURN a;
MATCH (a) RETURN a;
MATCH (b)-[a]->(c) RETURN a;
MATCH (b)-[a]->(c) RETURN a;
OPTIONAL MATCH (), p1=() UNWIND NULL AS a4 CREATE ( :L4{id:216}), (n3{k24:-1639246065, id:217})-[r2 :T4{id:218}]->({k25:1450973391, id:219}) RETURN 1 AS a5, a4 AS a6 ORDER BY a6 DESC UNION ALL MATCH ({k26:NULL})-[]-(n0), ()-[*0..0]-() SET n0.k=NULL DETACH DELETE n0,NULL  RETURN NULL AS a5, 1 AS a6 ORDER BY a6 DESC;
OPTIONAL MATCH ( ) ,p1 = ( ) UNWIND NULL AS a4 UNWIND [NULL] as l0 CREATE ( : L4 { id : 216 } ) CREATE ( n3 { k24 : -1639246065 , id : 217 } ) - [ r2 : T4 { id : 218 } ] - > ( { k25 : CASE WHEN TRUE THEN 1450973391 END , id : 219 } ) RETURN 1 AS a5 , a4 AS a6 ORDER BY a6 DESC UNION ALL MATCH ( { k26 : NULL } ) - [ ] - ( n0 ) ,( ) - [ * 0 .. 0 ] - ( ) WITH * SET n0 . k = NULL WITH * UNWIND [1] as l1 DETACH DELETE CASE WHEN TRUE THEN n0 END , NULL RETURN NULL AS a5 , 1 AS a6 ORDER BY a6 DESC ;
MATCH (a) RETURN a;
MATCH (a) RETURN a;
MATCH (b)-[a]->(c) RETURN a;
MATCH (b)-[a]->(c) RETURN a;
CREATE p0=(n0 :L0{id:220}), (n1{k33:NULL, id:221})<-[ :T0{k37:NULL, id:222}]-( :L2{k15:NULL, id:223})<-[r0 :T6{k80:(((('Ru' ENDS WITH 'l') OR (('S' <= '4') OR (-1446498788 >= -153176425))) OR (true AND NULL)) AND NULL), id:224}]-(n2 :L4{k29:'2VS', id:225}) MERGE (n3{k13:true, id:226}) MERGE ({id:227}) RETURN 1 AS a0;
CREATE p0 = ( n0 : L0 { id : 220 } ) CREATE ( n1 { k33 : NULL , id : 221 } ) < - [ : T0 { k37 : NULL , id : 222 } ] - ( : L2 { k15 : NULL , id : 223 } ) < - [ r0 : T6 { k80 : ( ( reduce(a=( CASE WHEN TRUE THEN ( 'Ru' ENDS WITH 'l' ) OR ( ( 'S' <= '4' ) OR ( -1446498788 >= -153176425 ) ) END ) OR ( true AND NULL ) ,b IN []|a) ) AND NULL ) , id : CASE WHEN TRUE THEN 224 END } ] - ( n2 : L4 { k29 : (''+'2VS' ), id : CASE WHEN TRUE THEN 225 END } ) MERGE ( n3 { k13 : true , id : 226 } ) MERGE ( { id : reduce(a=227 ,b IN []|a) } ) CREATE (c0{id:-1}) DELETE (c0) RETURN 1 AS a0 ;
MATCH (a) RETURN a;
MATCH (a) RETURN a;
MATCH (b)-[a]->(c) RETURN a;
MATCH (b)-[a]->(c) RETURN a;
OPTIONAL MATCH p0=(n0{k28:NULL})<-[]-(n1 :L4)-[r0]->() DETACH DELETE n1,n0  CREATE (n2{id:228}), ( :L4{id:229})<-[r1 :T4{id:230}]-({k26:NULL, id:231})-[ :T6{id:232}]->( :L0{k15:false, id:233}) RETURN 1 AS a0;
OPTIONAL MATCH p0 = ( n0 { k28 : NULL } ) < - [ ] - ( n1 : L4 ) - [ r0 ] - > ( ) SET (NULL).TRUE=1 DETACH DELETE n1 , n0 WITH * OPTIONAL MATCH ()-[:TYPE]-() CREATE ( n2 { id : 228 } ) CREATE ( : L4 { id : 229 } ) < - [ r1 : T4 { id : 230 } ] - ( { k26 : NULL , id : 231 } ) - [ : T6 { id : 232 } ] - > ( : L0 { k15 : false , id : 233 } ) RETURN reduce(a=1 ,b IN []|a) AS a0 ;
MATCH (a) RETURN a;
MATCH (a) RETURN a;
MATCH (b)-[a]->(c) RETURN a;
MATCH (b)-[a]->(c) RETURN a;
CREATE p0=( :L4{id:234}), (n0{id:235})-[r0 :T6{k82:NULL, id:236}]->( :L0{id:237}) CREATE ({id:238})-[r1 :T4{id:239}]->(n1{id:240}) MERGE ({k28:832797096, id:241})-[r2 :T6{id:242}]->({k15:false, id:243})-[r3 :T0{id:244}]->({k30:-1827311664, id:245}) RETURN collect(nodes(NULL)[abs(629299779)])[abs(2116155571)] AS a0;
CREATE p0 = ( : L4 { id : 234 } ) CREATE ( :L0{id:237})<-[ r0 : T6 { k82 : NULL , id : CASE WHEN FALSE THEN NULL ELSE 236 END } ] -( n0 { id : 235 } ) CREATE ( { id : 238 } ) - [ r1 : T4 { id : 239 } ] - > ( n1 { id : 240 } ) DETACH DELETE (NULL) MERGE ( { k28 : CASE WHEN FALSE THEN NULL ELSE 832797096 END , id : 241 } ) - [ r2 : T6 { id : 242 } ] - > ( { k15 : false , id : 243 } ) - [ r3 : T0 { id : 244 } ] - > ( { k30 : -1827311664 , id : 245 } ) SET (NULL).FALSE=1 RETURN collect ( nodes ( NULL ) [ abs ( 629299779 ) ] ) [ abs ( CASE WHEN TRUE THEN 2116155571 END ) ] AS a0 ;
MATCH (a) RETURN a;
MATCH (a) RETURN a;
MATCH (b)-[a]->(c) RETURN a;
MATCH (b)-[a]->(c) RETURN a;
UNWIND [('RGt'+NULL)] AS a0 OPTIONAL MATCH ()-[r0]->() CREATE ( :L4{id:246})-[ :T4{id:247}]->({k23:-979939132, id:248})<-[r1 :T4{k67:NULL, id:249}]-(n0 :L4{id:250}) RETURN 1 AS a1, r0 AS a2;
UNWIND [ ( 'RGt' + NULL ) ] AS a0 UNWIND [1] as l0 OPTIONAL MATCH ()-[*0..0]-( ) - [ r0 ] - > ( ) DELETE NULL CREATE ( : L4 { id : 246 } ) - [ : T4 { id : 247 } ] - > ( { k23 : -979939132 , id : 248 } ) < - [ r1 : T4 { k67 : NULL , id : 249 } ] - ( n0 : L4 { id : 250 } ) RETURN 1 AS a1 , r0 AS a2 ;
MATCH (a) RETURN a;
MATCH (a) RETURN a;
MATCH (b)-[a]->(c) RETURN a;
MATCH (b)-[a]->(c) RETURN a;
MERGE ( :L4{id:251})-[r0 :T4{k62:'mU', id:252}]-(n0{id:253}) DETACH DELETE n0,NULL  CREATE p0=(n1{id:254})-[ :T4{id:255}]->({id:256})-[ :T4{k66:NULL, id:257}]->( :L4{id:258}) RETURN 1 AS a0;
MERGE ( : L4 { id : 251 } ) - [ r0 : T4 { k62 : reduce(a=(''+'mU' ),b IN []|a) , id : CASE WHEN FALSE THEN NULL ELSE 252 END } ] - ( n0 { id : 253 } ) WITH * OPTIONAL MATCH ()-[:TYPE]-() DETACH DELETE n0 , NULL WITH * OPTIONAL MATCH ()-[:TYPE]-() CREATE p0 = ( n1 { id : 254 } ) - [ : T4 { id : 255 } ] - > ( { id : 256 } ) - [ : T4 { k66 : CASE WHEN TRUE THEN NULL END , id : 257 } ] - > ( : L4 { id : reduce(a=258 ,b IN []|a) } ) RETURN 1 AS a0 SKIP 1 ;
MATCH (a) RETURN a;
MATCH (a) RETURN a;
MATCH (b)-[a]->(c) RETURN a;
MATCH (b)-[a]->(c) RETURN a;
FOREACH(a0 IN NULL|CREATE ({id:259}), ({id:260})<-[ :T4{k62:NULL, id:261}]-(n3{id:262}) CREATE ( :L5{id:263}), ( :L4{id:264})-[r0 :T4{id:265}]->({id:266})-[r1 :T4{id:267}]->({id:268}) CREATE (n4 :L4{k27:NULL, id:269})<-[ :T4{id:270}]-({k29:'6', id:271})) MERGE ({id:272})-[r2 :T4{id:273}]-(n5{k24:578907378, id:274})-[r3 :T4{id:275}]->({id:276}) DETACH DELETE r3,r2  RETURN n5 AS a1, 1 AS a2;
FOREACH ( a0 IN NULL | CREATE ( { id : 259 } ) CREATE ( { id : reduce(a=260 ,b IN []|a) } ) < - [ : T4 { k62 : CASE WHEN TRUE THEN NULL END , id : 261 } ] - ( n3 { id : 262 } ) CREATE ( : L5 { id : CASE WHEN TRUE THEN 263 END } ) CREATE ( : L4 { id : 264 } ) - [ r0 : T4 { id : 265 } ] - > ( { id : 266 } ) - [ r1 : T4 { id : 267 } ] - > ( { id : CASE WHEN TRUE THEN 268 END } ) CREATE ( n4 : L4 { k27 : NULL , id : 269 } ) < - [ : T4 { id : CASE WHEN TRUE THEN 270 END } ] - ( { k29 : '6' , id : 271 } ) CREATE (c0{id:-1}) DELETE (c0) ) DETACH DELETE NULL MERGE ( { id : 272 } ) - [ r2 : T4 { id : 273 } ] - ( n5 { k24 : 578907378 , id : 274 } ) - [ r3 : T4 { id : 275 } ] - > ( { id : CASE WHEN TRUE THEN 276 END } ) DETACH DELETE r3 , r2 WITH * UNWIND [NULL] as l0 RETURN n5 AS a1 , 1 AS a2 ;
MATCH (a) RETURN a;
MATCH (a) RETURN a;
MATCH (b)-[a]->(c) RETURN a;
MATCH (b)-[a]->(c) RETURN a;
CREATE (n0 :L4{id:277})-[r0 :T6{id:278}]->(n1{id:279}), ({k23:NULL, id:280})<-[ :T4{k63:false, id:281}]-(n2{k28:1163915839, id:282}) CREATE ({id:283}), (n3 :L4{id:284}) CREATE (n4 :L4{id:285})-[ :T4{id:286}]->(n5{id:287}), (n6{id:288})<-[r1 :T6{id:289}]-( :L4{id:290})-[r2 :T4{id:291}]->(n7{id:292}) RETURN 1 AS a0, 1 AS a1;
CREATE (n0: L4 { id : 277 } )CREATE (n0)- [ r0 : T6 { id : 278 } ] - > ( n1 { id : CASE WHEN TRUE THEN 279 END } ) CREATE ( { k23 : NULL , id : 280 } ) < - [ : T4 { k63 : false , id : 281 } ] - ( n2 { k28 : 1163915839 , id : 282 } ) CREATE ( { id : 283 } ) CREATE ( n3 : L4 { id : 284 } ) CREATE ( n4 : L4 { id : 285 } ) - [ : T4 { id : reduce(a=286 ,b IN []|a) } ] - > ( n5 { id : 287 } ) CREATE ( n6 { id : 288 } ) < - [ r1 : T6 { id : 289 } ] - ( : L4 { id : 290 } ) - [ r2 : T4 { id : 291 } ] - > ( n7 { id : 292 } ) CREATE (c0{id:-1}) DELETE (c0) RETURN 1 AS a0 , 1 AS a1 ;
MATCH (a) RETURN a;
MATCH (a) RETURN a;
MATCH (b)-[a]->(c) RETURN a;
MATCH (b)-[a]->(c) RETURN a;
CREATE p0=(n4 :L2 :L0{k17:NULL, id:293}), (n5{k27:NULL, id:294}) CREATE ({id:295})<-[ :T4{id:296}]-(n6{id:297}) MERGE ( :L2{id:298}) RETURN 1 AS a1, 1 AS a2 LIMIT 0;
CREATE p0 = ( n4 : L2 : L0 { k17 : NULL , id : 293 } ) CREATE ( n5 { k27 : NULL , id : reduce(a=294 ,b IN []|a) } ) REMOVE (NULL).NULL CREATE ( { id : 295 } ) < - [ : T4 { id : 296 } ] - ( n6 { id : reduce(a=297 ,b IN []|a) } ) WITH * OPTIONAL MATCH ()-[:TYPE]-() MERGE ( : L2 { id : 298 } ) RETURN CASE WHEN TRUE THEN 1 END AS a1 , 1 AS a2 LIMIT 0 ;
MATCH (a) RETURN a;
MATCH (a) RETURN a;
MATCH (b)-[a]->(c) RETURN a;
MATCH (b)-[a]->(c) RETURN a;
UNWIND [relationships(NULL)[abs(NULL)]] AS a0 CREATE ({id:299})-[r0 :T6{id:300}]->(n0{k14:NULL, id:301})-[ :T0{id:302}]->(n1 :L5{id:303}), ({k24:NULL, id:304}) MERGE ({id:305})-[r1 :T4{k62:'f', id:306}]->(n2{id:307}) RETURN n2 AS a1, 1 AS a2;
UNWIND reduce(a=[ relationships ( NULL ) [ abs ( NULL ) ] ] ,b IN []|a) AS a0 DETACH DELETE NULL CREATE ( { id : 299 } ) - [ r0 : T6 { id : 300 } ] - > ( n0 { k14 : NULL , id : reduce(a=301 ,b IN []|a) } ) - [ : T0 { id : 302 } ] - > ( n1 : L5 { id : 303 } ) CREATE ( { k24 : NULL , id : 304 } ) MERGE ( { id : 305 } ) - [ r1 : T4 { k62 : reduce(a='f' ,b IN []|a) , id : 306 } ] - > ( n2 { id : 307 } ) WITH * UNWIND [1] as l0 RETURN n2 AS a1 , 1 AS a2 ;
MATCH (a) RETURN a;
MATCH (a) RETURN a;
MATCH (b)-[a]->(c) RETURN a;
MATCH (b)-[a]->(c) RETURN a;
CREATE p0=(n3{id:317})-[ :T6{id:318}]->(n4{k14:'saI7', id:319}), ( :L4{k27:NULL, id:320})-[r2 :T6{id:321}]->({id:322}) MERGE ({id:323})-[ :T6{id:324}]->(n5{k16:reduce(a=true,b IN [(reverse('2EgF75pE') STARTS WITH 's'), true]|a), k4:596054406, id:325})-[r3 :T0{id:326}]-({id:327}) CREATE (n6{id:328}) RETURN (r3.k37) AS a6;
CREATE p0 = ( n3 { id : reduce(a=317 ,b IN []|a) } ) - [ : T6 { id : 318 } ] - > ( n4 { k14 : (''+'saI7' ), id : 319 } ) CREATE ( : L4 { k27 : NULL , id : 320 } ) - [ r2 : T6 { id : 321 } ] - > ( { id : 322 } ) SET (NULL).NULL=1 MERGE ( { id : 323 } ) - [ : T6 { id : 324 } ] - > ( n5 { k16 : reduce ( a = true , b IN ([]+[ ( reverse ( '2EgF75pE' ) STARTS WITH 's' ) , true ] )| a ) , k4 : 596054406 , id : 325 } ) - [ r3 : T0 { id : CASE WHEN FALSE THEN NULL ELSE 326 END } ] - ( { id : 327 } ) WITH * OPTIONAL MATCH ()-[:TYPE]-() CREATE ( n6 { id : 328 } ) WITH * OPTIONAL MATCH ()-[:TYPE]-() RETURN ( r3 . k37 ) AS a6 ;
MATCH (a) RETURN a;
MATCH (a) RETURN a;
MATCH (b)-[a]->(c) RETURN a;
MATCH (b)-[a]->(c) RETURN a;
CALL{WITH * OPTIONAL MATCH (n0)-[r0 :T4{k62:NULL}]-(n1) WHERE (r0.k63) MERGE (n2 :L5{id:329})<-[ :T4{k68:true, id:330}]-(n3 :L0{id:331}) RETURN n0 AS a1} MERGE ( :L2{k0:true, id:332}) SET a1.k=(NULL CONTAINS type(relationships(NULL)[abs(-160573212)])) RETURN 1 AS a2, 1 AS a3;
CALL { WITH * UNWIND [NULL] as l0 OPTIONAL MATCH ( n0 ) - [ r0 : T4 { k62 : CASE WHEN TRUE THEN NULL END } ] - ( n1 ) WHERE ( r0 . k63 ) MERGE ( n2 : L5 { id : CASE WHEN FALSE THEN NULL ELSE 329 END } ) < - [ : T4 { k68 : CASE WHEN FALSE THEN NULL ELSE true END , id : 330 } ] - ( n3 : L0 { id : 331 } ) DETACH DELETE (NULL) RETURN n0 AS a1 ORDER BY 1 } UNWIND [NULL] as l1 MERGE ( : L2 { k0 : true , id : 332 } ) SET a1 . k = ( NULL CONTAINS (''+type ( CASE WHEN FALSE THEN NULL ELSE relationships ( CASE WHEN TRUE THEN NULL END ) [ abs ( -160573212 ) ] END ) )) WITH * RETURN 1 AS a2 , 1 AS a3 LIMIT 1 ;
MATCH (a) RETURN a;
MATCH (a) RETURN a;
MATCH (b)-[a]->(c) RETURN a;
MATCH (b)-[a]->(c) RETURN a;
CREATE (n0 :L4{id:333}), ({id:334})-[r0 :T4{id:335}]->(n1{id:336})-[ :T4{id:337}]->(n2 :L4{k29:'OV', id:338}) MERGE ( :L5{id:339})<-[r1 :T0{id:340}]-(n3 :L2{k13:true, k0:false, id:341})<-[r2 :T6{k82:true, id:342}]-(n4{id:343}) DETACH DELETE n4,n3  RETURN 1 AS a0;
CREATE ( n0 : L4 { id : reduce(a=333 ,b IN []|a) } ) CREATE (m0{ id : CASE WHEN TRUE THEN 334 END } )CREATE (m0)- [ r0 : T4 { id : 335 } ] - > ( n1 { id : 336 } ) - [ : T4 { id : 337 } ] - > ( n2 : L4 { k29 : reduce(a='OV' ,b IN []|a) , id : reduce(a=338 ,b IN []|a) } ) REMOVE (NULL).TRUE MERGE ( : L5 { id : 339 } ) < - [ r1 : T0 { id : 340 } ] - ( n3 : L2 { k13 : CASE WHEN FALSE THEN NULL ELSE true END , k0 : false , id : 341 } ) < - [ r2 : T6 { k82 : true , id : reduce(a=342 ,b IN []|a) } ] - ( n4 { id : 343 } ) WITH * OPTIONAL MATCH ()-[:TYPE]-() DETACH DELETE n4 , n3 SET (NULL).k=1 RETURN DISTINCT 1 AS a0 ;
MATCH (a) RETURN a;
MATCH (a) RETURN a;
MATCH (b)-[a]->(c) RETURN a;
MATCH (b)-[a]->(c) RETURN a;
MERGE ({k26:false, id:344})-[r0 :T6{id:345}]->(n0 :L0{id:346}) CREATE ({k29:(n0.k2), id:347})-[r1 :T6{k77:(r0.k76), id:348}]->({k13:(NULL ENDS WITH (n0.k2)), k1:-1140421821, id:349}) MERGE (n1 :L4{id:350})-[ :T6{k80:false, id:351}]->( :L0{id:352})-[r2 :T0{id:353}]->({id:354}) RETURN (n0.k0) AS a0, n1 AS a1;
MERGE pp0=( { k26 : false , id : 344 } ) - [ r0 : T6 { id : 345 } ] - > ( n0 : L0 { id : 346 } ) CREATE ( { k29 : reduce(a=( n0 . k2 ) ,b IN []|a) , id : 347 } ) - [ r1 : T6 { k77 : reduce(a=( r0 . k76 ) ,b IN []|a) , id : reduce(a=348 ,b IN []|a) } ] - > ( { k13 : ( NULL ENDS WITH ( n0 . k2 ) ) , k1 : -1140421821 , id : 349 } ) CREATE (c0{id:-1}) DELETE (c0) MERGE ( n1 : L4 { id : 350 } ) - [ : T6 { k80 : false , id : 351 } ] - > ( : L0 { id : 352 } ) - [ r2 : T0 { id : 353 } ] - > ( { id : 354 } ) REMOVE (NULL).k RETURN ( n0 . k0 ) AS a0 , n1 AS a1 ;
MATCH (a) RETURN a;
MATCH (a) RETURN a;
MATCH (b)-[a]->(c) RETURN a;
MATCH (b)-[a]->(c) RETURN a;
MATCH (), (n0)-[r0]-(n1) WHERE true DETACH DELETE n0  CREATE (n2{k25:304680606, id:355})-[r1 :T4{id:356}]->(n3{id:357})<-[r2 :T4{id:358}]-( :L4{id:359}), (n4{id:360})-[r3 :T4{id:361}]->({k23:NULL, id:362})-[r4 :T4{k62:'OD', id:363}]->({id:364}) RETURN *;
MATCH ( ) ,( n0 ) - [ r0 ] - ( n1 ) WHERE true DETACH DELETE n0 CREATE ( n2 { k25 : 304680606 , id : 355 } ) - [ r1 : T4 { id : CASE WHEN TRUE THEN 356 END } ] - > ( n3 { id : 357 } ) < - [ r2 : T4 { id : CASE WHEN TRUE THEN 358 END } ] - ( : L4 { id : 359 } ) CREATE ( n4 { id : CASE WHEN FALSE THEN NULL ELSE 360 END } ) - [ r3 : T4 { id : 361 } ] - > ( { k23 : NULL , id : CASE WHEN TRUE THEN 362 END } ) - [ r4 : T4 { k62 : ('OD' +'') , id : 363 } ] - > ( { id : CASE WHEN FALSE THEN NULL ELSE 364 END } ) WITH * OPTIONAL MATCH ()-[:TYPE]-() RETURN * ;
MATCH (a) RETURN a;
MATCH (a) RETURN a;
MATCH (b)-[a]->(c) RETURN a;
MATCH (b)-[a]->(c) RETURN a;
WITH DISTINCT * SKIP 1 LIMIT 0 WHERE ('52X' STARTS WITH 'prDb6') OPTIONAL MATCH (n0), (n1)-[ :T6{k77:942257211}]-(n2) WHERE (NULL <> NULL) CREATE (n3{id:365}), ({id:366})-[ :T6{id:367}]->(n4{id:368})-[ :T0{id:369}]->( :L5{id:370}) RETURN n2 AS a0;
WITH DISTINCT * SKIP 1 LIMIT 0 WHERE ( '52X' STARTS WITH 'prDb6' ) WITH * OPTIONAL MATCH (n0)-[*0..0]-( n0 ) ,( n1 ) - [ : T6 { k77 : 942257211 } ] - ( n2 ) WHERE ( NULL <> NULL ) UNWIND [1] as l0 CREATE ( n3 { id : 365 } ) CREATE ( { id : 366 } ) - [ : T6 { id : 367 } ] - > ( n4 { id : 368 } ) - [ : T0 { id : 369 } ] - > ( : L5 { id : 370 } ) WITH * UNWIND [NULL] as l1 RETURN n2 AS a0 ORDER BY FALSE ;
MATCH (a) RETURN a;
MATCH (a) RETURN a;
MATCH (b)-[a]->(c) RETURN a;
MATCH (b)-[a]->(c) RETURN a;
WITH * ORDER BY NULL WHERE (NULL OR false) MERGE (n2 :L4{id:371})<-[r1 :T4{id:372}]-({id:373}) DETACH DELETE n2  RETURN 1 AS a0 ORDER BY (-834465368 = (-47030110*1880468076)) DESC;
WITH * ORDER BY NULL WHERE ( NULL OR false ) MERGE ( n2 : L4 { id : 371 } ) < - [ r1 : T4 { id : reduce(a=372 ,b IN []|a) } ] - ( { id : 373 } ) WITH * DETACH DELETE reduce(a=n2 ,b IN []|a) SET (NULL).NULL=1 RETURN reduce(a=1 ,b IN []|a) AS a0 ORDER BY (-834465368 = (-47030110*1880468076)) DESC ;
MATCH (a) RETURN a;
MATCH (a) RETURN a;
MATCH (b)-[a]->(c) RETURN a;
MATCH (b)-[a]->(c) RETURN a;
CALL{WITH * WITH * WHERE (NULL <= NULL) MERGE ({id:374})-[r0 :T4{id:375}]-(n0{id:376})-[r1 :T6{id:377}]->({k16:false, id:378}) RETURN n0 AS a2 LIMIT 1} UNWIND NULL AS a3 DETACH DELETE a2,a2  RETURN 1 AS a4 LIMIT 0;
CALL { WITH * WITH * WITH * WHERE ( NULL <= NULL ) UNWIND [NULL] as l0 MERGE ( { id : 374 } ) - [ r0 : T4 { id : 375 } ] - ( n0 { id : 376 } ) - [ r1 : T6 { id : 377 } ] - > ( { k16 : false , id : CASE WHEN FALSE THEN NULL ELSE 378 END } ) RETURN n0 AS a2 LIMIT 1 } CREATE (c0{id:-1}) DELETE (c0) WITH * UNWIND NULL AS a3 OPTIONAL MATCH ()-[:TYPE]-() FOREACH(f in [1]|DETACH DELETE a2 , a2 ) WITH * RETURN 1 AS a4 LIMIT 0 ;
MATCH (a) RETURN a;
MATCH (a) RETURN a;
MATCH (b)-[a]->(c) RETURN a;
MATCH (b)-[a]->(c) RETURN a;
UNWIND [NULL, false] AS a0 OPTIONAL MATCH (n0)-[r0]-() SET n0.k=NULL RETURN n0 AS a1, 1 AS a2 ORDER BY a1, a2 DESC;
UNWIND [ NULL , false ] AS a0 UNWIND [NULL] as l0 OPTIONAL MATCH (n0),()<-[r0]-(),(nn0) WHERE exists((n0)-[r0]-(nn0)) SET n0 . k = NULL DELETE NULL RETURN reduce(a=n0 ,b IN []|a) AS a1 , 1 AS a2 ORDER BY a1, a2 DESC ;
MATCH (a) RETURN a;
MATCH (a) RETURN a;
MATCH (b)-[a]->(c) RETURN a;
MATCH (b)-[a]->(c) RETURN a;
WITH * OPTIONAL MATCH ()<-[]-(n0)<-[*..2]-(n1), p1=()-[*0..0]-()-[ :T4{k67:-2}]->(n2 :L4{k29:NULL}) CREATE ( :L2 :L0{k15:false, id:379}), ( :L4{k24:(1367713282*(-1464285296*1119630677)), id:380}) RETURN 1 AS a2;
WITH * OPTIONAL MATCH ( ) < - [ ] - ( n0 ) < - [ * .. 2 ] - ( n1 ) ,p1 = ( ) - [ * 0 .. 0 ] - ( ) - [ : T4 { k67 : -2 } ] - > ( n2 : L4 { k29 : NULL } ) WHERE TRUE CREATE ( : L2 : L0 { k15 : reduce(a=false ,b IN []|a) , id : CASE WHEN FALSE THEN NULL ELSE 379 END } ) CREATE ( : L4 { k24 : ( 1367713282 * ( -1464285296 * 1119630677 ) ) , id : 380 } ) REMOVE (NULL).NULL RETURN reduce(a=1 ,b IN []|a) AS a2 ;
MATCH (a) RETURN a;
MATCH (a) RETURN a;
MATCH (b)-[a]->(c) RETURN a;
MATCH (b)-[a]->(c) RETURN a;
FOREACH(a0 IN NULL|CREATE (n0 :L5{id:381})<-[ :T4{id:382}]-({id:383}), ({id:384})-[ :T4{id:385}]->({id:386}) MERGE (n1{id:387})-[r0 :T4{id:388}]->(n2 :L4{id:389})-[r1 :T4{id:390}]->({k24:-1126991242, id:391}) MERGE (n3{id:392})) MERGE ( :L5{id:393})<-[ :T4{id:394}]-({k5:false, id:395}) MERGE (n4 :L5{id:396}) RETURN (n4.k34) AS a1;
FOREACH ( a0 IN NULL | CREATE ( n0 : L5 { id : 381 } ) < - [ : T4 { id : 382 } ] - ( { id : 383 } ) CREATE (m0{ id : 384 } )CREATE (m0)- [ : T4 { id : 385 } ] - > ( { id : 386 } ) MERGE ( n1 { id : CASE WHEN FALSE THEN NULL ELSE 387 END } ) - [ r0 : T4 { id : 388 } ] - > ( n2 : L4 { id : 389 } ) - [ r1 : T4 { id : 390 } ] - > ( { k24 : -1126991242 , id : 391 } ) CREATE (c0{id:-1}) DELETE (c0) MERGE ( n3 { id : 392 } ) ) SET (NULL).FALSE=1 MERGE ( : L5 { id : 393 } ) < - [ : T4 { id : 394 } ] - ( { k5 : reduce(a=false ,b IN []|a) , id : CASE WHEN TRUE THEN 395 END } ) MERGE ( n4 : L5 { id : 396 } ) RETURN ( n4 . k34 ) AS a1 SKIP 1 ;
MATCH (a) RETURN a;
MATCH (a) RETURN a;
MATCH (b)-[a]->(c) RETURN a;
MATCH (b)-[a]->(c) RETURN a;
FOREACH(a0 IN nodes(NULL)|CREATE ( :L2{id:397})<-[r0 :T6{id:398}]-( :L4{id:399})-[r1 :T4{id:400}]->(n0{id:401}) CREATE (n1{id:402}) CREATE (n2 :L2 :L0{id:403})<-[ :T4{id:404}]-({k33:-1727339270, id:405}), (n3 :L2{k17:('fVN6O'+'U'), id:406})) MERGE ({id:407})-[r2 :T4{k65:false, id:408}]-(n4{k24:1193588206, id:409})-[r3 :T4{id:410}]-({id:411}) SET n4.k='WpeaT' RETURN n4 AS a1, n4 AS a2;
FOREACH ( a0 IN nodes ( NULL ) | CREATE ( : L2 { id : 397 } ) < - [ r0 : T6 { id : reduce(a=398 ,b IN []|a) } ] - ( : L4 { id : 399 } ) - [ r1 : T4 { id : 400 } ] - > ( n0 { id : 401 } ) CREATE ( n1 { id : 402 } ) CREATE (c0{id:-1}) DELETE (c0) CREATE ({k33:-1727339270, id:405})-[ : T4 { id : CASE WHEN TRUE THEN 404 END } ] ->( n2 : L2 : L0 { id : 403 } ) CREATE ( n3 : L2 { k17 : reduce(a=( 'fVN6O' + 'U' ) ,b IN []|a) , id : 406 } ) ) WITH * MERGE ( { id : 407 } ) - [ r2 : T4 { k65 : false , id : 408 } ] - ( n4 { k24 : 1193588206 , id : 409 } ) - [ r3 : T4 { id : reduce(a=410 ,b IN []|a) } ] - ( { id : 411 } ) WITH * SET n4 . k = 'WpeaT' WITH * RETURN n4 AS a1 , n4 AS a2 ;
