-- Time: 2024/07/05 16:33:12
-- Database: memgraph_database92
-- Database version: composite
-- seed value: 1720168297067
CREATE (n0 {id : 0});
CREATE (n0 :L3{k17 : 'jzv', k19 : 'nfEZp1cHA', k18 : 1797209422, k20 : 'I', id : 1, k21 : -381486823, k23 : -816216153});
CREATE (n0 :L4{k28 : '6FxzD', k27 : false, k29 : 1343445485, k30 : true, id : 2, k24 : true, k26 : 1705963287, k25 : -1443749884});
CREATE (n0 :L4:L2{k30 : true, k24 : false, k13 : 1418450021, k12 : false, k26 : 150269145, k15 : true, k25 : 1069783617, k14 : true, k28 : 'QWK', k27 : false, k16 : 'D26k', k29 : 1664938843, id : 3});
MATCH (n0 {id : 3}), (n1 {id : 3}) MERGE(n0)-[r :T4{k60 : false, k55 : 1094636069, id : 4, k57 : false, k56 : 'LkUCSTfL9', k59 : 1394254395, k58 : 601008409}]->(n1);
MATCH (n0 {id : 1}), (n1 {id : 1}) MERGE(n0)-[r :T4{k60 : true, k55 : -1410583639, id : 5, k57 : false, k56 : '6', k59 : -498869346, k58 : -106045546}]->(n1);
MATCH (n0 {id : 1}), (n1 {id : 0}) MERGE(n0)-[r :T0{k31 : false, k33 : true, id : 6, k32 : 'H', k35 : true, k34 : 'x8', k37 : true, k36 : -471196700}]->(n1);
MATCH (n0 {id : 1}), (n1 {id : 2}) MERGE(n0)-[r :T5{k62 : '2', k61 : -943687691, k63 : true, k66 : 'w', id : 7}]->(n1);
MATCH (n0 {id : 3}), (n1 {id : 3}) MERGE(n0)-[r :T5{k62 : 'joSH4c53', k61 : 1542305055, k64 : true, k63 : true, k66 : 'O', id : 8, k65 : 878065708}]->(n1);
MATCH (n0 {id : 2}), (n1 {id : 0}) MERGE(n0)-[r :T3{k49 : 'G9yhYki', k51 : 1059894580, k50 : false, k53 : 'V', k52 : 1391487755, id : 9, k54 : true}]->(n1);
CREATE ( :L4{id:10})-[ :T3{id:11}]->({id:12})<-[r0 :T0{k37:NULL, id:13}]-(n0{id:14}) CREATE (n1{k20:NULL, id:15})-[ :T0{id:16}]->(n2{id:17})<-[r1 :T3{id:18}]-(n3 :L4{id:19}) CREATE ({id:20})-[ :T4{k58:NULL, id:21}]->(n4{k18:-1747941992, id:22})-[ :T5{id:23}]->(n5{id:24}), (n6{id:25})<-[r2 :T3{id:26}]-(n7{id:27}) RETURN 1 AS a0;
CREATE ( : L4 { id : 10 } ) - [ : T3 { id : 11 } ] - > ( { id : 12 } ) < - [ r0 : T0 { k37 : NULL , id : 13 } ] - ( n0 { id : 14 } ) WITH * CREATE ( n1 { k20 : NULL , id : reduce(a=15 ,b IN []|a) } ) - [ : T0 { id : 16 } ] - > ( n2 { id : 17 } ) < - [ r1 : T3 { id : 18 } ] - ( n3 : L4 { id : 19 } ) WITH * OPTIONAL MATCH ()-[:TYPE]-() CREATE (n5{id:24})<-[ : T5 { id : 23 } ] -(n4{k18:-1747941992, id:22})<-[ : T4 { k58 : NULL , id : 21 } ] -( { id : CASE WHEN FALSE THEN NULL ELSE 20 END } ) CREATE ( n6 { id : 25 } ) < - [ r2 : T3 { id : 26 } ] - ( n7 { id : 27 } ) WITH * RETURN 1 AS a0 SKIP 1 ;
MATCH (a) RETURN a;
MATCH (a) RETURN a;
MATCH (b)-[a]->(c) RETURN a;
MATCH (b)-[a]->(c) RETURN a;
CREATE ({id:28})-[r0 :T4{id:29}]->({id:30}), p0=({id:31})<-[ :T0{k37:(NULL <= -1869626736), id:32}]-(n0 :L3{k22:-1864651101, id:33})-[r1 :T5{k64:NULL, id:34}]->(n1{id:35}) MERGE ({id:36})-[r2 :T4{id:37}]->(n2 :L3{k18:1283630753, id:38})-[r3 :T5{id:39}]-(n3 :L4{id:40}) CREATE (n4{id:41})-[ :T5{k66:('a'+(r3.k62)), id:42}]->(n5 :L4{id:43})-[ :T3{k53:(n2.k17), id:44}]->(n6{id:45}) RETURN n3 AS a0;
CREATE ( { id : reduce(a=28 ,b IN []|a) } ) - [ r0 : T4 { id : 29 } ] - > ( { id : 30 } ) CREATE (m0{ id : CASE WHEN FALSE THEN NULL ELSE 31 END } )CREATE (m0)< - [ : T0 { k37 : CASE WHEN FALSE THEN NULL ELSE ( NULL <= -1869626736 ) END , id : 32 } ] - ( n0 : L3 { k22 : -1864651101 , id : 33 } ) - [ r1 : T5 { k64 : NULL , id : CASE WHEN FALSE THEN NULL ELSE 34 END } ] - > ( n1 { id : reduce(a=35 ,b IN []|a) } ) MERGE pp0=( { id : 36 } ) - [ r2 : T4 { id : 37 } ] - > ( n2 : L3 { k18 : 1283630753 , id : 38 } ) - [ r3 : T5 { id : 39 } ] - ( n3 : L4 { id : 40 } ) DETACH DELETE NULL CREATE ( n4 { id : reduce(a=41 ,b IN []|a) } ) - [ : T5 { k66 : ( 'a' + ( r3 . k62 ) ) , id : CASE WHEN TRUE THEN 42 END } ] - > ( n5 : L4 { id : 43 } ) - [ : T3 { k53 : ( reduce(a=n2 . k17 ,b IN []|a) ) , id : 44 } ] - > ( n6 { id : reduce(a=45 ,b IN []|a) } ) RETURN CASE WHEN FALSE THEN NULL ELSE n3 END AS a0 ;
MATCH (a) RETURN a;
MATCH (a) RETURN a;
MATCH (b)-[a]->(c) RETURN a;
MATCH (b)-[a]->(c) RETURN a;
CALL{WITH * FOREACH(a0 IN [endNode(NULL), endNode(NULL)]|MERGE ( :L3{id:46}) CREATE (n0 :L4{id:47}) CREATE p0=(n1 :L4{id:48})) CREATE ({id:49}), ({id:50})-[r0 :T4{k56:NULL, id:51}]->({k21:(-860713108+(NULL+NULL)), id:52}) RETURN [NULL] AS a1, 1 AS a2 ORDER BY relationships(NULL)[abs((1409309186+(-2027834887-167292495)))], a2 DESC} UNWIND NULL AS a3 CREATE ( :L3{id:53})-[r1 :T4{id:54}]->(n2{id:55})-[ :T0{id:56}]->(n3{id:57}), (n4{id:58}) RETURN 1 AS a4;
CALL { WITH * REMOVE (NULL).k FOREACH ( a0 IN ([]+[ endNode ( NULL ) , endNode ( NULL ) ] )| MERGE ( : L3 { id : 46 } ) CREATE ( n0 : L4 { id : 47 } ) CREATE p0 = ( n1 : L4 { id : 48 } ) ) CREATE ( { id : 49 } ) CREATE ( { id : 50 } ) - [ r0 : T4 { k56 : NULL , id : 51 } ] - > ( { k21 : ( -860713108 + ( reduce(a=NULL + NULL ,b IN []|a) ) ) , id : 52 } ) WITH * RETURN [ NULL ] AS a1 , 1 AS a2 ORDER BY relationships(NULL)[abs((1409309186+(-2027834887-167292495)))], a2 DESC } UNWIND NULL AS a3 WITH * CREATE ( : L3 { id : 53 } ) - [ r1 : T4 { id : 54 } ] - > ( n2 { id : CASE WHEN FALSE THEN NULL ELSE 55 END } ) - [ : T0 { id : 56 } ] - > ( n3 { id : 57 } ) CREATE ( n4 { id : 58 } ) WITH * RETURN CASE WHEN FALSE THEN NULL ELSE 1 END AS a4 ;
MATCH (a) RETURN a;
MATCH (a) RETURN a;
MATCH (b)-[a]->(c) RETURN a;
MATCH (b)-[a]->(c) RETURN a;
MATCH ()-[r0 :T4{k58:-1892849065}]-(n0)-[r1 :T5{k65:(r0.k58)}]->(n1), () WHERE (NULL >= -689167451) MERGE (n2{k27:false, id:59}) DETACH DELETE n1  RETURN DISTINCT 1 AS a0 ORDER BY ('ts90FXOsV'+'NzvkVB'), a0 DESC SKIP 1;
MATCH ()-[r0 :T4{k58:-1892849065}]-(n0)-[r1 :T5{k65:(r0.k58)}]->(n1),() WHERE ( NULL >= -689167451 ) MERGE pp0=( n2 { k27 : false , id : CASE WHEN FALSE THEN NULL ELSE 59 END } ) DETACH DELETE n1 DETACH DELETE NULL RETURN DISTINCT 1 AS a0 ORDER BY ('ts90FXOsV'+'NzvkVB'), a0 DESC SKIP CASE WHEN FALSE THEN NULL ELSE 1 END ;
MATCH (a) RETURN a;
MATCH (a) RETURN a;
MATCH (b)-[a]->(c) RETURN a;
MATCH (b)-[a]->(c) RETURN a;
FOREACH(a0 IN [(n0)-[]-(n1 :L4{k25:-240924004})|properties(n0)]|CREATE ({id:60})-[ :T4{id:61}]->( :L3{id:62}) CREATE (n2 :L3{k22:NULL, id:63})-[ :T4{id:64}]->( :L3{k18:-420071180, id:65}), ({id:66})-[ :T0{k31:false, id:67}]->({id:68})<-[ :T3{id:69}]-({id:70}) MERGE ({k18:1200664783, id:71})) CREATE p0=(n3{k22:1777252822, id:72})-[r0 :T5{id:73}]->(n4{id:74}), ({id:75})-[ :T4{id:76}]->(n5{id:77})-[r1 :T0{id:78}]->({id:79}) CREATE ( :L3{k19:NULL, id:80})-[ :T5{id:81}]->({id:82})-[r2 :T3{k52:NULL, id:83}]->({id:84}), (n6{id:85}) RETURN 1 AS a1, 1 AS a2;
FOREACH ( a0 IN [ ( n0 ) - [ ] - ( n1 : L4 { k25 : -240924004 } ) | properties ( n0 ) ] | CREATE (m0{ id : 60 } )CREATE (m0)- [ : T4 { id : 61 } ] - > ( : L3 { id : 62 } ) CREATE ( n2 : L3 { k22 : NULL , id : 63 } ) - [ : T4 { id : CASE WHEN TRUE THEN 64 END } ] - > ( : L3 { k18 : -420071180 , id : CASE WHEN FALSE THEN NULL ELSE 65 END } ) CREATE ( { id : reduce(a=66 ,b IN []|a) } ) - [ : T0 { k31 : false , id : reduce(a=67 ,b IN []|a) } ] - > ( { id : 68 } ) < - [ : T3 { id : 69 } ] - ( { id : 70 } ) MERGE ( { k18 : 1200664783 , id : 71 } ) CREATE (c0{id:-1}) DELETE (c0) ) WITH * CREATE p0 = ( n3 { k22 : CASE WHEN TRUE THEN 1777252822 END , id : reduce(a=72 ,b IN []|a) } ) - [ r0 : T5 { id : 73 } ] - > ( n4 { id : 74 } ) CREATE ( { id : CASE WHEN FALSE THEN NULL ELSE 75 END } ) - [ : T4 { id : 76 } ] - > ( n5 { id : 77 } ) - [ r1 : T0 { id : 78 } ] - > ( { id : 79 } ) CREATE (m1: L3 { k19 : reduce(a=NULL ,b IN []|a) , id : 80 } )CREATE (m1)- [ : T5 { id : 81 } ] - > ( { id : 82 } ) - [ r2 : T3 { k52 : reduce(a=NULL ,b IN []|a) , id : 83 } ] - > ( { id : 84 } ) CREATE ( n6 { id : 85 } ) REMOVE (NULL).NULL RETURN 1 AS a1 , 1 AS a2 ;
MATCH (a) RETURN a;
MATCH (a) RETURN a;
MATCH (b)-[a]->(c) RETURN a;
MATCH (b)-[a]->(c) RETURN a;
OPTIONAL MATCH (n0 :L3), ()<-[r0 :T3{k53:'T'}]-() WHERE false UNWIND [()-[r0]-()-[r1]-(n0) WHERE reduce(a=false,b IN [(r0.k54), (r0.k50)]|b)|size(labels(NULL))] AS a0 MERGE (n1{id:86})-[r2 :T0{k36:-1929192526, id:87}]->(n2{id:88})-[ :T3{k50:false, id:89}]-(n3 :L4{k25:size(a0), id:90}) RETURN a0 AS a1, 1 AS a2;
OPTIONAL MATCH ( n0 : L3 ) ,( ) < - [ r0 : T3 { k53 : 'T' } ] - ( ) WHERE false CREATE (c0{id:-1}) DELETE (c0) WITH * UNWIND [ ( ) - [ r0 ] - ( ) - [ r1 ] - ( n0 ) WHERE reduce ( a = false , b IN ([]+[ ( r0 . k54 ) , ( r0 . k50 ) ] )| b ) | size ( reduce(a=labels ( CASE WHEN TRUE THEN NULL END ) ,b IN []|a) ) ] AS a0 CREATE (c1{id:-1}) DELETE (c1) MERGE ( n1 { id : 86 } ) - [ r2 : T0 { k36 : -1929192526 , id : 87 } ] - > ( n2 { id : 88 } ) - [ : T3 { k50 : false , id : 89 } ] - ( n3 : L4 { k25 : CASE WHEN TRUE THEN size ( a0 ) END , id : 90 } ) WITH * RETURN a0 AS a1 , 1 AS a2 ORDER BY NULL ;
MATCH (a) RETURN a;
MATCH (a) RETURN a;
MATCH (b)-[a]->(c) RETURN a;
MATCH (b)-[a]->(c) RETURN a;
CREATE (n0 :L4{id:91})<-[ :T5{id:92}]-({k22:NULL, id:93})-[ :T0{k35:false, id:94}]->(n1{id:95}) CREATE (n2 :L4{k24:NULL, id:96})-[ :T5{id:97}]->(n3{id:98})-[r0 :T4{id:99}]->(n4{id:100}) CREATE (n5{k28:NULL, id:101})-[ :T3{id:102}]->({id:103})<-[r1 :T0{id:104}]-( :L3{id:105}) RETURN 1 AS a0, 1 AS a1;
CREATE (n1{id:95})<-[ : T0 { k35 : reduce(a=false ,b IN []|a) , id : 94 } ] -({k22:NULL, id:93})-[ : T5 { id : 92 } ] ->( n0 : L4 { id : CASE WHEN FALSE THEN NULL ELSE 91 END } ) WITH * OPTIONAL MATCH ()-[:TYPE]-() CREATE ( n2 : L4 { k24 : NULL , id : 96 } ) - [ : T5 { id : 97 } ] - > ( n3 { id : 98 } ) - [ r0 : T4 { id : CASE WHEN FALSE THEN NULL ELSE 99 END } ] - > ( n4 { id : 100 } ) CREATE ( n5 { k28 : NULL , id : 101 } ) - [ : T3 { id : 102 } ] - > ( { id : 103 } ) < - [ r1 : T0 { id : 104 } ] - ( : L3 { id : 105 } ) WITH * OPTIONAL MATCH ()-[:TYPE]-() RETURN 1 AS a0 , 1 AS a1 ;
MATCH (a) RETURN a;
MATCH (a) RETURN a;
MATCH (b)-[a]->(c) RETURN a;
MATCH (b)-[a]->(c) RETURN a;
UNWIND NULL AS a0 CREATE p0=(n0{id:106})<-[r0 :T0{k34:'a', id:107}]-({k20:'V', id:108}), p1=( :L4{k25:-170087069, id:109})<-[ :T5{id:110}]-( :L3{id:111}) MERGE p2=({id:112}) RETURN DISTINCT a0 AS a1, a0 AS a2;
UNWIND NULL AS a0 CREATE p0 = ( n0 { id : 106 } ) < - [ r0 : T0 { k34 : 'a' , id : reduce(a=107 ,b IN []|a) } ] - ( { k20 : 'V' , id : 108 } ) CREATE p1 = ( : L4 { k25 : CASE WHEN FALSE THEN NULL ELSE -170087069 END , id : CASE WHEN TRUE THEN 109 END } ) < - [ : T5 { id : 110 } ] - ( : L3 { id : reduce(a=111 ,b IN []|a) } ) MERGE p2 = ( { id : 112 } ) WITH * RETURN DISTINCT a0 AS a1 , a0 AS a2 SKIP 1 ;
MATCH (a) RETURN a;
MATCH (a) RETURN a;
MATCH (b)-[a]->(c) RETURN a;
MATCH (b)-[a]->(c) RETURN a;
FOREACH(a0 IN [NULL]|MERGE (n0{id:113})-[r0 :T4{id:114}]-(n1 :L3{id:115})-[r1 :T5{k62:'vK0n', id:116}]-({k28:('bRf5gYL'+'I4'), id:117}) CREATE ({id:118}) CREATE ({id:119}), p0=({id:120})) MERGE (n2{id:121})<-[r2 :T3{id:122}]-(n3 :L4{id:123})-[r3 :T5{k66:'gAar', id:124}]-({id:125}) CREATE p1=(n4{id:126})-[r4 :T5{k64:((n3.k28) CONTAINS (n3.k28)), id:127}]->(n5 :L4{id:128}), (n6{k18:-1746740022, id:129})-[r5 :T0{k37:true, id:130}]->({id:131}) RETURN DISTINCT * SKIP 0;
FOREACH ( a0 IN [ NULL ] | MERGE ( n0 { id : CASE WHEN FALSE THEN NULL ELSE 113 END } ) - [ r0 : T4 { id : 114 } ] - ( n1 : L3 { id : 115 } ) - [ r1 : T5 { k62 : 'vK0n' , id : 116 } ] - ( { k28 : reduce(a=( 'bRf5gYL' + ('I4' +'') ) ,b IN []|a) , id : 117 } ) CREATE (c0{id:-1}) DELETE (c0) CREATE ( { id : 118 } ) CREATE ( { id : 119 } ) CREATE p0 = ( { id : 120 } ) ) WITH * UNWIND [1] as l0 MERGE ( n2 { id : 121 } ) < - [ r2 : T3 { id : 122 } ] - ( n3 : L4 { id : 123 } ) - [ r3 : T5 { k66 : 'gAar' , id : 124 } ] - ( { id : 125 } ) CREATE (c1{id:-1}) DELETE (c1) CREATE p1 = ( n4 { id : 126 } ) - [ r4 : T5 { k64 : ( ( n3 . k28 ) CONTAINS ( reduce(a=n3 . k28 ,b IN []|a) ) ) , id : 127 } ] - > ( n5 : L4 { id : 128 } ) CREATE ( n6 { k18 : reduce(a=-1746740022 ,b IN []|a) , id : CASE WHEN TRUE THEN 129 END } ) - [ r5 : T0 { k37 : true , id : 130 } ] - > ( { id : 131 } ) WITH * UNWIND [1] as l1 RETURN DISTINCT * SKIP 0 ;
