-- Time: 2024/07/05 16:32:22
-- Database: memgraph_database42
-- Database version: composite
-- seed value: 1720168297017
CREATE (n0 :L5:L2{k16 : true, k29 : true, k31 : 1582398305, k33 : false, id : 0, k32 : 'S2VS', k35 : -1491286302, k13 : false, k34 : -545670751, k12 : 'XHL', k15 : true, k14 : 'LAp'});
CREATE (n0 :L4:L3{k17 : true, k27 : -1187727450, k19 : true, k18 : 'rAjq', k20 : false, k22 : 'W', id : 1, k21 : false, k24 : 'dh', k23 : true, k26 : -427217588});
CREATE (n0 :L5{k29 : false, k31 : -497539520, k30 : '6XO8Uk', k33 : true, id : 2, k32 : 'q', k35 : 767043176, k34 : 1304925126});
CREATE (n0 :L3:L2{k17 : false, k18 : 'U8Rm', k20 : true, id : 3, k21 : true, k15 : false, k14 : 'o'});
MATCH (n0 {id : 0}), (n1 {id : 2}) MERGE(n0)-[r :T3{k53 : 'VEz8te', k52 : false, k55 : 'h', id : 4, k54 : -1083127399, k57 : false, k56 : 'T', k58 : 'D5oWEm2'}]->(n1);
MATCH (n0 {id : 2}), (n1 {id : 2}) MERGE(n0)-[r :T1{k42 : 'D5s3ff4', k41 : false, id : 5, k46 : '8I', k45 : 'MH'}]->(n1);
MATCH (n0 {id : 3}), (n1 {id : 1}) MERGE(n0)-[r :T4{k60 : 'S', k62 : 2090029785, k61 : 'XaAU', k64 : 185352832, k63 : 'cZ', id : 6, k65 : 524370433, k59 : '6'}]->(n1);
WITH [properties(NULL), {k1: NULL, k2: NULL}] AS a0 CREATE ( :L2{id:7})-[r0 :T3{k55:NULL, id:8}]->( :L5{k30:NULL, id:9})-[ :T1{k45:NULL, id:10}]->( :L5{id:11}) MERGE (n0{k34:-1575792906, id:12}) RETURN 1 AS a1;
WITH [ properties ( NULL ) , { k1 : reduce(a=NULL ,b IN []|a) , k2 : NULL } ] AS a0 CREATE (m0: L2 { id : 7 } )CREATE (m0)- [ r0 : T3 { k55 : NULL , id : 8 } ] - > ( : L5 { k30 : CASE WHEN TRUE THEN NULL END , id : 9 } ) - [ : T1 { k45 : NULL , id : 10 } ] - > ( : L5 { id : 11 } ) MERGE ( n0 { k34 : -1575792906 , id : 12 } ) RETURN 1 AS a1 LIMIT 1 ;
MATCH (a) RETURN a;
MATCH (a) RETURN a;
MATCH (b)-[a]->(c) RETURN a;
MATCH (b)-[a]->(c) RETURN a;
OPTIONAL MATCH p0=(), () WHERE reduce(a=true,b IN [((735930269-(-705873411/-642401694)) <= 1598217086), true]|a) CREATE (n0{k31:CASE WHEN NULL THEN 1854392564 END, k14:'0', id:13})-[r0 :T3{id:14}]->(n1{k33:NULL, id:15})-[ :T1{id:16}]->(n2{id:17}), (n3{k29:NULL, id:18})-[ :T1{k43:((734454374/(NULL+NULL))--142046559), id:19}]->({id:20})<-[r1 :T3{id:21}]-(n4 :L2{k31:-1144781729, id:22}) MERGE p1=(n5 :L5 :L2{k13:false, id:23}) RETURN n5 AS a0, n5 AS a1;
OPTIONAL MATCH p0 = ( ) ,( ) WHERE reduce ( a = true , b IN ([ ( ( reduce(a=735930269 - ( -705873411 / -642401694 ) ,b IN []|a) ) <= 1598217086 ) , CASE WHEN TRUE THEN true END ] +[]) | a ) CREATE (n0{ k31 : CASE WHEN NULL THEN 1854392564 END , k14 : '0' , id : CASE WHEN FALSE THEN NULL ELSE 13 END } )CREATE (n0)- [ r0 : T3 { id : 14 } ] - > ( n1 { k33 : NULL , id : CASE WHEN FALSE THEN NULL ELSE 15 END } ) - [ : T1 { id : 16 } ] - > ( n2 { id : 17 } ) CREATE (n3{ k29 : NULL , id : reduce(a=18 ,b IN []|a) } )CREATE (n3)- [ : T1 { k43 : reduce(a=( ( 734454374 / ( CASE WHEN TRUE THEN NULL + NULL END ) ) - -142046559 ) ,b IN []|a) , id : 19 } ] - > ( { id : 20 } ) < - [ r1 : T3 { id : 21 } ] - ( n4 : L2 { k31 : -1144781729 , id : 22 } ) WITH * MERGE p1 = ( n5 : L5 : L2 { k13 : false , id : 23 } ) SET (NULL).TRUE=1 RETURN n5 AS a0 , n5 AS a1 ;
MATCH (a) RETURN a;
MATCH (a) RETURN a;
MATCH (b)-[a]->(c) RETURN a;
MATCH (b)-[a]->(c) RETURN a;
UNWIND CASE WHEN (size([]) > NULL) THEN [reverse('nyK7'), NULL] END AS a0 MERGE p0=({k31:-1247214419, id:24}) CREATE ({k29:CASE WHEN reduce(a=false,b IN [NULL, (1035241101 <> -1158934617)]|a) THEN false END, id:25})-[r0 :T1{id:26}]->(n0{id:27})<-[ :T3{id:28}]-(n1 :L5{id:29}), ( :L5{id:30})-[r1 :T1{id:31}]->(n2 :L5{k31:NULL, id:32})<-[r2 :T3{k52:NULL, id:33}]-({k12:NULL, id:34}) RETURN 1 AS a1, a0 AS a2;
UNWIND CASE WHEN ( size ( ([ ] +[]) ) > NULL ) THEN [ reverse ( 'nyK7' ) , NULL ] END AS a0 WITH * MERGE p0 = ( { k31 : -1247214419 , id : 24 } ) CREATE ( { k29 : CASE WHEN reduce ( a = reduce(a=false ,b IN []|a) , b IN [ NULL , ( 1035241101 <> -1158934617 ) ] | a ) THEN false END , id : reduce(a=25 ,b IN []|a) } ) - [ r0 : T1 { id : reduce(a=26 ,b IN []|a) } ] - > ( n0 { id : 27 } ) < - [ : T3 { id : 28 } ] - ( n1 : L5 { id : 29 } ) CREATE ( : L5 { id : 30 } ) - [ r1 : T1 { id : 31 } ] - > ( n2 : L5 { k31 : NULL , id : 32 } ) < - [ r2 : T3 { k52 : reduce(a=NULL ,b IN []|a) , id : 33 } ] - ( { k12 : NULL , id : 34 } ) WITH * UNWIND [1] as l0 RETURN 1 AS a1 , reduce(a=a0 ,b IN []|a) AS a2 ;
MATCH (a) RETURN a;
MATCH (a) RETURN a;
MATCH (b)-[a]->(c) RETURN a;
MATCH (b)-[a]->(c) RETURN a;
CALL{WITH * MERGE p0=(n0 :L2{id:35})<-[r0 :T3{id:36}]-(n1 :L4 :L3{id:37}) CREATE ({id:38})-[r1 :T3{k55:(n1.k22), id:39}]->(n2{id:40})-[ :T1{id:41}]->({id:42}) RETURN 1 AS a0 SKIP 1} OPTIONAL MATCH p1=( :L5)-[]-() CREATE (n3 :L5{id:43})<-[r2 :T3{id:44}]-({id:45}) RETURN 1 AS a1, a0 AS a2;
CALL { WITH * SET (NULL).FALSE=1 MERGE p0 = ( n0 : L2 { id : 35 } ) < - [ r0 : T3 { id : 36 } ] - ( n1 : L4 : L3 { id : 37 } ) DELETE (NULL) CREATE ( { id : 38 } ) - [ r1 : T3 { k55 : ( n1 . k22 ) , id : 39 } ] - > ( n2 { id : 40 } ) - [ : T1 { id : 41 } ] - > ( { id : 42 } ) SET (NULL).TRUE=1 RETURN CASE WHEN TRUE THEN 1 END AS a0 ORDER BY NULL SKIP reduce(a=1 ,b IN []|a) LIMIT 1 } OPTIONAL MATCH ()-[:TYPE]-() OPTIONAL MATCH p1 = ( : L5 ) - [ ] - ( ) CREATE ( n3 : L5 { id : 43 } ) < - [ r2 : T3 { id : 44 } ] - ( { id : 45 } ) REMOVE (NULL).TRUE RETURN 1 AS a1 , a0 AS a2 ;
MATCH (a) RETURN a;
MATCH (a) RETURN a;
MATCH (b)-[a]->(c) RETURN a;
MATCH (b)-[a]->(c) RETURN a;
UNWIND [NULL, NULL] AS a0 MATCH ()-[ :T3{k52:true}]->()<-[*0..]-(n0 :L5{k33:(reduce(a='66',b IN ['2Bffl']|b) ENDS WITH 'l4Wqzj2')}) WHERE true SET n0.k=NULL RETURN 1 AS a1, (n0.k32) AS a2;
UNWIND [ NULL , reduce(a=NULL ,b IN []|a) ] AS a0 MATCH ( ) - [ : T3 { k52 : true } ] - > ( ) < - [ * 0 .. ] - ( n0 : L5 { k33 : ( CASE WHEN FALSE THEN NULL ELSE reduce ( a = '66' , b IN [ '2Bffl' ] | b ) ENDS WITH 'l4Wqzj2' END ) } ) WITH * WHERE true DETACH DELETE NULL SET n0 . k = reduce(a=NULL ,b IN []|a) RETURN 1 AS a1 , ( CASE WHEN TRUE THEN n0 . k32 END ) AS a2 LIMIT 1 ;
MATCH (a) RETURN a;
MATCH (a) RETURN a;
MATCH (b)-[a]->(c) RETURN a;
MATCH (b)-[a]->(c) RETURN a;
MERGE ( :L5{k29:true, id:46})-[r0 :T1{id:47}]-({k32:'TNcErgfe4', id:48})<-[r1 :T3{id:49}]-(n0 :L2{id:50}) CREATE (n1 :L5{id:51})-[ :T1{k41:(r1.k52), id:52}]->(n2{id:53})<-[ :T3{id:54}]-(n3{id:55}), ({id:56})<-[r2 :T4{id:57}]-(n4{k12:(r1.k58), id:58}) MERGE (n5 :L5{id:59}) RETURN n0 AS a0;
MERGE ( : L5 { k29 : true , id : 46 } ) - [ r0 : T1 { id : reduce(a=47 ,b IN []|a) } ] - ( { k32 : 'TNcErgfe4' , id : 48 } ) < - [ r1 : T3 { id : 49 } ] - ( n0 : L2 { id : 50 } ) REMOVE (NULL).TRUE CREATE (n3{id:55})-[ : T3 { id : reduce(a=54 ,b IN []|a) } ] ->(n2{id:53})<-[ : T1 { k41 : ( r1 . k52 ) , id : reduce(a=52 ,b IN []|a) } ] -( n1 : L5 { id : 51 } ) CREATE ( { id : CASE WHEN FALSE THEN NULL ELSE 56 END } ) < - [ r2 : T4 { id : 57 } ] - ( n4 { k12 : CASE WHEN FALSE THEN NULL ELSE ( r1 . k58 ) END , id : 58 } ) REMOVE (NULL).NULL MERGE ( n5 : L5 { id : reduce(a=59 ,b IN []|a) } ) WITH * RETURN reduce(a=n0 ,b IN []|a) AS a0 ;
MATCH (a) RETURN a;
MATCH (a) RETURN a;
MATCH (b)-[a]->(c) RETURN a;
MATCH (b)-[a]->(c) RETURN a;
OPTIONAL MATCH p0=(), (n0)-[]->() SET n0.k=((NULL+NULL)+'UK') MERGE (n1 :L5 :L2{k33:true, id:60})-[r0 :T3{k53:'Tlczsziwb', id:61}]-( :L5{id:62})-[r1 :T1{id:63}]-(n2 :L5{id:64}) RETURN 1 AS a0;
OPTIONAL MATCH p0 = ( ) ,( n0 ) - [ ] - > ( ) WITH * SET n0 . k = ( ( NULL + NULL ) + ('UK' +'') ) MERGE ( n1 : L5 : L2 { k33 : true , id : 60 } ) - [ r0 : T3 { k53 : CASE WHEN FALSE THEN NULL ELSE 'Tlczsziwb' END , id : 61 } ] - ( : L5 { id : 62 } ) - [ r1 : T1 { id : 63 } ] - ( n2 : L5 { id : 64 } ) RETURN 1 AS a0 ;
MATCH (a) RETURN a;
MATCH (a) RETURN a;
MATCH (b)-[a]->(c) RETURN a;
MATCH (b)-[a]->(c) RETURN a;
WITH nodes(CASE WHEN reduce(a=false,b IN [true, false]|a) THEN NULL END)[abs((((611223971+-1424090578)/1799069927)+665014840))] AS a0 WHERE true UNWIND [{k1: [false, true], k2: NULL}, properties(NULL)] AS a1 MERGE ({k33:false, id:65})-[r0 :T3{k58:'f', id:66}]-({k31:1892301386, id:67}) RETURN (r0.k56) AS a2;
WITH CASE WHEN TRUE THEN nodes ( CASE WHEN reduce ( a = false , b IN [ true , false ] | a ) THEN NULL END ) [ reduce(a=abs ( ( ( ( 611223971 + -1424090578 ) / 1799069927 ) + 665014840 ) ) ,b IN []|a) ] END AS a0 WHERE true REMOVE (NULL).FALSE WITH * UNWIND [ { k1 : [ false , true ] , k2 : NULL } , properties ( NULL ) ] AS a1 WITH * MERGE ( { k33 : false , id : 65 } ) - [ r0 : T3 { k58 : 'f' , id : 66 } ] - ( { k31 : 1892301386 , id : reduce(a=67 ,b IN []|a) } ) WITH * RETURN CASE WHEN TRUE THEN ( r0 . k56 ) END AS a2 ;
MATCH (a) RETURN a;
MATCH (a) RETURN a;
MATCH (b)-[a]->(c) RETURN a;
MATCH (b)-[a]->(c) RETURN a;
UNWIND NULL AS a0 MERGE ({id:68}) CREATE p0=(n0{id:69}) RETURN 1 AS a1;
UNWIND NULL AS a0 OPTIONAL MATCH ()-[:TYPE]-() MERGE ( { id : 68 } ) WITH * OPTIONAL MATCH ()-[:TYPE]-() CREATE p0 = ( n0 { id : 69 } ) WITH * UNWIND [1] as l0 RETURN 1 AS a1 ;
MATCH (a) RETURN a;
MATCH (a) RETURN a;
MATCH (b)-[a]->(c) RETURN a;
MATCH (b)-[a]->(c) RETURN a;
CREATE ({id:70})-[ :T3{id:71}]->(n0{k33:false, id:72}) MERGE (n1 :L5{k32:'Fe7Ks06', id:73})-[r0 :T1{id:74}]-( :L5{k32:'Ew', id:75})-[r1 :T3{id:76}]-( :L5 :L2{k32:'Y', id:77}) MERGE ({id:78})-[ :T3{id:79}]-( :L5{k31:1119181756, id:80}) RETURN (n1.k29) AS a0, 1 AS a1 UNION ALL MERGE (n0 :L2{id:81})-[r0 :T3{id:82}]->(n1{id:83})-[r1 :T1{id:84}]-({id:85}) MERGE p0=({id:86}) DETACH DELETE n0  RETURN (r1.k46) AS a0, collect(reduce(a=relationships(NULL)[abs(239255569)],b IN [r1]|b))[abs(162432003)] AS a1;
CREATE ( { id : reduce(a=70 ,b IN []|a) } ) - [ : T3 { id : 71 } ] - > ( n0 { k33 : false , id : 72 } ) SET (NULL).TRUE=1 MERGE ( n1 : L5 { k32 : 'Fe7Ks06' , id : 73 } ) - [ r0 : T1 { id : 74 } ] - ( : L5 { k32 : 'Ew' , id : reduce(a=75 ,b IN []|a) } ) - [ r1 : T3 { id : 76 } ] - ( : L5 : L2 { k32 : CASE WHEN FALSE THEN NULL ELSE 'Y' END , id : 77 } ) REMOVE (NULL).TRUE MERGE ( { id : 78 } ) - [ : T3 { id : 79 } ] - ( : L5 { k31 : 1119181756 , id : 80 } ) CREATE (c0{id:-1}) DELETE (c0) RETURN ( n1 . k29 ) AS a0 , 1 AS a1 UNION ALL MERGE ( n0 : L2 { id : 81 } ) - [ r0 : T3 { id : CASE WHEN FALSE THEN NULL ELSE 82 END } ] - > ( n1 { id : 83 } ) - [ r1 : T1 { id : 84 } ] - ( { id : 85 } ) MERGE p0 = ( { id : 86 } ) DETACH DELETE n0 WITH * OPTIONAL MATCH ()-[:TYPE]-() RETURN ( r1 . k46 ) AS a0 , ([]+collect ( reduce ( a = reduce(a=relationships ( NULL ) [ abs ( CASE WHEN TRUE THEN 239255569 END ) ] ,b IN []|a) , b IN [ r1 ] | reduce(a=b ,b IN []|a) ) ) )[ reduce(a=abs ( 162432003 ) ,b IN []|a) ] AS a1 SKIP 1 ;
MATCH (a) RETURN a;
MATCH (a) RETURN a;
MATCH (b)-[a]->(c) RETURN a;
MATCH (b)-[a]->(c) RETURN a;
WITH DISTINCT * ORDER BY endNode(relationships(NULL)[abs(330901981)]) DESC OPTIONAL MATCH (n0 :L5)-[r0]->({k34:CASE WHEN true THEN 941821298 END})<-[ :T3{k53:NULL}]-(n1{k31:1986897663}), p0=()-[]->(n0) CREATE ( :L5{k35:(n0.k35), id:87})-[r1 :T3{k53:CASE WHEN false THEN (n0.k32) END, id:88}]->(n2{id:89}) RETURN r0 AS a0, [CASE WHEN (n0.k33) THEN startNode(NULL) END] AS a1;
WITH DISTINCT * ORDER BY endNode ( relationships ( NULL ) [ abs ( CASE WHEN TRUE THEN 330901981 END ) ] ) DESC OPTIONAL MATCH (n0:L5),()-[r0]->(),(nn0),()<-[m1:T3{k53:NULL}]-(),(n1),p0=()-[]->(n0) WHERE exists((n0)-[r0]->(nn0{k34:CASE WHEN true THEN 941821298 END})<-[m1]-(n1{k31:1986897663})) CREATE (c0{id:-1}) DELETE (c0) CREATE ( : L5 { k35 : ( CASE WHEN FALSE THEN NULL ELSE n0 . k35 END ) , id : 87 } ) - [ r1 : T3 { k53 : CASE WHEN TRUE THEN CASE WHEN false THEN ( reduce(a=n0 . k32 ,b IN []|a) ) END END , id : CASE WHEN TRUE THEN 88 END } ] - > ( n2 { id : reduce(a=89 ,b IN []|a) } ) REMOVE (NULL).k RETURN r0 AS a0 , [ CASE WHEN ( CASE WHEN TRUE THEN n0 . k33 END ) THEN startNode ( NULL ) END ] AS a1 SKIP 1 ;
MATCH (a) RETURN a;
MATCH (a) RETURN a;
MATCH (b)-[a]->(c) RETURN a;
MATCH (b)-[a]->(c) RETURN a;
FOREACH(a0 IN [relationships(NULL)[abs(NULL)], relationships(NULL)[abs(NULL)]]|CREATE (n0 :L2{id:90}) MERGE (n1 :L5{id:91})<-[r0 :T4{k59:'z', id:92}]-(n2 :L2{k34:round(-1724270131), id:93}) CREATE p0=({k35:1514231749, id:94}), (n3 :L3{id:95})) MERGE ({id:96})-[r1 :T1{k46:'W', id:97}]-({id:98})-[r2 :T3{id:99}]-(n4 :L5{k32:'S', k14:'1vgAO', id:100}) CREATE ({id:101})-[ :T1{id:102}]->(n5 :L5{k35:(r1.k43), id:103}), ({id:104})-[r3 :T1{id:105}]->(n6{k33:('F' ENDS WITH substring((r2.k53), abs(NULL), abs(-173177995))), id:106}) RETURN n4 AS a1;
FOREACH ( a0 IN [ relationships ( NULL ) [ abs ( NULL ) ] , relationships ( NULL ) [ abs ( CASE WHEN TRUE THEN NULL END ) ] ] | CREATE ( n0 : L2 { id : 90 } ) MERGE pp0=( n1 : L5 { id : reduce(a=91 ,b IN []|a) } ) < - [ r0 : T4 { k59 : 'z' , id : CASE WHEN TRUE THEN 92 END } ] - ( n2 : L2 { k34 : round ( -1724270131 ) , id : 93 } ) CREATE p0 = ( { k35 : 1514231749 , id : 94 } ) CREATE ( n3 : L3 { id : 95 } ) DELETE (NULL) ) WITH * UNWIND [NULL] as l0 MERGE ( { id : CASE WHEN TRUE THEN 96 END } ) - [ r1 : T1 { k46 : reduce(a='W' ,b IN []|a) , id : 97 } ] - ( { id : 98 } ) - [ r2 : T3 { id : 99 } ] - ( n4 : L5 { k32 : 'S' , k14 : CASE WHEN FALSE THEN NULL ELSE '1vgAO' END , id : 100 } ) WITH * CREATE ( { id : 101 } ) - [ : T1 { id : reduce(a=102 ,b IN []|a) } ] - > ( n5 : L5 { k35 : ( r1 . k43 ) , id : 103 } ) CREATE (n6{k33:('F' ENDS WITH substring((r2.k53), abs(NULL), abs(-173177995))), id:106})<-[ r3 : T1 { id : 105 } ] -( { id : 104 } ) WITH * UNWIND [NULL] as l1 RETURN DISTINCT n4 AS a1 ;
MATCH (a) RETURN a;
MATCH (a) RETURN a;
MATCH (b)-[a]->(c) RETURN a;
MATCH (b)-[a]->(c) RETURN a;
MATCH (n0{k34:NULL})-[r0]-() OPTIONAL MATCH (n1), (n1)-[r1]-() SET n1.k=NULL RETURN *, n1 AS a0;
MATCH (n0),()<-[r0]-(),(nn0) WHERE exists((n0{k34:NULL})-[r0]-(nn0)) DETACH DELETE (NULL) WITH * OPTIONAL MATCH ( n1 ) ,( n1 ) - [ r1 ] - ( ) WHERE TRUE SET n1 . k = NULL RETURN * , CASE WHEN TRUE THEN n1 END AS a0 ;
