-- Time: 2024/07/05 16:31:58
-- Database: memgraph_database17
-- Database version: composite
-- seed value: 1720168296992
CREATE (n0 :L1{k5 : 'IK3', k11 : 'AhXp', id : 0, k6 : 690234512, k10 : true, k7 : false, k8 : 'qzDzP', k9 : 'EyZNYl9'});
CREATE (n0 :L2:L0{k16 : false, k0 : -1033362329, k1 : false, k3 : false, k4 : true, id : 1, k13 : 'YSlax', k12 : 257945867, k15 : 'v'});
CREATE (n0 {id : 2});
CREATE (n0 {id : 3});
MATCH (n0 {id : 0}), (n1 {id : 1}) MERGE(n0)-[r :T0{k39 : 1841385996, k38 : 'j', k40 : 1320840087, k42 : 'Tf', k41 : true, id : 4, k43 : 1247103814}]->(n1);
MATCH (n0 {id : 0}), (n1 {id : 0}) MERGE(n0)-[r :T0{k39 : 1859861049, k38 : 'K', k40 : -842903050, k42 : 'Tf', id : 5, k43 : -335222483}]->(n1);
CALL{WITH * MERGE ({k11:reverse('W9fRVrCZ'), id:6})-[r0 :T0{k39:1663126589, id:7}]-(n0{id:8})-[r1 :T0{id:9}]-(n1{id:10}) CREATE p0=({k1:reduce(a=exists(()-[r0 :T0]->( :L1)),b IN [(r1.k41)]|a), id:11})<-[r2 :T0{id:12}]-({k6:568021137, id:13})-[r3 :T0{id:14}]->(n2{id:15}), (n3{id:16})-[ :T0{id:17}]->({id:18})-[ :T0{id:19}]->(n4 :L2 :L0{id:20}) RETURN DISTINCT n0 AS a0, n1 AS a1} CREATE (n5{id:21})-[ :T0{id:22}]->({id:23}), (n6 :L1{id:24}) DETACH DELETE a0,a1  RETURN 1 AS a2, a1 AS a3 ORDER BY a2 DESC;
CALL { WITH * REMOVE (NULL).FALSE MERGE ( { k11 : reverse ( CASE WHEN FALSE THEN NULL ELSE 'W9fRVrCZ' END ) , id : 6 } ) - [ r0 : T0 { k39 : 1663126589 , id : 7 } ] - ( n0 { id : 8 } ) - [ r1 : T0 { id : 9 } ] - ( n1 { id : 10 } ) WITH * OPTIONAL MATCH ()-[:TYPE]-() CREATE p0 = ( { k1 : reduce ( a = exists ( ( ) - [ r0 : T0 ] - > ( : L1 ) ) , b IN CASE WHEN TRUE THEN [ ( reduce(a=r1 . k41 ,b IN []|a) ) ] END | CASE WHEN TRUE THEN a END ) , id : 11 } ) < - [ r2 : T0 { id : 12 } ] - ( { k6 : 568021137 , id : 13 } ) - [ r3 : T0 { id : 14 } ] - > ( n2 { id : 15 } ) CREATE ( n3 { id : 16 } ) - [ : T0 { id : 17 } ] - > ( { id : 18 } ) - [ : T0 { id : 19 } ] - > ( n4 : L2 : L0 { id : CASE WHEN FALSE THEN NULL ELSE 20 END } ) WITH * UNWIND [NULL] as l0 RETURN DISTINCT n0 AS a0 , n1 AS a1 } CREATE (c0{id:-1}) DELETE (c0) CREATE ( n5 { id : reduce(a=21 ,b IN []|a) } ) - [ : T0 { id : 22 } ] - > ( { id : reduce(a=23 ,b IN []|a) } ) CREATE ( n6 : L1 { id : 24 } ) SET (NULL).NULL=1 DETACH DELETE reduce(a=a0 ,b IN []|a) , CASE WHEN FALSE THEN NULL ELSE a1 END RETURN 1 AS a2 , a1 AS a3 ORDER BY a2 DESC ;
MATCH (a) RETURN a;
MATCH (a) RETURN a;
MATCH (b)-[a]->(c) RETURN a;
MATCH (b)-[a]->(c) RETURN a;
OPTIONAL MATCH (n0), p0=( :L1) MERGE ({id:25}) SET n0.k=NULL RETURN n0 AS a0, 1 AS a1 ORDER BY reverse(NULL), a1 DESC SKIP 1;
OPTIONAL MATCH ( n0 ) ,p0 = ( : L1 ) OPTIONAL MATCH ()-[:TYPE]-() MERGE ( { id : 25 } ) DELETE NULL SET n0 . k = NULL RETURN n0 AS a0 , 1 AS a1 ORDER BY reverse(NULL), a1 DESC SKIP 1 ;
MATCH (a) RETURN a;
MATCH (a) RETURN a;
MATCH (b)-[a]->(c) RETURN a;
MATCH (b)-[a]->(c) RETURN a;
OPTIONAL MATCH p0=()-[ :T0{k41:NULL}]->(n0{k10:((-200685043/1947085512) = (NULL/-254922899))})-[r0]->({k1:NULL}), () WHERE ((((-1957428143+-306979852)/(646293134-NULL))*NULL) <= 32875349) DETACH DELETE r0  CREATE (n1{id:26})<-[r1 :T0{id:27}]-(n2 :L1{id:28}) RETURN properties(relationships(NULL)[abs(NULL)]) AS a0;
OPTIONAL MATCH p0 = ( ) - [ : T0 { k41 : NULL } ] - > ( n0 { k10 : ( ( -200685043 / 1947085512 ) = ( NULL / -254922899 ) ) } ) - [ r0 ] - > ( { k1 : NULL } ) ,( ) WHERE ( CASE WHEN TRUE THEN ( reduce(a=( reduce(a=( -1957428143 + -306979852 ) / ( 646293134 - NULL ) ,b IN []|a) ) * NULL ,b IN []|a) ) <= 32875349 END ) OPTIONAL MATCH ()-[:TYPE]-() DETACH DELETE r0 CREATE ( n1 { id : 26 } ) < - [ r1 : T0 { id : CASE WHEN TRUE THEN 27 END } ] - ( n2 : L1 { id : 28 } ) RETURN properties ( reduce(a=relationships ( NULL ) [ abs ( NULL ) ] ,b IN []|a) ) AS a0 ;
MATCH (a) RETURN a;
MATCH (a) RETURN a;
MATCH (b)-[a]->(c) RETURN a;
MATCH (b)-[a]->(c) RETURN a;
CALL{WITH * OPTIONAL MATCH p0=() CREATE p1=(n0{id:29}) RETURN 1 AS a0, 1 AS a1} OPTIONAL MATCH (), p2=() DETACH DELETE p2  RETURN 1 AS a2, 1 AS a3;
CALL { WITH * CREATE (c0{id:-1}) DELETE (c0) WITH * OPTIONAL MATCH p0 = ( ) CREATE p1 = ( n0 { id : 29 } ) WITH * RETURN 1 AS a0 , 1 AS a1 } DELETE (NULL) WITH * OPTIONAL MATCH ( ) ,p2 = ( ) UNWIND [NULL] as l0 DETACH DELETE p2 RETURN DISTINCT reduce(a=1 ,b IN []|a) AS a2 , 1 AS a3 SKIP 1 ;
MATCH (a) RETURN a;
MATCH (a) RETURN a;
MATCH (b)-[a]->(c) RETURN a;
MATCH (b)-[a]->(c) RETURN a;
CALL{WITH * UNWIND [true] AS a0 MERGE ( :L2{k2:true, id:30})<-[r0 :T0{id:31}]-(n0{id:32}) RETURN n0 AS a1, (r0.k38) AS a2} MERGE p0=({id:33}) CREATE (n1 :L1{id:34}), (n2{k10:(NOT (('7r' CONTAINS ('N'+'b')) IS NOT NULL)), id:35})-[r1 :T0{id:36}]->( :L1{id:37})-[r2 :T0{id:38}]->(n3{id:39}) RETURN 1 AS a3, 1 AS a4;
CALL { WITH * CREATE (c0{id:-1}) DELETE (c0) WITH * UNWIND CASE WHEN FALSE THEN NULL ELSE [ true ] END AS a0 UNWIND [NULL] as l0 MERGE ( : L2 { k2 : true , id : CASE WHEN TRUE THEN 30 END } ) < - [ r0 : T0 { id : 31 } ] - ( n0 { id : 32 } ) SET (NULL).k=1 RETURN n0 AS a1 , ( r0 . k38 ) AS a2 } MERGE p0 = ( { id : 33 } ) CREATE ( n1 : L1 { id : reduce(a=34 ,b IN []|a) } ) CREATE ( n2 { k10 : ( NOT ( ( (''+'7r' )CONTAINS ( 'N' + 'b' ) ) IS NOT NULL ) ) , id : CASE WHEN FALSE THEN NULL ELSE 35 END } ) - [ r1 : T0 { id : reduce(a=36 ,b IN []|a) } ] - > ( : L1 { id : 37 } ) - [ r2 : T0 { id : 38 } ] - > ( n3 { id : CASE WHEN TRUE THEN 39 END } ) RETURN 1 AS a3 , 1 AS a4 LIMIT 1 ;
MATCH (a) RETURN a;
MATCH (a) RETURN a;
MATCH (b)-[a]->(c) RETURN a;
MATCH (b)-[a]->(c) RETURN a;
FOREACH(a0 IN NULL|CREATE ({id:40}) MERGE (n0{id:41}) CREATE ({id:42})) CREATE ( :L2{id:43}) CREATE ({id:44}), ({id:45}) RETURN 1 AS a1;
FOREACH ( a0 IN NULL | CREATE ( { id : 40 } ) MERGE ( n0 { id : CASE WHEN TRUE THEN 41 END } ) CREATE ( { id : reduce(a=42 ,b IN []|a) } ) ) WITH * OPTIONAL MATCH ()-[:TYPE]-() CREATE ( : L2 { id : reduce(a=43 ,b IN []|a) } ) WITH * UNWIND [NULL] as l0 CREATE ( { id : 44 } ) CREATE ( { id : 45 } ) RETURN 1 AS a1 LIMIT 1 ;
