-- Time: 2024/07/05 16:31:50
-- Database: memgraph_database9
-- Database version: composite
-- seed value: 1720168296984
CREATE (n0 :L4{k28 : false, k27 : '3', k29 : -1400657487, id : 0, k24 : -927165751, k23 : true, k26 : 1879950314, k25 : 'Z'});
CREATE (n0 :L4:L0{k0 : '8', k1 : 'o', k2 : 206258520, k3 : 'diO', k4 : 'EZw', k24 : 1301783606, k23 : true, k26 : 1984836010, k25 : 'jled', k28 : true, k27 : 'bX7cOlt', k29 : 1689403817, id : 1});
CREATE (n0 :L1:L0{k0 : '4vGgy', k1 : 'E', k3 : 'h', k4 : 'j', k11 : true, k5 : -1681693922, id : 2, k6 : 'h', k7 : false, k8 : false, k12 : -1577880521, k9 : '6'});
CREATE (n0 :L0:L2{k17 : 'ks3re', k16 : 1872695194, k0 : 'Sz4', k1 : 'Mg', k2 : -112150313, k3 : '1bKoA', k4 : 'I', k5 : -1734569150, id : 3, k6 : 'h', k13 : 'Z', k14 : 'M'});
MATCH (n0 {id : 3}), (n1 {id : 2}) MERGE(n0)-[r :T5{k60 : 1354478428, k62 : false, k61 : 765753376, k64 : 'IVZ', id : 4, k59 : 'D', k58 : false}]->(n1);
MATCH (n0 {id : 1}), (n1 {id : 0}) MERGE(n0)-[r :T3{k49 : 'l', k51 : true, k50 : false, k52 : '0', id : 5, k46 : 1039833737, k48 : 1246970784}]->(n1);
MATCH (n0 {id : 0}), (n1 {id : 1}) MERGE(n0)-[r :T3{k49 : 'u', k51 : true, k50 : false, k52 : 'VdxqO', id : 6, k46 : -983109612, k48 : -314919796, k47 : 'i3'}]->(n1);
MATCH (n0 {id : 3}), (n1 {id : 0}) MERGE(n0)-[r :T5{k60 : 1449811077, k62 : false, k61 : 1897118420, k64 : 'I', k63 : false, id : 7, k58 : false}]->(n1);
CALL{WITH * MERGE ({k3:'p', k17:'9', id:8})-[r0 :T5{k64:'EsiZKOxQH', id:9}]->({id:10}) MERGE ( :L2{k14:'l', id:11}) RETURN 1 AS a1} MATCH (n1), (n0)-[*..2]->( :L0{k3:reverse(NULL)}) SET n1.k=NULL RETURN DISTINCT 1 AS a2, a1 AS a3;
CALL { WITH * MERGE ( { k3 : reduce(a='p' ,b IN []|a) , k17 : '9' , id : 8 } ) - [ r0 : T5 { k64 : (''+'EsiZKOxQH' ), id : 9 } ] - > ( { id : 10 } ) MERGE ( : L2 { k14 : 'l' , id : 11 } ) SET (NULL).FALSE=1 RETURN 1 AS a1 } CREATE (c0{id:-1}) DELETE (c0) WITH * MATCH ( n1 ) ,( n0 ) - [ * .. 2 ] - > ( : L0 { k3 : reverse ( CASE WHEN TRUE THEN NULL END ) } ) REMOVE (NULL).k SET n1 . k = NULL RETURN DISTINCT 1 AS a2 , a1 AS a3 SKIP 1 ;
MATCH (a) RETURN a;
MATCH (a) RETURN a;
MATCH (b)-[a]->(c) RETURN a;
MATCH (b)-[a]->(c) RETURN a;
MERGE ({k24:-548704658, id:12}) CREATE (n0{id:13})-[r0 :T5{id:14}]->( :L4{id:15})-[r1 :T3{k49:'7S5b', id:16}]->( :L4{k23:true, id:17}), p0=(n1{id:18}) CREATE (n2{k1:(('p'+'Q')+'s'), id:19})<-[ :T5{k64:('7H'+'VuA'), id:20}]-(n3{k1:'7EROKp', k17:NULL, id:21})-[r2 :T5{k61:NULL, id:22}]->({id:23}), ({id:24})-[ :T5{id:25}]->(n4{k28:CASE WHEN NULL THEN NULL END, id:26})-[ :T3{id:27}]->(n5{k0:NULL, id:28}) RETURN -1540897756 AS a0;
MERGE ( { k24 : -548704658 , id : 12 } ) WITH * OPTIONAL MATCH ()-[:TYPE]-() CREATE ( n0 { id : 13 } ) - [ r0 : T5 { id : 14 } ] - > ( : L4 { id : 15 } ) - [ r1 : T3 { k49 : '7S5b' , id : 16 } ] - > ( : L4 { k23 : true , id : 17 } ) CREATE p0 = ( n1 { id : 18 } ) CREATE ( n2 { k1 : ( ( 'p' + 'Q' ) + 's' ) , id : CASE WHEN TRUE THEN 19 END } ) < - [ : T5 { k64 : ( '7H' + 'VuA' ) , id : 20 } ] - ( n3 { k1 : CASE WHEN FALSE THEN NULL ELSE '7EROKp' END , k17 : NULL , id : 21 } ) - [ r2 : T5 { k61 : NULL , id : 22 } ] - > ( { id : reduce(a=23 ,b IN []|a) } ) CREATE (n5{k0:NULL, id:28})<-[ : T3 { id : 27 } ] -(n4{k28:CASE WHEN NULL THEN NULL END, id:26})<-[ : T5 { id : 25 } ] -( { id : 24 } ) RETURN DISTINCT -1540897756 AS a0 ;
