-- Time: 2024/07/05 16:32:55
-- Database: memgraph_database75
-- Database version: composite
-- seed value: 1720168297050
CREATE (n0 :L1{k11 : false, id : 0, k10 : 'T', k7 : -460660443, k8 : false, k9 : 'P'});
CREATE (n0 :L3:L2{k17 : -92387458, k16 : false, k19 : 'e', k18 : 1213785322, k20 : true, k22 : 949530604, id : 1, k13 : true, k23 : false, k12 : 'u', k15 : -587493762, k14 : false});
CREATE (n0 :L2:L0{k1 : false, k2 : 1017261999, k3 : -752735749, k4 : 'j', k5 : false, id : 2, k6 : -764759451, k13 : true, k12 : 'tL', k15 : -1359960985, k14 : true});
CREATE (n0 {id : 3});
MATCH (n0 {id : 3}), (n1 {id : 1}) MERGE(n0)-[r :T2{k53 : false, k55 : 'C', id : 4, k54 : true, k57 : 1630523973, k56 : -1439515419, k59 : false, k58 : true}]->(n1);
MATCH (n0 {id : 3}), (n1 {id : 1}) MERGE(n0)-[r :T5{k71 : false, k73 : 'HjU7pN1', k75 : 'L', k74 : false, id : 5}]->(n1);
MATCH (n0 {id : 0}), (n1 {id : 3}) MERGE(n0)-[r :T4{id : 6, k68 : false, k67 : 'u', k69 : -945306784}]->(n1);
MATCH (n0 {id : 2}), (n1 {id : 0}) MERGE(n0)-[r :T6{k80 : 1667030810, k82 : 'njQ', k81 : 1351688246, k77 : -1841519230, id : 7, k76 : false, k79 : false}]->(n1);
OPTIONAL MATCH p0=() UNWIND [reduce(a=NULL,b IN [NULL]|a)] AS a1 MERGE (n2{id:8}) RETURN *;
OPTIONAL MATCH p0 = ( ) UNWIND ([ CASE WHEN FALSE THEN NULL ELSE reduce ( a = NULL , b IN [ NULL ] | a ) END ] +[]) AS a1 SET (NULL).TRUE=1 MERGE ( n2 { id : reduce(a=8 ,b IN []|a) } ) SET (NULL).k=1 RETURN * ;
MATCH (a) RETURN a;
MATCH (a) RETURN a;
MATCH (b)-[a]->(c) RETURN a;
MATCH (b)-[a]->(c) RETURN a;
CALL{WITH * CREATE ({k19:'K', k16:CASE WHEN false THEN NULL END, id:9}) MERGE p0=(n3{id:10})-[r0 :T6{id:11}]-(n4{k9:'n', id:12}) RETURN 1 AS a2 SKIP 1} UNWIND relationships(NULL) AS a3 MERGE ( :L2{k21:'C', k13:false, id:13})<-[ :T2{id:14}]-({id:15}) RETURN collect(NULL) AS a4, 1 AS a5;
CALL { WITH * SET (NULL).NULL=1 CREATE ( { k19 : 'K' , k16 : CASE WHEN reduce(a=false ,b IN []|a) THEN NULL END , id : 9 } ) MERGE p0 = ( n3 { id : 10 } ) - [ r0 : T6 { id : 11 } ] - ( n4 { k9 : 'n' , id : 12 } ) RETURN 1 AS a2 SKIP 1 } REMOVE (NULL).k WITH * UNWIND relationships ( NULL ) AS a3 CREATE (c0{id:-1}) DELETE (c0) MERGE ( : L2 { k21 : 'C' , k13 : false , id : 13 } ) < - [ : T2 { id : 14 } ] - ( { id : 15 } ) WITH * RETURN collect ( NULL ) AS a4 , 1 AS a5 ;
MATCH (a) RETURN a;
MATCH (a) RETURN a;
MATCH (b)-[a]->(c) RETURN a;
MATCH (b)-[a]->(c) RETURN a;
MATCH ()-[r0 :T2{k59:true}]->() WHERE (false OR true) UNWIND NULL AS a0 CREATE (n0 :L2{id:16})-[r1 :T6{id:17}]->({id:18}), p0=({id:19}) RETURN 1 AS a1, 1 AS a2;
MATCH ( ) - [ r0 : T2 { k59 : true } ] - > ( ) WITH * WHERE ( false OR true ) UNWIND CASE WHEN TRUE THEN NULL END AS a0 WITH * CREATE ({id:18})<-[ r1 : T6 { id : 17 } ] -( n0 : L2 { id : 16 } ) CREATE p0 = ( { id : 19 } ) RETURN 1 AS a1 , 1 AS a2 ;
MATCH (a) RETURN a;
MATCH (a) RETURN a;
MATCH (b)-[a]->(c) RETURN a;
MATCH (b)-[a]->(c) RETURN a;
CREATE ({id:20})<-[r0 :T6{k77:NULL, id:21}]-( :L2{k4:NULL, id:22}) CREATE ( :L1{id:23}), (n0{id:24})-[ :T5{id:25}]->(n1{id:26}) CREATE p0=(n2{id:27})-[ :T4{id:28}]->(n3{id:29})-[r1 :T2{id:30}]->( :L3 :L2{k20:NULL, id:31}) RETURN 1 AS a0, 1 AS a1;
CREATE ( { id : 20 } ) < - [ r0 : T6 { k77 : NULL , id : 21 } ] - ( : L2 { k4 : NULL , id : 22 } ) CREATE ( : L1 { id : 23 } ) CREATE ( n0 { id : 24 } ) - [ : T5 { id : 25 } ] - > ( n1 { id : 26 } ) WITH * CREATE p0=( :L3 :L2{k20:NULL, id:31})<-[ r1 : T2 { id : 30 } ] -(n3{id:29})<-[ : T4 { id : 28 } ] -( n2 { id : 27 } ) RETURN 1 AS a0 , 1 AS a1 ;
MATCH (a) RETURN a;
MATCH (a) RETURN a;
MATCH (b)-[a]->(c) RETURN a;
MATCH (b)-[a]->(c) RETURN a;
MATCH () WHERE NULL MATCH ()<-[r0]-(), (n0) MERGE ( :L2{k15:-199631345, id:32})-[r1 :T2{id:33}]-(n1{id:34})-[r2 :T5{id:35}]-( :L3 :L2{k15:147354089, id:36}) RETURN 1 AS a0;
MATCH ( ) WHERE CASE WHEN FALSE THEN NULL ELSE NULL END UNWIND [1] as l0 MATCH ( ) < - [ r0 ] - ( ) ,(n0)-[*0..0]-( n0 ) WHERE TRUE MERGE pp0=( : L2 { k15 : -199631345 , id : CASE WHEN FALSE THEN NULL ELSE 32 END } ) - [ r1 : T2 { id : 33 } ] - ( n1 { id : 34 } ) - [ r2 : T5 { id : 35 } ] - ( : L3 : L2 { k15 : CASE WHEN TRUE THEN 147354089 END , id : 36 } ) WITH * OPTIONAL MATCH ()-[:TYPE]-() RETURN reduce(a=1 ,b IN []|a) AS a0 ;
MATCH (a) RETURN a;
MATCH (a) RETURN a;
MATCH (b)-[a]->(c) RETURN a;
MATCH (b)-[a]->(c) RETURN a;
FOREACH(a0 IN labels(NULL)|MERGE (n0{id:37}) MERGE ({k20:true, id:38}) CREATE (n4{id:39})) CREATE p0=(n5 :L3 :L2{id:40})<-[ :T5{k72:NULL, id:41}]-({id:42}), ({id:43})<-[r0 :T5{k74:NULL, id:44}]-({id:45}) CREATE ( :L2{id:46})<-[ :T5{k75:'2uRn9iN', id:47}]-(n6{id:48})-[ :T2{id:49}]->({id:50}) RETURN 1 AS a1, 1 AS a2;
FOREACH ( a0 IN CASE WHEN TRUE THEN labels ( NULL ) END | MERGE pp0=( n0 { id : 37 } ) DETACH DELETE (NULL) MERGE pp1=( { k20 : true , id : 38 } ) CREATE (c0{id:-1}) DELETE (c0) CREATE ( n4 { id : 39 } ) CREATE (c1{id:-1}) DELETE (c1) ) CREATE p0 = ( n5 : L3 : L2 { id : 40 } ) < - [ : T5 { k72 : NULL , id : 41 } ] - ( { id : 42 } ) CREATE ( { id : 43 } ) < - [ r0 : T5 { k74 : NULL , id : 44 } ] - ( { id : 45 } ) WITH * UNWIND [1] as l0 CREATE ({id:50})<-[ : T2 { id : 49 } ] -(n6{id:48})-[ : T5 { k75 : '2uRn9iN' , id : 47 } ] ->( : L2 { id : 46 } ) RETURN 1 AS a1 , 1 AS a2 ;
MATCH (a) RETURN a;
MATCH (a) RETURN a;
MATCH (b)-[a]->(c) RETURN a;
MATCH (b)-[a]->(c) RETURN a;
FOREACH(a0 IN NULL|CREATE ( :L2{k14:NULL, id:51})<-[ :T5{id:52}]-({id:53}) MERGE ({k14:false, id:54}) CREATE p0=(n0 :L2 :L0{id:55})-[ :T6{k82:'Yd', id:56}]->(n1 :L1{id:57})) MERGE p1=(n2{id:58})-[r0 :T6{id:59}]->(n3 :L1{k10:'F', id:60}) CREATE (n4{id:61})<-[ :T5{id:62}]-({id:63}) RETURN 1 AS a1, 1 AS a2;
FOREACH ( a0 IN NULL | CREATE ( : L2 { k14 : NULL , id : 51 } ) < - [ : T5 { id : 52 } ] - ( { id : 53 } ) SET (NULL).NULL=1 MERGE ( { k14 : false , id : 54 } ) DELETE (NULL) CREATE p0 = ( n0 : L2 : L0 { id : 55 } ) - [ : T6 { k82 : 'Yd' , id : 56 } ] - > ( n1 : L1 { id : 57 } ) DETACH DELETE NULL ) DELETE NULL MERGE p1 = ( n2 { id : 58 } ) - [ r0 : T6 { id : 59 } ] - > ( n3 : L1 { k10 : 'F' , id : 60 } ) WITH * UNWIND [1] as l0 CREATE ( n4 { id : CASE WHEN TRUE THEN 61 END } ) < - [ : T5 { id : 62 } ] - ( { id : reduce(a=63 ,b IN []|a) } ) WITH * RETURN CASE WHEN FALSE THEN NULL ELSE 1 END AS a1 , 1 AS a2 ;
MATCH (a) RETURN a;
MATCH (a) RETURN a;
MATCH (b)-[a]->(c) RETURN a;
MATCH (b)-[a]->(c) RETURN a;
CREATE (n0{k14:true, id:64})<-[r0 :T5{k73:reduce(a=NULL,b IN [reverse('VZ4fSADj')]|a), id:65}]-({id:66}) MERGE (n4 :L2{id:67})<-[ :T2{id:68}]-({id:69}) SET n4.k=(n4.k16) RETURN (n4.k12) AS a0, n4 AS a1;
CREATE ( n0 { k14 : true , id : CASE WHEN TRUE THEN 64 END } ) < - [ r0 : T5 { k73 : reduce ( a = NULL , b IN [ CASE WHEN TRUE THEN reverse ( 'VZ4fSADj' ) END ] | a ) , id : CASE WHEN TRUE THEN 65 END } ] - ( { id : 66 } ) CREATE (c0{id:-1}) DELETE (c0) MERGE ( n4 : L2 { id : 67 } ) < - [ : T2 { id : 68 } ] - ( { id : reduce(a=69 ,b IN []|a) } ) WITH * OPTIONAL MATCH ()-[:TYPE]-() SET n4 . k = ( n4 . k16 ) WITH * UNWIND [NULL] as l0 RETURN ( n4 . k12 ) AS a0 , CASE WHEN TRUE THEN n4 END AS a1 ;
MATCH (a) RETURN a;
MATCH (a) RETURN a;
MATCH (b)-[a]->(c) RETURN a;
MATCH (b)-[a]->(c) RETURN a;
WITH NULL AS a0 ORDER BY 'T' DESC MATCH (n0), (n0)-[r0]->(n1) WHERE true SET n0.k='s79' RETURN *;
WITH NULL AS a0 ORDER BY 'T' DESC WITH * MATCH ( n0 ) ,( n0 ) - [ r0 ] - > ( n1 ) WHERE true WITH * SET n0 . k = ('s79' +'') RETURN * ORDER BY NULL SKIP 1 ;
MATCH (a) RETURN a;
MATCH (a) RETURN a;
MATCH (b)-[a]->(c) RETURN a;
MATCH (b)-[a]->(c) RETURN a;
MATCH (n0)-[]-(n1)-[ :T5{k74:true}]-({k15:NULL}), ()<-[r0]-(n2) MATCH (n3 :L1{k9:'fOZ'})-[r1 :T4{k66:(n3.k9)}]->(n4)-[]-(n0), () CREATE ( :L1{id:70}), p0=(n5 :L2{k13:false, id:71})<-[ :T2{id:72}]-({id:73})-[r2 :T5{id:74}]->({id:75}) RETURN * SKIP 1;
MATCH ( n0 ) - [ ] - ( n1 ) - [ : T5 { k74 : reduce(a=true ,b IN []|a) } ] - ( { k15 : NULL } ) ,( ) < - [ r0 ] - ( n2 ) CREATE (c0{id:-1}) DELETE (c0) WITH * MATCH ( n3 : L1 { k9 : (''+'fOZ' )} ) - [ r1 : T4 { k66 : ( n3 . k9 ) } ] - > ( n4 ) - [ ] - ( n0 ) ,( ) WHERE TRUE CREATE ( : L1 { id : 70 } ) CREATE (n5: L2 { k13 : false , id : 71 } )CREATE (n5)< - [ : T2 { id : 72 } ] - ( { id : 73 } ) - [ r2 : T5 { id : 74 } ] - > ( { id : 75 } ) CREATE (c1{id:-1}) DELETE (c1) RETURN * SKIP 1 LIMIT 1 ;
