-- Time: 2024/07/05 16:32:42
-- Database: memgraph_database61
-- Database version: composite
-- seed value: 1720168297036
CREATE (n0 :L4{k28 : -630311606, k27 : -1058267048, k29 : '0', k30 : -929864369, id : 0});
CREATE (n0 {id : 1});
CREATE (n0 :L2:L3{k17 : false, k16 : 'Do', k18 : false, k20 : -250573272, k22 : -1824957864, id : 2, k21 : true, k13 : 'mi0D', k24 : false, k23 : 981451064, k15 : 'SKmUz', k14 : true});
CREATE (n0 :L0{k0 : 76380211, k1 : 'f', k2 : -178940015, k3 : 620676447, k4 : 'W', k5 : -379388019, id : 3, k6 : -1656076702});
MATCH (n0 {id : 3}), (n1 {id : 3}) MERGE(n0)-[r :T3{k51 : -1184016659, k53 : true, k52 : true, k55 : true, id : 4, k54 : 704113358, k57 : false, k56 : false}]->(n1);
MATCH (n0 {id : 2}), (n1 {id : 2}) MERGE(n0)-[r :T5{k64 : 108018362, k63 : 'x', k66 : 'GQ0', id : 5, k65 : true, k67 : -821586764}]->(n1);
MATCH (n0 {id : 2}), (n1 {id : 1}) MERGE(n0)-[r :T2{k49 : false, k50 : -2135988685, id : 6, k45 : -326124897, k48 : false, k47 : 'N'}]->(n1);
CREATE p0=({id:7})-[ :T3{id:8}]->(n0 :L0{id:9}), ({k4:(NULL+'1'), id:10})-[r0 :T3{id:11}]->({id:12}) CREATE ({k0:1339447649, id:13})-[ :T3{id:14}]->(n1{k1:'INT', id:15}) CREATE p1=(n2 :L0{k0:50260334, id:16})-[ :T3{id:17}]->({k0:NULL, id:18}), (n3 :L0{k1:'iulk', id:19})-[ :T3{id:20}]->(n4 :L0{k2:419591568, id:21}) RETURN DISTINCT 1 AS a0;
CREATE (m0{ id : 7 } )CREATE (m0)- [ : T3 { id : 8 } ] - > ( n0 : L0 { id : 9 } ) CREATE ({id:12})<-[ r0 : T3 { id : 11 } ] -( { k4 : ( NULL + '1' ) , id : 10 } ) CREATE ( { k0 : 1339447649 , id : 13 } ) - [ : T3 { id : reduce(a=14 ,b IN []|a) } ] - > ( n1 { k1 : 'INT' , id : 15 } ) CREATE (n2: L0 { k0 : 50260334 , id : 16 } )CREATE (n2)- [ : T3 { id : 17 } ] - > ( { k0 : NULL , id : 18 } ) CREATE (n4 :L0{k2:419591568, id:21})<-[ : T3 { id : 20 } ] -( n3 : L0 { k1 : 'iulk' , id : 19 } ) RETURN DISTINCT 1 AS a0 LIMIT 1 ;
MATCH (a) RETURN a;
MATCH (a) RETURN a;
MATCH (b)-[a]->(c) RETURN a;
MATCH (b)-[a]->(c) RETURN a;
MATCH (n0)-[]-()-[r0]->() MERGE (n1{id:22})<-[ :T2{id:23}]-( :L2{k13:'lz6', id:24}) CREATE p0=(n2{id:25}) RETURN n1 AS a0, n1 AS a1;
MATCH ( n0 ) - [ ] - ( ) - [ r0 ] - > ( ) WITH * MERGE ( n1 { id : 22 } ) < - [ : T2 { id : 23 } ] - ( : L2 { k13 : 'lz6' , id : 24 } ) CREATE p0 = ( n2 { id : 25 } ) WITH * RETURN n1 AS a0 , CASE WHEN FALSE THEN NULL ELSE n1 END AS a1 ORDER BY NULL ;
MATCH (a) RETURN a;
MATCH (a) RETURN a;
MATCH (b)-[a]->(c) RETURN a;
MATCH (b)-[a]->(c) RETURN a;
MATCH (n0), () MATCH p0=(), (n0) WHERE NULL CREATE ( :L4{id:26}) RETURN n0 AS a0 LIMIT 0;
MATCH (n0),() WITH * MATCH p0 = ()-[*0..0]-( ) ,( n0 ) WITH * WHERE NULL CREATE ( : L4 { id : 26 } ) RETURN n0 AS a0 LIMIT 0 ;
MATCH (a) RETURN a;
MATCH (a) RETURN a;
MATCH (b)-[a]->(c) RETURN a;
MATCH (b)-[a]->(c) RETURN a;
WITH * OPTIONAL MATCH ()-[*0..1]-(n0) MERGE p0=(n1 :L2{id:27})-[r0 :T5{id:28}]->( :L2 :L3{id:29})-[r1 :T2{id:30}]-({id:31}) RETURN (n1.k18) AS a0, p0 AS a1;
WITH * OPTIONAL MATCH (nn0),()<-[*0..1]-(),(n0) WHERE exists((nn0)-[*0..1]-(n0)) MERGE p0 = ( n1 : L2 { id : 27 } ) - [ r0 : T5 { id : 28 } ] - > ( : L2 : L3 { id : 29 } ) - [ r1 : T2 { id : 30 } ] - ( { id : 31 } ) WITH * RETURN DISTINCT ( n1 . k18 ) AS a0 , p0 AS a1 ;
MATCH (a) RETURN a;
MATCH (a) RETURN a;
MATCH (b)-[a]->(c) RETURN a;
MATCH (b)-[a]->(c) RETURN a;
UNWIND NULL AS a0 MERGE (n0{id:32}) MERGE (n1{id:33}) RETURN 1 AS a1;
UNWIND NULL AS a0 OPTIONAL MATCH ()-[:TYPE]-() MERGE ( n0 { id : 32 } ) WITH * MERGE ( n1 { id : 33 } ) WITH * RETURN reduce(a=1 ,b IN []|a) AS a1 ;
MATCH (a) RETURN a;
MATCH (a) RETURN a;
MATCH (b)-[a]->(c) RETURN a;
MATCH (b)-[a]->(c) RETURN a;
MERGE (n0{id:34})<-[r0 :T2{k48:true, id:35}]-(n1 :L0{id:36}) CREATE (n2{id:37}) SET n0.k=substring('M', abs(-1372570497), abs(round((n1.k2)))) RETURN (n1.k2) AS a0;
MERGE ( n0 { id : 34 } ) < - [ r0 : T2 { k48 : CASE WHEN TRUE THEN true END , id : 35 } ] - ( n1 : L0 { id : 36 } ) WITH * UNWIND [1] as l0 CREATE ( n2 { id : 37 } ) SET (NULL).k=1 SET n0 . k = substring ( 'M' , CASE WHEN TRUE THEN abs ( CASE WHEN TRUE THEN -1372570497 END ) END , abs ( round ( ( n1 . k2 ) ) ) ) WITH * UNWIND [1] as l1 RETURN ( n1 . k2 ) AS a0 LIMIT 1 ;
MATCH (a) RETURN a;
MATCH (a) RETURN a;
MATCH (b)-[a]->(c) RETURN a;
MATCH (b)-[a]->(c) RETURN a;
FOREACH(a0 IN ['P9']|MERGE ({id:38})-[r0 :T2{k47:'3', id:39}]-({k17:false, id:40})-[r1 :T5{k65:false, id:41}]-(n0 :L3{k14:true, k21:true, id:42}) MERGE ({id:43})-[ :T2{id:44}]-(n1{id:45})-[ :T5{k64:1375470543, id:46}]->( :L2{k24:false, id:47}) MERGE ({k18:true, id:48})<-[r2 :T3{k55:true, id:49}]-(n2{id:50})) MERGE (n3{id:51})-[ :T2{id:52}]-(n4 :L2 :L3{id:53}) SET n3.k=(-895635026 < (n4.k20)) RETURN n3 AS a1, 1 AS a2 LIMIT 0;
FOREACH ( a0 IN [ CASE WHEN FALSE THEN NULL ELSE 'P9' END ] | MERGE ( { id : reduce(a=38 ,b IN []|a) } ) - [ r0 : T2 { k47 : CASE WHEN FALSE THEN NULL ELSE '3' END , id : 39 } ] - ( { k17 : false , id : reduce(a=40 ,b IN []|a) } ) - [ r1 : T5 { k65 : CASE WHEN TRUE THEN false END , id : 41 } ] - ( n0 : L3 { k14 : true , k21 : true , id : 42 } ) MERGE ( { id : 43 } ) - [ : T2 { id : CASE WHEN TRUE THEN 44 END } ] - ( n1 { id : CASE WHEN FALSE THEN NULL ELSE 45 END } ) - [ : T5 { k64 : reduce(a=1375470543 ,b IN []|a) , id : 46 } ] - > ( : L2 { k24 : false , id : 47 } ) MERGE ( { k18 : true , id : 48 } ) < - [ r2 : T3 { k55 : reduce(a=true ,b IN []|a) , id : CASE WHEN FALSE THEN NULL ELSE 49 END } ] - ( n2 { id : 50 } ) ) MERGE ( n3 { id : reduce(a=51 ,b IN []|a) } ) - [ : T2 { id : 52 } ] - ( n4 : L2 : L3 { id : 53 } ) WITH * OPTIONAL MATCH ()-[:TYPE]-() SET n3 . k = ( -895635026 < ( CASE WHEN FALSE THEN NULL ELSE n4 . k20 END ) ) WITH * OPTIONAL MATCH ()-[:TYPE]-() RETURN n3 AS a1 , 1 AS a2 LIMIT 0 ;
MATCH (a) RETURN a;
MATCH (a) RETURN a;
MATCH (b)-[a]->(c) RETURN a;
MATCH (b)-[a]->(c) RETURN a;
FOREACH(a0 IN NULL|MERGE (n0{id:54})-[r0 :T2{k45:477354509, id:55}]-(n1 :L3{k14:false, id:56})-[r1 :T5{k67:-328477260, id:57}]->( :L2{k13:'D7bX24f', k24:false, id:58}) MERGE ({id:59}) CREATE ( :L3{id:60})) CREATE ( :L2{k16:NULL, k22:836140498, id:61}) CREATE (n2{id:62})-[r2 :T5{id:63}]->( :L2{id:64}) RETURN NULL AS a1, 1 AS a2;
FOREACH ( a0 IN reduce(a=NULL ,b IN []|a) | MERGE ( n0 { id : 54 } ) - [ r0 : T2 { k45 : 477354509 , id : CASE WHEN TRUE THEN 55 END } ] - ( n1 : L3 { k14 : false , id : 56 } ) - [ r1 : T5 { k67 : -328477260 , id : 57 } ] - > ( : L2 { k13 : 'D7bX24f' , k24 : false , id : 58 } ) MERGE ( { id : 59 } ) CREATE ( : L3 { id : 60 } ) DELETE NULL ) CREATE ( : L2 { k16 : NULL , k22 : 836140498 , id : 61 } ) CREATE (c0{id:-1}) DELETE (c0) CREATE ( n2 { id : reduce(a=62 ,b IN []|a) } ) - [ r2 : T5 { id : CASE WHEN FALSE THEN NULL ELSE 63 END } ] - > ( : L2 { id : 64 } ) WITH * OPTIONAL MATCH ()-[:TYPE]-() RETURN DISTINCT NULL AS a1 , 1 AS a2 ;
MATCH (a) RETURN a;
MATCH (a) RETURN a;
MATCH (b)-[a]->(c) RETURN a;
MATCH (b)-[a]->(c) RETURN a;
MATCH ()-[]-() CREATE (n0{id:65}), (n1{id:66}) CREATE p0=({id:67})<-[r0 :T3{k52:NULL, id:68}]-(n2{id:69}) RETURN 1 AS a0 LIMIT 1;
MATCH (nn0),()<-[m1]-(),(nn2) WHERE exists((nn0)-[m1]-(nn2)) CREATE ( n0 { id : 65 } ) CREATE ( n1 { id : 66 } ) CREATE p0 = ( { id : 67 } ) < - [ r0 : T3 { k52 : NULL , id : 68 } ] - ( n2 { id : 69 } ) RETURN 1 AS a0 LIMIT 1 ;
