-- Time: 2024/07/05 16:31:44
-- Database: memgraph_database5
-- Database version: composite
-- seed value: 1720168296980
CREATE (n0 :L2:L0{k17 : 91136866, k16 : true, k18 : 'vMvnfw', k2 : 298551461, k3 : 'WqUMf65zp', k4 : 'i', id : 0, k13 : '2', k12 : false, k14 : 768574874});
CREATE (n0 {id : 1});
CREATE (n0 {id : 2});
CREATE (n0 :L3{k19 : '6rga', k20 : 'DsQK', k22 : 'n5', id : 3, k21 : true, k23 : true});
MATCH (n0 {id : 2}), (n1 {id : 3}) MERGE(n0)-[r :T4{k55 : 1400888179, id : 4, k57 : -268675490, k56 : true, k59 : -421648811, k58 : -4722061}]->(n1);
MATCH (n0 {id : 0}), (n1 {id : 2}) MERGE(n0)-[r :T3{k49 : 648516946, k51 : 'nocpy', k50 : false, k52 : 418950581, id : 5, k54 : '8j'}]->(n1);
MATCH (n0 {id : 3}), (n1 {id : 1}) MERGE(n0)-[r :T2{k42 : 'F', k44 : 'bZSCxnsE', id : 6, k43 : 'e', k45 : 'Ywm', k48 : 'L9i', k47 : 564513327}]->(n1);
MATCH (n0 {id : 2}), (n1 {id : 3}) MERGE(n0)-[r :T0{k29 : 1184716269, k30 : false, k33 : true, id : 7, k32 : 'c', k34 : -1568356136}]->(n1);
MATCH (n0 {id : 0}), (n1 {id : 2}) MERGE(n0)-[r :T5{k60 : '9iYlrOJm', k62 : '0b4llvA', k61 : false, k64 : true, k63 : false, id : 8, k65 : 'Q'}]->(n1);
MATCH (n0 {id : 1}), (n1 {id : 0}) MERGE(n0)-[r :T1{k39 : 'PtxXTbGo', k38 : 1865316891, id : 9, k35 : true, k37 : 'B'}]->(n1);
WITH [relationships(NULL)[abs(NULL)], relationships(NULL)[abs(-178245454)]] AS a0 UNWIND [CASE WHEN true THEN a0 END] AS a1 CREATE p0=(n0{id:10}), p1=({k20:'n', id:11})<-[ :T4{id:12}]-({id:13})<-[r0 :T3{k50:true, id:14}]-(n1{k15:substring('SsQn', abs(NULL), abs(NULL)), id:15}) RETURN 1 AS a2, 1 AS a3;
WITH [ ([]+relationships ( reduce(a=NULL ,b IN []|a) ) )[ abs ( CASE WHEN TRUE THEN NULL END ) ] , ([]+relationships ( CASE WHEN FALSE THEN NULL ELSE NULL END ) )[ abs ( CASE WHEN FALSE THEN NULL ELSE -178245454 END ) ] ] AS a0 SET (NULL).TRUE=1 WITH * UNWIND CASE WHEN TRUE THEN [ CASE WHEN true THEN a0 END ] END AS a1 OPTIONAL MATCH ()-[:TYPE]-() CREATE p0 = ( n0 { id : 10 } ) CREATE p1 = ( { k20 : 'n' , id : 11 } ) < - [ : T4 { id : 12 } ] - ( { id : 13 } ) < - [ r0 : T3 { k50 : true , id : 14 } ] - ( n1 { k15 : substring ( CASE WHEN FALSE THEN NULL ELSE 'SsQn' END , CASE WHEN TRUE THEN abs ( NULL ) END , abs ( NULL ) ) , id : 15 } ) SET (NULL).FALSE=1 RETURN 1 AS a2 , 1 AS a3 ;
MATCH (a) RETURN a;
MATCH (a) RETURN a;
MATCH (b)-[a]->(c) RETURN a;
MATCH (b)-[a]->(c) RETURN a;
MATCH p0=(n0)-[r0 :T3{k54:('G9PntKl'+'s')}]-(n1) WHERE true MERGE ( :L2{k13:'9', k3:'A', id:16})<-[r1 :T1{id:17}]-(n2{id:18})<-[r2 :T2{id:19}]-(n3{id:20}) SET n0.k=((-1110836473 <> (r0.k49)) OR false) RETURN 1 AS a0, n2 AS a1;
MATCH p0 = ( n0 ) - [ r0 : T3 { k54 : ( 'G9PntKl' + 's' ) } ] - ( n1 ) WHERE true OPTIONAL MATCH ()-[:TYPE]-() MERGE ( : L2 { k13 : '9' , k3 : 'A' , id : 16 } ) < - [ r1 : T1 { id : 17 } ] - ( n2 { id : reduce(a=18 ,b IN []|a) } ) < - [ r2 : T2 { id : CASE WHEN FALSE THEN NULL ELSE 19 END } ] - ( n3 { id : 20 } ) REMOVE (NULL).TRUE SET n0 . k = ( reduce(a=( -1110836473 <> ( r0 . k49 ) ) OR false ,b IN []|a) ) WITH * RETURN CASE WHEN TRUE THEN 1 END AS a0 , n2 AS a1 LIMIT 1 ;
MATCH (a) RETURN a;
MATCH (a) RETURN a;
MATCH (b)-[a]->(c) RETURN a;
MATCH (b)-[a]->(c) RETURN a;
CREATE ({id:21})-[r0 :T0{id:22}]->({id:23})<-[r1 :T4{id:24}]-(n0{id:25}), (n1{id:26}) MERGE p0=({id:27})-[r2 :T5{id:28}]-(n2 :L0{k2:177379715, id:29}) CREATE ({id:30})<-[r3 :T1{k41:(n2.k2), id:31}]-(n3{id:32})<-[r4 :T2{k47:round(2059826509), id:33}]-(n6{id:34}) RETURN n2 AS a0 SKIP 1;
CREATE (m0{ id : 21 } )CREATE (m0)- [ r0 : T0 { id : 22 } ] - > ( { id : 23 } ) < - [ r1 : T4 { id : 24 } ] - ( n0 { id : 25 } ) CREATE ( n1 { id : 26 } ) MERGE p0 = ( { id : 27 } ) - [ r2 : T5 { id : 28 } ] - ( n2 : L0 { k2 : 177379715 , id : reduce(a=29 ,b IN []|a) } ) WITH * CREATE ( { id : 30 } ) < - [ r3 : T1 { k41 : ( n2 . k2 ) , id : CASE WHEN FALSE THEN NULL ELSE 31 END } ] - ( n3 { id : 32 } ) < - [ r4 : T2 { k47 : round ( 2059826509 ) , id : 33 } ] - ( n6 { id : 34 } ) WITH * RETURN n2 AS a0 SKIP 1 ;
MATCH (a) RETURN a;
MATCH (a) RETURN a;
MATCH (b)-[a]->(c) RETURN a;
MATCH (b)-[a]->(c) RETURN a;
CREATE ({id:35}) CREATE (n0 :L3{k22:NULL, id:36})<-[r0 :T4{id:37}]-({id:38}), p0=({id:39}) MERGE (n1{k15:'j', id:40}) RETURN n1 AS a0;
CREATE ( { id : 35 } ) REMOVE (NULL).NULL CREATE ( n0 : L3 { k22 : NULL , id : 36 } ) < - [ r0 : T4 { id : reduce(a=37 ,b IN []|a) } ] - ( { id : 38 } ) CREATE p0 = ( { id : reduce(a=39 ,b IN []|a) } ) WITH * OPTIONAL MATCH ()-[:TYPE]-() MERGE ( n1 { k15 : 'j' , id : CASE WHEN TRUE THEN 40 END } ) DETACH DELETE (NULL) RETURN reduce(a=n1 ,b IN []|a) AS a0 SKIP 1 ;
MATCH (a) RETURN a;
MATCH (a) RETURN a;
MATCH (b)-[a]->(c) RETURN a;
MATCH (b)-[a]->(c) RETURN a;
FOREACH(a4 IN NULL|MERGE ( :L2{id:46})-[ :T1{id:47}]-({id:48})<-[ :T2{id:49}]-(n14{k20:'5', id:50}) CREATE (n15{id:51})<-[r7 :T0{id:52}]-(n16{id:53})<-[ :T3{k50:true, id:54}]-({k2:NULL, id:55}) CREATE (n17{id:56})<-[r8 :T5{k65:NULL, id:57}]-(n18 :L2{id:58})-[ :T3{id:59}]->({id:60})) MERGE (n19{id:61}) MERGE (n20{id:62}) RETURN n19 AS a5;
FOREACH ( a4 IN NULL | MERGE ( : L2 { id : 46 } ) - [ : T1 { id : 47 } ] - ( { id : 48 } ) < - [ : T2 { id : 49 } ] - ( n14 { k20 : reduce(a='5' ,b IN []|a) , id : 50 } ) CREATE ( n15 { id : 51 } ) < - [ r7 : T0 { id : 52 } ] - ( n16 { id : 53 } ) < - [ : T3 { k50 : true , id : 54 } ] - ( { k2 : NULL , id : CASE WHEN FALSE THEN NULL ELSE 55 END } ) CREATE ( n17 { id : 56 } ) < - [ r8 : T5 { k65 : NULL , id : 57 } ] - ( n18 : L2 { id : 58 } ) - [ : T3 { id : 59 } ] - > ( { id : 60 } ) REMOVE (NULL).FALSE ) REMOVE (NULL).k MERGE ( n19 { id : 61 } ) WITH * UNWIND [1] as l0 MERGE ( n20 { id : 62 } ) WITH * RETURN n19 AS a5 ;
MATCH (a) RETURN a;
MATCH (a) RETURN a;
MATCH (b)-[a]->(c) RETURN a;
MATCH (b)-[a]->(c) RETURN a;
CREATE (n0{id:63})-[r0 :T0{id:64}]->({id:65})-[r1 :T2{id:66}]->({id:67}), ({id:68})<-[ :T0{id:69}]-({id:70}) MERGE (n1 :L2{id:71}) DETACH DELETE n1  RETURN NULL AS a0, false AS a1;
CREATE ( n0 { id : 63 } ) - [ r0 : T0 { id : 64 } ] - > ( { id : 65 } ) - [ r1 : T2 { id : reduce(a=66 ,b IN []|a) } ] - > ( { id : 67 } ) CREATE ( { id : 68 } ) < - [ : T0 { id : 69 } ] - ( { id : CASE WHEN TRUE THEN 70 END } ) WITH * OPTIONAL MATCH ()-[:TYPE]-() MERGE ( n1 : L2 { id : CASE WHEN FALSE THEN NULL ELSE 71 END } ) REMOVE (NULL).FALSE DETACH DELETE n1 REMOVE (NULL).FALSE RETURN NULL AS a0 , false AS a1 ;
MATCH (a) RETURN a;
MATCH (a) RETURN a;
MATCH (b)-[a]->(c) RETURN a;
MATCH (b)-[a]->(c) RETURN a;
MERGE ({id:72})-[r0 :T4{id:73}]-(n0{k22:'8', id:74})-[r1 :T2{id:75}]->(n1{id:76}) CREATE ({id:77}), p0=(n2{id:78})-[ :T1{id:79}]->(n3 :L2 :L0{k18:'SEKS33kc4', k4:'YZ', id:80})-[r2 :T5{k63:exists((n0)<-[]-()), id:81}]->(n5{id:82}) SET n0.k='o' RETURN n1 AS a0, n0 AS a1 UNION CREATE ( :L3{id:83})<-[ :T4{k59:NULL, id:84}]-({id:85})<-[ :T3{id:86}]-( :L0{id:87}), ({id:88}) MERGE p0=({id:89})<-[r0 :T2{k42:('V'+'Xa'), id:90}]-(n0{id:91}) DETACH DELETE n0  RETURN 1 AS a0, p0 AS a1;
MERGE ( { id : 72 } ) - [ r0 : T4 { id : CASE WHEN FALSE THEN NULL ELSE 73 END } ] - ( n0 { k22 : '8' , id : 74 } ) - [ r1 : T2 { id : 75 } ] - > ( n1 { id : 76 } ) DETACH DELETE NULL CREATE ( { id : 77 } ) CREATE p0 = ( n2 { id : 78 } ) - [ : T1 { id : 79 } ] - > ( n3 : L2 : L0 { k18 : 'SEKS33kc4' , k4 : 'YZ' , id : 80 } ) - [ r2 : T5 { k63 : reduce(a=exists ( ( n0 ) < - [ ] - ( ) ) ,b IN []|a) , id : 81 } ] - > ( n5 { id : 82 } ) SET (NULL).TRUE=1 FOREACH(f in [1]|SET n0 . k = 'o' ) RETURN DISTINCT n1 AS a0 , n0 AS a1 UNION CREATE ( : L3 { id : 83 } ) < - [ : T4 { k59 : NULL , id : 84 } ] - ( { id : CASE WHEN FALSE THEN NULL ELSE 85 END } ) < - [ : T3 { id : 86 } ] - ( : L0 { id : 87 } ) CREATE ( { id : 88 } ) DETACH DELETE (NULL) MERGE p0 = ( { id : 89 } ) < - [ r0 : T2 { k42 : ( 'V' + 'Xa' ) , id : reduce(a=90 ,b IN []|a) } ] - ( n0 { id : 91 } ) REMOVE (NULL).FALSE DETACH DELETE n0 WITH * RETURN 1 AS a0 , p0 AS a1 ;
MATCH (a) RETURN a;
MATCH (a) RETURN a;
MATCH (b)-[a]->(c) RETURN a;
MATCH (b)-[a]->(c) RETURN a;
CALL{WITH * OPTIONAL MATCH (), (n4{k5:-2021618638}) SET n4.k=NULL RETURN *} OPTIONAL MATCH (n5)<-[r3]-(), (n4)-[r4 :T5{k60:NULL}]->()-[]-() DETACH DELETE n5,n4  RETURN 1 AS a0;
CALL { WITH * CREATE (c0{id:-1}) DELETE (c0) WITH * OPTIONAL MATCH ( ) ,( n4 { k5 : -2021618638 } ) DELETE (NULL) SET n4 . k = NULL WITH * UNWIND [1] as l0 RETURN * } CREATE (c1{id:-1}) DELETE (c1) WITH * OPTIONAL MATCH ( n5 ) < - [ r3 ] - ( ) ,( n4 ) - [ r4 : T5 { k60 : NULL } ] - > ( ) - [ ] - ( ) DETACH DELETE n5 , n4 WITH * OPTIONAL MATCH ()-[:TYPE]-() RETURN CASE WHEN TRUE THEN 1 END AS a0 ;
MATCH (a) RETURN a;
MATCH (a) RETURN a;
MATCH (b)-[a]->(c) RETURN a;
MATCH (b)-[a]->(c) RETURN a;
UNWIND NULL AS a0 CREATE ({id:92}), ({k14:373179859, id:93})-[r0 :T5{id:94}]->({id:95}) MERGE (n0{k3:'s', id:96})-[r1 :T5{k63:true, id:97}]->(n1{id:98}) RETURN 1 AS a1 UNION MATCH (n0)-[r0 :T5{k64:true}]->(n1)-[]->(n2) MERGE (n3{id:99}) CREATE ({id:100}), ({k4:(r0.k65), id:101})-[ :T5{k63:(r0.k61), id:102}]->(n4{id:103}) RETURN n2 AS a1;
UNWIND CASE WHEN FALSE THEN NULL ELSE NULL END AS a0 REMOVE (NULL).k CREATE ( { id : 92 } ) CREATE ({id:95})<-[ r0 : T5 { id : 94 } ] -( { k14 : 373179859 , id : reduce(a=93 ,b IN []|a) } ) MERGE ( n0 { k3 : 's' , id : 96 } ) - [ r1 : T5 { k63 : true , id : 97 } ] - > ( n1 { id : 98 } ) WITH * UNWIND [NULL] as l0 RETURN 1 AS a1 SKIP 1 UNION MATCH ( n0 ) - [ r0 : T5 { k64 : true } ] - > ( n1 ) - [ ] - > ( n2 ) MERGE ( n3 { id : CASE WHEN TRUE THEN 99 END } ) CREATE ( { id : 100 } ) CREATE (m0{ k4 : ( r0 . k65 ) , id : CASE WHEN FALSE THEN NULL ELSE 101 END } )CREATE (m0)- [ : T5 { k63 : ( r0 . k61 ) , id : reduce(a=102 ,b IN []|a) } ] - > ( n4 { id : 103 } ) WITH * UNWIND [NULL] as l1 RETURN reduce(a=n2 ,b IN []|a) AS a1 ORDER BY 1 ;
MATCH (a) RETURN a;
MATCH (a) RETURN a;
MATCH (b)-[a]->(c) RETURN a;
MATCH (b)-[a]->(c) RETURN a;
CALL{WITH * MERGE p0=(n3{id:104}) DETACH DELETE p0,NULL  RETURN NULL AS a0, 1 AS a1} UNWIND [relationships(NULL)[abs(a1)], NULL] AS a2 MERGE (n4{id:105}) RETURN 1 AS a3 SKIP 0;
CALL { WITH * CREATE (c0{id:-1}) DELETE (c0) MERGE p0 = ( n3 { id : 104 } ) WITH * UNWIND [1] as l0 FOREACH(f in nodes(p0)|DETACH DELETE f) WITH * OPTIONAL MATCH ()-[:TYPE]-() RETURN NULL AS a0 , 1 AS a1 } UNWIND [ relationships ( NULL ) [ reduce(a=abs ( a1 ) ,b IN []|a) ] , NULL ] AS a2 OPTIONAL MATCH ()-[:TYPE]-() MERGE ( n4 { id : 105 } ) RETURN CASE WHEN TRUE THEN 1 END AS a3 SKIP 0 ;
MATCH (a) RETURN a;
MATCH (a) RETURN a;
MATCH (b)-[a]->(c) RETURN a;
MATCH (b)-[a]->(c) RETURN a;
MATCH ()-[r0]->() MATCH (), ()-[ :T0{k32:'3'}]-(n0)-[r1 :T4{k58:NULL}]->(n1 :L3{k21:false}) DETACH DELETE n1,n0  RETURN 1 AS a0, 1 AS a1 LIMIT 0;
MATCH (nn0),()-[r0]->(),(nn1) WHERE exists((nn0)-[r0]->(nn1)) WITH * MATCH (),()-[ :T0{k32:'3'}]-(n0)-[r1 :T4{k58:NULL}]->(n1 :L3{k21:false}) DETACH DELETE (NULL) DETACH DELETE n1 , n0 WITH * UNWIND [1] as l0 RETURN CASE WHEN TRUE THEN 1 END AS a0 , 1 AS a1 LIMIT CASE WHEN FALSE THEN NULL ELSE 0 END ;
