-- Time: 2024/07/05 16:31:54
-- Database: memgraph_database12
-- Database version: composite
-- seed value: 1720168296987
CREATE (n0 :L5:L4{k31 : '2', k30 : -1858763138, k33 : false, k32 : 'Dj', k35 : 'o', k34 : 'JpVFyL', k37 : 1245845182, k26 : 'pF1lw10', k36 : -576438972, k25 : 'XA', k28 : false, k27 : '5ic7', k29 : true, id : 0});
CREATE (n0 {id : 1});
CREATE (n0 :L3{k19 : false, k18 : true, k20 : 530562810, k22 : true, id : 2, k21 : false, k23 : false});
CREATE (n0 {id : 3});
MATCH (n0 {id : 0}), (n1 {id : 0}) MERGE(n0)-[r :T4{k60 : -1020831464, k62 : true, k61 : 1145015095, k64 : -1019969748, k63 : 'i', id : 4}]->(n1);
MATCH (n0 {id : 2}), (n1 {id : 3}) MERGE(n0)-[r :T0{k39 : 'Q', k38 : -478258986, k40 : 'd', k42 : false, k41 : -23347143, id : 5, k43 : -1347887959}]->(n1);
MATCH ()-[r0 :T4{k63:'2'}]-() MERGE (n0 :L3{id:6})<-[ :T4{id:7}]-({id:8}) CREATE ( :L3{k24:exists(( :L3)-[]-()), id:9})<-[ :T4{id:10}]-({id:11}) RETURN (n0.k19) AS a0, 1 AS a1 LIMIT 1;
MATCH ( ) - [ r0 : T4 { k63 : '2' } ] - ( ) WITH * MERGE pp0=( n0 : L3 { id : 6 } ) < - [ : T4 { id : 7 } ] - ( { id : 8 } ) CREATE (c0{id:-1}) DELETE (c0) CREATE ( : L3 { k24 : CASE WHEN FALSE THEN NULL ELSE exists ( ( : L3 ) - [ ] - ( ) ) END , id : 9 } ) < - [ : T4 { id : reduce(a=10 ,b IN []|a) } ] - ( { id : 11 } ) RETURN ( reduce(a=n0 . k19 ,b IN []|a) ) AS a0 , 1 AS a1 SKIP 1 LIMIT 1 ;
MATCH (a) RETURN a;
MATCH (a) RETURN a;
MATCH (b)-[a]->(c) RETURN a;
MATCH (b)-[a]->(c) RETURN a;
UNWIND [NULL] AS a2 UNWIND a2 AS a3 MERGE (n2{id:13})-[ :T0{id:14}]-(n3{k19:true, id:15}) RETURN 1 AS a4;
UNWIND [ NULL ] AS a2 UNWIND a2 AS a3 WITH * MERGE ( n2 { id : 13 } ) - [ : T0 { id : 14 } ] - ( n3 { k19 : CASE WHEN FALSE THEN NULL ELSE true END , id : 15 } ) RETURN reduce(a=1 ,b IN []|a) AS a4 ORDER BY NULL DESC ;
MATCH (a) RETURN a;
MATCH (a) RETURN a;
MATCH (b)-[a]->(c) RETURN a;
MATCH (b)-[a]->(c) RETURN a;
MERGE ({k23:true, id:16})-[ :T0{id:17}]->({id:18}) CREATE ({id:19}), (n2{k18:false, id:20})-[r2 :T0{id:21}]->({id:22}) CREATE ( :L3{id:23})-[r3 :T0{id:24}]->({id:25}), (n3{id:26})<-[ :T4{id:27}]-({id:28}) RETURN DISTINCT 1 AS a1;
MERGE ( { k23 : true , id : CASE WHEN FALSE THEN NULL ELSE 16 END } ) - [ : T0 { id : CASE WHEN FALSE THEN NULL ELSE 17 END } ] - > ( { id : 18 } ) CREATE ( { id : 19 } ) CREATE ( n2 { k18 : false , id : 20 } ) - [ r2 : T0 { id : 21 } ] - > ( { id : 22 } ) WITH * CREATE ( : L3 { id : reduce(a=23 ,b IN []|a) } ) - [ r3 : T0 { id : 24 } ] - > ( { id : reduce(a=25 ,b IN []|a) } ) CREATE (n3{ id : 26 } )CREATE (n3)< - [ : T4 { id : 27 } ] - ( { id : 28 } ) WITH * RETURN DISTINCT 1 AS a1 ;
MATCH (a) RETURN a;
MATCH (a) RETURN a;
MATCH (b)-[a]->(c) RETURN a;
MATCH (b)-[a]->(c) RETURN a;
FOREACH(a0 IN NULL|MERGE p0=(n0{k18:false, id:29})-[r0 :T0{id:30}]->(n1{id:31}) MERGE ( :L3{id:32})<-[r1 :T4{k63:'z2', id:33}]-(n2{id:34}) MERGE (n3{id:35})<-[r2 :T0{id:36}]-(n4 :L3{id:37})) MERGE ({id:38}) CREATE (n5{id:39})<-[ :T0{id:40}]-({id:41}) RETURN 1 AS a1;
FOREACH ( a0 IN NULL | MERGE p0 = ( n0 { k18 : false , id : 29 } ) - [ r0 : T0 { id : 30 } ] - > ( n1 { id : 31 } ) MERGE ( : L3 { id : CASE WHEN TRUE THEN 32 END } ) < - [ r1 : T4 { k63 : CASE WHEN FALSE THEN NULL ELSE 'z2' END , id : 33 } ] - ( n2 { id : 34 } ) MERGE ( n3 { id : 35 } ) < - [ r2 : T0 { id : 36 } ] - ( n4 : L3 { id : 37 } ) ) CREATE (c0{id:-1}) DELETE (c0) MERGE ( { id : 38 } ) SET (NULL).NULL=1 CREATE ( n5 { id : 39 } ) < - [ : T0 { id : 40 } ] - ( { id : reduce(a=41 ,b IN []|a) } ) WITH * UNWIND [1] as l0 RETURN reduce(a=1 ,b IN []|a) AS a1 ;
MATCH (a) RETURN a;
MATCH (a) RETURN a;
MATCH (b)-[a]->(c) RETURN a;
MATCH (b)-[a]->(c) RETURN a;
FOREACH(a0 IN NULL|CREATE (n0{id:42}) CREATE ({id:43}), (n1 :L4{id:44})-[ :T4{id:45}]->({k33:NULL, k27:'EzoDQY6', id:46}) CREATE ({id:47}), (n2{k26:'NI', id:48})) MERGE (n3 :L5 :L4{id:49})-[r0 :T4{id:50}]-({k35:'G', id:51}) CREATE ({id:52}) RETURN DISTINCT 1 AS a1, (n3.k28) AS a2 ORDER BY [NULL, NULL] DESC;
FOREACH ( a0 IN CASE WHEN TRUE THEN NULL END | CREATE ( n0 { id : 42 } ) REMOVE (NULL).FALSE CREATE ( { id : CASE WHEN FALSE THEN NULL ELSE 43 END } ) CREATE ( n1 : L4 { id : 44 } ) - [ : T4 { id : 45 } ] - > ( { k33 : NULL , k27 : (''+'EzoDQY6' ), id : CASE WHEN TRUE THEN 46 END } ) CREATE ( { id : 47 } ) CREATE ( n2 { k26 : (''+'NI' ), id : 48 } ) DELETE NULL ) MERGE ( n3 : L5 : L4 { id : 49 } ) - [ r0 : T4 { id : CASE WHEN FALSE THEN NULL ELSE 50 END } ] - ( { k35 : 'G' , id : 51 } ) WITH * UNWIND [NULL] as l0 CREATE ( { id : 52 } ) DELETE (NULL) RETURN DISTINCT 1 AS a1 , ( n3 . k28 ) AS a2 ORDER BY [NULL, NULL] DESC ,TRUE ;
MATCH (a) RETURN a;
MATCH (a) RETURN a;
MATCH (b)-[a]->(c) RETURN a;
MATCH (b)-[a]->(c) RETURN a;
CREATE ( :L4{id:53})-[ :T4{id:54}]->(n0 :L4{k37:NULL, id:55}) MERGE ({k35:'Y7A', id:56})-[r0 :T4{id:57}]->(n1{id:58}) DETACH DELETE r0  RETURN DISTINCT *, n1 AS a0;
CREATE ( : L4 { id : 53 } ) - [ : T4 { id : 54 } ] - > ( n0 : L4 { k37 : reduce(a=NULL ,b IN []|a) , id : 55 } ) MERGE ( { k35 : 'Y7A' , id : 56 } ) - [ r0 : T4 { id : CASE WHEN FALSE THEN NULL ELSE 57 END } ] - > ( n1 { id : reduce(a=58 ,b IN []|a) } ) DETACH DELETE r0 RETURN DISTINCT * , reduce(a=n1 ,b IN []|a) AS a0 LIMIT 1 ;
MATCH (a) RETURN a;
MATCH (a) RETURN a;
MATCH (b)-[a]->(c) RETURN a;
MATCH (b)-[a]->(c) RETURN a;
MERGE (n0{id:59}) SET n0.k=251882534 SET n0.k=NULL RETURN 1 AS a0, 1 AS a1 SKIP 1 UNION UNWIND [(n0)-[]-()|CASE WHEN NULL THEN NULL END] AS a0 MATCH ()-[]-() CREATE (n1{id:60})<-[ :T4{id:61}]-({id:62}) RETURN 1 AS a0, a0 AS a1 ORDER BY nodes(NULL)[abs(-1096838922)], a0;
MERGE ( n0 { id : 59 } ) SET n0 . k = reduce(a=251882534 ,b IN []|a) CREATE (c0{id:-1}) DELETE (c0) SET n0 . k = NULL SET (NULL).k=1 RETURN 1 AS a0 , CASE WHEN TRUE THEN 1 END AS a1 SKIP reduce(a=1 ,b IN []|a) UNION UNWIND [ ( n0 ) - [ ] - ( ) | CASE WHEN NULL THEN NULL END ] AS a0 WITH * MATCH (nn0),()<-[m1]-(),(nn2) WHERE exists((nn0)-[m1]-(nn2)) REMOVE (NULL).NULL CREATE ( n1 { id : 60 } ) < - [ : T4 { id : CASE WHEN FALSE THEN NULL ELSE 61 END } ] - ( { id : 62 } ) RETURN 1 AS a0 , a0 AS a1 ORDER BY nodes(NULL)[abs(-1096838922)], a0 ;
MATCH (a) RETURN a;
MATCH (a) RETURN a;
MATCH (b)-[a]->(c) RETURN a;
MATCH (b)-[a]->(c) RETURN a;
MERGE (n0{id:63}) DETACH DELETE n0  CREATE (n1{id:64})-[r0 :T4{id:65}]->({id:66}) RETURN 1 AS a0;
MERGE ( n0 { id : 63 } ) REMOVE (NULL).TRUE FOREACH(f in [1]|DETACH DELETE n0 ) DELETE NULL CREATE ( n1 { id : CASE WHEN FALSE THEN NULL ELSE 64 END } ) - [ r0 : T4 { id : 65 } ] - > ( { id : 66 } ) WITH * OPTIONAL MATCH ()-[:TYPE]-() RETURN DISTINCT 1 AS a0 LIMIT 1 ;
MATCH (a) RETURN a;
MATCH (a) RETURN a;
MATCH (b)-[a]->(c) RETURN a;
MATCH (b)-[a]->(c) RETURN a;
UNWIND NULL AS a0 CREATE (n0{id:67})<-[r0 :T0{id:68}]-({k24:NULL, id:69}), (n1{id:70})-[r1 :T0{id:71}]->(n2{id:72}) CREATE p0=(n3{k23:true, id:73})-[ :T0{id:74}]->(n4{id:75}) RETURN true AS a1, 1 AS a2 LIMIT 1 UNION OPTIONAL MATCH (n0) DETACH DELETE n0  CREATE ({k23:true, id:76}), (n1 :L3{id:77})-[ :T0{id:78}]->({id:79}) RETURN 1 AS a1, 1 AS a2 SKIP 0;
UNWIND NULL AS a0 OPTIONAL MATCH ()-[:TYPE]-() CREATE ( n0 { id : 67 } ) < - [ r0 : T0 { id : 68 } ] - ( { k24 : CASE WHEN TRUE THEN NULL END , id : reduce(a=69 ,b IN []|a) } ) CREATE (n1{ id : 70 } )CREATE (n1)- [ r1 : T0 { id : 71 } ] - > ( n2 { id : reduce(a=72 ,b IN []|a) } ) CREATE p0=(n4{id:75})<-[ : T0 { id : 74 } ] -( n3 { k23 : true , id : 73 } ) WITH * RETURN true AS a1 , 1 AS a2 SKIP 1 LIMIT 1 UNION OPTIONAL MATCH ( n0 ) OPTIONAL MATCH ()-[:TYPE]-() DETACH DELETE reduce(a=n0 ,b IN []|a) WITH * CREATE ( { k23 : true , id : 76 } ) CREATE ( n1 : L3 { id : 77 } ) - [ : T0 { id : 78 } ] - > ( { id : 79 } ) SET (NULL).k=1 RETURN reduce(a=1 ,b IN []|a) AS a1 , 1 AS a2 SKIP 0 ;
MATCH (a) RETURN a;
MATCH (a) RETURN a;
MATCH (b)-[a]->(c) RETURN a;
MATCH (b)-[a]->(c) RETURN a;
CREATE (n2{id:80}) MERGE (n3 :L4{k27:'PqiNRIU', id:81}) CREATE (n4{id:82}), ( :L5 :L4{k32:(n3.k26), k26:(n3.k25), id:83})<-[r0 :T0{k40:(n3.k26), id:84}]-(n5{id:85}) RETURN n3 AS a1 UNION ALL MERGE (n0{id:86}) SET n0.k=CASE WHEN true THEN NULL END CREATE ({id:87})<-[r0 :T0{id:88}]-(n1{id:89}) RETURN n0 AS a1;
CREATE ( n2 { id : 80 } ) WITH * MERGE ( n3 : L4 { k27 : ('PqiNRIU' +'') , id : CASE WHEN TRUE THEN 81 END } ) CREATE ( n4 { id : 82 } ) CREATE ( : L5 : L4 { k32 : ( n3 . k26 ) , k26 : CASE WHEN FALSE THEN NULL ELSE ( n3 . k25 ) END , id : 83 } ) < - [ r0 : T0 { k40 : ( n3 . k26 ) , id : 84 } ] - ( n5 { id : 85 } ) WITH * RETURN n3 AS a1 SKIP 1 UNION ALL MERGE ( n0 { id : reduce(a=86 ,b IN []|a) } ) DETACH DELETE (NULL) FOREACH(f in [1]|SET n0 . k = CASE WHEN reduce(a=true ,b IN []|a) THEN NULL END ) DETACH DELETE NULL CREATE (n1{id:89})-[ r0 : T0 { id : 88 } ] ->( { id : reduce(a=87 ,b IN []|a) } ) RETURN n0 AS a1 ORDER BY TRUE ;
MATCH (a) RETURN a;
MATCH (a) RETURN a;
MATCH (b)-[a]->(c) RETURN a;
MATCH (b)-[a]->(c) RETURN a;
FOREACH(a0 IN NULL|MERGE (n0{id:90})<-[r0 :T0{id:91}]-(n1{k22:true, id:92}) CREATE (n2{id:93}) MERGE p0=(n3{id:94})) CREATE (n4{id:95})<-[r1 :T0{k39:reverse(NULL), id:96}]-({id:97}) CREATE ({id:98}), (n5{id:99})<-[ :T0{id:100}]-(n6{id:101}) RETURN false AS a1;
FOREACH ( a0 IN NULL | MERGE ( n0 { id : 90 } ) < - [ r0 : T0 { id : 91 } ] - ( n1 { k22 : true , id : 92 } ) CREATE ( n2 { id : 93 } ) MERGE p0 = ( n3 { id : 94 } ) CREATE (c0{id:-1}) DELETE (c0) ) SET (NULL).k=1 CREATE ( n4 { id : 95 } ) < - [ r1 : T0 { k39 : reduce(a=reverse ( NULL ) ,b IN []|a) , id : 96 } ] - ( { id : 97 } ) WITH * UNWIND [1] as l0 CREATE ( { id : 98 } ) CREATE (n6{id:101})-[ : T0 { id : 100 } ] ->( n5 { id : 99 } ) RETURN false AS a1 ;
MATCH (a) RETURN a;
MATCH (a) RETURN a;
MATCH (b)-[a]->(c) RETURN a;
MATCH (b)-[a]->(c) RETURN a;
CREATE p0=({id:102}) CREATE (n0{id:103})<-[r0 :T4{k62:NULL, id:104}]-(n1 :L3{k22:CASE WHEN false THEN (-304506397 <> NULL) END, id:105}) CREATE p1=(n2{id:106})<-[r1 :T4{k62:NULL, id:107}]-( :L3{k23:true, id:108}) RETURN 1 AS a0;
CREATE p0 = ( { id : 102 } ) CREATE (c0{id:-1}) DELETE (c0) CREATE ( n0 { id : 103 } ) < - [ r0 : T4 { k62 : NULL , id : 104 } ] - ( n1 : L3 { k22 : CASE WHEN false THEN ( -304506397 <> NULL ) END , id : CASE WHEN TRUE THEN 105 END } ) WITH * OPTIONAL MATCH ()-[:TYPE]-() CREATE (n2{ id : 106 } )CREATE (n2)< - [ r1 : T4 { k62 : reduce(a=NULL ,b IN []|a) , id : reduce(a=107 ,b IN []|a) } ] - ( : L3 { k23 : CASE WHEN FALSE THEN NULL ELSE true END , id : 108 } ) RETURN 1 AS a0 SKIP 1 ;
MATCH (a) RETURN a;
MATCH (a) RETURN a;
MATCH (b)-[a]->(c) RETURN a;
MATCH (b)-[a]->(c) RETURN a;
CALL{WITH * UNWIND CASE WHEN reduce(a=NULL,b IN [('GG' ENDS WITH 'R'), exists(()-[]-())]|a AND b) THEN NULL END AS a1 CREATE (n0{id:109}) RETURN 1 AS a2} OPTIONAL MATCH (n1), p0=() MERGE ({id:110}) RETURN DISTINCT 1 AS a3 ORDER BY {k1: NULL, k2: [endNode(NULL), endNode(NULL)]}, a3 LIMIT 1;
CALL { WITH * UNWIND CASE WHEN CASE WHEN TRUE THEN reduce ( a = NULL , b IN [ CASE WHEN FALSE THEN NULL ELSE ( CASE WHEN TRUE THEN 'GG' ENDS WITH 'R' END ) END , exists ( ( ) - [ ] - ( ) ) ] | a AND b ) END THEN NULL END AS a1 CREATE ( n0 { id : 109 } ) RETURN 1 AS a2 SKIP 1 } WITH * OPTIONAL MATCH ( n1 ) ,p0 = ( ) OPTIONAL MATCH ()-[:TYPE]-() MERGE ( { id : 110 } ) WITH * RETURN DISTINCT 1 AS a3 ORDER BY {k1: NULL, k2: [endNode(NULL), endNode(NULL)]}, a3 LIMIT 1 ;
MATCH (a) RETURN a;
MATCH (a) RETURN a;
MATCH (b)-[a]->(c) RETURN a;
MATCH (b)-[a]->(c) RETURN a;
FOREACH(a0 IN NULL|MERGE (n0 :L5{id:111}) MERGE p0=({id:112})<-[r0 :T4{id:113}]-(n1{k21:false, id:114}) MERGE ({id:115})<-[ :T4{id:116}]-({k22:false, id:117})) MERGE ({id:118}) CREATE ({id:119}) RETURN 1 AS a1, 1 AS a2 ORDER BY endNode(relationships(reduce(a=NULL,b IN [NULL, NULL]|a))[abs(CASE WHEN false THEN 418376462 END)]), a2;
FOREACH ( a0 IN NULL | MERGE ( n0 : L5 { id : 111 } ) CREATE (c0{id:-1}) DELETE (c0) MERGE p0 = ( { id : 112 } ) < - [ r0 : T4 { id : 113 } ] - ( n1 { k21 : false , id : 114 } ) MERGE ( { id : 115 } ) < - [ : T4 { id : 116 } ] - ( { k22 : CASE WHEN FALSE THEN NULL ELSE false END , id : 117 } ) CREATE (c1{id:-1}) DELETE (c1) ) WITH * OPTIONAL MATCH ()-[:TYPE]-() MERGE ( { id : reduce(a=118 ,b IN []|a) } ) WITH * OPTIONAL MATCH ()-[:TYPE]-() CREATE ( { id : 119 } ) RETURN 1 AS a1 , 1 AS a2 ORDER BY endNode(relationships(reduce(a=NULL,b IN [NULL, NULL]|a))[abs(CASE WHEN false THEN 418376462 END)]), a2 ;
