-- Time: 2024/07/05 16:32:19
-- Database: memgraph_database39
-- Database version: composite
-- seed value: 1720168297014
CREATE (n0 :L1{k11 : false, id : 0, k10 : false, k7 : true, k13 : 'n0', k8 : '4kZ8i', k12 : -1524736524, k9 : -408475492});
CREATE (n0 :L2{k17 : false, k16 : -363745415, k18 : -526085058, id : 1, k15 : true, k14 : 'sdJJB0D83'});
CREATE (n0 :L4:L3{k28 : -672232700, k27 : 'fu', k29 : 't', k20 : 649076008, k30 : true, k22 : 'vmMLo', id : 2, k21 : -1057591763, k24 : 229366730, k23 : 'DnobyF', k26 : -29424042, k25 : 'W'});
CREATE (n0 :L1{k11 : false, id : 3, k10 : false, k7 : true, k13 : 'NP', k8 : 'sYt', k12 : -295483333, k9 : 2011358733});
MATCH (n0 {id : 0}), (n1 {id : 1}) MERGE(n0)-[r :T3{k60 : false, k62 : true, k61 : 'OV', k63 : 'wxOI', id : 4, k59 : -681558834, k58 : 'K'}]->(n1);
MATCH (n0 {id : 3}), (n1 {id : 3}) MERGE(n0)-[r :T3{k60 : true, k62 : true, k61 : 'jQpT', id : 5, k57 : 'L', k59 : -681558834, k58 : 'rdGbC6Jt'}]->(n1);
MATCH (n0 {id : 3}), (n1 {id : 0}) MERGE(n0)-[r :T4{k64 : '0d8', k66 : 'k', id : 6, k65 : 1946980953, k68 : false, k67 : '9Gid', k69 : 1520681353}]->(n1);
MATCH (n0 {id : 3}), (n1 {id : 1}) MERGE(n0)-[r :T0{k39 : false, k38 : 'O', k40 : 1811025777, k42 : '06K', k41 : -340444597, id : 7, k37 : 'rmay78'}]->(n1);
MATCH (n0 {id : 1}), (n1 {id : 3}) MERGE(n0)-[r :T1{k49 : 964028705, k44 : -1842663898, id : 8, k43 : true, k46 : false, k45 : false, k48 : 1623683000, k47 : 2052576664}]->(n1);
CALL{WITH * MERGE ({id:9}) WITH * RETURN (false OR false) AS a0, 1 AS a1} MERGE (n0 :L3{k30:(a1 < ((1105839842*a1)*1372950455)), id:10}) MERGE p0=({id:11}) RETURN a0 AS a2;
CALL { WITH * MERGE ( { id : 9 } ) CREATE (c0{id:-1}) DELETE (c0) WITH * RETURN CASE WHEN TRUE THEN ( false OR false ) END AS a0 , CASE WHEN TRUE THEN 1 END AS a1 } MERGE pp0=( n0 : L3 { k30 : ( a1 < ( ( 1105839842 * a1 ) * 1372950455 ) ) , id : 10 } ) DETACH DELETE NULL MERGE p0 = ( { id : reduce(a=11 ,b IN []|a) } ) RETURN a0 AS a2 ;
MATCH (a) RETURN a;
MATCH (a) RETURN a;
MATCH (b)-[a]->(c) RETURN a;
MATCH (b)-[a]->(c) RETURN a;
MERGE (n0{k29:'0a', id:12}) MERGE (n1 :L4{k20:-1114222793, id:13}) DETACH DELETE n0,n1  RETURN startNode(NULL) AS a0;
MERGE ( n0 { k29 : '0a' , id : 12 } ) WITH * OPTIONAL MATCH ()-[:TYPE]-() MERGE pp0=( n1 : L4 { k20 : -1114222793 , id : CASE WHEN TRUE THEN 13 END } ) REMOVE (NULL).FALSE FOREACH(f in [1]|DETACH DELETE n0 , n1 ) RETURN startNode ( reduce(a=NULL ,b IN []|a) ) AS a0 SKIP 1 ;
MATCH (a) RETURN a;
MATCH (a) RETURN a;
MATCH (b)-[a]->(c) RETURN a;
MATCH (b)-[a]->(c) RETURN a;
MATCH ()-[r0]-(n0 :L1)-[r1]-(), (n1)-[r1]->(n0)-[r2]->(n2) MERGE (n3{id:14})-[ :T3{id:15}]-( :L1{k9:-1895244672, id:16}) SET n1.k=1205956418 RETURN * LIMIT 1;
MATCH ( ) - [ r0 ] - ( n0 : L1 ) - [ r1 ] - ( ) ,( n1 ) - [ r1 ] - > ( n0 ) - [ r2 ] - > ( n2 ) WHERE TRUE OPTIONAL MATCH ()-[:TYPE]-() MERGE ( n3 { id : reduce(a=14 ,b IN []|a) } ) - [ : T3 { id : 15 } ] - ( : L1 { k9 : -1895244672 , id : 16 } ) WITH * UNWIND [1] as l0 FOREACH(f in [1]|SET n1 . k = CASE WHEN TRUE THEN 1205956418 END ) CREATE (c0{id:-1}) DELETE (c0) RETURN DISTINCT * LIMIT 1 ;
MATCH (a) RETURN a;
MATCH (a) RETURN a;
MATCH (b)-[a]->(c) RETURN a;
MATCH (b)-[a]->(c) RETURN a;
MERGE (n2 :L2{id:17}) DETACH DELETE n2  CREATE p2=(n3{id:18})-[ :T3{k58:NULL, id:19}]->( :L1{id:20}) RETURN 1 AS a0;
MERGE ( n2 : L2 { id : 17 } ) WITH * OPTIONAL MATCH ()-[:TYPE]-() DETACH DELETE n2 DETACH DELETE (NULL) CREATE p2 = ( n3 { id : 18 } ) - [ : T3 { k58 : NULL , id : 19 } ] - > ( : L1 { id : CASE WHEN TRUE THEN 20 END } ) WITH * UNWIND [1] as l0 RETURN 1 AS a0 LIMIT 1 ;
MATCH (a) RETURN a;
MATCH (a) RETURN a;
MATCH (b)-[a]->(c) RETURN a;
MATCH (b)-[a]->(c) RETURN a;
CALL{WITH * CREATE ({k16:-1214720877, id:21})<-[r2 :T0{id:22}]-(n4{id:23})-[r3 :T4{k66:NULL, id:24}]->(n5{k11:true, id:25}), (n6 :L3{id:26}) WITH NULL AS a5 RETURN 1 AS a6, 1 AS a7} CREATE (n7 :L3{k27:NULL, id:27}) CREATE p1=({id:28})<-[r4 :T0{id:29}]-({id:30})-[ :T4{id:31}]->(n8{id:32}) RETURN 1 AS a8;
CALL { WITH * WITH * CREATE ( { k16 : -1214720877 , id : 21 } ) < - [ r2 : T0 { id : 22 } ] - ( n4 { id : CASE WHEN FALSE THEN NULL ELSE 23 END } ) - [ r3 : T4 { k66 : NULL , id : 24 } ] - > ( n5 { k11 : true , id : 25 } ) CREATE ( n6 : L3 { id : 26 } ) WITH * WITH NULL AS a5 RETURN reduce(a=1 ,b IN []|a) AS a6 , 1 AS a7 } CREATE (c0{id:-1}) DELETE (c0) CREATE ( n7 : L3 { k27 : NULL , id : 27 } ) CREATE (m0{ id : reduce(a=28 ,b IN []|a) } )CREATE (m0)< - [ r4 : T0 { id : 29 } ] - ( { id : 30 } ) - [ : T4 { id : 31 } ] - > ( n8 { id : reduce(a=32 ,b IN []|a) } ) WITH * RETURN CASE WHEN TRUE THEN 1 END AS a8 ;
MATCH (a) RETURN a;
MATCH (a) RETURN a;
MATCH (b)-[a]->(c) RETURN a;
MATCH (b)-[a]->(c) RETURN a;
FOREACH(a0 IN [p0=(n0)-[r0 :T1{k45:false}]-(n1)|endNode(r0)]|CREATE (n2{k9:2006745244, id:33}) CREATE (n3 :L1{id:34})-[ :T3{id:35}]->(n4 :L2{id:36}) MERGE ({id:37})) MERGE p1=(n5{id:38})-[r1 :T4{k64:'au', id:39}]-({k10:false, id:40})-[r2 :T3{id:41}]-({id:42}) MERGE (n6{id:43})-[ :T3{id:44}]-(n7 :L1{k12:-1285980618, id:45})-[ :T4{k69:1511026101, id:46}]->( :L1{id:47}) RETURN 1 AS a1;
FOREACH ( a0 IN [ p0 = ( n0 ) - [ r0 : T1 { k45 : false } ] - ( n1 ) | endNode ( CASE WHEN FALSE THEN NULL ELSE r0 END ) ] | CREATE ( n2 { k9 : 2006745244 , id : 33 } ) CREATE ( n3 : L1 { id : 34 } ) - [ : T3 { id : 35 } ] - > ( n4 : L2 { id : 36 } ) DELETE NULL MERGE ( { id : 37 } ) CREATE (c0{id:-1}) DELETE (c0) ) SET (NULL).TRUE=1 MERGE p1 = ( n5 { id : 38 } ) - [ r1 : T4 { k64 : 'au' , id : CASE WHEN FALSE THEN NULL ELSE 39 END } ] - ( { k10 : false , id : 40 } ) - [ r2 : T3 { id : 41 } ] - ( { id : 42 } ) WITH * UNWIND [NULL] as l0 MERGE ( n6 { id : 43 } ) - [ : T3 { id : reduce(a=44 ,b IN []|a) } ] - ( n7 : L1 { k12 : -1285980618 , id : 45 } ) - [ : T4 { k69 : 1511026101 , id : 46 } ] - > ( : L1 { id : 47 } ) RETURN CASE WHEN TRUE THEN 1 END AS a1 SKIP 1 ;
MATCH (a) RETURN a;
MATCH (a) RETURN a;
MATCH (b)-[a]->(c) RETURN a;
MATCH (b)-[a]->(c) RETURN a;
MATCH (n0)-[]->(n1 :L1), (n2) UNWIND NULL AS a0 CREATE p0=(n3{id:48})<-[r0 :T1{id:49}]-(n4 :L2{id:50}), (n5{id:51})-[r1 :T0{k38:NULL, id:52}]->(n6 :L2{id:53})-[r2 :T1{k49:363762805, id:54}]->(n7{k10:(n1.k10), id:55}) RETURN 1 AS a1;
MATCH ( n0 ) - [ ] - > ( n1 : L1 ) ,( n2 ) UNWIND reduce(a=NULL ,b IN []|a) AS a0 CREATE p0 = ( n3 { id : 48 } ) < - [ r0 : T1 { id : 49 } ] - ( n4 : L2 { id : 50 } ) CREATE (n7{k10:(n1.k10), id:55})<-[ r2 : T1 { k49 : CASE WHEN TRUE THEN 363762805 END , id : 54 } ] -(n6 :L2{id:53})<-[ r1 : T0 { k38 : NULL , id : CASE WHEN TRUE THEN 52 END } ] -( n5 { id : 51 } ) RETURN 1 AS a1 ;
MATCH (a) RETURN a;
MATCH (a) RETURN a;
MATCH (b)-[a]->(c) RETURN a;
MATCH (b)-[a]->(c) RETURN a;
CREATE (n0{k8:NULL, id:56}), (n1 :L4{id:57}) MERGE p0=(n2{id:58}) CREATE (n3{id:59}) RETURN n2 AS a0, p0 AS a1;
CREATE ( n0 { k8 : NULL , id : 56 } ) CREATE ( n1 : L4 { id : CASE WHEN FALSE THEN NULL ELSE 57 END } ) WITH * UNWIND [1] as l0 MERGE p0 = ( n2 { id : 58 } ) CREATE ( n3 { id : 59 } ) RETURN n2 AS a0 , p0 AS a1 SKIP 1 ;
MATCH (a) RETURN a;
MATCH (a) RETURN a;
MATCH (b)-[a]->(c) RETURN a;
MATCH (b)-[a]->(c) RETURN a;
UNWIND relationships(NULL) AS a0 OPTIONAL MATCH ()-[a0]-(n0)-[ :T3{k60:false}]-(n1 :L1), ( :L1) SET n1.k=-547388728 RETURN (n1.k7) AS a1 SKIP 0;
UNWIND relationships ( NULL ) AS a0 CREATE (c0{id:-1}) DELETE (c0) WITH * OPTIONAL MATCH ( ) - [ a0 ] - ( n0 ) - [ : T3 { k60 : false } ] - ( n1 : L1 ) ,( : L1 ) CREATE (c1{id:-1}) DELETE (c1) SET n1 . k = -547388728 WITH * RETURN ( n1 . k7 ) AS a1 SKIP 0 ;
MATCH (a) RETURN a;
MATCH (a) RETURN a;
MATCH (b)-[a]->(c) RETURN a;
MATCH (b)-[a]->(c) RETURN a;
CREATE (n0{id:60}) CREATE p0=({k7:(CASE WHEN reduce(a=true,b IN [false, true]|a) THEN reverse('YM') END CONTAINS substring(CASE WHEN true THEN 'h' END, abs(-1214632931), abs(NULL))), id:61})<-[r0 :T4{k67:NULL, id:62}]-({k11:NULL, id:63})-[ :T3{id:64}]->({id:65}) MERGE p1=(n1 :L2{id:66})<-[r1 :T0{k40:-1069077004, id:67}]-({k9:1454487140, id:68}) RETURN NULL AS a0 LIMIT 0;
CREATE ( n0 { id : 60 } ) CREATE p0=({id:65})<-[ : T3 { id : CASE WHEN FALSE THEN NULL ELSE 64 END } ] -({k11:NULL, id:63})-[ r0 : T4 { k67 : CASE WHEN TRUE THEN NULL END , id : reduce(a=62 ,b IN []|a) } ] ->( { k7 : CASE WHEN FALSE THEN NULL ELSE ( CASE WHEN TRUE THEN CASE WHEN reduce ( a = true , b IN reduce(a=([]+[ false , true ] ),b IN []|a) | a ) THEN reverse ( 'YM' ) END CONTAINS substring ( CASE WHEN true THEN 'h' END , CASE WHEN FALSE THEN NULL ELSE abs ( -1214632931 ) END , reduce(a=abs ( NULL ) ,b IN []|a) ) END ) END , id : CASE WHEN TRUE THEN 61 END } ) WITH * MERGE p1 = ( n1 : L2 { id : 66 } ) < - [ r1 : T0 { k40 : -1069077004 , id : 67 } ] - ( { k9 : 1454487140 , id : 68 } ) RETURN reduce(a=NULL ,b IN []|a) AS a0 SKIP 1 LIMIT 0 ;
MATCH (a) RETURN a;
MATCH (a) RETURN a;
MATCH (b)-[a]->(c) RETURN a;
MATCH (b)-[a]->(c) RETURN a;
MATCH ( :L1)-[]-(n0 :L2{k18:1950017627}), (n1)<-[]-() SET n0.k=false CREATE (n2 :L1{id:69}), ( :L2{k16:1890555443, id:70})<-[r0 :T0{k41:(n0.k16), id:71}]-(n3{id:72})<-[ :T1{id:73}]-( :L2{id:74}) RETURN 1 AS a0, 221524280 AS a1;
MATCH ( : L1 ) - [ ] - ( n0 : L2 { k18 : 1950017627 } ) ,( n1 ) < - [ ] - ( ) WHERE TRUE SET (NULL).k=1 SET n0 . k = false WITH * CREATE ( n2 : L1 { id : 69 } ) CREATE ( : L2 { k16 : 1890555443 , id : 70 } ) < - [ r0 : T0 { k41 : ( n0 . k16 ) , id : 71 } ] - ( n3 { id : 72 } ) < - [ : T1 { id : 73 } ] - ( : L2 { id : 74 } ) WITH * UNWIND [1] as l0 RETURN 1 AS a0 , 221524280 AS a1 ;
MATCH (a) RETURN a;
MATCH (a) RETURN a;
MATCH (b)-[a]->(c) RETURN a;
MATCH (b)-[a]->(c) RETURN a;
FOREACH(a1 IN [NULL, NULL]|MERGE ({id:75}) MERGE ( :L1{id:76})-[ :T3{id:77}]->(n1{k14:'E', id:78}) CREATE p0=({id:79}), ({id:80})<-[ :T0{id:81}]-(n2{id:82})) MERGE p1=(n3{id:83}) SET n3.k=NULL RETURN 1 AS a2 UNION UNWIND keys(NULL) AS a0 MERGE p0=( :L1{id:84})-[r0 :T4{id:85}]-(n0{id:86})-[r1 :T0{id:87}]-(n1{id:88}) DETACH DELETE n1,n0  RETURN 1 AS a2 LIMIT 0;
FOREACH ( a1 IN [ NULL , reduce(a=NULL ,b IN []|a) ] | MERGE pp0=( { id : 75 } ) SET (NULL).NULL=1 MERGE ( : L1 { id : 76 } ) - [ : T3 { id : CASE WHEN TRUE THEN 77 END } ] - > ( n1 { k14 : 'E' , id : 78 } ) CREATE p0 = ( { id : 79 } ) CREATE ( { id : 80 } ) < - [ : T0 { id : reduce(a=81 ,b IN []|a) } ] - ( n2 { id : 82 } ) SET (NULL).k=1 ) WITH * MERGE p1 = ( n3 { id : 83 } ) SET n3 . k = NULL DETACH DELETE (NULL) RETURN 1 AS a2 SKIP 1 LIMIT 1 UNION UNWIND keys ( NULL ) AS a0 CREATE (c0{id:-1}) DELETE (c0) MERGE p0 = ( : L1 { id : reduce(a=84 ,b IN []|a) } ) - [ r0 : T4 { id : 85 } ] - ( n0 { id : reduce(a=86 ,b IN []|a) } ) - [ r1 : T0 { id : 87 } ] - ( n1 { id : 88 } ) DETACH DELETE n1 , n0 WITH * UNWIND [NULL] as l0 RETURN CASE WHEN FALSE THEN NULL ELSE 1 END AS a2 SKIP 1 LIMIT 0 ;
