-- Time: 2024/07/05 16:32:59
-- Database: memgraph_database78
-- Database version: composite
-- seed value: 1720168297053
CREATE (n0 :L0{k0 : 'j', k1 : -30390791, k3 : -1359530327, k4 : 'MrmjbB', id : 0});
CREATE (n0 :L1{k11 : -121350585, id : 1, k6 : 766987071, k10 : -479099201, k7 : 'i', k8 : false, k9 : 306741157});
CREATE (n0 :L0:L6{k39 : 'zcDd', k38 : 'NX', k0 : '0k', k1 : 448993883, k40 : false, k3 : -1722346003, k42 : 'X7W', k4 : 'OddKg', k41 : '9XM2X', k5 : '7', id : 2, k43 : 'p'});
CREATE (n0 :L2{k17 : 627121453, k16 : true, id : 3, k13 : 'B', k12 : 'wF', k15 : true, k14 : false});
MATCH (n0 {id : 0}), (n1 {id : 2}) MERGE(n0)-[r :T5{k80 : 'm', k81 : false, k83 : -1338826987, k77 : -693910790, id : 4, k79 : 841227557, k78 : 'o'}]->(n1);
MATCH (n0 {id : 3}), (n1 {id : 2}) MERGE(n0)-[r :T5{k80 : 'a94v', k81 : true, k83 : 1411024900, k77 : 1955294357, id : 5, k79 : -510237762, k78 : 'YP'}]->(n1);
MATCH (n0 {id : 0}), (n1 {id : 1}) MERGE(n0)-[r :T4{k73 : -958736219, k75 : -1779303671, k74 : 'DUEDtqCT', id : 6, k76 : false}]->(n1);
MATCH (n0 {id : 1}), (n1 {id : 1}) MERGE(n0)-[r :T6{k84 : 'I', k86 : '9pqf', k88 : true, id : 7, k87 : true}]->(n1);
MATCH (n0 {id : 1}), (n1 {id : 0}) MERGE(n0)-[r :T1{k51 : false, k53 : 156931543, k52 : 'S', k55 : 'F', id : 8, k54 : 'v', k56 : 'j'}]->(n1);
MATCH (n0) MERGE ( :L2{id:9}) SET n0.k=reduce(a=(true AND false),b IN [NULL, false]|a) RETURN (NULL <= (reverse('z')+NULL)) AS a0, 1 AS a1 UNION ALL MATCH (n0)-[r0]-(n1{k2:(NULL/(((832276569*1950927157)*(-863243859/-1480619032))/((-630057973/143790219)-(1511460719/-490931750))))})-[r1 :T5{k82:(substring(CASE WHEN false THEN 'XH' END, abs(1424953543), abs(NULL)) ENDS WITH NULL)}]-(n2) OPTIONAL MATCH (n1)-[r0]-() CREATE ({id:10})-[r2 :T6{id:11}]->(n3 :L1{id:12})<-[r3 :T4{id:13}]-({id:14}) RETURN DISTINCT 1 AS a0, 'cu' AS a1 ORDER BY a0, a1 DESC LIMIT 1;
MATCH ( n0 ) MERGE ( : L2 { id : reduce(a=9 ,b IN []|a) } ) SET n0 . k = reduce ( a = reduce(a=( CASE WHEN TRUE THEN true AND false END ) ,b IN []|a) , b IN [ NULL , false ] | a ) WITH * OPTIONAL MATCH ()-[:TYPE]-() RETURN CASE WHEN FALSE THEN NULL ELSE ( NULL <= ( reverse ( 'z' ) + NULL ) ) END AS a0 , 1 AS a1 UNION ALL MATCH (n0),()<-[r0]-(),(n1),()<-[r1:T5{k82:(substring(CASE WHEN false THEN 'XH' END, abs(1424953543), abs(NULL)) ENDS WITH NULL)}]-(),(n2) WHERE exists((n0)-[r0]-(n1{k2:(NULL/(((832276569*1950927157)*(-863243859/-1480619032))/((-630057973/143790219)-(1511460719/-490931750))))})-[r1]-(n2)) OPTIONAL MATCH ()-[:TYPE]-() OPTIONAL MATCH ( n1 ) - [ r0 ] - ( ) CREATE (c0{id:-1}) DELETE (c0) CREATE ( { id : 10 } ) - [ r2 : T6 { id : 11 } ] - > ( n3 : L1 { id : 12 } ) < - [ r3 : T4 { id : 13 } ] - ( { id : 14 } ) WITH * OPTIONAL MATCH ()-[:TYPE]-() RETURN DISTINCT reduce(a=1 ,b IN []|a) AS a0 , 'cu' AS a1 ORDER BY a0, a1 DESC ,1 LIMIT 1 ;
MATCH (a) RETURN a;
MATCH (a) RETURN a;
MATCH (b)-[a]->(c) RETURN a;
MATCH (b)-[a]->(c) RETURN a;
MERGE ({id:15})-[r0 :T5{id:16}]-({k3:round((-2131319204/2072723947)), k41:'NPejs70U', id:17})<-[r1 :T5{id:18}]-({id:19}) CREATE (n0 :L0{id:20})-[r2 :T4{k71:exists(()-[]-()<-[ :T4]-()), id:21}]->(n1{id:22})-[ :T1{id:23}]->(n2 :L0{id:24}) CREATE (n3{id:25})-[r3 :T6{id:26}]->(n4{id:27}) RETURN 1 AS a0, (r0.k78) AS a1;
MERGE ( { id : 15 } ) - [ r0 : T5 { id : 16 } ] - ( { k3 : round ( ( -2131319204 / 2072723947 ) ) , k41 : (''+'NPejs70U' ), id : 17 } ) < - [ r1 : T5 { id : 18 } ] - ( { id : 19 } ) CREATE ( n0 : L0 { id : 20 } ) - [ r2 : T4 { k71 : exists ( ( ) - [ ] - ( ) < - [ : T4 ] - ( ) ) , id : CASE WHEN TRUE THEN 21 END } ] - > ( n1 { id : 22 } ) - [ : T1 { id : CASE WHEN FALSE THEN NULL ELSE 23 END } ] - > ( n2 : L0 { id : 24 } ) WITH * UNWIND [NULL] as l0 CREATE (n3{ id : 25 } )CREATE (n3)- [ r3 : T6 { id : 26 } ] - > ( n4 { id : CASE WHEN TRUE THEN 27 END } ) RETURN CASE WHEN TRUE THEN 1 END AS a0 , ( r0 . k78 ) AS a1 SKIP 1 ;
MATCH (a) RETURN a;
MATCH (a) RETURN a;
MATCH (b)-[a]->(c) RETURN a;
MATCH (b)-[a]->(c) RETURN a;
WITH '6xP' AS a0 CREATE (n0{id:28})-[r0 :T1{id:29}]->({id:30}), (n1{k4:('x'+'AI'), id:31})<-[ :T1{k51:NULL, id:32}]-( :L1{id:33}) CREATE ({id:34}) RETURN 1 AS a1, 1 AS a2;
WITH CASE WHEN FALSE THEN NULL ELSE '6xP' END AS a0 WITH * CREATE ( n0 { id : 28 } ) - [ r0 : T1 { id : 29 } ] - > ( { id : 30 } ) CREATE ( :L1{id:33})-[ : T1 { k51 : NULL , id : 32 } ] ->( n1 { k4 : CASE WHEN FALSE THEN NULL ELSE ( 'x' + 'AI' ) END , id : 31 } ) WITH * OPTIONAL MATCH ()-[:TYPE]-() CREATE ( { id : CASE WHEN TRUE THEN 34 END } ) REMOVE (NULL).NULL RETURN CASE WHEN FALSE THEN NULL ELSE 1 END AS a1 , 1 AS a2 ;
MATCH (a) RETURN a;
MATCH (a) RETURN a;
MATCH (b)-[a]->(c) RETURN a;
MATCH (b)-[a]->(c) RETURN a;
MERGE ({id:35})<-[r2 :T5{id:36}]-( :L2{id:37}) MERGE (n2 :L0{k4:'m', id:38})<-[ :T1{k53:-1692606953, id:39}]-(n3 :L2{k12:'gkqnol', id:40}) CREATE ({id:41})-[r3 :T1{id:42}]->( :L0{id:43}), (n4{id:44})<-[r4 :T4{id:45}]-({k1:-638570489, id:46})<-[r5 :T1{k53:NULL, id:47}]-(n5{id:48}) RETURN 1 AS a2;
MERGE pp0=( { id : 35 } ) < - [ r2 : T5 { id : reduce(a=36 ,b IN []|a) } ] - ( : L2 { id : 37 } ) MERGE ( n2 : L0 { k4 : CASE WHEN FALSE THEN NULL ELSE 'm' END , id : reduce(a=38 ,b IN []|a) } ) < - [ : T1 { k53 : -1692606953 , id : 39 } ] - ( n3 : L2 { k12 : 'gkqnol' , id : 40 } ) DETACH DELETE NULL CREATE ( :L0{id:43})<-[ r3 : T1 { id : 42 } ] -( { id : 41 } ) CREATE (n4{ id : 44 } )CREATE (n4)< - [ r4 : T4 { id : 45 } ] - ( { k1 : -638570489 , id : CASE WHEN TRUE THEN 46 END } ) < - [ r5 : T1 { k53 : reduce(a=NULL ,b IN []|a) , id : 47 } ] - ( n5 { id : 48 } ) RETURN CASE WHEN FALSE THEN NULL ELSE 1 END AS a2 ORDER BY 1 LIMIT 1 ;
MATCH (a) RETURN a;
MATCH (a) RETURN a;
MATCH (b)-[a]->(c) RETURN a;
MATCH (b)-[a]->(c) RETURN a;
FOREACH(a0 IN NULL|MERGE ({id:49})-[r0 :T1{k56:'ZHXL36ik', id:50}]-({id:51})-[r1 :T6{id:52}]-({id:53}) MERGE ({id:54}) CREATE ({id:55})<-[r2 :T4{id:56}]-({id:57})) CREATE (n3{id:58})<-[r3 :T1{id:59}]-({id:60})-[r4 :T6{id:61}]->(n4{id:62}), ( :L6{k40:CASE WHEN NULL THEN (false OR false) END, id:63})<-[r5 :T5{id:64}]-(n5{id:65})<-[r6 :T1{id:66}]-( :L1{k9:NULL, id:67}) MERGE (n6 :L1{id:68})-[ :T1{id:69}]->(n7 :L0{id:70})-[r7 :T5{id:71}]->( :L0{k1:-1855793239, id:72}) RETURN n7 AS a1;
FOREACH ( a0 IN NULL | MERGE ( { id : CASE WHEN FALSE THEN NULL ELSE 49 END } ) - [ r0 : T1 { k56 : ('ZHXL36ik' +'') , id : CASE WHEN TRUE THEN 50 END } ] - ( { id : 51 } ) - [ r1 : T6 { id : CASE WHEN TRUE THEN 52 END } ] - ( { id : 53 } ) MERGE ( { id : 54 } ) DETACH DELETE NULL CREATE (m0{ id : CASE WHEN FALSE THEN NULL ELSE 55 END } )CREATE (m0)< - [ r2 : T4 { id : 56 } ] - ( { id : 57 } ) ) WITH * CREATE ( n3 { id : 58 } ) < - [ r3 : T1 { id : 59 } ] - ( { id : 60 } ) - [ r4 : T6 { id : 61 } ] - > ( n4 { id : 62 } ) CREATE ( :L1{k9:NULL, id:67})-[ r6 : T1 { id : 66 } ] ->(n5{id:65})-[ r5 : T5 { id : 64 } ] ->( : L6 { k40 : CASE WHEN NULL THEN ( reduce(a=false OR false ,b IN []|a) ) END , id : 63 } ) WITH * UNWIND [NULL] as l0 MERGE pp0=( n6 : L1 { id : 68 } ) - [ : T1 { id : 69 } ] - > ( n7 : L0 { id : 70 } ) - [ r7 : T5 { id : 71 } ] - > ( : L0 { k1 : CASE WHEN TRUE THEN -1855793239 END , id : 72 } ) RETURN n7 AS a1 ;
MATCH (a) RETURN a;
MATCH (a) RETURN a;
MATCH (b)-[a]->(c) RETURN a;
MATCH (b)-[a]->(c) RETURN a;
WITH NULL AS a0 WHERE false CREATE (n0 :L2{id:73})<-[r0 :T1{id:74}]-( :L6{id:75}), (n1 :L1{id:76})<-[r1 :T4{id:77}]-( :L0{id:78}) CREATE ({id:79}), (n2{id:80})-[r2 :T1{k56:NULL, id:81}]->(n3{id:82})-[ :T5{id:83}]->({id:84}) RETURN DISTINCT 1 AS a1;
WITH NULL AS a0 WHERE reduce(a=false ,b IN []|a) OPTIONAL MATCH ()-[:TYPE]-() CREATE ( n0 : L2 { id : 73 } ) < - [ r0 : T1 { id : 74 } ] - ( : L6 { id : CASE WHEN TRUE THEN 75 END } ) CREATE ( n1 : L1 { id : 76 } ) < - [ r1 : T4 { id : 77 } ] - ( : L0 { id : 78 } ) WITH * OPTIONAL MATCH ()-[:TYPE]-() CREATE ( { id : CASE WHEN TRUE THEN 79 END } ) CREATE ( n2 { id : 80 } ) - [ r2 : T1 { k56 : NULL , id : 81 } ] - > ( n3 { id : 82 } ) - [ : T5 { id : 83 } ] - > ( { id : 84 } ) RETURN DISTINCT 1 AS a1 LIMIT 1 ;
MATCH (a) RETURN a;
MATCH (a) RETURN a;
MATCH (b)-[a]->(c) RETURN a;
MATCH (b)-[a]->(c) RETURN a;
CREATE p0=( :L1{id:85})<-[r2 :T4{id:86}]-( :L0{k0:NULL, id:87}), ({id:88})-[ :T1{id:89}]->({id:90}) CREATE (n4 :L1{id:91}) MERGE (n5{k0:'u', id:92})<-[ :T5{id:93}]-({id:94})<-[ :T1{k52:'t', id:95}]-(n6{k6:1439032729, id:96}) RETURN 1 AS a1, n5 AS a2 ORDER BY 1084274302, a1 DESC;
CREATE p0 = ( : L1 { id : 85 } ) < - [ r2 : T4 { id : CASE WHEN TRUE THEN 86 END } ] - ( : L0 { k0 : NULL , id : 87 } ) CREATE ( { id : 88 } ) - [ : T1 { id : 89 } ] - > ( { id : 90 } ) WITH * OPTIONAL MATCH ()-[:TYPE]-() CREATE ( n4 : L1 { id : 91 } ) MERGE ( n5 { k0 : 'u' , id : reduce(a=92 ,b IN []|a) } ) < - [ : T5 { id : CASE WHEN TRUE THEN 93 END } ] - ( { id : 94 } ) < - [ : T1 { k52 : 't' , id : 95 } ] - ( n6 { k6 : 1439032729 , id : 96 } ) WITH * UNWIND [1] as l0 RETURN 1 AS a1 , n5 AS a2 ORDER BY 1084274302, a1 DESC ,TRUE DESC ;
MATCH (a) RETURN a;
MATCH (a) RETURN a;
MATCH (b)-[a]->(c) RETURN a;
MATCH (b)-[a]->(c) RETURN a;
CALL{WITH * OPTIONAL MATCH (n1)-[*0..1]-( :L6) MERGE (n2{id:97})<-[r0 :T1{id:98}]-( :L1{id:99})-[r1 :T6{k86:'xesG0', id:100}]-(n3{id:101}) RETURN n3 AS a1 ORDER BY CASE WHEN true THEN ((r1.k86) CONTAINS type(NULL)) END, a1 DESC LIMIT 1} MERGE ({k15:true, id:102})-[ :T5{id:103}]->( :L6{k3:477322173, id:104})-[r2 :T5{id:105}]-(n4 :L0{id:106}) MERGE ({id:107})-[r3 :T4{id:108}]-(n5{id:109})-[ :T6{id:110}]->(n6{k8:true, id:111}) RETURN 1 AS a2, a1 AS a3 ORDER BY properties(CASE WHEN NULL THEN endNode(NULL) END), a3;
CALL { WITH * OPTIONAL MATCH ( n1 ) - [ * 0 .. 1 ] - ( : L6 ) UNWIND [NULL] as l0 MERGE pp0=( n2 { id : 97 } ) < - [ r0 : T1 { id : 98 } ] - ( : L1 { id : 99 } ) - [ r1 : T6 { k86 : ('xesG0' +'') , id : 100 } ] - ( n3 { id : 101 } ) RETURN n3 AS a1 ORDER BY CASE WHEN true THEN ((r1.k86) CONTAINS type(NULL)) END, a1 DESC LIMIT 1 } MERGE ( { k15 : reduce(a=true ,b IN []|a) , id : 102 } ) - [ : T5 { id : 103 } ] - > ( : L6 { k3 : 477322173 , id : 104 } ) - [ r2 : T5 { id : 105 } ] - ( n4 : L0 { id : 106 } ) WITH * OPTIONAL MATCH ()-[:TYPE]-() MERGE ( { id : 107 } ) - [ r3 : T4 { id : 108 } ] - ( n5 { id : 109 } ) - [ : T6 { id : 110 } ] - > ( n6 { k8 : true , id : CASE WHEN TRUE THEN 111 END } ) REMOVE (NULL).FALSE RETURN 1 AS a2 , a1 AS a3 ORDER BY properties(CASE WHEN NULL THEN endNode(NULL) END), a3 LIMIT 1 ;
MATCH (a) RETURN a;
MATCH (a) RETURN a;
MATCH (b)-[a]->(c) RETURN a;
MATCH (b)-[a]->(c) RETURN a;
WITH * CREATE (n0{k5:NULL, id:112})-[ :T5{id:113}]->(n1 :L0{k43:('UPdv'+'9B'), id:114})<-[r0 :T5{k77:1805186879, id:115}]-({id:116}), ({id:117}) CREATE ( :L0{k4:substring(NULL, abs(NULL), abs(NULL)), id:118})<-[r1 :T5{k81:(false AND (NULL STARTS WITH reverse(NULL))), id:119}]-(n5{id:120}) RETURN 1 AS a0;
WITH * DELETE NULL CREATE ( n0 { k5 : reduce(a=NULL ,b IN []|a) , id : 112 } ) - [ : T5 { id : 113 } ] - > ( n1 : L0 { k43 : ( 'UPdv' + '9B' ) , id : 114 } ) < - [ r0 : T5 { k77 : CASE WHEN FALSE THEN NULL ELSE 1805186879 END , id : 115 } ] - ( { id : CASE WHEN FALSE THEN NULL ELSE 116 END } ) CREATE ( { id : 117 } ) CREATE ( : L0 { k4 : CASE WHEN TRUE THEN substring ( NULL , reduce(a=abs ( NULL ) ,b IN []|a) , abs ( NULL ) ) END , id : 118 } ) < - [ r1 : T5 { k81 : ( false AND ( NULL STARTS WITH reverse ( reduce(a=NULL ,b IN []|a) ) ) ) , id : 119 } ] - ( n5 { id : 120 } ) WITH * RETURN 1 AS a0 ORDER BY 1 ;
MATCH (a) RETURN a;
MATCH (a) RETURN a;
MATCH (b)-[a]->(c) RETURN a;
MATCH (b)-[a]->(c) RETURN a;
CALL{WITH * CREATE (n0{id:121})-[r0 :T1{id:122}]->({id:123})-[r1 :T5{id:124}]->({id:125}), (n1{id:126})<-[r2 :T5{id:127}]-( :L0{k5:'aIgZKjhUY', id:128}) WITH * SKIP 0 RETURN DISTINCT 1 AS a0, 1 AS a1} CREATE ( :L2{id:129})<-[r3 :T5{id:130}]-(n2 :L6{k2:-490864208, id:131}) MERGE ({k7:'C', id:132})-[r4 :T1{id:133}]->( :L0{k1:-1048667356, id:134}) RETURN 1 AS a2, a1 AS a3;
CALL { WITH * CREATE ( n0 { id : 121 } ) - [ r0 : T1 { id : 122 } ] - > ( { id : reduce(a=123 ,b IN []|a) } ) - [ r1 : T5 { id : 124 } ] - > ( { id : CASE WHEN TRUE THEN 125 END } ) CREATE ( n1 { id : 126 } ) < - [ r2 : T5 { id : 127 } ] - ( : L0 { k5 : 'aIgZKjhUY' , id : 128 } ) WITH * WITH * SKIP 0 REMOVE (NULL).k RETURN DISTINCT 1 AS a0 , 1 AS a1 } CREATE (c0{id:-1}) DELETE (c0) CREATE (n2 :L6{k2:-490864208, id:131})-[ r3 : T5 { id : reduce(a=130 ,b IN []|a) } ] ->( : L2 { id : 129 } ) DETACH DELETE (NULL) MERGE ( { k7 : 'C' , id : 132 } ) - [ r4 : T1 { id : 133 } ] - > ( : L0 { k1 : reduce(a=-1048667356 ,b IN []|a) , id : 134 } ) DELETE (NULL) RETURN 1 AS a2 , a1 AS a3 ;
MATCH (a) RETURN a;
MATCH (a) RETURN a;
MATCH (b)-[a]->(c) RETURN a;
MATCH (b)-[a]->(c) RETURN a;
MATCH () CREATE p0=(n0{k8:(((NULL > 1045150687) AND false) IS NULL), id:135})-[r0 :T6{id:136}]->({id:137}), (n1 :L0{id:138})-[r1 :T4{id:139}]->(n2{id:140}) CREATE ({id:141})-[r2 :T5{id:142}]->({id:143}) RETURN 1 AS a0;
MATCH ( ) OPTIONAL MATCH ()-[:TYPE]-() CREATE (n0{ k8 : ( reduce(a=( ( NULL > 1045150687 ) AND false ) IS NULL ,b IN []|a) ) , id : 135 } )CREATE (n0)- [ r0 : T6 { id : 136 } ] - > ( { id : 137 } ) CREATE ( n1 : L0 { id : reduce(a=138 ,b IN []|a) } ) - [ r1 : T4 { id : 139 } ] - > ( n2 { id : 140 } ) CREATE ( { id : 141 } ) - [ r2 : T5 { id : 142 } ] - > ( { id : 143 } ) RETURN CASE WHEN FALSE THEN NULL ELSE 1 END AS a0 ORDER BY FALSE ;
MATCH (a) RETURN a;
MATCH (a) RETURN a;
MATCH (b)-[a]->(c) RETURN a;
MATCH (b)-[a]->(c) RETURN a;
CALL{WITH * CREATE (n0{k7:'vcFN', id:144})-[r0 :T1{id:145}]->({id:146}), (n1 :L6{id:147})<-[r1 :T5{id:148}]-(n2{k4:'OHN', id:149}) WITH * ORDER BY NULL WHERE ((NULL STARTS WITH ('R'+'8Zlhi')) OR (NULL IS NULL)) RETURN 1 AS a0} OPTIONAL MATCH p0=()-[r2]-( :L0) WHERE ('szF39' CONTAINS NULL) CREATE (n3{id:150})-[ :T6{id:151}]->({id:152}), (n4{k9:a0, id:153})-[r3 :T1{id:154}]->( :L0{id:155})-[ :T4{id:156}]->(n5 :L1{id:157}) RETURN DISTINCT p0 AS a1, 1 AS a2;
CALL { WITH * CREATE (c0{id:-1}) DELETE (c0) CREATE ( n0 { k7 : ('vcFN' +'') , id : 144 } ) - [ r0 : T1 { id : 145 } ] - > ( { id : 146 } ) CREATE (n1: L6 { id : 147 } )CREATE (n1)< - [ r1 : T5 { id : 148 } ] - ( n2 { k4 : 'OHN' , id : 149 } ) WITH * ORDER BY CASE WHEN FALSE THEN NULL ELSE NULL END WHERE ( ( NULL STARTS WITH ( 'R' + ('8Zlhi' +'') ) ) OR ( NULL IS NULL ) ) UNWIND [1] as l0 RETURN 1 AS a0 } WITH * OPTIONAL MATCH p0 = ( ) - [ r2 ] - ( : L0 ) WHERE ( (''+'szF39' )CONTAINS NULL ) CREATE (c1{id:-1}) DELETE (c1) CREATE ({id:152})<-[ : T6 { id : 151 } ] -( n3 { id : 150 } ) CREATE ( n4 { k9 : a0 , id : 153 } ) - [ r3 : T1 { id : 154 } ] - > ( : L0 { id : 155 } ) - [ : T4 { id : CASE WHEN FALSE THEN NULL ELSE 156 END } ] - > ( n5 : L1 { id : 157 } ) RETURN DISTINCT p0 AS a1 , reduce(a=1 ,b IN []|a) AS a2 ;
MATCH (a) RETURN a;
MATCH (a) RETURN a;
MATCH (b)-[a]->(c) RETURN a;
MATCH (b)-[a]->(c) RETURN a;
OPTIONAL MATCH p0=(n0) DETACH DELETE n0  MERGE ({k3:-1204570673, id:158}) RETURN 1 AS a0 ORDER BY {k1: NULL, k2: NULL}, a0;
OPTIONAL MATCH p0 = ( n0 ) UNWIND [1] as l0 DETACH DELETE n0 WITH * MERGE ( { k3 : -1204570673 , id : reduce(a=158 ,b IN []|a) } ) WITH * RETURN 1 AS a0 ORDER BY {k1: NULL, k2: NULL}, a0 ;
MATCH (a) RETURN a;
MATCH (a) RETURN a;
MATCH (b)-[a]->(c) RETURN a;
MATCH (b)-[a]->(c) RETURN a;
CALL{WITH * FOREACH(a0 IN NULL|CREATE (n0 :L2{id:159})<-[r0 :T5{id:160}]-({k5:reverse('b'), id:161}), (n1{id:162})<-[ :T5{k83:1603485187, id:163}]-( :L0{k2:-1586543014, id:164})-[r1 :T4{id:165}]->(n2{id:166}) CREATE ( :L0{id:167})<-[r2 :T5{id:168}]-( :L0{id:169})-[ :T4{k73:-970482314, id:170}]->( :L1{id:171}) CREATE (n3{id:172})<-[ :T5{id:173}]-({id:174})) WITH NULL AS a1 LIMIT 1 RETURN *, NULL AS a2 LIMIT 1} CREATE ({id:175})-[ :T6{id:176}]->(n4 :L1{k10:round(1132621739), id:177})-[r3 :T1{id:178}]->({id:179}), ( :L2{id:180})<-[ :T5{k77:623971121, id:181}]-( :L0{id:182}) CREATE ({id:183}) RETURN 1 AS a3, 1 AS a4;
CALL { WITH * OPTIONAL MATCH ()-[:TYPE]-() FOREACH ( a0 IN CASE WHEN FALSE THEN NULL ELSE NULL END | CREATE ( n0 : L2 { id : 159 } ) < - [ r0 : T5 { id : 160 } ] - ( { k5 : reverse ( CASE WHEN TRUE THEN 'b' END ) , id : 161 } ) CREATE (n2{id:166})<-[ r1 : T4 { id : 165 } ] -( :L0{k2:-1586543014, id:164})-[ : T5 { k83 : 1603485187 , id : reduce(a=163 ,b IN []|a) } ] ->( n1 { id : 162 } ) SET (NULL).FALSE=1 CREATE (m0: L0 { id : 167 } )CREATE (m0)< - [ r2 : T5 { id : 168 } ] - ( : L0 { id : reduce(a=169 ,b IN []|a) } ) - [ : T4 { k73 : CASE WHEN TRUE THEN -970482314 END , id : 170 } ] - > ( : L1 { id : 171 } ) DETACH DELETE NULL CREATE ( n3 { id : 172 } ) < - [ : T5 { id : 173 } ] - ( { id : 174 } ) REMOVE (NULL).FALSE ) CREATE (c0{id:-1}) DELETE (c0) WITH NULL AS a1 LIMIT 1 RETURN * , NULL AS a2 LIMIT 1 } WITH * CREATE (m1{ id : 175 } )CREATE (m1)- [ : T6 { id : 176 } ] - > ( n4 : L1 { k10 : round ( CASE WHEN FALSE THEN NULL ELSE 1132621739 END ) , id : 177 } ) - [ r3 : T1 { id : reduce(a=178 ,b IN []|a) } ] - > ( { id : 179 } ) CREATE ( :L0{id:182})-[ : T5 { k77 : CASE WHEN TRUE THEN 623971121 END , id : 181 } ] ->( : L2 { id : CASE WHEN TRUE THEN 180 END } ) CREATE ( { id : 183 } ) WITH * UNWIND [1] as l0 RETURN 1 AS a3 , 1 AS a4 ;
MATCH (a) RETURN a;
MATCH (a) RETURN a;
MATCH (b)-[a]->(c) RETURN a;
MATCH (b)-[a]->(c) RETURN a;
WITH true AS a0 ORDER BY NULL, a0 DESC UNWIND [-1047262988, 423299945] AS a1 MERGE (n0{id:184})-[r0 :T1{id:185}]->(n1 :L0{id:186}) RETURN NULL AS a2, (r0.k53) AS a3;
WITH true AS a0 ORDER BY NULL , CASE WHEN FALSE THEN NULL ELSE a0 END DESC OPTIONAL MATCH ()-[:TYPE]-() UNWIND CASE WHEN TRUE THEN [ -1047262988 , reduce(a=423299945 ,b IN []|a) ] END AS a1 MERGE ( n0 { id : 184 } ) - [ r0 : T1 { id : 185 } ] - > ( n1 : L0 { id : 186 } ) WITH * OPTIONAL MATCH ()-[:TYPE]-() RETURN DISTINCT reduce(a=NULL ,b IN []|a) AS a2 , ( r0 . k53 ) AS a3 ;
MATCH (a) RETURN a;
MATCH (a) RETURN a;
MATCH (b)-[a]->(c) RETURN a;
MATCH (b)-[a]->(c) RETURN a;
WITH * OPTIONAL MATCH (), p0=(n0) DETACH DELETE n0,p0  RETURN 1 AS a0 ORDER BY 'Zpg78fOS', a0 DESC LIMIT 0;
WITH * SET (NULL).NULL=1 WITH * OPTIONAL MATCH ( ) ,p0 = ( n0 ) WHERE TRUE DETACH DELETE n0 , p0 WITH * UNWIND [1] as l0 RETURN 1 AS a0 ORDER BY 'Zpg78fOS', a0 DESC LIMIT reduce(a=0 ,b IN []|a) ;
MATCH (a) RETURN a;
MATCH (a) RETURN a;
MATCH (b)-[a]->(c) RETURN a;
MATCH (b)-[a]->(c) RETURN a;
MERGE (n0{id:187})-[r0 :T1{id:188}]->( :L0{id:189}) DETACH DELETE n0,NULL  MERGE ({k3:80556872, id:190})-[r1 :T4{k76:false, id:191}]-(n3{k10:488784061, id:192})-[r3 :T6{id:193}]-(n4 :L1{k7:'S', id:194}) RETURN *, (r1.k70) AS a0;
MERGE ( n0 { id : 187 } ) - [ r0 : T1 { id : 188 } ] - > ( : L0 { id : 189 } ) WITH * OPTIONAL MATCH ()-[:TYPE]-() DETACH DELETE CASE WHEN TRUE THEN n0 END , NULL MERGE ( { k3 : 80556872 , id : 190 } ) - [ r1 : T4 { k76 : reduce(a=false ,b IN []|a) , id : 191 } ] - ( n3 { k10 : 488784061 , id : CASE WHEN FALSE THEN NULL ELSE 192 END } ) - [ r3 : T6 { id : 193 } ] - ( n4 : L1 { k7 : 'S' , id : 194 } ) REMOVE (NULL).FALSE RETURN * , ( CASE WHEN TRUE THEN r1 . k70 END ) AS a0 ;
MATCH (a) RETURN a;
MATCH (a) RETURN a;
MATCH (b)-[a]->(c) RETURN a;
MATCH (b)-[a]->(c) RETURN a;
CALL{WITH * MATCH ( :L0) MERGE ( :L1{id:195})<-[r0 :T4{id:196}]-(n0{id:197}) RETURN 1 AS a0} OPTIONAL MATCH ()-[r1 :T5{k79:a0}]-(n1)<-[r2 :T5{k78:(r1.k80)}]-({k17:round(-974033389)}), (n2{k11:round((r1.k77))}) CREATE ({k1:(r2.k83), id:198})<-[r3 :T1{id:199}]-( :L1{id:200}) RETURN ((r2.k80) CONTAINS 'i') AS a1;
CALL { WITH * MATCH ( : L0 ) MERGE ( : L1 { id : 195 } ) < - [ r0 : T4 { id : 196 } ] - ( n0 { id : CASE WHEN FALSE THEN NULL ELSE 197 END } ) REMOVE (NULL).FALSE RETURN 1 AS a0 } OPTIONAL MATCH ()-[:TYPE]-() OPTIONAL MATCH ( ) - [ r1 : T5 { k79 : reduce(a=a0 ,b IN []|a) } ] - ( n1 ) < - [ r2 : T5 { k78 : CASE WHEN TRUE THEN ( r1 . k80 ) END } ] - ( { k17 : round ( -974033389 ) } ) ,( n2 { k11 : round ( ( r1 . k77 ) ) } ) WITH * CREATE ( { k1 : ( reduce(a=r2 . k83 ,b IN []|a) ) , id : 198 } ) < - [ r3 : T1 { id : 199 } ] - ( : L1 { id : 200 } ) RETURN ( ( r2 . k80 ) CONTAINS 'i' ) AS a1 LIMIT 1 ;
MATCH (a) RETURN a;
MATCH (a) RETURN a;
MATCH (b)-[a]->(c) RETURN a;
MATCH (b)-[a]->(c) RETURN a;
UNWIND NULL AS a2 CREATE ( :L0{id:204})<-[ :T1{id:205}]-({id:206}) MERGE p1=(n3 :L0{k5:'pXJu', id:207})-[r1 :T1{id:208}]-( :L1{id:209}) RETURN a2 AS a3, relationships(p1)[abs(629410950)] AS a4;
UNWIND NULL AS a2 UNWIND [NULL] as l0 CREATE ({id:206})-[ : T1 { id : reduce(a=205 ,b IN []|a) } ] ->( : L0 { id : 204 } ) MERGE p1 = ( n3 : L0 { k5 : reduce(a='pXJu' ,b IN []|a) , id : 207 } ) - [ r1 : T1 { id : 208 } ] - ( : L1 { id : reduce(a=209 ,b IN []|a) } ) WITH * OPTIONAL MATCH ()-[:TYPE]-() RETURN a2 AS a3 , relationships ( p1 ) [ CASE WHEN TRUE THEN abs ( 629410950 ) END ] AS a4 SKIP 1 ;
MATCH (a) RETURN a;
MATCH (a) RETURN a;
MATCH (b)-[a]->(c) RETURN a;
MATCH (b)-[a]->(c) RETURN a;
CREATE p0=({id:210})<-[ :T1{id:211}]-(n0{k10:-1753277371, id:212})-[ :T6{id:213}]->( :L1{id:214}) CREATE (n1 :L0{k0:NULL, id:215})-[r0 :T4{id:216}]->({id:217}) MERGE p1=(n2 :L1{id:218}) RETURN *, 1 AS a0 ORDER BY (('FY2JBQD'+type(relationships(NULL)[abs(-22563555)]))+(reduce(a=(n2.k7),b IN [CASE WHEN false THEN 'R' END]|b)+(n2.k7))), a0 DESC;
CREATE p0 = ( { id : 210 } ) < - [ : T1 { id : 211 } ] - ( n0 { k10 : -1753277371 , id : 212 } ) - [ : T6 { id : 213 } ] - > ( : L1 { id : 214 } ) WITH * CREATE ({id:217})<-[ r0 : T4 { id : 216 } ] -( n1 : L0 { k0 : reduce(a=NULL ,b IN []|a) , id : 215 } ) WITH * OPTIONAL MATCH ()-[:TYPE]-() MERGE p1 = ( n2 : L1 { id : 218 } ) WITH * RETURN * , reduce(a=1 ,b IN []|a) AS a0 ORDER BY (('FY2JBQD'+type(relationships(NULL)[abs(-22563555)]))+(reduce(a=(n2.k7),b IN [CASE WHEN false THEN 'R' END]|b)+(n2.k7))), a0 DESC ;
MATCH (a) RETURN a;
MATCH (a) RETURN a;
MATCH (b)-[a]->(c) RETURN a;
MATCH (b)-[a]->(c) RETURN a;
MERGE ( :L1{id:219})-[r0 :T6{id:220}]->({id:221}) DETACH DELETE r0,NULL  MERGE ( :L1{k7:'j', id:222})-[r1 :T1{id:223}]-(n0{k4:'A', id:224}) RETURN (r1.k52) AS a0;
MERGE ( : L1 { id : 219 } ) - [ r0 : T6 { id : 220 } ] - > ( { id : 221 } ) CREATE (c0{id:-1}) DELETE (c0) DETACH DELETE r0 , NULL WITH * MERGE ( : L1 { k7 : 'j' , id : 222 } ) - [ r1 : T1 { id : 223 } ] - ( n0 { k4 : CASE WHEN FALSE THEN NULL ELSE 'A' END , id : 224 } ) RETURN ( r1 . k52 ) AS a0 ORDER BY 1 LIMIT 1 ;
MATCH (a) RETURN a;
MATCH (a) RETURN a;
MATCH (b)-[a]->(c) RETURN a;
MATCH (b)-[a]->(c) RETURN a;
MATCH (n0 :L2), (n1)-[*..2]->()-[r0]-(n2) WHERE true OPTIONAL MATCH ( :L1{k6:1901256701})<-[]-(n3)<-[]-(n4), ()<-[r1 :T4{k71:true}]-(n5)<-[r2]-(n6) DETACH DELETE r0,n4  RETURN n6 AS a0 UNION UNWIND [[NULL], NULL] AS a0 MATCH ()-[*0..]-(n0) CREATE p0=(n1 :L1{k6:1148481373, id:225})-[r0 :T6{id:226}]->({id:227})<-[ :T4{id:228}]-(n2{id:229}), ({id:230}) RETURN 1 AS a0;
MATCH (n0 :L2),(n1)-[*..2]->()-[r0]-(n2) WHERE reduce(a=true ,b IN []|a) OPTIONAL MATCH ( : L1 { k6 : 1901256701 } ) < - [ ] - ( n3 ) < - [ ] - ( n4 ) ,( ) < - [ r1 : T4 { k71 : CASE WHEN TRUE THEN true END } ] - ( n5 ) < - [ r2 ] - ( n6 ) WITH * DETACH DELETE r0 , n4 SET (NULL).k=1 RETURN n6 AS a0 UNION UNWIND [ reduce(a=[ NULL ] ,b IN []|a) , reduce(a=NULL ,b IN []|a) ] AS a0 CREATE (c0{id:-1}) DELETE (c0) WITH * MATCH ( ) - [ * 0 .. ] - ( n0 ) WITH * WHERE TRUE CREATE p0 = ( n1 : L1 { k6 : CASE WHEN FALSE THEN NULL ELSE 1148481373 END , id : 225 } ) - [ r0 : T6 { id : 226 } ] - > ( { id : 227 } ) < - [ : T4 { id : 228 } ] - ( n2 { id : 229 } ) CREATE ( { id : reduce(a=230 ,b IN []|a) } ) WITH * RETURN 1 AS a0 ;
MATCH (a) RETURN a;
MATCH (a) RETURN a;
