-- Time: 2024/07/05 16:33:23
-- Database: memgraph_database104
-- Database version: composite
-- seed value: 1720168297079
CREATE (n0 {id : 0});
CREATE (n0 :L2:L0{k0 : true, k1 : 'f', k2 : true, k3 : -2053686895, k4 : false, k5 : 'sp', k6 : false, k13 : true, k15 : true, k14 : 'p', k17 : 1282228548, k16 : false, k18 : false, id : 1});
CREATE (n0 :L3{k19 : '3', k20 : false, k22 : true, id : 2, k21 : false, k24 : 2012791361, k23 : -966834554, k25 : true});
CREATE (n0 :L3{k19 : '6i7KYfF', k20 : true, k22 : false, id : 3, k24 : -417849306, k25 : true});
MATCH (n0 {id : 3}), (n1 {id : 1}) MERGE(n0)-[r :T6{k73 : 'Z', k72 : true, k75 : true, k74 : true, id : 4, k76 : 'EQuomkhRp'}]->(n1);
MATCH (n0 {id : 1}), (n1 {id : 3}) MERGE(n0)-[r :T6{k73 : '5', k72 : false, k75 : true, k74 : true, id : 5, k76 : 'kFmt'}]->(n1);
MATCH (n0 {id : 0}), (n1 {id : 1}) MERGE(n0)-[r :T5{k70 : 1743017055, k66 : true, id : 6, k68 : false, k67 : 895377080, k69 : true}]->(n1);
CREATE ({id:7}), ( :L3{id:8}) MERGE (n0 :L2{id:9})-[r0 :T6{k76:'Ppp6', id:10}]->(n1{id:11}) CREATE (n2{id:12}), ({k6:false, id:13}) RETURN n0 AS a0, 1 AS a1;
CREATE ( { id : 7 } ) CREATE ( : L3 { id : 8 } ) MERGE ( n0 : L2 { id : reduce(a=9 ,b IN []|a) } ) - [ r0 : T6 { k76 : 'Ppp6' , id : 10 } ] - > ( n1 { id : 11 } ) WITH * UNWIND [NULL] as l0 CREATE ( n2 { id : 12 } ) CREATE ( { k6 : false , id : CASE WHEN TRUE THEN 13 END } ) DELETE (NULL) RETURN n0 AS a0 , 1 AS a1 ORDER BY NULL LIMIT 1 ;
MATCH (a) RETURN a;
MATCH (a) RETURN a;
MATCH (b)-[a]->(c) RETURN a;
MATCH (b)-[a]->(c) RETURN a;
MATCH ( :L3), p0=(n0)-[r0]-(n1) UNWIND NULL AS a0 DETACH DELETE n1  RETURN *;
MATCH ()-[*0..0]-( : L3 ) ,p0 = ( n0 ) - [ r0 ] - ( n1 ) WITH * OPTIONAL MATCH ()-[:TYPE]-() UNWIND NULL AS a0 WITH * DETACH DELETE n1 RETURN * ;
MATCH (a) RETURN a;
MATCH (a) RETURN a;
MATCH (b)-[a]->(c) RETURN a;
MATCH (b)-[a]->(c) RETURN a;
CREATE ({id:14}) CREATE (n0{k25:NULL, id:15}) MERGE (n1{id:16}) RETURN properties(n1) AS a0, n1 AS a1;
CREATE ( { id : 14 } ) DETACH DELETE (NULL) CREATE ( n0 { k25 : NULL , id : 15 } ) MERGE ( n1 { id : 16 } ) WITH * RETURN properties ( n1 ) AS a0 , n1 AS a1 ;
MATCH (a) RETURN a;
MATCH (a) RETURN a;
MATCH (b)-[a]->(c) RETURN a;
MATCH (b)-[a]->(c) RETURN a;
CALL{WITH * MATCH (n0) WHERE (1225940685 = (NULL/-1530192554)) MERGE p0=(n1 :L2{k13:true, id:17})-[r0 :T6{k73:'v', id:18}]-(n2{id:19}) RETURN (r0.k73) AS a0} MATCH (n3{k25:true}) DETACH DELETE n3  RETURN 1 AS a1, 1 AS a2;
CALL { WITH * SET (NULL).NULL=1 WITH * MATCH ( n0 ) WHERE ( 1225940685 = ( NULL / -1530192554 ) ) MERGE p0 = ( n1 : L2 { k13 : true , id : 17 } ) - [ r0 : T6 { k73 : 'v' , id : 18 } ] - ( n2 { id : CASE WHEN TRUE THEN 19 END } ) WITH * RETURN DISTINCT ( r0 . k73 ) AS a0 } CREATE (c0{id:-1}) DELETE (c0) WITH * MATCH ( n3 { k25 : true } ) REMOVE (NULL).FALSE DETACH DELETE n3 WITH * RETURN 1 AS a1 , 1 AS a2 SKIP 1 LIMIT 1 ;
MATCH (a) RETURN a;
MATCH (a) RETURN a;
MATCH (b)-[a]->(c) RETURN a;
MATCH (b)-[a]->(c) RETURN a;
UNWIND NULL AS a0 MERGE (n0{k24:-2073471020, id:20})-[r0 :T6{k73:'XH1KQ64', id:21}]-(n1{k2:false, id:22})<-[r1 :T5{id:23}]-(n2{id:24}) DETACH DELETE n0,n1  RETURN DISTINCT NULL AS a1, 1 AS a2;
UNWIND NULL AS a0 REMOVE (NULL).TRUE MERGE pp0=( n0 { k24 : CASE WHEN FALSE THEN NULL ELSE -2073471020 END , id : CASE WHEN TRUE THEN 20 END } ) - [ r0 : T6 { k73 : (''+'XH1KQ64' ), id : 21 } ] - ( n1 { k2 : false , id : CASE WHEN TRUE THEN 22 END } ) < - [ r1 : T5 { id : reduce(a=23 ,b IN []|a) } ] - ( n2 { id : 24 } ) DETACH DELETE (NULL) DETACH DELETE n0 , n1 WITH * OPTIONAL MATCH ()-[:TYPE]-() RETURN DISTINCT NULL AS a1 , CASE WHEN TRUE THEN 1 END AS a2 ;
MATCH (a) RETURN a;
MATCH (a) RETURN a;
MATCH (b)-[a]->(c) RETURN a;
MATCH (b)-[a]->(c) RETURN a;
MATCH (n0), ()<-[r0]-(n0) SET n0.k=-1816103802 MERGE p0=(n1{id:25}) RETURN r0 AS a0, n0 AS a1;
MATCH ( n0 ) ,( ) < - [ r0 ] - ( n0 ) WITH * SET n0 . k = -1816103802 CREATE (c0{id:-1}) DELETE (c0) MERGE p0 = ( n1 { id : 25 } ) RETURN CASE WHEN FALSE THEN NULL ELSE r0 END AS a0 , n0 AS a1 ;
MATCH (a) RETURN a;
MATCH (a) RETURN a;
MATCH (b)-[a]->(c) RETURN a;
MATCH (b)-[a]->(c) RETURN a;
MATCH p0=(n0), ()-[r0]-()-[*0..1]-() WHERE false CREATE p1=(n1{id:26})-[ :T5{id:27}]->( :L2{id:28}) SET n0.k=NULL RETURN n0 AS a0;
MATCH p0 = ( n0 ) ,( ) - [ r0 ] - ( ) - [ * 0 .. 1 ] - ( ) WHERE false SET (NULL).k=1 CREATE p1 = ( n1 { id : 26 } ) - [ : T5 { id : 27 } ] - > ( : L2 { id : 28 } ) DETACH DELETE NULL SET n0 . k = NULL WITH * UNWIND [1] as l0 RETURN n0 AS a0 ;
MATCH (a) RETURN a;
MATCH (a) RETURN a;
MATCH (b)-[a]->(c) RETURN a;
MATCH (b)-[a]->(c) RETURN a;
CALL{WITH * CREATE ({id:29}), ({id:30})-[ :T6{id:31}]->({k6:NULL, id:32}) MERGE (n0{id:33})-[r0 :T5{k67:1160635518, id:34}]->(n1{id:35}) RETURN 1 AS a0, n0 AS a1 SKIP 0} MATCH ()-[r0]->(a1)-[]-(a1), p0=(a1)-[*0..]-(a1) DETACH DELETE a1  RETURN DISTINCT NULL AS a2, 1 AS a3;
CALL { WITH * CREATE (c0{id:-1}) DELETE (c0) CREATE ( { id : 29 } ) CREATE ( { id : 30 } ) - [ : T6 { id : reduce(a=31 ,b IN []|a) } ] - > ( { k6 : NULL , id : 32 } ) REMOVE (NULL).FALSE MERGE ( n0 { id : CASE WHEN TRUE THEN 33 END } ) - [ r0 : T5 { k67 : 1160635518 , id : CASE WHEN TRUE THEN 34 END } ] - > ( n1 { id : 35 } ) RETURN 1 AS a0 , CASE WHEN FALSE THEN NULL ELSE n0 END AS a1 SKIP CASE WHEN FALSE THEN NULL ELSE 0 END } OPTIONAL MATCH ()-[:TYPE]-() MATCH ( ) - [ r0 ] - > ( a1 ) - [ ] - ( a1 ) ,p0 = (a1)-[*0..0]-( a1 ) - [ * 0 .. ] - ( a1 ) WITH * WITH * FOREACH(f in [1]|DETACH DELETE reduce(a=a1 ,b IN []|a) ) RETURN DISTINCT NULL AS a2 , 1 AS a3 SKIP 1 ;
MATCH (a) RETURN a;
MATCH (a) RETURN a;
MATCH (b)-[a]->(c) RETURN a;
MATCH (b)-[a]->(c) RETURN a;
CREATE p0=({id:36})-[r0 :T5{id:37}]->({k6:(reduce(a=NULL,b IN [NULL]|b) IS NULL), id:38}) CREATE p1=( :L0{k2:NULL, id:39})<-[ :T5{id:40}]-({id:41}), p2=(n0 :L3{id:42}) CREATE ( :L3{id:43}) RETURN 1 AS a0, 1 AS a1;
CREATE p0 = ( { id : 36 } ) - [ r0 : T5 { id : 37 } ] - > ( { k6 : ( reduce ( a = NULL , b IN [ NULL ] | CASE WHEN FALSE THEN NULL ELSE b END ) IS NULL ) , id : 38 } ) CREATE p1 = ( : L0 { k2 : NULL , id : reduce(a=39 ,b IN []|a) } ) < - [ : T5 { id : 40 } ] - ( { id : 41 } ) CREATE p2 = ( n0 : L3 { id : 42 } ) WITH * CREATE ( : L3 { id : reduce(a=43 ,b IN []|a) } ) RETURN 1 AS a0 , 1 AS a1 ;
MATCH (a) RETURN a;
MATCH (a) RETURN a;
MATCH (b)-[a]->(c) RETURN a;
MATCH (b)-[a]->(c) RETURN a;
UNWIND keys(NULL) AS a0 UNWIND NULL AS a1 MERGE ( :L0{k14:'Mkzqv95', k5:a0, id:44})<-[r0 :T6{id:45}]-({id:46}) RETURN a1 AS a2, a0 AS a3;
UNWIND keys ( NULL ) AS a0 CREATE (c0{id:-1}) DELETE (c0) WITH * UNWIND CASE WHEN FALSE THEN NULL ELSE NULL END AS a1 CREATE (c1{id:-1}) DELETE (c1) MERGE ( : L0 { k14 : 'Mkzqv95' , k5 : a0 , id : reduce(a=44 ,b IN []|a) } ) < - [ r0 : T6 { id : reduce(a=45 ,b IN []|a) } ] - ( { id : 46 } ) RETURN a1 AS a2 , a0 AS a3 ;
MATCH (a) RETURN a;
MATCH (a) RETURN a;
MATCH (b)-[a]->(c) RETURN a;
MATCH (b)-[a]->(c) RETURN a;
WITH * MERGE (n0 :L3{k21:true, id:47}) CREATE ({id:48})-[r0 :T5{k71:NULL, id:49}]->(n1{id:50})<-[r1 :T6{k76:(n0.k19), id:51}]-(n2{id:52}) RETURN 1 AS a0, properties(NULL) AS a1;
WITH * REMOVE (NULL).k MERGE ( n0 : L3 { k21 : true , id : 47 } ) WITH * CREATE ( { id : 48 } ) - [ r0 : T5 { k71 : NULL , id : CASE WHEN TRUE THEN 49 END } ] - > ( n1 { id : 50 } ) < - [ r1 : T6 { k76 : ( n0 . k19 ) , id : 51 } ] - ( n2 { id : 52 } ) WITH * OPTIONAL MATCH ()-[:TYPE]-() RETURN 1 AS a0 , properties ( NULL ) AS a1 LIMIT 1 ;
MATCH (a) RETURN a;
MATCH (a) RETURN a;
MATCH (b)-[a]->(c) RETURN a;
MATCH (b)-[a]->(c) RETURN a;
FOREACH(a0 IN reduce(a=relationships(NULL),b IN [CASE WHEN NULL THEN NULL END]|a)|MERGE (n0 :L3{id:53}) MERGE ({k19:'7', id:54}) MERGE p0=(n1{id:55})-[r0 :T6{id:56}]->(n2{k13:true, id:57})-[r1 :T6{id:58}]-(n3{id:59})) MERGE ( :L2{id:60})<-[ :T6{id:61}]-(n4{id:62}) DETACH DELETE n4,NULL  RETURN NULL AS a1 ORDER BY NULL, a1 DESC LIMIT 1;
FOREACH ( a0 IN reduce ( a = relationships ( NULL ) , b IN reduce(a=[ CASE WHEN CASE WHEN TRUE THEN NULL END THEN reduce(a=NULL ,b IN []|a) END ] ,b IN []|a) | CASE WHEN TRUE THEN a END ) | MERGE ( n0 : L3 { id : 53 } ) MERGE ( { k19 : '7' , id : CASE WHEN FALSE THEN NULL ELSE 54 END } ) MERGE p0 = ( n1 { id : 55 } ) - [ r0 : T6 { id : 56 } ] - > ( n2 { k13 : true , id : 57 } ) - [ r1 : T6 { id : 58 } ] - ( n3 { id : 59 } ) ) CREATE (c0{id:-1}) DELETE (c0) MERGE ( : L2 { id : reduce(a=60 ,b IN []|a) } ) < - [ : T6 { id : 61 } ] - ( n4 { id : 62 } ) FOREACH(f in [1]|DETACH DELETE n4 , NULL ) WITH * UNWIND [1] as l0 RETURN NULL AS a1 ORDER BY NULL, a1 DESC LIMIT 1 ;
MATCH (a) RETURN a;
MATCH (a) RETURN a;
MATCH (b)-[a]->(c) RETURN a;
MATCH (b)-[a]->(c) RETURN a;
MERGE ({id:63})-[r0 :T5{k66:true, id:64}]->( :L0{id:65}) CREATE ({id:66}), (n0{id:67}) DETACH DELETE r0  RETURN 1 AS a0, 1 AS a1;
MERGE ( { id : 63 } ) - [ r0 : T5 { k66 : reduce(a=true ,b IN []|a) , id : 64 } ] - > ( : L0 { id : 65 } ) CREATE ( { id : 66 } ) CREATE ( n0 { id : 67 } ) DETACH DELETE reduce(a=r0 ,b IN []|a) RETURN 1 AS a0 , 1 AS a1 ;
MATCH (a) RETURN a;
MATCH (a) RETURN a;
MATCH (b)-[a]->(c) RETURN a;
MATCH (b)-[a]->(c) RETURN a;
MERGE ({k23:-718720169, id:68}) MERGE (n0{id:69}) MERGE ( :L3{id:70}) RETURN 1 AS a0, n0 AS a1;
MERGE ( { k23 : -718720169 , id : 68 } ) MERGE ( n0 { id : CASE WHEN TRUE THEN 69 END } ) MERGE ( : L3 { id : 70 } ) WITH * OPTIONAL MATCH ()-[:TYPE]-() RETURN CASE WHEN TRUE THEN 1 END AS a0 , n0 AS a1 ORDER BY TRUE DESC SKIP 1 ;
MATCH (a) RETURN a;
MATCH (a) RETURN a;
MATCH (b)-[a]->(c) RETURN a;
MATCH (b)-[a]->(c) RETURN a;
CALL{WITH * CREATE (n0{id:71})-[ :T5{k66:NULL, id:72}]->( :L0{id:73})-[r0 :T6{id:74}]->({id:75}), p0=({id:76})-[r1 :T5{id:77}]->( :L2 :L0{k13:NULL, id:78})-[ :T6{id:79}]->({id:80}) WITH nodes(NULL)[abs(723983909)] AS a0 SKIP 1 RETURN a0 AS a1, [endNode(relationships(NULL)[abs(-1968496644)])] AS a2} MATCH ()-[r2]->(n1 :L0)<-[*..2]-() MERGE (n2{k20:false, id:81}) RETURN DISTINCT n2 AS a3, properties(relationships(NULL)[abs((n1.k3))]) AS a4 LIMIT 0;
CALL { WITH * CREATE ( n0 { id : 71 } ) - [ : T5 { k66 : NULL , id : 72 } ] - > ( : L0 { id : 73 } ) - [ r0 : T6 { id : 74 } ] - > ( { id : CASE WHEN TRUE THEN 75 END } ) CREATE p0 = ( { id : 76 } ) - [ r1 : T5 { id : 77 } ] - > ( : L2 : L0 { k13 : NULL , id : 78 } ) - [ : T6 { id : 79 } ] - > ( { id : 80 } ) WITH reduce(a=nodes ( NULL ) [ abs ( 723983909 ) ] ,b IN []|a) AS a0 SKIP 1 RETURN DISTINCT a0 AS a1 , ([]+[ endNode ( relationships ( CASE WHEN TRUE THEN NULL END ) [ abs ( -1968496644 ) ] ) ] )AS a2 } OPTIONAL MATCH ()-[:TYPE]-() MATCH (nn0),()-[r2]->(),(n1:L0),()<-[*..2]-(),(nn1) WHERE exists((nn0)-[r2]->(n1)<-[*..2]-(nn1)) UNWIND [NULL] as l0 MERGE ( n2 { k20 : false , id : 81 } ) RETURN DISTINCT n2 AS a3 , properties ( CASE WHEN TRUE THEN (relationships ( NULL ) +[]) [ abs ( ( n1 . k3 ) ) ] END ) AS a4 LIMIT 0 ;
MATCH (a) RETURN a;
MATCH (a) RETURN a;
MATCH (b)-[a]->(c) RETURN a;
MATCH (b)-[a]->(c) RETURN a;
MERGE ({id:82})-[r0 :T5{id:83}]-( :L0{k18:false, id:84}) MERGE p0=({id:85}) CREATE p1=({id:86})-[r1 :T5{k66:(r0.k68), id:87}]->({id:88})-[r2 :T6{k76:type(r0), id:89}]->( :L3{k22:(r0.k68), id:90}) RETURN 1 AS a0;
MERGE ( { id : 82 } ) - [ r0 : T5 { id : 83 } ] - ( : L0 { k18 : false , id : 84 } ) CREATE (c0{id:-1}) DELETE (c0) MERGE p0 = ( { id : 85 } ) CREATE (c1{id:-1}) DELETE (c1) CREATE p1 = ( { id : CASE WHEN TRUE THEN 86 END } ) - [ r1 : T5 { k66 : ( reduce(a=r0 . k68 ,b IN []|a) ) , id : 87 } ] - > ( { id : CASE WHEN FALSE THEN NULL ELSE 88 END } ) - [ r2 : T6 { k76 : type ( r0 ) , id : 89 } ] - > ( : L3 { k22 : ( r0 . k68 ) , id : CASE WHEN TRUE THEN 90 END } ) RETURN 1 AS a0 ;
MATCH (a) RETURN a;
MATCH (a) RETURN a;
MATCH (b)-[a]->(c) RETURN a;
MATCH (b)-[a]->(c) RETURN a;
CREATE p0=({k13:NULL, id:91})<-[ :T5{id:92}]-({id:93}) MERGE (n0 :L2{k6:false, id:94}) DETACH DELETE n0  RETURN 1 AS a0, ('t' CONTAINS 'Ypi5S') AS a1 SKIP 0;
CREATE p0 = ( { k13 : NULL , id : 91 } ) < - [ : T5 { id : reduce(a=92 ,b IN []|a) } ] - ( { id : 93 } ) WITH * UNWIND [NULL] as l0 MERGE ( n0 : L2 { k6 : reduce(a=false ,b IN []|a) , id : 94 } ) DETACH DELETE n0 WITH * OPTIONAL MATCH ()-[:TYPE]-() RETURN 1 AS a0 , ( 't' CONTAINS (''+'Ypi5S' )) AS a1 ORDER BY 1 DESC SKIP 0 ;
MATCH (a) RETURN a;
MATCH (a) RETURN a;
MATCH (b)-[a]->(c) RETURN a;
MATCH (b)-[a]->(c) RETURN a;
FOREACH(a0 IN CASE WHEN NULL THEN NULL END|MERGE (n0 :L0{k14:'vdKbh', id:95})<-[r0 :T6{id:96}]-({id:97}) CREATE ( :L2 :L0{k5:NULL, id:98})-[r1 :T6{id:99}]->({id:100})-[r2 :T6{id:101}]->( :L0{k2:NULL, id:102}) MERGE (n1{id:103})<-[r3 :T6{id:104}]-( :L0{k14:'i', id:105})<-[r4 :T6{id:106}]-(n2{id:107})) MERGE p0=(n3 :L0{id:108}) DETACH DELETE n3  RETURN DISTINCT 1 AS a1;
FOREACH ( a0 IN CASE WHEN NULL THEN NULL END | MERGE ( n0 : L0 { k14 : ('vdKbh' +'') , id : 95 } ) < - [ r0 : T6 { id : reduce(a=96 ,b IN []|a) } ] - ( { id : 97 } ) CREATE (m0: L2 : L0 { k5 : NULL , id : 98 } )CREATE (m0)- [ r1 : T6 { id : 99 } ] - > ( { id : 100 } ) - [ r2 : T6 { id : 101 } ] - > ( : L0 { k2 : NULL , id : CASE WHEN TRUE THEN 102 END } ) MERGE ( n1 { id : 103 } ) < - [ r3 : T6 { id : 104 } ] - ( : L0 { k14 : 'i' , id : 105 } ) < - [ r4 : T6 { id : 106 } ] - ( n2 { id : 107 } ) ) WITH * OPTIONAL MATCH ()-[:TYPE]-() MERGE p0 = ( n3 : L0 { id : 108 } ) WITH * OPTIONAL MATCH ()-[:TYPE]-() DETACH DELETE CASE WHEN TRUE THEN n3 END WITH * UNWIND [NULL] as l0 RETURN DISTINCT 1 AS a1 ;
