-- Time: 2024/07/05 16:32:35
-- Database: memgraph_database54
-- Database version: composite
-- seed value: 1720168297029
CREATE (n0 :L5{k28 : -1482811505, k29 : 'M', k31 : 'rf9JaHtYh', k30 : 144476200, k33 : true, id : 0, k32 : true});
CREATE (n0 {id : 1});
CREATE (n0 :L2{k16 : false, k11 : 'p', id : 2, k13 : 'P', k12 : true, k15 : 'cuYv', k14 : 'e'});
CREATE (n0 {id : 3});
MATCH (n0 {id : 3}), (n1 {id : 3}) MERGE(n0)-[r :T0{k40 : -1286796910, k42 : 237745149, k41 : false, k44 : true, id : 4, k43 : false, k45 : 'E'}]->(n1);
MATCH (n0 {id : 0}), (n1 {id : 2}) MERGE(n0)-[r :T0{k39 : false, k40 : 1933411343, k42 : -430095315, k41 : false, k44 : false, id : 5, k45 : 'Gqp'}]->(n1);
MATCH (n0 {id : 0}), (n1 {id : 2}) MERGE(n0)-[r :T3{k60 : 'Z', k62 : 'MkxW8vx', k61 : -52871724, k64 : 'Y', k63 : 'eE9657s', id : 6, k59 : true}]->(n1);
MATCH (n0 {id : 2}), (n1 {id : 2}) MERGE(n0)-[r :T3{k60 : 'y', k62 : 'MkxW8vx', k64 : 'd', k63 : 'Hi', id : 7, k59 : false}]->(n1);
MATCH (n0 {id : 0}), (n1 {id : 1}) MERGE(n0)-[r :T2{k55 : false, id : 8, k54 : '3D', k57 : true, k56 : 'u', k58 : true}]->(n1);
MATCH (n0 {id : 1}), (n1 {id : 3}) MERGE(n0)-[r :T2{k53 : 671659578, k55 : true, id : 9, k54 : 'fOtYAgZhU', k57 : false, k56 : 'ljP3', k58 : true}]->(n1);
CALL{WITH * MATCH (n0 :L5{k28:-221493787})-[r0]->(n1) CREATE p0=({id:10}) RETURN r0 AS a0} MATCH (n2)-[a0]->(), p1=(n3) WHERE NULL SET n2.k=NULL RETURN a0 AS a1, NULL AS a2;
CALL { WITH * MATCH ( n0 : L5 { k28 : CASE WHEN TRUE THEN -221493787 END } ) - [ r0 ] - > ( n1 ) WHERE TRUE WITH * CREATE p0 = ( { id : 10 } ) WITH * RETURN r0 AS a0 } MATCH ( n2 ) - [ a0 ] - > ( ) ,p1 = ( n3 ) WHERE NULL SET n2 . k = NULL RETURN DISTINCT a0 AS a1 , NULL AS a2 ;
MATCH (a) RETURN a;
MATCH (a) RETURN a;
MATCH (b)-[a]->(c) RETURN a;
MATCH (b)-[a]->(c) RETURN a;
CALL{WITH * MERGE ({id:11})-[r0 :T0{id:12}]-({k12:false, id:13})-[r1 :T3{id:14}]-(n0{id:15}) CREATE ({id:16})-[ :T2{id:17}]->({id:18})-[ :T2{id:19}]->({id:20}) RETURN DISTINCT 1 AS a0} CREATE ( :L5{id:21}) CREATE ( :L5{id:22})-[r2 :T2{k54:NULL, id:23}]->(n1{id:24})-[ :T2{k57:true, id:25}]->({id:26}) RETURN 1 AS a1, 1 AS a2;
CALL { WITH * MERGE pp0=( { id : 11 } ) - [ r0 : T0 { id : 12 } ] - ( { k12 : false , id : 13 } ) - [ r1 : T3 { id : 14 } ] - ( n0 { id : reduce(a=15 ,b IN []|a) } ) CREATE (c0{id:-1}) DELETE (c0) CREATE ({id:20})<-[ : T2 { id : 19 } ] -({id:18})<-[ : T2 { id : 17 } ] -( { id : 16 } ) CREATE (c1{id:-1}) DELETE (c1) RETURN DISTINCT 1 AS a0 } DELETE NULL CREATE ( : L5 { id : 21 } ) CREATE (m0: L5 { id : 22 } )CREATE (m0)- [ r2 : T2 { k54 : NULL , id : 23 } ] - > ( n1 { id : reduce(a=24 ,b IN []|a) } ) - [ : T2 { k57 : true , id : 25 } ] - > ( { id : CASE WHEN FALSE THEN NULL ELSE 26 END } ) REMOVE (NULL).NULL RETURN 1 AS a1 , 1 AS a2 ;
MATCH (a) RETURN a;
MATCH (a) RETURN a;
MATCH (b)-[a]->(c) RETURN a;
MATCH (b)-[a]->(c) RETURN a;
WITH NULL AS a1 CREATE (n0{k12:NULL, id:27}), p0=({k12:NULL, id:28}) CREATE ({k12:NULL, id:29})-[ :T3{id:30}]->(n1{k11:'R', id:31})<-[ :T3{k59:true, id:32}]-(n2{id:33}), p1=(n3{id:34})-[r2 :T0{k39:CASE WHEN true THEN (NULL AND ('F2U' ENDS WITH '3')) END, id:35}]->(n4{id:36})<-[r3 :T3{id:37}]-({k28:NULL, id:38}) RETURN a1 AS a2, 1 AS a3;
WITH reduce(a=NULL ,b IN []|a) AS a1 OPTIONAL MATCH ()-[:TYPE]-() CREATE ( n0 { k12 : NULL , id : reduce(a=27 ,b IN []|a) } ) CREATE p0 = ( { k12 : NULL , id : 28 } ) CREATE (n2{id:33})-[ : T3 { k59 : true , id : 32 } ] ->(n1{k11:'R', id:31})<-[ : T3 { id : 30 } ] -( { k12 : CASE WHEN TRUE THEN NULL END , id : 29 } ) CREATE p1 = ( n3 { id : 34 } ) - [ r2 : T0 { k39 : CASE WHEN true THEN ( NULL AND ( (''+'F2U' )ENDS WITH '3' ) ) END , id : 35 } ] - > ( n4 { id : 36 } ) < - [ r3 : T3 { id : 37 } ] - ( { k28 : NULL , id : 38 } ) RETURN a1 AS a2 , 1 AS a3 ;
MATCH (a) RETURN a;
MATCH (a) RETURN a;
MATCH (b)-[a]->(c) RETURN a;
MATCH (b)-[a]->(c) RETURN a;
CALL{WITH * MERGE (n1{id:39})<-[ :T2{id:40}]-({id:41})-[r1 :T2{id:42}]-({id:43}) SET n1.k=(r1.k55) RETURN 1 AS a2} UNWIND [reduce(a=NULL,b IN [NULL, NULL]|b), NULL] AS a3 CREATE (n2{id:44}), p0=(n3{id:45})<-[r2 :T3{k62:NULL, id:46}]-(n4{id:47}) RETURN DISTINCT 1 AS a4, ((-2010183181+a2)*(a2+a2)) AS a5;
CALL { WITH * MERGE ( n1 { id : 39 } ) < - [ : T2 { id : 40 } ] - ( { id : 41 } ) - [ r1 : T2 { id : reduce(a=42 ,b IN []|a) } ] - ( { id : 43 } ) REMOVE (NULL).FALSE SET n1 . k = ( r1 . k55 ) RETURN 1 AS a2 } OPTIONAL MATCH ()-[:TYPE]-() UNWIND [ CASE WHEN FALSE THEN NULL ELSE reduce ( a = NULL , b IN [ NULL , NULL ] | b ) END , NULL ] AS a3 OPTIONAL MATCH ()-[:TYPE]-() CREATE ( n2 { id : 44 } ) CREATE p0=(n4{id:47})-[ r2 : T3 { k62 : NULL , id : CASE WHEN TRUE THEN 46 END } ] ->( n3 { id : 45 } ) RETURN DISTINCT 1 AS a4 , ( ( reduce(a=-2010183181 + a2 ,b IN []|a) ) * ( reduce(a=a2 + a2 ,b IN []|a) ) ) AS a5 SKIP 1 ;
MATCH (a) RETURN a;
MATCH (a) RETURN a;
MATCH (b)-[a]->(c) RETURN a;
MATCH (b)-[a]->(c) RETURN a;
OPTIONAL MATCH (n0{k31:NULL})-[r0 :T0{k40:NULL}]->() WHERE (r0.k43) MERGE ({id:48})-[ :T0{id:49}]-(n1 :L2{id:50})-[r1 :T3{id:51}]-(n2{id:52}) SET n1.k=reverse(substring(NULL, abs((r0.k42)), abs(-1885665194))) RETURN 1 AS a0, n2 AS a1;
OPTIONAL MATCH ( n0 { k31 : CASE WHEN FALSE THEN NULL ELSE NULL END } ) - [ r0 : T0 { k40 : NULL } ] - > ( ) WHERE CASE WHEN TRUE THEN ( r0 . k43 ) END MERGE ( { id : 48 } ) - [ : T0 { id : 49 } ] - ( n1 : L2 { id : CASE WHEN TRUE THEN 50 END } ) - [ r1 : T3 { id : 51 } ] - ( n2 { id : 52 } ) SET n1 . k = reverse ( substring ( NULL , abs ( ( CASE WHEN FALSE THEN NULL ELSE r0 . k42 END ) ) , abs ( -1885665194 ) ) ) WITH * OPTIONAL MATCH ()-[:TYPE]-() RETURN 1 AS a0 , n2 AS a1 ;
MATCH (a) RETURN a;
MATCH (a) RETURN a;
MATCH (b)-[a]->(c) RETURN a;
MATCH (b)-[a]->(c) RETURN a;
CREATE ( :L5{k29:'UHr', id:53})-[r0 :T2{id:54}]->(n0{id:55})-[ :T2{id:56}]->({id:57}) CREATE ({id:58}) CREATE (n1 :L5{k28:NULL, id:59}), p0=({id:60})<-[ :T2{k53:NULL, id:61}]-(n2{id:62}) RETURN endNode(reduce(a=NULL,b IN [NULL, relationships(NULL)[abs(1267350656)]]|a)) AS a0 ORDER BY NULL, a0;
CREATE ({id:57})<-[ : T2 { id : CASE WHEN TRUE THEN 56 END } ] -(n0{id:55})<-[ r0 : T2 { id : 54 } ] -( : L5 { k29 : 'UHr' , id : CASE WHEN FALSE THEN NULL ELSE 53 END } ) SET (NULL).NULL=1 CREATE ( { id : 58 } ) CREATE ( n1 : L5 { k28 : NULL , id : CASE WHEN FALSE THEN NULL ELSE 59 END } ) CREATE p0 = ( { id : 60 } ) < - [ : T2 { k53 : NULL , id : 61 } ] - ( n2 { id : 62 } ) WITH * OPTIONAL MATCH ()-[:TYPE]-() RETURN reduce(a=endNode ( reduce ( a = NULL , b IN reduce(a=[ NULL , CASE WHEN FALSE THEN NULL ELSE relationships ( NULL ) [ reduce(a=abs ( 1267350656 ) ,b IN []|a) ] END ] ,b IN []|a) | reduce(a=a ,b IN []|a) ) ) ,b IN []|a) AS a0 ORDER BY NULL, a0 ,TRUE ;
MATCH (a) RETURN a;
MATCH (a) RETURN a;
MATCH (b)-[a]->(c) RETURN a;
MATCH (b)-[a]->(c) RETURN a;
MERGE ({id:63}) CREATE (n0{id:64}), (n1{id:65}) MERGE (n2{id:66})-[r0 :T2{id:67}]-({id:68})-[r1 :T3{id:69}]-(n3{k11:'Ak59', id:70}) RETURN (r0.k56) AS a0, 1 AS a1 ORDER BY a1;
MERGE ( { id : 63 } ) REMOVE (NULL).TRUE CREATE ( n0 { id : 64 } ) CREATE ( n1 { id : 65 } ) CREATE (c0{id:-1}) DELETE (c0) MERGE ( n2 { id : 66 } ) - [ r0 : T2 { id : 67 } ] - ( { id : 68 } ) - [ r1 : T3 { id : 69 } ] - ( n3 { k11 : CASE WHEN TRUE THEN 'Ak59' END , id : 70 } ) DELETE NULL RETURN ( r0 . k56 ) AS a0 , 1 AS a1 ORDER BY a1 ;
MATCH (a) RETURN a;
MATCH (a) RETURN a;
MATCH (b)-[a]->(c) RETURN a;
MATCH (b)-[a]->(c) RETURN a;
UNWIND [properties(endNode(NULL)), NULL] AS a0 CREATE (n0{id:71}) CREATE ({id:72})<-[r0 :T0{id:73}]-({id:74}) RETURN DISTINCT 1 AS a1;
UNWIND [ properties ( endNode ( NULL ) ) , NULL ] AS a0 OPTIONAL MATCH ()-[:TYPE]-() CREATE ( n0 { id : reduce(a=71 ,b IN []|a) } ) WITH * OPTIONAL MATCH ()-[:TYPE]-() CREATE ( { id : 72 } ) < - [ r0 : T0 { id : 73 } ] - ( { id : 74 } ) RETURN DISTINCT 1 AS a1 ;
MATCH (a) RETURN a;
MATCH (a) RETURN a;
MATCH (b)-[a]->(c) RETURN a;
MATCH (b)-[a]->(c) RETURN a;
CREATE (n0{id:75})-[r0 :T0{id:76}]->({id:77})<-[r1 :T2{k53:NULL, id:78}]-(n1{id:79}), p0=(n2{id:80})<-[ :T3{id:81}]-(n3 :L5{id:82}) CREATE (n4{id:83})<-[r2 :T2{id:84}]-(n5{id:85})<-[r3 :T2{k57:true, id:86}]-(n6 :L5{k29:substring(reverse(NULL), abs(reduce(a=NULL,b IN [NULL, NULL]|a+ b)), abs(round(NULL))), id:87}), p1=({id:88})-[ :T0{k40:reduce(a=1250963204,b IN [NULL]|a), id:89}]->(n7{id:90})<-[r4 :T2{id:91}]-(n8{id:92}) CREATE (n9{id:93})-[ :T3{k61:NULL, id:94}]->(n10{id:95}) RETURN 1 AS a0, 1 AS a1;
CREATE ( n0 { id : 75 } ) - [ r0 : T0 { id : 76 } ] - > ( { id : 77 } ) < - [ r1 : T2 { k53 : NULL , id : 78 } ] - ( n1 { id : 79 } ) CREATE p0=(n3 :L5{id:82})-[ : T3 { id : 81 } ] ->( n2 { id : reduce(a=80 ,b IN []|a) } ) CREATE (n6 :L5{k29:substring(reverse(NULL), abs(reduce(a=NULL,b IN [NULL, NULL]|a+ b)), abs(round(NULL))), id:87})-[ r3 : T2 { k57 : true , id : reduce(a=86 ,b IN []|a) } ] ->(n5{id:85})-[ r2 : T2 { id : 84 } ] ->( n4 { id : 83 } ) CREATE p1 = ( { id : 88 } ) - [ : T0 { k40 : reduce ( a = reduce(a=1250963204 ,b IN []|a) , b IN [ NULL ] | a ) , id : CASE WHEN FALSE THEN NULL ELSE 89 END } ] - > ( n7 { id : reduce(a=90 ,b IN []|a) } ) < - [ r4 : T2 { id : 91 } ] - ( n8 { id : CASE WHEN FALSE THEN NULL ELSE 92 END } ) WITH * CREATE ( n9 { id : 93 } ) - [ : T3 { k61 : NULL , id : CASE WHEN TRUE THEN 94 END } ] - > ( n10 { id : 95 } ) DELETE NULL RETURN 1 AS a0 , 1 AS a1 SKIP 1 ;
MATCH (a) RETURN a;
MATCH (a) RETURN a;
MATCH (b)-[a]->(c) RETURN a;
MATCH (b)-[a]->(c) RETURN a;
CALL{WITH * MERGE (n0{id:96})-[r0 :T2{id:97}]-(n1{k31:reverse('nRuhX'), id:98})-[r1 :T3{id:99}]-(n2 :L2{id:100}) CREATE ({id:101})<-[ :T0{k40:2131207400, id:102}]-({k29:'bh6', id:103})-[r2 :T3{id:104}]->(n3 :L2{id:105}), (n4{id:106}) RETURN 1 AS a0} CREATE (n5 :L5{id:107})-[ :T3{k63:NULL, id:108}]->(n6 :L2{k14:CASE WHEN true THEN NULL END, id:109})-[ :T3{id:110}]->({k13:'zU', id:111}), (n7{k31:NULL, id:112}) CREATE p0=(n8{id:113}) RETURN 1 AS a1, 1 AS a2 SKIP 1;
CALL { WITH * OPTIONAL MATCH ()-[:TYPE]-() MERGE ( n0 { id : reduce(a=96 ,b IN []|a) } ) - [ r0 : T2 { id : 97 } ] - ( n1 { k31 : reverse ( CASE WHEN TRUE THEN 'nRuhX' END ) , id : 98 } ) - [ r1 : T3 { id : 99 } ] - ( n2 : L2 { id : 100 } ) CREATE ( { id : 101 } ) < - [ : T0 { k40 : 2131207400 , id : CASE WHEN FALSE THEN NULL ELSE 102 END } ] - ( { k29 : 'bh6' , id : 103 } ) - [ r2 : T3 { id : 104 } ] - > ( n3 : L2 { id : CASE WHEN FALSE THEN NULL ELSE 105 END } ) CREATE ( n4 { id : 106 } ) RETURN 1 AS a0 LIMIT 1 } CREATE ( n5 : L5 { id : reduce(a=107 ,b IN []|a) } ) - [ : T3 { k63 : NULL , id : CASE WHEN FALSE THEN NULL ELSE 108 END } ] - > ( n6 : L2 { k14 : CASE WHEN true THEN NULL END , id : 109 } ) - [ : T3 { id : 110 } ] - > ( { k13 : (''+'zU' ), id : 111 } ) CREATE ( n7 { k31 : NULL , id : reduce(a=112 ,b IN []|a) } ) CREATE p0 = ( n8 { id : reduce(a=113 ,b IN []|a) } ) REMOVE (NULL).FALSE RETURN 1 AS a1 , 1 AS a2 SKIP 1 ;
MATCH (a) RETURN a;
MATCH (a) RETURN a;
MATCH (b)-[a]->(c) RETURN a;
MATCH (b)-[a]->(c) RETURN a;
MERGE (n0{id:114}) MERGE ({id:115})-[r0 :T3{id:116}]->(n1{id:117}) SET n0.k=false RETURN n1 AS a0, (r0.k59) AS a1 ORDER BY NULL DESC SKIP 1 UNION ALL CREATE (n0{id:118})<-[ :T2{id:119}]-(n1{id:120})<-[ :T2{id:121}]-( :L5{id:122}), p0=({k30:NULL, id:123})-[ :T0{k44:(NOT true), id:124}]->(n2{id:125})-[ :T3{id:126}]->(n3{k11:(substring(NULL, abs(NULL), abs(((981041480/1470424697)-(-626533167*594505879))))+'2'), id:127}) CREATE ({id:128}) MERGE (n4{id:129})<-[r0 :T3{id:130}]-(n5{id:131})-[r1 :T2{k56:'y', id:132}]->({id:133}) RETURN 1 AS a0, n4 AS a1;
MERGE ( n0 { id : 114 } ) WITH * UNWIND [NULL] as l0 MERGE ( { id : reduce(a=115 ,b IN []|a) } ) - [ r0 : T3 { id : 116 } ] - > ( n1 { id : 117 } ) SET n0 . k = reduce(a=false ,b IN []|a) WITH * RETURN CASE WHEN TRUE THEN n1 END AS a0 , ( r0 . k59 ) AS a1 ORDER BY NULL DESC ,TRUE SKIP 1 UNION ALL CREATE ( n0 { id : CASE WHEN TRUE THEN 118 END } ) < - [ : T2 { id : 119 } ] - ( n1 { id : 120 } ) < - [ : T2 { id : CASE WHEN TRUE THEN 121 END } ] - ( : L5 { id : 122 } ) CREATE p0 = ( { k30 : NULL , id : reduce(a=123 ,b IN []|a) } ) - [ : T0 { k44 : ( NOT true ) , id : 124 } ] - > ( n2 { id : reduce(a=125 ,b IN []|a) } ) - [ : T3 { id : 126 } ] - > ( n3 { k11 : CASE WHEN FALSE THEN NULL ELSE ( CASE WHEN FALSE THEN NULL ELSE substring ( CASE WHEN FALSE THEN NULL ELSE NULL END , abs ( NULL ) , abs ( ( reduce(a=( 981041480 / 1470424697 ) - ( -626533167 * 594505879 ) ,b IN []|a) ) ) ) + '2' END ) END , id : 127 } ) WITH * CREATE ( { id : 128 } ) MERGE pp0=( n4 { id : 129 } ) < - [ r0 : T3 { id : 130 } ] - ( n5 { id : 131 } ) - [ r1 : T2 { k56 : 'y' , id : reduce(a=132 ,b IN []|a) } ] - > ( { id : 133 } ) WITH * RETURN 1 AS a0 , n4 AS a1 ;
MATCH (a) RETURN a;
MATCH (a) RETURN a;
MATCH (b)-[a]->(c) RETURN a;
MATCH (b)-[a]->(c) RETURN a;
FOREACH(a0 IN [('B' STARTS WITH NULL), ((NULL+NULL) CONTAINS ('z'+'S'))]|MERGE p0=(n0{id:134})<-[ :T2{id:135}]-(n1{id:136})<-[r0 :T2{id:137}]-(n2 :L5{id:138}) MERGE ({id:139})<-[ :T2{id:140}]-({id:141})-[ :T2{id:142}]-({id:143}) CREATE (n3{id:144})<-[r1 :T2{id:145}]-({id:146}), (n4{id:147})) MERGE (n5{id:148})-[ :T2{id:149}]-(n6 :L5{id:150}) MERGE p1=(n7{id:151}) RETURN 1 AS a1 UNION ALL UNWIND relationships(NULL) AS a0 CREATE p0=(n0 :L2{k12:(NULL < (round(-1132956038)-NULL)), id:152})-[ :T3{k61:(1102057776+808915474), id:153}]->(n1{id:154}), p1=( :L2{k12:NULL, id:155})-[r0 :T3{id:156}]->({k11:'L', id:157})<-[ :T3{id:158}]-({id:159}) DETACH DELETE a0,a0  RETURN 1 AS a1;
FOREACH ( a0 IN [ ( 'B' STARTS WITH NULL ) , ( CASE WHEN FALSE THEN NULL ELSE ( NULL + NULL ) CONTAINS ( 'z' + 'S' ) END ) ] | MERGE p0 = ( n0 { id : CASE WHEN TRUE THEN 134 END } ) < - [ : T2 { id : 135 } ] - ( n1 { id : 136 } ) < - [ r0 : T2 { id : CASE WHEN FALSE THEN NULL ELSE 137 END } ] - ( n2 : L5 { id : 138 } ) DELETE (NULL) MERGE ( { id : 139 } ) < - [ : T2 { id : 140 } ] - ( { id : 141 } ) - [ : T2 { id : reduce(a=142 ,b IN []|a) } ] - ( { id : CASE WHEN TRUE THEN 143 END } ) CREATE (n3{ id : 144 } )CREATE (n3)< - [ r1 : T2 { id : 145 } ] - ( { id : 146 } ) CREATE ( n4 { id : 147 } ) REMOVE (NULL).NULL ) MERGE ( n5 { id : 148 } ) - [ : T2 { id : 149 } ] - ( n6 : L5 { id : 150 } ) MERGE p1 = ( n7 { id : 151 } ) RETURN 1 AS a1 UNION ALL UNWIND reduce(a=relationships ( NULL ) ,b IN []|a) AS a0 REMOVE (NULL).NULL CREATE p0 = ( n0 : L2 { k12 : ( CASE WHEN FALSE THEN NULL ELSE NULL < ( round ( -1132956038 ) - NULL ) END ) , id : 152 } ) - [ : T3 { k61 : ( 1102057776 + 808915474 ) , id : 153 } ] - > ( n1 { id : 154 } ) CREATE p1 = ( : L2 { k12 : NULL , id : 155 } ) - [ r0 : T3 { id : 156 } ] - > ( { k11 : 'L' , id : 157 } ) < - [ : T3 { id : 158 } ] - ( { id : 159 } ) DETACH DELETE a0 , a0 RETURN 1 AS a1 ;
MATCH (a) RETURN a;
MATCH (a) RETURN a;
MATCH (b)-[a]->(c) RETURN a;
MATCH (b)-[a]->(c) RETURN a;
OPTIONAL MATCH (n0) OPTIONAL MATCH p0=()-[ :T3{k62:NULL}]-(), (n1)<-[*..2]-(n3) SET n3.k=false RETURN n0 AS a0;
OPTIONAL MATCH ( n0 ) OPTIONAL MATCH p0 = ( ) - [ : T3 { k62 : NULL } ] - ( ) ,( n1 ) < - [ * .. 2 ] - ( n3 ) SET n3 . k = false RETURN n0 AS a0 ;
MATCH (a) RETURN a;
MATCH (a) RETURN a;
MATCH (b)-[a]->(c) RETURN a;
MATCH (b)-[a]->(c) RETURN a;
MATCH ()-[]-()-[]-(), (n1)-[r0]-(n0)-[]-(n3{k11:reduce(a=reverse(NULL),b IN [NULL]|a+ b)}) WHERE ((137586660/(-1669699382/(-1578307583/-1176158680))) >= -1916992498) CREATE ({k11:reverse('dpFN3Xlj'), id:160})-[ :T3{id:161}]->(n4{id:162}), ( :L5{k32:NULL, id:163}) MERGE p1=({id:164}) RETURN ('7' ENDS WITH 'eO') AS a0, n0 AS a1;
MATCH ()-[]-()-[]-(),(n1),()<-[r0]-(),(n0),()<-[m0]-(),(n3) WHERE exists((n1)-[r0]-(n0)-[m0]-(n3{k11:reduce(a=reverse(NULL),b IN [NULL]|a+ b)})) AND (( ( 137586660 / ( reduce(a=-1669699382 / ( -1578307583 / -1176158680 ) ,b IN []|a) ) ) >= -1916992498 ) )CREATE (m1{ k11 : reverse ( 'dpFN3Xlj' ) , id : 160 } )CREATE (m1)- [ : T3 { id : CASE WHEN TRUE THEN 161 END } ] - > ( n4 { id : 162 } ) CREATE ( : L5 { k32 : NULL , id : CASE WHEN TRUE THEN 163 END } ) WITH * MERGE p1 = ( { id : 164 } ) WITH * RETURN DISTINCT ( CASE WHEN TRUE THEN '7' ENDS WITH 'eO' END ) AS a0 , CASE WHEN FALSE THEN NULL ELSE n0 END AS a1 ;
MATCH (a) RETURN a;
MATCH (a) RETURN a;
MATCH (b)-[a]->(c) RETURN a;
MATCH (b)-[a]->(c) RETURN a;
MERGE (n0{id:165})-[r0 :T2{k55:false, id:166}]-({id:167}) CREATE (n1{id:168})<-[r1 :T2{id:169}]-({id:170})<-[r2 :T2{k56:reverse(NULL), id:171}]-(n2 :L5{k33:(r0.k58), id:172}), (n3{id:173})-[ :T0{id:174}]->({id:175})<-[r3 :T2{id:176}]-(n4{id:177}) MERGE (n5{id:178})-[ :T2{id:179}]-(n6 :L5{k28:round((2041038796+size([]))), id:180})-[r4 :T3{id:181}]-({id:182}) RETURN n6 AS a0;
MERGE ( n0 { id : reduce(a=165 ,b IN []|a) } ) - [ r0 : T2 { k55 : false , id : 166 } ] - ( { id : 167 } ) REMOVE (NULL).FALSE CREATE ( n1 { id : 168 } ) < - [ r1 : T2 { id : 169 } ] - ( { id : 170 } ) < - [ r2 : T2 { k56 : reverse ( NULL ) , id : 171 } ] - ( n2 : L5 { k33 : ( r0 . k58 ) , id : 172 } ) CREATE (n3{ id : 173 } )CREATE (n3)- [ : T0 { id : 174 } ] - > ( { id : 175 } ) < - [ r3 : T2 { id : 176 } ] - ( n4 { id : CASE WHEN TRUE THEN 177 END } ) WITH * UNWIND [NULL] as l0 MERGE ( n5 { id : 178 } ) - [ : T2 { id : 179 } ] - ( n6 : L5 { k28 : CASE WHEN TRUE THEN round ( ( 2041038796 + size ( [ ] ) ) ) END , id : CASE WHEN TRUE THEN 180 END } ) - [ r4 : T3 { id : reduce(a=181 ,b IN []|a) } ] - ( { id : reduce(a=182 ,b IN []|a) } ) WITH * RETURN reduce(a=n6 ,b IN []|a) AS a0 ;
MATCH (a) RETURN a;
MATCH (a) RETURN a;
MATCH (b)-[a]->(c) RETURN a;
MATCH (b)-[a]->(c) RETURN a;
CREATE ({id:183})<-[r0 :T2{id:184}]-( :L5{id:185}) MERGE (n0{id:186})-[r1 :T3{id:187}]-(n1{k29:'k', id:188})-[r2 :T0{id:189}]-(n2{id:190}) DETACH DELETE n2  RETURN n1 AS a0;
CREATE ( :L5{id:185})-[ r0 : T2 { id : 184 } ] ->( { id : 183 } ) WITH * OPTIONAL MATCH ()-[:TYPE]-() MERGE ( n0 { id : 186 } ) - [ r1 : T3 { id : 187 } ] - ( n1 { k29 : reduce(a='k' ,b IN []|a) , id : 188 } ) - [ r2 : T0 { id : CASE WHEN FALSE THEN NULL ELSE 189 END } ] - ( n2 { id : 190 } ) CREATE (c0{id:-1}) DELETE (c0) DETACH DELETE n2 WITH * UNWIND [NULL] as l0 RETURN n1 AS a0 ORDER BY NULL ;
MATCH (a) RETURN a;
MATCH (a) RETURN a;
MATCH (b)-[a]->(c) RETURN a;
MATCH (b)-[a]->(c) RETURN a;
WITH NULL AS a0 LIMIT 0 WHERE NULL OPTIONAL MATCH (n0 :L2), () MERGE p0=({id:191}) RETURN (n0.k14) AS a1 ORDER BY ('X' ENDS WITH ('S9'+'E')), a1;
WITH NULL AS a0 LIMIT reduce(a=0 ,b IN []|a) WHERE NULL WITH * OPTIONAL MATCH (n0)-[*0..0]-( n0 : L2 ) ,( ) MERGE p0 = ( { id : 191 } ) WITH * RETURN DISTINCT ( n0 . k14 ) AS a1 ORDER BY ('X' ENDS WITH ('S9'+'E')), a1 ,TRUE LIMIT 1 ;
