-- Time: 2024/07/05 16:32:10
-- Database: memgraph_database29
-- Database version: composite
-- seed value: 1720168297004
CREATE (n0 :L0:L6{k0 : 'b', k1 : 1233393777, k40 : false, k2 : 'ob0cBM', k3 : 1533491476, k42 : false, k4 : 'bGb', k41 : 'SDOb9', k5 : 'cnoCANpfG', k37 : true, k36 : true, k39 : '8', k38 : true, id : 0});
CREATE (n0 :L3{k20 : -868884166, id : 1, k21 : 'e2FGe', k24 : false, k23 : 1889745834});
CREATE (n0 :L0{k0 : '1', k1 : -189188405, k2 : 'y', k3 : -936368691, k4 : '97hPBgX5Q', k5 : 'n', id : 2});
CREATE (n0 :L5:L2{k17 : false, k16 : 'f19P2o', k19 : true, k18 : true, k31 : 'A', id : 3, k35 : false, k13 : 'F7X', k15 : 1837818979, k14 : 1004151843});
MATCH (n0 {id : 2}), (n1 {id : 2}) MERGE(n0)-[r :T3{k62 : true, k61 : 1908533679, k64 : -1973424963, k63 : false, id : 4, k65 : 'wd'}]->(n1);
MATCH (n0 {id : 0}), (n1 {id : 1}) MERGE(n0)-[r :T4{k71 : 'ccN5Dhk', k70 : 'DtvDq', k66 : true, id : 5, k67 : false, k69 : false}]->(n1);
MATCH (n0 {id : 3}), (n1 {id : 3}) MERGE(n0)-[r :T4{k71 : 'kGiRVOJck', k70 : '6P6', k66 : false, id : 6, k68 : 'R', k67 : true, k69 : true}]->(n1);
MATCH (n0 {id : 0}), (n1 {id : 0}) MERGE(n0)-[r :T1{k51 : true, k50 : false, k52 : true, k55 : false, id : 7, k54 : 2070501977}]->(n1);
MATCH (n0 {id : 2}), (n1 {id : 3}) MERGE(n0)-[r :T2{k60 : 'X', id : 8, k57 : -1858574042, k56 : -403245232, k58 : 'j1s'}]->(n1);
MATCH p0=()-[r0]->(n0) WHERE NULL UNWIND keys(startNode(r0)) AS a0 MERGE ({id:9}) RETURN DISTINCT n0 AS a1, n0 AS a2 UNION OPTIONAL MATCH ()-[r0 :T2{k59:NULL}]-(n0) WHERE (round((r0.k56)) < (r0.k57)) UNWIND NULL AS a0 MERGE (n1{id:10}) RETURN NULL AS a1, 1 AS a2 SKIP 1;
MATCH p0 = ( ) - [ r0 ] - > ( n0 ) WHERE NULL UNWIND [1] as l0 UNWIND reduce(a=keys ( CASE WHEN FALSE THEN NULL ELSE startNode ( r0 ) END ) ,b IN []|a) AS a0 DELETE NULL MERGE ( { id : 9 } ) WITH * UNWIND [1] as l1 RETURN DISTINCT n0 AS a1 , n0 AS a2 ORDER BY 1 LIMIT 1 UNION OPTIONAL MATCH ()-[*0..0]-( ) - [ r0 : T2 { k59 : NULL } ] - ( n0 ) WHERE ( round ( reduce(a=( r0 . k56 ) ,b IN []|a) ) < ( r0 . k57 ) ) UNWIND NULL AS a0 SET (NULL).FALSE=1 MERGE ( n1 { id : 10 } ) WITH * RETURN NULL AS a1 , 1 AS a2 SKIP CASE WHEN TRUE THEN 1 END ;
MATCH (a) RETURN a;
MATCH (a) RETURN a;
MATCH (b)-[a]->(c) RETURN a;
MATCH (b)-[a]->(c) RETURN a;
FOREACH(a1 IN NULL|MERGE (n1 :L0{id:11})-[ :T3{k61:782899917, id:12}]->( :L0{id:13})-[ :T2{id:14}]-( :L2{k32:-442789887, id:15}) CREATE p1=(n2{id:16}) MERGE (n3 :L5{id:17})-[r2 :T4{k70:'CBRfNQKjf', id:18}]-( :L5 :L2{k31:'b', id:19})<-[r3 :T2{k58:'S', id:20}]-(n4{id:21})) MERGE (n5 :L0{k2:'SsB', id:22})-[ :T2{id:23}]-(n6{k32:296030338, k17:false, id:24}) MERGE (n7 :L0{id:25})-[r4 :T3{id:26}]-({id:27})-[ :T2{id:28}]->(n8{id:29}) RETURN 1 AS a2, NULL AS a3 SKIP 1;
FOREACH ( a1 IN NULL | MERGE ( n1 : L0 { id : 11 } ) - [ : T3 { k61 : 782899917 , id : 12 } ] - > ( : L0 { id : reduce(a=13 ,b IN []|a) } ) - [ : T2 { id : 14 } ] - ( : L2 { k32 : -442789887 , id : 15 } ) CREATE (c0{id:-1}) DELETE (c0) CREATE p1 = ( n2 { id : 16 } ) MERGE ( n3 : L5 { id : CASE WHEN TRUE THEN 17 END } ) - [ r2 : T4 { k70 : 'CBRfNQKjf' , id : 18 } ] - ( : L5 : L2 { k31 : 'b' , id : CASE WHEN TRUE THEN 19 END } ) < - [ r3 : T2 { k58 : 'S' , id : CASE WHEN TRUE THEN 20 END } ] - ( n4 { id : 21 } ) REMOVE (NULL).TRUE ) DELETE (NULL) MERGE ( n5 : L0 { k2 : CASE WHEN FALSE THEN NULL ELSE 'SsB' END , id : 22 } ) - [ : T2 { id : 23 } ] - ( n6 { k32 : 296030338 , k17 : false , id : 24 } ) MERGE ( n7 : L0 { id : CASE WHEN TRUE THEN 25 END } ) - [ r4 : T3 { id : 26 } ] - ( { id : 27 } ) - [ : T2 { id : 28 } ] - > ( n8 { id : 29 } ) WITH * RETURN 1 AS a2 , NULL AS a3 SKIP 1 ;
MATCH (a) RETURN a;
MATCH (a) RETURN a;
MATCH (b)-[a]->(c) RETURN a;
MATCH (b)-[a]->(c) RETURN a;
MERGE p1=({k20:(-1958139697*1662287862), id:38})-[r3 :T4{k68:'at', id:39}]-(n4{id:40})-[r4 :T1{id:41}]->({k38:true, id:42}) DETACH DELETE n4,p1  CREATE ({id:43}) RETURN 1 AS a2, 1 AS a3 UNION ALL WITH * WHERE false MERGE ( :L6{id:44})-[r0 :T1{k51:false, id:45}]-( :L6{id:46}) CREATE p0=(n0{id:47})<-[ :T4{k69:true, id:48}]-(n1 :L0{k42:(-1586113176 >= (r0.k54)), id:49}), p1=(n2{id:50})-[ :T1{id:51}]->( :L0{id:52}) RETURN {k1: false, k2: ['r']} AS a2, 1 AS a3;
MERGE p1 = ( { k20 : ( -1958139697 * 1662287862 ) , id : 38 } ) - [ r3 : T4 { k68 : 'at' , id : 39 } ] - ( n4 { id : 40 } ) - [ r4 : T1 { id : 41 } ] - > ( { k38 : true , id : reduce(a=42 ,b IN []|a) } ) WITH * FOREACH(f in [1]|DETACH DELETE n4 , p1 ) CREATE ( { id : 43 } ) RETURN CASE WHEN FALSE THEN NULL ELSE 1 END AS a2 , 1 AS a3 UNION ALL WITH * WHERE false WITH * MERGE ( : L6 { id : CASE WHEN TRUE THEN 44 END } ) - [ r0 : T1 { k51 : false , id : 45 } ] - ( : L6 { id : 46 } ) WITH * OPTIONAL MATCH ()-[:TYPE]-() CREATE (n0{ id : 47 } )CREATE (n0)< - [ : T4 { k69 : true , id : 48 } ] - ( n1 : L0 { k42 : ( -1586113176 >= ( r0 . k54 ) ) , id : 49 } ) CREATE p1 = ( n2 { id : CASE WHEN FALSE THEN NULL ELSE 50 END } ) - [ : T1 { id : 51 } ] - > ( : L0 { id : 52 } ) DETACH DELETE NULL RETURN { k1 : false , k2 : reduce(a=[ reduce(a='r' ,b IN []|a) ] ,b IN []|a) } AS a2 , reduce(a=1 ,b IN []|a) AS a3 ;
MATCH (a) RETURN a;
MATCH (a) RETURN a;
MATCH (b)-[a]->(c) RETURN a;
MATCH (b)-[a]->(c) RETURN a;
CALL{WITH * WITH false AS a1 WHERE NULL MERGE (n5{k1:379547077, id:53})-[ :T1{id:54}]-( :L0{id:55}) RETURN 1 AS a2 SKIP 0 LIMIT 1} MERGE p1=({id:56})-[ :T1{id:57}]-({k0:'HZ', k42:true, id:58})-[r4 :T4{k66:true, id:59}]->(n6 :L3{id:60}) CREATE (n7 :L0 :L6{k36:true, id:61})<-[r5 :T3{id:62}]-( :L3{k23:NULL, id:63}) RETURN DISTINCT 1 AS a3, 1 AS a4 ORDER BY -789324119, a3;
CALL { WITH * UNWIND [1] as l0 WITH false AS a1 WHERE NULL MERGE ( n5 { k1 : 379547077 , id : 53 } ) - [ : T1 { id : CASE WHEN FALSE THEN NULL ELSE 54 END } ] - ( : L0 { id : 55 } ) RETURN 1 AS a2 SKIP 0 LIMIT CASE WHEN TRUE THEN 1 END } MERGE p1 = ( { id : 56 } ) - [ : T1 { id : 57 } ] - ( { k0 : 'HZ' , k42 : true , id : 58 } ) - [ r4 : T4 { k66 : CASE WHEN FALSE THEN NULL ELSE true END , id : CASE WHEN TRUE THEN 59 END } ] - > ( n6 : L3 { id : 60 } ) WITH * OPTIONAL MATCH ()-[:TYPE]-() CREATE (n7: L0 : L6 { k36 : CASE WHEN FALSE THEN NULL ELSE true END , id : 61 } )CREATE (n7)< - [ r5 : T3 { id : 62 } ] - ( : L3 { k23 : NULL , id : 63 } ) WITH * OPTIONAL MATCH ()-[:TYPE]-() RETURN DISTINCT 1 AS a3 , 1 AS a4 ORDER BY -789324119, a3 ;
MATCH (a) RETURN a;
MATCH (a) RETURN a;
MATCH (b)-[a]->(c) RETURN a;
MATCH (b)-[a]->(c) RETURN a;
FOREACH(a0 IN NULL|MERGE ({k31:'LgvNB', id:64})-[r0 :T4{id:65}]-( :L5{id:66})-[r1 :T2{k56:1691193763, id:67}]-({id:68}) CREATE (n0 :L5{id:69})-[ :T4{k70:NULL, id:70}]->( :L5 :L2{id:71})<-[ :T2{id:72}]-(n1{id:73}), ( :L2{k18:(1415107634 <> -168265845), id:74}) CREATE (n2 :L0{k4:NULL, id:75})-[ :T2{id:76}]->( :L2{k14:614115895, id:77}), (n3 :L0{id:78})-[r2 :T2{id:79}]->({id:80})-[r3 :T4{id:81}]->(n4 :L5{id:82})) CREATE p0=(n5 :L5{id:83}), (n6{id:84})-[ :T4{id:85}]->(n7{id:86}) CREATE ({k2:NULL, id:87}), (n8{id:88})-[ :T2{id:89}]->(n9{k32:NULL, id:90}) RETURN NULL AS a1;
FOREACH ( a0 IN NULL | MERGE ( { k31 : 'LgvNB' , id : reduce(a=64 ,b IN []|a) } ) - [ r0 : T4 { id : 65 } ] - ( : L5 { id : 66 } ) - [ r1 : T2 { k56 : 1691193763 , id : 67 } ] - ( { id : CASE WHEN FALSE THEN NULL ELSE 68 END } ) CREATE ( n0 : L5 { id : 69 } ) - [ : T4 { k70 : NULL , id : 70 } ] - > ( : L5 : L2 { id : CASE WHEN TRUE THEN 71 END } ) < - [ : T2 { id : 72 } ] - ( n1 { id : 73 } ) CREATE ( : L2 { k18 : ( 1415107634 <> -168265845 ) , id : 74 } ) SET (NULL).NULL=1 CREATE ( n2 : L0 { k4 : reduce(a=NULL ,b IN []|a) , id : 75 } ) - [ : T2 { id : 76 } ] - > ( : L2 { k14 : CASE WHEN FALSE THEN NULL ELSE 614115895 END , id : 77 } ) CREATE ( n3 : L0 { id : 78 } ) - [ r2 : T2 { id : CASE WHEN FALSE THEN NULL ELSE 79 END } ] - > ( { id : 80 } ) - [ r3 : T4 { id : 81 } ] - > ( n4 : L5 { id : CASE WHEN FALSE THEN NULL ELSE 82 END } ) REMOVE (NULL).k ) CREATE p0 = ( n5 : L5 { id : 83 } ) CREATE ( n6 { id : 84 } ) - [ : T4 { id : 85 } ] - > ( n7 { id : 86 } ) WITH * UNWIND [NULL] as l0 CREATE ( { k2 : NULL , id : 87 } ) CREATE (n8{ id : 88 } )CREATE (n8)- [ : T2 { id : 89 } ] - > ( n9 { k32 : NULL , id : 90 } ) WITH * UNWIND [1] as l1 RETURN NULL AS a1 ;
MATCH (a) RETURN a;
MATCH (a) RETURN a;
MATCH (b)-[a]->(c) RETURN a;
MATCH (b)-[a]->(c) RETURN a;
MERGE (n0 :L0{id:91})-[r0 :T3{k64:1314849365, id:92}]-(n1{id:93}) DETACH DELETE n1,n0  MERGE ({id:94})<-[ :T3{k64:1502969147, id:95}]-(n2 :L3{id:96}) RETURN 1 AS a0;
MERGE ( n0 : L0 { id : 91 } ) - [ r0 : T3 { k64 : 1314849365 , id : 92 } ] - ( n1 { id : 93 } ) FOREACH(f in [1]|DETACH DELETE reduce(a=n1 ,b IN []|a) , n0 ) MERGE ( { id : 94 } ) < - [ : T3 { k64 : 1502969147 , id : CASE WHEN TRUE THEN 95 END } ] - ( n2 : L3 { id : 96 } ) RETURN 1 AS a0 LIMIT 1 ;
MATCH (a) RETURN a;
MATCH (a) RETURN a;
MATCH (b)-[a]->(c) RETURN a;
MATCH (b)-[a]->(c) RETURN a;
MATCH ( :L0)-[r0]-(n0), ()-[r1]-(n1) DETACH DELETE n0  MERGE ({id:97})-[ :T2{k60:'S', id:98}]->(n2{k19:true, id:99}) RETURN n2 AS a0;
MATCH ( : L0 ) - [ r0 ] - ( n0 ) ,( ) - [ r1 ] - ( n1 ) DETACH DELETE n0 DELETE NULL MERGE pp0=( { id : 97 } ) - [ : T2 { k60 : CASE WHEN TRUE THEN 'S' END , id : 98 } ] - > ( n2 { k19 : true , id : 99 } ) WITH * RETURN reduce(a=n2 ,b IN []|a) AS a0 ;
MATCH (a) RETURN a;
MATCH (a) RETURN a;
MATCH (b)-[a]->(c) RETURN a;
MATCH (b)-[a]->(c) RETURN a;
WITH * SKIP 1 MERGE (n0 :L0{k3:657721899, id:100})-[r0 :T2{k60:('L38'+'de'), id:101}]-({k18:false, id:102}) CREATE p0=(n3{k4:'U', id:103})-[ :T3{k63:((('n'+(NULL+'RQ')) STARTS WITH CASE WHEN (false OR true) THEN 'hs2g' END) AND ((r0.k58) ENDS WITH ((r0.k58)+CASE WHEN true THEN 'h' END))), id:104}]->(n4{id:105})-[r1 :T2{k58:NULL, id:106}]->( :L5 :L2{k19:(NOT false), id:107}), (n5 :L0{id:108})-[ :T3{k63:NULL, id:109}]->(n6{id:110}) RETURN r0 AS a0;
WITH * SKIP reduce(a=1 ,b IN []|a) OPTIONAL MATCH ()-[:TYPE]-() MERGE ( n0 : L0 { k3 : reduce(a=657721899 ,b IN []|a) , id : 100 } ) - [ r0 : T2 { k60 : ( 'L38' + 'de' ) , id : 101 } ] - ( { k18 : false , id : 102 } ) CREATE p0 = ( n3 { k4 : 'U' , id : 103 } ) - [ : T3 { k63 : ( ( ( 'n' + ( NULL + 'RQ' ) ) STARTS WITH CASE WHEN ( false OR true ) THEN 'hs2g' END ) AND ( CASE WHEN FALSE THEN NULL ELSE ( r0 . k58 ) ENDS WITH ( ( reduce(a=r0 . k58 ,b IN []|a) ) + CASE WHEN true THEN CASE WHEN FALSE THEN NULL ELSE 'h' END END ) END ) ) , id : 104 } ] - > ( n4 { id : 105 } ) - [ r1 : T2 { k58 : NULL , id : CASE WHEN FALSE THEN NULL ELSE 106 END } ] - > ( : L5 : L2 { k19 : reduce(a=( NOT false ) ,b IN []|a) , id : 107 } ) CREATE ( n5 : L0 { id : 108 } ) - [ : T3 { k63 : NULL , id : 109 } ] - > ( n6 { id : 110 } ) WITH * UNWIND [1] as l0 RETURN r0 AS a0 ;
MATCH (a) RETURN a;
MATCH (a) RETURN a;
MATCH (b)-[a]->(c) RETURN a;
MATCH (b)-[a]->(c) RETURN a;
MERGE ({id:111}) MERGE p0=({k21:'9S', id:112})<-[r0 :T4{k66:false, id:113}]-(n0{id:114}) DETACH DELETE n0,p0  RETURN 1 AS a0, 1 AS a1;
MERGE pp0=( { id : 111 } ) MERGE p0 = ( { k21 : ('9S' +'') , id : 112 } ) < - [ r0 : T4 { k66 : CASE WHEN FALSE THEN NULL ELSE false END , id : reduce(a=113 ,b IN []|a) } ] - ( n0 { id : 114 } ) DETACH DELETE CASE WHEN FALSE THEN NULL ELSE n0 END , p0 RETURN 1 AS a0 , reduce(a=1 ,b IN []|a) AS a1 ;
MATCH (a) RETURN a;
MATCH (a) RETURN a;
MATCH (b)-[a]->(c) RETURN a;
MATCH (b)-[a]->(c) RETURN a;
OPTIONAL MATCH (), (n1{k2:'jk7ZZI'})-[r1]-(n2)-[r2]->() MERGE (n3{id:115})-[ :T2{k56:1865686586, id:116}]->(n4 :L5 :L2{id:117})-[ :T4{k68:'IU8yoH1', id:118}]-(n5{id:119}) MERGE ({id:120}) RETURN n4 AS a1, 1 AS a2;
OPTIONAL MATCH ( ) ,( n1 { k2 : reduce(a=('jk7ZZI' +'') ,b IN []|a) } ) - [ r1 ] - ( n2 ) - [ r2 ] - > ( ) MERGE ( n3 { id : 115 } ) - [ : T2 { k56 : reduce(a=1865686586 ,b IN []|a) , id : 116 } ] - > ( n4 : L5 : L2 { id : 117 } ) - [ : T4 { k68 : ('IU8yoH1' +'') , id : reduce(a=118 ,b IN []|a) } ] - ( n5 { id : 119 } ) WITH * OPTIONAL MATCH ()-[:TYPE]-() MERGE ( { id : 120 } ) WITH * UNWIND [1] as l0 RETURN n4 AS a1 , 1 AS a2 ;
