-- Time: 2024/04/18 14:36:19
-- Database: neo4j_database0
-- Database version: composite
-- seed value: 1713422179296
CREATE (n0 :L4{k27 : false, id : 0, k24 : 'QPQg', k23 : 'v', k26 : 1274302112, k25 : 'xv'});
CREATE (n0 :L3{k19 : false, k18 : -1034893466, k20 : 428440767, k22 : 888004591, id : 1, k21 : 'bCP'});
CREATE (n0 :L4{k27 : true, id : 2, k24 : 'Z', k23 : 'Yh', k26 : -45783705, k25 : 'B'});
CREATE (n0 :L3{k19 : false, k18 : -1198843788, k20 : 1942115031, k22 : 1095059218, id : 3, k21 : 'nT'});
MATCH (n0 {id : 1}), (n1 {id : 0}) MERGE(n0)-[r :T1{k39 : false, k40 : 86042635, id : 4, k35 : false, k34 : 254182615, k37 : 'NZWAhOgiZ', k36 : 'n'}]->(n1);
MATCH (n0 {id : 0}), (n1 {id : 0}) MERGE(n0)-[r :T1{k39 : true, k38 : true, k40 : -836357595, id : 5, k35 : true, k34 : -1006041892, k37 : 'nKV', k36 : 'r'}]->(n1);
MATCH (n0 {id : 0}), (n1 {id : 3}) MERGE(n0)-[r :T3{k49 : 'O', k51 : true, k50 : true, k52 : 'g', id : 6, k48 : 209368284}]->(n1);
MATCH (n0 {id : 1}), (n1 {id : 0}) MERGE(n0)-[r :T4{k53 : '5k8igJW9y', k55 : 515616532, id : 7, k54 : 'cS8Vnij', k57 : 'Q', k56 : 'L'}]->(n1);
MATCH (n0 {id : 0}), (n1 {id : 1}) MERGE(n0)-[r :T0{k28 : 810811427, k29 : -131967983, k31 : -1478109462, k30 : 'foC', k33 : 'Q', id : 8, k32 : 1224019597}]->(n1);
MATCH (n0 {id : 1}), (n1 {id : 1}) MERGE(n0)-[r :T0{k28 : 19863583, k29 : 176540596, k31 : -1978167558, k30 : 't', k33 : 'v', id : 9, k32 : -1773615220}]->(n1);
MERGE (n0{id:10})<-[r0 :T4{k56:'CZ', id:11}]-(n1{id:12})-[r1 :T1{id:13}]-(n2 :L4{id:14}) MERGE ({k27:(false AND true), id:15}) DETACH DELETE r0,n0  RETURN 1 AS a0;
MERGE ( n0 { id : 10 } ) < - [ r0 : T4 { k56 : 'CZ' , id : 11 } ] - ( n1 { id : reduce(a=12 ,b IN []|a) } ) - [ r1 : T1 { id : 13 } ] - ( n2 : L4 { id : 14 } ) WITH * MERGE ( { k27 : ( false AND true ) , id : 15 } ) DETACH DELETE r0 , n0 RETURN 1 AS a0 ;
MATCH (a) RETURN a;
MATCH (a) RETURN a;
MATCH (b)-[a]->(c) RETURN a;
MATCH (b)-[a]->(c) RETURN a;
MERGE ({id:16})-[r0 :T4{id:17}]->(n0{id:18})-[r1 :T1{k39:true, id:19}]-(n1 :L4{k26:2056438765, id:20}) MERGE ({id:21}) SET n0.k=reduce(a=substring((r0.k57), toIntegerOrNull(abs(COUNT{WITH [(r0.k55), (r0.k55)] AS a0 OPTIONAL MATCH ({k23:'Jja'}), () MATCH (n2)<-[]-(n3), p0=() WHERE true RETURN NULL AS a1})), toIntegerOrNull(abs((n1.k26)))),b IN ['i', (r0.k56)]|a) RETURN (n1.k25) AS a2, 1 AS a3;
MERGE ( { id : 16 } ) - [ r0 : T4 { id : CASE WHEN TRUE THEN 17 END } ] - > ( n0 { id : 18 } ) - [ r1 : T1 { k39 : true , id : 19 } ] - ( n1 : L4 { k26 : 2056438765 , id : 20 } ) WITH * UNWIND [NULL] as l0 MERGE ( { id : 21 } ) FOREACH(f in [1]|SET n0 . k = reduce ( a = substring ( ( reduce(a=r0 . k57 ,b IN []|a) ) , CASE WHEN FALSE THEN NULL ELSE toIntegerOrNull ( CASE WHEN TRUE THEN abs ( COUNT { WITH [ reduce(a=( r0 . k55 ) ,b IN []|a) , ( r0 . k55 ) ] AS a0 UNWIND 1 as l1 OPTIONAL MATCH ( { k23 : 'Jja' } ) ,( ) WHERE TRUE MATCH ( n2 ) < - [ ] - ( n3 ) ,p0 = ( ) WHERE true RETURN DISTINCT NULL AS a1 }) END ) END , toIntegerOrNull ( abs ( ( n1 . k26 ) ) ) ) , b IN [ 'i' , ( r0 . k56 ) ] | a ) ) WITH * UNWIND [1] as l2 RETURN ( n1 . k25 ) AS a2 , 1 AS a3 LIMIT 1 ;
MATCH (a) RETURN a;
MATCH (a) RETURN a;
MATCH (b)-[a]->(c) RETURN a;
MATCH (b)-[a]->(c) RETURN a;
OPTIONAL MATCH (n10), () UNWIND NULL AS a9 DETACH DELETE n10  RETURN a9 AS a10 UNION ALL MERGE ({k23:'q4s6XF1ov', id:32}) CREATE (n0{id:33}) CREATE ( :L4{id:34}), ({id:35}) RETURN 1 AS a10;
OPTIONAL MATCH ( n10 ) ,( ) UNWIND NULL AS a9 CREATE path0=()-[:T]->() DELETE (path0) DETACH DELETE n10 RETURN a9 AS a10 UNION ALL MERGE ( { k23 : CASE WHEN FALSE THEN NULL ELSE 'q4s6XF1ov' END , id : 32 } ) WITH * OPTIONAL MATCH ()-[:TYPE]-() CREATE ( n0 { id : reduce(a=33 ,b IN []|a) } ) WITH * UNWIND [1] as l0 CREATE ( : L4 { id : CASE WHEN FALSE THEN NULL ELSE 34 END } ) CREATE ( { id : 35 } ) WITH * RETURN 1 AS a10 ;
MATCH (a) RETURN a;
MATCH (a) RETURN a;
MATCH (b)-[a]->(c) RETURN a;
MATCH (b)-[a]->(c) RETURN a;
WITH NULL AS a0 WHERE NULL MATCH ({k23:reduce(a=NULL,b IN [type(relationships(NULL)[toIntegerOrNull(abs(-2138360469))]), 'd']|b)}) WHERE NULL CREATE ({id:36}), ({id:37}) RETURN 1 AS a1, 1 AS a2 ORDER BY a1;
WITH CASE WHEN FALSE THEN NULL ELSE NULL END AS a0 WHERE NULL WITH * MATCH ({k23:reduce(a=NULL,b IN [type(relationships(NULL)[toIntegerOrNull(abs(-2138360469))]), 'd']|b)}) WHERE reduce(a=NULL ,b IN []|a) WITH * CREATE ( { id : CASE WHEN FALSE THEN NULL ELSE 36 END } ) CREATE ( { id : 37 } ) RETURN 1 AS a1 , 1 AS a2 ORDER BY a1 SKIP 1 ;
MATCH (a) RETURN a;
MATCH (a) RETURN a;
MATCH (b)-[a]->(c) RETURN a;
MATCH (b)-[a]->(c) RETURN a;
FOREACH(a0 IN [true]|CREATE (n0{id:38})<-[ :T3{id:39}]-({id:40}) MERGE (n1{k18:1805311639, id:41})-[r0 :T1{k34:1239714244, id:42}]-({k26:-1661611691, id:43}) CREATE ( :L4{id:44})<-[ :T4{k53:NULL, id:45}]-( :L3{k18:NULL, id:46})-[r1 :T0{id:47}]->(n2{id:48})) MERGE ({k19:false, id:49})-[r2 :T0{k33:'3', id:50}]->( :L3{k22:1754239093, id:51})-[r3 :T4{k57:'Y', id:52}]-({id:53}) DETACH DELETE r3,r2  RETURN DISTINCT NULL AS a1;
FOREACH ( a0 IN [ true ] | CREATE ( n0 { id : 38 } ) < - [ : T3 { id : CASE WHEN FALSE THEN NULL ELSE 39 END } ] - ( { id : 40 } ) MERGE ( n1 { k18 : 1805311639 , id : 41 } ) - [ r0 : T1 { k34 : 1239714244 , id : 42 } ] - ( { k26 : -1661611691 , id : 43 } ) CREATE (m0: L4 { id : 44 } )CREATE (m0)< - [ : T4 { k53 : NULL , id : 45 } ] - ( : L3 { k18 : NULL , id : 46 } ) - [ r1 : T0 { id : 47 } ] - > ( n2 { id : 48 } ) CREATE (c0{id:-1}) DELETE (c0) ) WITH * MERGE ( { k19 : false , id : 49 } ) - [ r2 : T0 { k33 : '3' , id : reduce(a=50 ,b IN []|a) } ] - > ( : L3 { k22 : 1754239093 , id : 51 } ) - [ r3 : T4 { k57 : 'Y' , id : 52 } ] - ( { id : 53 } ) WITH * UNWIND [NULL] as l0 DETACH DELETE r3 , r2 WITH * OPTIONAL MATCH ()-[:TYPE]-() RETURN DISTINCT NULL AS a1 ;
MATCH (a) RETURN a;
MATCH (a) RETURN a;
MATCH (b)-[a]->(c) RETURN a;
MATCH (b)-[a]->(c) RETURN a;
CREATE p0=( :L4{id:54}) MERGE p1=(n0 :L4{k26:-102531816, id:55})-[r0 :T4{id:56}]-(n1{k21:'lU', id:57})-[r1 :T1{k34:-836550998, id:58}]-(n2 :L4{id:59}) MERGE ({id:60})-[r2 :T0{id:61}]-( :L3{k21:'ktG', id:62}) RETURN 1 AS a0;
CREATE p0 = ( : L4 { id : reduce(a=54 ,b IN []|a) } ) MERGE p1 = ( n0 : L4 { k26 : -102531816 , id : 55 } ) - [ r0 : T4 { id : 56 } ] - ( n1 { k21 : 'lU' , id : 57 } ) - [ r1 : T1 { k34 : -836550998 , id : 58 } ] - ( n2 : L4 { id : 59 } ) WITH * OPTIONAL MATCH ()-[:TYPE]-() MERGE ( { id : 60 } ) - [ r2 : T0 { id : 61 } ] - ( : L3 { k21 : 'ktG' , id : 62 } ) WITH * RETURN 1 AS a0 SKIP 1 ;
MATCH (a) RETURN a;
MATCH (a) RETURN a;
MATCH (b)-[a]->(c) RETURN a;
MATCH (b)-[a]->(c) RETURN a;
OPTIONAL MATCH (), () MATCH (n0), ( :L4)-[r0]-()-[]-(n1 :L3) SET n1.k=(n1.k21) RETURN (n1.k18) AS a0, (n1.k20) AS a1 SKIP 1;
OPTIONAL MATCH ( ) ,( ) WHERE TRUE MATCH ( n0 ) ,( : L4 ) - [ r0 ] - ( ) - [ ] - ( n1 : L3 ) DETACH DELETE NULL SET n1 . k = ( n1 . k21 ) WITH * UNWIND [NULL] as l0 RETURN ( n1 . k18 ) AS a0 , ( n1 . k20 ) AS a1 SKIP 1 ;
MATCH (a) RETURN a;
MATCH (a) RETURN a;
MATCH (b)-[a]->(c) RETURN a;
MATCH (b)-[a]->(c) RETURN a;
CREATE (n0{id:63})-[ :T0{k29:round(NULL, toIntegerOrNull(abs((COUNT{CALL{WITH * MATCH p0=(n1)-[]->() WHERE true OPTIONAL MATCH p1=()<-[*0..1]-(n2 :L3)-[r0 :T1{k37:'Z'}]-(n3 :L4), (n1)-[*0..]-(n1) RETURN 1 AS a0} UNWIND NULL AS a1 WITH CASE WHEN false THEN nodes(NULL)[toIntegerOrNull(abs(NULL))] END AS a2 WHERE NULL}-NULL)))), id:64}]->(n4{id:65}) MERGE ({id:66}) CREATE ({id:67})-[ :T0{id:68}]->(n5{id:69}), (n6{id:70})<-[ :T4{id:71}]-({id:72})<-[ :T0{id:73}]-(n7 :L4{k25:type(NULL), id:74}) RETURN -2024690886 AS a5 SKIP 0;
CREATE ( n0 { id : 63 } ) - [ : T0 { k29 : CASE WHEN TRUE THEN round ( NULL , toIntegerOrNull ( abs ( ( COUNT { CALL { WITH * MATCH p0 = ( n1 ) - [ ] - > ( ) WHERE true OPTIONAL MATCH p1 = ( ) < - [ * 0 .. 1 ] - ( n2 : L3 ) - [ r0 : T1 { k37 : 'Z' } ] - ( n3 : L4 ) ,( n1 ) - [ * 0 .. ] - ( n1 ) WITH * RETURN 1 AS a0 } UNWIND reduce(a=NULL ,b IN []|a) AS a1 WITH CASE WHEN false THEN nodes ( NULL ) [ CASE WHEN TRUE THEN toIntegerOrNull ( abs ( NULL ) ) END ] END AS a2 WHERE NULL }- NULL ) ) ) ) END , id : 64 } ] - > ( n4 { id : 65 } ) MERGE ( { id : 66 } ) WITH * OPTIONAL MATCH ()-[:TYPE]-() CREATE ( { id : 67 } ) - [ : T0 { id : 68 } ] - > ( n5 { id : 69 } ) CREATE ( n6 { id : 70 } ) < - [ : T4 { id : 71 } ] - ( { id : 72 } ) < - [ : T0 { id : 73 } ] - ( n7 : L4 { k25 : CASE WHEN FALSE THEN NULL ELSE type ( NULL ) END , id : 74 } ) CREATE path0=()-[:T]->() DELETE (path0) RETURN -2024690886 AS a5 SKIP 0 LIMIT 1 ;
MATCH (a) RETURN a;
MATCH (a) RETURN a;
MATCH (b)-[a]->(c) RETURN a;
MATCH (b)-[a]->(c) RETURN a;
FOREACH(a0 IN NULL|CREATE (n3{id:75})<-[ :T0{id:76}]-(n4{id:77})-[ :T1{id:78}]->({id:79}), ({id:80}) CREATE p0=(n5 :L4{id:81})-[r0 :T1{k40:444474797, id:82}]->({id:83})<-[ :T4{id:84}]-({id:85}) MERGE (n6 :L4{id:86})-[r1 :T0{id:87}]-({id:88})) MERGE ({id:89})-[r2 :T1{id:90}]->(n7{k27:isEmpty(reverse(toIntegerList([]))), id:91})-[r3 :T4{k54:'j', id:92}]-(n8 :L3{id:93}) CREATE ({id:94})-[r4 :T0{id:95}]->({id:96})-[ :T1{k40:(r3.k55), id:97}]->({k25:'R', id:98}), ({k22:COUNT{MATCH (n9)-[*0..1]->(n0)-[]-(n10), () OPTIONAL MATCH (n11)<-[r1]-(n12) MATCH (n13)-[r5]->(), (n9)-[]-(n0) WHERE ((substring('i4B', toIntegerOrNull(abs(1671182759)), toIntegerOrNull(abs(-1939480568)))+(r3.k54)) > 'T') RETURN 1 AS a1 SKIP 0}, id:99})<-[r6 :T3{k49:'0TEht4wDL', id:100}]-( :L4{id:101}) RETURN n8 AS a2, 1 AS a3;
FOREACH ( a0 IN NULL | CREATE ({id:79})<-[ : T1 { id : 78 } ] -(n4{id:77})-[ : T0 { id : 76 } ] ->( n3 { id : reduce(a=75 ,b IN []|a) } ) CREATE ( { id : CASE WHEN FALSE THEN NULL ELSE 80 END } ) SET (NULL).FALSE=1 CREATE p0 = ( n5 : L4 { id : 81 } ) - [ r0 : T1 { k40 : 444474797 , id : 82 } ] - > ( { id : CASE WHEN FALSE THEN NULL ELSE 83 END } ) < - [ : T4 { id : CASE WHEN FALSE THEN NULL ELSE 84 END } ] - ( { id : 85 } ) MERGE ( n6 : L4 { id : reduce(a=86 ,b IN []|a) } ) - [ r1 : T0 { id : 87 } ] - ( { id : CASE WHEN FALSE THEN NULL ELSE 88 END } ) ) MERGE ( { id : 89 } ) - [ r2 : T1 { id : CASE WHEN FALSE THEN NULL ELSE 90 END } ] - > ( n7 { k27 : isEmpty ( reverse ( toIntegerList ( [ ] ) ) ) , id : 91 } ) - [ r3 : T4 { k54 : reduce(a='j' ,b IN []|a) , id : 92 } ] - ( n8 : L3 { id : 93 } ) CREATE (c0{id:-1}) DELETE (c0) CREATE ( { id : 94 } ) - [ r4 : T0 { id : 95 } ] - > ( { id : 96 } ) - [ : T1 { k40 : ( r3 . k55 ) , id : CASE WHEN FALSE THEN NULL ELSE 97 END } ] - > ( { k25 : 'R' , id : 98 } ) CREATE (m0{ k22 : COUNT { MATCH (n9)-[*0..0]-( n9 ) - [ * 0 .. 1 ] - > ( n0 ) - [ ] - ( n10 ) ,()-[*0..0]-( ) WITH * OPTIONAL MATCH ( n11 ) < - [ r1 ] - ( n12 ) MATCH ( n13 ) - [ r5 ] - > ( ) ,( n9 ) - [ ] - ( n0 ) WHERE ( ( substring ( 'i4B' , toIntegerOrNull ( abs ( 1671182759 ) ) , reduce(a=toIntegerOrNull ( abs ( -1939480568 ) ) ,b IN []|a) ) + ( r3 . k54 ) ) > 'T' ) RETURN 1 AS a1 SKIP 0 }, id : 99 } )CREATE (m0)< - [ r6 : T3 { k49 : '0TEht4wDL' , id : reduce(a=100 ,b IN []|a) } ] - ( : L4 { id : 101 } ) WITH * UNWIND [NULL] as l0 RETURN DISTINCT n8 AS a2 , 1 AS a3 ;
MATCH (a) RETURN a;
MATCH (a) RETURN a;
MATCH (b)-[a]->(c) RETURN a;
MATCH (b)-[a]->(c) RETURN a;
CALL{WITH * UNWIND NULL AS a0 CREATE ({k25:('zM'+'Be91v47D'), id:102}), (n1{id:103}) RETURN a0 AS a1, 1 AS a2} MATCH (n2) MERGE ({id:104}) RETURN 1 AS a3, 1 AS a4;
CALL { WITH * UNWIND [NULL] as l0 UNWIND NULL AS a0 OPTIONAL MATCH ()-[:TYPE]-() CREATE ( { k25 : ( CASE WHEN TRUE THEN 'zM' + 'Be91v47D' END ) , id : 102 } ) CREATE ( n1 { id : 103 } ) RETURN reduce(a=a0 ,b IN []|a) AS a1 , reduce(a=1 ,b IN []|a) AS a2 ORDER BY NULL } WITH * MATCH ( n2 ) WITH * OPTIONAL MATCH ()-[:TYPE]-() MERGE ( { id : CASE WHEN FALSE THEN NULL ELSE 104 END } ) WITH * RETURN 1 AS a3 , 1 AS a4 ;
MATCH (a) RETURN a;
MATCH (a) RETURN a;
MATCH (b)-[a]->(c) RETURN a;
MATCH (b)-[a]->(c) RETURN a;
OPTIONAL MATCH () OPTIONAL MATCH (n0)-[r0]-(), (n1)-[r0]-(n0) MERGE ( :L3{id:105})-[r1 :T0{id:106}]-(n2 :L3{id:107})-[r2 :T4{id:108}]-({id:109}) RETURN *;
OPTIONAL MATCH ( ) OPTIONAL MATCH ( n0 ) - [ r0 ] - ( ) ,( n1 ) - [ r0 ] - ( n0 ) CREATE (c0{id:-1}) DELETE (c0) MERGE ( : L3 { id : 105 } ) - [ r1 : T0 { id : 106 } ] - ( n2 : L3 { id : 107 } ) - [ r2 : T4 { id : 108 } ] - ( { id : reduce(a=109 ,b IN []|a) } ) RETURN * ;
MATCH (a) RETURN a;
MATCH (a) RETURN a;
MATCH (b)-[a]->(c) RETURN a;
MATCH (b)-[a]->(c) RETURN a;
OPTIONAL MATCH (n0)<-[r0]-()-[r1]->() WHERE (-1116511057 <= NULL) CREATE p0=({id:110})<-[ :T1{id:111}]-({id:112})-[ :T4{id:113}]->( :L4{id:114}) MERGE ({id:115}) RETURN 1 AS a0, n0 AS a1;
OPTIONAL MATCH ( n0 ) < - [ r0 ] - ( ) - [ r1 ] - > ( ) WHERE ( -1116511057 <= NULL ) CREATE p0 = ( { id : 110 } ) < - [ : T1 { id : reduce(a=111 ,b IN []|a) } ] - ( { id : CASE WHEN TRUE THEN 112 END } ) - [ : T4 { id : 113 } ] - > ( : L4 { id : 114 } ) WITH * OPTIONAL MATCH ()-[:TYPE]-() MERGE ( { id : reduce(a=115 ,b IN []|a) } ) CREATE (c0{id:-1}) DELETE (c0) RETURN 1 AS a0 , reduce(a=n0 ,b IN []|a) AS a1 ;
MATCH (a) RETURN a;
MATCH (a) RETURN a;
MATCH (b)-[a]->(c) RETURN a;
MATCH (b)-[a]->(c) RETURN a;
FOREACH(a2 IN [NULL, NULL]|MERGE ({k25:'dB', id:116})-[r0 :T4{id:117}]-(n1 :L3{id:118})-[r1 :T1{k35:false, id:119}]->( :L4{k24:'j', id:120}) CREATE ({k25:NULL, id:121}), (n2{id:122})<-[ :T4{id:123}]-(n3{k18:NULL, id:124})-[ :T1{id:125}]->({id:126}) CREATE ({id:127}), ( :L3{id:128})) CREATE (n4 :L3{id:129}), ({id:130}) CREATE ({id:131})<-[r2 :T0{id:132}]-({id:133}), ({k18:NULL, id:134}) RETURN 1 AS a3, NULL AS a4;
FOREACH ( a2 IN [ NULL , reduce(a=NULL ,b IN []|a) ] | MERGE ( { k25 : 'dB' , id : 116 } ) - [ r0 : T4 { id : 117 } ] - ( n1 : L3 { id : reduce(a=118 ,b IN []|a) } ) - [ r1 : T1 { k35 : false , id : 119 } ] - > ( : L4 { k24 : 'j' , id : 120 } ) CREATE ( { k25 : NULL , id : 121 } ) CREATE ( n2 { id : CASE WHEN FALSE THEN NULL ELSE 122 END } ) < - [ : T4 { id : 123 } ] - ( n3 { k18 : NULL , id : CASE WHEN TRUE THEN 124 END } ) - [ : T1 { id : 125 } ] - > ( { id : 126 } ) CREATE ( { id : reduce(a=127 ,b IN []|a) } ) CREATE ( : L3 { id : 128 } ) CREATE (c0{id:-1}) DELETE (c0) ) WITH * CREATE ( n4 : L3 { id : 129 } ) CREATE ( { id : CASE WHEN TRUE THEN 130 END } ) WITH * OPTIONAL MATCH ()-[:TYPE]-() CREATE ( { id : 131 } ) < - [ r2 : T0 { id : 132 } ] - ( { id : 133 } ) CREATE ( { k18 : NULL , id : CASE WHEN TRUE THEN 134 END } ) DELETE NULL RETURN 1 AS a3 , NULL AS a4 LIMIT 1 ;
MATCH (a) RETURN a;
MATCH (a) RETURN a;
MATCH (b)-[a]->(c) RETURN a;
MATCH (b)-[a]->(c) RETURN a;
MERGE ({id:135})-[r0 :T0{k29:-651256507, id:136}]->({id:137}) CREATE (n0 :L4{id:138})<-[r1 :T1{id:139}]-(n1{k19:(-2046030310 > ((r0.k32)-(r0.k31))), id:140})<-[ :T0{id:141}]-({id:142}), ({id:143})-[ :T0{id:144}]->({id:145})-[r2 :T4{id:146}]->({k24:'I1w', id:147}) DETACH DELETE r0  RETURN NULL AS a0;
MERGE ( { id : 135 } ) - [ r0 : T0 { k29 : -651256507 , id : 136 } ] - > ( { id : 137 } ) WITH * CREATE ( n0 : L4 { id : 138 } ) < - [ r1 : T1 { id : 139 } ] - ( n1 { k19 : CASE WHEN FALSE THEN NULL ELSE ( CASE WHEN FALSE THEN NULL ELSE -2046030310 > ( reduce(a=( r0 . k32 ) - ( r0 . k31 ) ,b IN []|a) ) END ) END , id : 140 } ) < - [ : T0 { id : 141 } ] - ( { id : reduce(a=142 ,b IN []|a) } ) CREATE ( { id : CASE WHEN TRUE THEN 143 END } ) - [ : T0 { id : 144 } ] - > ( { id : 145 } ) - [ r2 : T4 { id : 146 } ] - > ( { k24 : 'I1w' , id : 147 } ) DETACH DELETE r0 WITH * RETURN NULL AS a0 ;
MATCH (a) RETURN a;
MATCH (a) RETURN a;
MATCH (b)-[a]->(c) RETURN a;
MATCH (b)-[a]->(c) RETURN a;
FOREACH(a0 IN [NULL, {k1: NULL, k2: NULL}]|MERGE (n3{k20:-120333633, id:148})-[ :T3{id:149}]-( :L4{id:150})-[ :T0{id:151}]-({id:152}) CREATE ({id:153})-[ :T0{id:154}]->(n4 :L3{id:155})-[ :T1{id:156}]->({id:157}), ( :L4{k23:type(relationships(NULL)[toIntegerOrNull(abs(toIntegerList([])[toIntegerOrNull(abs(729456666))]))]), id:158})<-[ :T1{id:159}]-(n6{k22:-1328382064, id:160}) CREATE (n7 :L4{k25:NULL, id:161})<-[ :T4{id:162}]-(n8{k22:-615351234, id:163}), p1=(n9 :L4{id:164})<-[ :T4{k55:CASE WHEN false THEN NULL END, id:165}]-(n10{k22:size(keys(properties(NULL))), id:166})-[r3 :T1{id:167}]->({id:168})) CREATE (n11 :L4{id:169}) MERGE (n12{id:170}) RETURN 1 AS a11;
FOREACH ( a0 IN [ NULL , { k1 : NULL , k2 : NULL } ] | MERGE ( n3 { k20 : -120333633 , id : 148 } ) - [ : T3 { id : 149 } ] - ( : L4 { id : reduce(a=150 ,b IN []|a) } ) - [ : T0 { id : 151 } ] - ( { id : 152 } ) CREATE ({id:157})<-[ : T1 { id : 156 } ] -(n4 :L3{id:155})<-[ : T0 { id : 154 } ] -( { id : 153 } ) CREATE (n6{k22:-1328382064, id:160})-[ : T1 { id : 159 } ] ->( : L4 { k23 : CASE WHEN FALSE THEN NULL ELSE type ( relationships ( NULL ) [ toIntegerOrNull ( reduce(a=abs ( toIntegerList ( [ ] ) [ toIntegerOrNull ( abs ( 729456666 ) ) ] ) ,b IN []|a) ) ] ) END , id : 158 } ) CREATE ( n7 : L4 { k25 : CASE WHEN FALSE THEN NULL ELSE NULL END , id : reduce(a=161 ,b IN []|a) } ) < - [ : T4 { id : 162 } ] - ( n8 { k22 : -615351234 , id : 163 } ) CREATE p1 = ( n9 : L4 { id : 164 } ) < - [ : T4 { k55 : CASE WHEN false THEN NULL END , id : 165 } ] - ( n10 { k22 : size ( reduce(a=keys ( properties ( NULL ) ) ,b IN []|a) ) , id : 166 } ) - [ r3 : T1 { id : CASE WHEN TRUE THEN 167 END } ] - > ( { id : CASE WHEN TRUE THEN 168 END } ) REMOVE (NULL).TRUE ) CREATE ( n11 : L4 { id : 169 } ) SET (NULL).k=1 MERGE ( n12 { id : 170 } ) CREATE (c0{id:-1}) DELETE (c0) RETURN 1 AS a11 ;
MATCH (a) RETURN a;
MATCH (a) RETURN a;
MATCH (b)-[a]->(c) RETURN a;
MATCH (b)-[a]->(c) RETURN a;
MERGE p0=({id:171}) CREATE ({id:172}), ({id:173})-[ :T1{id:174}]->(n1{id:175}) MERGE ( :L3{k19:true, id:176})-[r1 :T1{k37:'7', id:177}]->(n2 :L4{k24:'w', id:178}) RETURN (n2.k23) AS a1, NULL AS a2;
MERGE p0 = ( { id : CASE WHEN FALSE THEN NULL ELSE 171 END } ) SET (NULL).FALSE=1 CREATE ( { id : 172 } ) CREATE ( { id : 173 } ) - [ : T1 { id : CASE WHEN TRUE THEN 174 END } ] - > ( n1 { id : CASE WHEN TRUE THEN 175 END } ) SET (NULL).NULL=1 MERGE ( : L3 { k19 : true , id : reduce(a=176 ,b IN []|a) } ) - [ r1 : T1 { k37 : '7' , id : CASE WHEN TRUE THEN 177 END } ] - > ( n2 : L4 { k24 : 'w' , id : 178 } ) WITH * RETURN ( n2 . k23 ) AS a1 , NULL AS a2 ;
MATCH (a) RETURN a;
MATCH (a) RETURN a;
MATCH (b)-[a]->(c) RETURN a;
MATCH (b)-[a]->(c) RETURN a;
CREATE ({id:179})-[r1 :T0{id:180}]->({k19:exists(()-[{k39:false}]-( :L4{k27:NULL})-[]->( :L3)), id:181})-[ :T4{id:182}]->( :L4{id:183}), ( :L3{k18:(NULL*399453483), id:184})-[ :T4{id:185}]->(n7{k26:NULL, id:186})-[ :T0{k32:(COUNT{WITH * UNWIND [NULL, NULL] AS a3 WITH NULL AS a4}+NULL), id:187}]->(n8 :L3{id:188}) CREATE ({id:189})-[ :T1{id:190}]->(n9 :L4{id:191}) CREATE (n10{id:192})-[r3 :T0{id:193}]->(n11{id:194})<-[ :T0{id:195}]-( :L4{id:196}), ({id:197})-[r4 :T0{k33:('Mu3dn'+('TGV'+'hn')), id:198}]->({id:199})<-[ :T0{id:200}]-(n12{id:201}) RETURN DISTINCT 1 AS a5, NULL AS a6;
CREATE ( :L4{id:183})<-[ : T4 { id : 182 } ] -({k19:exists(()-[{k39:false}]-( :L4{k27:NULL})-[]->( :L3)), id:181})<-[ r1 : T0 { id : 180 } ] -( { id : reduce(a=179 ,b IN []|a) } ) CREATE (m0: L3 { k18 : ( NULL * 399453483 ) , id : 184 } )CREATE (m0)- [ : T4 { id : 185 } ] - > ( n7 { k26 : NULL , id : 186 } ) - [ : T0 { k32 : ( COUNT { WITH * UNWIND reduce(a=[ reduce(a=NULL ,b IN []|a) , NULL ] ,b IN []|a) AS a3 OPTIONAL MATCH ()-[:TYPE]-() WITH NULL AS a4 }+ NULL ) , id : 187 } ] - > ( n8 : L3 { id : 188 } ) WITH * OPTIONAL MATCH ()-[:TYPE]-() CREATE ( { id : 189 } ) - [ : T1 { id : 190 } ] - > ( n9 : L4 { id : 191 } ) REMOVE (NULL).FALSE CREATE ( :L4{id:196})-[ : T0 { id : 195 } ] ->(n11{id:194})<-[ r3 : T0 { id : 193 } ] -( n10 { id : 192 } ) CREATE (m1{ id : 197 } )CREATE (m1)- [ r4 : T0 { k33 : ( 'Mu3dn' + ( 'TGV' + 'hn' ) ) , id : 198 } ] - > ( { id : CASE WHEN TRUE THEN 199 END } ) < - [ : T0 { id : 200 } ] - ( n12 { id : reduce(a=201 ,b IN []|a) } ) WITH * UNWIND 1 as l0 RETURN DISTINCT 1 AS a5 , NULL AS a6 ;
MATCH (a) RETURN a;
MATCH (a) RETURN a;
MATCH (b)-[a]->(c) RETURN a;
MATCH (b)-[a]->(c) RETURN a;
CALL{WITH * OPTIONAL MATCH ({k23:'h5S4'})-[r0 :T1{k38:EXISTS{WITH substring(reverse(NULL), toIntegerOrNull(abs(round((315227049+1969084309)))), toIntegerOrNull(abs(NULL))) AS a0 MATCH (n2{k24:'XH'})-[r2]-({k25:reduce(a=toStringOrNull(NULL),b IN [NULL]|a)}), (n3) UNWIND NULL AS a1}}]-(n2) MERGE p0=(n4{id:202})-[r4 :T0{id:203}]-({id:204})-[r5 :T0{id:205}]-({id:206}) RETURN (r0.k40) AS a2, toIntegerList([reverse('c')]) AS a3} MERGE p1=( :L3{id:207})-[r6 :T1{id:208}]-(n5{k23:'pz0P6GM', id:209}) SET n5.k=(r6.k39) RETURN p1 AS a4, n5 AS a5;
CALL { WITH * OPTIONAL MATCH ( { k23 : 'h5S4' } ) - [ r0 : T1 { k38 : EXISTS { WITH substring ( reverse ( NULL ) , toIntegerOrNull ( abs ( CASE WHEN FALSE THEN NULL ELSE round ( ( CASE WHEN TRUE THEN 315227049 + 1969084309 END ) ) END ) ) , toIntegerOrNull ( abs ( NULL ) ) ) AS a0 OPTIONAL MATCH ()-[:TYPE]-() MATCH ( n2 { k24 : ('XH' +'') } ) - [ r2 ] - ( { k25 : reduce ( a = (toStringOrNull ( NULL ) +'') , b IN [ NULL ] | a ) } ) ,( n3 ) UNWIND [NULL] as l0 UNWIND NULL AS a1 }} ] - ( n2 ) MERGE p0 = ( n4 { id : 202 } ) - [ r4 : T0 { id : 203 } ] - ( { id : 204 } ) - [ r5 : T0 { id : 205 } ] - ( { id : 206 } ) SET (NULL).TRUE=1 RETURN ( r0 . k40 ) AS a2 , reduce(a=toIntegerList ( CASE WHEN FALSE THEN NULL ELSE [ reverse ( 'c' ) ] END ) ,b IN []|a) AS a3 } OPTIONAL MATCH ()-[:TYPE]-() MERGE p1 = ( : L3 { id : 207 } ) - [ r6 : T1 { id : 208 } ] - ( n5 { k23 : 'pz0P6GM' , id : 209 } ) SET n5 . k = ( r6 . k39 ) RETURN p1 AS a4 , n5 AS a5 ;
MATCH (a) RETURN a;
MATCH (a) RETURN a;
MATCH (b)-[a]->(c) RETURN a;
MATCH (b)-[a]->(c) RETURN a;
OPTIONAL MATCH ()-[ :T1{k35:false}]-(n0)-[]-() UNWIND NULL AS a0 SET n0.k=NULL RETURN n0 AS a1, n0 AS a2;
OPTIONAL MATCH ( ) - [ : T1 { k35 : reduce(a=false ,b IN []|a) } ] - ( n0 ) - [ ] - ( ) WITH * UNWIND NULL AS a0 FOREACH(f in [1]|SET n0 . k = NULL ) WITH * UNWIND [1] as l0 RETURN CASE WHEN TRUE THEN n0 END AS a1 , reduce(a=n0 ,b IN []|a) AS a2 ;
MATCH (a) RETURN a;
MATCH (a) RETURN a;
MATCH (b)-[a]->(c) RETURN a;
MATCH (b)-[a]->(c) RETURN a;
MATCH (n0), (n0) SET n0.k='wK' DETACH DELETE n0  RETURN reduce(a=NULL,b IN [toStringList(NULL)[toIntegerOrNull(abs(NULL))], reverse('yK')]|a) AS a0 UNION MATCH (n0)-[ :T4{k57:NULL}]-(), p0=(n1) DETACH DELETE n1  SET n0.k=NULL RETURN 1 AS a0;
MATCH (n0)-[*0..0]-( n0 ) ,( n0 ) OPTIONAL MATCH ()-[:TYPE]-() SET n0 . k = 'wK' DETACH DELETE n0 WITH * UNWIND [1] as l0 RETURN reduce ( a = NULL , b IN [ toStringList ( CASE WHEN FALSE THEN NULL ELSE NULL END ) [ toIntegerOrNull ( abs ( NULL ) ) ] , CASE WHEN TRUE THEN reverse ( 'yK' ) END ] | a ) AS a0 LIMIT 1 UNION MATCH ( n0 ) - [ : T4 { k57 : NULL } ] - ( ) ,p0 = ( n1 ) DELETE NULL DETACH DELETE n1 SET (NULL).FALSE=1 SET n0 . k = CASE WHEN FALSE THEN NULL ELSE NULL END SET (NULL).FALSE=1 RETURN 1 AS a0 LIMIT 1 ;
MATCH (a) RETURN a;
MATCH (a) RETURN a;
MATCH (b)-[a]->(c) RETURN a;
MATCH (b)-[a]->(c) RETURN a;
OPTIONAL MATCH (n0)-[r0 :T1{k35:('A' < ('aeMjmSd'+'pxD9y49y'))}]-(), (n1) SET n0.k=NULL CREATE (n2 :L3{k21:'i', id:210}), ({id:211})-[ :T1{id:212}]->(n3 :L4{k23:'qcA', id:213})<-[r1 :T1{id:214}]-({k20:COUNT{MATCH p0=( :L4{k25:CASE WHEN false THEN (r0.k36) END})-[r0]-()-[*0..1]->() WHERE false MATCH ()-[r2 :T4{k55:(r0.k40)}]->(n0)-[]-() MATCH p1=()}, id:215}) RETURN n0 AS a0, n0 AS a1 LIMIT 0;
OPTIONAL MATCH ( n0 ) - [ r0 : T1 { k35 : ( 'A' < ( 'aeMjmSd' + 'pxD9y49y' ) ) } ] - ( ) ,( n1 ) SET n0 . k = NULL WITH * OPTIONAL MATCH ()-[:TYPE]-() CREATE ( n2 : L3 { k21 : CASE WHEN FALSE THEN NULL ELSE 'i' END , id : 210 } ) CREATE ( { id : reduce(a=211 ,b IN []|a) } ) - [ : T1 { id : 212 } ] - > ( n3 : L4 { k23 : CASE WHEN FALSE THEN NULL ELSE 'qcA' END , id : CASE WHEN TRUE THEN 213 END } ) < - [ r1 : T1 { id : 214 } ] - ( { k20 : COUNT { MATCH p0 = ( : L4 { k25 : CASE WHEN FALSE THEN NULL ELSE CASE WHEN false THEN ( r0 . k36 ) END END } ) - [ r0 ] - ( ) - [ * 0 .. 1 ] - > ( ) WHERE false MATCH ()-[*0..0]-( ) - [ r2 : T4 { k55 : ( r0 . k40 ) } ] - > ( n0 ) - [ ] - ( ) UNWIND [NULL] as l0 MATCH p1 = ( ) WITH * }, id : 215 } ) DELETE (NULL) RETURN n0 AS a0 , n0 AS a1 LIMIT 0 ;
MATCH (a) RETURN a;
MATCH (a) RETURN a;
MATCH (b)-[a]->(c) RETURN a;
MATCH (b)-[a]->(c) RETURN a;
UNWIND [NULL, NULL] AS a0 MERGE ({id:216}) MERGE (n0 :L3{id:217})<-[r0 :T0{id:218}]-(n1 :L4{id:219}) RETURN r0 AS a1;
UNWIND [ CASE WHEN TRUE THEN NULL END , NULL ] AS a0 MERGE ( { id : 216 } ) DELETE (NULL) MERGE ( n0 : L3 { id : reduce(a=217 ,b IN []|a) } ) < - [ r0 : T0 { id : 218 } ] - ( n1 : L4 { id : 219 } ) RETURN DISTINCT r0 AS a1 ;
MATCH (a) RETURN a;
MATCH (a) RETURN a;
MATCH (b)-[a]->(c) RETURN a;
MATCH (b)-[a]->(c) RETURN a;
CALL{WITH * MATCH p0=(n0)-[]-(), ( :L3)-[*0..1]-(n5)-[r3 :T4{k53:NULL}]->() REMOVE n5.k2 RETURN NULL AS a4, 1 AS a5 LIMIT 0} CREATE (n6{id:220}), (n7{id:221})<-[ :T0{k29:COUNT{CALL{WITH * OPTIONAL MATCH (n1)-[r4]-( :L4{k25:toStringOrNull(reverse(NULL))})-[]-(n0), (n0) UNWIND NULL AS a6 RETURN *, 1 AS a7} OPTIONAL MATCH (n8 :L3)-[r3]->(), ({k18:a5}) WHERE NULL WITH * WHERE false RETURN 1 AS a8 SKIP 1}, id:222}]-(n9{id:223}) CREATE (n10{k22:a5, id:224})-[r5 :T0{k29:-1944451504, id:225}]->({k22:size([CASE WHEN true THEN [] END]), id:226})-[ :T4{id:227}]->({id:228}), (n12{id:229})-[r6 :T0{id:230}]->( :L3{id:231}) RETURN 1 AS a9, 1 AS a10;
CALL { WITH * DELETE (NULL) WITH * MATCH p0 = ( n0 ) - [ ] - ( ) ,( : L3 ) - [ * 0 .. 1 ] - ( n5 ) - [ r3 : T4 { k53 : NULL } ] - > ( ) WITH * REMOVE n5 . k2 RETURN NULL AS a4 , 1 AS a5 LIMIT CASE WHEN FALSE THEN NULL ELSE 0 END } CREATE ( n6 { id : CASE WHEN TRUE THEN 220 END } ) CREATE ( n7 { id : 221 } ) < - [ : T0 { k29 : COUNT { CALL { WITH * UNWIND 1 as l0 OPTIONAL MATCH ( n1 ) - [ r4 ] - ( : L4 { k25 : reduce(a=toStringOrNull ( reverse ( NULL ) ) ,b IN []|a) } ) - [ ] - ( n0 ) ,( n0 ) WHERE TRUE OPTIONAL MATCH ()-[:TYPE]-() UNWIND CASE WHEN FALSE THEN NULL ELSE NULL END AS a6 OPTIONAL MATCH ()-[:TYPE]-() RETURN DISTINCT * , CASE WHEN FALSE THEN NULL ELSE 1 END AS a7 } WITH * OPTIONAL MATCH ( n8 : L3 ) - [ r3 ] - > ( ) ,( { k18 : a5 } ) WHERE NULL WITH * WITH * WHERE false RETURN DISTINCT 1 AS a8 SKIP 1 }, id : 222 } ] - ( n9 { id : reduce(a=223 ,b IN []|a) } ) CREATE ( n10 { k22 : a5 , id : 224 } ) - [ r5 : T0 { k29 : -1944451504 , id : 225 } ] - > ( { k22 : size ( CASE WHEN FALSE THEN NULL ELSE [ CASE WHEN FALSE THEN NULL ELSE CASE WHEN true THEN [ ] END END ] END ) , id : 226 } ) - [ : T4 { id : 227 } ] - > ( { id : 228 } ) CREATE ( n12 { id : 229 } ) - [ r6 : T0 { id : reduce(a=230 ,b IN []|a) } ] - > ( : L3 { id : reduce(a=231 ,b IN []|a) } ) WITH * OPTIONAL MATCH ()-[:TYPE]-() RETURN 1 AS a9 , 1 AS a10 LIMIT 1 ;
MATCH (a) RETURN a;
MATCH (a) RETURN a;
MATCH (b)-[a]->(c) RETURN a;
MATCH (b)-[a]->(c) RETURN a;
WITH * SKIP 0 LIMIT 0 WHERE ((reverse(NULL) CONTAINS toStringList(NULL)[toIntegerOrNull(abs(NULL))]) OR true) OPTIONAL MATCH ( :L3)-[r0]-()-[r1 :T1{k34:COUNT{UNWIND [x IN [[length(NULL), NULL], NULL] WHERE true|NULL] AS a0 WITH r0 MATCH p0=(n0)}}]-(n1) DETACH DELETE n1  RETURN r0 AS a1, 1 AS a2;
WITH * SKIP 0 LIMIT reduce(a=0 ,b IN []|a) WHERE reduce(a=( ( reverse ( NULL ) CONTAINS toStringList ( NULL ) [ toIntegerOrNull ( abs ( NULL ) ) ] ) OR true ) ,b IN []|a) OPTIONAL MATCH ( : L3 ) - [ r0 ] - ( ) - [ r1 : T1 { k34 : COUNT { UNWIND [ x IN [ [ length ( NULL ) , NULL ] , CASE WHEN FALSE THEN NULL ELSE NULL END ] WHERE CASE WHEN FALSE THEN NULL ELSE true END | NULL ] AS a0 OPTIONAL MATCH ()-[:TYPE]-() WITH r0 OPTIONAL MATCH ()-[:TYPE]-() MATCH p0 = ( n0 ) WHERE TRUE }} ] - ( n1 ) WHERE TRUE WITH * DETACH DELETE n1 RETURN r0 AS a1 , CASE WHEN FALSE THEN NULL ELSE 1 END AS a2 ;
MATCH (a) RETURN a;
MATCH (a) RETURN a;
MATCH (b)-[a]->(c) RETURN a;
MATCH (b)-[a]->(c) RETURN a;
FOREACH(a0 IN NULL|MERGE ({id:232}) CREATE (n0{id:233})-[r0 :T0{id:234}]->({id:235})-[r1 :T0{id:236}]->({id:237}), p0=(n1 :L3{id:238})-[ :T4{id:239}]->({id:240})-[ :T1{id:241}]->(n2{k26:CASE WHEN true THEN ((-364252262*NULL)/217400990) END, id:242}) CREATE (n3 :L3{k18:-424734572, id:243})) MERGE p1=(n4{id:244})-[r2 :T0{id:245}]->( :L3{id:246}) SET n4.k=EXISTS{UNWIND NULL AS a1 UNWIND NULL AS a2 UNWIND [NULL] AS a3} RETURN 1 AS a4, n4 AS a5;
FOREACH ( a0 IN NULL | MERGE pp0=( { id : 232 } ) REMOVE (NULL).NULL CREATE ( n0 { id : 233 } ) - [ r0 : T0 { id : 234 } ] - > ( { id : 235 } ) - [ r1 : T0 { id : reduce(a=236 ,b IN []|a) } ] - > ( { id : 237 } ) CREATE p0 = ( n1 : L3 { id : 238 } ) - [ : T4 { id : 239 } ] - > ( { id : 240 } ) - [ : T1 { id : 241 } ] - > ( n2 { k26 : CASE WHEN reduce(a=true ,b IN []|a) THEN reduce(a=( ( -364252262 * NULL ) / 217400990 ) ,b IN []|a) END , id : reduce(a=242 ,b IN []|a) } ) CREATE (c0{id:-1}) DELETE (c0) CREATE ( n3 : L3 { k18 : -424734572 , id : 243 } ) ) CREATE (c1{id:-1}) DELETE (c1) MERGE p1 = ( n4 { id : 244 } ) - [ r2 : T0 { id : reduce(a=245 ,b IN []|a) } ] - > ( : L3 { id : 246 } ) SET n4 . k = EXISTS { UNWIND NULL AS a1 UNWIND NULL AS a2 UNWIND [ NULL ] AS a3 OPTIONAL MATCH ()-[:TYPE]-() }RETURN 1 AS a4 , CASE WHEN FALSE THEN NULL ELSE n4 END AS a5 ;
MATCH (a) RETURN a;
MATCH (a) RETURN a;
MATCH (b)-[a]->(c) RETURN a;
MATCH (b)-[a]->(c) RETURN a;
CREATE (n0{id:247})<-[ :T1{id:248}]-(n1{k21:elementId(NULL), id:249}), ( :L3{id:250}) MERGE ({id:251})<-[ :T1{k39:true, id:252}]-(n2{id:253}) MERGE (n3 :L3{id:254})-[r1 :T3{k52:reverse(reverse('hTTFI0')), id:255}]-({id:256})-[r2 :T1{id:257}]->(n4{id:258}) RETURN 1 AS a2, n4 AS a3 LIMIT 1;
CREATE (n1{k21:elementId(NULL), id:249})-[ : T1 { id : reduce(a=248 ,b IN []|a) } ] ->( n0 { id : 247 } ) CREATE ( : L3 { id : reduce(a=250 ,b IN []|a) } ) WITH * MERGE ( { id : CASE WHEN TRUE THEN 251 END } ) < - [ : T1 { k39 : true , id : 252 } ] - ( n2 { id : 253 } ) MERGE pp0=( n3 : L3 { id : reduce(a=254 ,b IN []|a) } ) - [ r1 : T3 { k52 : reverse ( reduce(a=reverse ( 'hTTFI0' ) ,b IN []|a) ) , id : CASE WHEN FALSE THEN NULL ELSE 255 END } ] - ( { id : 256 } ) - [ r2 : T1 { id : 257 } ] - > ( n4 { id : 258 } ) SET (NULL).FALSE=1 RETURN 1 AS a2 , n4 AS a3 LIMIT 1 ;
MATCH (a) RETURN a;
MATCH (a) RETURN a;
MATCH (b)-[a]->(c) RETURN a;
MATCH (b)-[a]->(c) RETURN a;
CREATE (n1 :L4{id:259}), ({id:260}) CREATE (n2 :L4{k23:'h', id:261}) CREATE ({id:262}) RETURN 1 AS a0 UNION ALL OPTIONAL MATCH () WHERE false UNWIND NULL AS a0 CREATE (n0 :L4{id:263}) RETURN 1 AS a0 ORDER BY relationships(NULL)[toIntegerOrNull(abs((round(-22752219, toIntegerOrNull(abs(972304811)))*NULL)))];
CREATE ( n1 : L4 { id : 259 } ) CREATE ( { id : 260 } ) CREATE ( n2 : L4 { k23 : 'h' , id : 261 } ) CREATE ( { id : 262 } ) WITH * RETURN 1 AS a0 UNION ALL OPTIONAL MATCH ()-[*0..0]-( ) WHERE false REMOVE (NULL).TRUE WITH * UNWIND NULL AS a0 CREATE ( n0 : L4 { id : reduce(a=263 ,b IN []|a) } ) SET (NULL).k=1 RETURN 1 AS a0 ORDER BY relationships(NULL)[toIntegerOrNull(abs((round(-22752219, toIntegerOrNull(abs(972304811)))*NULL)))] ;
MATCH (a) RETURN a;
MATCH (a) RETURN a;
MATCH (b)-[a]->(c) RETURN a;
MATCH (b)-[a]->(c) RETURN a;
CALL{WITH * CREATE (n0{id:264})-[r0 :T1{id:265}]->({id:266})<-[r1 :T4{k54:'e', id:267}]-({k22:356434010, id:268}), ( :L4{k23:NULL, id:269}) MERGE p0=({id:270})-[r2 :T0{k30:'HX', id:271}]-({k23:'yMX5pK', id:272}) RETURN p0 AS a0, 1 AS a1} CREATE ({k22:a1, id:273}) DETACH DELETE a0  RETURN 1 AS a2, 1 AS a3;
CALL { WITH * UNWIND 1 as l0 CREATE ( n0 { id : 264 } ) - [ r0 : T1 { id : 265 } ] - > ( { id : 266 } ) < - [ r1 : T4 { k54 : 'e' , id : 267 } ] - ( { k22 : 356434010 , id : 268 } ) CREATE ( : L4 { k23 : CASE WHEN FALSE THEN NULL ELSE NULL END , id : reduce(a=269 ,b IN []|a) } ) MERGE p0 = ( { id : 270 } ) - [ r2 : T0 { k30 : 'HX' , id : 271 } ] - ( { k23 : 'yMX5pK' , id : 272 } ) RETURN p0 AS a0 , CASE WHEN FALSE THEN NULL ELSE 1 END AS a1 } UNWIND [1] as l1 CREATE ( { k22 : a1 , id : 273 } ) FOREACH(f in [1]|DETACH DELETE a0 ) WITH * RETURN 1 AS a2 , reduce(a=1 ,b IN []|a) AS a3 ;
MATCH (a) RETURN a;
MATCH (a) RETURN a;
MATCH (b)-[a]->(c) RETURN a;
MATCH (b)-[a]->(c) RETURN a;
UNWIND NULL AS a0 MERGE ({k23:'Ut', id:274}) MERGE ({id:275}) RETURN ['zyfI2'] AS a1, 1 AS a2;
UNWIND reduce(a=NULL ,b IN []|a) AS a0 OPTIONAL MATCH ()-[:TYPE]-() MERGE pp0=( { k23 : CASE WHEN FALSE THEN NULL ELSE (''+'Ut' )END , id : 274 } ) WITH * UNWIND [1] as l0 MERGE ( { id : 275 } ) RETURN [ 'zyfI2' ] AS a1 , 1 AS a2 LIMIT 1 ;
MATCH (a) RETURN a;
MATCH (a) RETURN a;
MATCH (b)-[a]->(c) RETURN a;
MATCH (b)-[a]->(c) RETURN a;
UNWIND [[NULL, NULL]] AS a0 MATCH (n0)-[*0..1]->(n1) WHERE ('DID' <= 'Q') CREATE ({id:276}), (n2{id:277}) RETURN a0 AS a1 UNION OPTIONAL MATCH (n2) CREATE (n3{k22:NULL, id:278})-[r0 :T1{k40:reduce(a=NULL,b IN [(-1147627669+-800261826)]|a), id:279}]->(n4 :L4{id:280}) SET n2.k=NULL RETURN n2 AS a1;
UNWIND reduce(a=[ [ CASE WHEN FALSE THEN NULL ELSE NULL END , NULL ] ] ,b IN []|a) AS a0 WITH * MATCH ( n0 ) - [ * 0 .. 1 ] - > ( n1 ) WHERE CASE WHEN TRUE THEN ( CASE WHEN FALSE THEN NULL ELSE (''+'DID' )<= 'Q' END ) END CREATE ( { id : CASE WHEN FALSE THEN NULL ELSE 276 END } ) CREATE ( n2 { id : 277 } ) RETURN a0 AS a1 UNION OPTIONAL MATCH (n2)-[*0..0]-( n2 ) DELETE (NULL) CREATE ( n3 { k22 : CASE WHEN TRUE THEN NULL END , id : 278 } ) - [ r0 : T1 { k40 : reduce ( a = NULL , b IN [ ( -1147627669 + -800261826 ) ] | a ) , id : 279 } ] - > ( n4 : L4 { id : CASE WHEN FALSE THEN NULL ELSE 280 END } ) WITH * SET n2 . k = NULL WITH * UNWIND 1 as l0 RETURN n2 AS a1 ;
MATCH (a) RETURN a;
MATCH (a) RETURN a;
MATCH (b)-[a]->(c) RETURN a;
MATCH (b)-[a]->(c) RETURN a;
MERGE ({id:281}) CREATE (n0 :L3{k20:COUNT{CALL{WITH * WITH 'bvd' AS a0 MATCH p0=( :L4{k26:-488386354}), ()<-[r0 :T0{k30:a0}]-() RETURN 1 AS a1, p0 AS a2 ORDER BY [a0, (r0.k30)], a2} UNWIND NULL AS a3 WITH * LIMIT 0 WHERE reduce(a=isEmpty(NULL),b IN [NULL, (1822565704 <= (NULL-132999360))]|a)}, id:282})<-[r2 :T0{id:283}]-({id:284}) CREATE (n1 :L3{id:285}), (n2{id:286})-[ :T0{id:287}]->( :L3{k20:CASE WHEN NULL THEN -323768797 END, id:288}) RETURN 1 AS a4, 1 AS a5 ORDER BY a4, a5;
MERGE ( { id : 281 } ) WITH * OPTIONAL MATCH ()-[:TYPE]-() CREATE ( n0 : L3 { k20 : COUNT { CALL { WITH * WITH * WITH 'bvd' AS a0 MATCH p0 = ()-[*0..0]-( : L4 { k26 : CASE WHEN FALSE THEN NULL ELSE -488386354 END } ) ,( ) < - [ r0 : T0 { k30 : a0 } ] - ( ) WITH * RETURN 1 AS a1 , p0 AS a2 ORDER BY [a0, (r0.k30)], a2 DESC } WITH * UNWIND NULL AS a3 WITH * LIMIT 0 WHERE reduce ( a = isEmpty ( NULL ) , b IN [ reduce(a=NULL ,b IN []|a) , ( 1822565704 <= ( NULL -132999360 ) ) ] | a ) }, id : 282 } ) < - [ r2 : T0 { id : 283 } ] - ( { id : 284 } ) CREATE ( n1 : L3 { id : 285 } ) CREATE (n2{ id : 286 } )CREATE (n2)- [ : T0 { id : reduce(a=287 ,b IN []|a) } ] - > ( : L3 { k20 : reduce(a=CASE WHEN CASE WHEN FALSE THEN NULL ELSE NULL END THEN CASE WHEN TRUE THEN -323768797 END END ,b IN []|a) , id : CASE WHEN TRUE THEN 288 END } ) DELETE NULL RETURN 1 AS a4 , 1 AS a5 ORDER BY a4, a5 SKIP 1 ;
MATCH (a) RETURN a;
MATCH (a) RETURN a;
MATCH (b)-[a]->(c) RETURN a;
MATCH (b)-[a]->(c) RETURN a;
MERGE (n0{id:289})-[r0 :T4{id:290}]-(n1{id:291})<-[r1 :T0{k31:-741384070, id:292}]-(n2{id:293}) SET n1.k=-321238198 CREATE (n3{k27:EXISTS{OPTIONAL MATCH (n1)-[r2]->(), ()-[]-() WHERE false MATCH (n0), ()-[r2]->(n4)-[r3]-() WHERE ('S' STARTS WITH 'krATLq') MATCH (n0), ({k26:(r1.k29)})<-[r0]-(n1)-[r1]-(n0)}, id:294})-[r4 :T0{id:295}]->( :L3{k21:'AX', id:296}), ( :L3{id:297})-[ :T1{id:298}]->( :L4{id:299}) RETURN *;
MERGE ( n0 { id : 289 } ) - [ r0 : T4 { id : reduce(a=290 ,b IN []|a) } ] - ( n1 { id : 291 } ) < - [ r1 : T0 { k31 : -741384070 , id : 292 } ] - ( n2 { id : reduce(a=293 ,b IN []|a) } ) WITH * UNWIND [NULL] as l0 SET n1 . k = reduce(a=-321238198 ,b IN []|a) CREATE (n3{ k27 : (COUNT{OPTIONAL MATCH (n1)-[r2]->(), ()-[]-() WHERE false MATCH (n0), ()-[r2]->(n4)-[r3]-() WHERE ('S' STARTS WITH 'krATLq') MATCH (n0), ({k26:(r1.k29)})<-[r0]-(n1)-[r1]-(n0)}>0) , id : 294 } )CREATE (n3)- [ r4 : T0 { id : 295 } ] - > ( : L3 { k21 : 'AX' , id : 296 } ) CREATE ( :L4{id:299})<-[ : T1 { id : 298 } ] -( : L3 { id : 297 } ) RETURN * ORDER BY TRUE ;
MATCH (a) RETURN a;
MATCH (a) RETURN a;
MATCH (b)-[a]->(c) RETURN a;
MATCH (b)-[a]->(c) RETURN a;
FOREACH(a0 IN NULL|MERGE (n0{k25:'9', id:300}) MERGE (n1{id:301}) MERGE ({id:302})) CREATE (n2{id:303})-[ :T4{id:304}]->({k24:toStringOrNull('Vd'), id:305})<-[ :T1{id:306}]-(n6 :L3{id:307}), (n7 :L3{id:308}) MERGE ({k19:false, id:309}) RETURN CASE WHEN ((toIntegerOrNull(true) < COUNT{WITH * SKIP 0 OPTIONAL MATCH (n0), (n0) OPTIONAL MATCH p0=(), () RETURN 1 AS a1, 1 AS a2}) AND (1486323400 <= NULL)) THEN NULL END AS a3;
FOREACH ( a0 IN NULL | MERGE ( n0 { k25 : '9' , id : 300 } ) MERGE ( n1 { id : 301 } ) DELETE NULL MERGE ( { id : 302 } ) ) WITH * UNWIND 1 as l0 CREATE ( n2 { id : 303 } ) - [ : T4 { id : CASE WHEN FALSE THEN NULL ELSE 304 END } ] - > ( { k24 : toStringOrNull ( 'Vd' ) , id : 305 } ) < - [ : T1 { id : 306 } ] - ( n6 : L3 { id : 307 } ) CREATE ( n7 : L3 { id : reduce(a=308 ,b IN []|a) } ) WITH * UNWIND [1] as l1 MERGE ( { k19 : false , id : 309 } ) RETURN reduce(a=CASE WHEN reduce(a=( CASE WHEN FALSE THEN NULL ELSE ( CASE WHEN TRUE THEN toIntegerOrNull ( true ) < COUNT { WITH * SKIP 0 OPTIONAL MATCH ( n0 ) ,( n0 ) OPTIONAL MATCH p0 = ( ) ,( ) RETURN 1 AS a1 , 1 AS a2 }END ) AND ( 1486323400 <= NULL ) END ) ,b IN []|a) THEN NULL END ,b IN []|a) AS a3 ;
