-- Time: 2024/04/18 14:38:58
-- Database: neo4j_database1
-- Database version: composite
-- seed value: 1713422179298
CREATE (n0 :L4{k28 : -707721494, k27 : 'HN0', k22 : 691679374, id : 0, k24 : -677828750, k23 : -790886619, k26 : 381054776, k25 : false});
CREATE (n0 :L2{k16 : -610801427, k11 : 'WDzJ4OP', id : 1, k13 : 'w', k12 : 'D', k15 : 878926080, k14 : -1521710846});
CREATE (n0 :L5{k29 : false, k31 : 'iP', k30 : 'OblZ', k33 : -1010522410, id : 2});
CREATE (n0 :L3{k17 : 1618212021, k19 : false, k18 : -1860553687, k20 : true, id : 3, k21 : -1737518629});
MATCH (n0 {id : 2}), (n1 {id : 2}) MERGE(n0)-[r :T6{k80 : -343211316, k82 : 1530186774, k81 : 'nfZvI', k83 : 'd', id : 4, k79 : false}]->(n1);
MATCH (n0 {id : 3}), (n1 {id : 3}) MERGE(n0)-[r :T4{k71 : '7', k70 : 'mq39', k72 : false, id : 5, k68 : false, k69 : true}]->(n1);
WITH * MERGE ({id:6}) CREATE p0=({id:7}) RETURN 1 AS a0, 1 AS a1;
WITH * OPTIONAL MATCH ()-[:TYPE]-() MERGE ( { id : CASE WHEN TRUE THEN 6 END } ) CREATE p0 = ( { id : 7 } ) REMOVE (NULL).NULL RETURN 1 AS a0 , 1 AS a1 ;
MATCH (a) RETURN a;
MATCH (a) RETURN a;
MATCH (b)-[a]->(c) RETURN a;
MATCH (b)-[a]->(c) RETURN a;
OPTIONAL MATCH (n0)-[]->(), (n1 :L5) WHERE false MERGE (n2 :L5{k33:-1292536166, id:8})<-[r0 :T4{k72:true, id:9}]-({k33:1335377247, id:10}) MERGE (n3{id:11})-[r1 :T4{id:12}]-({id:13}) RETURN DISTINCT n3 AS a0, (n2.k31) AS a1;
OPTIONAL MATCH ( n0 ) - [ ] - > ( ) ,(n1)-[*0..0]-( n1 : L5 ) WHERE false OPTIONAL MATCH ()-[:TYPE]-() MERGE ( n2 : L5 { k33 : -1292536166 , id : 8 } ) < - [ r0 : T4 { k72 : true , id : 9 } ] - ( { k33 : CASE WHEN FALSE THEN NULL ELSE 1335377247 END , id : 10 } ) WITH * OPTIONAL MATCH ()-[:TYPE]-() MERGE ( n3 { id : 11 } ) - [ r1 : T4 { id : 12 } ] - ( { id : 13 } ) WITH * OPTIONAL MATCH ()-[:TYPE]-() RETURN DISTINCT reduce(a=n3 ,b IN []|a) AS a0 , ( n2 . k31 ) AS a1 ORDER BY TRUE DESC ;
MATCH (a) RETURN a;
MATCH (a) RETURN a;
MATCH (b)-[a]->(c) RETURN a;
MATCH (b)-[a]->(c) RETURN a;
CREATE ( :L2{k16:(1444594618*reduce(a=NULL,b IN [-1063258058, NULL]|a)), id:18}) CREATE ({k16:round(NULL), id:19}) MERGE ({id:20}) RETURN -1677197732 AS a5 LIMIT 1;
CREATE ( : L2 { k16 : ( 1444594618 * reduce ( a = CASE WHEN FALSE THEN NULL ELSE NULL END , b IN [ -1063258058 , reduce(a=NULL ,b IN []|a) ] | CASE WHEN TRUE THEN a END ) ) , id : reduce(a=18 ,b IN []|a) } ) DETACH DELETE NULL CREATE ( { k16 : round ( NULL ) , id : 19 } ) SET (NULL).NULL=1 MERGE ( { id : 20 } ) WITH * UNWIND [1] as l0 RETURN -1677197732 AS a5 ORDER BY FALSE LIMIT 1 ;
MATCH (a) RETURN a;
MATCH (a) RETURN a;
MATCH (b)-[a]->(c) RETURN a;
MATCH (b)-[a]->(c) RETURN a;
UNWIND NULL AS a0 OPTIONAL MATCH (n0)<-[*0..1]-(n1) WHERE NULL SET n1.k=COUNT{UNWIND [false, ('QAq' CONTAINS (toStringList([])[toIntegerOrNull(abs(-1917613596))]+(('Dm'+'O')+'Woze8')))] AS a1 UNWIND [CASE WHEN (NULL <= NULL) THEN (false AND ('u' <= 'LPNa')) END] AS a2 UNWIND [(n2 :L2)-[]-() WHERE (n2.k10)|toBooleanOrNull(reverse('Z'))] AS a3} RETURN DISTINCT *, n0 AS a4;
UNWIND CASE WHEN FALSE THEN NULL ELSE NULL END AS a0 OPTIONAL MATCH ( n0 ) < - [ * 0 .. 1 ] - ( n1 ) WHERE NULL WITH * SET n1 . k = COUNT { UNWIND [ false , ( 'QAq' CONTAINS ( toStringList ( reduce(a=[ ] ,b IN []|a) ) [ CASE WHEN FALSE THEN NULL ELSE toIntegerOrNull ( abs ( -1917613596 ) ) END ] + ( CASE WHEN TRUE THEN ( CASE WHEN TRUE THEN 'Dm' + 'O' END ) + 'Woze8' END ) ) ) ] AS a1 UNWIND [ CASE WHEN ( NULL <= NULL ) THEN ( false AND ( 'u' <= 'LPNa' ) ) END ] AS a2 UNWIND [NULL] as l0 UNWIND [ ( n2 : L2 ) - [ ] - ( ) WHERE ( n2 . k10 ) | TRUE AND toBooleanOrNull ( reverse ( 'Z' ) ) ] AS a3 }WITH * UNWIND 1 as l1 RETURN DISTINCT * , n0 AS a4 ;
MATCH (a) RETURN a;
MATCH (a) RETURN a;
MATCH (b)-[a]->(c) RETURN a;
MATCH (b)-[a]->(c) RETURN a;
CALL{WITH * MERGE p0=(n2{id:21})-[ :T4{id:22}]->(n3{id:23}) REMOVE n2.k2 RETURN n2 AS a5 SKIP 1 LIMIT 0} MATCH () WHERE ('e' STARTS WITH (NULL+'eWR')) CREATE ( :L3{id:24}) RETURN 1 AS a6 SKIP 0;
CALL { WITH * CREATE path0=()-[:T]->() DELETE (path0) MERGE p0 = ( n2 { id : CASE WHEN TRUE THEN 21 END } ) - [ : T4 { id : 22 } ] - > ( n3 { id : 23 } ) DETACH DELETE (NULL) REMOVE n2 . k2 RETURN n2 AS a5 SKIP reduce(a=1 ,b IN []|a) LIMIT 0 } CREATE path1=()-[:T]->() DELETE (path1) WITH * MATCH ( ) WHERE CASE WHEN FALSE THEN NULL ELSE ( 'e' STARTS WITH ( NULL + (''+'eWR' )) ) END UNWIND [1] as l0 CREATE ( : L3 { id : 24 } ) RETURN 1 AS a6 SKIP 0 ;
MATCH (a) RETURN a;
MATCH (a) RETURN a;
MATCH (b)-[a]->(c) RETURN a;
MATCH (b)-[a]->(c) RETURN a;
MATCH (n0) WHERE NULL MERGE ({k12:'zk', id:25}) CREATE ( :L3{k17:NULL, id:26})-[ :T4{id:27}]->(n1{k18:(-1032691872-COUNT{OPTIONAL MATCH ({k23:NULL}) WITH [n0, n0] AS a0 UNWIND NULL AS a1 RETURN n0 AS a2}), id:28}), (n2 :L2{k14:NULL, id:29}) RETURN n0 AS a3, n0 AS a4;
MATCH ( n0 ) WHERE NULL WITH * MERGE ( { k12 : 'zk' , id : 25 } ) WITH * UNWIND [NULL] as l0 CREATE ( : L3 { k17 : NULL , id : 26 } ) - [ : T4 { id : 27 } ] - > ( n1 { k18 : CASE WHEN TRUE THEN ( -1032691872 - COUNT { OPTIONAL MATCH ( { k23 : NULL } ) WITH ([ n0 , n0 ] +[]) AS a0 UNWIND NULL AS a1 RETURN n0 AS a2 }) END , id : 28 } ) CREATE ( n2 : L2 { k14 : NULL , id : 29 } ) RETURN n0 AS a3 , n0 AS a4 LIMIT 1 ;
MATCH (a) RETURN a;
MATCH (a) RETURN a;
MATCH (b)-[a]->(c) RETURN a;
MATCH (b)-[a]->(c) RETURN a;
UNWIND [CASE WHEN NULL THEN 'f' END] AS a0 MATCH (), ({k14:NULL}) MERGE (n0 :L2{id:30}) RETURN 1 AS a1;
UNWIND reduce(a=[ CASE WHEN TRUE THEN CASE WHEN NULL THEN 'f' END END ] ,b IN []|a) AS a0 SET (NULL).FALSE=1 WITH * MATCH ( ) ,( { k14 : NULL } ) UNWIND [NULL] as l0 MERGE pp0=( n0 : L2 { id : reduce(a=30 ,b IN []|a) } ) RETURN reduce(a=1 ,b IN []|a) AS a1 LIMIT 1 ;
MATCH (a) RETURN a;
MATCH (a) RETURN a;
MATCH (b)-[a]->(c) RETURN a;
MATCH (b)-[a]->(c) RETURN a;
MERGE ( :L2{id:31}) MERGE (n0 :L4{id:32}) MERGE ({id:33}) RETURN *, 1 AS a0 LIMIT 0;
MERGE ( : L2 { id : 31 } ) WITH * OPTIONAL MATCH ()-[:TYPE]-() MERGE ( n0 : L4 { id : 32 } ) WITH * OPTIONAL MATCH ()-[:TYPE]-() MERGE ( { id : reduce(a=33 ,b IN []|a) } ) DETACH DELETE NULL RETURN * , 1 AS a0 ORDER BY 1 LIMIT CASE WHEN FALSE THEN NULL ELSE 0 END ;
MATCH (a) RETURN a;
MATCH (a) RETURN a;
MATCH (b)-[a]->(c) RETURN a;
MATCH (b)-[a]->(c) RETURN a;
CREATE ({k12:NULL, id:34}), ( :L2{k11:NULL, id:35}) CREATE ({id:36}) CREATE (n0{id:37})<-[r0 :T4{id:38}]-(n1{id:39}), ( :L2{id:40}) RETURN 1 AS a0;
CREATE ( { k12 : NULL , id : 34 } ) CREATE ( : L2 { k11 : NULL , id : 35 } ) WITH * CREATE ( { id : CASE WHEN FALSE THEN NULL ELSE 36 END } ) DELETE NULL CREATE (n1{id:39})-[ r0 : T4 { id : 38 } ] ->( n0 { id : 37 } ) CREATE ( : L2 { id : 40 } ) WITH * RETURN 1 AS a0 ;
MATCH (a) RETURN a;
MATCH (a) RETURN a;
MATCH (b)-[a]->(c) RETURN a;
MATCH (b)-[a]->(c) RETURN a;
WITH DISTINCT *, reduce(a=false,b IN [NULL]|b) AS a0 OPTIONAL MATCH (n0), p0=() WHERE NULL SET n0.k=1248397291 RETURN n0 AS a1 ORDER BY a1;
WITH DISTINCT * , reduce ( a = false , b IN [ CASE WHEN TRUE THEN NULL END ] | reduce(a=b ,b IN []|a) ) AS a0 OPTIONAL MATCH ( n0 ) ,p0 = ( ) WHERE NULL SET n0 . k = 1248397291 RETURN DISTINCT reduce(a=n0 ,b IN []|a) AS a1 ORDER BY a1 ;
MATCH (a) RETURN a;
MATCH (a) RETURN a;
MATCH (b)-[a]->(c) RETURN a;
MATCH (b)-[a]->(c) RETURN a;
CALL{WITH * WITH * ORDER BY CASE WHEN (NULL OR NULL) THEN NULL END DESC CREATE (n0 :L2{id:41}), ( :L2{id:42}) RETURN NULL AS a2, 1 AS a3} CREATE ({k14:((a3/1473708677)*-523917397), id:43}), p0=(n1{id:44})-[r0 :T4{k71:'UQi74T', id:45}]->({id:46}) MERGE (n2{id:47}) RETURN 2008469595 AS a4;
CALL { WITH * CREATE (c0{id:-1}) DELETE (c0) WITH * ORDER BY CASE WHEN FALSE THEN NULL ELSE CASE WHEN ( NULL OR NULL ) THEN NULL END END DESC OPTIONAL MATCH ()-[:TYPE]-() CREATE ( n0 : L2 { id : 41 } ) CREATE ( : L2 { id : 42 } ) REMOVE (NULL).NULL RETURN NULL AS a2 , 1 AS a3 } CREATE ( { k14 : reduce(a=( CASE WHEN TRUE THEN ( a3 / 1473708677 ) * -523917397 END ) ,b IN []|a) , id : CASE WHEN FALSE THEN NULL ELSE 43 END } ) CREATE p0 = ( n1 { id : 44 } ) - [ r0 : T4 { k71 : 'UQi74T' , id : CASE WHEN FALSE THEN NULL ELSE 45 END } ] - > ( { id : 46 } ) MERGE ( n2 { id : 47 } ) RETURN 2008469595 AS a4 ;
MATCH (a) RETURN a;
MATCH (a) RETURN a;
MATCH (b)-[a]->(c) RETURN a;
MATCH (b)-[a]->(c) RETURN a;
CREATE (n0 :L3{id:48})<-[r0 :T6{id:49}]-({id:50}), (n1 :L3{id:51})<-[ :T6{id:52}]-({id:53}) CREATE ({k17:((size(CASE WHEN true THEN [] END)-toIntegerList(NULL)[toIntegerOrNull(abs(COUNT{OPTIONAL MATCH (n2) WITH toStringList(toStringList(toStringList([])))[toIntegerOrNull(abs(-2122490502))] AS a0 MATCH (n3)}))])+1302109971), id:54})<-[r1 :T6{id:55}]-({id:56}) CREATE (n4{id:57}), (n5{id:58}) RETURN 1 AS a1 ORDER BY endNode(NULL), a1 DESC LIMIT 1;
CREATE ( n0 : L3 { id : reduce(a=48 ,b IN []|a) } ) < - [ r0 : T6 { id : 49 } ] - ( { id : 50 } ) CREATE ( n1 : L3 { id : 51 } ) < - [ : T6 { id : CASE WHEN FALSE THEN NULL ELSE 52 END } ] - ( { id : 53 } ) REMOVE (NULL).FALSE CREATE ( { k17 : reduce(a=( ( size ( reduce(a=CASE WHEN true THEN [ ] END ,b IN []|a) ) - toIntegerList ( NULL ) [ CASE WHEN FALSE THEN NULL ELSE toIntegerOrNull ( CASE WHEN FALSE THEN NULL ELSE abs ( COUNT { OPTIONAL MATCH ( n2 ) WITH toStringList ( toStringList ( toStringList ( [ ] ) ) ) [ toIntegerOrNull ( abs ( -2122490502 ) ) ] AS a0 OPTIONAL MATCH ()-[:TYPE]-() MATCH (n3)-[*0..0]-( n3 ) WITH * }) END ) END ] ) + 1302109971 ) ,b IN []|a) , id : 54 } ) < - [ r1 : T6 { id : 55 } ] - ( { id : reduce(a=56 ,b IN []|a) } ) REMOVE (NULL).FALSE CREATE ( n4 { id : reduce(a=57 ,b IN []|a) } ) CREATE ( n5 { id : CASE WHEN FALSE THEN NULL ELSE 58 END } ) RETURN 1 AS a1 ORDER BY endNode(NULL), a1 DESC ,NULL LIMIT 1 ;
MATCH (a) RETURN a;
MATCH (a) RETURN a;
MATCH (b)-[a]->(c) RETURN a;
MATCH (b)-[a]->(c) RETURN a;
CALL{WITH * FOREACH(a3 IN [substring(NULL, toIntegerOrNull(abs(-1038965611)), toIntegerOrNull(abs(NULL)))]|CREATE p1=({id:59}) MERGE (n2{id:60})-[r0 :T6{id:61}]->(n3{id:62}) CREATE p2=( :L4{id:63})) WITH * ORDER BY NULL DESC WHERE exists(( :L4)-[]-()) RETURN 1 AS a4, 1 AS a5} MERGE (n4{id:64})-[ :T6{k80:1307242166, id:65}]-( :L5{id:66}) DETACH DELETE n4,NULL  RETURN 1 AS a6;
CALL { WITH * FOREACH ( a3 IN reduce(a=([ substring ( NULL , toIntegerOrNull ( abs ( -1038965611 ) ) , toIntegerOrNull ( abs ( NULL ) ) ) ] +[]) ,b IN []|a) | CREATE p1 = ( { id : 59 } ) MERGE ( n2 { id : 60 } ) - [ r0 : T6 { id : 61 } ] - > ( n3 { id : 62 } ) REMOVE (NULL).FALSE CREATE p2 = ( : L4 { id : 63 } ) ) WITH * ORDER BY reduce(a=NULL ,b IN []|a) DESC WHERE exists ( ( : L4 ) - [ ] - ( ) ) RETURN 1 AS a4 , CASE WHEN TRUE THEN 1 END AS a5 } OPTIONAL MATCH ()-[:TYPE]-() MERGE ( n4 { id : 64 } ) - [ : T6 { k80 : 1307242166 , id : 65 } ] - ( : L5 { id : 66 } ) WITH * DETACH DELETE n4 , NULL RETURN 1 AS a6 ;
MATCH (a) RETURN a;
MATCH (a) RETURN a;
MATCH (b)-[a]->(c) RETURN a;
MATCH (b)-[a]->(c) RETURN a;
UNWIND [round(COUNT{OPTIONAL MATCH (n0) WHERE NULL WITH DISTINCT * WITH * WHERE isEmpty(NULL) RETURN NULL AS a0})] AS a3 MATCH (n1)-[]-(n4), (n5)-[]-(n1) SET n1.k=2123416737 RETURN 1 AS a4 ORDER BY a4 DESC SKIP 0;
UNWIND CASE WHEN FALSE THEN NULL ELSE [ round ( COUNT { OPTIONAL MATCH ( n0 ) WHERE NULL OPTIONAL MATCH ()-[:TYPE]-() WITH DISTINCT * UNWIND [1] as l0 WITH * WHERE reduce(a=isEmpty ( reduce(a=NULL ,b IN []|a) ) ,b IN []|a) RETURN NULL AS a0 }) ] END AS a3 UNWIND 1 as l1 MATCH ( n1 ) - [ ] - ( n4 ) ,( n5 ) - [ ] - ( n1 ) OPTIONAL MATCH ()-[:TYPE]-() SET n1 . k = 2123416737 DETACH DELETE (NULL) RETURN 1 AS a4 ORDER BY a4 DESC SKIP 0 LIMIT 1 ;
MATCH (a) RETURN a;
MATCH (a) RETURN a;
MATCH (b)-[a]->(c) RETURN a;
MATCH (b)-[a]->(c) RETURN a;
CREATE p1=(n0{k14:COUNT{OPTIONAL MATCH (n1) UNWIND keys(NULL) AS a0 OPTIONAL MATCH (n1), p0=(n1) RETURN 1 AS a1, 1 AS a2}, id:67}), (n2 :L2{id:68}) MERGE (n3 :L2{k15:221403358, id:69}) CREATE ({id:70}) RETURN 1 AS a3, (n3.k15) AS a4;
CREATE p1 = ( n0 { k14 : COUNT { OPTIONAL MATCH ( n1 ) UNWIND keys ( NULL ) AS a0 OPTIONAL MATCH ( n1 ) ,p0 = ( n1 ) OPTIONAL MATCH ()-[:TYPE]-() RETURN 1 AS a1 , reduce(a=1 ,b IN []|a) AS a2 }, id : 67 } ) CREATE ( n2 : L2 { id : 68 } ) DELETE (NULL) MERGE ( n3 : L2 { k15 : 221403358 , id : 69 } ) SET (NULL).TRUE=1 CREATE ( { id : 70 } ) WITH * RETURN 1 AS a3 , ( CASE WHEN TRUE THEN n3 . k15 END ) AS a4 ORDER BY 1 ;
MATCH (a) RETURN a;
MATCH (a) RETURN a;
MATCH (b)-[a]->(c) RETURN a;
MATCH (b)-[a]->(c) RETURN a;
CREATE ({k24:NULL, id:71}), (n0{id:72}) MERGE ({id:73}) MERGE ({id:74}) RETURN -525116229 AS a0, 1 AS a1;
CREATE ( { k24 : NULL , id : 71 } ) CREATE ( n0 { id : 72 } ) WITH * OPTIONAL MATCH ()-[:TYPE]-() MERGE ( { id : 73 } ) WITH * UNWIND [NULL] as l0 MERGE ( { id : 74 } ) WITH * RETURN -525116229 AS a0 , CASE WHEN TRUE THEN 1 END AS a1 ;
MATCH (a) RETURN a;
MATCH (a) RETURN a;
MATCH (b)-[a]->(c) RETURN a;
MATCH (b)-[a]->(c) RETURN a;
MERGE p0=({id:75})-[r0 :T4{k70:'unl', id:76}]-(n0{id:77}) DETACH DELETE n0,p0  MERGE (n1 :L3{k17:1244305814, id:78})-[ :T4{id:79}]-(n2{id:80}) RETURN n2 AS a0, 1 AS a1;
MERGE p0 = ( { id : 75 } ) - [ r0 : T4 { k70 : 'unl' , id : 76 } ] - ( n0 { id : 77 } ) DETACH DELETE n0 , p0 WITH * OPTIONAL MATCH ()-[:TYPE]-() MERGE ( n1 : L3 { k17 : 1244305814 , id : 78 } ) - [ : T4 { id : 79 } ] - ( n2 { id : 80 } ) CREATE path0=()-[:T]->() DELETE (path0) RETURN reduce(a=n2 ,b IN []|a) AS a0 , CASE WHEN TRUE THEN 1 END AS a1 ;
MATCH (a) RETURN a;
MATCH (a) RETURN a;
MATCH (b)-[a]->(c) RETURN a;
MATCH (b)-[a]->(c) RETURN a;
UNWIND [EXISTS{CALL{WITH * WITH toBooleanOrNull(['jyCB']) AS a0 OPTIONAL MATCH ({k33:NULL}), ()<-[r0]-() WHERE (NULL STARTS WITH reverse('83X8Bsd')) RETURN 1 AS a1, 1 AS a2} UNWIND relationships(NULL) AS a3 WITH 'VW' AS a4}, isEmpty([NULL])] AS a5 MERGE (n0{id:81}) CREATE (n1{k33:NULL, id:82})<-[ :T4{id:83}]-(n2{id:84}) RETURN 1 AS a6;
UNWIND ([]+[ CASE WHEN FALSE THEN NULL ELSE FALSE OR EXISTS { CALL { WITH * WITH reduce(a=toBooleanOrNull ( [ ('jyCB' +'') ] ) ,b IN []|a) AS a0 OPTIONAL MATCH ()-[:TYPE]-() OPTIONAL MATCH ( { k33 : CASE WHEN FALSE THEN NULL ELSE NULL END } ) ,( ) < - [ r0 ] - ( ) WHERE ( NULL STARTS WITH reverse ( '83X8Bsd' ) ) RETURN CASE WHEN TRUE THEN 1 END AS a1 , reduce(a=1 ,b IN []|a) AS a2 LIMIT 1 } UNWIND [1] as l0 UNWIND relationships ( NULL ) AS a3 WITH 'VW' AS a4 }END , CASE WHEN TRUE THEN isEmpty ( ([ NULL ] +[]) ) OR FALSE END ] )AS a5 UNWIND [NULL] as l1 MERGE ( n0 { id : 81 } ) CREATE ( n1 { k33 : NULL , id : reduce(a=82 ,b IN []|a) } ) < - [ : T4 { id : 83 } ] - ( n2 { id : 84 } ) CREATE path0=()-[:T]->() DELETE (path0) RETURN 1 AS a6 ;
MATCH (a) RETURN a;
MATCH (a) RETURN a;
MATCH (b)-[a]->(c) RETURN a;
MATCH (b)-[a]->(c) RETURN a;
UNWIND [NULL] AS a0 UNWIND relationships(NULL) AS a1 MERGE (n0{id:85}) RETURN n0 AS a2;
UNWIND [ NULL ] AS a0 OPTIONAL MATCH ()-[:TYPE]-() UNWIND relationships ( NULL ) AS a1 CREATE (c0{id:-1}) DELETE (c0) MERGE ( n0 { id : 85 } ) RETURN n0 AS a2 ;
MATCH (a) RETURN a;
MATCH (a) RETURN a;
MATCH (b)-[a]->(c) RETURN a;
MATCH (b)-[a]->(c) RETURN a;
WITH NULL AS a0 SKIP 1 UNWIND relationships(NULL) AS a1 MERGE ( :L3{id:86}) RETURN 1 AS a2;
WITH NULL AS a0 SKIP reduce(a=1 ,b IN []|a) CREATE (c0{id:-1}) DELETE (c0) WITH * UNWIND relationships ( CASE WHEN TRUE THEN NULL END ) AS a1 MERGE ( : L3 { id : 86 } ) RETURN CASE WHEN TRUE THEN 1 END AS a2 ;
MATCH (a) RETURN a;
MATCH (a) RETURN a;
MATCH (b)-[a]->(c) RETURN a;
MATCH (b)-[a]->(c) RETURN a;
CREATE ( :L4{k22:((COUNT{MATCH () MATCH (n4), (n4) WHERE false OPTIONAL MATCH ()-[]-({k18:NULL}) WHERE true RETURN 1 AS a5, 1 AS a6}-NULL)*(2033960289*COUNT{MATCH ( :L4{k22:CASE WHEN isEmpty('4mTJng') THEN NULL END}), (n0)-[]->(n0) OPTIONAL MATCH (n0)-[]-(), (n5) UNWIND reduce(a=NULL,b IN [NULL]|a) AS a7 RETURN 1 AS a8, 1 AS a9})), id:87}), ({id:88}) MERGE ( :L3{id:89})-[ :T4{k68:false, id:90}]-(n6 :L3{id:91}) DETACH DELETE n6,NULL  RETURN 1 AS a10 UNION MATCH ( :L5{k30:((NULL+NULL)+'lfd')})-[r0]-(), () CREATE ({id:92}) CREATE (n0{id:93})<-[r1 :T4{k69:true, id:94}]-(n1 :L5{k33:NULL, id:95}), ({k31:NULL, id:96})-[r2 :T6{k80:NULL, id:97}]->(n2{id:98}) RETURN 1 AS a10 ORDER BY a10;
CREATE ( : L4 { k22 : ( reduce(a=( reduce(a=COUNT { MATCH ()-[*0..0]-( ) MATCH ( n4 ) ,( n4 ) WITH * WHERE false OPTIONAL MATCH ()-[:TYPE]-() OPTIONAL MATCH ()-[*0..0]-( ) - [ ] - ( { k18 : CASE WHEN TRUE THEN NULL END } ) WHERE true RETURN 1 AS a5 , 1 AS a6 }- NULL ,b IN []|a) ) * ( 2033960289 * COUNT { MATCH ( : L4 { k22 : CASE WHEN isEmpty ( '4mTJng' ) THEN NULL END } ) ,( n0 ) - [ ] - > ( n0 ) WITH * OPTIONAL MATCH ( n0 ) - [ ] - ( ) ,( n5 ) UNWIND reduce ( a = NULL , b IN [ CASE WHEN TRUE THEN NULL END ] | CASE WHEN TRUE THEN a END ) AS a7 WITH * RETURN 1 AS a8 , CASE WHEN TRUE THEN 1 END AS a9 }) ,b IN []|a) ) , id : CASE WHEN FALSE THEN NULL ELSE 87 END } ) CREATE ( { id : 88 } ) WITH * OPTIONAL MATCH ()-[:TYPE]-() MERGE ( : L3 { id : reduce(a=89 ,b IN []|a) } ) - [ : T4 { k68 : false , id : 90 } ] - ( n6 : L3 { id : 91 } ) DETACH DELETE n6 , NULL WITH * OPTIONAL MATCH ()-[:TYPE]-() RETURN DISTINCT CASE WHEN TRUE THEN 1 END AS a10 UNION MATCH ( : L5 { k30 : reduce(a=( ( NULL + NULL ) + (''+'lfd' )) ,b IN []|a) } ) - [ r0 ] - ( ) ,()-[*0..0]-( ) CREATE ( { id : 92 } ) CREATE ( n0 { id : CASE WHEN TRUE THEN 93 END } ) < - [ r1 : T4 { k69 : reduce(a=true ,b IN []|a) , id : reduce(a=94 ,b IN []|a) } ] - ( n1 : L5 { k33 : NULL , id : 95 } ) CREATE ( { k31 : NULL , id : 96 } ) - [ r2 : T6 { k80 : NULL , id : 97 } ] - > ( n2 { id : 98 } ) WITH * RETURN 1 AS a10 ORDER BY a10 DESC SKIP 1 ;
MATCH (a) RETURN a;
MATCH (a) RETURN a;
MATCH (b)-[a]->(c) RETURN a;
MATCH (b)-[a]->(c) RETURN a;
CREATE p1=(n1{id:99}), (n2{id:100}) CREATE ( :L3{k21:-299347265, id:101})-[ :T4{id:102}]->({id:103}) CREATE (n3{id:104})-[ :T4{id:105}]->(n4 :L3{k21:NULL, id:106}) RETURN 1 AS a2 ORDER BY 1829137644, a2;
CREATE p1 = ( n1 { id : 99 } ) CREATE ( n2 { id : 100 } ) CREATE ({id:103})<-[ : T4 { id : 102 } ] -( : L3 { k21 : -299347265 , id : 101 } ) CREATE ( n3 { id : 104 } ) - [ : T4 { id : 105 } ] - > ( n4 : L3 { k21 : reduce(a=NULL ,b IN []|a) , id : 106 } ) WITH * RETURN DISTINCT reduce(a=1 ,b IN []|a) AS a2 ORDER BY 1829137644, a2 ;
MATCH (a) RETURN a;
MATCH (a) RETURN a;
MATCH (b)-[a]->(c) RETURN a;
MATCH (b)-[a]->(c) RETURN a;
CREATE (n0 :L3{id:107}) MERGE p0=({id:108}) DETACH DELETE p0  RETURN 1 AS a0, 1 AS a1;
CREATE ( n0 : L3 { id : 107 } ) WITH * OPTIONAL MATCH ()-[:TYPE]-() MERGE p0 = ( { id : 108 } ) DETACH DELETE p0 RETURN CASE WHEN FALSE THEN NULL ELSE 1 END AS a0 , 1 AS a1 ;
MATCH (a) RETURN a;
MATCH (a) RETURN a;
MATCH (b)-[a]->(c) RETURN a;
MATCH (b)-[a]->(c) RETURN a;
WITH * MERGE ({id:109}) MERGE (n0 :L2{k14:-825713593, id:110}) RETURN 1 AS a0, (n0.k12) AS a1 SKIP 0;
WITH * MERGE ( { id : 109 } ) MERGE ( n0 : L2 { k14 : CASE WHEN FALSE THEN NULL ELSE -825713593 END , id : 110 } ) RETURN 1 AS a0 , ( n0 . k12 ) AS a1 SKIP 0 LIMIT 1 ;
MATCH (a) RETURN a;
MATCH (a) RETURN a;
MATCH (b)-[a]->(c) RETURN a;
MATCH (b)-[a]->(c) RETURN a;
MATCH (n0)-[r0]->(), (n1)-[r0]->(n0) WHERE false DETACH DELETE n0  CREATE ({id:111}), ( :L3{k17:-211086082, id:112})-[r1 :T4{k72:true, id:113}]->(n2{k21:NULL, id:114}) RETURN n1 AS a0 ORDER BY -2082456548, a0;
MATCH ( n0 ) - [ r0 ] - > ( ) ,( n1 ) - [ r0 ] - > ( n0 ) WHERE false WITH * WITH * CALL{WITH *DETACH DELETE n0 } WITH * UNWIND 1 as l0 CREATE ( { id : 111 } ) CREATE ( : L3 { k17 : CASE WHEN FALSE THEN NULL ELSE -211086082 END , id : 112 } ) - [ r1 : T4 { k72 : true , id : 113 } ] - > ( n2 { k21 : NULL , id : 114 } ) SET (NULL).NULL=1 RETURN n1 AS a0 ORDER BY -2082456548, a0 ;
MATCH (a) RETURN a;
MATCH (a) RETURN a;
MATCH (b)-[a]->(c) RETURN a;
MATCH (b)-[a]->(c) RETURN a;
OPTIONAL MATCH (), () MATCH ()-[]-() WHERE NULL MERGE ({id:119})-[ :T6{id:120}]-({id:121}) RETURN 1 AS a6;
OPTIONAL MATCH ( ) ,( ) WITH * MATCH ( ) - [ ] - ( ) WHERE NULL DETACH DELETE (NULL) MERGE ( { id : 119 } ) - [ : T6 { id : reduce(a=120 ,b IN []|a) } ] - ( { id : 121 } ) DETACH DELETE NULL RETURN DISTINCT 1 AS a6 ;
MATCH (a) RETURN a;
MATCH (a) RETURN a;
MATCH (b)-[a]->(c) RETURN a;
MATCH (b)-[a]->(c) RETURN a;
CALL{WITH * CREATE p0=(n1 :L3{id:122})-[ :T4{id:123}]->(n2 :L3{k19:NULL, id:124}) WITH *, ((round(NULL, toIntegerOrNull(abs(((-903563741+-1532374427)+2071837150))))-COUNT{UNWIND NULL AS a7 UNWIND NULL AS a8 MATCH p1=(n3{k19:('u' > 'G')})-[r0 :T4{k71:toStringList([(n0)-[]-() WHERE NULL|[[]]])[toIntegerOrNull(abs(NULL))]}]->(n4) WHERE false})-(length(NULL)*toIntegerOrNull(CASE WHEN false THEN NULL END))) AS a12 ORDER BY a12 SKIP 1 RETURN 1 AS a13 ORDER BY NULL, a13} MERGE p3=({id:125})-[ :T4{id:126}]->({k20:false, id:127}) DETACH DELETE p3  RETURN collect(NULL)[toIntegerOrNull(abs(1928396534))] AS a15;
CALL { WITH * UNWIND 1 as l0 CREATE (n1: L3 { id : 122 } )CREATE (n1)- [ : T4 { id : 123 } ] - > ( n2 : L3 { k19 : NULL , id : reduce(a=124 ,b IN []|a) } ) WITH * , ( CASE WHEN TRUE THEN ( round ( NULL , toIntegerOrNull ( CASE WHEN TRUE THEN abs ( ( ( -903563741 + -1532374427 ) + 2071837150 ) ) END ) ) - COUNT { UNWIND NULL AS a7 UNWIND CASE WHEN TRUE THEN NULL END AS a8 OPTIONAL MATCH ()-[:TYPE]-() MATCH p1 = ( n3 { k19 : reduce(a=( 'u' > 'G' ) ,b IN []|a) } ) - [ r0 : T4 { k71 : toStringList ( [ ( n0 ) - [ ] - ( ) WHERE reduce(a=NULL ,b IN []|a) | [ reduce(a=[ ] ,b IN []|a) ] ] ) [ toIntegerOrNull ( CASE WHEN FALSE THEN NULL ELSE abs ( NULL ) END ) ] } ] - > ( n4 ) WHERE false }) - ( length ( CASE WHEN FALSE THEN NULL ELSE NULL END ) * toIntegerOrNull ( CASE WHEN FALSE THEN NULL ELSE CASE WHEN false THEN NULL END END ) ) END ) AS a12 ORDER BY a12 SKIP 1 RETURN 1 AS a13 ORDER BY NULL, a13 SKIP 1 } MERGE p3 = ( { id : 125 } ) - [ : T4 { id : 126 } ] - > ( { k20 : false , id : 127 } ) WITH * OPTIONAL MATCH ()-[:TYPE]-() WITH * CALL{WITH *DETACH DELETE p3 } RETURN reduce(a=([]+collect ( NULL ) )[ toIntegerOrNull ( CASE WHEN FALSE THEN NULL ELSE abs ( 1928396534 ) END ) ] ,b IN []|a) AS a15 ;
MATCH (a) RETURN a;
MATCH (a) RETURN a;
MATCH (b)-[a]->(c) RETURN a;
MATCH (b)-[a]->(c) RETURN a;
CALL{WITH * CREATE ({id:128}) MERGE (n0{id:129}) RETURN 1 AS a0, n0 AS a1} CREATE (n1{k28:-1913913889, id:130}), ( :L4{k27:('X'+'OXbdOiZn4'), id:131}) SET a1.k='wo' RETURN 1 AS a2 UNION MERGE p0=({id:132})-[r0 :T4{id:133}]-( :L3{id:134}) DETACH DELETE p0,NULL  MERGE p1=(n0 :L3{id:135})-[ :T4{id:136}]-(n1{id:137}) RETURN 1 AS a2;
CALL { WITH * CREATE ( { id : CASE WHEN TRUE THEN 128 END } ) WITH * UNWIND 1 as l0 MERGE ( n0 { id : 129 } ) RETURN 1 AS a0 , n0 AS a1 } CREATE ( n1 { k28 : -1913913889 , id : reduce(a=130 ,b IN []|a) } ) CREATE ( : L4 { k27 : ( 'X' + 'OXbdOiZn4' ) , id : 131 } ) REMOVE (NULL).TRUE SET a1 . k = 'wo' RETURN 1 AS a2 ORDER BY NULL UNION MERGE p0 = ( { id : 132 } ) - [ r0 : T4 { id : 133 } ] - ( : L3 { id : 134 } ) WITH * UNWIND 1 as l1 DETACH DELETE CASE WHEN FALSE THEN NULL ELSE p0 END , CASE WHEN FALSE THEN NULL ELSE NULL END MERGE p1 = ( n0 : L3 { id : 135 } ) - [ : T4 { id : 136 } ] - ( n1 { id : 137 } ) WITH * OPTIONAL MATCH ()-[:TYPE]-() RETURN 1 AS a2 ORDER BY 1 ;
MATCH (a) RETURN a;
MATCH (a) RETURN a;
MATCH (b)-[a]->(c) RETURN a;
MATCH (b)-[a]->(c) RETURN a;
CALL{WITH * CREATE ({k23:NULL, id:138}) MERGE (n0{id:139}) RETURN DISTINCT n0 AS a0, n0 AS a1} MERGE ( :L3{k19:true, id:140})-[r0 :T6{id:141}]-({k18:-942273116, id:142}) SET a0.k=CASE WHEN ((r0.k79) OR EXISTS{CALL{WITH * OPTIONAL MATCH (n0), (a1) WITH NULL AS a2 LIMIT 0 RETURN DISTINCT a2 AS a3} MATCH (a1), (a0)<-[r0]-(a1) WHERE (('b' ENDS WITH 'V') OR true) MATCH (n1{k24:1161321946}), ()<-[*..2]-(a1) RETURN 1 AS a4, a1 AS a5}) THEN (r0.k79) END RETURN DISTINCT r0 AS a6;
CALL { WITH * CREATE ( { k23 : reduce(a=NULL ,b IN []|a) , id : 138 } ) WITH * MERGE ( n0 { id : 139 } ) WITH * OPTIONAL MATCH ()-[:TYPE]-() RETURN DISTINCT CASE WHEN FALSE THEN NULL ELSE n0 END AS a0 , n0 AS a1 } DELETE (NULL) MERGE pp0=( : L3 { k19 : true , id : 140 } ) - [ r0 : T6 { id : 141 } ] - ( { k18 : reduce(a=-942273116 ,b IN []|a) , id : 142 } ) SET a0 . k = CASE WHEN reduce(a=( ( r0 . k79 ) OR EXISTS { CALL { WITH * OPTIONAL MATCH ( n0 ) ,(a1)-[*0..0]-( a1 ) WHERE TRUE WITH NULL AS a2 LIMIT 0 OPTIONAL MATCH ()-[:TYPE]-() RETURN DISTINCT a2 AS a3 ORDER BY NULL } MATCH ( a1 ) ,( a0 ) < - [ r0 ] - ( a1 ) WHERE ( ( 'b' ENDS WITH 'V' ) OR true ) UNWIND 1 as l0 MATCH ( n1 { k24 : 1161321946 } ) ,( ) < - [ * .. 2 ] - ( a1 ) RETURN reduce(a=1 ,b IN []|a) AS a4 , a1 AS a5 SKIP 1 }) ,b IN []|a) THEN ( CASE WHEN TRUE THEN r0 . k79 END ) END WITH * RETURN DISTINCT r0 AS a6 ;
MATCH (a) RETURN a;
MATCH (a) RETURN a;
MATCH (b)-[a]->(c) RETURN a;
MATCH (b)-[a]->(c) RETURN a;
CREATE ({id:143}) MERGE (n1 :L4{id:144}) DETACH DELETE n1,NULL  RETURN 1 AS a1, 1 AS a2 UNION CREATE ( :L4{id:145}) CREATE ({k28:NULL, id:146}) MERGE ( :L4{id:147}) RETURN DISTINCT 1 AS a1, 1 AS a2;
CREATE ( { id : 143 } ) REMOVE (NULL).TRUE MERGE ( n1 : L4 { id : 144 } ) WITH * DETACH DELETE n1 , CASE WHEN TRUE THEN NULL END WITH * RETURN CASE WHEN TRUE THEN 1 END AS a1 , reduce(a=1 ,b IN []|a) AS a2 UNION CREATE ( : L4 { id : 145 } ) WITH * UNWIND 1 as l0 CREATE ( { k28 : NULL , id : 146 } ) WITH * OPTIONAL MATCH ()-[:TYPE]-() MERGE ( : L4 { id : 147 } ) WITH * RETURN DISTINCT 1 AS a1 , 1 AS a2 ;
MATCH (a) RETURN a;
MATCH (a) RETURN a;
MATCH (b)-[a]->(c) RETURN a;
MATCH (b)-[a]->(c) RETURN a;
FOREACH(a0 IN NULL|CREATE ({id:148})-[r0 :T6{k83:NULL, id:149}]->(n0{id:150}), p0=({k31:NULL, id:151})-[ :T6{k80:72989544, id:152}]->({k29:('f' > 'n2'), id:153}) CREATE (n1{id:154})-[r1 :T6{id:155}]->( :L5{id:156}) CREATE (n2{id:157})-[r2 :T6{k80:NULL, id:158}]->(n3{id:159})) CREATE (n4 :L5{id:160}), (n5 :L5{id:161}) MERGE ({id:162})-[r3 :T6{id:163}]->( :L5{k33:1196002850, id:164}) RETURN 1 AS a1;
FOREACH ( a0 IN CASE WHEN TRUE THEN NULL END | CREATE ( { id : 148 } ) - [ r0 : T6 { k83 : NULL , id : 149 } ] - > ( n0 { id : reduce(a=150 ,b IN []|a) } ) CREATE (m0{ k31 : reduce(a=NULL ,b IN []|a) , id : CASE WHEN FALSE THEN NULL ELSE 151 END } )CREATE (m0)- [ : T6 { k80 : CASE WHEN TRUE THEN 72989544 END , id : reduce(a=152 ,b IN []|a) } ] - > ( { k29 : reduce(a=( 'f' > 'n2' ) ,b IN []|a) , id : 153 } ) REMOVE (NULL).FALSE CREATE ( n1 { id : 154 } ) - [ r1 : T6 { id : 155 } ] - > ( : L5 { id : 156 } ) CREATE ( n2 { id : 157 } ) - [ r2 : T6 { k80 : NULL , id : reduce(a=158 ,b IN []|a) } ] - > ( n3 { id : 159 } ) ) WITH * UNWIND [1] as l0 CREATE ( n4 : L5 { id : 160 } ) CREATE ( n5 : L5 { id : 161 } ) WITH * MERGE ( { id : 162 } ) - [ r3 : T6 { id : 163 } ] - > ( : L5 { k33 : CASE WHEN FALSE THEN NULL ELSE 1196002850 END , id : 164 } ) CREATE (c0{id:-1}) DELETE (c0) RETURN DISTINCT 1 AS a1 SKIP 1 ;
MATCH (a) RETURN a;
MATCH (a) RETURN a;
MATCH (b)-[a]->(c) RETURN a;
MATCH (b)-[a]->(c) RETURN a;
MATCH ()-[r0]->(), ()-[r0]->() WHERE NULL MERGE ({id:165})<-[r1 :T4{k73:true, id:166}]-( :L5{id:167}) CREATE ( :L3{id:168})-[ :T4{id:169}]->(n0{id:170}), ({k30:(r1.k71), id:171})<-[r2 :T4{id:172}]-({id:173}) RETURN 1 AS a0;
MATCH (nn0),()-[r0]->(),(nn1),()-[r0]->() WHERE exists((nn0)-[r0]->(nn1)) AND (NULL )UNWIND [NULL] as l0 MERGE ( { id : CASE WHEN FALSE THEN NULL ELSE 165 END } ) < - [ r1 : T4 { k73 : true , id : CASE WHEN FALSE THEN NULL ELSE 166 END } ] - ( : L5 { id : CASE WHEN TRUE THEN 167 END } ) WITH * CREATE ( : L3 { id : CASE WHEN FALSE THEN NULL ELSE 168 END } ) - [ : T4 { id : reduce(a=169 ,b IN []|a) } ] - > ( n0 { id : 170 } ) CREATE ( { k30 : reduce(a=( r1 . k71 ) ,b IN []|a) , id : 171 } ) < - [ r2 : T4 { id : 172 } ] - ( { id : reduce(a=173 ,b IN []|a) } ) WITH * OPTIONAL MATCH ()-[:TYPE]-() RETURN CASE WHEN FALSE THEN NULL ELSE 1 END AS a0 ;
MATCH (a) RETURN a;
MATCH (a) RETURN a;
MATCH (b)-[a]->(c) RETURN a;
MATCH (b)-[a]->(c) RETURN a;
OPTIONAL MATCH (n0) MERGE ({k32:'W', id:174})-[r0 :T6{id:175}]->({id:176}) SET n0.k=((toStringList(CASE WHEN false THEN [] END)[toIntegerOrNull(abs(COUNT{WITH (r0.k79) AS a0 MATCH ( :L3{k20:isEmpty([( :L5)-[r0]-()|NULL])}) OPTIONAL MATCH ()-[]-(), ()}))] >= 'M') AND true) RETURN DISTINCT NULL AS a1, n0 AS a2 UNION MATCH (n0), (n0) CREATE ( :L2{id:177}), p0=( :L2{k16:NULL, id:178}) MERGE ( :L2{id:179}) RETURN false AS a1, 1 AS a2 SKIP 0 LIMIT 1;
OPTIONAL MATCH (n0) WHERE TRUE MERGE ( { k32 : 'W' , id : 174 } ) - [ r0 : T6 { id : reduce(a=175 ,b IN []|a) } ] - > ( { id : 176 } ) SET n0 . k = reduce(a=( reduce(a=( (toStringList ( CASE WHEN false THEN [ ] END ) +[]) [ toIntegerOrNull ( reduce(a=abs ( COUNT { WITH ( r0 . k79 ) AS a0 MATCH ( : L3 { k20 : reduce(a=TRUE AND isEmpty ( [ ( : L5 ) - [ r0 ] - ( ) | NULL ] ) ,b IN []|a) } ) WITH * UNWIND [NULL] as l0 OPTIONAL MATCH ( ) - [ ] - ( ) ,( ) }) ,b IN []|a) ) ] >= 'M' ) AND true ,b IN []|a) ) ,b IN []|a) WITH * OPTIONAL MATCH ()-[:TYPE]-() RETURN DISTINCT NULL AS a1 , n0 AS a2 UNION MATCH ( n0 ) ,( n0 ) CREATE path0=()-[:T]->() DELETE (path0) CREATE ( : L2 { id : CASE WHEN FALSE THEN NULL ELSE 177 END } ) CREATE p0 = ( : L2 { k16 : reduce(a=NULL ,b IN []|a) , id : 178 } ) MERGE ( : L2 { id : 179 } ) RETURN reduce(a=false ,b IN []|a) AS a1 , 1 AS a2 ORDER BY 1 SKIP 0 LIMIT 1 ;
MATCH (a) RETURN a;
MATCH (a) RETURN a;
MATCH (b)-[a]->(c) RETURN a;
MATCH (b)-[a]->(c) RETURN a;
FOREACH(a0 IN [NULL, NULL]|MERGE ( :L2{id:180}) MERGE p0=({id:181}) MERGE (n0{id:182})) CREATE p1=({id:183}), (n1 :L2{id:184}) MERGE ({id:185}) RETURN 1 AS a1, 1 AS a2;
FOREACH ( a0 IN CASE WHEN FALSE THEN NULL ELSE ([]+[ NULL , NULL ] )END | MERGE ( : L2 { id : 180 } ) MERGE p0 = ( { id : 181 } ) REMOVE (NULL).NULL MERGE ( n0 { id : 182 } ) DELETE (NULL) ) WITH * OPTIONAL MATCH ()-[:TYPE]-() CREATE p1 = ( { id : 183 } ) CREATE ( n1 : L2 { id : 184 } ) DETACH DELETE (NULL) MERGE ( { id : 185 } ) WITH * OPTIONAL MATCH ()-[:TYPE]-() RETURN 1 AS a1 , CASE WHEN TRUE THEN 1 END AS a2 ;
MATCH (a) RETURN a;
MATCH (a) RETURN a;
MATCH (b)-[a]->(c) RETURN a;
MATCH (b)-[a]->(c) RETURN a;
CALL{WITH * CREATE p0=( :L4{k26:reduce(a=NULL,b IN [NULL]|a+ b), id:186}), ( :L4{id:187}) MERGE (n0{id:188}) RETURN n0 AS a0, NULL AS a1} OPTIONAL MATCH () DETACH DELETE a0,a0  RETURN 1 AS a2, 1 AS a3;
CALL { WITH * WITH * CREATE p0 = ( : L4 { k26 : reduce ( a = NULL , b IN ([ reduce(a=NULL ,b IN []|a) ] +[]) | a + b ) , id : 186 } ) CREATE ( : L4 { id : 187 } ) SET (NULL).TRUE=1 MERGE pp0=( n0 { id : 188 } ) WITH * OPTIONAL MATCH ()-[:TYPE]-() RETURN n0 AS a0 , NULL AS a1 LIMIT 1 } OPTIONAL MATCH ( ) DELETE (NULL) DETACH DELETE a0 , a0 RETURN 1 AS a2 , 1 AS a3 ;
MATCH (a) RETURN a;
MATCH (a) RETURN a;
MATCH (b)-[a]->(c) RETURN a;
MATCH (b)-[a]->(c) RETURN a;
MATCH p0=(n0{k17:((toIntegerList([{}, {}])[toIntegerOrNull(abs(COUNT{MATCH ()-[r0]-({k17:NULL}) WHERE exists(()-[]-()) OPTIONAL MATCH () WHERE NULL MATCH ({k17:-1497786242}) RETURN DISTINCT 1 AS a0}))]/-2088666677)*24939553)}), () SET n0.k=round(NULL, toIntegerOrNull(abs(113147338))) MERGE (n1{id:189}) RETURN p0 AS a1;
MATCH p0=(n0{k17:((toIntegerList([{}, {}])[toIntegerOrNull(abs(COUNT{MATCH ()-[r0]-({k17:NULL}) WHERE exists(()-[]-()) OPTIONAL MATCH () WHERE NULL MATCH ({k17:-1497786242}) RETURN DISTINCT 1 AS a0}))]/-2088666677)*24939553)}),() WITH * CREATE path0=()-[:T]->() DELETE (path0) SET n0 . k = round ( reduce(a=NULL ,b IN []|a) , toIntegerOrNull ( reduce(a=abs ( 113147338 ) ,b IN []|a) ) ) MERGE ( n1 { id : reduce(a=189 ,b IN []|a) } ) RETURN p0 AS a1 ;
MATCH (a) RETURN a;
MATCH (a) RETURN a;
MATCH (b)-[a]->(c) RETURN a;
MATCH (b)-[a]->(c) RETURN a;
CREATE p0=(n0{id:190}) CREATE ({id:191}) CREATE p1=(n1{id:192})-[ :T4{k70:reverse('y'), id:193}]->(n2{id:194}), (n3{k12:NULL, id:195}) RETURN NULL AS a4, sum(NULL) AS a5 ORDER BY a4, a5;
CREATE p0 = ( n0 { id : 190 } ) WITH * CREATE ( { id : 191 } ) SET (NULL).TRUE=1 CREATE p1=(n2{id:194})<-[ : T4 { k70 : reduce(a=reverse ( 'y' ) ,b IN []|a) , id : 193 } ] -( n1 { id : 192 } ) CREATE ( n3 { k12 : NULL , id : 195 } ) RETURN DISTINCT NULL AS a4 , sum ( NULL ) AS a5 ORDER BY a4, a5 LIMIT 1 ;
MATCH (a) RETURN a;
MATCH (a) RETURN a;
MATCH (b)-[a]->(c) RETURN a;
MATCH (b)-[a]->(c) RETURN a;
CREATE (n0{id:196})-[ :T4{id:197}]->(n1 :L3{id:198}), (n2{id:199})-[r0 :T4{k73:true, id:200}]->(n3{id:201}) MERGE (n4{k31:'z', id:202})-[r1 :T4{id:203}]-({k33:1761062499, id:204}) CREATE ({k29:(r1.k72), id:205}), (n5 :L5{id:206}) RETURN *;
CREATE ( n0 { id : 196 } ) - [ : T4 { id : 197 } ] - > ( n1 : L3 { id : 198 } ) CREATE ( n2 { id : 199 } ) - [ r0 : T4 { k73 : reduce(a=true ,b IN []|a) , id : 200 } ] - > ( n3 { id : 201 } ) MERGE ( n4 { k31 : reduce(a='z' ,b IN []|a) , id : 202 } ) - [ r1 : T4 { id : 203 } ] - ( { k33 : 1761062499 , id : 204 } ) DETACH DELETE (NULL) CREATE ( { k29 : ( r1 . k72 ) , id : 205 } ) CREATE ( n5 : L5 { id : CASE WHEN TRUE THEN 206 END } ) RETURN * ;
MATCH (a) RETURN a;
MATCH (a) RETURN a;
MATCH (b)-[a]->(c) RETURN a;
MATCH (b)-[a]->(c) RETURN a;
MERGE p0=(n0{k25:true, id:207}) SET n0.k=935869967 DETACH DELETE n0  RETURN *, 1 AS a0 SKIP 1;
MERGE p0 = ( n0 { k25 : true , id : 207 } ) WITH * OPTIONAL MATCH ()-[:TYPE]-() SET n0 . k = CASE WHEN FALSE THEN NULL ELSE 935869967 END SET (NULL).k=1 DETACH DELETE n0 WITH * UNWIND 1 as l0 RETURN * , 1 AS a0 SKIP 1 ;
MATCH (a) RETURN a;
MATCH (a) RETURN a;
MATCH (b)-[a]->(c) RETURN a;
MATCH (b)-[a]->(c) RETURN a;
WITH NULL AS a0, nodes(NULL)[toIntegerOrNull(abs((COUNT{UNWIND NULL AS a1 MATCH ()<-[ :T4{k68:NULL}]-(n0 :L5), ()<-[*0..]-() UNWIND CASE WHEN NULL THEN toStringList(NULL) END AS a2 RETURN 1 AS a3}+((948059580/-1022952915)/-2136872210))))] AS a4 WHERE true MATCH ()<-[]-(), ()<-[]-(n1{k29:NULL}) SET n1.k=809164926 RETURN DISTINCT n1 AS a5;
WITH NULL AS a0 , (nodes ( NULL ) +[]) [ toIntegerOrNull ( abs ( CASE WHEN TRUE THEN ( CASE WHEN TRUE THEN COUNT { UNWIND NULL AS a1 UNWIND 1 as l0 MATCH ( ) < - [ : T4 { k68 : NULL } ] - ( n0 : L5 ) ,()-[*0..0]-( ) < - [ * 0 .. ] - ( ) UNWIND CASE WHEN NULL THEN toStringList ( NULL ) END AS a2 WITH * RETURN 1 AS a3 }+ ( ( CASE WHEN FALSE THEN NULL ELSE 948059580 / -1022952915 END ) / -2136872210 ) END ) END ) ) ] AS a4 WHERE reduce(a=true ,b IN []|a) UNWIND [1] as l1 MATCH ()<-[]-(),(nn0),()<-[m1]-(),(n1) WHERE exists((nn0)<-[m1]-(n1{k29:NULL})) WITH * SET n1 . k = 809164926 WITH * OPTIONAL MATCH ()-[:TYPE]-() RETURN DISTINCT n1 AS a5 LIMIT 1 ;
